0001_0040_0029_0046_0046.jpg 1 40 29 46 46
0002_0017_0025_0059_0059.jpg 1 17 25 59 59
0003_0037_0027_0057_0057.jpg 1 37 27 57 57
0004_0010_0023_0032_0032.jpg 1 10 23 32 32
0005_0016_0044_0046_0046.jpg 1 16 44 46 46
0006_0035_0027_0043_0043.jpg 1 35 27 43 43
0007_0038_0017_0041_0041.jpg 1 38 17 41 41
0008_0038_0023_0026_0026.jpg 1 38 23 26 26
0009_0037_0013_0054_0054.jpg 1 37 13 54 54
0010_0018_0030_0062_0062.jpg 1 18 30 62 62
0011_0025_0026_0060_0060.jpg 1 25 26 60 60
0012_0053_0038_0032_0032.jpg 1 53 38 32 32
0013_0026_0035_0024_0024.jpg 1 26 35 24 24
0014_0033_0061_0025_0025.jpg 1 33 61 25 25
0015_0022_0037_0047_0047.jpg 1 22 37 47 47
0016_0006_0007_0046_0046.jpg 1 6 7 46 46
0017_0037_0021_0056_0056.jpg 1 37 21 56 56
0018_0064_0043_0026_0026.jpg 1 64 43 26 26
0019_0023_0016_0032_0032.jpg 1 23 16 32 32
0020_0016_0035_0036_0036.jpg 1 16 35 36 36
0021_0022_0037_0050_0050.jpg 1 22 37 50 50
0022_0003_0021_0067_0067.jpg 1 3 21 67 67
0023_0022_0003_0061_0061.jpg 1 22 3 61 61
0024_0027_0020_0069_0069.jpg 1 27 20 69 69
0025_0024_0033_0045_0045.jpg 1 24 33 45 45
0026_0010_0016_0044_0044.jpg 1 10 16 44 44
0027_0008_0037_0058_0058.jpg 1 8 37 58 58
0028_0022_0017_0053_0053.jpg 1 22 17 53 53
0029_0016_0044_0024_0024.jpg 1 16 44 24 24
0030_0026_0031_0054_0054.jpg 1 26 31 54 54
0031_0019_0054_0031_0031.jpg 1 19 54 31 31
0032_0012_0030_0043_0043.jpg 1 12 30 43 43
0033_0018_0007_0038_0038.jpg 1 18 7 38 38
0034_0039_0032_0042_0042.jpg 1 39 32 42 42
0035_0021_0050_0031_0031.jpg 1 21 50 31 31
0036_0008_0012_0063_0063.jpg 1 8 12 63 63
0037_0013_0034_0050_0050.jpg 1 13 34 50 50
0038_0005_0027_0056_0056.jpg 1 5 27 56 56
0039_0007_0039_0052_0052.jpg 1 7 39 52 52
0040_0033_0041_0031_0031.jpg 1 33 41 31 31
0041_0006_0020_0049_0049.jpg 1 6 20 49 49
0042_0016_0033_0044_0044.jpg 1 16 33 44 44
0043_0021_0017_0057_0057.jpg 1 21 17 57 57
0044_0031_0057_0029_0029.jpg 1 31 57 29 29
0045_0008_0005_0061_0061.jpg 1 8 5 61 61
0046_0046_0029_0040_0040.jpg 1 46 29 40 40
0047_0034_0022_0058_0058.jpg 1 34 22 58 58
0048_0019_0010_0066_0066.jpg 1 19 10 66 66
0049_0008_0009_0025_0025.jpg 1 8 9 25 25
0050_0011_0013_0068_0068.jpg 1 11 13 68 68
0051_0028_0040_0033_0033.jpg 1 28 40 33 33
0052_0048_0035_0037_0037.jpg 1 48 35 37 37
0053_0011_0033_0050_0050.jpg 1 11 33 50 50
0054_0018_0005_0066_0066.jpg 1 18 5 66 66
0055_0016_0023_0046_0046.jpg 1 16 23 46 46
0056_0025_0008_0050_0050.jpg 1 25 8 50 50
0057_0008_0021_0061_0061.jpg 1 8 21 61 61
0058_0023_0039_0050_0050.jpg 1 23 39 50 50
0059_0023_0014_0025_0025.jpg 1 23 14 25 25
0060_0022_0012_0047_0047.jpg 1 22 12 47 47
0061_0024_0021_0055_0055.jpg 1 24 21 55 55
0062_0017_0018_0033_0033.jpg 1 17 18 33 33
0063_0027_0011_0031_0031.jpg 1 27 11 31 31
0064_0031_0039_0046_0046.jpg 1 31 39 46 46
0065_0021_0024_0029_0029.jpg 1 21 24 29 29
0066_0012_0028_0052_0052.jpg 1 12 28 52 52
0067_0011_0012_0036_0036.jpg 1 11 12 36 36
0068_0064_0036_0026_0026.jpg 1 64 36 26 26
0069_0054_0048_0033_0033.jpg 1 54 48 33 33
0070_0020_0041_0045_0045.jpg 1 20 41 45 45
0071_0045_0033_0044_0044.jpg 1 45 33 44 44
0072_0046_0029_0046_0046.jpg 1 46 29 46 46
0073_0055_0010_0026_0026.jpg 1 55 10 26 26
0074_0022_0012_0031_0031.jpg 1 22 12 31 31
0075_0029_0031_0033_0033.jpg 1 29 31 33 33
0076_0005_0014_0062_0062.jpg 1 5 14 62 62
0077_0037_0031_0037_0037.jpg 1 37 31 37 37
0078_0034_0035_0024_0024.jpg 1 34 35 24 24
0079_0051_0037_0036_0036.jpg 1 51 37 36 36
0080_0018_0043_0026_0026.jpg 1 18 43 26 26
0081_0013_0010_0062_0062.jpg 1 13 10 62 62
0082_0023_0011_0062_0062.jpg 1 23 11 62 62
0083_0034_0029_0038_0038.jpg 1 34 29 38 38
0084_0022_0056_0036_0036.jpg 1 22 56 36 36
0085_0005_0045_0043_0043.jpg 1 5 45 43 43
0086_0015_0011_0062_0062.jpg 1 15 11 62 62
0087_0012_0026_0064_0064.jpg 1 12 26 64 64
0088_0035_0046_0042_0042.jpg 1 35 46 42 42
0089_0037_0005_0056_0056.jpg 1 37 5 56 56
0090_0039_0031_0036_0036.jpg 1 39 31 36 36
0091_0034_0043_0029_0029.jpg 1 34 43 29 29
0092_0013_0047_0031_0031.jpg 1 13 47 31 31
0093_0037_0038_0052_0052.jpg 1 37 38 52 52
0094_0037_0009_0031_0031.jpg 1 37 9 31 31
0095_0016_0032_0041_0041.jpg 1 16 32 41 41
0096_0008_0031_0055_0055.jpg 1 8 31 55 55
0097_0008_0007_0068_0068.jpg 1 8 7 68 68
0098_0036_0037_0033_0033.jpg 1 36 37 33 33
0099_0006_0038_0050_0050.jpg 1 6 38 50 50
0100_0012_0016_0051_0051.jpg 1 12 16 51 51
0101_0012_0024_0052_0052.jpg 1 12 24 52 52
0102_0015_0025_0060_0060.jpg 1 15 25 60 60
0103_0013_0059_0034_0034.jpg 1 13 59 34 34
0104_0048_0028_0028_0028.jpg 1 48 28 28 28
0105_0035_0025_0057_0057.jpg 1 35 25 57 57
0106_0018_0044_0029_0029.jpg 1 18 44 29 29
0107_0040_0028_0049_0049.jpg 1 40 28 49 49
0108_0047_0049_0024_0024.jpg 1 47 49 24 24
0109_0035_0037_0032_0032.jpg 1 35 37 32 32
0110_0033_0017_0060_0060.jpg 1 33 17 60 60
0111_0031_0024_0059_0059.jpg 1 31 24 59 59
0112_0028_0024_0035_0035.jpg 1 28 24 35 35
0113_0062_0044_0026_0026.jpg 1 62 44 26 26
0114_0010_0017_0032_0032.jpg 1 10 17 32 32
0115_0038_0015_0038_0038.jpg 1 38 15 38 38
0116_0021_0020_0029_0029.jpg 1 21 20 29 29
0117_0014_0016_0066_0066.jpg 1 14 16 66 66
0118_0004_0004_0059_0059.jpg 1 4 4 59 59
0119_0039_0018_0030_0030.jpg 1 39 18 30 30
0120_0024_0040_0048_0048.jpg 1 24 40 48 48
0121_0033_0035_0060_0060.jpg 1 33 35 60 60
0122_0014_0006_0055_0055.jpg 1 14 6 55 55
0123_0045_0045_0034_0034.jpg 1 45 45 34 34
0124_0012_0009_0065_0065.jpg 1 12 9 65 65
0125_0010_0034_0046_0046.jpg 1 10 34 46 46
0126_0025_0033_0051_0051.jpg 1 25 33 51 51
0127_0022_0010_0044_0044.jpg 1 22 10 44 44
0128_0032_0032_0054_0054.jpg 1 32 32 54 54
0129_0008_0028_0039_0039.jpg 1 8 28 39 39
0130_0021_0013_0054_0054.jpg 1 21 13 54 54
0131_0045_0043_0034_0034.jpg 1 45 43 34 34
0132_0042_0025_0038_0038.jpg 1 42 25 38 38
0133_0039_0008_0043_0043.jpg 1 39 8 43 43
0134_0022_0014_0058_0058.jpg 1 22 14 58 58
0135_0029_0041_0041_0041.jpg 1 29 41 41 41
0136_0021_0020_0053_0053.jpg 1 21 20 53 53
0137_0041_0029_0039_0039.jpg 1 41 29 39 39
0138_0036_0051_0041_0041.jpg 1 36 51 41 41
0139_0055_0047_0036_0036.jpg 1 55 47 36 36
0140_0034_0037_0052_0052.jpg 1 34 37 52 52
0141_0012_0037_0027_0027.jpg 1 12 37 27 27
0142_0019_0007_0037_0037.jpg 1 19 7 37 37
0143_0009_0003_0069_0069.jpg 1 9 3 69 69
0144_0060_0064_0026_0026.jpg 1 60 64 26 26
0145_0029_0025_0040_0040.jpg 1 29 25 40 40
0146_0034_0010_0054_0054.jpg 1 34 10 54 54
0147_0029_0030_0049_0049.jpg 1 29 30 49 49
0148_0015_0010_0065_0065.jpg 1 15 10 65 65
0149_0029_0015_0055_0055.jpg 1 29 15 55 55
0150_0009_0043_0032_0032.jpg 1 9 43 32 32
0151_0025_0008_0044_0044.jpg 1 25 8 44 44
0152_0042_0025_0042_0042.jpg 1 42 25 42 42
0153_0045_0051_0030_0030.jpg 1 45 51 30 30
0154_0037_0006_0040_0040.jpg 1 37 6 40 40
0155_0053_0009_0030_0030.jpg 1 53 9 30 30
0156_0015_0020_0060_0060.jpg 1 15 20 60 60
0157_0029_0004_0061_0061.jpg 1 29 4 61 61
0158_0032_0016_0025_0025.jpg 1 32 16 25 25
0159_0021_0027_0062_0062.jpg 1 21 27 62 62
0160_0058_0046_0031_0031.jpg 1 58 46 31 31
0161_0029_0039_0053_0053.jpg 1 29 39 53 53
0162_0017_0018_0063_0063.jpg 1 17 18 63 63
0163_0016_0016_0063_0063.jpg 1 16 16 63 63
0164_0058_0062_0027_0027.jpg 1 58 62 27 27
0165_0026_0037_0041_0041.jpg 1 26 37 41 41
0166_0023_0042_0050_0050.jpg 1 23 42 50 50
0167_0054_0010_0025_0025.jpg 1 54 10 25 25
0168_0032_0013_0058_0058.jpg 1 32 13 58 58
0169_0035_0007_0036_0036.jpg 1 35 7 36 36
0170_0039_0009_0046_0046.jpg 1 39 9 46 46
0171_0012_0051_0038_0038.jpg 1 12 51 38 38
0172_0049_0025_0042_0042.jpg 1 49 25 42 42
0173_0011_0019_0043_0043.jpg 1 11 19 43 43
0174_0036_0037_0041_0041.jpg 1 36 37 41 41
0175_0004_0008_0054_0054.jpg 1 4 8 54 54
0176_0022_0039_0048_0048.jpg 1 22 39 48 48
0177_0047_0006_0031_0031.jpg 1 47 6 31 31
0178_0061_0061_0030_0030.jpg 1 61 61 30 30
0179_0044_0015_0034_0034.jpg 1 44 15 34 34
0180_0012_0014_0058_0058.jpg 1 12 14 58 58
0181_0036_0038_0049_0049.jpg 1 36 38 49 49
0182_0013_0012_0054_0054.jpg 1 13 12 54 54
0183_0042_0029_0052_0052.jpg 1 42 29 52 52
0184_0021_0039_0037_0037.jpg 1 21 39 37 37
0185_0023_0020_0058_0058.jpg 1 23 20 58 58
0186_0021_0024_0047_0047.jpg 1 21 24 47 47
0187_0006_0025_0068_0068.jpg 1 6 25 68 68
0188_0006_0033_0060_0060.jpg 1 6 33 60 60
0189_0058_0025_0032_0032.jpg 1 58 25 32 32
0190_0026_0015_0041_0041.jpg 1 26 15 41 41
0191_0065_0055_0025_0025.jpg 1 65 55 25 25
0192_0025_0027_0036_0036.jpg 1 25 27 36 36
0193_0034_0010_0056_0056.jpg 1 34 10 56 56
0194_0033_0013_0060_0060.jpg 1 33 13 60 60
0195_0037_0034_0031_0031.jpg 1 37 34 31 31
0196_0031_0029_0040_0040.jpg 1 31 29 40 40
0197_0014_0050_0033_0033.jpg 1 14 50 33 33
0198_0022_0055_0025_0025.jpg 1 22 55 25 25
0199_0008_0010_0055_0055.jpg 1 8 10 55 55
0200_0008_0044_0049_0049.jpg 1 8 44 49 49
0201_0016_0028_0065_0065.jpg 1 16 28 65 65
0202_0025_0005_0044_0044.jpg 1 25 5 44 44
0203_0013_0018_0049_0049.jpg 1 13 18 49 49
0204_0025_0011_0061_0061.jpg 1 25 11 61 61
0205_0027_0010_0063_0063.jpg 1 27 10 63 63
0206_0022_0008_0047_0047.jpg 1 22 8 47 47
0207_0035_0045_0044_0044.jpg 1 35 45 44 44
0208_0012_0018_0029_0029.jpg 1 12 18 29 29
0209_0033_0010_0045_0045.jpg 1 33 10 45 45
0210_0012_0012_0069_0069.jpg 1 12 12 69 69
0211_0050_0043_0036_0036.jpg 1 50 43 36 36
0212_0007_0050_0028_0028.jpg 1 7 50 28 28
0213_0062_0059_0025_0025.jpg 1 62 59 25 25
0214_0007_0045_0039_0039.jpg 1 7 45 39 39
0215_0043_0030_0050_0050.jpg 1 43 30 50 50
0216_0067_0013_0024_0024.jpg 1 67 13 24 24
0217_0012_0018_0060_0060.jpg 1 12 18 60 60
0218_0037_0008_0039_0039.jpg 1 37 8 39 39
0219_0034_0029_0048_0048.jpg 1 34 29 48 48
0220_0013_0012_0067_0067.jpg 1 13 12 67 67
0221_0032_0054_0039_0039.jpg 1 32 54 39 39
0222_0019_0031_0027_0027.jpg 1 19 31 27 27
0223_0007_0035_0056_0056.jpg 1 7 35 56 56
0224_0018_0004_0055_0055.jpg 1 18 4 55 55
0225_0022_0030_0058_0058.jpg 1 22 30 58 58
0226_0015_0019_0068_0068.jpg 1 15 19 68 68
0227_0007_0034_0047_0047.jpg 1 7 34 47 47
0228_0025_0039_0052_0052.jpg 1 25 39 52 52
0229_0026_0048_0025_0025.jpg 1 26 48 25 25
0230_0006_0013_0060_0060.jpg 1 6 13 60 60
0231_0028_0007_0055_0055.jpg 1 28 7 55 55
0232_0039_0019_0037_0037.jpg 1 39 19 37 37
0233_0010_0030_0060_0060.jpg 1 10 30 60 60
0234_0028_0027_0036_0036.jpg 1 28 27 36 36
0235_0050_0044_0040_0040.jpg 1 50 44 40 40
0236_0035_0025_0059_0059.jpg 1 35 25 59 59
0237_0036_0030_0055_0055.jpg 1 36 30 55 55
0238_0017_0022_0035_0035.jpg 1 17 22 35 35
0239_0055_0045_0033_0033.jpg 1 55 45 33 33
0240_0034_0044_0045_0045.jpg 1 34 44 45 45
0241_0030_0013_0057_0057.jpg 1 30 13 57 57
0242_0019_0009_0056_0056.jpg 1 19 9 56 56
0243_0003_0020_0067_0067.jpg 1 3 20 67 67
0244_0021_0027_0030_0030.jpg 1 21 27 30 30
0245_0013_0022_0063_0063.jpg 1 13 22 63 63
0246_0052_0026_0029_0029.jpg 1 52 26 29 29
0247_0011_0043_0033_0033.jpg 1 11 43 33 33
0248_0036_0051_0034_0034.jpg 1 36 51 34 34
0249_0020_0011_0046_0046.jpg 1 20 11 46 46
0250_0024_0024_0057_0057.jpg 1 24 24 57 57
0251_0040_0021_0054_0054.jpg 1 40 21 54 54
0252_0038_0023_0050_0050.jpg 1 38 23 50 50
0253_0028_0017_0068_0068.jpg 1 28 17 68 68
0254_0029_0011_0066_0066.jpg 1 29 11 66 66
0255_0014_0039_0052_0052.jpg 1 14 39 52 52
0256_0010_0045_0041_0041.jpg 1 10 45 41 41
0257_0028_0035_0042_0042.jpg 1 28 35 42 42
0258_0025_0010_0069_0069.jpg 1 25 10 69 69
0259_0009_0043_0044_0044.jpg 1 9 43 44 44
0260_0030_0021_0064_0064.jpg 1 30 21 64 64
0261_0029_0025_0063_0063.jpg 1 29 25 63 63
0262_0032_0008_0064_0064.jpg 1 32 8 64 64
0263_0029_0030_0040_0040.jpg 1 29 30 40 40
0264_0014_0014_0033_0033.jpg 1 14 14 33 33
0265_0018_0007_0063_0063.jpg 1 18 7 63 63
0266_0009_0005_0065_0065.jpg 1 9 5 65 65
0267_0016_0011_0052_0052.jpg 1 16 11 52 52
0268_0026_0030_0065_0065.jpg 1 26 30 65 65
0269_0026_0008_0052_0052.jpg 1 26 8 52 52
0270_0007_0026_0067_0067.jpg 1 7 26 67 67
0271_0033_0005_0050_0050.jpg 1 33 5 50 50
0272_0005_0019_0051_0051.jpg 1 5 19 51 51
0273_0026_0038_0053_0053.jpg 1 26 38 53 53
0274_0006_0044_0041_0041.jpg 1 6 44 41 41
0275_0012_0029_0043_0043.jpg 1 12 29 43 43
0276_0039_0024_0048_0048.jpg 1 39 24 48 48
0277_0024_0024_0065_0065.jpg 1 24 24 65 65
0278_0018_0026_0065_0065.jpg 1 18 26 65 65
0279_0013_0016_0068_0068.jpg 1 13 16 68 68
0280_0043_0057_0030_0030.jpg 1 43 57 30 30
0281_0019_0030_0057_0057.jpg 1 19 30 57 57
0282_0056_0035_0029_0029.jpg 1 56 35 29 29
0283_0048_0038_0024_0024.jpg 1 48 38 24 24
0284_0018_0036_0040_0040.jpg 1 18 36 40 40
0285_0026_0021_0039_0039.jpg 1 26 21 39 39
0286_0045_0028_0048_0048.jpg 1 45 28 48 48
0287_0040_0022_0036_0036.jpg 1 40 22 36 36
0288_0057_0050_0032_0032.jpg 1 57 50 32 32
0289_0028_0030_0049_0049.jpg 1 28 30 49 49
0290_0014_0026_0064_0064.jpg 1 14 26 64 64
0291_0011_0019_0069_0069.jpg 1 11 19 69 69
0292_0007_0008_0067_0067.jpg 1 7 8 67 67
0293_0026_0023_0058_0058.jpg 1 26 23 58 58
0294_0055_0031_0030_0030.jpg 1 55 31 30 30
0295_0008_0017_0068_0068.jpg 1 8 17 68 68
0296_0023_0023_0029_0029.jpg 1 23 23 29 29
0297_0046_0018_0025_0025.jpg 1 46 18 25 25
0298_0017_0015_0048_0048.jpg 1 17 15 48 48
0299_0040_0034_0051_0051.jpg 1 40 34 51 51
0300_0017_0008_0052_0052.jpg 1 17 8 52 52
0301_0028_0026_0067_0067.jpg 1 28 26 67 67
0302_0026_0016_0046_0046.jpg 1 26 16 46 46
0303_0038_0023_0035_0035.jpg 1 38 23 35 35
0304_0015_0023_0066_0066.jpg 1 15 23 66 66
0305_0039_0030_0041_0041.jpg 1 39 30 41 41
0306_0056_0034_0026_0026.jpg 1 56 34 26 26
0307_0014_0043_0049_0049.jpg 1 14 43 49 49
0308_0029_0019_0040_0040.jpg 1 29 19 40 40
0309_0009_0027_0039_0039.jpg 1 9 27 39 39
0310_0026_0026_0069_0069.jpg 1 26 26 69 69
0311_0014_0020_0053_0053.jpg 1 14 20 53 53
0312_0015_0011_0047_0047.jpg 1 15 11 47 47
0313_0017_0046_0048_0048.jpg 1 17 46 48 48
0314_0009_0033_0059_0059.jpg 1 9 33 59 59
0315_0037_0012_0056_0056.jpg 1 37 12 56 56
0316_0026_0063_0024_0024.jpg 1 26 63 24 24
0317_0042_0008_0048_0048.jpg 1 42 8 48 48
0318_0025_0017_0037_0037.jpg 1 25 17 37 37
0319_0020_0011_0069_0069.jpg 1 20 11 69 69
0320_0013_0007_0069_0069.jpg 1 13 7 69 69
0321_0045_0015_0032_0032.jpg 1 45 15 32 32
0322_0031_0015_0053_0053.jpg 1 31 15 53 53
0323_0031_0045_0026_0026.jpg 1 31 45 26 26
0324_0018_0015_0065_0065.jpg 1 18 15 65 65
0325_0007_0020_0053_0053.jpg 1 7 20 53 53
0326_0029_0022_0050_0050.jpg 1 29 22 50 50
0327_0017_0009_0066_0066.jpg 1 17 9 66 66
0328_0041_0048_0027_0027.jpg 1 41 48 27 27
0329_0016_0017_0049_0049.jpg 1 16 17 49 49
0330_0012_0007_0069_0069.jpg 1 12 7 69 69
0331_0027_0010_0040_0040.jpg 1 27 10 40 40
0332_0036_0013_0052_0052.jpg 1 36 13 52 52
0333_0008_0012_0061_0061.jpg 1 8 12 61 61
0334_0048_0049_0037_0037.jpg 1 48 49 37 37
0335_0048_0047_0036_0036.jpg 1 48 47 36 36
0336_0064_0030_0024_0024.jpg 1 64 30 24 24
0337_0014_0060_0029_0029.jpg 1 14 60 29 29
0338_0039_0049_0045_0045.jpg 1 39 49 45 45
0339_0005_0014_0057_0057.jpg 1 5 14 57 57
0340_0023_0044_0024_0024.jpg 1 23 44 24 24
0341_0046_0035_0045_0045.jpg 1 46 35 45 45
0342_0027_0018_0064_0064.jpg 1 27 18 64 64
0343_0013_0021_0063_0063.jpg 1 13 21 63 63
0344_0046_0050_0042_0042.jpg 1 46 50 42 42
0345_0054_0015_0039_0039.jpg 1 54 15 39 39
0346_0011_0029_0040_0040.jpg 1 11 29 40 40
0347_0028_0042_0038_0038.jpg 1 28 42 38 38
0348_0008_0008_0053_0053.jpg 1 8 8 53 53
0349_0026_0008_0054_0054.jpg 1 26 8 54 54
0350_0052_0020_0038_0038.jpg 1 52 20 38 38
0351_0010_0030_0053_0053.jpg 1 10 30 53 53
0352_0007_0023_0067_0067.jpg 1 7 23 67 67
0353_0017_0011_0027_0027.jpg 1 17 11 27 27
0354_0019_0012_0064_0064.jpg 1 19 12 64 64
0355_0027_0033_0056_0056.jpg 1 27 33 56 56
0356_0013_0016_0066_0066.jpg 1 13 16 66 66
0357_0012_0010_0064_0064.jpg 1 12 10 64 64
0358_0044_0020_0050_0050.jpg 1 44 20 50 50
0359_0017_0032_0037_0037.jpg 1 17 32 37 37
0360_0054_0052_0029_0029.jpg 1 54 52 29 29
0361_0051_0033_0034_0034.jpg 1 51 33 34 34
0362_0005_0009_0063_0063.jpg 1 5 9 63 63
0363_0027_0029_0047_0047.jpg 1 27 29 47 47
0364_0041_0020_0046_0046.jpg 1 41 20 46 46
0365_0022_0065_0025_0025.jpg 1 22 65 25 25
0366_0022_0029_0044_0044.jpg 1 22 29 44 44
0367_0045_0007_0032_0032.jpg 1 45 7 32 32
0368_0014_0030_0054_0054.jpg 1 14 30 54 54
0369_0023_0012_0063_0063.jpg 1 23 12 63 63
0370_0057_0018_0030_0030.jpg 1 57 18 30 30
0371_0019_0014_0066_0066.jpg 1 19 14 66 66
0372_0016_0009_0061_0061.jpg 1 16 9 61 61
0373_0036_0044_0050_0050.jpg 1 36 44 50 50
0374_0009_0022_0047_0047.jpg 1 9 22 47 47
0375_0042_0030_0043_0043.jpg 1 42 30 43 43
0376_0004_0023_0067_0067.jpg 1 4 23 67 67
0377_0003_0022_0067_0067.jpg 1 3 22 67 67
0378_0038_0028_0047_0047.jpg 1 38 28 47 47
0379_0025_0023_0028_0028.jpg 1 25 23 28 28
0380_0059_0062_0027_0027.jpg 1 59 62 27 27
0381_0050_0037_0033_0033.jpg 1 50 37 33 33
0382_0026_0035_0048_0048.jpg 1 26 35 48 48
0383_0034_0012_0056_0056.jpg 1 34 12 56 56
0384_0023_0044_0034_0034.jpg 1 23 44 34 34
0385_0036_0038_0034_0034.jpg 1 36 38 34 34
0386_0028_0047_0024_0024.jpg 1 28 47 24 24
0387_0032_0042_0039_0039.jpg 1 32 42 39 39
0388_0023_0015_0045_0045.jpg 1 23 15 45 45
0389_0064_0056_0027_0027.jpg 1 64 56 27 27
0390_0009_0028_0067_0067.jpg 1 9 28 67 67
0391_0035_0020_0048_0048.jpg 1 35 20 48 48
0392_0040_0041_0041_0041.jpg 1 40 41 41 41
0393_0044_0009_0037_0037.jpg 1 44 9 37 37
0394_0011_0037_0028_0028.jpg 1 11 37 28 28
0395_0008_0017_0056_0056.jpg 1 8 17 56 56
0396_0019_0004_0065_0065.jpg 1 19 4 65 65
0397_0030_0042_0041_0041.jpg 1 30 42 41 41
0398_0013_0042_0035_0035.jpg 1 13 42 35 35
0399_0040_0057_0033_0033.jpg 1 40 57 33 33
0400_0043_0046_0046_0046.jpg 1 43 46 46 46
0401_0055_0057_0024_0024.jpg 1 55 57 24 24
0402_0041_0052_0033_0033.jpg 1 41 52 33 33
0403_0021_0033_0051_0051.jpg 1 21 33 51 51
0404_0031_0035_0035_0035.jpg 1 31 35 35 35
0405_0020_0016_0058_0058.jpg 1 20 16 58 58
0406_0020_0028_0055_0055.jpg 1 20 28 55 55
0407_0022_0014_0039_0039.jpg 1 22 14 39 39
0408_0020_0026_0035_0035.jpg 1 20 26 35 35
0409_0023_0004_0069_0069.jpg 1 23 4 69 69
0410_0047_0028_0034_0034.jpg 1 47 28 34 34
0411_0037_0032_0036_0036.jpg 1 37 32 36 36
0412_0025_0010_0025_0025.jpg 1 25 10 25 25
0413_0027_0025_0045_0045.jpg 1 27 25 45 45
0414_0033_0034_0056_0056.jpg 1 33 34 56 56
0415_0026_0045_0040_0040.jpg 1 26 45 40 40
0416_0038_0053_0037_0037.jpg 1 38 53 37 37
0417_0032_0033_0026_0026.jpg 1 32 33 26 26
0418_0041_0036_0037_0037.jpg 1 41 36 37 37
0419_0027_0028_0041_0041.jpg 1 27 28 41 41
0420_0010_0023_0043_0043.jpg 1 10 23 43 43
0421_0010_0025_0064_0064.jpg 1 10 25 64 64
0422_0019_0022_0061_0061.jpg 1 19 22 61 61
0423_0049_0015_0034_0034.jpg 1 49 15 34 34
0424_0024_0013_0032_0032.jpg 1 24 13 32 32
0425_0018_0032_0052_0052.jpg 1 18 32 52 52
0426_0010_0022_0062_0062.jpg 1 10 22 62 62
0427_0021_0027_0068_0068.jpg 1 21 27 68 68
0428_0039_0030_0043_0043.jpg 1 39 30 43 43
0429_0007_0042_0034_0034.jpg 1 7 42 34 34
0430_0013_0042_0047_0047.jpg 1 13 42 47 47
0431_0013_0006_0036_0036.jpg 1 13 6 36 36
0432_0032_0044_0038_0038.jpg 1 32 44 38 38
0433_0031_0010_0061_0061.jpg 1 31 10 61 61
0434_0023_0007_0063_0063.jpg 1 23 7 63 63
0435_0035_0009_0045_0045.jpg 1 35 9 45 45
0436_0013_0026_0048_0048.jpg 1 13 26 48 48
0437_0013_0020_0063_0063.jpg 1 13 20 63 63
0438_0052_0019_0024_0024.jpg 1 52 19 24 24
0439_0035_0012_0057_0057.jpg 1 35 12 57 57
0440_0024_0008_0046_0046.jpg 1 24 8 46 46
0441_0009_0030_0059_0059.jpg 1 9 30 59 59
0442_0009_0009_0026_0026.jpg 1 9 9 26 26
0443_0038_0023_0044_0044.jpg 1 38 23 44 44
0444_0005_0025_0057_0057.jpg 1 5 25 57 57
0445_0034_0018_0058_0058.jpg 1 34 18 58 58
0446_0021_0005_0064_0064.jpg 1 21 5 64 64
0447_0021_0028_0046_0046.jpg 1 21 28 46 46
0448_0039_0013_0044_0044.jpg 1 39 13 44 44
0449_0023_0020_0069_0069.jpg 1 23 20 69 69
0450_0042_0038_0039_0039.jpg 1 42 38 39 39
0451_0014_0005_0069_0069.jpg 1 14 5 69 69
0452_0008_0013_0065_0065.jpg 1 8 13 65 65
0453_0020_0005_0069_0069.jpg 1 20 5 69 69
0454_0006_0028_0050_0050.jpg 1 6 28 50 50
0455_0042_0026_0039_0039.jpg 1 42 26 39 39
0456_0013_0010_0062_0062.jpg 1 13 10 62 62
0457_0015_0026_0037_0037.jpg 1 15 26 37 37
0458_0021_0010_0069_0069.jpg 1 21 10 69 69
0459_0019_0010_0054_0054.jpg 1 19 10 54 54
0460_0034_0019_0031_0031.jpg 1 34 19 31 31
0461_0006_0033_0062_0062.jpg 1 6 33 62 62
0462_0019_0035_0047_0047.jpg 1 19 35 47 47
0463_0023_0042_0032_0032.jpg 1 23 42 32 32
0464_0031_0056_0034_0034.jpg 1 31 56 34 34
0465_0032_0019_0064_0064.jpg 1 32 19 64 64
0466_0035_0041_0053_0053.jpg 1 35 41 53 53
0467_0039_0042_0052_0052.jpg 1 39 42 52 52
0468_0018_0030_0026_0026.jpg 1 18 30 26 26
0469_0046_0027_0041_0041.jpg 1 46 27 41 41
0470_0018_0019_0055_0055.jpg 1 18 19 55 55
0471_0014_0024_0029_0029.jpg 1 14 24 29 29
0472_0021_0053_0034_0034.jpg 1 21 53 34 34
0473_0027_0057_0035_0035.jpg 1 27 57 35 35
0474_0053_0013_0040_0040.jpg 1 53 13 40 40
0475_0053_0027_0040_0040.jpg 1 53 27 40 40
0476_0034_0007_0029_0029.jpg 1 34 7 29 29
0477_0045_0030_0046_0046.jpg 1 45 30 46 46
0478_0024_0031_0065_0065.jpg 1 24 31 65 65
0479_0028_0019_0055_0055.jpg 1 28 19 55 55
0480_0010_0040_0046_0046.jpg 1 10 40 46 46
0481_0019_0011_0049_0049.jpg 1 19 11 49 49
0482_0007_0005_0066_0066.jpg 1 7 5 66 66
0483_0011_0004_0060_0060.jpg 1 11 4 60 60
0484_0011_0019_0038_0038.jpg 1 11 19 38 38
0485_0034_0019_0037_0037.jpg 1 34 19 37 37
0486_0031_0032_0027_0027.jpg 1 31 32 27 27
0487_0029_0015_0057_0057.jpg 1 29 15 57 57
0488_0016_0020_0069_0069.jpg 1 16 20 69 69
0489_0050_0041_0040_0040.jpg 1 50 41 40 40
0490_0006_0024_0066_0066.jpg 1 6 24 66 66
0491_0025_0043_0047_0047.jpg 1 25 43 47 47
0492_0007_0021_0065_0065.jpg 1 7 21 65 65
0493_0037_0025_0052_0052.jpg 1 37 25 52 52
0494_0018_0050_0027_0027.jpg 1 18 50 27 27
0495_0041_0015_0051_0051.jpg 1 41 15 51 51
0496_0026_0006_0039_0039.jpg 1 26 6 39 39
0497_0042_0036_0032_0032.jpg 1 42 36 32 32
0498_0034_0049_0028_0028.jpg 1 34 49 28 28
0499_0003_0014_0069_0069.jpg 1 3 14 69 69
0500_0024_0004_0069_0069.jpg 1 24 4 69 69
0501_0008_0010_0065_0065.jpg 1 8 10 65 65
0502_0023_0034_0062_0062.jpg 1 23 34 62 62
0503_0038_0015_0039_0039.jpg 1 38 15 39 39
0504_0007_0007_0064_0064.jpg 1 7 7 64 64
0505_0034_0008_0059_0059.jpg 1 34 8 59 59
0506_0037_0017_0051_0051.jpg 1 37 17 51 51
0507_0033_0045_0042_0042.jpg 1 33 45 42 42
0508_0028_0021_0067_0067.jpg 1 28 21 67 67
0509_0033_0040_0050_0050.jpg 1 33 40 50 50
0510_0022_0005_0068_0068.jpg 1 22 5 68 68
0511_0021_0009_0048_0048.jpg 1 21 9 48 48
0512_0020_0031_0033_0033.jpg 1 20 31 33 33
0513_0033_0031_0059_0059.jpg 1 33 31 59 59
0514_0010_0024_0066_0066.jpg 1 10 24 66 66
0515_0014_0023_0051_0051.jpg 1 14 23 51 51
0516_0023_0042_0035_0035.jpg 1 23 42 35 35
0517_0028_0020_0066_0066.jpg 1 28 20 66 66
0518_0030_0018_0057_0057.jpg 1 30 18 57 57
0519_0004_0026_0059_0059.jpg 1 4 26 59 59
0520_0045_0060_0030_0030.jpg 1 45 60 30 30
0521_0043_0020_0039_0039.jpg 1 43 20 39 39
0522_0044_0050_0039_0039.jpg 1 44 50 39 39
0523_0031_0064_0027_0027.jpg 1 31 64 27 27
0524_0028_0010_0065_0065.jpg 1 28 10 65 65
0525_0036_0021_0026_0026.jpg 1 36 21 26 26
0526_0030_0033_0063_0063.jpg 1 30 33 63 63
0527_0053_0030_0029_0029.jpg 1 53 30 29 29
0528_0036_0005_0054_0054.jpg 1 36 5 54 54
0529_0028_0030_0042_0042.jpg 1 28 30 42 42
0530_0031_0059_0026_0026.jpg 1 31 59 26 26
0531_0034_0025_0030_0030.jpg 1 34 25 30 30
0532_0057_0014_0035_0035.jpg 1 57 14 35 35
0533_0014_0030_0051_0051.jpg 1 14 30 51 51
0534_0011_0040_0038_0038.jpg 1 11 40 38 38
0535_0047_0047_0038_0038.jpg 1 47 47 38 38
0536_0057_0037_0034_0034.jpg 1 57 37 34 34
0537_0044_0052_0036_0036.jpg 1 44 52 36 36
0538_0010_0026_0061_0061.jpg 1 10 26 61 61
0539_0027_0004_0060_0060.jpg 1 27 4 60 60
0540_0004_0026_0069_0069.jpg 1 4 26 69 69
0541_0036_0019_0052_0052.jpg 1 36 19 52 52
0542_0053_0019_0030_0030.jpg 1 53 19 30 30
0543_0015_0022_0054_0054.jpg 1 15 22 54 54
0544_0049_0052_0034_0034.jpg 1 49 52 34 34
0545_0020_0014_0067_0067.jpg 1 20 14 67 67
0546_0035_0017_0057_0057.jpg 1 35 17 57 57
0547_0018_0025_0045_0045.jpg 1 18 25 45 45
0548_0018_0023_0033_0033.jpg 1 18 23 33 33
0549_0034_0050_0044_0044.jpg 1 34 50 44 44
0550_0035_0033_0043_0043.jpg 1 35 33 43 43
0551_0013_0015_0037_0037.jpg 1 13 15 37 37
0552_0057_0028_0026_0026.jpg 1 57 28 26 26
0553_0038_0045_0035_0035.jpg 1 38 45 35 35
0554_0010_0009_0053_0053.jpg 1 10 9 53 53
0555_0030_0029_0036_0036.jpg 1 30 29 36 36
0556_0015_0021_0068_0068.jpg 1 15 21 68 68
0557_0031_0008_0051_0051.jpg 1 31 8 51 51
0558_0037_0012_0058_0058.jpg 1 37 12 58 58
0559_0009_0016_0028_0028.jpg 1 9 16 28 28
0560_0042_0030_0039_0039.jpg 1 42 30 39 39
0561_0040_0037_0050_0050.jpg 1 40 37 50 50
0562_0026_0028_0065_0065.jpg 1 26 28 65 65
0563_0048_0030_0044_0044.jpg 1 48 30 44 44
0564_0023_0028_0066_0066.jpg 1 23 28 66 66
0565_0027_0016_0038_0038.jpg 1 27 16 38 38
0566_0003_0024_0066_0066.jpg 1 3 24 66 66
0567_0047_0037_0028_0028.jpg 1 47 37 28 28
0568_0034_0054_0038_0038.jpg 1 34 54 38 38
0569_0010_0027_0065_0065.jpg 1 10 27 65 65
0570_0028_0019_0066_0066.jpg 1 28 19 66 66
0571_0003_0004_0068_0068.jpg 1 3 4 68 68
0572_0020_0062_0025_0025.jpg 1 20 62 25 25
0573_0026_0036_0059_0059.jpg 1 26 36 59 59
0574_0007_0032_0048_0048.jpg 1 7 32 48 48
0575_0005_0010_0068_0068.jpg 1 5 10 68 68
0576_0007_0008_0064_0064.jpg 1 7 8 64 64
0577_0043_0036_0038_0038.jpg 1 43 36 38 38
0578_0034_0009_0045_0045.jpg 1 34 9 45 45
0579_0025_0013_0067_0067.jpg 1 25 13 67 67
0580_0018_0027_0067_0067.jpg 1 18 27 67 67
0581_0049_0034_0027_0027.jpg 1 49 34 27 27
0582_0024_0008_0048_0048.jpg 1 24 8 48 48
0583_0017_0041_0051_0051.jpg 1 17 41 51 51
0584_0017_0006_0064_0064.jpg 1 17 6 64 64
0585_0006_0008_0044_0044.jpg 1 6 8 44 44
0586_0006_0021_0057_0057.jpg 1 6 21 57 57
0587_0056_0039_0026_0026.jpg 1 56 39 26 26
0588_0029_0010_0065_0065.jpg 1 29 10 65 65
0589_0010_0045_0046_0046.jpg 1 10 45 46 46
0590_0012_0010_0041_0041.jpg 1 12 10 41 41
0591_0006_0043_0034_0034.jpg 1 6 43 34 34
0592_0026_0039_0040_0040.jpg 1 26 39 40 40
0593_0056_0043_0031_0031.jpg 1 56 43 31 31
0594_0040_0063_0027_0027.jpg 1 40 63 27 27
0595_0047_0040_0027_0027.jpg 1 47 40 27 27
0596_0050_0014_0041_0041.jpg 1 50 14 41 41
0597_0016_0035_0036_0036.jpg 1 16 35 36 36
0598_0034_0059_0027_0027.jpg 1 34 59 27 27
0599_0038_0038_0055_0055.jpg 1 38 38 55 55
0600_0026_0010_0047_0047.jpg 1 26 10 47 47
0601_0012_0019_0062_0062.jpg 1 12 19 62 62
0602_0044_0048_0040_0040.jpg 1 44 48 40 40
0603_0032_0017_0063_0063.jpg 1 32 17 63 63
0604_0023_0012_0061_0061.jpg 1 23 12 61 61
0605_0056_0010_0030_0030.jpg 1 56 10 30 30
0606_0014_0031_0033_0033.jpg 1 14 31 33 33
0607_0038_0019_0046_0046.jpg 1 38 19 46 46
0608_0013_0033_0063_0063.jpg 1 13 33 63 63
0609_0025_0046_0026_0026.jpg 1 25 46 26 26
0610_0020_0046_0039_0039.jpg 1 20 46 39 39
0611_0028_0045_0045_0045.jpg 1 28 45 45 45
0612_0009_0016_0040_0040.jpg 1 9 16 40 40
0613_0025_0007_0047_0047.jpg 1 25 7 47 47
0614_0022_0034_0054_0054.jpg 1 22 34 54 54
0615_0034_0054_0035_0035.jpg 1 34 54 35 35
0616_0052_0045_0041_0041.jpg 1 52 45 41 41
0617_0020_0037_0057_0057.jpg 1 20 37 57 57
0618_0063_0031_0027_0027.jpg 1 63 31 27 27
0619_0024_0023_0045_0045.jpg 1 24 23 45 45
0620_0003_0008_0069_0069.jpg 1 3 8 69 69
0621_0031_0051_0042_0042.jpg 1 31 51 42 42
0622_0012_0042_0047_0047.jpg 1 12 42 47 47
0623_0039_0011_0049_0049.jpg 1 39 11 49 49
0624_0016_0012_0065_0065.jpg 1 16 12 65 65
0625_0011_0034_0044_0044.jpg 1 11 34 44 44
0626_0005_0012_0069_0069.jpg 1 5 12 69 69
0627_0017_0058_0034_0034.jpg 1 17 58 34 34
0628_0017_0006_0065_0065.jpg 1 17 6 65 65
0629_0014_0035_0043_0043.jpg 1 14 35 43 43
0630_0031_0022_0064_0064.jpg 1 31 22 64 64
0631_0007_0025_0069_0069.jpg 1 7 25 69 69
0632_0013_0022_0063_0063.jpg 1 13 22 63 63
0633_0004_0020_0069_0069.jpg 1 4 20 69 69
0634_0017_0008_0063_0063.jpg 1 17 8 63 63
0635_0025_0053_0025_0025.jpg 1 25 53 25 25
0636_0029_0013_0060_0060.jpg 1 29 13 60 60
0637_0011_0019_0069_0069.jpg 1 11 19 69 69
0638_0020_0021_0029_0029.jpg 1 20 21 29 29
0639_0019_0007_0064_0064.jpg 1 19 7 64 64
0640_0016_0020_0057_0057.jpg 1 16 20 57 57
0641_0047_0025_0044_0044.jpg 1 47 25 44 44
0642_0010_0030_0054_0054.jpg 1 10 30 54 54
0643_0030_0011_0060_0060.jpg 1 30 11 60 60
0644_0041_0033_0042_0042.jpg 1 41 33 42 42
0645_0027_0023_0052_0052.jpg 1 27 23 52 52
0646_0056_0054_0036_0036.jpg 1 56 54 36 36
0647_0007_0027_0061_0061.jpg 1 7 27 61 61
0648_0011_0010_0069_0069.jpg 1 11 10 69 69
0649_0051_0022_0024_0024.jpg 1 51 22 24 24
0650_0032_0008_0054_0054.jpg 1 32 8 54 54
0651_0024_0012_0065_0065.jpg 1 24 12 65 65
0652_0035_0049_0036_0036.jpg 1 35 49 36 36
0653_0016_0016_0033_0033.jpg 1 16 16 33 33
0654_0055_0015_0034_0034.jpg 1 55 15 34 34
0655_0025_0033_0048_0048.jpg 1 25 33 48 48
0656_0028_0029_0067_0067.jpg 1 28 29 67 67
0657_0039_0023_0051_0051.jpg 1 39 23 51 51
0658_0009_0017_0067_0067.jpg 1 9 17 67 67
0659_0036_0042_0035_0035.jpg 1 36 42 35 35
0660_0018_0036_0058_0058.jpg 1 18 36 58 58
0661_0054_0021_0032_0032.jpg 1 54 21 32 32
0662_0023_0014_0053_0053.jpg 1 23 14 53 53
0663_0026_0022_0066_0066.jpg 1 26 22 66 66
0664_0015_0039_0051_0051.jpg 1 15 39 51 51
0665_0028_0017_0064_0064.jpg 1 28 17 64 64
0666_0009_0038_0047_0047.jpg 1 9 38 47 47
0667_0058_0051_0029_0029.jpg 1 58 51 29 29
0668_0045_0063_0024_0024.jpg 1 45 63 24 24
0669_0057_0046_0027_0027.jpg 1 57 46 27 27
0670_0030_0011_0044_0044.jpg 1 30 11 44 44
0671_0034_0016_0038_0038.jpg 1 34 16 38 38
0672_0040_0020_0048_0048.jpg 1 40 20 48 48
0673_0035_0023_0045_0045.jpg 1 35 23 45 45
0674_0028_0028_0039_0039.jpg 1 28 28 39 39
0675_0012_0032_0048_0048.jpg 1 12 32 48 48
0676_0014_0016_0024_0024.jpg 1 14 16 24 24
0677_0007_0033_0037_0037.jpg 1 7 33 37 37
0678_0033_0008_0061_0061.jpg 1 33 8 61 61
0679_0029_0010_0064_0064.jpg 1 29 10 64 64
0680_0007_0037_0041_0041.jpg 1 7 37 41 41
0681_0005_0004_0056_0056.jpg 1 5 4 56 56
0682_0030_0012_0038_0038.jpg 1 30 12 38 38
0683_0036_0031_0059_0059.jpg 1 36 31 59 59
0684_0012_0065_0026_0026.jpg 1 12 65 26 26
0685_0017_0036_0048_0048.jpg 1 17 36 48 48
0686_0009_0063_0026_0026.jpg 1 9 63 26 26
0687_0047_0056_0035_0035.jpg 1 47 56 35 35
0688_0043_0035_0030_0030.jpg 1 43 35 30 30
0689_0037_0012_0057_0057.jpg 1 37 12 57 57
0690_0006_0045_0042_0042.jpg 1 6 45 42 42
0691_0005_0015_0061_0061.jpg 1 5 15 61 61
0692_0048_0041_0031_0031.jpg 1 48 41 31 31
0693_0033_0016_0032_0032.jpg 1 33 16 32 32
0694_0032_0040_0036_0036.jpg 1 32 40 36 36
0695_0053_0031_0029_0029.jpg 1 53 31 29 29
0696_0046_0029_0032_0032.jpg 1 46 29 32 32
0697_0009_0023_0062_0062.jpg 1 9 23 62 62
0698_0040_0039_0051_0051.jpg 1 40 39 51 51
0699_0024_0018_0065_0065.jpg 1 24 18 65 65
0700_0037_0022_0027_0027.jpg 1 37 22 27 27
0701_0059_0057_0027_0027.jpg 1 59 57 27 27
0702_0008_0011_0055_0055.jpg 1 8 11 55 55
0703_0024_0012_0051_0051.jpg 1 24 12 51 51
0704_0023_0024_0060_0060.jpg 1 23 24 60 60
0705_0027_0034_0031_0031.jpg 1 27 34 31 31
0706_0037_0039_0035_0035.jpg 1 37 39 35 35
0707_0018_0031_0061_0061.jpg 1 18 31 61 61
0708_0029_0006_0049_0049.jpg 1 29 6 49 49
0709_0037_0028_0039_0039.jpg 1 37 28 39 39
0710_0026_0028_0052_0052.jpg 1 26 28 52 52
0711_0025_0047_0030_0030.jpg 1 25 47 30 30
0712_0059_0049_0032_0032.jpg 1 59 49 32 32
0713_0011_0044_0050_0050.jpg 1 11 44 50 50
0714_0034_0026_0050_0050.jpg 1 34 26 50 50
0715_0038_0048_0035_0035.jpg 1 38 48 35 35
0716_0041_0034_0045_0045.jpg 1 41 34 45 45
0717_0043_0020_0031_0031.jpg 1 43 20 31 31
0718_0029_0017_0057_0057.jpg 1 29 17 57 57
0719_0024_0021_0059_0059.jpg 1 24 21 59 59
0720_0031_0016_0065_0065.jpg 1 31 16 65 65
0721_0019_0021_0066_0066.jpg 1 19 21 66 66
0722_0013_0020_0061_0061.jpg 1 13 20 61 61
0723_0047_0042_0039_0039.jpg 1 47 42 39 39
0724_0008_0037_0024_0024.jpg 1 8 37 24 24
0725_0017_0022_0068_0068.jpg 1 17 22 68 68
0726_0024_0005_0055_0055.jpg 1 24 5 55 55
0727_0010_0035_0032_0032.jpg 1 10 35 32 32
0728_0042_0028_0041_0041.jpg 1 42 28 41 41
0729_0038_0012_0057_0057.jpg 1 38 12 57 57
0730_0006_0014_0065_0065.jpg 1 6 14 65 65
0731_0026_0035_0027_0027.jpg 1 26 35 27 27
0732_0024_0018_0024_0024.jpg 1 24 18 24 24
0733_0020_0040_0036_0036.jpg 1 20 40 36 36
0734_0025_0008_0034_0034.jpg 1 25 8 34 34
0735_0058_0048_0035_0035.jpg 1 58 48 35 35
0736_0032_0053_0024_0024.jpg 1 32 53 24 24
0737_0010_0006_0038_0038.jpg 1 10 6 38 38
0738_0024_0025_0055_0055.jpg 1 24 25 55 55
0739_0045_0021_0025_0025.jpg 1 45 21 25 25
0740_0017_0011_0059_0059.jpg 1 17 11 59 59
0741_0013_0027_0038_0038.jpg 1 13 27 38 38
0742_0039_0008_0053_0053.jpg 1 39 8 53 53
0743_0056_0039_0027_0027.jpg 1 56 39 27 27
0744_0024_0014_0033_0033.jpg 1 24 14 33 33
0745_0006_0039_0052_0052.jpg 1 6 39 52 52
0746_0010_0013_0067_0067.jpg 1 10 13 67 67
0747_0012_0067_0024_0024.jpg 1 12 67 24 24
0748_0021_0017_0053_0053.jpg 1 21 17 53 53
0749_0026_0041_0052_0052.jpg 1 26 41 52 52
0750_0008_0033_0045_0045.jpg 1 8 33 45 45
0751_0020_0024_0058_0058.jpg 1 20 24 58 58
0752_0046_0020_0038_0038.jpg 1 46 20 38 38
0753_0019_0022_0059_0059.jpg 1 19 22 59 59
0754_0044_0031_0043_0043.jpg 1 44 31 43 43
0755_0007_0022_0048_0048.jpg 1 7 22 48 48
0756_0025_0034_0058_0058.jpg 1 25 34 58 58
0757_0031_0016_0063_0063.jpg 1 31 16 63 63
0758_0031_0060_0025_0025.jpg 1 31 60 25 25
0759_0016_0052_0030_0030.jpg 1 16 52 30 30
0760_0035_0012_0026_0026.jpg 1 35 12 26 26
0761_0022_0025_0038_0038.jpg 1 22 25 38 38
0762_0057_0013_0030_0030.jpg 1 57 13 30 30
0763_0022_0023_0069_0069.jpg 1 22 23 69 69
0764_0014_0015_0064_0064.jpg 1 14 15 64 64
0765_0033_0011_0062_0062.jpg 1 33 11 62 62
0766_0017_0012_0051_0051.jpg 1 17 12 51 51
0767_0009_0020_0065_0065.jpg 1 9 20 65 65
0768_0019_0056_0026_0026.jpg 1 19 56 26 26
0769_0037_0037_0048_0048.jpg 1 37 37 48 48
0770_0035_0036_0052_0052.jpg 1 35 36 52 52
0771_0028_0041_0046_0046.jpg 1 28 41 46 46
0772_0009_0007_0066_0066.jpg 1 9 7 66 66
0773_0026_0017_0050_0050.jpg 1 26 17 50 50
0774_0038_0021_0027_0027.jpg 1 38 21 27 27
0775_0015_0038_0039_0039.jpg 1 15 38 39 39
0776_0011_0016_0064_0064.jpg 1 11 16 64 64
0777_0036_0012_0055_0055.jpg 1 36 12 55 55
0778_0010_0038_0054_0054.jpg 1 10 38 54 54
0779_0056_0049_0035_0035.jpg 1 56 49 35 35
0780_0030_0035_0040_0040.jpg 1 30 35 40 40
0781_0004_0009_0067_0067.jpg 1 4 9 67 67
0782_0027_0033_0058_0058.jpg 1 27 33 58 58
0783_0053_0014_0035_0035.jpg 1 53 14 35 35
0784_0025_0016_0065_0065.jpg 1 25 16 65 65
0785_0013_0018_0058_0058.jpg 1 13 18 58 58
0786_0013_0030_0057_0057.jpg 1 13 30 57 57
0787_0023_0004_0064_0064.jpg 1 23 4 64 64
0788_0024_0029_0067_0067.jpg 1 24 29 67 67
0789_0024_0022_0060_0060.jpg 1 24 22 60 60
0790_0015_0038_0032_0032.jpg 1 15 38 32 32
0791_0019_0021_0026_0026.jpg 1 19 21 26 26
0792_0024_0015_0055_0055.jpg 1 24 15 55 55
0793_0009_0026_0067_0067.jpg 1 9 26 67 67
0794_0017_0020_0043_0043.jpg 1 17 20 43 43
0795_0019_0006_0052_0052.jpg 1 19 6 52 52
0796_0028_0025_0067_0067.jpg 1 28 25 67 67
0797_0050_0025_0035_0035.jpg 1 50 25 35 35
0798_0017_0028_0026_0026.jpg 1 17 28 26 26
0799_0019_0006_0057_0057.jpg 1 19 6 57 57
0800_0021_0037_0043_0043.jpg 1 21 37 43 43
0801_0005_0011_0069_0069.jpg 1 5 11 69 69
0802_0011_0012_0062_0062.jpg 1 11 12 62 62
0803_0008_0015_0061_0061.jpg 1 8 15 61 61
0804_0044_0024_0050_0050.jpg 1 44 24 50 50
0805_0027_0012_0067_0067.jpg 1 27 12 67 67
0806_0017_0060_0027_0027.jpg 1 17 60 27 27
0807_0061_0044_0031_0031.jpg 1 61 44 31 31
0808_0035_0010_0054_0054.jpg 1 35 10 54 54
0809_0047_0049_0032_0032.jpg 1 47 49 32 32
0810_0018_0029_0064_0064.jpg 1 18 29 64 64
0811_0027_0020_0066_0066.jpg 1 27 20 66 66
0812_0021_0017_0060_0060.jpg 1 21 17 60 60
0813_0007_0029_0064_0064.jpg 1 7 29 64 64
0814_0031_0022_0063_0063.jpg 1 31 22 63 63
0815_0021_0019_0028_0028.jpg 1 21 19 28 28
0816_0016_0008_0037_0037.jpg 1 16 8 37 37
0817_0013_0005_0061_0061.jpg 1 13 5 61 61
0818_0003_0020_0068_0068.jpg 1 3 20 68 68
0819_0047_0012_0039_0039.jpg 1 47 12 39 39
0820_0018_0009_0044_0044.jpg 1 18 9 44 44
0821_0019_0005_0061_0061.jpg 1 19 5 61 61
0822_0034_0042_0030_0030.jpg 1 34 42 30 30
0823_0027_0020_0066_0066.jpg 1 27 20 66 66
0824_0060_0018_0024_0024.jpg 1 60 18 24 24
0825_0008_0021_0069_0069.jpg 1 8 21 69 69
0826_0019_0016_0025_0025.jpg 1 19 16 25 25
0827_0048_0022_0041_0041.jpg 1 48 22 41 41
0828_0027_0038_0057_0057.jpg 1 27 38 57 57
0829_0050_0010_0036_0036.jpg 1 50 10 36 36
0830_0019_0024_0068_0068.jpg 1 19 24 68 68
0831_0012_0020_0037_0037.jpg 1 12 20 37 37
0832_0029_0053_0040_0040.jpg 1 29 53 40 40
0833_0038_0037_0053_0053.jpg 1 38 37 53 53
0834_0009_0019_0051_0051.jpg 1 9 19 51 51
0835_0046_0035_0045_0045.jpg 1 46 35 45 45
0836_0016_0037_0051_0051.jpg 1 16 37 51 51
0837_0056_0057_0034_0034.jpg 1 56 57 34 34
0838_0019_0058_0026_0026.jpg 1 19 58 26 26
0839_0046_0058_0035_0035.jpg 1 46 58 35 35
0840_0047_0017_0046_0046.jpg 1 47 17 46 46
0841_0038_0033_0041_0041.jpg 1 38 33 41 41
0842_0007_0024_0027_0027.jpg 1 7 24 27 27
0843_0029_0038_0041_0041.jpg 1 29 38 41 41
0844_0005_0031_0064_0064.jpg 1 5 31 64 64
0845_0009_0056_0029_0029.jpg 1 9 56 29 29
0846_0040_0007_0053_0053.jpg 1 40 7 53 53
0847_0061_0041_0030_0030.jpg 1 61 41 30 30
0848_0021_0019_0060_0060.jpg 1 21 19 60 60
0849_0026_0030_0064_0064.jpg 1 26 30 64 64
0850_0034_0008_0058_0058.jpg 1 34 8 58 58
0851_0018_0017_0067_0067.jpg 1 18 17 67 67
0852_0020_0014_0064_0064.jpg 1 20 14 64 64
0853_0019_0009_0062_0062.jpg 1 19 9 62 62
0854_0046_0017_0047_0047.jpg 1 46 17 47 47
0855_0028_0031_0063_0063.jpg 1 28 31 63 63
0856_0012_0031_0043_0043.jpg 1 12 31 43 43
0857_0014_0028_0062_0062.jpg 1 14 28 62 62
0858_0010_0028_0046_0046.jpg 1 10 28 46 46
0859_0052_0007_0036_0036.jpg 1 52 7 36 36
0860_0028_0035_0056_0056.jpg 1 28 35 56 56
0861_0028_0025_0038_0038.jpg 1 28 25 38 38
0862_0021_0012_0068_0068.jpg 1 21 12 68 68
0863_0035_0010_0060_0060.jpg 1 35 10 60 60
0864_0024_0012_0057_0057.jpg 1 24 12 57 57
0865_0007_0057_0030_0030.jpg 1 7 57 30 30
0866_0022_0029_0051_0051.jpg 1 22 29 51 51
0867_0039_0017_0056_0056.jpg 1 39 17 56 56
0868_0034_0012_0047_0047.jpg 1 34 12 47 47
0869_0032_0018_0062_0062.jpg 1 32 18 62 62
0870_0056_0049_0028_0028.jpg 1 56 49 28 28
0871_0046_0007_0040_0040.jpg 1 46 7 40 40
0872_0018_0004_0063_0063.jpg 1 18 4 63 63
0873_0021_0048_0038_0038.jpg 1 21 48 38 38
0874_0009_0028_0062_0062.jpg 1 9 28 62 62
0875_0021_0011_0055_0055.jpg 1 21 11 55 55
0876_0028_0021_0067_0067.jpg 1 28 21 67 67
0877_0014_0028_0052_0052.jpg 1 14 28 52 52
0878_0006_0005_0056_0056.jpg 1 6 5 56 56
0879_0039_0030_0046_0046.jpg 1 39 30 46 46
0880_0023_0007_0065_0065.jpg 1 23 7 65 65
0881_0019_0035_0055_0055.jpg 1 19 35 55 55
0882_0059_0024_0033_0033.jpg 1 59 24 33 33
0883_0042_0045_0037_0037.jpg 1 42 45 37 37
0884_0023_0034_0037_0037.jpg 1 23 34 37 37
0885_0007_0026_0050_0050.jpg 1 7 26 50 50
0886_0053_0047_0025_0025.jpg 1 53 47 25 25
0887_0019_0011_0033_0033.jpg 1 19 11 33 33
0888_0008_0046_0032_0032.jpg 1 8 46 32 32
0889_0033_0038_0040_0040.jpg 1 33 38 40 40
0890_0008_0023_0061_0061.jpg 1 8 23 61 61
0891_0048_0045_0027_0027.jpg 1 48 45 27 27
0892_0033_0021_0036_0036.jpg 1 33 21 36 36
0893_0040_0007_0036_0036.jpg 1 40 7 36 36
0894_0007_0027_0064_0064.jpg 1 7 27 64 64
0895_0033_0024_0038_0038.jpg 1 33 24 38 38
0896_0020_0011_0051_0051.jpg 1 20 11 51 51
0897_0014_0044_0037_0037.jpg 1 14 44 37 37
0898_0031_0051_0030_0030.jpg 1 31 51 30 30
0899_0025_0040_0036_0036.jpg 1 25 40 36 36
0900_0018_0050_0029_0029.jpg 1 18 50 29 29
0901_0028_0017_0051_0051.jpg 1 28 17 51 51
0902_0034_0012_0061_0061.jpg 1 34 12 61 61
0903_0027_0019_0047_0047.jpg 1 27 19 47 47
0904_0025_0028_0054_0054.jpg 1 25 28 54 54
0905_0027_0020_0067_0067.jpg 1 27 20 67 67
0906_0049_0029_0045_0045.jpg 1 49 29 45 45
0907_0028_0027_0065_0065.jpg 1 28 27 65 65
0908_0018_0015_0055_0055.jpg 1 18 15 55 55
0909_0021_0032_0050_0050.jpg 1 21 32 50 50
0910_0034_0025_0037_0037.jpg 1 34 25 37 37
0911_0056_0040_0031_0031.jpg 1 56 40 31 31
0912_0024_0023_0054_0054.jpg 1 24 23 54 54
0913_0003_0009_0068_0068.jpg 1 3 9 68 68
0914_0029_0019_0032_0032.jpg 1 29 19 32 32
0915_0040_0048_0034_0034.jpg 1 40 48 34 34
0916_0020_0010_0063_0063.jpg 1 20 10 63 63
0917_0040_0052_0034_0034.jpg 1 40 52 34 34
0918_0009_0018_0062_0062.jpg 1 9 18 62 62
0919_0009_0020_0068_0068.jpg 1 9 20 68 68
0920_0026_0038_0037_0037.jpg 1 26 38 37 37
0921_0055_0006_0038_0038.jpg 1 55 6 38 38
0922_0017_0010_0068_0068.jpg 1 17 10 68 68
0923_0031_0019_0030_0030.jpg 1 31 19 30 30
0924_0008_0047_0025_0025.jpg 1 8 47 25 25
0925_0034_0015_0026_0026.jpg 1 34 15 26 26
0926_0014_0019_0064_0064.jpg 1 14 19 64 64
0927_0048_0008_0027_0027.jpg 1 48 8 27 27
0928_0050_0017_0033_0033.jpg 1 50 17 33 33
0929_0025_0006_0066_0066.jpg 1 25 6 66 66
0930_0026_0034_0037_0037.jpg 1 26 34 37 37
0931_0015_0024_0060_0060.jpg 1 15 24 60 60
0932_0035_0030_0055_0055.jpg 1 35 30 55 55
0933_0036_0043_0031_0031.jpg 1 36 43 31 31
0934_0007_0005_0056_0056.jpg 1 7 5 56 56
0935_0035_0032_0039_0039.jpg 1 35 32 39 39
0936_0028_0009_0066_0066.jpg 1 28 9 66 66
0937_0008_0009_0066_0066.jpg 1 8 9 66 66
0938_0023_0022_0065_0065.jpg 1 23 22 65 65
0939_0037_0022_0034_0034.jpg 1 37 22 34 34
0940_0035_0007_0056_0056.jpg 1 35 7 56 56
0941_0036_0023_0036_0036.jpg 1 36 23 36 36
0942_0046_0027_0033_0033.jpg 1 46 27 33 33
0943_0021_0020_0059_0059.jpg 1 21 20 59 59
0944_0006_0005_0050_0050.jpg 1 6 5 50 50
0945_0040_0028_0047_0047.jpg 1 40 28 47 47
0946_0035_0016_0057_0057.jpg 1 35 16 57 57
0947_0028_0007_0059_0059.jpg 1 28 7 59 59
0948_0024_0013_0065_0065.jpg 1 24 13 65 65
0949_0052_0020_0038_0038.jpg 1 52 20 38 38
0950_0013_0005_0060_0060.jpg 1 13 5 60 60
0951_0033_0018_0057_0057.jpg 1 33 18 57 57
0952_0044_0025_0027_0027.jpg 1 44 25 27 27
0953_0007_0036_0049_0049.jpg 1 7 36 49 49
0954_0017_0023_0056_0056.jpg 1 17 23 56 56
0955_0036_0048_0039_0039.jpg 1 36 48 39 39
0956_0018_0028_0055_0055.jpg 1 18 28 55 55
0957_0013_0007_0044_0044.jpg 1 13 7 44 44
0958_0008_0023_0051_0051.jpg 1 8 23 51 51
0959_0036_0054_0035_0035.jpg 1 36 54 35 35
0960_0018_0013_0066_0066.jpg 1 18 13 66 66
0961_0008_0021_0064_0064.jpg 1 8 21 64 64
0962_0050_0063_0029_0029.jpg 1 50 63 29 29
0963_0005_0024_0055_0055.jpg 1 5 24 55 55
0964_0046_0030_0042_0042.jpg 1 46 30 42 42
0965_0058_0012_0026_0026.jpg 1 58 12 26 26
0966_0013_0055_0032_0032.jpg 1 13 55 32 32
0967_0026_0015_0038_0038.jpg 1 26 15 38 38
0968_0056_0038_0026_0026.jpg 1 56 38 26 26
0969_0020_0030_0058_0058.jpg 1 20 30 58 58
0970_0034_0036_0059_0059.jpg 1 34 36 59 59
0971_0006_0015_0045_0045.jpg 1 6 15 45 45
0972_0015_0039_0029_0029.jpg 1 15 39 29 29
0973_0044_0016_0037_0037.jpg 1 44 16 37 37
0974_0058_0048_0034_0034.jpg 1 58 48 34 34
0975_0063_0041_0025_0025.jpg 1 63 41 25 25
0976_0037_0024_0052_0052.jpg 1 37 24 52 52
0977_0024_0025_0064_0064.jpg 1 24 25 64 64
0978_0027_0028_0066_0066.jpg 1 27 28 66 66
0979_0052_0018_0034_0034.jpg 1 52 18 34 34
0980_0009_0005_0046_0046.jpg 1 9 5 46 46
0981_0018_0021_0066_0066.jpg 1 18 21 66 66
0982_0026_0037_0044_0044.jpg 1 26 37 44 44
0983_0024_0041_0029_0029.jpg 1 24 41 29 29
0984_0034_0037_0058_0058.jpg 1 34 37 58 58
0985_0025_0011_0032_0032.jpg 1 25 11 32 32
0986_0021_0037_0027_0027.jpg 1 21 37 27 27
0987_0016_0004_0063_0063.jpg 1 16 4 63 63
0988_0015_0034_0058_0058.jpg 1 15 34 58 58
0989_0027_0022_0062_0062.jpg 1 27 22 62 62
0990_0024_0005_0054_0054.jpg 1 24 5 54 54
0991_0045_0047_0047_0047.jpg 1 45 47 47 47
0992_0061_0041_0028_0028.jpg 1 61 41 28 28
0993_0027_0024_0035_0035.jpg 1 27 24 35 35
0994_0034_0042_0050_0050.jpg 1 34 42 50 50
0995_0019_0005_0064_0064.jpg 1 19 5 64 64
0996_0005_0006_0063_0063.jpg 1 5 6 63 63
0997_0031_0056_0032_0032.jpg 1 31 56 32 32
0998_0031_0024_0054_0054.jpg 1 31 24 54 54
0999_0008_0023_0069_0069.jpg 1 8 23 69 69
1000_0054_0037_0034_0034.jpg 1 54 37 34 34
1001_0042_0012_0048_0048.jpg 1 42 12 48 48
1002_0021_0036_0059_0059.jpg 1 21 36 59 59
1003_0038_0042_0033_0033.jpg 1 38 42 33 33
1004_0027_0006_0063_0063.jpg 1 27 6 63 63
1005_0032_0008_0064_0064.jpg 1 32 8 64 64
1006_0020_0030_0064_0064.jpg 1 20 30 64 64
1007_0040_0018_0025_0025.jpg 1 40 18 25 25
1008_0012_0028_0066_0066.jpg 1 12 28 66 66
1009_0014_0047_0027_0027.jpg 1 14 47 27 27
1010_0035_0055_0036_0036.jpg 1 35 55 36 36
1011_0024_0024_0067_0067.jpg 1 24 24 67 67
1012_0014_0043_0037_0037.jpg 1 14 43 37 37
1013_0049_0010_0032_0032.jpg 1 49 10 32 32
1014_0028_0007_0059_0059.jpg 1 28 7 59 59
1015_0025_0047_0028_0028.jpg 1 25 47 28 28
1016_0020_0016_0059_0059.jpg 1 20 16 59 59
1017_0025_0017_0067_0067.jpg 1 25 17 67 67
1018_0030_0014_0032_0032.jpg 1 30 14 32 32
1019_0024_0035_0049_0049.jpg 1 24 35 49 49
1020_0016_0031_0039_0039.jpg 1 16 31 39 39
1021_0012_0050_0039_0039.jpg 1 12 50 39 39
1022_0043_0056_0026_0026.jpg 1 43 56 26 26
1023_0045_0008_0036_0036.jpg 1 45 8 36 36
1024_0053_0035_0032_0032.jpg 1 53 35 32 32
1025_0019_0024_0052_0052.jpg 1 19 24 52 52
1026_0016_0030_0066_0066.jpg 1 16 30 66 66
1027_0008_0041_0026_0026.jpg 1 8 41 26 26
1028_0021_0044_0050_0050.jpg 1 21 44 50 50
1029_0024_0023_0066_0066.jpg 1 24 23 66 66
1030_0013_0034_0039_0039.jpg 1 13 34 39 39
1031_0026_0040_0026_0026.jpg 1 26 40 26 26
1032_0019_0017_0046_0046.jpg 1 19 17 46 46
1033_0011_0009_0052_0052.jpg 1 11 9 52 52
1034_0024_0009_0026_0026.jpg 1 24 9 26 26
1035_0011_0015_0036_0036.jpg 1 11 15 36 36
1036_0006_0020_0041_0041.jpg 1 6 20 41 41
1037_0009_0042_0050_0050.jpg 1 9 42 50 50
1038_0029_0024_0051_0051.jpg 1 29 24 51 51
1039_0023_0015_0059_0059.jpg 1 23 15 59 59
1040_0010_0031_0057_0057.jpg 1 10 31 57 57
1041_0020_0017_0059_0059.jpg 1 20 17 59 59
1042_0013_0047_0044_0044.jpg 1 13 47 44 44
1043_0040_0007_0048_0048.jpg 1 40 7 48 48
1044_0037_0030_0056_0056.jpg 1 37 30 56 56
1045_0015_0012_0046_0046.jpg 1 15 12 46 46
1046_0022_0047_0027_0027.jpg 1 22 47 27 27
1047_0058_0030_0029_0029.jpg 1 58 30 29 29
1048_0029_0022_0031_0031.jpg 1 29 22 31 31
1049_0037_0036_0041_0041.jpg 1 37 36 41 41
1050_0033_0037_0036_0036.jpg 1 33 37 36 36
1051_0045_0019_0034_0034.jpg 1 45 19 34 34
1052_0028_0006_0066_0066.jpg 1 28 6 66 66
1053_0013_0008_0046_0046.jpg 1 13 8 46 46
1054_0037_0031_0048_0048.jpg 1 37 31 48 48
1055_0007_0014_0069_0069.jpg 1 7 14 69 69
1056_0038_0011_0055_0055.jpg 1 38 11 55 55
1057_0040_0014_0044_0044.jpg 1 40 14 44 44
1058_0048_0018_0046_0046.jpg 1 48 18 46 46
1059_0006_0029_0066_0066.jpg 1 6 29 66 66
1060_0065_0058_0026_0026.jpg 1 65 58 26 26
1061_0005_0015_0061_0061.jpg 1 5 15 61 61
1062_0039_0044_0046_0046.jpg 1 39 44 46 46
1063_0012_0028_0062_0062.jpg 1 12 28 62 62
1064_0007_0036_0047_0047.jpg 1 7 36 47 47
1065_0009_0032_0042_0042.jpg 1 9 32 42 42
1066_0036_0024_0033_0033.jpg 1 36 24 33 33
1067_0014_0011_0068_0068.jpg 1 14 11 68 68
1068_0024_0006_0055_0055.jpg 1 24 6 55 55
1069_0007_0019_0058_0058.jpg 1 7 19 58 58
1070_0017_0044_0032_0032.jpg 1 17 44 32 32
1071_0007_0048_0027_0027.jpg 1 7 48 27 27
1072_0028_0024_0046_0046.jpg 1 28 24 46 46
1073_0031_0028_0040_0040.jpg 1 31 28 40 40
1074_0042_0026_0027_0027.jpg 1 42 26 27 27
1075_0041_0026_0047_0047.jpg 1 41 26 47 47
1076_0061_0015_0024_0024.jpg 1 61 15 24 24
1077_0006_0013_0062_0062.jpg 1 6 13 62 62
1078_0022_0042_0042_0042.jpg 1 22 42 42 42
1079_0019_0020_0034_0034.jpg 1 19 20 34 34
1080_0020_0034_0060_0060.jpg 1 20 34 60 60
1081_0063_0059_0026_0026.jpg 1 63 59 26 26
1082_0058_0019_0029_0029.jpg 1 58 19 29 29
1083_0011_0042_0048_0048.jpg 1 11 42 48 48
1084_0030_0046_0042_0042.jpg 1 30 46 42 42
1085_0034_0027_0050_0050.jpg 1 34 27 50 50
1086_0032_0026_0063_0063.jpg 1 32 26 63 63
1087_0011_0030_0063_0063.jpg 1 11 30 63 63
1088_0028_0011_0026_0026.jpg 1 28 11 26 26
1089_0040_0020_0041_0041.jpg 1 40 20 41 41
1090_0057_0023_0035_0035.jpg 1 57 23 35 35
1091_0034_0011_0061_0061.jpg 1 34 11 61 61
1092_0009_0031_0044_0044.jpg 1 9 31 44 44
1093_0042_0039_0024_0024.jpg 1 42 39 24 24
1094_0014_0029_0066_0066.jpg 1 14 29 66 66
1095_0041_0040_0044_0044.jpg 1 41 40 44 44
1096_0032_0005_0052_0052.jpg 1 32 5 52 52
1097_0027_0011_0028_0028.jpg 1 27 11 28 28
1098_0027_0023_0068_0068.jpg 1 27 23 68 68
1099_0022_0033_0047_0047.jpg 1 22 33 47 47
1100_0027_0034_0051_0051.jpg 1 27 34 51 51
1101_0039_0037_0029_0029.jpg 1 39 37 29 29
1102_0041_0032_0053_0053.jpg 1 41 32 53 53
1103_0045_0023_0041_0041.jpg 1 45 23 41 41
1104_0035_0025_0060_0060.jpg 1 35 25 60 60
1105_0026_0038_0044_0044.jpg 1 26 38 44 44
1106_0025_0010_0051_0051.jpg 1 25 10 51 51
1107_0025_0010_0050_0050.jpg 1 25 10 50 50
1108_0014_0011_0042_0042.jpg 1 14 11 42 42
1109_0012_0035_0059_0059.jpg 1 12 35 59 59
1110_0028_0017_0029_0029.jpg 1 28 17 29 29
1111_0007_0012_0030_0030.jpg 1 7 12 30 30
1112_0031_0030_0060_0060.jpg 1 31 30 60 60
1113_0041_0027_0053_0053.jpg 1 41 27 53 53
1114_0029_0019_0040_0040.jpg 1 29 19 40 40
1115_0016_0034_0045_0045.jpg 1 16 34 45 45
1116_0027_0010_0069_0069.jpg 1 27 10 69 69
1117_0010_0025_0053_0053.jpg 1 10 25 53 53
1118_0025_0032_0025_0025.jpg 1 25 32 25 25
1119_0007_0024_0052_0052.jpg 1 7 24 52 52
1120_0041_0006_0051_0051.jpg 1 41 6 51 51
1121_0009_0040_0047_0047.jpg 1 9 40 47 47
1122_0037_0014_0028_0028.jpg 1 37 14 28 28
1123_0029_0009_0063_0063.jpg 1 29 9 63 63
1124_0009_0040_0052_0052.jpg 1 9 40 52 52
1125_0025_0049_0036_0036.jpg 1 25 49 36 36
1126_0058_0060_0030_0030.jpg 1 58 60 30 30
1127_0005_0018_0050_0050.jpg 1 5 18 50 50
1128_0017_0021_0062_0062.jpg 1 17 21 62 62
1129_0019_0018_0037_0037.jpg 1 19 18 37 37
1130_0006_0030_0063_0063.jpg 1 6 30 63 63
1131_0035_0064_0026_0026.jpg 1 35 64 26 26
1132_0012_0039_0038_0038.jpg 1 12 39 38 38
1133_0040_0010_0038_0038.jpg 1 40 10 38 38
1134_0029_0011_0057_0057.jpg 1 29 11 57 57
1135_0025_0043_0044_0044.jpg 1 25 43 44 44
1136_0046_0034_0028_0028.jpg 1 46 34 28 28
1137_0037_0013_0045_0045.jpg 1 37 13 45 45
1138_0018_0027_0066_0066.jpg 1 18 27 66 66
1139_0034_0007_0058_0058.jpg 1 34 7 58 58
1140_0026_0017_0055_0055.jpg 1 26 17 55 55
1141_0005_0012_0069_0069.jpg 1 5 12 69 69
1142_0030_0018_0053_0053.jpg 1 30 18 53 53
1143_0034_0031_0041_0041.jpg 1 34 31 41 41
1144_0025_0026_0053_0053.jpg 1 25 26 53 53
1145_0033_0007_0051_0051.jpg 1 33 7 51 51
1146_0009_0043_0030_0030.jpg 1 9 43 30 30
1147_0023_0056_0035_0035.jpg 1 23 56 35 35
1148_0028_0023_0059_0059.jpg 1 28 23 59 59
1149_0025_0053_0025_0025.jpg 1 25 53 25 25
1150_0017_0061_0024_0024.jpg 1 17 61 24 24
1151_0039_0008_0029_0029.jpg 1 39 8 29 29
1152_0006_0027_0058_0058.jpg 1 6 27 58 58
1153_0020_0039_0040_0040.jpg 1 20 39 40 40
1154_0008_0034_0051_0051.jpg 1 8 34 51 51
1155_0020_0032_0060_0060.jpg 1 20 32 60 60
1156_0039_0053_0034_0034.jpg 1 39 53 34 34
1157_0024_0049_0039_0039.jpg 1 24 49 39 39
1158_0019_0026_0068_0068.jpg 1 19 26 68 68
1159_0017_0014_0067_0067.jpg 1 17 14 67 67
1160_0064_0052_0024_0024.jpg 1 64 52 24 24
1161_0030_0031_0046_0046.jpg 1 30 31 46 46
1162_0007_0011_0054_0054.jpg 1 7 11 54 54
1163_0034_0004_0061_0061.jpg 1 34 4 61 61
1164_0013_0024_0049_0049.jpg 1 13 24 49 49
1165_0006_0008_0046_0046.jpg 1 6 8 46 46
1166_0035_0043_0037_0037.jpg 1 35 43 37 37
1167_0023_0018_0028_0028.jpg 1 23 18 28 28
1168_0042_0006_0044_0044.jpg 1 42 6 44 44
1169_0037_0028_0053_0053.jpg 1 37 28 53 53
1170_0046_0010_0045_0045.jpg 1 46 10 45 45
1171_0019_0042_0046_0046.jpg 1 19 42 46 46
1172_0038_0007_0055_0055.jpg 1 38 7 55 55
1173_0020_0006_0067_0067.jpg 1 20 6 67 67
1174_0024_0042_0032_0032.jpg 1 24 42 32 32
1175_0031_0032_0050_0050.jpg 1 31 32 50 50
1176_0033_0011_0037_0037.jpg 1 33 11 37 37
1177_0009_0004_0055_0055.jpg 1 9 4 55 55
1178_0039_0058_0029_0029.jpg 1 39 58 29 29
1179_0039_0013_0040_0040.jpg 1 39 13 40 40
1180_0005_0019_0065_0065.jpg 1 5 19 65 65
1181_0025_0012_0048_0048.jpg 1 25 12 48 48
1182_0006_0025_0068_0068.jpg 1 6 25 68 68
1183_0033_0005_0059_0059.jpg 1 33 5 59 59
1184_0045_0058_0034_0034.jpg 1 45 58 34 34
1185_0037_0037_0037_0037.jpg 1 37 37 37 37
1186_0022_0032_0062_0062.jpg 1 22 32 62 62
1187_0030_0031_0062_0062.jpg 1 30 31 62 62
1188_0018_0008_0065_0065.jpg 1 18 8 65 65
1189_0039_0028_0025_0025.jpg 1 39 28 25 25
1190_0015_0030_0054_0054.jpg 1 15 30 54 54
1191_0008_0031_0033_0033.jpg 1 8 31 33 33
1192_0047_0023_0046_0046.jpg 1 47 23 46 46
1193_0035_0034_0059_0059.jpg 1 35 34 59 59
1194_0041_0008_0053_0053.jpg 1 41 8 53 53
1195_0050_0036_0033_0033.jpg 1 50 36 33 33
1196_0031_0011_0060_0060.jpg 1 31 11 60 60
1197_0022_0006_0055_0055.jpg 1 22 6 55 55
1198_0031_0010_0037_0037.jpg 1 31 10 37 37
1199_0024_0013_0050_0050.jpg 1 24 13 50 50
1200_0006_0018_0063_0063.jpg 1 6 18 63 63
1201_0053_0014_0029_0029.jpg 1 53 14 29 29
1202_0005_0026_0048_0048.jpg 1 5 26 48 48
1203_0046_0057_0029_0029.jpg 1 46 57 29 29
1204_0032_0010_0052_0052.jpg 1 32 10 52 52
1205_0031_0037_0039_0039.jpg 1 31 37 39 39
1206_0040_0043_0048_0048.jpg 1 40 43 48 48
1207_0045_0028_0048_0048.jpg 1 45 28 48 48
1208_0057_0031_0032_0032.jpg 1 57 31 32 32
1209_0008_0016_0045_0045.jpg 1 8 16 45 45
1210_0014_0019_0034_0034.jpg 1 14 19 34 34
1211_0015_0015_0027_0027.jpg 1 15 15 27 27
1212_0023_0039_0053_0053.jpg 1 23 39 53 53
1213_0028_0032_0035_0035.jpg 1 28 32 35 35
1214_0036_0012_0027_0027.jpg 1 36 12 27 27
1215_0008_0029_0053_0053.jpg 1 8 29 53 53
1216_0010_0006_0063_0063.jpg 1 10 6 63 63
1217_0042_0018_0031_0031.jpg 1 42 18 31 31
1218_0018_0066_0026_0026.jpg 1 18 66 26 26
1219_0020_0025_0066_0066.jpg 1 20 25 66 66
1220_0028_0038_0057_0057.jpg 1 28 38 57 57
1221_0017_0004_0066_0066.jpg 1 17 4 66 66
1222_0019_0020_0069_0069.jpg 1 19 20 69 69
1223_0008_0007_0042_0042.jpg 1 8 7 42 42
1224_0051_0025_0040_0040.jpg 1 51 25 40 40
1225_0024_0013_0025_0025.jpg 1 24 13 25 25
1226_0003_0014_0068_0068.jpg 1 3 14 68 68
1227_0050_0047_0028_0028.jpg 1 50 47 28 28
1228_0009_0038_0052_0052.jpg 1 9 38 52 52
1229_0004_0021_0068_0068.jpg 1 4 21 68 68
1230_0025_0012_0049_0049.jpg 1 25 12 49 49
1231_0031_0025_0025_0025.jpg 1 31 25 25 25
1232_0035_0041_0051_0051.jpg 1 35 41 51 51
1233_0021_0017_0041_0041.jpg 1 21 17 41 41
1234_0061_0045_0025_0025.jpg 1 61 45 25 25
1235_0039_0015_0053_0053.jpg 1 39 15 53 53
1236_0010_0007_0047_0047.jpg 1 10 7 47 47
1237_0004_0006_0067_0067.jpg 1 4 6 67 67
1238_0008_0005_0051_0051.jpg 1 8 5 51 51
1239_0021_0041_0053_0053.jpg 1 21 41 53 53
1240_0025_0030_0031_0031.jpg 1 25 30 31 31
1241_0017_0012_0068_0068.jpg 1 17 12 68 68
1242_0049_0047_0032_0032.jpg 1 49 47 32 32
1243_0032_0021_0060_0060.jpg 1 32 21 60 60
1244_0047_0031_0042_0042.jpg 1 47 31 42 42
1245_0062_0038_0026_0026.jpg 1 62 38 26 26
1246_0006_0034_0055_0055.jpg 1 6 34 55 55
1247_0010_0018_0064_0064.jpg 1 10 18 64 64
1248_0032_0014_0060_0060.jpg 1 32 14 60 60
1249_0058_0029_0032_0032.jpg 1 58 29 32 32
1250_0034_0016_0061_0061.jpg 1 34 16 61 61
1251_0041_0043_0049_0049.jpg 1 41 43 49 49
1252_0024_0010_0059_0059.jpg 1 24 10 59 59
1253_0026_0027_0047_0047.jpg 1 26 27 47 47
1254_0022_0025_0050_0050.jpg 1 22 25 50 50
1255_0007_0016_0030_0030.jpg 1 7 16 30 30
1256_0027_0037_0055_0055.jpg 1 27 37 55 55
1257_0027_0021_0058_0058.jpg 1 27 21 58 58
1258_0024_0042_0046_0046.jpg 1 24 42 46 46
1259_0044_0006_0036_0036.jpg 1 44 6 36 36
1260_0037_0037_0045_0045.jpg 1 37 37 45 45
1261_0059_0037_0029_0029.jpg 1 59 37 29 29
1262_0041_0046_0029_0029.jpg 1 41 46 29 29
1263_0066_0041_0024_0024.jpg 1 66 41 24 24
1264_0043_0033_0037_0037.jpg 1 43 33 37 37
1265_0021_0056_0034_0034.jpg 1 21 56 34 34
1266_0043_0039_0029_0029.jpg 1 43 39 29 29
1267_0019_0018_0058_0058.jpg 1 19 18 58 58
1268_0007_0017_0065_0065.jpg 1 7 17 65 65
1269_0038_0013_0055_0055.jpg 1 38 13 55 55
1270_0041_0051_0040_0040.jpg 1 41 51 40 40
1271_0040_0008_0054_0054.jpg 1 40 8 54 54
1272_0030_0016_0037_0037.jpg 1 30 16 37 37
1273_0042_0050_0040_0040.jpg 1 42 50 40 40
1274_0027_0011_0067_0067.jpg 1 27 11 67 67
1275_0060_0017_0025_0025.jpg 1 60 17 25 25
1276_0024_0039_0044_0044.jpg 1 24 39 44 44
1277_0005_0034_0052_0052.jpg 1 5 34 52 52
1278_0006_0012_0048_0048.jpg 1 6 12 48 48
1279_0041_0026_0030_0030.jpg 1 41 26 30 30
1280_0012_0026_0059_0059.jpg 1 12 26 59 59
1281_0043_0020_0046_0046.jpg 1 43 20 46 46
1282_0012_0013_0053_0053.jpg 1 12 13 53 53
1283_0032_0037_0026_0026.jpg 1 32 37 26 26
1284_0010_0049_0044_0044.jpg 1 10 49 44 44
1285_0036_0008_0054_0054.jpg 1 36 8 54 54
1286_0014_0018_0069_0069.jpg 1 14 18 69 69
1287_0045_0019_0031_0031.jpg 1 45 19 31 31
1288_0017_0042_0051_0051.jpg 1 17 42 51 51
1289_0008_0021_0051_0051.jpg 1 8 21 51 51
1290_0039_0031_0048_0048.jpg 1 39 31 48 48
1291_0008_0017_0037_0037.jpg 1 8 17 37 37
1292_0030_0024_0064_0064.jpg 1 30 24 64 64
1293_0037_0043_0044_0044.jpg 1 37 43 44 44
1294_0046_0061_0025_0025.jpg 1 46 61 25 25
1295_0016_0035_0037_0037.jpg 1 16 35 37 37
1296_0013_0036_0057_0057.jpg 1 13 36 57 57
1297_0040_0055_0025_0025.jpg 1 40 55 25 25
1298_0019_0032_0036_0036.jpg 1 19 32 36 36
1299_0035_0025_0050_0050.jpg 1 35 25 50 50
1300_0035_0034_0028_0028.jpg 1 35 34 28 28
1301_0020_0026_0067_0067.jpg 1 20 26 67 67
1302_0025_0008_0053_0053.jpg 1 25 8 53 53
1303_0014_0017_0036_0036.jpg 1 14 17 36 36
1304_0019_0042_0051_0051.jpg 1 19 42 51 51
1305_0030_0016_0062_0062.jpg 1 30 16 62 62
1306_0012_0007_0062_0062.jpg 1 12 7 62 62
1307_0025_0016_0061_0061.jpg 1 25 16 61 61
1308_0008_0009_0057_0057.jpg 1 8 9 57 57
1309_0014_0007_0037_0037.jpg 1 14 7 37 37
1310_0051_0038_0043_0043.jpg 1 51 38 43 43
1311_0013_0049_0034_0034.jpg 1 13 49 34 34
1312_0016_0010_0043_0043.jpg 1 16 10 43 43
1313_0022_0028_0042_0042.jpg 1 22 28 42 42
1314_0054_0024_0031_0031.jpg 1 54 24 31 31
1315_0009_0021_0029_0029.jpg 1 9 21 29 29
1316_0039_0018_0034_0034.jpg 1 39 18 34 34
1317_0008_0039_0033_0033.jpg 1 8 39 33 33
1318_0020_0042_0045_0045.jpg 1 20 42 45 45
1319_0015_0018_0056_0056.jpg 1 15 18 56 56
1320_0021_0018_0068_0068.jpg 1 21 18 68 68
1321_0014_0006_0065_0065.jpg 1 14 6 65 65
1322_0021_0023_0041_0041.jpg 1 21 23 41 41
1323_0009_0044_0041_0041.jpg 1 9 44 41 41
1324_0042_0030_0037_0037.jpg 1 42 30 37 37
1325_0042_0058_0032_0032.jpg 1 42 58 32 32
1326_0052_0039_0041_0041.jpg 1 52 39 41 41
1327_0020_0007_0053_0053.jpg 1 20 7 53 53
1328_0064_0008_0027_0027.jpg 1 64 8 27 27
1329_0045_0027_0036_0036.jpg 1 45 27 36 36
1330_0046_0018_0047_0047.jpg 1 46 18 47 47
1331_0020_0015_0068_0068.jpg 1 20 15 68 68
1332_0041_0031_0033_0033.jpg 1 41 31 33 33
1333_0033_0014_0048_0048.jpg 1 33 14 48 48
1334_0056_0009_0026_0026.jpg 1 56 9 26 26
1335_0012_0054_0025_0025.jpg 1 12 54 25 25
1336_0014_0020_0046_0046.jpg 1 14 20 46 46
1337_0009_0027_0067_0067.jpg 1 9 27 67 67
1338_0009_0036_0040_0040.jpg 1 9 36 40 40
1339_0030_0005_0062_0062.jpg 1 30 5 62 62
1340_0017_0010_0051_0051.jpg 1 17 10 51 51
1341_0022_0008_0063_0063.jpg 1 22 8 63 63
1342_0046_0024_0042_0042.jpg 1 46 24 42 42
1343_0028_0023_0059_0059.jpg 1 28 23 59 59
1344_0034_0014_0046_0046.jpg 1 34 14 46 46
1345_0011_0006_0063_0063.jpg 1 11 6 63 63
1346_0032_0011_0043_0043.jpg 1 32 11 43 43
1347_0018_0014_0069_0069.jpg 1 18 14 69 69
1348_0026_0024_0061_0061.jpg 1 26 24 61 61
1349_0017_0050_0032_0032.jpg 1 17 50 32 32
1350_0032_0023_0060_0060.jpg 1 32 23 60 60
1351_0013_0008_0068_0068.jpg 1 13 8 68 68
1352_0027_0063_0027_0027.jpg 1 27 63 27 27
1353_0050_0021_0040_0040.jpg 1 50 21 40 40
1354_0040_0033_0052_0052.jpg 1 40 33 52 52
1355_0018_0027_0052_0052.jpg 1 18 27 52 52
1356_0025_0022_0063_0063.jpg 1 25 22 63 63
1357_0026_0029_0044_0044.jpg 1 26 29 44 44
1358_0021_0012_0049_0049.jpg 1 21 12 49 49
1359_0025_0025_0063_0063.jpg 1 25 25 63 63
1360_0023_0023_0068_0068.jpg 1 23 23 68 68
1361_0028_0008_0044_0044.jpg 1 28 8 44 44
1362_0010_0019_0040_0040.jpg 1 10 19 40 40
1363_0021_0038_0033_0033.jpg 1 21 38 33 33
1364_0023_0044_0045_0045.jpg 1 23 44 45 45
1365_0017_0018_0054_0054.jpg 1 17 18 54 54
1366_0011_0008_0068_0068.jpg 1 11 8 68 68
1367_0007_0022_0068_0068.jpg 1 7 22 68 68
1368_0013_0018_0058_0058.jpg 1 13 18 58 58
1369_0027_0009_0065_0065.jpg 1 27 9 65 65
1370_0026_0039_0046_0046.jpg 1 26 39 46 46
1371_0012_0026_0044_0044.jpg 1 12 26 44 44
1372_0011_0027_0067_0067.jpg 1 11 27 67 67
1373_0022_0054_0037_0037.jpg 1 22 54 37 37
1374_0007_0011_0031_0031.jpg 1 7 11 31 31
1375_0030_0013_0061_0061.jpg 1 30 13 61 61
1376_0025_0006_0055_0055.jpg 1 25 6 55 55
1377_0006_0019_0064_0064.jpg 1 6 19 64 64
1378_0055_0044_0024_0024.jpg 1 55 44 24 24
1379_0024_0032_0047_0047.jpg 1 24 32 47 47
1380_0048_0055_0026_0026.jpg 1 48 55 26 26
1381_0021_0016_0053_0053.jpg 1 21 16 53 53
1382_0058_0044_0024_0024.jpg 1 58 44 24 24
1383_0017_0020_0033_0033.jpg 1 17 20 33 33
1384_0023_0009_0049_0049.jpg 1 23 9 49 49
1385_0009_0023_0055_0055.jpg 1 9 23 55 55
1386_0016_0019_0065_0065.jpg 1 16 19 65 65
1387_0031_0024_0045_0045.jpg 1 31 24 45 45
1388_0036_0023_0044_0044.jpg 1 36 23 44 44
1389_0009_0016_0052_0052.jpg 1 9 16 52 52
1390_0049_0032_0042_0042.jpg 1 49 32 42 42
1391_0016_0009_0047_0047.jpg 1 16 9 47 47
1392_0038_0038_0030_0030.jpg 1 38 38 30 30
1393_0008_0017_0056_0056.jpg 1 8 17 56 56
1394_0010_0058_0032_0032.jpg 1 10 58 32 32
1395_0020_0028_0037_0037.jpg 1 20 28 37 37
1396_0020_0022_0037_0037.jpg 1 20 22 37 37
1397_0034_0016_0053_0053.jpg 1 34 16 53 53
1398_0031_0027_0050_0050.jpg 1 31 27 50 50
1399_0030_0009_0065_0065.jpg 1 30 9 65 65
1400_0010_0020_0067_0067.jpg 1 10 20 67 67
1401_0016_0020_0051_0051.jpg 1 16 20 51 51
1402_0020_0049_0045_0045.jpg 1 20 49 45 45
1403_0039_0023_0047_0047.jpg 1 39 23 47 47
1404_0065_0026_0025_0025.jpg 1 65 26 25 25
1405_0023_0016_0068_0068.jpg 1 23 16 68 68
1406_0034_0058_0025_0025.jpg 1 34 58 25 25
1407_0009_0044_0035_0035.jpg 1 9 44 35 35
1408_0022_0025_0032_0032.jpg 1 22 25 32 32
1409_0016_0030_0029_0029.jpg 1 16 30 29 29
1410_0045_0008_0046_0046.jpg 1 45 8 46 46
1411_0035_0008_0053_0053.jpg 1 35 8 53 53
1412_0003_0008_0065_0065.jpg 1 3 8 65 65
1413_0009_0027_0064_0064.jpg 1 9 27 64 64
1414_0008_0018_0056_0056.jpg 1 8 18 56 56
1415_0027_0018_0031_0031.jpg 1 27 18 31 31
1416_0017_0028_0025_0025.jpg 1 17 28 25 25
1417_0063_0012_0027_0027.jpg 1 63 12 27 27
1418_0023_0011_0044_0044.jpg 1 23 11 44 44
1419_0020_0025_0052_0052.jpg 1 20 25 52 52
1420_0015_0016_0065_0065.jpg 1 15 16 65 65
1421_0023_0051_0030_0030.jpg 1 23 51 30 30
1422_0013_0032_0025_0025.jpg 1 13 32 25 25
1423_0026_0026_0063_0063.jpg 1 26 26 63 63
1424_0045_0030_0044_0044.jpg 1 45 30 44 44
1425_0019_0029_0063_0063.jpg 1 19 29 63 63
1426_0005_0034_0058_0058.jpg 1 5 34 58 58
1427_0016_0010_0030_0030.jpg 1 16 10 30 30
1428_0034_0037_0024_0024.jpg 1 34 37 24 24
1429_0041_0020_0037_0037.jpg 1 41 20 37 37
1430_0016_0006_0051_0051.jpg 1 16 6 51 51
1431_0012_0016_0055_0055.jpg 1 12 16 55 55
1432_0027_0013_0046_0046.jpg 1 27 13 46 46
1433_0009_0017_0035_0035.jpg 1 9 17 35 35
1434_0015_0015_0053_0053.jpg 1 15 15 53 53
1435_0052_0036_0036_0036.jpg 1 52 36 36 36
1436_0009_0037_0045_0045.jpg 1 9 37 45 45
1437_0027_0007_0036_0036.jpg 1 27 7 36 36
1438_0016_0027_0067_0067.jpg 1 16 27 67 67
1439_0050_0037_0038_0038.jpg 1 50 37 38 38
1440_0010_0036_0036_0036.jpg 1 10 36 36 36
1441_0027_0020_0058_0058.jpg 1 27 20 58 58
1442_0017_0035_0040_0040.jpg 1 17 35 40 40
1443_0026_0030_0065_0065.jpg 1 26 30 65 65
1444_0014_0008_0069_0069.jpg 1 14 8 69 69
1445_0014_0042_0041_0041.jpg 1 14 42 41 41
1446_0014_0022_0054_0054.jpg 1 14 22 54 54
1447_0007_0023_0040_0040.jpg 1 7 23 40 40
1448_0007_0025_0031_0031.jpg 1 7 25 31 31
1449_0020_0007_0069_0069.jpg 1 20 7 69 69
1450_0040_0049_0039_0039.jpg 1 40 49 39 39
1451_0045_0019_0041_0041.jpg 1 45 19 41 41
1452_0048_0049_0041_0041.jpg 1 48 49 41 41
1453_0019_0008_0052_0052.jpg 1 19 8 52 52
1454_0022_0009_0068_0068.jpg 1 22 9 68 68
1455_0036_0037_0031_0031.jpg 1 36 37 31 31
1456_0008_0017_0060_0060.jpg 1 8 17 60 60
1457_0005_0011_0047_0047.jpg 1 5 11 47 47
1458_0045_0020_0041_0041.jpg 1 45 20 41 41
1459_0058_0013_0026_0026.jpg 1 58 13 26 26
1460_0034_0029_0031_0031.jpg 1 34 29 31 31
1461_0023_0022_0048_0048.jpg 1 23 22 48 48
1462_0016_0036_0040_0040.jpg 1 16 36 40 40
1463_0041_0020_0037_0037.jpg 1 41 20 37 37
1464_0033_0016_0056_0056.jpg 1 33 16 56 56
1465_0009_0021_0062_0062.jpg 1 9 21 62 62
1466_0035_0046_0046_0046.jpg 1 35 46 46 46
1467_0053_0017_0038_0038.jpg 1 53 17 38 38
1468_0032_0015_0058_0058.jpg 1 32 15 58 58
1469_0006_0023_0046_0046.jpg 1 6 23 46 46
1470_0026_0028_0051_0051.jpg 1 26 28 51 51
1471_0028_0038_0056_0056.jpg 1 28 38 56 56
1472_0008_0011_0066_0066.jpg 1 8 11 66 66
1473_0025_0055_0024_0024.jpg 1 25 55 24 24
1474_0026_0009_0050_0050.jpg 1 26 9 50 50
1475_0011_0011_0047_0047.jpg 1 11 11 47 47
1476_0059_0057_0028_0028.jpg 1 59 57 28 28
1477_0030_0022_0025_0025.jpg 1 30 22 25 25
1478_0020_0034_0058_0058.jpg 1 20 34 58 58
1479_0016_0039_0052_0052.jpg 1 16 39 52 52
1480_0031_0012_0061_0061.jpg 1 31 12 61 61
1481_0012_0040_0052_0052.jpg 1 12 40 52 52
1482_0032_0015_0047_0047.jpg 1 32 15 47 47
1483_0005_0008_0061_0061.jpg 1 5 8 61 61
1484_0029_0006_0062_0062.jpg 1 29 6 62 62
1485_0026_0042_0051_0051.jpg 1 26 42 51 51
1486_0060_0026_0031_0031.jpg 1 60 26 31 31
1487_0020_0009_0038_0038.jpg 1 20 9 38 38
1488_0033_0033_0024_0024.jpg 1 33 33 24 24
1489_0023_0018_0062_0062.jpg 1 23 18 62 62
1490_0006_0014_0048_0048.jpg 1 6 14 48 48
1491_0030_0051_0032_0032.jpg 1 30 51 32 32
1492_0031_0036_0026_0026.jpg 1 31 36 26 26
1493_0020_0021_0053_0053.jpg 1 20 21 53 53
1494_0010_0005_0056_0056.jpg 1 10 5 56 56
1495_0047_0007_0039_0039.jpg 1 47 7 39 39
1496_0010_0024_0056_0056.jpg 1 10 24 56 56
1497_0007_0026_0055_0055.jpg 1 7 26 55 55
1498_0028_0013_0063_0063.jpg 1 28 13 63 63
1499_0015_0016_0049_0049.jpg 1 15 16 49 49
1500_0005_0007_0055_0055.jpg 1 5 7 55 55
1501_0037_0049_0025_0025.jpg 1 37 49 25 25
1502_0007_0015_0063_0063.jpg 1 7 15 63 63
1503_0013_0032_0046_0046.jpg 1 13 32 46 46
1504_0041_0040_0044_0044.jpg 1 41 40 44 44
1505_0020_0031_0064_0064.jpg 1 20 31 64 64
1506_0022_0021_0058_0058.jpg 1 22 21 58 58
1507_0028_0030_0042_0042.jpg 1 28 30 42 42
1508_0040_0041_0037_0037.jpg 1 40 41 37 37
1509_0037_0016_0057_0057.jpg 1 37 16 57 57
1510_0042_0024_0033_0033.jpg 1 42 24 33 33
1511_0006_0030_0046_0046.jpg 1 6 30 46 46
1512_0035_0047_0046_0046.jpg 1 35 47 46 46
1513_0009_0014_0047_0047.jpg 1 9 14 47 47
1514_0044_0021_0038_0038.jpg 1 44 21 38 38
1515_0015_0006_0064_0064.jpg 1 15 6 64 64
1516_0012_0018_0067_0067.jpg 1 12 18 67 67
1517_0050_0030_0038_0038.jpg 1 50 30 38 38
1518_0052_0009_0041_0041.jpg 1 52 9 41 41
1519_0018_0021_0065_0065.jpg 1 18 21 65 65
1520_0029_0041_0039_0039.jpg 1 29 41 39 39
1521_0012_0024_0066_0066.jpg 1 12 24 66 66
1522_0028_0035_0035_0035.jpg 1 28 35 35 35
1523_0067_0025_0025_0025.jpg 1 67 25 25 25
1524_0049_0025_0033_0033.jpg 1 49 25 33 33
1525_0045_0006_0041_0041.jpg 1 45 6 41 41
1526_0054_0018_0025_0025.jpg 1 54 18 25 25
1527_0004_0022_0063_0063.jpg 1 4 22 63 63
1528_0019_0042_0047_0047.jpg 1 19 42 47 47
1529_0006_0018_0068_0068.jpg 1 6 18 68 68
1530_0051_0022_0026_0026.jpg 1 51 22 26 26
1531_0036_0044_0051_0051.jpg 1 36 44 51 51
1532_0044_0027_0043_0043.jpg 1 44 27 43 43
1533_0038_0034_0043_0043.jpg 1 38 34 43 43
1534_0038_0046_0028_0028.jpg 1 38 46 28 28
1535_0005_0023_0066_0066.jpg 1 5 23 66 66
1536_0004_0036_0053_0053.jpg 1 4 36 53 53
1537_0016_0043_0047_0047.jpg 1 16 43 47 47
1538_0033_0019_0058_0058.jpg 1 33 19 58 58
1539_0011_0030_0062_0062.jpg 1 11 30 62 62
1540_0012_0037_0037_0037.jpg 1 12 37 37 37
1541_0054_0012_0032_0032.jpg 1 54 12 32 32
1542_0040_0043_0025_0025.jpg 1 40 43 25 25
1543_0006_0026_0060_0060.jpg 1 6 26 60 60
1544_0020_0021_0062_0062.jpg 1 20 21 62 62
1545_0040_0037_0032_0032.jpg 1 40 37 32 32
1546_0034_0025_0056_0056.jpg 1 34 25 56 56
1547_0038_0018_0054_0054.jpg 1 38 18 54 54
1548_0036_0032_0048_0048.jpg 1 36 32 48 48
1549_0013_0007_0063_0063.jpg 1 13 7 63 63
1550_0041_0031_0040_0040.jpg 1 41 31 40 40
1551_0028_0050_0037_0037.jpg 1 28 50 37 37
1552_0013_0023_0063_0063.jpg 1 13 23 63 63
1553_0011_0010_0051_0051.jpg 1 11 10 51 51
1554_0046_0048_0045_0045.jpg 1 46 48 45 45
1555_0027_0012_0033_0033.jpg 1 27 12 33 33
1556_0037_0023_0053_0053.jpg 1 37 23 53 53
1557_0037_0025_0036_0036.jpg 1 37 25 36 36
1558_0033_0023_0058_0058.jpg 1 33 23 58 58
1559_0054_0020_0034_0034.jpg 1 54 20 34 34
1560_0036_0017_0032_0032.jpg 1 36 17 32 32
1561_0018_0026_0046_0046.jpg 1 18 26 46 46
1562_0007_0012_0029_0029.jpg 1 7 12 29 29
1563_0017_0032_0055_0055.jpg 1 17 32 55 55
1564_0023_0021_0061_0061.jpg 1 23 21 61 61
1565_0029_0017_0065_0065.jpg 1 29 17 65 65
1566_0036_0009_0024_0024.jpg 1 36 9 24 24
1567_0028_0014_0040_0040.jpg 1 28 14 40 40
1568_0011_0016_0059_0059.jpg 1 11 16 59 59
1569_0039_0032_0047_0047.jpg 1 39 32 47 47
1570_0048_0028_0024_0024.jpg 1 48 28 24 24
1571_0010_0017_0044_0044.jpg 1 10 17 44 44
1572_0020_0013_0049_0049.jpg 1 20 13 49 49
1573_0017_0035_0029_0029.jpg 1 17 35 29 29
1574_0029_0018_0036_0036.jpg 1 29 18 36 36
1575_0016_0014_0043_0043.jpg 1 16 14 43 43
1576_0007_0058_0035_0035.jpg 1 7 58 35 35
1577_0029_0005_0059_0059.jpg 1 29 5 59 59
1578_0020_0015_0065_0065.jpg 1 20 15 65 65
1579_0021_0022_0058_0058.jpg 1 21 22 58 58
1580_0015_0024_0061_0061.jpg 1 15 24 61 61
1581_0050_0019_0043_0043.jpg 1 50 19 43 43
1582_0052_0040_0032_0032.jpg 1 52 40 32 32
1583_0020_0036_0038_0038.jpg 1 20 36 38 38
1584_0006_0005_0042_0042.jpg 1 6 5 42 42
1585_0041_0031_0034_0034.jpg 1 41 31 34 34
1586_0017_0023_0064_0064.jpg 1 17 23 64 64
1587_0003_0015_0068_0068.jpg 1 3 15 68 68
1588_0025_0006_0048_0048.jpg 1 25 6 48 48
1589_0022_0017_0052_0052.jpg 1 22 17 52 52
1590_0013_0030_0051_0051.jpg 1 13 30 51 51
1591_0037_0011_0048_0048.jpg 1 37 11 48 48
1592_0026_0008_0067_0067.jpg 1 26 8 67 67
1593_0019_0021_0064_0064.jpg 1 19 21 64 64
1594_0043_0023_0037_0037.jpg 1 43 23 37 37
1595_0009_0044_0029_0029.jpg 1 9 44 29 29
1596_0006_0038_0047_0047.jpg 1 6 38 47 47
1597_0023_0012_0069_0069.jpg 1 23 12 69 69
1598_0017_0008_0068_0068.jpg 1 17 8 68 68
1599_0034_0049_0029_0029.jpg 1 34 49 29 29
1600_0022_0007_0065_0065.jpg 1 22 7 65 65
1601_0008_0013_0052_0052.jpg 1 8 13 52 52
1602_0046_0033_0036_0036.jpg 1 46 33 36 36
1603_0033_0048_0041_0041.jpg 1 33 48 41 41
1604_0053_0051_0035_0035.jpg 1 53 51 35 35
1605_0016_0017_0035_0035.jpg 1 16 17 35 35
1606_0057_0042_0027_0027.jpg 1 57 42 27 27
1607_0061_0029_0030_0030.jpg 1 61 29 30 30
1608_0025_0027_0047_0047.jpg 1 25 27 47 47
1609_0041_0028_0053_0053.jpg 1 41 28 53 53
1610_0053_0047_0024_0024.jpg 1 53 47 24 24
1611_0050_0034_0035_0035.jpg 1 50 34 35 35
1612_0024_0036_0035_0035.jpg 1 24 36 35 35
1613_0031_0005_0058_0058.jpg 1 31 5 58 58
1614_0022_0020_0032_0032.jpg 1 22 20 32 32
1615_0007_0012_0032_0032.jpg 1 7 12 32 32
1616_0006_0040_0054_0054.jpg 1 6 40 54 54
1617_0018_0021_0060_0060.jpg 1 18 21 60 60
1618_0024_0033_0048_0048.jpg 1 24 33 48 48
1619_0044_0027_0045_0045.jpg 1 44 27 45 45
1620_0017_0021_0058_0058.jpg 1 17 21 58 58
1621_0036_0035_0054_0054.jpg 1 36 35 54 54
1622_0016_0022_0030_0030.jpg 1 16 22 30 30
1623_0003_0011_0069_0069.jpg 1 3 11 69 69
1624_0026_0015_0052_0052.jpg 1 26 15 52 52
1625_0029_0024_0049_0049.jpg 1 29 24 49 49
1626_0026_0006_0059_0059.jpg 1 26 6 59 59
1627_0032_0037_0058_0058.jpg 1 32 37 58 58
1628_0015_0032_0047_0047.jpg 1 15 32 47 47
1629_0006_0015_0060_0060.jpg 1 6 15 60 60
1630_0040_0018_0032_0032.jpg 1 40 18 32 32
1631_0024_0030_0064_0064.jpg 1 24 30 64 64
1632_0014_0007_0068_0068.jpg 1 14 7 68 68
1633_0017_0018_0029_0029.jpg 1 17 18 29 29
1634_0011_0020_0066_0066.jpg 1 11 20 66 66
1635_0037_0015_0050_0050.jpg 1 37 15 50 50
1636_0004_0025_0064_0064.jpg 1 4 25 64 64
1637_0040_0025_0037_0037.jpg 1 40 25 37 37
1638_0030_0064_0026_0026.jpg 1 30 64 26 26
1639_0011_0026_0052_0052.jpg 1 11 26 52 52
1640_0013_0028_0067_0067.jpg 1 13 28 67 67
1641_0019_0014_0045_0045.jpg 1 19 14 45 45
1642_0021_0025_0066_0066.jpg 1 21 25 66 66
1643_0017_0029_0061_0061.jpg 1 17 29 61 61
1644_0027_0032_0058_0058.jpg 1 27 32 58 58
1645_0054_0021_0038_0038.jpg 1 54 21 38 38
1646_0021_0030_0047_0047.jpg 1 21 30 47 47
1647_0009_0026_0025_0025.jpg 1 9 26 25 25
1648_0036_0054_0028_0028.jpg 1 36 54 28 28
1649_0012_0007_0057_0057.jpg 1 12 7 57 57
1650_0009_0013_0065_0065.jpg 1 9 13 65 65
1651_0017_0019_0069_0069.jpg 1 17 19 69 69
1652_0040_0019_0030_0030.jpg 1 40 19 30 30
1653_0054_0060_0028_0028.jpg 1 54 60 28 28
1654_0017_0036_0054_0054.jpg 1 17 36 54 54
1655_0039_0042_0051_0051.jpg 1 39 42 51 51
1656_0021_0013_0066_0066.jpg 1 21 13 66 66
1657_0004_0013_0061_0061.jpg 1 4 13 61 61
1658_0009_0021_0066_0066.jpg 1 9 21 66 66
1659_0020_0021_0030_0030.jpg 1 20 21 30 30
1660_0009_0039_0026_0026.jpg 1 9 39 26 26
1661_0046_0025_0041_0041.jpg 1 46 25 41 41
1662_0021_0038_0026_0026.jpg 1 21 38 26 26
1663_0020_0010_0065_0065.jpg 1 20 10 65 65
1664_0010_0048_0036_0036.jpg 1 10 48 36 36
1665_0004_0004_0063_0063.jpg 1 4 4 63 63
1666_0039_0032_0045_0045.jpg 1 39 32 45 45
1667_0016_0010_0058_0058.jpg 1 16 10 58 58
1668_0015_0042_0052_0052.jpg 1 15 42 52 52
1669_0036_0037_0058_0058.jpg 1 36 37 58 58
1670_0033_0036_0052_0052.jpg 1 33 36 52 52
1671_0014_0011_0056_0056.jpg 1 14 11 56 56
1672_0021_0029_0064_0064.jpg 1 21 29 64 64
1673_0020_0047_0037_0037.jpg 1 20 47 37 37
1674_0019_0009_0033_0033.jpg 1 19 9 33 33
1675_0061_0036_0024_0024.jpg 1 61 36 24 24
1676_0025_0015_0025_0025.jpg 1 25 15 25 25
1677_0038_0008_0039_0039.jpg 1 38 8 39 39
1678_0042_0019_0027_0027.jpg 1 42 19 27 27
1679_0042_0024_0027_0027.jpg 1 42 24 27 27
1680_0031_0018_0062_0062.jpg 1 31 18 62 62
1681_0005_0021_0068_0068.jpg 1 5 21 68 68
1682_0009_0017_0035_0035.jpg 1 9 17 35 35
1683_0044_0028_0050_0050.jpg 1 44 28 50 50
1684_0006_0039_0049_0049.jpg 1 6 39 49 49
1685_0046_0038_0027_0027.jpg 1 46 38 27 27
1686_0012_0022_0047_0047.jpg 1 12 22 47 47
1687_0029_0010_0062_0062.jpg 1 29 10 62 62
1688_0028_0021_0065_0065.jpg 1 28 21 65 65
1689_0008_0021_0053_0053.jpg 1 8 21 53 53
1690_0010_0056_0024_0024.jpg 1 10 56 24 24
1691_0024_0054_0039_0039.jpg 1 24 54 39 39
1692_0028_0032_0039_0039.jpg 1 28 32 39 39
1693_0008_0006_0067_0067.jpg 1 8 6 67 67
1694_0024_0042_0035_0035.jpg 1 24 42 35 35
1695_0022_0006_0059_0059.jpg 1 22 6 59 59
1696_0008_0031_0037_0037.jpg 1 8 31 37 37
1697_0028_0005_0066_0066.jpg 1 28 5 66 66
1698_0018_0009_0067_0067.jpg 1 18 9 67 67
1699_0003_0012_0069_0069.jpg 1 3 12 69 69
1700_0042_0045_0048_0048.jpg 1 42 45 48 48
1701_0023_0005_0058_0058.jpg 1 23 5 58 58
1702_0053_0032_0040_0040.jpg 1 53 32 40 40
1703_0011_0045_0045_0045.jpg 1 11 45 45 45
1704_0006_0023_0068_0068.jpg 1 6 23 68 68
1705_0014_0021_0064_0064.jpg 1 14 21 64 64
1706_0023_0016_0052_0052.jpg 1 23 16 52 52
1707_0041_0026_0052_0052.jpg 1 41 26 52 52
1708_0022_0033_0048_0048.jpg 1 22 33 48 48
1709_0040_0032_0053_0053.jpg 1 40 32 53 53
1710_0036_0009_0057_0057.jpg 1 36 9 57 57
1711_0021_0010_0031_0031.jpg 1 21 10 31 31
1712_0030_0013_0058_0058.jpg 1 30 13 58 58
1713_0025_0030_0064_0064.jpg 1 25 30 64 64
1714_0039_0056_0031_0031.jpg 1 39 56 31 31
1715_0057_0028_0030_0030.jpg 1 57 28 30 30
1716_0013_0026_0040_0040.jpg 1 13 26 40 40
1717_0023_0051_0039_0039.jpg 1 23 51 39 39
1718_0036_0048_0035_0035.jpg 1 36 48 35 35
1719_0010_0034_0058_0058.jpg 1 10 34 58 58
1720_0012_0047_0034_0034.jpg 1 12 47 34 34
1721_0045_0014_0037_0037.jpg 1 45 14 37 37
1722_0007_0010_0066_0066.jpg 1 7 10 66 66
1723_0029_0051_0036_0036.jpg 1 29 51 36 36
1724_0067_0051_0024_0024.jpg 1 67 51 24 24
1725_0011_0048_0042_0042.jpg 1 11 48 42 42
1726_0019_0025_0030_0030.jpg 1 19 25 30 30
1727_0026_0039_0030_0030.jpg 1 26 39 30 30
1728_0026_0049_0039_0039.jpg 1 26 49 39 39
1729_0030_0038_0053_0053.jpg 1 30 38 53 53
1730_0003_0007_0066_0066.jpg 1 3 7 66 66
1731_0039_0021_0055_0055.jpg 1 39 21 55 55
1732_0034_0052_0035_0035.jpg 1 34 52 35 35
1733_0056_0057_0028_0028.jpg 1 56 57 28 28
1734_0015_0036_0032_0032.jpg 1 15 36 32 32
1735_0028_0029_0035_0035.jpg 1 28 29 35 35
1736_0040_0037_0044_0044.jpg 1 40 37 44 44
1737_0011_0016_0061_0061.jpg 1 11 16 61 61
1738_0011_0023_0062_0062.jpg 1 11 23 62 62
1739_0013_0015_0068_0068.jpg 1 13 15 68 68
1740_0056_0041_0033_0033.jpg 1 56 41 33 33
1741_0031_0011_0050_0050.jpg 1 31 11 50 50
1742_0041_0025_0047_0047.jpg 1 41 25 47 47
1743_0045_0022_0049_0049.jpg 1 45 22 49 49
1744_0005_0034_0057_0057.jpg 1 5 34 57 57
1745_0009_0028_0028_0028.jpg 1 9 28 28 28
1746_0034_0017_0052_0052.jpg 1 34 17 52 52
1747_0009_0021_0050_0050.jpg 1 9 21 50 50
1748_0041_0036_0045_0045.jpg 1 41 36 45 45
1749_0018_0025_0061_0061.jpg 1 18 25 61 61
1750_0061_0062_0026_0026.jpg 1 61 62 26 26
1751_0004_0008_0063_0063.jpg 1 4 8 63 63
1752_0054_0028_0037_0037.jpg 1 54 28 37 37
1753_0045_0016_0027_0027.jpg 1 45 16 27 27
1754_0027_0019_0052_0052.jpg 1 27 19 52 52
1755_0016_0018_0067_0067.jpg 1 16 18 67 67
1756_0026_0045_0046_0046.jpg 1 26 45 46 46
1757_0030_0021_0059_0059.jpg 1 30 21 59 59
1758_0018_0022_0053_0053.jpg 1 18 22 53 53
1759_0025_0019_0034_0034.jpg 1 25 19 34 34
1760_0031_0011_0062_0062.jpg 1 31 11 62 62
1761_0059_0029_0025_0025.jpg 1 59 29 25 25
1762_0011_0026_0066_0066.jpg 1 11 26 66 66
1763_0030_0021_0060_0060.jpg 1 30 21 60 60
1764_0011_0034_0024_0024.jpg 1 11 34 24 24
1765_0021_0033_0054_0054.jpg 1 21 33 54 54
1766_0027_0025_0056_0056.jpg 1 27 25 56 56
1767_0017_0037_0057_0057.jpg 1 17 37 57 57
1768_0021_0042_0045_0045.jpg 1 21 42 45 45
1769_0006_0024_0058_0058.jpg 1 6 24 58 58
1770_0013_0039_0045_0045.jpg 1 13 39 45 45
1771_0043_0016_0024_0024.jpg 1 43 16 24 24
1772_0055_0046_0027_0027.jpg 1 55 46 27 27
1773_0044_0053_0040_0040.jpg 1 44 53 40 40
1774_0016_0018_0059_0059.jpg 1 16 18 59 59
1775_0041_0010_0024_0024.jpg 1 41 10 24 24
1776_0007_0005_0063_0063.jpg 1 7 5 63 63
1777_0040_0053_0024_0024.jpg 1 40 53 24 24
1778_0009_0017_0064_0064.jpg 1 9 17 64 64
1779_0033_0010_0038_0038.jpg 1 33 10 38 38
1780_0026_0034_0048_0048.jpg 1 26 34 48 48
1781_0018_0023_0069_0069.jpg 1 18 23 69 69
1782_0008_0012_0032_0032.jpg 1 8 12 32 32
1783_0011_0008_0063_0063.jpg 1 11 8 63 63
1784_0031_0028_0061_0061.jpg 1 31 28 61 61
1785_0044_0068_0024_0024.jpg 1 44 68 24 24
1786_0009_0003_0067_0067.jpg 1 9 3 67 67
1787_0038_0028_0039_0039.jpg 1 38 28 39 39
1788_0027_0025_0067_0067.jpg 1 27 25 67 67
1789_0017_0015_0027_0027.jpg 1 17 15 27 27
1790_0065_0032_0024_0024.jpg 1 65 32 24 24
1791_0047_0010_0030_0030.jpg 1 47 10 30 30
1792_0043_0025_0050_0050.jpg 1 43 25 50 50
1793_0022_0032_0064_0064.jpg 1 22 32 64 64
1794_0025_0039_0038_0038.jpg 1 25 39 38 38
1795_0029_0026_0052_0052.jpg 1 29 26 52 52
1796_0039_0009_0054_0054.jpg 1 39 9 54 54
1797_0018_0023_0059_0059.jpg 1 18 23 59 59
1798_0023_0019_0069_0069.jpg 1 23 19 69 69
1799_0007_0021_0064_0064.jpg 1 7 21 64 64
1800_0044_0028_0030_0030.jpg 1 44 28 30 30
1801_0028_0005_0046_0046.jpg 1 28 5 46 46
1802_0048_0022_0031_0031.jpg 1 48 22 31 31
1803_0033_0016_0056_0056.jpg 1 33 16 56 56
1804_0008_0041_0051_0051.jpg 1 8 41 51 51
1805_0040_0026_0041_0041.jpg 1 40 26 41 41
1806_0032_0023_0053_0053.jpg 1 32 23 53 53
1807_0008_0011_0040_0040.jpg 1 8 11 40 40
1808_0037_0020_0025_0025.jpg 1 37 20 25 25
1809_0032_0029_0061_0061.jpg 1 32 29 61 61
1810_0013_0025_0036_0036.jpg 1 13 25 36 36
1811_0021_0013_0065_0065.jpg 1 21 13 65 65
1812_0019_0018_0036_0036.jpg 1 19 18 36 36
1813_0024_0006_0057_0057.jpg 1 24 6 57 57
1814_0050_0009_0042_0042.jpg 1 50 9 42 42
1815_0026_0018_0069_0069.jpg 1 26 18 69 69
1816_0020_0008_0044_0044.jpg 1 20 8 44 44
1817_0019_0053_0027_0027.jpg 1 19 53 27 27
1818_0027_0009_0049_0049.jpg 1 27 9 49 49
1819_0018_0019_0035_0035.jpg 1 18 19 35 35
1820_0015_0017_0045_0045.jpg 1 15 17 45 45
1821_0022_0014_0059_0059.jpg 1 22 14 59 59
1822_0023_0015_0035_0035.jpg 1 23 15 35 35
1823_0041_0027_0031_0031.jpg 1 41 27 31 31
1824_0030_0007_0043_0043.jpg 1 30 7 43 43
1825_0037_0022_0050_0050.jpg 1 37 22 50 50
1826_0012_0050_0037_0037.jpg 1 12 50 37 37
1827_0016_0014_0026_0026.jpg 1 16 14 26 26
1828_0008_0013_0067_0067.jpg 1 8 13 67 67
1829_0027_0021_0029_0029.jpg 1 27 21 29 29
1830_0018_0019_0041_0041.jpg 1 18 19 41 41
1831_0046_0017_0039_0039.jpg 1 46 17 39 39
1832_0014_0017_0066_0066.jpg 1 14 17 66 66
1833_0007_0039_0046_0046.jpg 1 7 39 46 46
1834_0006_0010_0043_0043.jpg 1 6 10 43 43
1835_0026_0031_0062_0062.jpg 1 26 31 62 62
1836_0036_0044_0047_0047.jpg 1 36 44 47 47
1837_0027_0020_0027_0027.jpg 1 27 20 27 27
1838_0009_0004_0067_0067.jpg 1 9 4 67 67
1839_0026_0010_0058_0058.jpg 1 26 10 58 58
1840_0006_0023_0045_0045.jpg 1 6 23 45 45
1841_0028_0029_0052_0052.jpg 1 28 29 52 52
1842_0027_0020_0069_0069.jpg 1 27 20 69 69
1843_0017_0018_0048_0048.jpg 1 17 18 48 48
1844_0013_0014_0029_0029.jpg 1 13 14 29 29
1845_0009_0009_0047_0047.jpg 1 9 9 47 47
1846_0011_0007_0056_0056.jpg 1 11 7 56 56
1847_0004_0010_0061_0061.jpg 1 4 10 61 61
1848_0035_0027_0049_0049.jpg 1 35 27 49 49
1849_0016_0058_0033_0033.jpg 1 16 58 33 33
1850_0031_0031_0059_0059.jpg 1 31 31 59 59
1851_0047_0021_0044_0044.jpg 1 47 21 44 44
1852_0041_0056_0026_0026.jpg 1 41 56 26 26
1853_0026_0011_0035_0035.jpg 1 26 11 35 35
1854_0022_0011_0069_0069.jpg 1 22 11 69 69
1855_0006_0043_0040_0040.jpg 1 6 43 40 40
1856_0025_0019_0026_0026.jpg 1 25 19 26 26
1857_0033_0018_0033_0033.jpg 1 33 18 33 33
1858_0021_0011_0053_0053.jpg 1 21 11 53 53
1859_0021_0041_0047_0047.jpg 1 21 41 47 47
1860_0040_0051_0038_0038.jpg 1 40 51 38 38
1861_0017_0006_0043_0043.jpg 1 17 6 43 43
1862_0015_0009_0069_0069.jpg 1 15 9 69 69
1863_0059_0026_0032_0032.jpg 1 59 26 32 32
1864_0016_0019_0062_0062.jpg 1 16 19 62 62
1865_0048_0014_0040_0040.jpg 1 48 14 40 40
1866_0009_0017_0058_0058.jpg 1 9 17 58 58
1867_0017_0035_0040_0040.jpg 1 17 35 40 40
1868_0003_0006_0069_0069.jpg 1 3 6 69 69
1869_0020_0058_0030_0030.jpg 1 20 58 30 30
1870_0009_0060_0029_0029.jpg 1 9 60 29 29
1871_0024_0017_0065_0065.jpg 1 24 17 65 65
1872_0028_0029_0049_0049.jpg 1 28 29 49 49
1873_0031_0018_0044_0044.jpg 1 31 18 44 44
1874_0013_0007_0036_0036.jpg 1 13 7 36 36
1875_0036_0038_0040_0040.jpg 1 36 38 40 40
1876_0044_0055_0034_0034.jpg 1 44 55 34 34
1877_0007_0024_0059_0059.jpg 1 7 24 59 59
1878_0044_0010_0046_0046.jpg 1 44 10 46 46
1879_0026_0049_0044_0044.jpg 1 26 49 44 44
1880_0032_0017_0047_0047.jpg 1 32 17 47 47
1881_0040_0022_0049_0049.jpg 1 40 22 49 49
1882_0021_0011_0064_0064.jpg 1 21 11 64 64
1883_0011_0052_0041_0041.jpg 1 11 52 41 41
1884_0041_0054_0036_0036.jpg 1 41 54 36 36
1885_0008_0027_0035_0035.jpg 1 8 27 35 35
1886_0020_0008_0025_0025.jpg 1 20 8 25 25
1887_0046_0041_0040_0040.jpg 1 46 41 40 40
1888_0033_0029_0040_0040.jpg 1 33 29 40 40
1889_0042_0037_0031_0031.jpg 1 42 37 31 31
1890_0009_0009_0039_0039.jpg 1 9 9 39 39
1891_0030_0025_0063_0063.jpg 1 30 25 63 63
1892_0020_0023_0061_0061.jpg 1 20 23 61 61
1893_0022_0042_0041_0041.jpg 1 22 42 41 41
1894_0012_0010_0068_0068.jpg 1 12 10 68 68
1895_0020_0018_0069_0069.jpg 1 20 18 69 69
1896_0028_0044_0027_0027.jpg 1 28 44 27 27
1897_0022_0018_0035_0035.jpg 1 22 18 35 35
1898_0029_0026_0049_0049.jpg 1 29 26 49 49
1899_0016_0017_0056_0056.jpg 1 16 17 56 56
1900_0025_0020_0032_0032.jpg 1 25 20 32 32
