0001_0026_0011_0047_0047.jpg 1 26 11 47 47
0002_0027_0025_0068_0068.jpg 1 27 25 68 68
0003_0015_0053_0040_0040.jpg 1 15 53 40 40
0004_0027_0007_0064_0064.jpg 1 27 7 64 64
0005_0020_0026_0063_0063.jpg 1 20 26 63 63
0006_0012_0012_0033_0033.jpg 1 12 12 33 33
0007_0015_0038_0046_0046.jpg 1 15 38 46 46
0008_0007_0011_0065_0065.jpg 1 7 11 65 65
0009_0021_0030_0057_0057.jpg 1 21 30 57 57
0010_0044_0013_0040_0040.jpg 1 44 13 40 40
0011_0009_0009_0044_0044.jpg 1 9 9 44 44
0012_0017_0006_0059_0059.jpg 1 17 6 59 59
0013_0026_0025_0060_0060.jpg 1 26 25 60 60
0014_0062_0024_0030_0030.jpg 1 62 24 30 30
0015_0035_0008_0060_0060.jpg 1 35 8 60 60
0016_0009_0019_0064_0064.jpg 1 9 19 64 64
0017_0053_0044_0030_0030.jpg 1 53 44 30 30
0018_0035_0011_0054_0054.jpg 1 35 11 54 54
0019_0053_0007_0039_0039.jpg 1 53 7 39 39
0020_0015_0008_0030_0030.jpg 1 15 8 30 30
0021_0025_0015_0069_0069.jpg 1 25 15 69 69
0022_0007_0016_0069_0069.jpg 1 7 16 69 69
0023_0029_0020_0052_0052.jpg 1 29 20 52 52
0024_0035_0032_0039_0039.jpg 1 35 32 39 39
0025_0063_0066_0025_0025.jpg 1 63 66 25 25
0026_0027_0053_0038_0038.jpg 1 27 53 38 38
0027_0040_0019_0028_0028.jpg 1 40 19 28 28
0028_0017_0008_0066_0066.jpg 1 17 8 66 66
0029_0018_0004_0064_0064.jpg 1 18 4 64 64
0030_0014_0023_0062_0062.jpg 1 14 23 62 62
0031_0047_0028_0045_0045.jpg 1 47 28 45 45
0032_0016_0050_0038_0038.jpg 1 16 50 38 38
0033_0005_0022_0064_0064.jpg 1 5 22 64 64
0034_0021_0014_0067_0067.jpg 1 21 14 67 67
0035_0038_0024_0056_0056.jpg 1 38 24 56 56
0036_0020_0004_0068_0068.jpg 1 20 4 68 68
0037_0034_0005_0061_0061.jpg 1 34 5 61 61
0038_0018_0035_0056_0056.jpg 1 18 35 56 56
0039_0003_0005_0067_0067.jpg 1 3 5 67 67
0040_0040_0034_0034_0034.jpg 1 40 34 34 34
0041_0051_0024_0025_0025.jpg 1 51 24 25 25
0042_0011_0040_0041_0041.jpg 1 11 40 41 41
0043_0062_0011_0025_0025.jpg 1 62 11 25 25
0044_0038_0043_0051_0051.jpg 1 38 43 51 51
0045_0014_0019_0069_0069.jpg 1 14 19 69 69
0046_0046_0021_0034_0034.jpg 1 46 21 34 34
0047_0023_0025_0045_0045.jpg 1 23 25 45 45
0048_0017_0043_0041_0041.jpg 1 17 43 41 41
0049_0051_0046_0039_0039.jpg 1 51 46 39 39
0050_0048_0051_0025_0025.jpg 1 48 51 25 25
0051_0030_0016_0059_0059.jpg 1 30 16 59 59
0052_0028_0025_0063_0063.jpg 1 28 25 63 63
0053_0019_0015_0067_0067.jpg 1 19 15 67 67
0054_0011_0020_0067_0067.jpg 1 11 20 67 67
0055_0022_0005_0067_0067.jpg 1 22 5 67 67
0056_0010_0008_0067_0067.jpg 1 10 8 67 67
0057_0011_0034_0027_0027.jpg 1 11 34 27 27
0058_0047_0015_0042_0042.jpg 1 47 15 42 42
0059_0041_0027_0037_0037.jpg 1 41 27 37 37
0060_0030_0013_0048_0048.jpg 1 30 13 48 48
0061_0034_0046_0046_0046.jpg 1 34 46 46 46
0062_0008_0008_0068_0068.jpg 1 8 8 68 68
0063_0027_0005_0064_0064.jpg 1 27 5 64 64
0064_0037_0037_0043_0043.jpg 1 37 37 43 43
0065_0027_0019_0044_0044.jpg 1 27 19 44 44
0066_0005_0035_0056_0056.jpg 1 5 35 56 56
0067_0017_0032_0040_0040.jpg 1 17 32 40 40
0068_0029_0046_0024_0024.jpg 1 29 46 24 24
0069_0023_0010_0025_0025.jpg 1 23 10 25 25
0070_0028_0012_0038_0038.jpg 1 28 12 38 38
0071_0005_0027_0049_0049.jpg 1 5 27 49 49
0072_0029_0037_0024_0024.jpg 1 29 37 24 24
0073_0037_0032_0057_0057.jpg 1 37 32 57 57
0074_0017_0011_0068_0068.jpg 1 17 11 68 68
0075_0010_0035_0047_0047.jpg 1 10 35 47 47
0076_0030_0043_0029_0029.jpg 1 30 43 29 29
0077_0029_0050_0042_0042.jpg 1 29 50 42 42
0078_0020_0022_0068_0068.jpg 1 20 22 68 68
0079_0006_0012_0051_0051.jpg 1 6 12 51 51
0080_0018_0029_0052_0052.jpg 1 18 29 52 52
0081_0054_0017_0037_0037.jpg 1 54 17 37 37
0082_0009_0018_0052_0052.jpg 1 9 18 52 52
0083_0011_0036_0059_0059.jpg 1 11 36 59 59
0084_0013_0019_0045_0045.jpg 1 13 19 45 45
0085_0024_0012_0055_0055.jpg 1 24 12 55 55
0086_0032_0053_0038_0038.jpg 1 32 53 38 38
0087_0013_0014_0066_0066.jpg 1 13 14 66 66
0088_0026_0022_0067_0067.jpg 1 26 22 67 67
0089_0036_0034_0048_0048.jpg 1 36 34 48 48
0090_0058_0056_0033_0033.jpg 1 58 56 33 33
0091_0012_0041_0046_0046.jpg 1 12 41 46 46
0092_0053_0027_0031_0031.jpg 1 53 27 31 31
0093_0017_0032_0064_0064.jpg 1 17 32 64 64
0094_0015_0014_0047_0047.jpg 1 15 14 47 47
0095_0017_0021_0053_0053.jpg 1 17 21 53 53
0096_0060_0049_0028_0028.jpg 1 60 49 28 28
0097_0034_0013_0027_0027.jpg 1 34 13 27 27
0098_0032_0031_0030_0030.jpg 1 32 31 30 30
0099_0028_0019_0050_0050.jpg 1 28 19 50 50
0100_0046_0044_0044_0044.jpg 1 46 44 44 44
0101_0021_0034_0058_0058.jpg 1 21 34 58 58
0102_0020_0014_0069_0069.jpg 1 20 14 69 69
0103_0023_0027_0034_0034.jpg 1 23 27 34 34
0104_0022_0009_0062_0062.jpg 1 22 9 62 62
0105_0008_0027_0060_0060.jpg 1 8 27 60 60
0106_0030_0045_0029_0029.jpg 1 30 45 29 29
0107_0038_0046_0042_0042.jpg 1 38 46 42 42
0108_0015_0017_0068_0068.jpg 1 15 17 68 68
0109_0045_0049_0043_0043.jpg 1 45 49 43 43
0110_0032_0023_0062_0062.jpg 1 32 23 62 62
0111_0037_0047_0045_0045.jpg 1 37 47 45 45
0112_0022_0027_0062_0062.jpg 1 22 27 62 62
0113_0015_0006_0064_0064.jpg 1 15 6 64 64
0114_0023_0015_0056_0056.jpg 1 23 15 56 56
0115_0029_0038_0024_0024.jpg 1 29 38 24 24
0116_0053_0047_0034_0034.jpg 1 53 47 34 34
0117_0029_0010_0044_0044.jpg 1 29 10 44 44
0118_0020_0021_0041_0041.jpg 1 20 21 41 41
0119_0041_0041_0052_0052.jpg 1 41 41 52 52
0120_0047_0018_0046_0046.jpg 1 47 18 46 46
0121_0019_0033_0055_0055.jpg 1 19 33 55 55
0122_0024_0057_0031_0031.jpg 1 24 57 31 31
0123_0022_0011_0067_0067.jpg 1 22 11 67 67
0124_0006_0040_0055_0055.jpg 1 6 40 55 55
0125_0029_0016_0065_0065.jpg 1 29 16 65 65
0126_0030_0021_0035_0035.jpg 1 30 21 35 35
0127_0028_0040_0052_0052.jpg 1 28 40 52 52
0128_0014_0006_0063_0063.jpg 1 14 6 63 63
0129_0022_0032_0044_0044.jpg 1 22 32 44 44
0130_0013_0032_0061_0061.jpg 1 13 32 61 61
0131_0052_0026_0028_0028.jpg 1 52 26 28 28
0132_0007_0013_0057_0057.jpg 1 7 13 57 57
0133_0010_0005_0063_0063.jpg 1 10 5 63 63
0134_0004_0014_0065_0065.jpg 1 4 14 65 65
0135_0024_0014_0056_0056.jpg 1 24 14 56 56
0136_0016_0022_0034_0034.jpg 1 16 22 34 34
0137_0047_0028_0041_0041.jpg 1 47 28 41 41
0138_0034_0010_0053_0053.jpg 1 34 10 53 53
0139_0038_0013_0038_0038.jpg 1 38 13 38 38
0140_0026_0028_0045_0045.jpg 1 26 28 45 45
0141_0025_0039_0032_0032.jpg 1 25 39 32 32
0142_0006_0032_0052_0052.jpg 1 6 32 52 52
0143_0027_0027_0040_0040.jpg 1 27 27 40 40
0144_0015_0026_0044_0044.jpg 1 15 26 44 44
0145_0057_0049_0032_0032.jpg 1 57 49 32 32
0146_0047_0032_0033_0033.jpg 1 47 32 33 33
0147_0025_0015_0057_0057.jpg 1 25 15 57 57
0148_0021_0028_0036_0036.jpg 1 21 28 36 36
0149_0019_0005_0069_0069.jpg 1 19 5 69 69
0150_0022_0008_0059_0059.jpg 1 22 8 59 59
0151_0039_0010_0034_0034.jpg 1 39 10 34 34
0152_0005_0044_0046_0046.jpg 1 5 44 46 46
0153_0036_0028_0051_0051.jpg 1 36 28 51 51
0154_0038_0039_0049_0049.jpg 1 38 39 49 49
0155_0020_0018_0062_0062.jpg 1 20 18 62 62
0156_0038_0022_0049_0049.jpg 1 38 22 49 49
0157_0023_0060_0025_0025.jpg 1 23 60 25 25
0158_0059_0044_0028_0028.jpg 1 59 44 28 28
0159_0047_0052_0029_0029.jpg 1 47 52 29 29
0160_0044_0041_0033_0033.jpg 1 44 41 33 33
0161_0053_0042_0030_0030.jpg 1 53 42 30 30
0162_0035_0046_0033_0033.jpg 1 35 46 33 33
0163_0040_0026_0050_0050.jpg 1 40 26 50 50
0164_0020_0025_0066_0066.jpg 1 20 25 66 66
0165_0026_0028_0042_0042.jpg 1 26 28 42 42
0166_0017_0021_0066_0066.jpg 1 17 21 66 66
0167_0016_0027_0033_0033.jpg 1 16 27 33 33
0168_0010_0047_0046_0046.jpg 1 10 47 46 46
0169_0013_0029_0059_0059.jpg 1 13 29 59 59
0170_0012_0020_0059_0059.jpg 1 12 20 59 59
0171_0045_0045_0047_0047.jpg 1 45 45 47 47
0172_0012_0018_0065_0065.jpg 1 12 18 65 65
0173_0039_0060_0028_0028.jpg 1 39 60 28 28
0174_0034_0008_0060_0060.jpg 1 34 8 60 60
0175_0026_0016_0065_0065.jpg 1 26 16 65 65
0176_0022_0036_0045_0045.jpg 1 22 36 45 45
0177_0021_0015_0051_0051.jpg 1 21 15 51 51
0178_0022_0034_0045_0045.jpg 1 22 34 45 45
0179_0011_0007_0060_0060.jpg 1 11 7 60 60
0180_0027_0008_0064_0064.jpg 1 27 8 64 64
0181_0025_0007_0052_0052.jpg 1 25 7 52 52
0182_0012_0011_0067_0067.jpg 1 12 11 67 67
0183_0051_0032_0034_0034.jpg 1 51 32 34 34
0184_0041_0032_0044_0044.jpg 1 41 32 44 44
0185_0031_0046_0039_0039.jpg 1 31 46 39 39
0186_0006_0011_0064_0064.jpg 1 6 11 64 64
0187_0005_0016_0053_0053.jpg 1 5 16 53 53
0188_0035_0018_0058_0058.jpg 1 35 18 58 58
0189_0021_0029_0067_0067.jpg 1 21 29 67 67
0190_0014_0021_0051_0051.jpg 1 14 21 51 51
0191_0019_0006_0068_0068.jpg 1 19 6 68 68
0192_0012_0014_0049_0049.jpg 1 12 14 49 49
0193_0007_0054_0037_0037.jpg 1 7 54 37 37
0194_0042_0015_0052_0052.jpg 1 42 15 52 52
0195_0015_0010_0055_0055.jpg 1 15 10 55 55
0196_0028_0037_0031_0031.jpg 1 28 37 31 31
0197_0020_0061_0030_0030.jpg 1 20 61 30 30
0198_0015_0030_0062_0062.jpg 1 15 30 62 62
0199_0049_0034_0037_0037.jpg 1 49 34 37 37
0200_0036_0067_0024_0024.jpg 1 36 67 24 24
0201_0017_0038_0029_0029.jpg 1 17 38 29 29
0202_0017_0037_0058_0058.jpg 1 17 37 58 58
0203_0044_0007_0048_0048.jpg 1 44 7 48 48
0204_0026_0023_0035_0035.jpg 1 26 23 35 35
0205_0062_0018_0025_0025.jpg 1 62 18 25 25
0206_0022_0008_0054_0054.jpg 1 22 8 54 54
0207_0027_0010_0058_0058.jpg 1 27 10 58 58
0208_0053_0028_0026_0026.jpg 1 53 28 26 26
0209_0037_0012_0058_0058.jpg 1 37 12 58 58
0210_0018_0018_0069_0069.jpg 1 18 18 69 69
0211_0028_0007_0045_0045.jpg 1 28 7 45 45
0212_0055_0034_0032_0032.jpg 1 55 34 32 32
0213_0044_0033_0026_0026.jpg 1 44 33 26 26
0214_0008_0014_0059_0059.jpg 1 8 14 59 59
0215_0032_0004_0059_0059.jpg 1 32 4 59 59
0216_0023_0023_0058_0058.jpg 1 23 23 58 58
0217_0055_0026_0038_0038.jpg 1 55 26 38 38
0218_0006_0031_0053_0053.jpg 1 6 31 53 53
0219_0012_0018_0069_0069.jpg 1 12 18 69 69
0220_0007_0021_0054_0054.jpg 1 7 21 54 54
0221_0058_0031_0034_0034.jpg 1 58 31 34 34
0222_0018_0016_0068_0068.jpg 1 18 16 68 68
0223_0025_0023_0044_0044.jpg 1 25 23 44 44
0224_0019_0030_0058_0058.jpg 1 19 30 58 58
0225_0038_0009_0055_0055.jpg 1 38 9 55 55
0226_0014_0019_0061_0061.jpg 1 14 19 61 61
0227_0020_0024_0045_0045.jpg 1 20 24 45 45
0228_0036_0013_0053_0053.jpg 1 36 13 53 53
0229_0007_0014_0048_0048.jpg 1 7 14 48 48
0230_0027_0021_0067_0067.jpg 1 27 21 67 67
0231_0013_0008_0035_0035.jpg 1 13 8 35 35
0232_0057_0007_0035_0035.jpg 1 57 7 35 35
0233_0016_0033_0040_0040.jpg 1 16 33 40 40
0234_0015_0033_0039_0039.jpg 1 15 33 39 39
0235_0033_0006_0055_0055.jpg 1 33 6 55 55
0236_0051_0011_0027_0027.jpg 1 51 11 27 27
0237_0033_0029_0024_0024.jpg 1 33 29 24 24
0238_0006_0038_0051_0051.jpg 1 6 38 51 51
0239_0010_0022_0025_0025.jpg 1 10 22 25 25
0240_0041_0020_0044_0044.jpg 1 41 20 44 44
0241_0016_0013_0062_0062.jpg 1 16 13 62 62
0242_0008_0016_0052_0052.jpg 1 8 16 52 52
0243_0024_0036_0058_0058.jpg 1 24 36 58 58
0244_0013_0019_0051_0051.jpg 1 13 19 51 51
0245_0017_0024_0029_0029.jpg 1 17 24 29 29
0246_0035_0023_0061_0061.jpg 1 35 23 61 61
0247_0012_0036_0057_0057.jpg 1 12 36 57 57
0248_0019_0030_0056_0056.jpg 1 19 30 56 56
0249_0019_0016_0067_0067.jpg 1 19 16 67 67
0250_0035_0030_0052_0052.jpg 1 35 30 52 52
0251_0027_0020_0024_0024.jpg 1 27 20 24 24
0252_0042_0039_0027_0027.jpg 1 42 39 27 27
0253_0022_0029_0066_0066.jpg 1 22 29 66 66
0254_0061_0026_0028_0028.jpg 1 61 26 28 28
0255_0025_0019_0059_0059.jpg 1 25 19 59 59
0256_0012_0031_0059_0059.jpg 1 12 31 59 59
0257_0054_0053_0037_0037.jpg 1 54 53 37 37
0258_0027_0009_0036_0036.jpg 1 27 9 36 36
0259_0014_0038_0056_0056.jpg 1 14 38 56 56
0260_0021_0020_0055_0055.jpg 1 21 20 55 55
0261_0026_0009_0037_0037.jpg 1 26 9 37 37
0262_0036_0018_0054_0054.jpg 1 36 18 54 54
0263_0053_0021_0030_0030.jpg 1 53 21 30 30
0264_0017_0019_0064_0064.jpg 1 17 19 64 64
0265_0044_0060_0026_0026.jpg 1 44 60 26 26
0266_0010_0044_0047_0047.jpg 1 10 44 47 47
0267_0041_0008_0025_0025.jpg 1 41 8 25 25
0268_0014_0041_0039_0039.jpg 1 14 41 39 39
0269_0017_0027_0065_0065.jpg 1 17 27 65 65
0270_0031_0034_0030_0030.jpg 1 31 34 30 30
0271_0021_0011_0044_0044.jpg 1 21 11 44 44
0272_0014_0031_0053_0053.jpg 1 14 31 53 53
0273_0052_0037_0035_0035.jpg 1 52 37 35 35
0274_0012_0036_0055_0055.jpg 1 12 36 55 55
0275_0040_0040_0044_0044.jpg 1 40 40 44 44
0276_0008_0037_0045_0045.jpg 1 8 37 45 45
0277_0011_0034_0056_0056.jpg 1 11 34 56 56
0278_0067_0024_0024_0024.jpg 1 67 24 24 24
0279_0006_0028_0065_0065.jpg 1 6 28 65 65
0280_0021_0006_0064_0064.jpg 1 21 6 64 64
0281_0040_0046_0033_0033.jpg 1 40 46 33 33
0282_0056_0006_0037_0037.jpg 1 56 6 37 37
0283_0022_0012_0042_0042.jpg 1 22 12 42 42
0284_0048_0013_0043_0043.jpg 1 48 13 43 43
0285_0015_0014_0046_0046.jpg 1 15 14 46 46
0286_0041_0027_0025_0025.jpg 1 41 27 25 25
0287_0061_0012_0026_0026.jpg 1 61 12 26 26
0288_0012_0033_0054_0054.jpg 1 12 33 54 54
0289_0005_0005_0067_0067.jpg 1 5 5 67 67
0290_0008_0014_0047_0047.jpg 1 8 14 47 47
0291_0028_0025_0056_0056.jpg 1 28 25 56 56
0292_0031_0020_0057_0057.jpg 1 31 20 57 57
0293_0011_0023_0065_0065.jpg 1 11 23 65 65
0294_0033_0021_0043_0043.jpg 1 33 21 43 43
0295_0015_0032_0035_0035.jpg 1 15 32 35 35
0296_0015_0022_0065_0065.jpg 1 15 22 65 65
0297_0056_0044_0028_0028.jpg 1 56 44 28 28
0298_0044_0014_0027_0027.jpg 1 44 14 27 27
0299_0028_0022_0067_0067.jpg 1 28 22 67 67
0300_0021_0015_0058_0058.jpg 1 21 15 58 58
0301_0019_0009_0069_0069.jpg 1 19 9 69 69
0302_0029_0027_0062_0062.jpg 1 29 27 62 62
0303_0051_0028_0036_0036.jpg 1 51 28 36 36
0304_0041_0006_0046_0046.jpg 1 41 6 46 46
0305_0008_0011_0061_0061.jpg 1 8 11 61 61
0306_0019_0023_0062_0062.jpg 1 19 23 62 62
0307_0014_0054_0033_0033.jpg 1 14 54 33 33
0308_0008_0024_0031_0031.jpg 1 8 24 31 31
0309_0022_0027_0028_0028.jpg 1 22 27 28 28
0310_0009_0022_0057_0057.jpg 1 9 22 57 57
0311_0005_0013_0060_0060.jpg 1 5 13 60 60
0312_0064_0045_0025_0025.jpg 1 64 45 25 25
0313_0049_0019_0032_0032.jpg 1 49 19 32 32
0314_0009_0016_0054_0054.jpg 1 9 16 54 54
0315_0022_0020_0047_0047.jpg 1 22 20 47 47
0316_0050_0033_0034_0034.jpg 1 50 33 34 34
0317_0022_0008_0062_0062.jpg 1 22 8 62 62
0318_0036_0056_0037_0037.jpg 1 36 56 37 37
0319_0019_0025_0045_0045.jpg 1 19 25 45 45
0320_0007_0012_0057_0057.jpg 1 7 12 57 57
0321_0029_0034_0044_0044.jpg 1 29 34 44 44
0322_0012_0028_0025_0025.jpg 1 12 28 25 25
0323_0006_0006_0068_0068.jpg 1 6 6 68 68
0324_0028_0036_0024_0024.jpg 1 28 36 24 24
0325_0011_0038_0053_0053.jpg 1 11 38 53 53
0326_0004_0014_0066_0066.jpg 1 4 14 66 66
0327_0028_0031_0052_0052.jpg 1 28 31 52 52
0328_0025_0005_0048_0048.jpg 1 25 5 48 48
0329_0019_0037_0054_0054.jpg 1 19 37 54 54
0330_0033_0060_0024_0024.jpg 1 33 60 24 24
0331_0048_0058_0026_0026.jpg 1 48 58 26 26
0332_0025_0026_0056_0056.jpg 1 25 26 56 56
0333_0017_0051_0027_0027.jpg 1 17 51 27 27
0334_0060_0039_0025_0025.jpg 1 60 39 25 25
0335_0023_0056_0030_0030.jpg 1 23 56 30 30
0336_0039_0068_0024_0024.jpg 1 39 68 24 24
0337_0019_0017_0066_0066.jpg 1 19 17 66 66
0338_0034_0011_0051_0051.jpg 1 34 11 51 51
0339_0025_0038_0031_0031.jpg 1 25 38 31 31
0340_0036_0045_0047_0047.jpg 1 36 45 47 47
0341_0027_0042_0045_0045.jpg 1 27 42 45 45
0342_0023_0004_0066_0066.jpg 1 23 4 66 66
0343_0036_0021_0046_0046.jpg 1 36 21 46 46
0344_0017_0016_0059_0059.jpg 1 17 16 59 59
0345_0042_0035_0049_0049.jpg 1 42 35 49 49
0346_0034_0025_0052_0052.jpg 1 34 25 52 52
0347_0013_0040_0054_0054.jpg 1 13 40 54 54
0348_0032_0010_0058_0058.jpg 1 32 10 58 58
0349_0015_0022_0046_0046.jpg 1 15 22 46 46
0350_0043_0050_0031_0031.jpg 1 43 50 31 31
0351_0029_0045_0029_0029.jpg 1 29 45 29 29
0352_0023_0005_0062_0062.jpg 1 23 5 62 62
0353_0036_0037_0039_0039.jpg 1 36 37 39 39
0354_0013_0021_0062_0062.jpg 1 13 21 62 62
0355_0011_0026_0056_0056.jpg 1 11 26 56 56
0356_0030_0019_0025_0025.jpg 1 30 19 25 25
0357_0038_0038_0045_0045.jpg 1 38 38 45 45
0358_0026_0026_0056_0056.jpg 1 26 26 56 56
0359_0010_0023_0061_0061.jpg 1 10 23 61 61
0360_0037_0010_0038_0038.jpg 1 37 10 38 38
0361_0003_0005_0066_0066.jpg 1 3 5 66 66
0362_0018_0021_0060_0060.jpg 1 18 21 60 60
0363_0009_0015_0064_0064.jpg 1 9 15 64 64
0364_0054_0027_0026_0026.jpg 1 54 27 26 26
0365_0014_0049_0026_0026.jpg 1 14 49 26 26
0366_0009_0014_0054_0054.jpg 1 9 14 54 54
0367_0013_0043_0048_0048.jpg 1 13 43 48 48
0368_0022_0027_0053_0053.jpg 1 22 27 53 53
0369_0017_0004_0068_0068.jpg 1 17 4 68 68
0370_0015_0040_0041_0041.jpg 1 15 40 41 41
0371_0029_0036_0037_0037.jpg 1 29 36 37 37
0372_0051_0012_0025_0025.jpg 1 51 12 25 25
0373_0039_0034_0042_0042.jpg 1 39 34 42 42
0374_0008_0006_0060_0060.jpg 1 8 6 60 60
0375_0018_0031_0060_0060.jpg 1 18 31 60 60
0376_0014_0004_0058_0058.jpg 1 14 4 58 58
0377_0013_0011_0058_0058.jpg 1 13 11 58 58
0378_0005_0039_0053_0053.jpg 1 5 39 53 53
0379_0014_0013_0054_0054.jpg 1 14 13 54 54
0380_0017_0028_0024_0024.jpg 1 17 28 24 24
0381_0037_0030_0048_0048.jpg 1 37 30 48 48
0382_0008_0008_0029_0029.jpg 1 8 8 29 29
0383_0042_0040_0053_0053.jpg 1 42 40 53 53
0384_0011_0021_0066_0066.jpg 1 11 21 66 66
0385_0055_0019_0038_0038.jpg 1 55 19 38 38
0386_0027_0007_0067_0067.jpg 1 27 7 67 67
0387_0066_0027_0024_0024.jpg 1 66 27 24 24
0388_0016_0033_0050_0050.jpg 1 16 33 50 50
0389_0024_0020_0061_0061.jpg 1 24 20 61 61
0390_0020_0053_0026_0026.jpg 1 20 53 26 26
0391_0029_0053_0040_0040.jpg 1 29 53 40 40
0392_0047_0046_0027_0027.jpg 1 47 46 27 27
0393_0034_0012_0054_0054.jpg 1 34 12 54 54
0394_0052_0050_0038_0038.jpg 1 52 50 38 38
0395_0012_0042_0045_0045.jpg 1 12 42 45 45
0396_0061_0061_0026_0026.jpg 1 61 61 26 26
0397_0040_0036_0052_0052.jpg 1 40 36 52 52
0398_0016_0042_0035_0035.jpg 1 16 42 35 35
0399_0024_0008_0046_0046.jpg 1 24 8 46 46
0400_0041_0009_0033_0033.jpg 1 41 9 33 33
0401_0008_0054_0036_0036.jpg 1 8 54 36 36
0402_0045_0038_0041_0041.jpg 1 45 38 41 41
0403_0008_0059_0028_0028.jpg 1 8 59 28 28
0404_0026_0015_0042_0042.jpg 1 26 15 42 42
0405_0008_0051_0027_0027.jpg 1 8 51 27 27
0406_0010_0029_0064_0064.jpg 1 10 29 64 64
0407_0022_0034_0061_0061.jpg 1 22 34 61 61
0408_0012_0024_0065_0065.jpg 1 12 24 65 65
0409_0053_0036_0038_0038.jpg 1 53 36 38 38
0410_0008_0018_0036_0036.jpg 1 8 18 36 36
0411_0018_0003_0067_0067.jpg 1 18 3 67 67
0412_0023_0031_0065_0065.jpg 1 23 31 65 65
0413_0035_0027_0027_0027.jpg 1 35 27 27 27
0414_0025_0036_0030_0030.jpg 1 25 36 30 30
0415_0041_0022_0039_0039.jpg 1 41 22 39 39
0416_0016_0020_0066_0066.jpg 1 16 20 66 66
0417_0042_0036_0052_0052.jpg 1 42 36 52 52
0418_0022_0022_0053_0053.jpg 1 22 22 53 53
0419_0028_0042_0036_0036.jpg 1 28 42 36 36
0420_0027_0012_0035_0035.jpg 1 27 12 35 35
0421_0011_0006_0066_0066.jpg 1 11 6 66 66
0422_0027_0008_0039_0039.jpg 1 27 8 39 39
0423_0022_0014_0062_0062.jpg 1 22 14 62 62
0424_0048_0032_0042_0042.jpg 1 48 32 42 42
0425_0022_0012_0055_0055.jpg 1 22 12 55 55
0426_0052_0021_0031_0031.jpg 1 52 21 31 31
0427_0011_0050_0028_0028.jpg 1 11 50 28 28
0428_0011_0017_0054_0054.jpg 1 11 17 54 54
0429_0029_0033_0042_0042.jpg 1 29 33 42 42
0430_0026_0017_0053_0053.jpg 1 26 17 53 53
0431_0016_0039_0037_0037.jpg 1 16 39 37 37
0432_0029_0024_0045_0045.jpg 1 29 24 45 45
0433_0007_0010_0052_0052.jpg 1 7 10 52 52
0434_0037_0049_0038_0038.jpg 1 37 49 38 38
0435_0029_0026_0041_0041.jpg 1 29 26 41 41
0436_0027_0040_0047_0047.jpg 1 27 40 47 47
0437_0017_0052_0030_0030.jpg 1 17 52 30 30
0438_0026_0015_0069_0069.jpg 1 26 15 69 69
0439_0027_0011_0061_0061.jpg 1 27 11 61 61
0440_0062_0037_0025_0025.jpg 1 62 37 25 25
0441_0018_0005_0050_0050.jpg 1 18 5 50 50
0442_0042_0051_0039_0039.jpg 1 42 51 39 39
0443_0014_0022_0062_0062.jpg 1 14 22 62 62
0444_0035_0049_0035_0035.jpg 1 35 49 35 35
0445_0038_0041_0042_0042.jpg 1 38 41 42 42
0446_0041_0045_0036_0036.jpg 1 41 45 36 36
0447_0039_0028_0055_0055.jpg 1 39 28 55 55
0448_0015_0016_0040_0040.jpg 1 15 16 40 40
0449_0058_0049_0034_0034.jpg 1 58 49 34 34
0450_0011_0025_0064_0064.jpg 1 11 25 64 64
0451_0029_0009_0060_0060.jpg 1 29 9 60 60
0452_0026_0003_0067_0067.jpg 1 26 3 67 67
0453_0029_0035_0032_0032.jpg 1 29 35 32 32
0454_0020_0020_0065_0065.jpg 1 20 20 65 65
0455_0008_0013_0028_0028.jpg 1 8 13 28 28
0456_0047_0013_0047_0047.jpg 1 47 13 47 47
0457_0046_0018_0048_0048.jpg 1 46 18 48 48
0458_0020_0039_0040_0040.jpg 1 20 39 40 40
0459_0042_0007_0048_0048.jpg 1 42 7 48 48
0460_0016_0020_0056_0056.jpg 1 16 20 56 56
0461_0020_0034_0060_0060.jpg 1 20 34 60 60
0462_0013_0019_0063_0063.jpg 1 13 19 63 63
0463_0010_0034_0028_0028.jpg 1 10 34 28 28
0464_0020_0007_0061_0061.jpg 1 20 7 61 61
0465_0023_0013_0066_0066.jpg 1 23 13 66 66
0466_0026_0018_0055_0055.jpg 1 26 18 55 55
0467_0019_0029_0053_0053.jpg 1 19 29 53 53
0468_0024_0017_0037_0037.jpg 1 24 17 37 37
0469_0031_0031_0050_0050.jpg 1 31 31 50 50
0470_0007_0037_0045_0045.jpg 1 7 37 45 45
0471_0025_0046_0027_0027.jpg 1 25 46 27 27
0472_0029_0045_0047_0047.jpg 1 29 45 47 47
0473_0005_0010_0063_0063.jpg 1 5 10 63 63
0474_0017_0015_0024_0024.jpg 1 17 15 24 24
0475_0032_0010_0063_0063.jpg 1 32 10 63 63
0476_0033_0020_0048_0048.jpg 1 33 20 48 48
0477_0028_0008_0040_0040.jpg 1 28 8 40 40
0478_0019_0016_0040_0040.jpg 1 19 16 40 40
0479_0031_0005_0055_0055.jpg 1 31 5 55 55
0480_0021_0027_0061_0061.jpg 1 21 27 61 61
0481_0051_0066_0025_0025.jpg 1 51 66 25 25
0482_0035_0014_0035_0035.jpg 1 35 14 35 35
0483_0040_0027_0031_0031.jpg 1 40 27 31 31
0484_0014_0043_0036_0036.jpg 1 14 43 36 36
0485_0053_0030_0038_0038.jpg 1 53 30 38 38
0486_0025_0004_0065_0065.jpg 1 25 4 65 65
0487_0026_0022_0069_0069.jpg 1 26 22 69 69
0488_0042_0036_0050_0050.jpg 1 42 36 50 50
0489_0041_0015_0053_0053.jpg 1 41 15 53 53
0490_0009_0015_0057_0057.jpg 1 9 15 57 57
0491_0034_0012_0047_0047.jpg 1 34 12 47 47
0492_0021_0008_0062_0062.jpg 1 21 8 62 62
0493_0031_0004_0062_0062.jpg 1 31 4 62 62
0494_0008_0029_0055_0055.jpg 1 8 29 55 55
0495_0012_0003_0067_0067.jpg 1 12 3 67 67
0496_0040_0048_0044_0044.jpg 1 40 48 44 44
0497_0026_0022_0068_0068.jpg 1 26 22 68 68
0498_0026_0015_0064_0064.jpg 1 26 15 64 64
0499_0042_0035_0030_0030.jpg 1 42 35 30 30
0500_0021_0040_0029_0029.jpg 1 21 40 29 29
0501_0037_0012_0053_0053.jpg 1 37 12 53 53
0502_0026_0047_0041_0041.jpg 1 26 47 41 41
0503_0015_0060_0032_0032.jpg 1 15 60 32 32
0504_0015_0021_0059_0059.jpg 1 15 21 59 59
0505_0036_0060_0030_0030.jpg 1 36 60 30 30
0506_0015_0005_0061_0061.jpg 1 15 5 61 61
0507_0031_0018_0048_0048.jpg 1 31 18 48 48
0508_0016_0036_0053_0053.jpg 1 16 36 53 53
0509_0028_0007_0054_0054.jpg 1 28 7 54 54
0510_0016_0039_0044_0044.jpg 1 16 39 44 44
0511_0008_0032_0057_0057.jpg 1 8 32 57 57
0512_0041_0006_0049_0049.jpg 1 41 6 49 49
0513_0052_0014_0034_0034.jpg 1 52 14 34 34
0514_0024_0011_0049_0049.jpg 1 24 11 49 49
0515_0010_0011_0054_0054.jpg 1 10 11 54 54
0516_0014_0008_0069_0069.jpg 1 14 8 69 69
0517_0021_0024_0069_0069.jpg 1 21 24 69 69
0518_0014_0025_0059_0059.jpg 1 14 25 59 59
0519_0041_0063_0028_0028.jpg 1 41 63 28 28
0520_0008_0032_0044_0044.jpg 1 8 32 44 44
0521_0019_0022_0058_0058.jpg 1 19 22 58 58
0522_0012_0021_0052_0052.jpg 1 12 21 52 52
0523_0005_0024_0050_0050.jpg 1 5 24 50 50
0524_0023_0007_0057_0057.jpg 1 23 7 57 57
0525_0035_0014_0028_0028.jpg 1 35 14 28 28
0526_0052_0040_0025_0025.jpg 1 52 40 25 25
0527_0014_0012_0057_0057.jpg 1 14 12 57 57
0528_0018_0013_0064_0064.jpg 1 18 13 64 64
0529_0021_0022_0042_0042.jpg 1 21 22 42 42
0530_0045_0028_0026_0026.jpg 1 45 28 26 26
0531_0046_0017_0044_0044.jpg 1 46 17 44 44
0532_0012_0043_0044_0044.jpg 1 12 43 44 44
0533_0004_0022_0056_0056.jpg 1 4 22 56 56
0534_0022_0019_0035_0035.jpg 1 22 19 35 35
0535_0012_0029_0061_0061.jpg 1 12 29 61 61
0536_0034_0017_0038_0038.jpg 1 34 17 38 38
0537_0010_0055_0025_0025.jpg 1 10 55 25 25
0538_0011_0033_0044_0044.jpg 1 11 33 44 44
0539_0029_0015_0061_0061.jpg 1 29 15 61 61
0540_0009_0025_0045_0045.jpg 1 9 25 45 45
0541_0031_0014_0052_0052.jpg 1 31 14 52 52
0542_0016_0033_0059_0059.jpg 1 16 33 59 59
0543_0030_0025_0038_0038.jpg 1 30 25 38 38
0544_0011_0022_0064_0064.jpg 1 11 22 64 64
0545_0033_0010_0060_0060.jpg 1 33 10 60 60
0546_0029_0032_0028_0028.jpg 1 29 32 28 28
0547_0055_0029_0025_0025.jpg 1 55 29 25 25
0548_0010_0028_0049_0049.jpg 1 10 28 49 49
0549_0023_0049_0041_0041.jpg 1 23 49 41 41
0550_0027_0018_0068_0068.jpg 1 27 18 68 68
0551_0030_0036_0053_0053.jpg 1 30 36 53 53
0552_0037_0054_0037_0037.jpg 1 37 54 37 37
0553_0045_0035_0049_0049.jpg 1 45 35 49 49
0554_0038_0015_0054_0054.jpg 1 38 15 54 54
0555_0040_0010_0038_0038.jpg 1 40 10 38 38
0556_0018_0017_0051_0051.jpg 1 18 17 51 51
0557_0009_0022_0068_0068.jpg 1 9 22 68 68
0558_0016_0027_0031_0031.jpg 1 16 27 31 31
0559_0056_0055_0037_0037.jpg 1 56 55 37 37
0560_0011_0053_0026_0026.jpg 1 11 53 26 26
0561_0032_0024_0058_0058.jpg 1 32 24 58 58
0562_0023_0020_0058_0058.jpg 1 23 20 58 58
0563_0064_0043_0027_0027.jpg 1 64 43 27 27
0564_0046_0021_0027_0027.jpg 1 46 21 27 27
0565_0023_0006_0057_0057.jpg 1 23 6 57 57
0566_0013_0007_0041_0041.jpg 1 13 7 41 41
0567_0045_0040_0024_0024.jpg 1 45 40 24 24
0568_0020_0028_0061_0061.jpg 1 20 28 61 61
0569_0023_0053_0036_0036.jpg 1 23 53 36 36
0570_0010_0013_0060_0060.jpg 1 10 13 60 60
0571_0015_0027_0054_0054.jpg 1 15 27 54 54
0572_0015_0015_0053_0053.jpg 1 15 15 53 53
0573_0024_0022_0039_0039.jpg 1 24 22 39 39
0574_0057_0035_0035_0035.jpg 1 57 35 35 35
0575_0027_0014_0029_0029.jpg 1 27 14 29 29
0576_0017_0005_0061_0061.jpg 1 17 5 61 61
0577_0013_0051_0035_0035.jpg 1 13 51 35 35
0578_0015_0010_0041_0041.jpg 1 15 10 41 41
0579_0014_0028_0063_0063.jpg 1 14 28 63 63
0580_0016_0028_0053_0053.jpg 1 16 28 53 53
0581_0004_0018_0060_0060.jpg 1 4 18 60 60
0582_0049_0037_0042_0042.jpg 1 49 37 42 42
0583_0050_0025_0039_0039.jpg 1 50 25 39 39
0584_0051_0036_0040_0040.jpg 1 51 36 40 40
0585_0046_0015_0027_0027.jpg 1 46 15 27 27
0586_0014_0018_0061_0061.jpg 1 14 18 61 61
0587_0008_0029_0042_0042.jpg 1 8 29 42 42
0588_0044_0013_0042_0042.jpg 1 44 13 42 42
0589_0047_0017_0038_0038.jpg 1 47 17 38 38
0590_0031_0009_0063_0063.jpg 1 31 9 63 63
0591_0029_0017_0055_0055.jpg 1 29 17 55 55
0592_0006_0026_0068_0068.jpg 1 6 26 68 68
0593_0055_0021_0031_0031.jpg 1 55 21 31 31
0594_0032_0031_0064_0064.jpg 1 32 31 64 64
0595_0006_0004_0057_0057.jpg 1 6 4 57 57
0596_0021_0009_0026_0026.jpg 1 21 9 26 26
0597_0031_0012_0043_0043.jpg 1 31 12 43 43
0598_0013_0011_0045_0045.jpg 1 13 11 45 45
0599_0029_0018_0067_0067.jpg 1 29 18 67 67
0600_0019_0015_0059_0059.jpg 1 19 15 59 59
0601_0026_0012_0031_0031.jpg 1 26 12 31 31
0602_0050_0026_0025_0025.jpg 1 50 26 25 25
0603_0030_0033_0048_0048.jpg 1 30 33 48 48
0604_0033_0048_0029_0029.jpg 1 33 48 29 29
0605_0018_0017_0039_0039.jpg 1 18 17 39 39
0606_0047_0033_0042_0042.jpg 1 47 33 42 42
0607_0023_0034_0053_0053.jpg 1 23 34 53 53
0608_0010_0008_0065_0065.jpg 1 10 8 65 65
0609_0038_0005_0048_0048.jpg 1 38 5 48 48
0610_0053_0022_0031_0031.jpg 1 53 22 31 31
0611_0012_0018_0053_0053.jpg 1 12 18 53 53
0612_0049_0045_0026_0026.jpg 1 49 45 26 26
0613_0041_0044_0035_0035.jpg 1 41 44 35 35
0614_0024_0022_0026_0026.jpg 1 24 22 26 26
0615_0038_0022_0037_0037.jpg 1 38 22 37 37
0616_0012_0018_0037_0037.jpg 1 12 18 37 37
0617_0043_0021_0028_0028.jpg 1 43 21 28 28
0618_0043_0015_0051_0051.jpg 1 43 15 51 51
0619_0021_0008_0048_0048.jpg 1 21 8 48 48
0620_0057_0045_0031_0031.jpg 1 57 45 31 31
0621_0042_0005_0050_0050.jpg 1 42 5 50 50
0622_0018_0017_0065_0065.jpg 1 18 17 65 65
0623_0010_0062_0026_0026.jpg 1 10 62 26 26
0624_0028_0014_0047_0047.jpg 1 28 14 47 47
0625_0009_0026_0060_0060.jpg 1 9 26 60 60
0626_0039_0028_0042_0042.jpg 1 39 28 42 42
0627_0004_0014_0064_0064.jpg 1 4 14 64 64
0628_0023_0038_0052_0052.jpg 1 23 38 52 52
0629_0021_0052_0027_0027.jpg 1 21 52 27 27
0630_0031_0004_0064_0064.jpg 1 31 4 64 64
0631_0003_0012_0069_0069.jpg 1 3 12 69 69
0632_0010_0021_0032_0032.jpg 1 10 21 32 32
0633_0047_0039_0040_0040.jpg 1 47 39 40 40
0634_0016_0027_0069_0069.jpg 1 16 27 69 69
0635_0008_0012_0048_0048.jpg 1 8 12 48 48
0636_0017_0021_0035_0035.jpg 1 17 21 35 35
0637_0005_0011_0058_0058.jpg 1 5 11 58 58
0638_0033_0046_0045_0045.jpg 1 33 46 45 45
0639_0030_0011_0033_0033.jpg 1 30 11 33 33
0640_0030_0028_0065_0065.jpg 1 30 28 65 65
0641_0019_0011_0037_0037.jpg 1 19 11 37 37
0642_0035_0026_0052_0052.jpg 1 35 26 52 52
0643_0031_0028_0027_0027.jpg 1 31 28 27 27
0644_0030_0020_0039_0039.jpg 1 30 20 39 39
0645_0006_0013_0049_0049.jpg 1 6 13 49 49
0646_0035_0046_0040_0040.jpg 1 35 46 40 40
0647_0030_0028_0054_0054.jpg 1 30 28 54 54
0648_0048_0024_0029_0029.jpg 1 48 24 29 29
0649_0022_0032_0064_0064.jpg 1 22 32 64 64
0650_0020_0006_0062_0062.jpg 1 20 6 62 62
0651_0067_0039_0025_0025.jpg 1 67 39 25 25
0652_0025_0011_0028_0028.jpg 1 25 11 28 28
0653_0013_0026_0068_0068.jpg 1 13 26 68 68
0654_0008_0008_0063_0063.jpg 1 8 8 63 63
0655_0029_0034_0049_0049.jpg 1 29 34 49 49
0656_0039_0020_0056_0056.jpg 1 39 20 56 56
0657_0017_0020_0028_0028.jpg 1 17 20 28 28
0658_0034_0011_0060_0060.jpg 1 34 11 60 60
0659_0023_0027_0065_0065.jpg 1 23 27 65 65
0660_0054_0018_0030_0030.jpg 1 54 18 30 30
0661_0017_0006_0065_0065.jpg 1 17 6 65 65
0662_0065_0065_0024_0024.jpg 1 65 65 24 24
0663_0010_0006_0048_0048.jpg 1 10 6 48 48
0664_0056_0048_0034_0034.jpg 1 56 48 34 34
0665_0038_0030_0054_0054.jpg 1 38 30 54 54
0666_0020_0036_0053_0053.jpg 1 20 36 53 53
0667_0011_0016_0059_0059.jpg 1 11 16 59 59
0668_0008_0047_0028_0028.jpg 1 8 47 28 28
0669_0012_0032_0058_0058.jpg 1 12 32 58 58
0670_0011_0024_0062_0062.jpg 1 11 24 62 62
0671_0045_0027_0045_0045.jpg 1 45 27 45 45
0672_0042_0029_0052_0052.jpg 1 42 29 52 52
0673_0052_0049_0041_0041.jpg 1 52 49 41 41
0674_0048_0014_0043_0043.jpg 1 48 14 43 43
0675_0046_0030_0047_0047.jpg 1 46 30 47 47
0676_0006_0007_0049_0049.jpg 1 6 7 49 49
0677_0024_0020_0024_0024.jpg 1 24 20 24 24
0678_0008_0043_0039_0039.jpg 1 8 43 39 39
0679_0010_0017_0047_0047.jpg 1 10 17 47 47
0680_0047_0047_0043_0043.jpg 1 47 47 43 43
0681_0038_0038_0026_0026.jpg 1 38 38 26 26
0682_0047_0047_0046_0046.jpg 1 47 47 46 46
0683_0038_0056_0035_0035.jpg 1 38 56 35 35
0684_0007_0010_0064_0064.jpg 1 7 10 64 64
0685_0021_0054_0038_0038.jpg 1 21 54 38 38
0686_0021_0023_0048_0048.jpg 1 21 23 48 48
0687_0031_0035_0025_0025.jpg 1 31 35 25 25
0688_0034_0010_0058_0058.jpg 1 34 10 58 58
0689_0021_0029_0063_0063.jpg 1 21 29 63 63
0690_0020_0058_0034_0034.jpg 1 20 58 34 34
0691_0015_0030_0056_0056.jpg 1 15 30 56 56
0692_0030_0019_0031_0031.jpg 1 30 19 31 31
0693_0021_0019_0065_0065.jpg 1 21 19 65 65
0694_0028_0047_0032_0032.jpg 1 28 47 32 32
0695_0049_0006_0044_0044.jpg 1 49 6 44 44
0696_0012_0031_0062_0062.jpg 1 12 31 62 62
0697_0044_0037_0040_0040.jpg 1 44 37 40 40
0698_0047_0011_0047_0047.jpg 1 47 11 47 47
0699_0027_0027_0058_0058.jpg 1 27 27 58 58
0700_0011_0008_0060_0060.jpg 1 11 8 60 60
0701_0016_0039_0034_0034.jpg 1 16 39 34 34
0702_0004_0006_0067_0067.jpg 1 4 6 67 67
0703_0024_0021_0066_0066.jpg 1 24 21 66 66
0704_0051_0048_0034_0034.jpg 1 51 48 34 34
0705_0043_0019_0037_0037.jpg 1 43 19 37 37
0706_0034_0014_0044_0044.jpg 1 34 14 44 44
0707_0049_0054_0038_0038.jpg 1 49 54 38 38
0708_0033_0020_0049_0049.jpg 1 33 20 49 49
0709_0006_0018_0066_0066.jpg 1 6 18 66 66
0710_0033_0021_0052_0052.jpg 1 33 21 52 52
0711_0047_0037_0043_0043.jpg 1 47 37 43 43
0712_0050_0067_0024_0024.jpg 1 50 67 24 24
0713_0023_0030_0050_0050.jpg 1 23 30 50 50
0714_0017_0019_0046_0046.jpg 1 17 19 46 46
0715_0044_0044_0048_0048.jpg 1 44 44 48 48
0716_0017_0012_0039_0039.jpg 1 17 12 39 39
0717_0011_0012_0061_0061.jpg 1 11 12 61 61
0718_0036_0021_0025_0025.jpg 1 36 21 25 25
0719_0009_0058_0028_0028.jpg 1 9 58 28 28
0720_0060_0047_0032_0032.jpg 1 60 47 32 32
0721_0028_0007_0068_0068.jpg 1 28 7 68 68
0722_0008_0032_0025_0025.jpg 1 8 32 25 25
0723_0029_0009_0052_0052.jpg 1 29 9 52 52
0724_0009_0026_0069_0069.jpg 1 9 26 69 69
0725_0011_0016_0036_0036.jpg 1 11 16 36 36
0726_0049_0029_0024_0024.jpg 1 49 29 24 24
0727_0050_0033_0041_0041.jpg 1 50 33 41 41
0728_0061_0043_0029_0029.jpg 1 61 43 29 29
0729_0049_0054_0039_0039.jpg 1 49 54 39 39
0730_0017_0012_0043_0043.jpg 1 17 12 43 43
0731_0011_0036_0024_0024.jpg 1 11 36 24 24
0732_0008_0016_0039_0039.jpg 1 8 16 39 39
0733_0044_0055_0037_0037.jpg 1 44 55 37 37
0734_0014_0013_0035_0035.jpg 1 14 13 35 35
0735_0031_0040_0030_0030.jpg 1 31 40 30 30
0736_0042_0018_0027_0027.jpg 1 42 18 27 27
0737_0043_0039_0048_0048.jpg 1 43 39 48 48
0738_0026_0022_0047_0047.jpg 1 26 22 47 47
0739_0032_0015_0055_0055.jpg 1 32 15 55 55
0740_0010_0008_0069_0069.jpg 1 10 8 69 69
0741_0016_0010_0058_0058.jpg 1 16 10 58 58
0742_0036_0005_0050_0050.jpg 1 36 5 50 50
0743_0045_0041_0043_0043.jpg 1 45 41 43 43
0744_0020_0009_0059_0059.jpg 1 20 9 59 59
0745_0023_0012_0051_0051.jpg 1 23 12 51 51
0746_0022_0026_0069_0069.jpg 1 22 26 69 69
0747_0005_0034_0058_0058.jpg 1 5 34 58 58
0748_0056_0057_0036_0036.jpg 1 56 57 36 36
0749_0013_0041_0045_0045.jpg 1 13 41 45 45
0750_0047_0040_0042_0042.jpg 1 47 40 42 42
0751_0019_0005_0056_0056.jpg 1 19 5 56 56
0752_0031_0026_0057_0057.jpg 1 31 26 57 57
0753_0027_0016_0069_0069.jpg 1 27 16 69 69
0754_0009_0019_0055_0055.jpg 1 9 19 55 55
0755_0040_0016_0041_0041.jpg 1 40 16 41 41
0756_0006_0019_0042_0042.jpg 1 6 19 42 42
0757_0005_0015_0067_0067.jpg 1 5 15 67 67
0758_0057_0022_0027_0027.jpg 1 57 22 27 27
0759_0016_0023_0041_0041.jpg 1 16 23 41 41
0760_0005_0017_0049_0049.jpg 1 5 17 49 49
0761_0008_0033_0059_0059.jpg 1 8 33 59 59
0762_0044_0026_0025_0025.jpg 1 44 26 25 25
0763_0021_0007_0059_0059.jpg 1 21 7 59 59
0764_0033_0018_0061_0061.jpg 1 33 18 61 61
0765_0008_0022_0064_0064.jpg 1 8 22 64 64
0766_0057_0045_0028_0028.jpg 1 57 45 28 28
0767_0037_0017_0054_0054.jpg 1 37 17 54 54
0768_0016_0025_0036_0036.jpg 1 16 25 36 36
0769_0056_0059_0034_0034.jpg 1 56 59 34 34
0770_0025_0026_0048_0048.jpg 1 25 26 48 48
0771_0043_0017_0044_0044.jpg 1 43 17 44 44
0772_0012_0049_0044_0044.jpg 1 12 49 44 44
0773_0016_0028_0045_0045.jpg 1 16 28 45 45
0774_0030_0034_0029_0029.jpg 1 30 34 29 29
0775_0037_0009_0025_0025.jpg 1 37 9 25 25
0776_0012_0040_0027_0027.jpg 1 12 40 27 27
0777_0045_0030_0045_0045.jpg 1 45 30 45 45
0778_0022_0029_0066_0066.jpg 1 22 29 66 66
0779_0025_0029_0064_0064.jpg 1 25 29 64 64
0780_0010_0004_0064_0064.jpg 1 10 4 64 64
0781_0035_0014_0032_0032.jpg 1 35 14 32 32
0782_0019_0018_0069_0069.jpg 1 19 18 69 69
0783_0007_0031_0037_0037.jpg 1 7 31 37 37
0784_0027_0054_0033_0033.jpg 1 27 54 33 33
0785_0056_0041_0037_0037.jpg 1 56 41 37 37
0786_0051_0008_0025_0025.jpg 1 51 8 25 25
0787_0050_0012_0037_0037.jpg 1 50 12 37 37
0788_0052_0020_0027_0027.jpg 1 52 20 27 27
0789_0013_0024_0067_0067.jpg 1 13 24 67 67
0790_0038_0029_0047_0047.jpg 1 38 29 47 47
0791_0027_0036_0025_0025.jpg 1 27 36 25 25
0792_0022_0032_0064_0064.jpg 1 22 32 64 64
0793_0010_0017_0060_0060.jpg 1 10 17 60 60
0794_0008_0005_0062_0062.jpg 1 8 5 62 62
0795_0021_0023_0046_0046.jpg 1 21 23 46 46
0796_0064_0045_0026_0026.jpg 1 64 45 26 26
0797_0014_0028_0067_0067.jpg 1 14 28 67 67
0798_0044_0007_0040_0040.jpg 1 44 7 40 40
0799_0025_0008_0055_0055.jpg 1 25 8 55 55
0800_0028_0055_0027_0027.jpg 1 28 55 27 27
0801_0009_0011_0038_0038.jpg 1 9 11 38 38
0802_0046_0045_0034_0034.jpg 1 46 45 34 34
0803_0011_0045_0033_0033.jpg 1 11 45 33 33
0804_0010_0017_0053_0053.jpg 1 10 17 53 53
0805_0019_0058_0026_0026.jpg 1 19 58 26 26
0806_0033_0017_0052_0052.jpg 1 33 17 52 52
0807_0035_0025_0052_0052.jpg 1 35 25 52 52
0808_0032_0007_0058_0058.jpg 1 32 7 58 58
0809_0014_0007_0061_0061.jpg 1 14 7 61 61
0810_0032_0020_0043_0043.jpg 1 32 20 43 43
0811_0012_0020_0033_0033.jpg 1 12 20 33 33
0812_0033_0023_0053_0053.jpg 1 33 23 53 53
0813_0016_0027_0069_0069.jpg 1 16 27 69 69
0814_0009_0009_0038_0038.jpg 1 9 9 38 38
0815_0046_0043_0033_0033.jpg 1 46 43 33 33
0816_0041_0043_0034_0034.jpg 1 41 43 34 34
0817_0011_0038_0054_0054.jpg 1 11 38 54 54
0818_0034_0025_0054_0054.jpg 1 34 25 54 54
0819_0015_0006_0066_0066.jpg 1 15 6 66 66
0820_0024_0027_0032_0032.jpg 1 24 27 32 32
0821_0018_0008_0062_0062.jpg 1 18 8 62 62
0822_0041_0031_0050_0050.jpg 1 41 31 50 50
0823_0024_0010_0033_0033.jpg 1 24 10 33 33
0824_0046_0046_0047_0047.jpg 1 46 46 47 47
0825_0029_0009_0066_0066.jpg 1 29 9 66 66
0826_0046_0036_0045_0045.jpg 1 46 36 45 45
0827_0017_0042_0044_0044.jpg 1 17 42 44 44
0828_0022_0019_0069_0069.jpg 1 22 19 69 69
0829_0039_0036_0049_0049.jpg 1 39 36 49 49
0830_0027_0033_0027_0027.jpg 1 27 33 27 27
0831_0015_0033_0049_0049.jpg 1 15 33 49 49
0832_0019_0030_0051_0051.jpg 1 19 30 51 51
0833_0030_0055_0026_0026.jpg 1 30 55 26 26
0834_0007_0020_0053_0053.jpg 1 7 20 53 53
0835_0045_0009_0046_0046.jpg 1 45 9 46 46
0836_0017_0014_0061_0061.jpg 1 17 14 61 61
0837_0018_0046_0048_0048.jpg 1 18 46 48 48
0838_0042_0027_0035_0035.jpg 1 42 27 35 35
0839_0010_0026_0061_0061.jpg 1 10 26 61 61
0840_0029_0036_0056_0056.jpg 1 29 36 56 56
0841_0041_0030_0052_0052.jpg 1 41 30 52 52
0842_0010_0037_0042_0042.jpg 1 10 37 42 42
0843_0012_0033_0024_0024.jpg 1 12 33 24 24
0844_0009_0053_0038_0038.jpg 1 9 53 38 38
0845_0022_0024_0061_0061.jpg 1 22 24 61 61
0846_0029_0014_0064_0064.jpg 1 29 14 64 64
0847_0026_0017_0033_0033.jpg 1 26 17 33 33
0848_0033_0024_0048_0048.jpg 1 33 24 48 48
0849_0006_0012_0063_0063.jpg 1 6 12 63 63
0850_0025_0009_0067_0067.jpg 1 25 9 67 67
0851_0018_0048_0044_0044.jpg 1 18 48 44 44
0852_0040_0013_0050_0050.jpg 1 40 13 50 50
0853_0033_0029_0038_0038.jpg 1 33 29 38 38
0854_0030_0039_0055_0055.jpg 1 30 39 55 55
0855_0013_0041_0045_0045.jpg 1 13 41 45 45
0856_0022_0040_0031_0031.jpg 1 22 40 31 31
0857_0018_0018_0068_0068.jpg 1 18 18 68 68
0858_0027_0022_0049_0049.jpg 1 27 22 49 49
0859_0030_0039_0030_0030.jpg 1 30 39 30 30
0860_0046_0012_0039_0039.jpg 1 46 12 39 39
0861_0007_0007_0064_0064.jpg 1 7 7 64 64
0862_0043_0053_0031_0031.jpg 1 43 53 31 31
0863_0010_0047_0046_0046.jpg 1 10 47 46 46
0864_0022_0004_0063_0063.jpg 1 22 4 63 63
0865_0014_0040_0025_0025.jpg 1 14 40 25 25
0866_0027_0063_0026_0026.jpg 1 27 63 26 26
0867_0023_0024_0047_0047.jpg 1 23 24 47 47
0868_0037_0009_0025_0025.jpg 1 37 9 25 25
0869_0005_0027_0061_0061.jpg 1 5 27 61 61
0870_0018_0018_0051_0051.jpg 1 18 18 51 51
0871_0034_0036_0024_0024.jpg 1 34 36 24 24
0872_0026_0021_0045_0045.jpg 1 26 21 45 45
0873_0008_0029_0065_0065.jpg 1 8 29 65 65
0874_0011_0013_0057_0057.jpg 1 11 13 57 57
0875_0035_0027_0055_0055.jpg 1 35 27 55 55
0876_0003_0011_0069_0069.jpg 1 3 11 69 69
0877_0058_0049_0032_0032.jpg 1 58 49 32 32
0878_0054_0039_0035_0035.jpg 1 54 39 35 35
0879_0015_0012_0066_0066.jpg 1 15 12 66 66
0880_0009_0018_0036_0036.jpg 1 9 18 36 36
0881_0023_0011_0068_0068.jpg 1 23 11 68 68
0882_0019_0036_0058_0058.jpg 1 19 36 58 58
0883_0034_0018_0053_0053.jpg 1 34 18 53 53
0884_0016_0022_0069_0069.jpg 1 16 22 69 69
0885_0030_0011_0042_0042.jpg 1 30 11 42 42
0886_0023_0011_0045_0045.jpg 1 23 11 45 45
0887_0059_0034_0025_0025.jpg 1 59 34 25 25
0888_0045_0032_0038_0038.jpg 1 45 32 38 38
0889_0035_0042_0044_0044.jpg 1 35 42 44 44
0890_0011_0033_0043_0043.jpg 1 11 33 43 43
0891_0014_0024_0062_0062.jpg 1 14 24 62 62
0892_0005_0028_0055_0055.jpg 1 5 28 55 55
0893_0010_0022_0065_0065.jpg 1 10 22 65 65
0894_0029_0022_0030_0030.jpg 1 29 22 30 30
0895_0045_0029_0045_0045.jpg 1 45 29 45 45
0896_0011_0027_0062_0062.jpg 1 11 27 62 62
0897_0019_0051_0039_0039.jpg 1 19 51 39 39
0898_0024_0017_0049_0049.jpg 1 24 17 49 49
0899_0037_0023_0056_0056.jpg 1 37 23 56 56
0900_0043_0032_0027_0027.jpg 1 43 32 27 27
0901_0025_0011_0050_0050.jpg 1 25 11 50 50
0902_0037_0017_0055_0055.jpg 1 37 17 55 55
0903_0028_0011_0052_0052.jpg 1 28 11 52 52
0904_0037_0021_0052_0052.jpg 1 37 21 52 52
0905_0009_0060_0025_0025.jpg 1 9 60 25 25
0906_0014_0005_0055_0055.jpg 1 14 5 55 55
0907_0026_0027_0037_0037.jpg 1 26 27 37 37
0908_0042_0044_0050_0050.jpg 1 42 44 50 50
0909_0034_0038_0057_0057.jpg 1 34 38 57 57
0910_0028_0039_0038_0038.jpg 1 28 39 38 38
0911_0052_0017_0035_0035.jpg 1 52 17 35 35
0912_0010_0011_0066_0066.jpg 1 10 11 66 66
0913_0013_0015_0043_0043.jpg 1 13 15 43 43
0914_0006_0026_0057_0057.jpg 1 6 26 57 57
0915_0006_0005_0067_0067.jpg 1 6 5 67 67
0916_0013_0057_0032_0032.jpg 1 13 57 32 32
0917_0052_0056_0032_0032.jpg 1 52 56 32 32
0918_0011_0012_0035_0035.jpg 1 11 12 35 35
0919_0029_0032_0042_0042.jpg 1 29 32 42 42
0920_0008_0008_0055_0055.jpg 1 8 8 55 55
0921_0021_0009_0044_0044.jpg 1 21 9 44 44
0922_0023_0042_0025_0025.jpg 1 23 42 25 25
0923_0022_0015_0043_0043.jpg 1 22 15 43 43
0924_0034_0019_0030_0030.jpg 1 34 19 30 30
0925_0033_0036_0025_0025.jpg 1 33 36 25 25
0926_0013_0028_0042_0042.jpg 1 13 28 42 42
0927_0040_0022_0033_0033.jpg 1 40 22 33 33
0928_0033_0031_0054_0054.jpg 1 33 31 54 54
0929_0026_0009_0044_0044.jpg 1 26 9 44 44
0930_0024_0017_0058_0058.jpg 1 24 17 58 58
0931_0020_0014_0063_0063.jpg 1 20 14 63 63
0932_0016_0007_0029_0029.jpg 1 16 7 29 29
0933_0034_0020_0030_0030.jpg 1 34 20 30 30
0934_0011_0042_0031_0031.jpg 1 11 42 31 31
0935_0025_0021_0054_0054.jpg 1 25 21 54 54
0936_0051_0025_0038_0038.jpg 1 51 25 38 38
0937_0015_0050_0036_0036.jpg 1 15 50 36 36
0938_0024_0024_0058_0058.jpg 1 24 24 58 58
0939_0041_0020_0036_0036.jpg 1 41 20 36 36
0940_0031_0046_0047_0047.jpg 1 31 46 47 47
0941_0020_0006_0065_0065.jpg 1 20 6 65 65
0942_0017_0053_0040_0040.jpg 1 17 53 40 40
0943_0019_0010_0035_0035.jpg 1 19 10 35 35
0944_0022_0024_0069_0069.jpg 1 22 24 69 69
0945_0033_0041_0041_0041.jpg 1 33 41 41 41
0946_0031_0038_0046_0046.jpg 1 31 38 46 46
0947_0062_0045_0030_0030.jpg 1 62 45 30 30
0948_0052_0055_0025_0025.jpg 1 52 55 25 25
0949_0025_0005_0063_0063.jpg 1 25 5 63 63
0950_0041_0015_0027_0027.jpg 1 41 15 27 27
0951_0022_0041_0041_0041.jpg 1 22 41 41 41
0952_0013_0017_0063_0063.jpg 1 13 17 63 63
0953_0056_0034_0034_0034.jpg 1 56 34 34 34
0954_0008_0031_0057_0057.jpg 1 8 31 57 57
0955_0052_0021_0033_0033.jpg 1 52 21 33 33
0956_0031_0039_0049_0049.jpg 1 31 39 49 49
0957_0037_0054_0026_0026.jpg 1 37 54 26 26
0958_0021_0056_0029_0029.jpg 1 21 56 29 29
0959_0005_0005_0059_0059.jpg 1 5 5 59 59
0960_0027_0006_0069_0069.jpg 1 27 6 69 69
0961_0026_0013_0060_0060.jpg 1 26 13 60 60
0962_0029_0029_0063_0063.jpg 1 29 29 63 63
0963_0014_0026_0068_0068.jpg 1 14 26 68 68
0964_0038_0036_0035_0035.jpg 1 38 36 35 35
0965_0043_0026_0037_0037.jpg 1 43 26 37 37
0966_0011_0013_0067_0067.jpg 1 11 13 67 67
0967_0012_0008_0024_0024.jpg 1 12 8 24 24
0968_0053_0020_0028_0028.jpg 1 53 20 28 28
0969_0009_0034_0042_0042.jpg 1 9 34 42 42
0970_0019_0003_0067_0067.jpg 1 19 3 67 67
0971_0036_0056_0030_0030.jpg 1 36 56 30 30
0972_0033_0009_0036_0036.jpg 1 33 9 36 36
0973_0032_0006_0060_0060.jpg 1 32 6 60 60
0974_0040_0036_0028_0028.jpg 1 40 36 28 28
0975_0020_0050_0033_0033.jpg 1 20 50 33 33
0976_0017_0030_0058_0058.jpg 1 17 30 58 58
0977_0054_0037_0031_0031.jpg 1 54 37 31 31
0978_0019_0012_0041_0041.jpg 1 19 12 41 41
0979_0054_0038_0030_0030.jpg 1 54 38 30 30
0980_0019_0016_0062_0062.jpg 1 19 16 62 62
0981_0034_0046_0031_0031.jpg 1 34 46 31 31
0982_0046_0010_0034_0034.jpg 1 46 10 34 34
0983_0047_0038_0046_0046.jpg 1 47 38 46 46
0984_0017_0030_0032_0032.jpg 1 17 30 32 32
0985_0016_0032_0051_0051.jpg 1 16 32 51 51
0986_0037_0023_0048_0048.jpg 1 37 23 48 48
0987_0028_0034_0060_0060.jpg 1 28 34 60 60
0988_0020_0006_0055_0055.jpg 1 20 6 55 55
0989_0007_0026_0040_0040.jpg 1 7 26 40 40
0990_0064_0056_0025_0025.jpg 1 64 56 25 25
0991_0032_0012_0044_0044.jpg 1 32 12 44 44
0992_0018_0023_0042_0042.jpg 1 18 23 42 42
0993_0058_0058_0033_0033.jpg 1 58 58 33 33
0994_0026_0016_0040_0040.jpg 1 26 16 40 40
0995_0037_0028_0056_0056.jpg 1 37 28 56 56
0996_0034_0027_0025_0025.jpg 1 34 27 25 25
0997_0027_0049_0025_0025.jpg 1 27 49 25 25
0998_0028_0040_0045_0045.jpg 1 28 40 45 45
0999_0060_0048_0031_0031.jpg 1 60 48 31 31
1000_0025_0013_0062_0062.jpg 1 25 13 62 62
1001_0020_0020_0060_0060.jpg 1 20 20 60 60
1002_0026_0031_0044_0044.jpg 1 26 31 44 44
1003_0011_0043_0033_0033.jpg 1 11 43 33 33
1004_0017_0007_0047_0047.jpg 1 17 7 47 47
1005_0013_0015_0036_0036.jpg 1 13 15 36 36
1006_0022_0008_0061_0061.jpg 1 22 8 61 61
1007_0052_0040_0034_0034.jpg 1 52 40 34 34
1008_0035_0014_0051_0051.jpg 1 35 14 51 51
1009_0031_0028_0033_0033.jpg 1 31 28 33 33
1010_0040_0007_0051_0051.jpg 1 40 7 51 51
1011_0041_0039_0046_0046.jpg 1 41 39 46 46
1012_0005_0019_0069_0069.jpg 1 5 19 69 69
1013_0038_0033_0044_0044.jpg 1 38 33 44 44
1014_0053_0032_0033_0033.jpg 1 53 32 33 33
1015_0032_0011_0040_0040.jpg 1 32 11 40 40
1016_0034_0046_0032_0032.jpg 1 34 46 32 32
1017_0007_0008_0043_0043.jpg 1 7 8 43 43
1018_0012_0038_0044_0044.jpg 1 12 38 44 44
1019_0020_0032_0026_0026.jpg 1 20 32 26 26
1020_0025_0023_0065_0065.jpg 1 25 23 65 65
1021_0045_0057_0029_0029.jpg 1 45 57 29 29
1022_0039_0039_0048_0048.jpg 1 39 39 48 48
1023_0009_0049_0035_0035.jpg 1 9 49 35 35
1024_0007_0051_0036_0036.jpg 1 7 51 36 36
1025_0031_0026_0030_0030.jpg 1 31 26 30 30
1026_0026_0015_0027_0027.jpg 1 26 15 27 27
1027_0016_0035_0046_0046.jpg 1 16 35 46 46
1028_0008_0056_0031_0031.jpg 1 8 56 31 31
1029_0062_0020_0029_0029.jpg 1 62 20 29 29
1030_0022_0029_0064_0064.jpg 1 22 29 64 64
1031_0009_0020_0048_0048.jpg 1 9 20 48 48
1032_0015_0023_0055_0055.jpg 1 15 23 55 55
1033_0036_0019_0047_0047.jpg 1 36 19 47 47
1034_0031_0008_0042_0042.jpg 1 31 8 42 42
1035_0013_0024_0034_0034.jpg 1 13 24 34 34
1036_0025_0007_0039_0039.jpg 1 25 7 39 39
1037_0028_0018_0036_0036.jpg 1 28 18 36 36
1038_0012_0016_0059_0059.jpg 1 12 16 59 59
1039_0007_0042_0041_0041.jpg 1 7 42 41 41
1040_0029_0023_0063_0063.jpg 1 29 23 63 63
1041_0040_0017_0025_0025.jpg 1 40 17 25 25
1042_0036_0018_0050_0050.jpg 1 36 18 50 50
1043_0015_0067_0024_0024.jpg 1 15 67 24 24
1044_0012_0022_0029_0029.jpg 1 12 22 29 29
1045_0009_0013_0060_0060.jpg 1 9 13 60 60
1046_0047_0015_0038_0038.jpg 1 47 15 38 38
1047_0017_0014_0032_0032.jpg 1 17 14 32 32
1048_0043_0006_0046_0046.jpg 1 43 6 46 46
1049_0038_0016_0046_0046.jpg 1 38 16 46 46
1050_0031_0034_0031_0031.jpg 1 31 34 31 31
1051_0028_0039_0044_0044.jpg 1 28 39 44 44
1052_0047_0058_0032_0032.jpg 1 47 58 32 32
1053_0023_0013_0046_0046.jpg 1 23 13 46 46
1054_0008_0032_0040_0040.jpg 1 8 32 40 40
1055_0037_0032_0050_0050.jpg 1 37 32 50 50
1056_0043_0054_0026_0026.jpg 1 43 54 26 26
1057_0005_0008_0062_0062.jpg 1 5 8 62 62
1058_0026_0025_0068_0068.jpg 1 26 25 68 68
1059_0014_0030_0051_0051.jpg 1 14 30 51 51
1060_0038_0050_0039_0039.jpg 1 38 50 39 39
1061_0012_0019_0068_0068.jpg 1 12 19 68 68
1062_0020_0009_0059_0059.jpg 1 20 9 59 59
1063_0017_0013_0058_0058.jpg 1 17 13 58 58
1064_0044_0020_0045_0045.jpg 1 44 20 45 45
1065_0041_0011_0051_0051.jpg 1 41 11 51 51
1066_0041_0036_0034_0034.jpg 1 41 36 34 34
1067_0005_0007_0064_0064.jpg 1 5 7 64 64
1068_0015_0008_0048_0048.jpg 1 15 8 48 48
1069_0013_0007_0054_0054.jpg 1 13 7 54 54
1070_0019_0010_0040_0040.jpg 1 19 10 40 40
1071_0035_0023_0056_0056.jpg 1 35 23 56 56
1072_0025_0006_0055_0055.jpg 1 25 6 55 55
1073_0010_0053_0039_0039.jpg 1 10 53 39 39
1074_0009_0039_0055_0055.jpg 1 9 39 55 55
1075_0029_0025_0063_0063.jpg 1 29 25 63 63
1076_0014_0016_0066_0066.jpg 1 14 16 66 66
1077_0004_0006_0067_0067.jpg 1 4 6 67 67
1078_0042_0049_0029_0029.jpg 1 42 49 29 29
1079_0029_0025_0047_0047.jpg 1 29 25 47 47
1080_0047_0047_0046_0046.jpg 1 47 47 46 46
1081_0012_0009_0032_0032.jpg 1 12 9 32 32
1082_0032_0022_0053_0053.jpg 1 32 22 53 53
1083_0037_0008_0040_0040.jpg 1 37 8 40 40
1084_0045_0043_0026_0026.jpg 1 45 43 26 26
1085_0009_0015_0051_0051.jpg 1 9 15 51 51
1086_0019_0009_0059_0059.jpg 1 19 9 59 59
1087_0053_0025_0032_0032.jpg 1 53 25 32 32
1088_0030_0021_0062_0062.jpg 1 30 21 62 62
1089_0019_0011_0059_0059.jpg 1 19 11 59 59
1090_0009_0060_0029_0029.jpg 1 9 60 29 29
1091_0037_0020_0058_0058.jpg 1 37 20 58 58
1092_0045_0008_0033_0033.jpg 1 45 8 33 33
1093_0006_0046_0038_0038.jpg 1 6 46 38 38
1094_0016_0028_0052_0052.jpg 1 16 28 52 52
1095_0038_0013_0035_0035.jpg 1 38 13 35 35
1096_0047_0049_0039_0039.jpg 1 47 49 39 39
1097_0032_0023_0042_0042.jpg 1 32 23 42 42
1098_0050_0047_0037_0037.jpg 1 50 47 37 37
1099_0007_0008_0064_0064.jpg 1 7 8 64 64
1100_0046_0012_0045_0045.jpg 1 46 12 45 45
1101_0011_0011_0048_0048.jpg 1 11 11 48 48
1102_0065_0042_0026_0026.jpg 1 65 42 26 26
1103_0021_0032_0050_0050.jpg 1 21 32 50 50
1104_0015_0014_0057_0057.jpg 1 15 14 57 57
1105_0053_0022_0039_0039.jpg 1 53 22 39 39
1106_0009_0026_0052_0052.jpg 1 9 26 52 52
1107_0016_0023_0067_0067.jpg 1 16 23 67 67
1108_0040_0023_0050_0050.jpg 1 40 23 50 50
1109_0009_0023_0055_0055.jpg 1 9 23 55 55
1110_0035_0009_0056_0056.jpg 1 35 9 56 56
1111_0026_0007_0060_0060.jpg 1 26 7 60 60
1112_0015_0026_0044_0044.jpg 1 15 26 44 44
1113_0037_0014_0037_0037.jpg 1 37 14 37 37
1114_0009_0030_0040_0040.jpg 1 9 30 40 40
1115_0030_0046_0033_0033.jpg 1 30 46 33 33
1116_0028_0017_0037_0037.jpg 1 28 17 37 37
1117_0060_0060_0029_0029.jpg 1 60 60 29 29
1118_0020_0037_0052_0052.jpg 1 20 37 52 52
1119_0004_0014_0067_0067.jpg 1 4 14 67 67
1120_0032_0045_0028_0028.jpg 1 32 45 28 28
1121_0014_0037_0055_0055.jpg 1 14 37 55 55
1122_0018_0010_0067_0067.jpg 1 18 10 67 67
1123_0010_0046_0045_0045.jpg 1 10 46 45 45
1124_0005_0028_0065_0065.jpg 1 5 28 65 65
1125_0025_0024_0050_0050.jpg 1 25 24 50 50
1126_0030_0012_0025_0025.jpg 1 30 12 25 25
1127_0034_0037_0033_0033.jpg 1 34 37 33 33
1128_0037_0007_0055_0055.jpg 1 37 7 55 55
1129_0039_0030_0025_0025.jpg 1 39 30 25 25
1130_0010_0006_0044_0044.jpg 1 10 6 44 44
1131_0023_0035_0053_0053.jpg 1 23 35 53 53
1132_0009_0010_0043_0043.jpg 1 9 10 43 43
1133_0007_0032_0040_0040.jpg 1 7 32 40 40
1134_0037_0041_0052_0052.jpg 1 37 41 52 52
1135_0018_0018_0046_0046.jpg 1 18 18 46 46
1136_0043_0018_0052_0052.jpg 1 43 18 52 52
1137_0045_0027_0047_0047.jpg 1 45 27 47 47
1138_0042_0040_0042_0042.jpg 1 42 40 42 42
1139_0014_0045_0029_0029.jpg 1 14 45 29 29
1140_0028_0030_0053_0053.jpg 1 28 30 53 53
1141_0053_0046_0039_0039.jpg 1 53 46 39 39
1142_0008_0031_0056_0056.jpg 1 8 31 56 56
1143_0054_0015_0032_0032.jpg 1 54 15 32 32
1144_0038_0045_0048_0048.jpg 1 38 45 48 48
1145_0016_0013_0026_0026.jpg 1 16 13 26 26
1146_0016_0054_0036_0036.jpg 1 16 54 36 36
1147_0027_0008_0060_0060.jpg 1 27 8 60 60
1148_0032_0032_0044_0044.jpg 1 32 32 44 44
1149_0004_0011_0068_0068.jpg 1 4 11 68 68
1150_0020_0027_0054_0054.jpg 1 20 27 54 54
1151_0035_0027_0057_0057.jpg 1 35 27 57 57
1152_0013_0014_0053_0053.jpg 1 13 14 53 53
1153_0021_0027_0051_0051.jpg 1 21 27 51 51
1154_0042_0019_0049_0049.jpg 1 42 19 49 49
1155_0023_0039_0044_0044.jpg 1 23 39 44 44
1156_0041_0030_0033_0033.jpg 1 41 30 33 33
1157_0022_0013_0069_0069.jpg 1 22 13 69 69
1158_0056_0042_0035_0035.jpg 1 56 42 35 35
1159_0013_0009_0032_0032.jpg 1 13 9 32 32
1160_0039_0037_0035_0035.jpg 1 39 37 35 35
1161_0025_0017_0024_0024.jpg 1 25 17 24 24
1162_0019_0029_0067_0067.jpg 1 19 29 67 67
1163_0026_0028_0054_0054.jpg 1 26 28 54 54
1164_0031_0018_0055_0055.jpg 1 31 18 55 55
1165_0015_0034_0051_0051.jpg 1 15 34 51 51
1166_0011_0029_0036_0036.jpg 1 11 29 36 36
1167_0031_0046_0048_0048.jpg 1 31 46 48 48
1168_0017_0048_0032_0032.jpg 1 17 48 32 32
1169_0015_0006_0060_0060.jpg 1 15 6 60 60
1170_0026_0030_0043_0043.jpg 1 26 30 43 43
1171_0018_0010_0031_0031.jpg 1 18 10 31 31
1172_0013_0023_0067_0067.jpg 1 13 23 67 67
1173_0029_0018_0027_0027.jpg 1 29 18 27 27
1174_0036_0027_0027_0027.jpg 1 36 27 27 27
1175_0050_0025_0041_0041.jpg 1 50 25 41 41
1176_0008_0010_0027_0027.jpg 1 8 10 27 27
1177_0047_0034_0043_0043.jpg 1 47 34 43 43
1178_0021_0020_0061_0061.jpg 1 21 20 61 61
1179_0013_0016_0068_0068.jpg 1 13 16 68 68
1180_0010_0022_0041_0041.jpg 1 10 22 41 41
1181_0038_0009_0046_0046.jpg 1 38 9 46 46
1182_0012_0009_0059_0059.jpg 1 12 9 59 59
1183_0029_0020_0027_0027.jpg 1 29 20 27 27
1184_0032_0009_0064_0064.jpg 1 32 9 64 64
1185_0010_0050_0041_0041.jpg 1 10 50 41 41
1186_0018_0005_0066_0066.jpg 1 18 5 66 66
1187_0020_0030_0065_0065.jpg 1 20 30 65 65
1188_0027_0007_0038_0038.jpg 1 27 7 38 38
1189_0017_0007_0055_0055.jpg 1 17 7 55 55
1190_0023_0016_0041_0041.jpg 1 23 16 41 41
1191_0023_0052_0036_0036.jpg 1 23 52 36 36
1192_0034_0006_0040_0040.jpg 1 34 6 40 40
1193_0018_0049_0026_0026.jpg 1 18 49 26 26
1194_0015_0042_0027_0027.jpg 1 15 42 27 27
1195_0023_0018_0061_0061.jpg 1 23 18 61 61
1196_0023_0036_0054_0054.jpg 1 23 36 54 54
1197_0021_0022_0061_0061.jpg 1 21 22 61 61
1198_0042_0018_0048_0048.jpg 1 42 18 48 48
1199_0027_0033_0042_0042.jpg 1 27 33 42 42
1200_0017_0011_0044_0044.jpg 1 17 11 44 44
1201_0015_0031_0026_0026.jpg 1 15 31 26 26
1202_0054_0031_0034_0034.jpg 1 54 31 34 34
1203_0053_0044_0041_0041.jpg 1 53 44 41 41
1204_0035_0033_0041_0041.jpg 1 35 33 41 41
1205_0036_0017_0039_0039.jpg 1 36 17 39 39
1206_0064_0012_0028_0028.jpg 1 64 12 28 28
1207_0016_0030_0064_0064.jpg 1 16 30 64 64
1208_0012_0056_0026_0026.jpg 1 12 56 26 26
1209_0035_0018_0048_0048.jpg 1 35 18 48 48
1210_0009_0017_0035_0035.jpg 1 9 17 35 35
1211_0025_0021_0067_0067.jpg 1 25 21 67 67
1212_0019_0027_0064_0064.jpg 1 19 27 64 64
1213_0028_0018_0045_0045.jpg 1 28 18 45 45
1214_0004_0007_0052_0052.jpg 1 4 7 52 52
1215_0014_0029_0064_0064.jpg 1 14 29 64 64
1216_0046_0018_0025_0025.jpg 1 46 18 25 25
1217_0011_0019_0049_0049.jpg 1 11 19 49 49
1218_0007_0010_0051_0051.jpg 1 7 10 51 51
1219_0014_0018_0063_0063.jpg 1 14 18 63 63
1220_0025_0024_0053_0053.jpg 1 25 24 53 53
1221_0055_0037_0038_0038.jpg 1 55 37 38 38
1222_0016_0008_0067_0067.jpg 1 16 8 67 67
1223_0051_0037_0041_0041.jpg 1 51 37 41 41
1224_0025_0007_0026_0026.jpg 1 25 7 26 26
1225_0024_0008_0068_0068.jpg 1 24 8 68 68
1226_0050_0049_0033_0033.jpg 1 50 49 33 33
1227_0026_0048_0029_0029.jpg 1 26 48 29 29
1228_0047_0011_0035_0035.jpg 1 47 11 35 35
1229_0038_0022_0053_0053.jpg 1 38 22 53 53
1230_0047_0013_0036_0036.jpg 1 47 13 36 36
1231_0060_0053_0032_0032.jpg 1 60 53 32 32
1232_0031_0011_0054_0054.jpg 1 31 11 54 54
1233_0018_0009_0050_0050.jpg 1 18 9 50 50
1234_0006_0035_0050_0050.jpg 1 6 35 50 50
1235_0046_0047_0045_0045.jpg 1 46 47 45 45
1236_0032_0025_0059_0059.jpg 1 32 25 59 59
1237_0057_0054_0024_0024.jpg 1 57 54 24 24
1238_0007_0032_0058_0058.jpg 1 7 32 58 58
1239_0032_0008_0048_0048.jpg 1 32 8 48 48
1240_0054_0037_0029_0029.jpg 1 54 37 29 29
1241_0003_0026_0068_0068.jpg 1 3 26 68 68
1242_0057_0026_0026_0026.jpg 1 57 26 26 26
1243_0056_0047_0035_0035.jpg 1 56 47 35 35
1244_0015_0017_0024_0024.jpg 1 15 17 24 24
1245_0012_0018_0054_0054.jpg 1 12 18 54 54
1246_0059_0047_0026_0026.jpg 1 59 47 26 26
1247_0010_0033_0055_0055.jpg 1 10 33 55 55
1248_0005_0011_0052_0052.jpg 1 5 11 52 52
1249_0057_0025_0030_0030.jpg 1 57 25 30 30
1250_0030_0044_0047_0047.jpg 1 30 44 47 47
1251_0038_0048_0027_0027.jpg 1 38 48 27 27
1252_0059_0008_0029_0029.jpg 1 59 8 29 29
1253_0027_0038_0033_0033.jpg 1 27 38 33 33
1254_0019_0018_0048_0048.jpg 1 19 18 48 48
1255_0012_0034_0060_0060.jpg 1 12 34 60 60
1256_0058_0043_0024_0024.jpg 1 58 43 24 24
1257_0022_0038_0031_0031.jpg 1 22 38 31 31
1258_0045_0011_0026_0026.jpg 1 45 11 26 26
1259_0045_0025_0025_0025.jpg 1 45 25 25 25
1260_0027_0017_0039_0039.jpg 1 27 17 39 39
1261_0023_0025_0041_0041.jpg 1 23 25 41 41
1262_0011_0010_0045_0045.jpg 1 11 10 45 45
1263_0044_0018_0039_0039.jpg 1 44 18 39 39
1264_0021_0026_0035_0035.jpg 1 21 26 35 35
1265_0034_0043_0039_0039.jpg 1 34 43 39 39
1266_0019_0030_0058_0058.jpg 1 19 30 58 58
1267_0028_0017_0065_0065.jpg 1 28 17 65 65
1268_0028_0016_0052_0052.jpg 1 28 16 52 52
1269_0037_0029_0031_0031.jpg 1 37 29 31 31
1270_0004_0021_0067_0067.jpg 1 4 21 67 67
1271_0028_0035_0040_0040.jpg 1 28 35 40 40
1272_0021_0056_0028_0028.jpg 1 21 56 28 28
1273_0019_0050_0030_0030.jpg 1 19 50 30 30
1274_0008_0008_0067_0067.jpg 1 8 8 67 67
1275_0051_0013_0032_0032.jpg 1 51 13 32 32
1276_0020_0026_0044_0044.jpg 1 20 26 44 44
1277_0054_0043_0024_0024.jpg 1 54 43 24 24
1278_0040_0055_0029_0029.jpg 1 40 55 29 29
1279_0022_0026_0065_0065.jpg 1 22 26 65 65
1280_0013_0048_0039_0039.jpg 1 13 48 39 39
1281_0051_0026_0041_0041.jpg 1 51 26 41 41
1282_0041_0056_0032_0032.jpg 1 41 56 32 32
1283_0016_0008_0051_0051.jpg 1 16 8 51 51
1284_0044_0009_0026_0026.jpg 1 44 9 26 26
1285_0037_0059_0025_0025.jpg 1 37 59 25 25
1286_0034_0006_0047_0047.jpg 1 34 6 47 47
1287_0030_0010_0059_0059.jpg 1 30 10 59 59
1288_0043_0010_0026_0026.jpg 1 43 10 26 26
1289_0061_0040_0029_0029.jpg 1 61 40 29 29
1290_0031_0034_0056_0056.jpg 1 31 34 56 56
1291_0015_0016_0068_0068.jpg 1 15 16 68 68
1292_0026_0004_0065_0065.jpg 1 26 4 65 65
1293_0024_0041_0043_0043.jpg 1 24 41 43 43
1294_0009_0010_0064_0064.jpg 1 9 10 64 64
1295_0015_0031_0063_0063.jpg 1 15 31 63 63
1296_0042_0030_0051_0051.jpg 1 42 30 51 51
1297_0026_0042_0040_0040.jpg 1 26 42 40 40
1298_0040_0013_0029_0029.jpg 1 40 13 29 29
1299_0016_0029_0047_0047.jpg 1 16 29 47 47
1300_0045_0008_0047_0047.jpg 1 45 8 47 47
1301_0039_0021_0051_0051.jpg 1 39 21 51 51
1302_0059_0045_0031_0031.jpg 1 59 45 31 31
1303_0046_0016_0047_0047.jpg 1 46 16 47 47
1304_0017_0044_0041_0041.jpg 1 17 44 41 41
1305_0020_0027_0068_0068.jpg 1 20 27 68 68
1306_0025_0040_0045_0045.jpg 1 25 40 45 45
1307_0019_0035_0032_0032.jpg 1 19 35 32 32
1308_0013_0020_0059_0059.jpg 1 13 20 59 59
1309_0016_0008_0066_0066.jpg 1 16 8 66 66
1310_0008_0064_0024_0024.jpg 1 8 64 24 24
1311_0028_0012_0063_0063.jpg 1 28 12 63 63
1312_0041_0060_0031_0031.jpg 1 41 60 31 31
1313_0012_0019_0068_0068.jpg 1 12 19 68 68
1314_0020_0008_0044_0044.jpg 1 20 8 44 44
1315_0011_0028_0037_0037.jpg 1 11 28 37 37
1316_0023_0028_0059_0059.jpg 1 23 28 59 59
1317_0039_0028_0044_0044.jpg 1 39 28 44 44
1318_0037_0035_0052_0052.jpg 1 37 35 52 52
1319_0026_0022_0049_0049.jpg 1 26 22 49 49
1320_0025_0004_0068_0068.jpg 1 25 4 68 68
1321_0046_0047_0035_0035.jpg 1 46 47 35 35
1322_0019_0028_0068_0068.jpg 1 19 28 68 68
1323_0007_0031_0024_0024.jpg 1 7 31 24 24
1324_0008_0013_0047_0047.jpg 1 8 13 47 47
1325_0036_0027_0057_0057.jpg 1 36 27 57 57
1326_0022_0026_0068_0068.jpg 1 22 26 68 68
1327_0008_0027_0058_0058.jpg 1 8 27 58 58
1328_0027_0058_0024_0024.jpg 1 27 58 24 24
1329_0019_0026_0066_0066.jpg 1 19 26 66 66
1330_0020_0016_0062_0062.jpg 1 20 16 62 62
1331_0025_0036_0038_0038.jpg 1 25 36 38 38
1332_0058_0050_0031_0031.jpg 1 58 50 31 31
1333_0014_0026_0036_0036.jpg 1 14 26 36 36
1334_0035_0030_0034_0034.jpg 1 35 30 34 34
1335_0029_0014_0031_0031.jpg 1 29 14 31 31
1336_0029_0028_0048_0048.jpg 1 29 28 48 48
1337_0047_0016_0044_0044.jpg 1 47 16 44 44
1338_0010_0011_0054_0054.jpg 1 10 11 54 54
1339_0019_0036_0059_0059.jpg 1 19 36 59 59
1340_0039_0030_0043_0043.jpg 1 39 30 43 43
1341_0045_0045_0026_0026.jpg 1 45 45 26 26
1342_0012_0008_0059_0059.jpg 1 12 8 59 59
1343_0012_0008_0036_0036.jpg 1 12 8 36 36
1344_0029_0012_0059_0059.jpg 1 29 12 59 59
1345_0016_0005_0044_0044.jpg 1 16 5 44 44
1346_0028_0008_0047_0047.jpg 1 28 8 47 47
1347_0035_0038_0050_0050.jpg 1 35 38 50 50
1348_0015_0014_0063_0063.jpg 1 15 14 63 63
1349_0011_0043_0050_0050.jpg 1 11 43 50 50
1350_0005_0013_0045_0045.jpg 1 5 13 45 45
1351_0014_0043_0050_0050.jpg 1 14 43 50 50
1352_0024_0014_0051_0051.jpg 1 24 14 51 51
1353_0051_0006_0033_0033.jpg 1 51 6 33 33
1354_0024_0015_0051_0051.jpg 1 24 15 51 51
1355_0007_0013_0052_0052.jpg 1 7 13 52 52
1356_0008_0015_0069_0069.jpg 1 8 15 69 69
1357_0019_0031_0026_0026.jpg 1 19 31 26 26
1358_0013_0012_0062_0062.jpg 1 13 12 62 62
1359_0020_0050_0033_0033.jpg 1 20 50 33 33
1360_0017_0046_0032_0032.jpg 1 17 46 32 32
1361_0038_0016_0035_0035.jpg 1 38 16 35 35
1362_0005_0025_0054_0054.jpg 1 5 25 54 54
1363_0016_0055_0029_0029.jpg 1 16 55 29 29
1364_0036_0025_0057_0057.jpg 1 36 25 57 57
1365_0024_0029_0066_0066.jpg 1 24 29 66 66
1366_0020_0007_0035_0035.jpg 1 20 7 35 35
1367_0031_0048_0044_0044.jpg 1 31 48 44 44
1368_0030_0014_0044_0044.jpg 1 30 14 44 44
1369_0029_0019_0030_0030.jpg 1 29 19 30 30
1370_0018_0013_0069_0069.jpg 1 18 13 69 69
1371_0007_0027_0054_0054.jpg 1 7 27 54 54
1372_0014_0015_0062_0062.jpg 1 14 15 62 62
1373_0058_0012_0033_0033.jpg 1 58 12 33 33
1374_0030_0019_0064_0064.jpg 1 30 19 64 64
1375_0030_0029_0060_0060.jpg 1 30 29 60 60
1376_0053_0041_0025_0025.jpg 1 53 41 25 25
1377_0012_0022_0034_0034.jpg 1 12 22 34 34
1378_0030_0020_0060_0060.jpg 1 30 20 60 60
1379_0023_0015_0065_0065.jpg 1 23 15 65 65
1380_0029_0025_0063_0063.jpg 1 29 25 63 63
1381_0042_0053_0040_0040.jpg 1 42 53 40 40
1382_0024_0031_0060_0060.jpg 1 24 31 60 60
1383_0013_0025_0065_0065.jpg 1 13 25 65 65
1384_0011_0016_0063_0063.jpg 1 11 16 63 63
1385_0008_0029_0056_0056.jpg 1 8 29 56 56
1386_0032_0047_0032_0032.jpg 1 32 47 32 32
1387_0005_0019_0066_0066.jpg 1 5 19 66 66
1388_0022_0035_0050_0050.jpg 1 22 35 50 50
1389_0019_0018_0053_0053.jpg 1 19 18 53 53
1390_0031_0014_0061_0061.jpg 1 31 14 61 61
1391_0057_0020_0031_0031.jpg 1 57 20 31 31
1392_0035_0012_0059_0059.jpg 1 35 12 59 59
1393_0034_0054_0031_0031.jpg 1 34 54 31 31
1394_0027_0028_0056_0056.jpg 1 27 28 56 56
1395_0029_0024_0035_0035.jpg 1 29 24 35 35
1396_0043_0006_0044_0044.jpg 1 43 6 44 44
1397_0025_0032_0026_0026.jpg 1 25 32 26 26
1398_0045_0031_0030_0030.jpg 1 45 31 30 30
1399_0026_0023_0049_0049.jpg 1 26 23 49 49
1400_0019_0013_0067_0067.jpg 1 19 13 67 67
1401_0039_0010_0032_0032.jpg 1 39 10 32 32
1402_0054_0012_0039_0039.jpg 1 54 12 39 39
1403_0010_0015_0057_0057.jpg 1 10 15 57 57
1404_0044_0028_0028_0028.jpg 1 44 28 28 28
1405_0004_0009_0063_0063.jpg 1 4 9 63 63
1406_0037_0038_0055_0055.jpg 1 37 38 55 55
1407_0021_0025_0066_0066.jpg 1 21 25 66 66
1408_0018_0023_0053_0053.jpg 1 18 23 53 53
1409_0009_0011_0068_0068.jpg 1 9 11 68 68
1410_0065_0010_0027_0027.jpg 1 65 10 27 27
1411_0042_0026_0027_0027.jpg 1 42 26 27 27
1412_0044_0026_0026_0026.jpg 1 44 26 26 26
1413_0011_0023_0031_0031.jpg 1 11 23 31 31
1414_0041_0009_0048_0048.jpg 1 41 9 48 48
1415_0049_0046_0037_0037.jpg 1 49 46 37 37
1416_0020_0013_0063_0063.jpg 1 20 13 63 63
1417_0006_0015_0038_0038.jpg 1 6 15 38 38
1418_0005_0008_0045_0045.jpg 1 5 8 45 45
1419_0009_0017_0053_0053.jpg 1 9 17 53 53
1420_0037_0050_0040_0040.jpg 1 37 50 40 40
1421_0037_0023_0055_0055.jpg 1 37 23 55 55
1422_0009_0034_0029_0029.jpg 1 9 34 29 29
1423_0050_0012_0036_0036.jpg 1 50 12 36 36
1424_0026_0039_0049_0049.jpg 1 26 39 49 49
1425_0033_0014_0025_0025.jpg 1 33 14 25 25
1426_0030_0017_0044_0044.jpg 1 30 17 44 44
1427_0046_0016_0034_0034.jpg 1 46 16 34 34
1428_0032_0038_0036_0036.jpg 1 32 38 36 36
1429_0038_0054_0027_0027.jpg 1 38 54 27 27
1430_0014_0011_0060_0060.jpg 1 14 11 60 60
1431_0011_0056_0036_0036.jpg 1 11 56 36 36
1432_0020_0041_0049_0049.jpg 1 20 41 49 49
1433_0025_0023_0069_0069.jpg 1 25 23 69 69
1434_0032_0036_0057_0057.jpg 1 32 36 57 57
1435_0018_0009_0047_0047.jpg 1 18 9 47 47
1436_0031_0004_0059_0059.jpg 1 31 4 59 59
1437_0033_0006_0063_0063.jpg 1 33 6 63 63
1438_0041_0035_0053_0053.jpg 1 41 35 53 53
1439_0026_0038_0050_0050.jpg 1 26 38 50 50
1440_0039_0030_0044_0044.jpg 1 39 30 44 44
1441_0034_0039_0056_0056.jpg 1 34 39 56 56
1442_0020_0005_0051_0051.jpg 1 20 5 51 51
1443_0015_0008_0058_0058.jpg 1 15 8 58 58
1444_0022_0015_0065_0065.jpg 1 22 15 65 65
1445_0008_0019_0066_0066.jpg 1 8 19 66 66
1446_0050_0035_0041_0041.jpg 1 50 35 41 41
1447_0020_0031_0063_0063.jpg 1 20 31 63 63
1448_0022_0013_0065_0065.jpg 1 22 13 65 65
1449_0013_0020_0060_0060.jpg 1 13 20 60 60
1450_0058_0015_0033_0033.jpg 1 58 15 33 33
1451_0023_0011_0025_0025.jpg 1 23 11 25 25
1452_0018_0040_0030_0030.jpg 1 18 40 30 30
1453_0060_0022_0029_0029.jpg 1 60 22 29 29
1454_0056_0039_0033_0033.jpg 1 56 39 33 33
1455_0041_0027_0028_0028.jpg 1 41 27 28 28
1456_0005_0036_0050_0050.jpg 1 5 36 50 50
1457_0036_0034_0039_0039.jpg 1 36 34 39 39
1458_0049_0011_0040_0040.jpg 1 49 11 40 40
1459_0025_0033_0059_0059.jpg 1 25 33 59 59
1460_0021_0016_0054_0054.jpg 1 21 16 54 54
1461_0043_0009_0032_0032.jpg 1 43 9 32 32
1462_0016_0030_0065_0065.jpg 1 16 30 65 65
1463_0025_0032_0034_0034.jpg 1 25 32 34 34
1464_0008_0032_0052_0052.jpg 1 8 32 52 52
1465_0009_0043_0051_0051.jpg 1 9 43 51 51
1466_0028_0019_0025_0025.jpg 1 28 19 25 25
1467_0037_0028_0040_0040.jpg 1 37 28 40 40
1468_0033_0035_0032_0032.jpg 1 33 35 32 32
1469_0022_0022_0028_0028.jpg 1 22 22 28 28
1470_0062_0019_0029_0029.jpg 1 62 19 29 29
1471_0046_0054_0026_0026.jpg 1 46 54 26 26
1472_0037_0029_0052_0052.jpg 1 37 29 52 52
1473_0020_0027_0066_0066.jpg 1 20 27 66 66
1474_0019_0038_0050_0050.jpg 1 19 38 50 50
1475_0026_0054_0039_0039.jpg 1 26 54 39 39
1476_0027_0059_0026_0026.jpg 1 27 59 26 26
1477_0033_0039_0039_0039.jpg 1 33 39 39 39
1478_0055_0020_0033_0033.jpg 1 55 20 33 33
1479_0020_0028_0042_0042.jpg 1 20 28 42 42
1480_0009_0040_0034_0034.jpg 1 9 40 34 34
1481_0041_0027_0044_0044.jpg 1 41 27 44 44
1482_0030_0025_0025_0025.jpg 1 30 25 25 25
1483_0051_0041_0028_0028.jpg 1 51 41 28 28
1484_0016_0034_0032_0032.jpg 1 16 34 32 32
1485_0007_0027_0055_0055.jpg 1 7 27 55 55
1486_0052_0061_0029_0029.jpg 1 52 61 29 29
1487_0042_0032_0029_0029.jpg 1 42 32 29 29
1488_0022_0023_0046_0046.jpg 1 22 23 46 46
1489_0010_0011_0065_0065.jpg 1 10 11 65 65
1490_0047_0008_0035_0035.jpg 1 47 8 35 35
1491_0037_0039_0029_0029.jpg 1 37 39 29 29
1492_0060_0035_0031_0031.jpg 1 60 35 31 31
1493_0051_0016_0027_0027.jpg 1 51 16 27 27
1494_0028_0025_0061_0061.jpg 1 28 25 61 61
1495_0013_0020_0031_0031.jpg 1 13 20 31 31
1496_0047_0015_0038_0038.jpg 1 47 15 38 38
1497_0029_0004_0053_0053.jpg 1 29 4 53 53
1498_0058_0056_0029_0029.jpg 1 58 56 29 29
1499_0018_0024_0028_0028.jpg 1 18 24 28 28
1500_0035_0010_0057_0057.jpg 1 35 10 57 57
1501_0036_0021_0053_0053.jpg 1 36 21 53 53
1502_0047_0009_0031_0031.jpg 1 47 9 31 31
1503_0012_0008_0057_0057.jpg 1 12 8 57 57
1504_0007_0053_0029_0029.jpg 1 7 53 29 29
1505_0043_0025_0027_0027.jpg 1 43 25 27 27
1506_0028_0040_0043_0043.jpg 1 28 40 43 43
1507_0033_0022_0061_0061.jpg 1 33 22 61 61
1508_0008_0018_0069_0069.jpg 1 8 18 69 69
1509_0017_0014_0067_0067.jpg 1 17 14 67 67
1510_0008_0023_0031_0031.jpg 1 8 23 31 31
1511_0042_0060_0030_0030.jpg 1 42 60 30 30
1512_0019_0044_0045_0045.jpg 1 19 44 45 45
1513_0021_0029_0065_0065.jpg 1 21 29 65 65
1514_0008_0017_0058_0058.jpg 1 8 17 58 58
1515_0036_0040_0046_0046.jpg 1 36 40 46 46
1516_0012_0044_0046_0046.jpg 1 12 44 46 46
1517_0059_0023_0033_0033.jpg 1 59 23 33 33
1518_0048_0047_0042_0042.jpg 1 48 47 42 42
1519_0024_0022_0069_0069.jpg 1 24 22 69 69
1520_0010_0049_0044_0044.jpg 1 10 49 44 44
1521_0035_0028_0030_0030.jpg 1 35 28 30 30
1522_0034_0027_0059_0059.jpg 1 34 27 59 59
1523_0030_0023_0052_0052.jpg 1 30 23 52 52
1524_0028_0050_0042_0042.jpg 1 28 50 42 42
1525_0058_0007_0033_0033.jpg 1 58 7 33 33
1526_0022_0020_0048_0048.jpg 1 22 20 48 48
1527_0017_0027_0066_0066.jpg 1 17 27 66 66
1528_0047_0028_0042_0042.jpg 1 47 28 42 42
1529_0013_0029_0067_0067.jpg 1 13 29 67 67
1530_0031_0044_0037_0037.jpg 1 31 44 37 37
1531_0017_0027_0044_0044.jpg 1 17 27 44 44
1532_0015_0014_0055_0055.jpg 1 15 14 55 55
1533_0031_0006_0058_0058.jpg 1 31 6 58 58
1534_0036_0034_0051_0051.jpg 1 36 34 51 51
1535_0019_0030_0055_0055.jpg 1 19 30 55 55
1536_0010_0008_0059_0059.jpg 1 10 8 59 59
1537_0019_0012_0062_0062.jpg 1 19 12 62 62
1538_0018_0011_0050_0050.jpg 1 18 11 50 50
1539_0026_0011_0058_0058.jpg 1 26 11 58 58
1540_0017_0019_0064_0064.jpg 1 17 19 64 64
1541_0053_0011_0033_0033.jpg 1 53 11 33 33
1542_0049_0046_0036_0036.jpg 1 49 46 36 36
1543_0013_0034_0047_0047.jpg 1 13 34 47 47
1544_0030_0012_0032_0032.jpg 1 30 12 32 32
1545_0008_0032_0056_0056.jpg 1 8 32 56 56
1546_0007_0018_0055_0055.jpg 1 7 18 55 55
1547_0031_0011_0063_0063.jpg 1 31 11 63 63
1548_0051_0045_0033_0033.jpg 1 51 45 33 33
1549_0024_0029_0042_0042.jpg 1 24 29 42 42
1550_0028_0015_0041_0041.jpg 1 28 15 41 41
1551_0059_0056_0029_0029.jpg 1 59 56 29 29
1552_0039_0015_0039_0039.jpg 1 39 15 39 39
1553_0043_0046_0026_0026.jpg 1 43 46 26 26
1554_0011_0012_0044_0044.jpg 1 11 12 44 44
1555_0011_0032_0061_0061.jpg 1 11 32 61 61
1556_0015_0033_0041_0041.jpg 1 15 33 41 41
1557_0017_0015_0066_0066.jpg 1 17 15 66 66
1558_0013_0006_0049_0049.jpg 1 13 6 49 49
1559_0015_0039_0055_0055.jpg 1 15 39 55 55
1560_0019_0026_0066_0066.jpg 1 19 26 66 66
1561_0019_0010_0040_0040.jpg 1 19 10 40 40
1562_0029_0037_0033_0033.jpg 1 29 37 33 33
1563_0025_0006_0046_0046.jpg 1 25 6 46 46
1564_0011_0026_0046_0046.jpg 1 11 26 46 46
1565_0041_0058_0030_0030.jpg 1 41 58 30 30
1566_0024_0023_0031_0031.jpg 1 24 23 31 31
1567_0021_0026_0035_0035.jpg 1 21 26 35 35
1568_0040_0030_0028_0028.jpg 1 40 30 28 28
1569_0010_0020_0054_0054.jpg 1 10 20 54 54
1570_0010_0007_0053_0053.jpg 1 10 7 53 53
1571_0020_0059_0029_0029.jpg 1 20 59 29 29
1572_0046_0032_0045_0045.jpg 1 46 32 45 45
1573_0027_0006_0046_0046.jpg 1 27 6 46 46
1574_0037_0028_0047_0047.jpg 1 37 28 47 47
1575_0026_0014_0043_0043.jpg 1 26 14 43 43
1576_0037_0013_0049_0049.jpg 1 37 13 49 49
1577_0027_0010_0035_0035.jpg 1 27 10 35 35
1578_0020_0027_0051_0051.jpg 1 20 27 51 51
1579_0011_0026_0043_0043.jpg 1 11 26 43 43
1580_0017_0019_0069_0069.jpg 1 17 19 69 69
1581_0046_0029_0030_0030.jpg 1 46 29 30 30
1582_0015_0007_0041_0041.jpg 1 15 7 41 41
1583_0012_0011_0034_0034.jpg 1 12 11 34 34
1584_0024_0040_0030_0030.jpg 1 24 40 30 30
1585_0058_0061_0031_0031.jpg 1 58 61 31 31
1586_0005_0014_0053_0053.jpg 1 5 14 53 53
1587_0035_0033_0053_0053.jpg 1 35 33 53 53
1588_0033_0013_0029_0029.jpg 1 33 13 29 29
1589_0032_0011_0056_0056.jpg 1 32 11 56 56
1590_0018_0037_0056_0056.jpg 1 18 37 56 56
1591_0028_0010_0060_0060.jpg 1 28 10 60 60
1592_0026_0044_0045_0045.jpg 1 26 44 45 45
1593_0010_0009_0045_0045.jpg 1 10 9 45 45
1594_0005_0010_0054_0054.jpg 1 5 10 54 54
1595_0042_0028_0050_0050.jpg 1 42 28 50 50
1596_0003_0019_0068_0068.jpg 1 3 19 68 68
1597_0024_0006_0062_0062.jpg 1 24 6 62 62
1598_0026_0033_0059_0059.jpg 1 26 33 59 59
1599_0020_0008_0066_0066.jpg 1 20 8 66 66
1600_0037_0010_0041_0041.jpg 1 37 10 41 41
1601_0022_0052_0029_0029.jpg 1 22 52 29 29
1602_0059_0051_0033_0033.jpg 1 59 51 33 33
1603_0019_0017_0066_0066.jpg 1 19 17 66 66
1604_0044_0042_0049_0049.jpg 1 44 42 49 49
1605_0013_0023_0044_0044.jpg 1 13 23 44 44
1606_0020_0014_0034_0034.jpg 1 20 14 34 34
1607_0021_0019_0068_0068.jpg 1 21 19 68 68
1608_0029_0017_0059_0059.jpg 1 29 17 59 59
1609_0055_0021_0030_0030.jpg 1 55 21 30 30
1610_0046_0028_0024_0024.jpg 1 46 28 24 24
1611_0016_0027_0060_0060.jpg 1 16 27 60 60
1612_0022_0014_0029_0029.jpg 1 22 14 29 29
1613_0050_0014_0035_0035.jpg 1 50 14 35 35
1614_0028_0008_0047_0047.jpg 1 28 8 47 47
1615_0032_0061_0030_0030.jpg 1 32 61 30 30
1616_0022_0030_0024_0024.jpg 1 22 30 24 24
1617_0034_0013_0050_0050.jpg 1 34 13 50 50
1618_0038_0031_0057_0057.jpg 1 38 31 57 57
1619_0009_0009_0034_0034.jpg 1 9 9 34 34
1620_0013_0017_0065_0065.jpg 1 13 17 65 65
1621_0020_0041_0052_0052.jpg 1 20 41 52 52
1622_0023_0024_0053_0053.jpg 1 23 24 53 53
1623_0043_0052_0035_0035.jpg 1 43 52 35 35
1624_0036_0026_0046_0046.jpg 1 36 26 46 46
1625_0050_0044_0032_0032.jpg 1 50 44 32 32
1626_0025_0028_0062_0062.jpg 1 25 28 62 62
1627_0016_0018_0053_0053.jpg 1 16 18 53 53
1628_0042_0015_0049_0049.jpg 1 42 15 49 49
1629_0034_0028_0055_0055.jpg 1 34 28 55 55
1630_0049_0021_0033_0033.jpg 1 49 21 33 33
1631_0032_0017_0027_0027.jpg 1 32 17 27 27
1632_0019_0013_0048_0048.jpg 1 19 13 48 48
1633_0030_0033_0058_0058.jpg 1 30 33 58 58
1634_0041_0014_0035_0035.jpg 1 41 14 35 35
1635_0040_0041_0024_0024.jpg 1 40 41 24 24
1636_0037_0017_0046_0046.jpg 1 37 17 46 46
1637_0033_0039_0045_0045.jpg 1 33 39 45 45
1638_0006_0012_0052_0052.jpg 1 6 12 52 52
1639_0056_0053_0028_0028.jpg 1 56 53 28 28
1640_0013_0005_0064_0064.jpg 1 13 5 64 64
1641_0036_0005_0050_0050.jpg 1 36 5 50 50
1642_0022_0008_0056_0056.jpg 1 22 8 56 56
1643_0008_0029_0067_0067.jpg 1 8 29 67 67
1644_0023_0032_0048_0048.jpg 1 23 32 48 48
1645_0018_0027_0065_0065.jpg 1 18 27 65 65
1646_0042_0008_0053_0053.jpg 1 42 8 53 53
1647_0033_0059_0028_0028.jpg 1 33 59 28 28
1648_0015_0026_0041_0041.jpg 1 15 26 41 41
1649_0039_0024_0052_0052.jpg 1 39 24 52 52
1650_0020_0017_0068_0068.jpg 1 20 17 68 68
1651_0042_0038_0040_0040.jpg 1 42 38 40 40
1652_0009_0049_0028_0028.jpg 1 9 49 28 28
1653_0035_0036_0029_0029.jpg 1 35 36 29 29
1654_0009_0009_0060_0060.jpg 1 9 9 60 60
1655_0021_0007_0049_0049.jpg 1 21 7 49 49
1656_0028_0020_0040_0040.jpg 1 28 20 40 40
1657_0005_0022_0068_0068.jpg 1 5 22 68 68
1658_0023_0005_0066_0066.jpg 1 23 5 66 66
1659_0017_0047_0025_0025.jpg 1 17 47 25 25
1660_0019_0020_0059_0059.jpg 1 19 20 59 59
1661_0032_0009_0043_0043.jpg 1 32 9 43 43
1662_0020_0040_0033_0033.jpg 1 20 40 33 33
1663_0011_0029_0063_0063.jpg 1 11 29 63 63
1664_0013_0040_0043_0043.jpg 1 13 40 43 43
1665_0025_0027_0039_0039.jpg 1 25 27 39 39
1666_0031_0030_0025_0025.jpg 1 31 30 25 25
1667_0037_0035_0051_0051.jpg 1 37 35 51 51
1668_0039_0032_0051_0051.jpg 1 39 32 51 51
1669_0043_0034_0040_0040.jpg 1 43 34 40 40
1670_0043_0037_0025_0025.jpg 1 43 37 25 25
1671_0011_0017_0059_0059.jpg 1 11 17 59 59
1672_0042_0038_0052_0052.jpg 1 42 38 52 52
1673_0007_0018_0065_0065.jpg 1 7 18 65 65
1674_0035_0013_0026_0026.jpg 1 35 13 26 26
1675_0051_0016_0024_0024.jpg 1 51 16 24 24
1676_0057_0036_0034_0034.jpg 1 57 36 34 34
1677_0011_0025_0067_0067.jpg 1 11 25 67 67
1678_0028_0018_0027_0027.jpg 1 28 18 27 27
1679_0038_0035_0032_0032.jpg 1 38 35 32 32
1680_0035_0044_0044_0044.jpg 1 35 44 44 44
1681_0016_0012_0037_0037.jpg 1 16 12 37 37
1682_0053_0052_0033_0033.jpg 1 53 52 33 33
1683_0018_0008_0064_0064.jpg 1 18 8 64 64
1684_0043_0036_0025_0025.jpg 1 43 36 25 25
1685_0049_0052_0026_0026.jpg 1 49 52 26 26
1686_0015_0008_0039_0039.jpg 1 15 8 39 39
1687_0047_0052_0039_0039.jpg 1 47 52 39 39
1688_0036_0037_0037_0037.jpg 1 36 37 37 37
1689_0050_0014_0043_0043.jpg 1 50 14 43 43
1690_0045_0025_0031_0031.jpg 1 45 25 31 31
1691_0009_0028_0030_0030.jpg 1 9 28 30 30
1692_0041_0047_0035_0035.jpg 1 41 47 35 35
1693_0014_0020_0031_0031.jpg 1 14 20 31 31
1694_0030_0036_0056_0056.jpg 1 30 36 56 56
1695_0014_0031_0032_0032.jpg 1 14 31 32 32
1696_0013_0024_0058_0058.jpg 1 13 24 58 58
1697_0013_0012_0036_0036.jpg 1 13 12 36 36
1698_0030_0020_0043_0043.jpg 1 30 20 43 43
1699_0025_0008_0041_0041.jpg 1 25 8 41 41
1700_0036_0012_0026_0026.jpg 1 36 12 26 26
1701_0018_0036_0041_0041.jpg 1 18 36 41 41
1702_0037_0053_0037_0037.jpg 1 37 53 37 37
1703_0019_0037_0052_0052.jpg 1 19 37 52 52
1704_0027_0035_0056_0056.jpg 1 27 35 56 56
1705_0048_0012_0031_0031.jpg 1 48 12 31 31
1706_0022_0008_0067_0067.jpg 1 22 8 67 67
1707_0045_0011_0029_0029.jpg 1 45 11 29 29
1708_0005_0038_0055_0055.jpg 1 5 38 55 55
1709_0013_0016_0065_0065.jpg 1 13 16 65 65
1710_0037_0027_0054_0054.jpg 1 37 27 54 54
1711_0040_0035_0053_0053.jpg 1 40 35 53 53
1712_0012_0017_0048_0048.jpg 1 12 17 48 48
1713_0030_0019_0040_0040.jpg 1 30 19 40 40
1714_0036_0007_0027_0027.jpg 1 36 7 27 27
1715_0020_0029_0024_0024.jpg 1 20 29 24 24
1716_0036_0032_0040_0040.jpg 1 36 32 40 40
1717_0019_0019_0048_0048.jpg 1 19 19 48 48
1718_0043_0017_0037_0037.jpg 1 43 17 37 37
1719_0056_0045_0035_0035.jpg 1 56 45 35 35
1720_0018_0040_0046_0046.jpg 1 18 40 46 46
1721_0041_0015_0034_0034.jpg 1 41 15 34 34
1722_0061_0051_0024_0024.jpg 1 61 51 24 24
1723_0009_0038_0035_0035.jpg 1 9 38 35 35
1724_0035_0032_0043_0043.jpg 1 35 32 43 43
1725_0023_0018_0047_0047.jpg 1 23 18 47 47
1726_0019_0040_0034_0034.jpg 1 19 40 34 34
1727_0044_0009_0043_0043.jpg 1 44 9 43 43
1728_0044_0009_0050_0050.jpg 1 44 9 50 50
1729_0025_0010_0061_0061.jpg 1 25 10 61 61
1730_0020_0061_0025_0025.jpg 1 20 61 25 25
1731_0007_0018_0068_0068.jpg 1 7 18 68 68
1732_0010_0024_0033_0033.jpg 1 10 24 33 33
1733_0019_0029_0057_0057.jpg 1 19 29 57 57
1734_0052_0038_0036_0036.jpg 1 52 38 36 36
1735_0025_0040_0053_0053.jpg 1 25 40 53 53
1736_0019_0029_0059_0059.jpg 1 19 29 59 59
1737_0014_0022_0024_0024.jpg 1 14 22 24 24
1738_0030_0015_0043_0043.jpg 1 30 15 43 43
1739_0037_0023_0025_0025.jpg 1 37 23 25 25
1740_0019_0009_0059_0059.jpg 1 19 9 59 59
1741_0006_0030_0063_0063.jpg 1 6 30 63 63
1742_0003_0020_0067_0067.jpg 1 3 20 67 67
1743_0023_0026_0060_0060.jpg 1 23 26 60 60
1744_0011_0039_0028_0028.jpg 1 11 39 28 28
1745_0017_0044_0041_0041.jpg 1 17 44 41 41
1746_0020_0016_0053_0053.jpg 1 20 16 53 53
1747_0034_0026_0051_0051.jpg 1 34 26 51 51
1748_0020_0037_0051_0051.jpg 1 20 37 51 51
1749_0056_0045_0029_0029.jpg 1 56 45 29 29
1750_0051_0055_0029_0029.jpg 1 51 55 29 29
1751_0062_0036_0030_0030.jpg 1 62 36 30 30
1752_0033_0014_0026_0026.jpg 1 33 14 26 26
1753_0024_0032_0037_0037.jpg 1 24 32 37 37
1754_0045_0009_0029_0029.jpg 1 45 9 29 29
1755_0037_0007_0049_0049.jpg 1 37 7 49 49
1756_0030_0026_0054_0054.jpg 1 30 26 54 54
1757_0024_0010_0054_0054.jpg 1 24 10 54 54
1758_0021_0026_0053_0053.jpg 1 21 26 53 53
1759_0034_0015_0041_0041.jpg 1 34 15 41 41
1760_0017_0023_0069_0069.jpg 1 17 23 69 69
1761_0056_0052_0031_0031.jpg 1 56 52 31 31
1762_0052_0018_0027_0027.jpg 1 52 18 27 27
1763_0027_0037_0045_0045.jpg 1 27 37 45 45
1764_0020_0038_0052_0052.jpg 1 20 38 52 52
1765_0038_0019_0055_0055.jpg 1 38 19 55 55
1766_0013_0025_0060_0060.jpg 1 13 25 60 60
1767_0004_0019_0058_0058.jpg 1 4 19 58 58
1768_0007_0006_0065_0065.jpg 1 7 6 65 65
1769_0024_0005_0062_0062.jpg 1 24 5 62 62
1770_0011_0017_0059_0059.jpg 1 11 17 59 59
1771_0016_0039_0044_0044.jpg 1 16 39 44 44
1772_0048_0022_0036_0036.jpg 1 48 22 36 36
1773_0018_0016_0064_0064.jpg 1 18 16 64 64
1774_0024_0020_0053_0053.jpg 1 24 20 53 53
1775_0034_0007_0051_0051.jpg 1 34 7 51 51
1776_0017_0014_0048_0048.jpg 1 17 14 48 48
1777_0013_0011_0044_0044.jpg 1 13 11 44 44
1778_0025_0019_0042_0042.jpg 1 25 19 42 42
1779_0039_0021_0037_0037.jpg 1 39 21 37 37
1780_0005_0022_0056_0056.jpg 1 5 22 56 56
1781_0015_0026_0068_0068.jpg 1 15 26 68 68
1782_0045_0016_0049_0049.jpg 1 45 16 49 49
1783_0036_0014_0042_0042.jpg 1 36 14 42 42
1784_0030_0020_0062_0062.jpg 1 30 20 62 62
1785_0050_0031_0038_0038.jpg 1 50 31 38 38
1786_0025_0037_0026_0026.jpg 1 25 37 26 26
1787_0025_0013_0039_0039.jpg 1 25 13 39 39
1788_0019_0022_0037_0037.jpg 1 19 22 37 37
1789_0009_0029_0067_0067.jpg 1 9 29 67 67
1790_0028_0020_0052_0052.jpg 1 28 20 52 52
1791_0009_0026_0065_0065.jpg 1 9 26 65 65
1792_0024_0022_0052_0052.jpg 1 24 22 52 52
1793_0010_0041_0029_0029.jpg 1 10 41 29 29
1794_0025_0040_0027_0027.jpg 1 25 40 27 27
1795_0038_0016_0030_0030.jpg 1 38 16 30 30
1796_0036_0036_0048_0048.jpg 1 36 36 48 48
1797_0016_0043_0040_0040.jpg 1 16 43 40 40
1798_0027_0050_0040_0040.jpg 1 27 50 40 40
1799_0036_0018_0033_0033.jpg 1 36 18 33 33
1800_0053_0015_0033_0033.jpg 1 53 15 33 33
1801_0040_0058_0028_0028.jpg 1 40 58 28 28
1802_0023_0037_0055_0055.jpg 1 23 37 55 55
1803_0045_0049_0035_0035.jpg 1 45 49 35 35
1804_0050_0028_0035_0035.jpg 1 50 28 35 35
1805_0050_0025_0031_0031.jpg 1 50 25 31 31
1806_0011_0018_0048_0048.jpg 1 11 18 48 48
1807_0028_0039_0050_0050.jpg 1 28 39 50 50
1808_0050_0021_0032_0032.jpg 1 50 21 32 32
1809_0009_0006_0066_0066.jpg 1 9 6 66 66
1810_0011_0022_0060_0060.jpg 1 11 22 60 60
1811_0048_0043_0045_0045.jpg 1 48 43 45 45
1812_0039_0030_0030_0030.jpg 1 39 30 30 30
1813_0045_0060_0030_0030.jpg 1 45 60 30 30
1814_0051_0065_0024_0024.jpg 1 51 65 24 24
1815_0043_0041_0040_0040.jpg 1 43 41 40 40
1816_0021_0028_0037_0037.jpg 1 21 28 37 37
1817_0034_0011_0045_0045.jpg 1 34 11 45 45
1818_0045_0034_0042_0042.jpg 1 45 34 42 42
1819_0026_0033_0059_0059.jpg 1 26 33 59 59
1820_0028_0026_0063_0063.jpg 1 28 26 63 63
1821_0015_0013_0061_0061.jpg 1 15 13 61 61
1822_0014_0019_0049_0049.jpg 1 14 19 49 49
1823_0010_0038_0045_0045.jpg 1 10 38 45 45
1824_0005_0021_0057_0057.jpg 1 5 21 57 57
1825_0021_0028_0029_0029.jpg 1 21 28 29 29
1826_0034_0018_0058_0058.jpg 1 34 18 58 58
1827_0033_0008_0034_0034.jpg 1 33 8 34 34
1828_0009_0004_0068_0068.jpg 1 9 4 68 68
1829_0050_0026_0028_0028.jpg 1 50 26 28 28
1830_0024_0057_0031_0031.jpg 1 24 57 31 31
1831_0020_0020_0069_0069.jpg 1 20 20 69 69
1832_0026_0026_0064_0064.jpg 1 26 26 64 64
1833_0056_0032_0032_0032.jpg 1 56 32 32 32
1834_0012_0024_0060_0060.jpg 1 12 24 60 60
1835_0005_0027_0064_0064.jpg 1 5 27 64 64
1836_0028_0063_0028_0028.jpg 1 28 63 28 28
1837_0006_0004_0066_0066.jpg 1 6 4 66 66
1838_0037_0006_0054_0054.jpg 1 37 6 54 54
1839_0033_0017_0040_0040.jpg 1 33 17 40 40
1840_0016_0021_0069_0069.jpg 1 16 21 69 69
1841_0006_0010_0058_0058.jpg 1 6 10 58 58
1842_0027_0011_0066_0066.jpg 1 27 11 66 66
1843_0029_0013_0054_0054.jpg 1 29 13 54 54
1844_0015_0025_0047_0047.jpg 1 15 25 47 47
1845_0015_0031_0043_0043.jpg 1 15 31 43 43
1846_0026_0058_0029_0029.jpg 1 26 58 29 29
1847_0009_0013_0054_0054.jpg 1 9 13 54 54
1848_0009_0016_0057_0057.jpg 1 9 16 57 57
1849_0034_0033_0056_0056.jpg 1 34 33 56 56
1850_0019_0008_0052_0052.jpg 1 19 8 52 52
1851_0039_0025_0049_0049.jpg 1 39 25 49 49
1852_0009_0024_0068_0068.jpg 1 9 24 68 68
1853_0012_0057_0030_0030.jpg 1 12 57 30 30
1854_0036_0017_0058_0058.jpg 1 36 17 58 58
1855_0043_0024_0051_0051.jpg 1 43 24 51 51
1856_0044_0055_0033_0033.jpg 1 44 55 33 33
1857_0046_0016_0048_0048.jpg 1 46 16 48 48
1858_0026_0042_0024_0024.jpg 1 26 42 24 24
1859_0011_0011_0068_0068.jpg 1 11 11 68 68
1860_0052_0047_0033_0033.jpg 1 52 47 33 33
1861_0005_0011_0051_0051.jpg 1 5 11 51 51
1862_0037_0025_0028_0028.jpg 1 37 25 28 28
1863_0011_0034_0026_0026.jpg 1 11 34 26 26
1864_0022_0030_0025_0025.jpg 1 22 30 25 25
1865_0039_0039_0051_0051.jpg 1 39 39 51 51
1866_0023_0048_0034_0034.jpg 1 23 48 34 34
1867_0022_0009_0060_0060.jpg 1 22 9 60 60
1868_0022_0026_0059_0059.jpg 1 22 26 59 59
1869_0017_0015_0054_0054.jpg 1 17 15 54 54
1870_0015_0047_0026_0026.jpg 1 15 47 26 26
1871_0008_0029_0026_0026.jpg 1 8 29 26 26
1872_0019_0021_0055_0055.jpg 1 19 21 55 55
1873_0045_0026_0038_0038.jpg 1 45 26 38 38
1874_0025_0013_0052_0052.jpg 1 25 13 52 52
1875_0036_0022_0054_0054.jpg 1 36 22 54 54
1876_0042_0017_0052_0052.jpg 1 42 17 52 52
1877_0031_0010_0046_0046.jpg 1 31 10 46 46
1878_0005_0043_0048_0048.jpg 1 5 43 48 48
1879_0026_0032_0058_0058.jpg 1 26 32 58 58
1880_0029_0018_0049_0049.jpg 1 29 18 49 49
1881_0050_0010_0035_0035.jpg 1 50 10 35 35
1882_0034_0018_0055_0055.jpg 1 34 18 55 55
1883_0014_0014_0064_0064.jpg 1 14 14 64 64
1884_0035_0005_0057_0057.jpg 1 35 5 57 57
1885_0005_0013_0064_0064.jpg 1 5 13 64 64
1886_0015_0030_0065_0065.jpg 1 15 30 65 65
1887_0053_0046_0032_0032.jpg 1 53 46 32 32
1888_0015_0052_0041_0041.jpg 1 15 52 41 41
1889_0009_0011_0063_0063.jpg 1 9 11 63 63
1890_0052_0048_0042_0042.jpg 1 52 48 42 42
1891_0016_0024_0053_0053.jpg 1 16 24 53 53
1892_0008_0032_0064_0064.jpg 1 8 32 64 64
1893_0020_0023_0045_0045.jpg 1 20 23 45 45
1894_0041_0020_0042_0042.jpg 1 41 20 42 42
1895_0035_0016_0050_0050.jpg 1 35 16 50 50
1896_0034_0011_0061_0061.jpg 1 34 11 61 61
1897_0014_0027_0064_0064.jpg 1 14 27 64 64
1898_0022_0027_0058_0058.jpg 1 22 27 58 58
1899_0048_0041_0035_0035.jpg 1 48 41 35 35
1900_0019_0031_0054_0054.jpg 1 19 31 54 54
