0001_0042_0026_0043_0043.jpg 1 42 26 43 43
0002_0064_0028_0025_0025.jpg 1 64 28 25 25
0003_0051_0015_0039_0039.jpg 1 51 15 39 39
0004_0056_0043_0025_0025.jpg 1 56 43 25 25
0005_0033_0021_0031_0031.jpg 1 33 21 31 31
0006_0018_0042_0041_0041.jpg 1 18 42 41 41
0007_0024_0007_0062_0062.jpg 1 24 7 62 62
0008_0021_0042_0053_0053.jpg 1 21 42 53 53
0009_0012_0013_0068_0068.jpg 1 12 13 68 68
0010_0027_0039_0055_0055.jpg 1 27 39 55 55
0011_0007_0005_0047_0047.jpg 1 7 5 47 47
0012_0022_0029_0047_0047.jpg 1 22 29 47 47
0013_0015_0004_0067_0067.jpg 1 15 4 67 67
0014_0024_0024_0034_0034.jpg 1 24 24 34 34
0015_0023_0021_0058_0058.jpg 1 23 21 58 58
0016_0049_0038_0025_0025.jpg 1 49 38 25 25
0017_0016_0007_0068_0068.jpg 1 16 7 68 68
0018_0061_0034_0025_0025.jpg 1 61 34 25 25
0019_0037_0024_0032_0032.jpg 1 37 24 32 32
0020_0064_0012_0027_0027.jpg 1 64 12 27 27
0021_0033_0022_0025_0025.jpg 1 33 22 25 25
0022_0040_0047_0025_0025.jpg 1 40 47 25 25
0023_0025_0030_0057_0057.jpg 1 25 30 57 57
0024_0007_0029_0045_0045.jpg 1 7 29 45 45
0025_0031_0017_0059_0059.jpg 1 31 17 59 59
0026_0040_0008_0047_0047.jpg 1 40 8 47 47
0027_0023_0035_0036_0036.jpg 1 23 35 36 36
0028_0007_0057_0036_0036.jpg 1 7 57 36 36
0029_0023_0009_0068_0068.jpg 1 23 9 68 68
0030_0009_0011_0062_0062.jpg 1 9 11 62 62
0031_0009_0053_0025_0025.jpg 1 9 53 25 25
0032_0004_0007_0061_0061.jpg 1 4 7 61 61
0033_0033_0008_0035_0035.jpg 1 33 8 35 35
0034_0004_0027_0057_0057.jpg 1 4 27 57 57
0035_0052_0044_0035_0035.jpg 1 52 44 35 35
0036_0043_0047_0046_0046.jpg 1 43 47 46 46
0037_0029_0034_0057_0057.jpg 1 29 34 57 57
0038_0024_0017_0050_0050.jpg 1 24 17 50 50
0039_0012_0012_0069_0069.jpg 1 12 12 69 69
0040_0022_0041_0036_0036.jpg 1 22 41 36 36
0041_0006_0027_0068_0068.jpg 1 6 27 68 68
0042_0049_0057_0032_0032.jpg 1 49 57 32 32
0043_0009_0031_0062_0062.jpg 1 9 31 62 62
0044_0023_0036_0058_0058.jpg 1 23 36 58 58
0045_0039_0052_0036_0036.jpg 1 39 52 36 36
0046_0035_0058_0028_0028.jpg 1 35 58 28 28
0047_0062_0046_0027_0027.jpg 1 62 46 27 27
0048_0036_0016_0046_0046.jpg 1 36 16 46 46
0049_0012_0034_0051_0051.jpg 1 12 34 51 51
0050_0027_0032_0031_0031.jpg 1 27 32 31 31
0051_0030_0034_0061_0061.jpg 1 30 34 61 61
0052_0012_0038_0050_0050.jpg 1 12 38 50 50
0053_0031_0027_0064_0064.jpg 1 31 27 64 64
0054_0030_0017_0063_0063.jpg 1 30 17 63 63
0055_0020_0032_0053_0053.jpg 1 20 32 53 53
0056_0024_0027_0053_0053.jpg 1 24 27 53 53
0057_0004_0010_0060_0060.jpg 1 4 10 60 60
0058_0021_0041_0031_0031.jpg 1 21 41 31 31
0059_0039_0022_0037_0037.jpg 1 39 22 37 37
0060_0024_0021_0057_0057.jpg 1 24 21 57 57
0061_0008_0024_0068_0068.jpg 1 8 24 68 68
0062_0050_0055_0026_0026.jpg 1 50 55 26 26
0063_0016_0012_0035_0035.jpg 1 16 12 35 35
0064_0049_0042_0028_0028.jpg 1 49 42 28 28
0065_0038_0018_0054_0054.jpg 1 38 18 54 54
0066_0014_0012_0062_0062.jpg 1 14 12 62 62
0067_0008_0006_0059_0059.jpg 1 8 6 59 59
0068_0019_0057_0029_0029.jpg 1 19 57 29 29
0069_0018_0016_0062_0062.jpg 1 18 16 62 62
0070_0031_0006_0044_0044.jpg 1 31 6 44 44
0071_0044_0027_0040_0040.jpg 1 44 27 40 40
0072_0024_0006_0037_0037.jpg 1 24 6 37 37
0073_0017_0018_0043_0043.jpg 1 17 18 43 43
0074_0026_0018_0067_0067.jpg 1 26 18 67 67
0075_0019_0028_0065_0065.jpg 1 19 28 65 65
0076_0008_0025_0064_0064.jpg 1 8 25 64 64
0077_0047_0036_0036_0036.jpg 1 47 36 36 36
0078_0019_0007_0038_0038.jpg 1 19 7 38 38
0079_0028_0023_0061_0061.jpg 1 28 23 61 61
0080_0026_0006_0069_0069.jpg 1 26 6 69 69
0081_0037_0039_0045_0045.jpg 1 37 39 45 45
0082_0054_0024_0039_0039.jpg 1 54 24 39 39
0083_0038_0010_0053_0053.jpg 1 38 10 53 53
0084_0008_0006_0048_0048.jpg 1 8 6 48 48
0085_0018_0010_0030_0030.jpg 1 18 10 30 30
0086_0023_0019_0066_0066.jpg 1 23 19 66 66
0087_0037_0014_0030_0030.jpg 1 37 14 30 30
0088_0023_0011_0044_0044.jpg 1 23 11 44 44
0089_0051_0029_0041_0041.jpg 1 51 29 41 41
0090_0015_0008_0030_0030.jpg 1 15 8 30 30
0091_0007_0011_0068_0068.jpg 1 7 11 68 68
0092_0020_0022_0048_0048.jpg 1 20 22 48 48
0093_0021_0026_0033_0033.jpg 1 21 26 33 33
0094_0020_0021_0042_0042.jpg 1 20 21 42 42
0095_0049_0017_0026_0026.jpg 1 49 17 26 26
0096_0042_0056_0027_0027.jpg 1 42 56 27 27
0097_0030_0008_0047_0047.jpg 1 30 8 47 47
0098_0039_0022_0049_0049.jpg 1 39 22 49 49
0099_0025_0027_0060_0060.jpg 1 25 27 60 60
0100_0027_0027_0062_0062.jpg 1 27 27 62 62
0101_0031_0031_0063_0063.jpg 1 31 31 63 63
0102_0048_0014_0041_0041.jpg 1 48 14 41 41
0103_0017_0018_0061_0061.jpg 1 17 18 61 61
0104_0050_0061_0027_0027.jpg 1 50 61 27 27
0105_0055_0050_0028_0028.jpg 1 55 50 28 28
0106_0013_0036_0025_0025.jpg 1 13 36 25 25
0107_0007_0014_0065_0065.jpg 1 7 14 65 65
0108_0023_0018_0060_0060.jpg 1 23 18 60 60
0109_0009_0050_0029_0029.jpg 1 9 50 29 29
0110_0038_0043_0050_0050.jpg 1 38 43 50 50
0111_0007_0021_0066_0066.jpg 1 7 21 66 66
0112_0023_0034_0060_0060.jpg 1 23 34 60 60
0113_0011_0046_0033_0033.jpg 1 11 46 33 33
0114_0020_0056_0035_0035.jpg 1 20 56 35 35
0115_0024_0007_0069_0069.jpg 1 24 7 69 69
0116_0015_0014_0057_0057.jpg 1 15 14 57 57
0117_0037_0007_0027_0027.jpg 1 37 7 27 27
0118_0038_0028_0056_0056.jpg 1 38 28 56 56
0119_0011_0033_0057_0057.jpg 1 11 33 57 57
0120_0019_0021_0024_0024.jpg 1 19 21 24 24
0121_0021_0034_0058_0058.jpg 1 21 34 58 58
0122_0015_0043_0028_0028.jpg 1 15 43 28 28
0123_0014_0025_0058_0058.jpg 1 14 25 58 58
0124_0013_0017_0032_0032.jpg 1 13 17 32 32
0125_0047_0050_0043_0043.jpg 1 47 50 43 43
0126_0013_0029_0045_0045.jpg 1 13 29 45 45
0127_0004_0006_0067_0067.jpg 1 4 6 67 67
0128_0011_0030_0066_0066.jpg 1 11 30 66 66
0129_0030_0030_0059_0059.jpg 1 30 30 59 59
0130_0043_0048_0036_0036.jpg 1 43 48 36 36
0131_0033_0032_0043_0043.jpg 1 33 32 43 43
0132_0009_0030_0059_0059.jpg 1 9 30 59 59
0133_0017_0031_0041_0041.jpg 1 17 31 41 41
0134_0030_0024_0062_0062.jpg 1 30 24 62 62
0135_0031_0064_0028_0028.jpg 1 31 64 28 28
0136_0020_0040_0039_0039.jpg 1 20 40 39 39
0137_0016_0036_0054_0054.jpg 1 16 36 54 54
0138_0029_0027_0060_0060.jpg 1 29 27 60 60
0139_0023_0015_0060_0060.jpg 1 23 15 60 60
0140_0040_0007_0036_0036.jpg 1 40 7 36 36
0141_0064_0067_0024_0024.jpg 1 64 67 24 24
0142_0031_0040_0041_0041.jpg 1 31 40 41 41
0143_0033_0010_0032_0032.jpg 1 33 10 32 32
0144_0038_0030_0052_0052.jpg 1 38 30 52 52
0145_0012_0014_0042_0042.jpg 1 12 14 42 42
0146_0028_0015_0057_0057.jpg 1 28 15 57 57
0147_0027_0008_0030_0030.jpg 1 27 8 30 30
0148_0018_0019_0065_0065.jpg 1 18 19 65 65
0149_0017_0021_0034_0034.jpg 1 17 21 34 34
0150_0062_0052_0024_0024.jpg 1 62 52 24 24
0151_0038_0006_0051_0051.jpg 1 38 6 51 51
0152_0005_0033_0060_0060.jpg 1 5 33 60 60
0153_0017_0030_0043_0043.jpg 1 17 30 43 43
0154_0055_0043_0027_0027.jpg 1 55 43 27 27
0155_0020_0031_0037_0037.jpg 1 20 31 37 37
0156_0027_0022_0035_0035.jpg 1 27 22 35 35
0157_0007_0004_0063_0063.jpg 1 7 4 63 63
0158_0065_0049_0026_0026.jpg 1 65 49 26 26
0159_0044_0047_0038_0038.jpg 1 44 47 38 38
0160_0008_0025_0065_0065.jpg 1 8 25 65 65
0161_0020_0007_0061_0061.jpg 1 20 7 61 61
0162_0032_0027_0044_0044.jpg 1 32 27 44 44
0163_0028_0006_0066_0066.jpg 1 28 6 66 66
0164_0029_0006_0059_0059.jpg 1 29 6 59 59
0165_0028_0031_0055_0055.jpg 1 28 31 55 55
0166_0026_0011_0032_0032.jpg 1 26 11 32 32
0167_0024_0010_0063_0063.jpg 1 24 10 63 63
0168_0013_0030_0062_0062.jpg 1 13 30 62 62
0169_0044_0016_0041_0041.jpg 1 44 16 41 41
0170_0022_0003_0067_0067.jpg 1 22 3 67 67
0171_0036_0008_0039_0039.jpg 1 36 8 39 39
0172_0024_0022_0066_0066.jpg 1 24 22 66 66
0173_0034_0049_0030_0030.jpg 1 34 49 30 30
0174_0024_0008_0069_0069.jpg 1 24 8 69 69
0175_0035_0007_0031_0031.jpg 1 35 7 31 31
0176_0053_0018_0024_0024.jpg 1 53 18 24 24
0177_0019_0013_0038_0038.jpg 1 19 13 38 38
0178_0051_0040_0025_0025.jpg 1 51 40 25 25
0179_0039_0012_0041_0041.jpg 1 39 12 41 41
0180_0016_0038_0024_0024.jpg 1 16 38 24 24
0181_0061_0020_0029_0029.jpg 1 61 20 29 29
0182_0022_0014_0037_0037.jpg 1 22 14 37 37
0183_0036_0031_0039_0039.jpg 1 36 31 39 39
0184_0019_0021_0041_0041.jpg 1 19 21 41 41
0185_0024_0019_0028_0028.jpg 1 24 19 28 28
0186_0034_0043_0037_0037.jpg 1 34 43 37 37
0187_0027_0004_0060_0060.jpg 1 27 4 60 60
0188_0044_0030_0028_0028.jpg 1 44 30 28 28
0189_0028_0006_0053_0053.jpg 1 28 6 53 53
0190_0010_0028_0053_0053.jpg 1 10 28 53 53
0191_0023_0006_0054_0054.jpg 1 23 6 54 54
0192_0044_0010_0045_0045.jpg 1 44 10 45 45
0193_0049_0009_0044_0044.jpg 1 49 9 44 44
0194_0025_0029_0049_0049.jpg 1 25 29 49 49
0195_0033_0005_0045_0045.jpg 1 33 5 45 45
0196_0039_0019_0026_0026.jpg 1 39 19 26 26
0197_0022_0020_0069_0069.jpg 1 22 20 69 69
0198_0009_0040_0052_0052.jpg 1 9 40 52 52
0199_0025_0021_0069_0069.jpg 1 25 21 69 69
0200_0010_0018_0065_0065.jpg 1 10 18 65 65
0201_0011_0010_0046_0046.jpg 1 11 10 46 46
0202_0027_0045_0046_0046.jpg 1 27 45 46 46
0203_0043_0045_0047_0047.jpg 1 43 45 47 47
0204_0009_0041_0051_0051.jpg 1 9 41 51 51
0205_0028_0013_0041_0041.jpg 1 28 13 41 41
0206_0022_0008_0065_0065.jpg 1 22 8 65 65
0207_0014_0056_0027_0027.jpg 1 14 56 27 27
0208_0022_0023_0044_0044.jpg 1 22 23 44 44
0209_0041_0028_0045_0045.jpg 1 41 28 45 45
0210_0056_0064_0028_0028.jpg 1 56 64 28 28
0211_0016_0016_0049_0049.jpg 1 16 16 49 49
0212_0030_0009_0059_0059.jpg 1 30 9 59 59
0213_0021_0045_0024_0024.jpg 1 21 45 24 24
0214_0036_0028_0058_0058.jpg 1 36 28 58 58
0215_0038_0033_0054_0054.jpg 1 38 33 54 54
0216_0020_0034_0047_0047.jpg 1 20 34 47 47
0217_0013_0038_0041_0041.jpg 1 13 38 41 41
0218_0007_0029_0066_0066.jpg 1 7 29 66 66
0219_0012_0034_0042_0042.jpg 1 12 34 42 42
0220_0042_0006_0046_0046.jpg 1 42 6 46 46
0221_0020_0038_0033_0033.jpg 1 20 38 33 33
0222_0009_0008_0060_0060.jpg 1 9 8 60 60
0223_0031_0047_0038_0038.jpg 1 31 47 38 38
0224_0023_0005_0061_0061.jpg 1 23 5 61 61
0225_0021_0017_0055_0055.jpg 1 21 17 55 55
0226_0009_0017_0063_0063.jpg 1 9 17 63 63
0227_0006_0011_0052_0052.jpg 1 6 11 52 52
0228_0013_0025_0060_0060.jpg 1 13 25 60 60
0229_0013_0009_0049_0049.jpg 1 13 9 49 49
0230_0033_0024_0051_0051.jpg 1 33 24 51 51
0231_0024_0016_0066_0066.jpg 1 24 16 66 66
0232_0013_0013_0033_0033.jpg 1 13 13 33 33
0233_0026_0007_0042_0042.jpg 1 26 7 42 42
0234_0038_0040_0041_0041.jpg 1 38 40 41 41
0235_0030_0011_0060_0060.jpg 1 30 11 60 60
0236_0037_0021_0033_0033.jpg 1 37 21 33 33
0237_0008_0020_0069_0069.jpg 1 8 20 69 69
0238_0059_0061_0024_0024.jpg 1 59 61 24 24
0239_0042_0047_0038_0038.jpg 1 42 47 38 38
0240_0031_0006_0065_0065.jpg 1 31 6 65 65
0241_0036_0016_0050_0050.jpg 1 36 16 50 50
0242_0040_0017_0025_0025.jpg 1 40 17 25 25
0243_0040_0047_0033_0033.jpg 1 40 47 33 33
0244_0029_0012_0024_0024.jpg 1 29 12 24 24
0245_0015_0031_0055_0055.jpg 1 15 31 55 55
0246_0064_0012_0028_0028.jpg 1 64 12 28 28
0247_0021_0047_0027_0027.jpg 1 21 47 27 27
0248_0027_0007_0032_0032.jpg 1 27 7 32 32
0249_0056_0043_0037_0037.jpg 1 56 43 37 37
0250_0015_0013_0055_0055.jpg 1 15 13 55 55
0251_0021_0016_0066_0066.jpg 1 21 16 66 66
0252_0035_0016_0034_0034.jpg 1 35 16 34 34
0253_0007_0034_0040_0040.jpg 1 7 34 40 40
0254_0026_0029_0063_0063.jpg 1 26 29 63 63
0255_0018_0041_0044_0044.jpg 1 18 41 44 44
0256_0017_0061_0031_0031.jpg 1 17 61 31 31
0257_0009_0052_0029_0029.jpg 1 9 52 29 29
0258_0019_0024_0034_0034.jpg 1 19 24 34 34
0259_0035_0016_0057_0057.jpg 1 35 16 57 57
0260_0022_0030_0054_0054.jpg 1 22 30 54 54
0261_0011_0024_0057_0057.jpg 1 11 24 57 57
0262_0019_0019_0063_0063.jpg 1 19 19 63 63
0263_0006_0005_0061_0061.jpg 1 6 5 61 61
0264_0057_0037_0029_0029.jpg 1 57 37 29 29
0265_0020_0026_0028_0028.jpg 1 20 26 28 28
0266_0031_0025_0028_0028.jpg 1 31 25 28 28
0267_0043_0041_0045_0045.jpg 1 43 41 45 45
0268_0029_0044_0029_0029.jpg 1 29 44 29 29
0269_0012_0014_0037_0037.jpg 1 12 14 37 37
0270_0038_0048_0044_0044.jpg 1 38 48 44 44
0271_0021_0026_0046_0046.jpg 1 21 26 46 46
0272_0012_0021_0068_0068.jpg 1 12 21 68 68
0273_0012_0010_0045_0045.jpg 1 12 10 45 45
0274_0048_0036_0046_0046.jpg 1 48 36 46 46
0275_0026_0022_0060_0060.jpg 1 26 22 60 60
0276_0005_0011_0065_0065.jpg 1 5 11 65 65
0277_0038_0023_0056_0056.jpg 1 38 23 56 56
0278_0027_0028_0054_0054.jpg 1 27 28 54 54
0279_0035_0040_0054_0054.jpg 1 35 40 54 54
0280_0051_0028_0037_0037.jpg 1 51 28 37 37
0281_0009_0025_0053_0053.jpg 1 9 25 53 53
0282_0023_0010_0055_0055.jpg 1 23 10 55 55
0283_0032_0009_0063_0063.jpg 1 32 9 63 63
0284_0013_0056_0035_0035.jpg 1 13 56 35 35
0285_0006_0033_0059_0059.jpg 1 6 33 59 59
0286_0047_0046_0026_0026.jpg 1 47 46 26 26
0287_0026_0056_0036_0036.jpg 1 26 56 36 36
0288_0009_0027_0063_0063.jpg 1 9 27 63 63
0289_0031_0016_0052_0052.jpg 1 31 16 52 52
0290_0007_0009_0052_0052.jpg 1 7 9 52 52
0291_0055_0054_0037_0037.jpg 1 55 54 37 37
0292_0029_0017_0035_0035.jpg 1 29 17 35 35
0293_0032_0008_0056_0056.jpg 1 32 8 56 56
0294_0023_0010_0065_0065.jpg 1 23 10 65 65
0295_0034_0008_0050_0050.jpg 1 34 8 50 50
0296_0042_0046_0027_0027.jpg 1 42 46 27 27
0297_0005_0022_0069_0069.jpg 1 5 22 69 69
0298_0005_0019_0062_0062.jpg 1 5 19 62 62
0299_0048_0024_0028_0028.jpg 1 48 24 28 28
0300_0028_0040_0039_0039.jpg 1 28 40 39 39
0301_0009_0016_0066_0066.jpg 1 9 16 66 66
0302_0021_0029_0024_0024.jpg 1 21 29 24 24
0303_0041_0030_0045_0045.jpg 1 41 30 45 45
0304_0035_0024_0038_0038.jpg 1 35 24 38 38
0305_0042_0008_0050_0050.jpg 1 42 8 50 50
0306_0028_0011_0040_0040.jpg 1 28 11 40 40
0307_0027_0016_0063_0063.jpg 1 27 16 63 63
0308_0021_0013_0054_0054.jpg 1 21 13 54 54
0309_0018_0015_0069_0069.jpg 1 18 15 69 69
0310_0039_0034_0053_0053.jpg 1 39 34 53 53
0311_0017_0024_0048_0048.jpg 1 17 24 48 48
0312_0025_0012_0068_0068.jpg 1 25 12 68 68
0313_0024_0026_0040_0040.jpg 1 24 26 40 40
0314_0010_0013_0068_0068.jpg 1 10 13 68 68
0315_0034_0020_0049_0049.jpg 1 34 20 49 49
0316_0037_0041_0027_0027.jpg 1 37 41 27 27
0317_0021_0023_0049_0049.jpg 1 21 23 49 49
0318_0027_0005_0048_0048.jpg 1 27 5 48 48
0319_0053_0018_0040_0040.jpg 1 53 18 40 40
0320_0033_0031_0044_0044.jpg 1 33 31 44 44
0321_0023_0013_0032_0032.jpg 1 23 13 32 32
0322_0016_0021_0046_0046.jpg 1 16 21 46 46
0323_0020_0016_0031_0031.jpg 1 20 16 31 31
0324_0023_0042_0030_0030.jpg 1 23 42 30 30
0325_0019_0038_0027_0027.jpg 1 19 38 27 27
0326_0013_0048_0027_0027.jpg 1 13 48 27 27
0327_0016_0033_0056_0056.jpg 1 16 33 56 56
0328_0021_0051_0042_0042.jpg 1 21 51 42 42
0329_0033_0033_0048_0048.jpg 1 33 33 48 48
0330_0007_0033_0048_0048.jpg 1 7 33 48 48
0331_0028_0042_0025_0025.jpg 1 28 42 25 25
0332_0034_0005_0057_0057.jpg 1 34 5 57 57
0333_0015_0023_0067_0067.jpg 1 15 23 67 67
0334_0035_0060_0024_0024.jpg 1 35 60 24 24
0335_0025_0018_0044_0044.jpg 1 25 18 44 44
0336_0032_0051_0040_0040.jpg 1 32 51 40 40
0337_0033_0037_0046_0046.jpg 1 33 37 46 46
0338_0027_0023_0027_0027.jpg 1 27 23 27 27
0339_0015_0025_0058_0058.jpg 1 15 25 58 58
0340_0028_0013_0039_0039.jpg 1 28 13 39 39
0341_0022_0037_0047_0047.jpg 1 22 37 47 47
0342_0026_0022_0069_0069.jpg 1 26 22 69 69
0343_0037_0010_0049_0049.jpg 1 37 10 49 49
0344_0019_0031_0043_0043.jpg 1 19 31 43 43
0345_0011_0008_0029_0029.jpg 1 11 8 29 29
0346_0008_0018_0066_0066.jpg 1 8 18 66 66
0347_0045_0035_0030_0030.jpg 1 45 35 30 30
0348_0006_0043_0042_0042.jpg 1 6 43 42 42
0349_0010_0037_0036_0036.jpg 1 10 37 36 36
0350_0027_0062_0026_0026.jpg 1 27 62 26 26
0351_0041_0043_0028_0028.jpg 1 41 43 28 28
0352_0049_0009_0037_0037.jpg 1 49 9 37 37
0353_0035_0047_0031_0031.jpg 1 35 47 31 31
0354_0024_0055_0028_0028.jpg 1 24 55 28 28
0355_0020_0016_0066_0066.jpg 1 20 16 66 66
0356_0036_0033_0050_0050.jpg 1 36 33 50 50
0357_0022_0026_0058_0058.jpg 1 22 26 58 58
0358_0029_0007_0034_0034.jpg 1 29 7 34 34
0359_0008_0012_0053_0053.jpg 1 8 12 53 53
0360_0029_0056_0025_0025.jpg 1 29 56 25 25
0361_0027_0016_0061_0061.jpg 1 27 16 61 61
0362_0047_0036_0037_0037.jpg 1 47 36 37 37
0363_0016_0025_0040_0040.jpg 1 16 25 40 40
0364_0010_0030_0053_0053.jpg 1 10 30 53 53
0365_0021_0008_0067_0067.jpg 1 21 8 67 67
0366_0012_0023_0057_0057.jpg 1 12 23 57 57
0367_0050_0040_0032_0032.jpg 1 50 40 32 32
0368_0020_0024_0041_0041.jpg 1 20 24 41 41
0369_0006_0033_0058_0058.jpg 1 6 33 58 58
0370_0027_0022_0066_0066.jpg 1 27 22 66 66
0371_0029_0051_0034_0034.jpg 1 29 51 34 34
0372_0041_0023_0052_0052.jpg 1 41 23 52 52
0373_0022_0009_0064_0064.jpg 1 22 9 64 64
0374_0008_0004_0063_0063.jpg 1 8 4 63 63
0375_0025_0011_0027_0027.jpg 1 25 11 27 27
0376_0010_0036_0059_0059.jpg 1 10 36 59 59
0377_0025_0029_0050_0050.jpg 1 25 29 50 50
0378_0039_0035_0041_0041.jpg 1 39 35 41 41
0379_0013_0043_0048_0048.jpg 1 13 43 48 48
0380_0027_0025_0059_0059.jpg 1 27 25 59 59
0381_0030_0047_0037_0037.jpg 1 30 47 37 37
0382_0060_0057_0030_0030.jpg 1 60 57 30 30
0383_0025_0015_0033_0033.jpg 1 25 15 33 33
0384_0055_0036_0034_0034.jpg 1 55 36 34 34
0385_0010_0006_0060_0060.jpg 1 10 6 60 60
0386_0042_0046_0037_0037.jpg 1 42 46 37 37
0387_0035_0046_0046_0046.jpg 1 35 46 46 46
0388_0020_0043_0026_0026.jpg 1 20 43 26 26
0389_0026_0020_0059_0059.jpg 1 26 20 59 59
0390_0031_0061_0031_0031.jpg 1 31 61 31 31
0391_0044_0061_0031_0031.jpg 1 44 61 31 31
0392_0023_0030_0033_0033.jpg 1 23 30 33 33
0393_0026_0046_0037_0037.jpg 1 26 46 37 37
0394_0013_0025_0058_0058.jpg 1 13 25 58 58
0395_0010_0017_0054_0054.jpg 1 10 17 54 54
0396_0032_0050_0028_0028.jpg 1 32 50 28 28
0397_0008_0037_0038_0038.jpg 1 8 37 38 38
0398_0008_0007_0045_0045.jpg 1 8 7 45 45
0399_0012_0033_0049_0049.jpg 1 12 33 49 49
0400_0018_0013_0029_0029.jpg 1 18 13 29 29
0401_0014_0020_0068_0068.jpg 1 14 20 68 68
0402_0020_0007_0065_0065.jpg 1 20 7 65 65
0403_0049_0058_0026_0026.jpg 1 49 58 26 26
0404_0013_0009_0037_0037.jpg 1 13 9 37 37
0405_0010_0009_0059_0059.jpg 1 10 9 59 59
0406_0022_0036_0042_0042.jpg 1 22 36 42 42
0407_0033_0043_0030_0030.jpg 1 33 43 30 30
0408_0038_0056_0036_0036.jpg 1 38 56 36 36
0409_0062_0066_0025_0025.jpg 1 62 66 25 25
0410_0026_0031_0062_0062.jpg 1 26 31 62 62
0411_0055_0018_0035_0035.jpg 1 55 18 35 35
0412_0053_0050_0031_0031.jpg 1 53 50 31 31
0413_0023_0016_0041_0041.jpg 1 23 16 41 41
0414_0020_0055_0037_0037.jpg 1 20 55 37 37
0415_0047_0012_0038_0038.jpg 1 47 12 38 38
0416_0008_0024_0060_0060.jpg 1 8 24 60 60
0417_0046_0048_0025_0025.jpg 1 46 48 25 25
0418_0014_0026_0066_0066.jpg 1 14 26 66 66
0419_0018_0020_0067_0067.jpg 1 18 20 67 67
0420_0033_0043_0046_0046.jpg 1 33 43 46 46
0421_0038_0034_0054_0054.jpg 1 38 34 54 54
0422_0027_0005_0066_0066.jpg 1 27 5 66 66
0423_0027_0042_0052_0052.jpg 1 27 42 52 52
0424_0015_0004_0066_0066.jpg 1 15 4 66 66
0425_0023_0020_0036_0036.jpg 1 23 20 36 36
0426_0013_0023_0042_0042.jpg 1 13 23 42 42
0427_0011_0006_0049_0049.jpg 1 11 6 49 49
0428_0014_0013_0052_0052.jpg 1 14 13 52 52
0429_0058_0011_0026_0026.jpg 1 58 11 26 26
0430_0012_0026_0061_0061.jpg 1 12 26 61 61
0431_0009_0024_0067_0067.jpg 1 9 24 67 67
0432_0047_0025_0031_0031.jpg 1 47 25 31 31
0433_0021_0023_0050_0050.jpg 1 21 23 50 50
0434_0036_0032_0056_0056.jpg 1 36 32 56 56
0435_0008_0033_0036_0036.jpg 1 8 33 36 36
0436_0039_0028_0040_0040.jpg 1 39 28 40 40
0437_0033_0033_0058_0058.jpg 1 33 33 58 58
0438_0029_0026_0055_0055.jpg 1 29 26 55 55
0439_0020_0024_0045_0045.jpg 1 20 24 45 45
0440_0017_0005_0062_0062.jpg 1 17 5 62 62
0441_0008_0050_0037_0037.jpg 1 8 50 37 37
0442_0035_0038_0056_0056.jpg 1 35 38 56 56
0443_0032_0044_0030_0030.jpg 1 32 44 30 30
0444_0017_0025_0037_0037.jpg 1 17 25 37 37
0445_0016_0045_0049_0049.jpg 1 16 45 49 49
0446_0047_0022_0044_0044.jpg 1 47 22 44 44
0447_0023_0005_0047_0047.jpg 1 23 5 47 47
0448_0039_0025_0042_0042.jpg 1 39 25 42 42
0449_0038_0049_0026_0026.jpg 1 38 49 26 26
0450_0050_0015_0043_0043.jpg 1 50 15 43 43
0451_0059_0010_0028_0028.jpg 1 59 10 28 28
0452_0022_0039_0050_0050.jpg 1 22 39 50 50
0453_0028_0009_0060_0060.jpg 1 28 9 60 60
0454_0044_0038_0050_0050.jpg 1 44 38 50 50
0455_0065_0021_0025_0025.jpg 1 65 21 25 25
0456_0019_0008_0052_0052.jpg 1 19 8 52 52
0457_0042_0006_0052_0052.jpg 1 42 6 52 52
0458_0024_0034_0059_0059.jpg 1 24 34 59 59
0459_0005_0016_0066_0066.jpg 1 5 16 66 66
0460_0050_0036_0025_0025.jpg 1 50 36 25 25
0461_0034_0039_0033_0033.jpg 1 34 39 33 33
0462_0009_0047_0038_0038.jpg 1 9 47 38 38
0463_0018_0014_0055_0055.jpg 1 18 14 55 55
0464_0012_0016_0025_0025.jpg 1 12 16 25 25
0465_0026_0014_0061_0061.jpg 1 26 14 61 61
0466_0050_0017_0035_0035.jpg 1 50 17 35 35
0467_0045_0034_0038_0038.jpg 1 45 34 38 38
0468_0024_0024_0069_0069.jpg 1 24 24 69 69
0469_0059_0058_0025_0025.jpg 1 59 58 25 25
0470_0006_0011_0063_0063.jpg 1 6 11 63 63
0471_0033_0019_0050_0050.jpg 1 33 19 50 50
0472_0034_0015_0040_0040.jpg 1 34 15 40 40
0473_0019_0027_0048_0048.jpg 1 19 27 48 48
0474_0028_0009_0048_0048.jpg 1 28 9 48 48
0475_0030_0014_0038_0038.jpg 1 30 14 38 38
0476_0019_0009_0068_0068.jpg 1 19 9 68 68
0477_0006_0012_0058_0058.jpg 1 6 12 58 58
0478_0036_0029_0027_0027.jpg 1 36 29 27 27
0479_0022_0023_0068_0068.jpg 1 22 23 68 68
0480_0024_0040_0046_0046.jpg 1 24 40 46 46
0481_0031_0019_0042_0042.jpg 1 31 19 42 42
0482_0026_0042_0051_0051.jpg 1 26 42 51 51
0483_0014_0047_0047_0047.jpg 1 14 47 47 47
0484_0042_0015_0050_0050.jpg 1 42 15 50 50
0485_0041_0066_0026_0026.jpg 1 41 66 26 26
0486_0022_0032_0051_0051.jpg 1 22 32 51 51
0487_0021_0026_0054_0054.jpg 1 21 26 54 54
0488_0044_0049_0032_0032.jpg 1 44 49 32 32
0489_0010_0037_0039_0039.jpg 1 10 37 39 39
0490_0022_0007_0038_0038.jpg 1 22 7 38 38
0491_0043_0043_0051_0051.jpg 1 43 43 51 51
0492_0020_0042_0033_0033.jpg 1 20 42 33 33
0493_0011_0040_0046_0046.jpg 1 11 40 46 46
0494_0019_0020_0043_0043.jpg 1 19 20 43 43
0495_0051_0019_0024_0024.jpg 1 51 19 24 24
0496_0011_0011_0066_0066.jpg 1 11 11 66 66
0497_0027_0036_0059_0059.jpg 1 27 36 59 59
0498_0024_0047_0030_0030.jpg 1 24 47 30 30
0499_0014_0036_0051_0051.jpg 1 14 36 51 51
0500_0030_0007_0060_0060.jpg 1 30 7 60 60
0501_0007_0012_0042_0042.jpg 1 7 12 42 42
0502_0033_0046_0035_0035.jpg 1 33 46 35 35
0503_0037_0032_0042_0042.jpg 1 37 32 42 42
0504_0017_0035_0029_0029.jpg 1 17 35 29 29
0505_0048_0048_0032_0032.jpg 1 48 48 32 32
0506_0006_0021_0050_0050.jpg 1 6 21 50 50
0507_0020_0042_0053_0053.jpg 1 20 42 53 53
0508_0023_0022_0068_0068.jpg 1 23 22 68 68
0509_0009_0010_0051_0051.jpg 1 9 10 51 51
0510_0016_0014_0061_0061.jpg 1 16 14 61 61
0511_0029_0022_0043_0043.jpg 1 29 22 43 43
0512_0033_0005_0046_0046.jpg 1 33 5 46 46
0513_0032_0050_0039_0039.jpg 1 32 50 39 39
0514_0015_0003_0067_0067.jpg 1 15 3 67 67
0515_0011_0023_0061_0061.jpg 1 11 23 61 61
0516_0032_0020_0049_0049.jpg 1 32 20 49 49
0517_0046_0033_0040_0040.jpg 1 46 33 40 40
0518_0020_0022_0053_0053.jpg 1 20 22 53 53
0519_0028_0026_0040_0040.jpg 1 28 26 40 40
0520_0036_0043_0046_0046.jpg 1 36 43 46 46
0521_0051_0039_0038_0038.jpg 1 51 39 38 38
0522_0017_0027_0062_0062.jpg 1 17 27 62 62
0523_0036_0009_0029_0029.jpg 1 36 9 29 29
0524_0035_0038_0027_0027.jpg 1 35 38 27 27
0525_0023_0042_0052_0052.jpg 1 23 42 52 52
0526_0028_0041_0031_0031.jpg 1 28 41 31 31
0527_0065_0042_0024_0024.jpg 1 65 42 24 24
0528_0033_0011_0027_0027.jpg 1 33 11 27 27
0529_0027_0019_0030_0030.jpg 1 27 19 30 30
0530_0028_0004_0060_0060.jpg 1 28 4 60 60
0531_0010_0026_0069_0069.jpg 1 10 26 69 69
0532_0009_0058_0031_0031.jpg 1 9 58 31 31
0533_0019_0004_0062_0062.jpg 1 19 4 62 62
0534_0039_0033_0024_0024.jpg 1 39 33 24 24
0535_0014_0022_0045_0045.jpg 1 14 22 45 45
0536_0016_0008_0061_0061.jpg 1 16 8 61 61
0537_0033_0031_0037_0037.jpg 1 33 31 37 37
0538_0033_0017_0061_0061.jpg 1 33 17 61 61
0539_0033_0009_0061_0061.jpg 1 33 9 61 61
0540_0007_0026_0036_0036.jpg 1 7 26 36 36
0541_0041_0023_0028_0028.jpg 1 41 23 28 28
0542_0032_0021_0060_0060.jpg 1 32 21 60 60
0543_0045_0017_0047_0047.jpg 1 45 17 47 47
0544_0024_0032_0027_0027.jpg 1 24 32 27 27
0545_0014_0027_0050_0050.jpg 1 14 27 50 50
0546_0026_0022_0048_0048.jpg 1 26 22 48 48
0547_0023_0032_0025_0025.jpg 1 23 32 25 25
0548_0006_0032_0049_0049.jpg 1 6 32 49 49
0549_0046_0011_0038_0038.jpg 1 46 11 38 38
0550_0025_0028_0033_0033.jpg 1 25 28 33 33
0551_0034_0028_0052_0052.jpg 1 34 28 52 52
0552_0009_0016_0060_0060.jpg 1 9 16 60 60
0553_0043_0008_0029_0029.jpg 1 43 8 29 29
0554_0033_0008_0060_0060.jpg 1 33 8 60 60
0555_0039_0005_0050_0050.jpg 1 39 5 50 50
0556_0037_0014_0031_0031.jpg 1 37 14 31 31
0557_0022_0023_0069_0069.jpg 1 22 23 69 69
0558_0007_0027_0043_0043.jpg 1 7 27 43 43
0559_0009_0011_0024_0024.jpg 1 9 11 24 24
0560_0030_0027_0040_0040.jpg 1 30 27 40 40
0561_0010_0042_0051_0051.jpg 1 10 42 51 51
0562_0016_0008_0046_0046.jpg 1 16 8 46 46
0563_0029_0040_0052_0052.jpg 1 29 40 52 52
0564_0023_0021_0060_0060.jpg 1 23 21 60 60
0565_0030_0032_0053_0053.jpg 1 30 32 53 53
0566_0013_0021_0038_0038.jpg 1 13 21 38 38
0567_0040_0041_0049_0049.jpg 1 40 41 49 49
0568_0023_0008_0039_0039.jpg 1 23 8 39 39
0569_0032_0035_0055_0055.jpg 1 32 35 55 55
0570_0024_0028_0042_0042.jpg 1 24 28 42 42
0571_0005_0007_0066_0066.jpg 1 5 7 66 66
0572_0026_0015_0043_0043.jpg 1 26 15 43 43
0573_0028_0014_0052_0052.jpg 1 28 14 52 52
0574_0019_0027_0069_0069.jpg 1 19 27 69 69
0575_0009_0039_0046_0046.jpg 1 9 39 46 46
0576_0029_0027_0047_0047.jpg 1 29 27 47 47
0577_0036_0027_0043_0043.jpg 1 36 27 43 43
0578_0020_0029_0061_0061.jpg 1 20 29 61 61
0579_0031_0024_0061_0061.jpg 1 31 24 61 61
0580_0023_0027_0056_0056.jpg 1 23 27 56 56
0581_0047_0041_0038_0038.jpg 1 47 41 38 38
0582_0050_0029_0037_0037.jpg 1 50 29 37 37
0583_0021_0033_0058_0058.jpg 1 21 33 58 58
0584_0035_0015_0048_0048.jpg 1 35 15 48 48
0585_0016_0025_0034_0034.jpg 1 16 25 34 34
0586_0059_0054_0027_0027.jpg 1 59 54 27 27
0587_0006_0004_0053_0053.jpg 1 6 4 53 53
0588_0004_0023_0062_0062.jpg 1 4 23 62 62
0589_0022_0012_0037_0037.jpg 1 22 12 37 37
0590_0006_0006_0064_0064.jpg 1 6 6 64 64
0591_0026_0027_0061_0061.jpg 1 26 27 61 61
0592_0027_0012_0066_0066.jpg 1 27 12 66 66
0593_0014_0014_0052_0052.jpg 1 14 14 52 52
0594_0040_0032_0052_0052.jpg 1 40 32 52 52
0595_0045_0036_0045_0045.jpg 1 45 36 45 45
0596_0035_0022_0052_0052.jpg 1 35 22 52 52
0597_0022_0024_0062_0062.jpg 1 22 24 62 62
0598_0009_0016_0037_0037.jpg 1 9 16 37 37
0599_0030_0026_0052_0052.jpg 1 30 26 52 52
0600_0020_0060_0027_0027.jpg 1 20 60 27 27
0601_0036_0022_0024_0024.jpg 1 36 22 24 24
0602_0019_0020_0034_0034.jpg 1 19 20 34 34
0603_0017_0012_0028_0028.jpg 1 17 12 28 28
0604_0011_0026_0055_0055.jpg 1 11 26 55 55
0605_0025_0032_0062_0062.jpg 1 25 32 62 62
0606_0028_0040_0052_0052.jpg 1 28 40 52 52
0607_0017_0009_0068_0068.jpg 1 17 9 68 68
0608_0027_0018_0037_0037.jpg 1 27 18 37 37
0609_0018_0026_0038_0038.jpg 1 18 26 38 38
0610_0023_0019_0052_0052.jpg 1 23 19 52 52
0611_0064_0061_0025_0025.jpg 1 64 61 25 25
0612_0033_0032_0046_0046.jpg 1 33 32 46 46
0613_0039_0046_0038_0038.jpg 1 39 46 38 38
0614_0028_0011_0057_0057.jpg 1 28 11 57 57
0615_0043_0024_0050_0050.jpg 1 43 24 50 50
0616_0032_0015_0036_0036.jpg 1 32 15 36 36
0617_0037_0028_0054_0054.jpg 1 37 28 54 54
0618_0019_0048_0032_0032.jpg 1 19 48 32 32
0619_0015_0040_0026_0026.jpg 1 15 40 26 26
0620_0050_0059_0027_0027.jpg 1 50 59 27 27
0621_0022_0051_0033_0033.jpg 1 22 51 33 33
0622_0018_0042_0030_0030.jpg 1 18 42 30 30
0623_0041_0043_0039_0039.jpg 1 41 43 39 39
0624_0038_0027_0054_0054.jpg 1 38 27 54 54
0625_0045_0056_0029_0029.jpg 1 45 56 29 29
0626_0060_0055_0028_0028.jpg 1 60 55 28 28
0627_0013_0045_0038_0038.jpg 1 13 45 38 38
0628_0048_0008_0038_0038.jpg 1 48 8 38 38
0629_0017_0007_0053_0053.jpg 1 17 7 53 53
0630_0043_0012_0033_0033.jpg 1 43 12 33 33
0631_0022_0033_0052_0052.jpg 1 22 33 52 52
0632_0038_0034_0040_0040.jpg 1 38 34 40 40
0633_0036_0036_0033_0033.jpg 1 36 36 33 33
0634_0021_0033_0057_0057.jpg 1 21 33 57 57
0635_0028_0044_0038_0038.jpg 1 28 44 38 38
0636_0049_0023_0027_0027.jpg 1 49 23 27 27
0637_0052_0055_0036_0036.jpg 1 52 55 36 36
0638_0014_0052_0038_0038.jpg 1 14 52 38 38
0639_0006_0027_0066_0066.jpg 1 6 27 66 66
0640_0025_0034_0046_0046.jpg 1 25 34 46 46
0641_0004_0006_0063_0063.jpg 1 4 6 63 63
0642_0011_0046_0039_0039.jpg 1 11 46 39 39
0643_0008_0021_0046_0046.jpg 1 8 21 46 46
0644_0028_0040_0053_0053.jpg 1 28 40 53 53
0645_0013_0037_0039_0039.jpg 1 13 37 39 39
0646_0030_0054_0024_0024.jpg 1 30 54 24 24
0647_0031_0043_0035_0035.jpg 1 31 43 35 35
0648_0022_0048_0030_0030.jpg 1 22 48 30 30
0649_0020_0032_0051_0051.jpg 1 20 32 51 51
0650_0007_0022_0065_0065.jpg 1 7 22 65 65
0651_0020_0045_0042_0042.jpg 1 20 45 42 42
0652_0042_0046_0031_0031.jpg 1 42 46 31 31
0653_0041_0034_0030_0030.jpg 1 41 34 30 30
0654_0036_0043_0024_0024.jpg 1 36 43 24 24
0655_0016_0027_0040_0040.jpg 1 16 27 40 40
0656_0030_0030_0063_0063.jpg 1 30 30 63 63
0657_0006_0037_0042_0042.jpg 1 6 37 42 42
0658_0038_0059_0024_0024.jpg 1 38 59 24 24
0659_0041_0014_0050_0050.jpg 1 41 14 50 50
0660_0013_0021_0069_0069.jpg 1 13 21 69 69
0661_0018_0025_0069_0069.jpg 1 18 25 69 69
0662_0008_0049_0024_0024.jpg 1 8 49 24 24
0663_0030_0048_0040_0040.jpg 1 30 48 40 40
0664_0019_0015_0063_0063.jpg 1 19 15 63 63
0665_0012_0044_0048_0048.jpg 1 12 44 48 48
0666_0018_0006_0054_0054.jpg 1 18 6 54 54
0667_0014_0035_0049_0049.jpg 1 14 35 49 49
0668_0006_0028_0066_0066.jpg 1 6 28 66 66
0669_0038_0037_0042_0042.jpg 1 38 37 42 42
0670_0016_0049_0036_0036.jpg 1 16 49 36 36
0671_0026_0030_0040_0040.jpg 1 26 30 40 40
0672_0020_0028_0048_0048.jpg 1 20 28 48 48
0673_0011_0007_0035_0035.jpg 1 11 7 35 35
0674_0051_0014_0035_0035.jpg 1 51 14 35 35
0675_0039_0026_0055_0055.jpg 1 39 26 55 55
0676_0018_0049_0043_0043.jpg 1 18 49 43 43
0677_0057_0039_0033_0033.jpg 1 57 39 33 33
0678_0009_0036_0047_0047.jpg 1 9 36 47 47
0679_0020_0021_0062_0062.jpg 1 20 21 62 62
0680_0030_0027_0038_0038.jpg 1 30 27 38 38
0681_0034_0015_0034_0034.jpg 1 34 15 34 34
0682_0011_0017_0069_0069.jpg 1 11 17 69 69
0683_0015_0017_0038_0038.jpg 1 15 17 38 38
0684_0009_0017_0066_0066.jpg 1 9 17 66 66
0685_0031_0051_0027_0027.jpg 1 31 51 27 27
0686_0008_0006_0068_0068.jpg 1 8 6 68 68
0687_0039_0015_0051_0051.jpg 1 39 15 51 51
0688_0059_0023_0033_0033.jpg 1 59 23 33 33
0689_0006_0011_0058_0058.jpg 1 6 11 58 58
0690_0039_0025_0038_0038.jpg 1 39 25 38 38
0691_0053_0015_0030_0030.jpg 1 53 15 30 30
0692_0057_0046_0032_0032.jpg 1 57 46 32 32
0693_0017_0026_0055_0055.jpg 1 17 26 55 55
0694_0008_0011_0069_0069.jpg 1 8 11 69 69
0695_0056_0037_0033_0033.jpg 1 56 37 33 33
0696_0021_0062_0025_0025.jpg 1 21 62 25 25
0697_0048_0043_0032_0032.jpg 1 48 43 32 32
0698_0018_0008_0055_0055.jpg 1 18 8 55 55
0699_0019_0023_0058_0058.jpg 1 19 23 58 58
0700_0011_0031_0058_0058.jpg 1 11 31 58 58
0701_0042_0064_0026_0026.jpg 1 42 64 26 26
0702_0034_0035_0055_0055.jpg 1 34 35 55 55
0703_0040_0041_0048_0048.jpg 1 40 41 48 48
0704_0025_0035_0049_0049.jpg 1 25 35 49 49
0705_0012_0036_0055_0055.jpg 1 12 36 55 55
0706_0035_0028_0037_0037.jpg 1 35 28 37 37
0707_0034_0028_0048_0048.jpg 1 34 28 48 48
0708_0031_0018_0062_0062.jpg 1 31 18 62 62
0709_0026_0041_0033_0033.jpg 1 26 41 33 33
0710_0049_0049_0038_0038.jpg 1 49 49 38 38
0711_0016_0024_0053_0053.jpg 1 16 24 53 53
0712_0024_0059_0031_0031.jpg 1 24 59 31 31
0713_0039_0007_0053_0053.jpg 1 39 7 53 53
0714_0032_0031_0042_0042.jpg 1 32 31 42 42
0715_0025_0008_0057_0057.jpg 1 25 8 57 57
0716_0030_0056_0028_0028.jpg 1 30 56 28 28
0717_0005_0030_0057_0057.jpg 1 5 30 57 57
0718_0028_0017_0061_0061.jpg 1 28 17 61 61
0719_0022_0018_0061_0061.jpg 1 22 18 61 61
0720_0016_0018_0032_0032.jpg 1 16 18 32 32
0721_0017_0029_0028_0028.jpg 1 17 29 28 28
0722_0009_0040_0045_0045.jpg 1 9 40 45 45
0723_0004_0020_0066_0066.jpg 1 4 20 66 66
0724_0013_0018_0063_0063.jpg 1 13 18 63 63
0725_0011_0021_0057_0057.jpg 1 11 21 57 57
0726_0013_0014_0068_0068.jpg 1 13 14 68 68
0727_0035_0035_0045_0045.jpg 1 35 35 45 45
0728_0022_0024_0027_0027.jpg 1 22 24 27 27
0729_0029_0015_0051_0051.jpg 1 29 15 51 51
0730_0058_0026_0029_0029.jpg 1 58 26 29 29
0731_0009_0034_0053_0053.jpg 1 9 34 53 53
0732_0020_0011_0033_0033.jpg 1 20 11 33 33
0733_0008_0029_0050_0050.jpg 1 8 29 50 50
0734_0018_0022_0063_0063.jpg 1 18 22 63 63
0735_0045_0012_0031_0031.jpg 1 45 12 31 31
0736_0042_0008_0025_0025.jpg 1 42 8 25 25
0737_0049_0060_0024_0024.jpg 1 49 60 24 24
0738_0045_0048_0033_0033.jpg 1 45 48 33 33
0739_0026_0029_0042_0042.jpg 1 26 29 42 42
0740_0034_0019_0059_0059.jpg 1 34 19 59 59
0741_0024_0012_0057_0057.jpg 1 24 12 57 57
0742_0016_0023_0068_0068.jpg 1 16 23 68 68
0743_0005_0010_0054_0054.jpg 1 5 10 54 54
0744_0041_0038_0052_0052.jpg 1 41 38 52 52
0745_0010_0022_0062_0062.jpg 1 10 22 62 62
0746_0014_0038_0024_0024.jpg 1 14 38 24 24
0747_0047_0025_0045_0045.jpg 1 47 25 45 45
0748_0026_0036_0033_0033.jpg 1 26 36 33 33
0749_0017_0013_0056_0056.jpg 1 17 13 56 56
0750_0040_0007_0038_0038.jpg 1 40 7 38 38
0751_0018_0053_0030_0030.jpg 1 18 53 30 30
0752_0007_0034_0061_0061.jpg 1 7 34 61 61
0753_0013_0022_0063_0063.jpg 1 13 22 63 63
0754_0034_0007_0049_0049.jpg 1 34 7 49 49
0755_0021_0021_0060_0060.jpg 1 21 21 60 60
0756_0031_0020_0024_0024.jpg 1 31 20 24 24
0757_0007_0019_0040_0040.jpg 1 7 19 40 40
0758_0017_0024_0066_0066.jpg 1 17 24 66 66
0759_0037_0028_0043_0043.jpg 1 37 28 43 43
0760_0024_0045_0047_0047.jpg 1 24 45 47 47
0761_0039_0035_0041_0041.jpg 1 39 35 41 41
0762_0032_0049_0034_0034.jpg 1 32 49 34 34
0763_0037_0012_0057_0057.jpg 1 37 12 57 57
0764_0019_0007_0041_0041.jpg 1 19 7 41 41
0765_0030_0036_0055_0055.jpg 1 30 36 55 55
0766_0040_0005_0047_0047.jpg 1 40 5 47 47
0767_0050_0013_0037_0037.jpg 1 50 13 37 37
0768_0037_0021_0053_0053.jpg 1 37 21 53 53
0769_0045_0056_0026_0026.jpg 1 45 56 26 26
0770_0018_0042_0047_0047.jpg 1 18 42 47 47
0771_0020_0022_0069_0069.jpg 1 20 22 69 69
0772_0020_0012_0054_0054.jpg 1 20 12 54 54
0773_0019_0012_0044_0044.jpg 1 19 12 44 44
0774_0016_0022_0062_0062.jpg 1 16 22 62 62
0775_0033_0020_0045_0045.jpg 1 33 20 45 45
0776_0009_0010_0045_0045.jpg 1 9 10 45 45
0777_0022_0028_0034_0034.jpg 1 22 28 34 34
0778_0004_0017_0062_0062.jpg 1 4 17 62 62
0779_0057_0028_0033_0033.jpg 1 57 28 33 33
0780_0035_0036_0030_0030.jpg 1 35 36 30 30
0781_0013_0025_0043_0043.jpg 1 13 25 43 43
0782_0018_0028_0041_0041.jpg 1 18 28 41 41
0783_0030_0017_0066_0066.jpg 1 30 17 66 66
0784_0036_0034_0037_0037.jpg 1 36 34 37 37
0785_0034_0027_0056_0056.jpg 1 34 27 56 56
0786_0047_0031_0043_0043.jpg 1 47 31 43 43
0787_0014_0015_0068_0068.jpg 1 14 15 68 68
0788_0011_0036_0047_0047.jpg 1 11 36 47 47
0789_0023_0054_0026_0026.jpg 1 23 54 26 26
0790_0020_0052_0038_0038.jpg 1 20 52 38 38
0791_0024_0011_0041_0041.jpg 1 24 11 41 41
0792_0017_0029_0065_0065.jpg 1 17 29 65 65
0793_0030_0040_0041_0041.jpg 1 30 40 41 41
0794_0016_0010_0040_0040.jpg 1 16 10 40 40
0795_0049_0042_0033_0033.jpg 1 49 42 33 33
0796_0026_0039_0052_0052.jpg 1 26 39 52 52
0797_0043_0046_0039_0039.jpg 1 43 46 39 39
0798_0037_0029_0058_0058.jpg 1 37 29 58 58
0799_0013_0007_0051_0051.jpg 1 13 7 51 51
0800_0036_0007_0055_0055.jpg 1 36 7 55 55
0801_0042_0024_0045_0045.jpg 1 42 24 45 45
0802_0026_0041_0046_0046.jpg 1 26 41 46 46
0803_0015_0032_0040_0040.jpg 1 15 32 40 40
0804_0020_0017_0064_0064.jpg 1 20 17 64 64
0805_0023_0027_0037_0037.jpg 1 23 27 37 37
0806_0012_0007_0052_0052.jpg 1 12 7 52 52
0807_0046_0028_0044_0044.jpg 1 46 28 44 44
0808_0036_0056_0035_0035.jpg 1 36 56 35 35
0809_0051_0021_0035_0035.jpg 1 51 21 35 35
0810_0026_0027_0062_0062.jpg 1 26 27 62 62
0811_0035_0036_0043_0043.jpg 1 35 36 43 43
0812_0045_0012_0048_0048.jpg 1 45 12 48 48
0813_0031_0011_0064_0064.jpg 1 31 11 64 64
0814_0019_0013_0050_0050.jpg 1 19 13 50 50
0815_0035_0059_0031_0031.jpg 1 35 59 31 31
0816_0027_0013_0058_0058.jpg 1 27 13 58 58
0817_0036_0052_0025_0025.jpg 1 36 52 25 25
0818_0015_0040_0050_0050.jpg 1 15 40 50 50
0819_0055_0039_0026_0026.jpg 1 55 39 26 26
0820_0046_0015_0031_0031.jpg 1 46 15 31 31
0821_0015_0005_0066_0066.jpg 1 15 5 66 66
0822_0044_0026_0037_0037.jpg 1 44 26 37 37
0823_0008_0022_0061_0061.jpg 1 8 22 61 61
0824_0025_0006_0050_0050.jpg 1 25 6 50 50
0825_0043_0037_0026_0026.jpg 1 43 37 26 26
0826_0041_0022_0027_0027.jpg 1 41 22 27 27
0827_0021_0022_0058_0058.jpg 1 21 22 58 58
0828_0051_0050_0040_0040.jpg 1 51 50 40 40
0829_0012_0010_0061_0061.jpg 1 12 10 61 61
0830_0040_0028_0047_0047.jpg 1 40 28 47 47
0831_0042_0009_0038_0038.jpg 1 42 9 38 38
0832_0016_0035_0048_0048.jpg 1 16 35 48 48
0833_0037_0009_0027_0027.jpg 1 37 9 27 27
0834_0005_0040_0055_0055.jpg 1 5 40 55 55
0835_0038_0016_0041_0041.jpg 1 38 16 41 41
0836_0050_0038_0030_0030.jpg 1 50 38 30 30
0837_0046_0037_0031_0031.jpg 1 46 37 31 31
0838_0039_0007_0040_0040.jpg 1 39 7 40 40
0839_0020_0045_0042_0042.jpg 1 20 45 42 42
0840_0038_0019_0026_0026.jpg 1 38 19 26 26
0841_0018_0015_0044_0044.jpg 1 18 15 44 44
0842_0023_0008_0037_0037.jpg 1 23 8 37 37
0843_0028_0018_0061_0061.jpg 1 28 18 61 61
0844_0032_0029_0025_0025.jpg 1 32 29 25 25
0845_0031_0032_0054_0054.jpg 1 31 32 54 54
0846_0042_0054_0034_0034.jpg 1 42 54 34 34
0847_0037_0010_0033_0033.jpg 1 37 10 33 33
0848_0026_0060_0028_0028.jpg 1 26 60 28 28
0849_0014_0034_0055_0055.jpg 1 14 34 55 55
0850_0043_0032_0026_0026.jpg 1 43 32 26 26
0851_0043_0012_0029_0029.jpg 1 43 12 29 29
0852_0005_0011_0048_0048.jpg 1 5 11 48 48
0853_0015_0026_0051_0051.jpg 1 15 26 51 51
0854_0005_0020_0062_0062.jpg 1 5 20 62 62
0855_0046_0039_0039_0039.jpg 1 46 39 39 39
0856_0012_0005_0063_0063.jpg 1 12 5 63 63
0857_0051_0018_0037_0037.jpg 1 51 18 37 37
0858_0020_0020_0065_0065.jpg 1 20 20 65 65
0859_0038_0013_0051_0051.jpg 1 38 13 51 51
0860_0019_0012_0055_0055.jpg 1 19 12 55 55
0861_0038_0043_0033_0033.jpg 1 38 43 33 33
0862_0030_0041_0033_0033.jpg 1 30 41 33 33
0863_0022_0014_0042_0042.jpg 1 22 14 42 42
0864_0046_0026_0047_0047.jpg 1 46 26 47 47
0865_0033_0018_0059_0059.jpg 1 33 18 59 59
0866_0005_0013_0066_0066.jpg 1 5 13 66 66
0867_0013_0026_0049_0049.jpg 1 13 26 49 49
0868_0010_0029_0029_0029.jpg 1 10 29 29 29
0869_0035_0006_0040_0040.jpg 1 35 6 40 40
0870_0022_0017_0066_0066.jpg 1 22 17 66 66
0871_0030_0010_0059_0059.jpg 1 30 10 59 59
0872_0010_0013_0063_0063.jpg 1 10 13 63 63
0873_0010_0006_0058_0058.jpg 1 10 6 58 58
0874_0030_0023_0065_0065.jpg 1 30 23 65 65
0875_0036_0011_0027_0027.jpg 1 36 11 27 27
0876_0048_0038_0038_0038.jpg 1 48 38 38 38
0877_0033_0029_0055_0055.jpg 1 33 29 55 55
0878_0024_0015_0046_0046.jpg 1 24 15 46 46
0879_0029_0041_0053_0053.jpg 1 29 41 53 53
0880_0021_0030_0046_0046.jpg 1 21 30 46 46
0881_0044_0032_0037_0037.jpg 1 44 32 37 37
0882_0010_0044_0032_0032.jpg 1 10 44 32 32
0883_0006_0013_0056_0056.jpg 1 6 13 56 56
0884_0035_0040_0054_0054.jpg 1 35 40 54 54
0885_0008_0024_0050_0050.jpg 1 8 24 50 50
0886_0011_0036_0028_0028.jpg 1 11 36 28 28
0887_0027_0007_0067_0067.jpg 1 27 7 67 67
0888_0029_0013_0046_0046.jpg 1 29 13 46 46
0889_0037_0025_0055_0055.jpg 1 37 25 55 55
0890_0020_0024_0040_0040.jpg 1 20 24 40 40
0891_0025_0027_0063_0063.jpg 1 25 27 63 63
0892_0025_0033_0048_0048.jpg 1 25 33 48 48
0893_0027_0044_0044_0044.jpg 1 27 44 44 44
0894_0024_0014_0067_0067.jpg 1 24 14 67 67
0895_0026_0025_0068_0068.jpg 1 26 25 68 68
0896_0033_0046_0041_0041.jpg 1 33 46 41 41
0897_0007_0014_0064_0064.jpg 1 7 14 64 64
0898_0007_0030_0063_0063.jpg 1 7 30 63 63
0899_0026_0033_0034_0034.jpg 1 26 33 34 34
0900_0035_0007_0060_0060.jpg 1 35 7 60 60
0901_0026_0028_0046_0046.jpg 1 26 28 46 46
0902_0034_0011_0051_0051.jpg 1 34 11 51 51
0903_0039_0011_0054_0054.jpg 1 39 11 54 54
0904_0013_0023_0053_0053.jpg 1 13 23 53 53
0905_0016_0040_0048_0048.jpg 1 16 40 48 48
0906_0039_0033_0053_0053.jpg 1 39 33 53 53
0907_0030_0021_0062_0062.jpg 1 30 21 62 62
0908_0019_0019_0069_0069.jpg 1 19 19 69 69
0909_0026_0020_0069_0069.jpg 1 26 20 69 69
0910_0026_0041_0039_0039.jpg 1 26 41 39 39
0911_0036_0026_0048_0048.jpg 1 36 26 48 48
0912_0062_0063_0029_0029.jpg 1 62 63 29 29
0913_0008_0034_0038_0038.jpg 1 8 34 38 38
0914_0013_0038_0028_0028.jpg 1 13 38 28 28
0915_0032_0040_0054_0054.jpg 1 32 40 54 54
0916_0013_0030_0061_0061.jpg 1 13 30 61 61
0917_0063_0025_0028_0028.jpg 1 63 25 28 28
0918_0025_0018_0063_0063.jpg 1 25 18 63 63
0919_0007_0056_0031_0031.jpg 1 7 56 31 31
0920_0041_0041_0050_0050.jpg 1 41 41 50 50
0921_0021_0013_0052_0052.jpg 1 21 13 52 52
0922_0045_0038_0026_0026.jpg 1 45 38 26 26
0923_0024_0036_0044_0044.jpg 1 24 36 44 44
0924_0016_0012_0052_0052.jpg 1 16 12 52 52
0925_0021_0018_0068_0068.jpg 1 21 18 68 68
0926_0032_0008_0064_0064.jpg 1 32 8 64 64
0927_0018_0004_0064_0064.jpg 1 18 4 64 64
0928_0017_0024_0051_0051.jpg 1 17 24 51 51
0929_0052_0049_0025_0025.jpg 1 52 49 25 25
0930_0015_0020_0054_0054.jpg 1 15 20 54 54
0931_0021_0030_0061_0061.jpg 1 21 30 61 61
0932_0015_0040_0026_0026.jpg 1 15 40 26 26
0933_0057_0054_0026_0026.jpg 1 57 54 26 26
0934_0009_0034_0036_0036.jpg 1 9 34 36 36
0935_0023_0037_0058_0058.jpg 1 23 37 58 58
0936_0010_0010_0059_0059.jpg 1 10 10 59 59
0937_0023_0037_0043_0043.jpg 1 23 37 43 43
0938_0019_0023_0067_0067.jpg 1 19 23 67 67
0939_0046_0044_0037_0037.jpg 1 46 44 37 37
0940_0010_0023_0069_0069.jpg 1 10 23 69 69
0941_0036_0022_0042_0042.jpg 1 36 22 42 42
0942_0015_0015_0066_0066.jpg 1 15 15 66 66
0943_0025_0020_0069_0069.jpg 1 25 20 69 69
0944_0058_0045_0028_0028.jpg 1 58 45 28 28
0945_0031_0047_0032_0032.jpg 1 31 47 32 32
0946_0029_0005_0065_0065.jpg 1 29 5 65 65
0947_0015_0051_0024_0024.jpg 1 15 51 24 24
0948_0014_0018_0068_0068.jpg 1 14 18 68 68
0949_0055_0057_0033_0033.jpg 1 55 57 33 33
0950_0043_0033_0045_0045.jpg 1 43 33 45 45
0951_0018_0010_0062_0062.jpg 1 18 10 62 62
0952_0027_0010_0068_0068.jpg 1 27 10 68 68
0953_0032_0046_0027_0027.jpg 1 32 46 27 27
0954_0061_0052_0024_0024.jpg 1 61 52 24 24
0955_0039_0021_0046_0046.jpg 1 39 21 46 46
0956_0014_0028_0056_0056.jpg 1 14 28 56 56
0957_0045_0015_0034_0034.jpg 1 45 15 34 34
0958_0031_0022_0056_0056.jpg 1 31 22 56 56
0959_0008_0036_0057_0057.jpg 1 8 36 57 57
0960_0036_0019_0056_0056.jpg 1 36 19 56 56
0961_0057_0017_0036_0036.jpg 1 57 17 36 36
0962_0035_0012_0035_0035.jpg 1 35 12 35 35
0963_0015_0025_0045_0045.jpg 1 15 25 45 45
0964_0017_0005_0065_0065.jpg 1 17 5 65 65
0965_0019_0025_0064_0064.jpg 1 19 25 64 64
0966_0047_0043_0037_0037.jpg 1 47 43 37 37
0967_0027_0041_0053_0053.jpg 1 27 41 53 53
0968_0010_0009_0036_0036.jpg 1 10 9 36 36
0969_0018_0038_0048_0048.jpg 1 18 38 48 48
0970_0008_0021_0030_0030.jpg 1 8 21 30 30
0971_0035_0031_0050_0050.jpg 1 35 31 50 50
0972_0008_0014_0033_0033.jpg 1 8 14 33 33
0973_0031_0014_0054_0054.jpg 1 31 14 54 54
0974_0016_0006_0040_0040.jpg 1 16 6 40 40
0975_0031_0033_0028_0028.jpg 1 31 33 28 28
0976_0028_0034_0051_0051.jpg 1 28 34 51 51
0977_0005_0016_0059_0059.jpg 1 5 16 59 59
0978_0019_0010_0054_0054.jpg 1 19 10 54 54
0979_0050_0023_0039_0039.jpg 1 50 23 39 39
0980_0003_0029_0067_0067.jpg 1 3 29 67 67
0981_0010_0027_0063_0063.jpg 1 10 27 63 63
0982_0014_0013_0047_0047.jpg 1 14 13 47 47
0983_0016_0015_0068_0068.jpg 1 16 15 68 68
0984_0018_0031_0059_0059.jpg 1 18 31 59 59
0985_0027_0011_0053_0053.jpg 1 27 11 53 53
0986_0009_0025_0044_0044.jpg 1 9 25 44 44
0987_0010_0007_0068_0068.jpg 1 10 7 68 68
0988_0007_0012_0033_0033.jpg 1 7 12 33 33
0989_0017_0003_0062_0062.jpg 1 17 3 62 62
0990_0029_0009_0065_0065.jpg 1 29 9 65 65
0991_0014_0021_0058_0058.jpg 1 14 21 58 58
0992_0045_0048_0037_0037.jpg 1 45 48 37 37
0993_0029_0022_0055_0055.jpg 1 29 22 55 55
0994_0004_0029_0053_0053.jpg 1 4 29 53 53
0995_0014_0035_0035_0035.jpg 1 14 35 35 35
0996_0015_0046_0045_0045.jpg 1 15 46 45 45
0997_0026_0013_0054_0054.jpg 1 26 13 54 54
0998_0033_0041_0053_0053.jpg 1 33 41 53 53
0999_0027_0026_0049_0049.jpg 1 27 26 49 49
1000_0051_0057_0030_0030.jpg 1 51 57 30 30
1001_0006_0027_0062_0062.jpg 1 6 27 62 62
1002_0022_0009_0029_0029.jpg 1 22 9 29 29
1003_0033_0030_0032_0032.jpg 1 33 30 32 32
1004_0024_0033_0060_0060.jpg 1 24 33 60 60
1005_0048_0014_0024_0024.jpg 1 48 14 24 24
1006_0041_0029_0041_0041.jpg 1 41 29 41 41
1007_0018_0034_0050_0050.jpg 1 18 34 50 50
1008_0013_0021_0053_0053.jpg 1 13 21 53 53
1009_0016_0021_0065_0065.jpg 1 16 21 65 65
1010_0007_0036_0041_0041.jpg 1 7 36 41 41
1011_0005_0030_0064_0064.jpg 1 5 30 64 64
1012_0034_0010_0047_0047.jpg 1 34 10 47 47
1013_0031_0039_0036_0036.jpg 1 31 39 36 36
1014_0025_0026_0044_0044.jpg 1 25 26 44 44
1015_0014_0023_0035_0035.jpg 1 14 23 35 35
1016_0011_0005_0066_0066.jpg 1 11 5 66 66
1017_0024_0010_0057_0057.jpg 1 24 10 57 57
1018_0026_0011_0053_0053.jpg 1 26 11 53 53
1019_0051_0047_0031_0031.jpg 1 51 47 31 31
1020_0017_0012_0037_0037.jpg 1 17 12 37 37
1021_0029_0032_0058_0058.jpg 1 29 32 58 58
1022_0011_0006_0066_0066.jpg 1 11 6 66 66
1023_0025_0038_0050_0050.jpg 1 25 38 50 50
1024_0030_0018_0036_0036.jpg 1 30 18 36 36
1025_0056_0050_0024_0024.jpg 1 56 50 24 24
1026_0018_0010_0043_0043.jpg 1 18 10 43 43
1027_0028_0023_0066_0066.jpg 1 28 23 66 66
1028_0022_0044_0034_0034.jpg 1 22 44 34 34
1029_0007_0046_0047_0047.jpg 1 7 46 47 47
1030_0025_0038_0056_0056.jpg 1 25 38 56 56
1031_0003_0014_0065_0065.jpg 1 3 14 65 65
1032_0027_0046_0034_0034.jpg 1 27 46 34 34
1033_0019_0010_0068_0068.jpg 1 19 10 68 68
1034_0008_0022_0031_0031.jpg 1 8 22 31 31
1035_0030_0026_0038_0038.jpg 1 30 26 38 38
1036_0039_0033_0043_0043.jpg 1 39 33 43 43
1037_0045_0017_0048_0048.jpg 1 45 17 48 48
1038_0031_0007_0046_0046.jpg 1 31 7 46 46
1039_0038_0041_0053_0053.jpg 1 38 41 53 53
1040_0010_0017_0060_0060.jpg 1 10 17 60 60
1041_0009_0036_0057_0057.jpg 1 9 36 57 57
1042_0048_0040_0024_0024.jpg 1 48 40 24 24
1043_0032_0009_0038_0038.jpg 1 32 9 38 38
1044_0015_0024_0036_0036.jpg 1 15 24 36 36
1045_0005_0004_0063_0063.jpg 1 5 4 63 63
1046_0008_0043_0047_0047.jpg 1 8 43 47 47
1047_0022_0013_0068_0068.jpg 1 22 13 68 68
1048_0034_0040_0042_0042.jpg 1 34 40 42 42
1049_0027_0040_0040_0040.jpg 1 27 40 40 40
1050_0051_0037_0035_0035.jpg 1 51 37 35 35
1051_0050_0053_0026_0026.jpg 1 50 53 26 26
1052_0014_0018_0057_0057.jpg 1 14 18 57 57
1053_0010_0013_0037_0037.jpg 1 10 13 37 37
1054_0041_0022_0043_0043.jpg 1 41 22 43 43
1055_0018_0053_0036_0036.jpg 1 18 53 36 36
1056_0016_0035_0047_0047.jpg 1 16 35 47 47
1057_0013_0014_0068_0068.jpg 1 13 14 68 68
1058_0044_0026_0035_0035.jpg 1 44 26 35 35
1059_0008_0003_0069_0069.jpg 1 8 3 69 69
1060_0045_0014_0029_0029.jpg 1 45 14 29 29
1061_0031_0021_0057_0057.jpg 1 31 21 57 57
1062_0013_0023_0027_0027.jpg 1 13 23 27 27
1063_0045_0021_0046_0046.jpg 1 45 21 46 46
1064_0014_0010_0067_0067.jpg 1 14 10 67 67
1065_0018_0021_0028_0028.jpg 1 18 21 28 28
1066_0011_0020_0068_0068.jpg 1 11 20 68 68
1067_0034_0037_0034_0034.jpg 1 34 37 34 34
1068_0015_0016_0043_0043.jpg 1 15 16 43 43
1069_0008_0026_0041_0041.jpg 1 8 26 41 41
1070_0013_0027_0026_0026.jpg 1 13 27 26 26
1071_0062_0042_0027_0027.jpg 1 62 42 27 27
1072_0025_0049_0024_0024.jpg 1 25 49 24 24
1073_0030_0010_0061_0061.jpg 1 30 10 61 61
1074_0015_0024_0041_0041.jpg 1 15 24 41 41
1075_0025_0039_0031_0031.jpg 1 25 39 31 31
1076_0014_0032_0057_0057.jpg 1 14 32 57 57
1077_0027_0023_0030_0030.jpg 1 27 23 30 30
1078_0066_0055_0025_0025.jpg 1 66 55 25 25
1079_0040_0033_0054_0054.jpg 1 40 33 54 54
1080_0048_0040_0040_0040.jpg 1 48 40 40 40
1081_0033_0060_0024_0024.jpg 1 33 60 24 24
1082_0035_0031_0043_0043.jpg 1 35 31 43 43
1083_0015_0017_0068_0068.jpg 1 15 17 68 68
1084_0016_0012_0040_0040.jpg 1 16 12 40 40
1085_0026_0040_0040_0040.jpg 1 26 40 40 40
1086_0045_0036_0040_0040.jpg 1 45 36 40 40
1087_0018_0032_0058_0058.jpg 1 18 32 58 58
1088_0051_0038_0026_0026.jpg 1 51 38 26 26
1089_0011_0028_0039_0039.jpg 1 11 28 39 39
1090_0027_0013_0051_0051.jpg 1 27 13 51 51
1091_0016_0004_0065_0065.jpg 1 16 4 65 65
1092_0043_0024_0039_0039.jpg 1 43 24 39 39
1093_0032_0043_0036_0036.jpg 1 32 43 36 36
1094_0017_0014_0068_0068.jpg 1 17 14 68 68
1095_0020_0037_0054_0054.jpg 1 20 37 54 54
1096_0039_0029_0031_0031.jpg 1 39 29 31 31
1097_0016_0014_0066_0066.jpg 1 16 14 66 66
1098_0037_0021_0033_0033.jpg 1 37 21 33 33
1099_0043_0021_0043_0043.jpg 1 43 21 43 43
1100_0030_0024_0061_0061.jpg 1 30 24 61 61
1101_0035_0008_0027_0027.jpg 1 35 8 27 27
1102_0021_0031_0040_0040.jpg 1 21 31 40 40
1103_0040_0023_0042_0042.jpg 1 40 23 42 42
1104_0037_0009_0039_0039.jpg 1 37 9 39 39
1105_0019_0007_0032_0032.jpg 1 19 7 32 32
1106_0033_0013_0054_0054.jpg 1 33 13 54 54
1107_0026_0056_0031_0031.jpg 1 26 56 31 31
1108_0033_0027_0048_0048.jpg 1 33 27 48 48
1109_0055_0053_0031_0031.jpg 1 55 53 31 31
1110_0061_0018_0031_0031.jpg 1 61 18 31 31
1111_0018_0013_0060_0060.jpg 1 18 13 60 60
1112_0040_0046_0041_0041.jpg 1 40 46 41 41
1113_0008_0025_0060_0060.jpg 1 8 25 60 60
1114_0016_0009_0059_0059.jpg 1 16 9 59 59
1115_0026_0013_0047_0047.jpg 1 26 13 47 47
1116_0028_0020_0050_0050.jpg 1 28 20 50 50
1117_0057_0009_0032_0032.jpg 1 57 9 32 32
1118_0014_0032_0058_0058.jpg 1 14 32 58 58
1119_0026_0023_0061_0061.jpg 1 26 23 61 61
1120_0053_0039_0036_0036.jpg 1 53 39 36 36
1121_0040_0028_0054_0054.jpg 1 40 28 54 54
1122_0008_0018_0055_0055.jpg 1 8 18 55 55
1123_0057_0013_0026_0026.jpg 1 57 13 26 26
1124_0049_0018_0045_0045.jpg 1 49 18 45 45
1125_0022_0029_0032_0032.jpg 1 22 29 32 32
1126_0027_0033_0040_0040.jpg 1 27 33 40 40
1127_0045_0008_0048_0048.jpg 1 45 8 48 48
1128_0017_0038_0053_0053.jpg 1 17 38 53 53
1129_0023_0009_0055_0055.jpg 1 23 9 55 55
1130_0018_0014_0067_0067.jpg 1 18 14 67 67
1131_0029_0016_0041_0041.jpg 1 29 16 41 41
1132_0027_0038_0036_0036.jpg 1 27 38 36 36
1133_0015_0029_0061_0061.jpg 1 15 29 61 61
1134_0021_0041_0044_0044.jpg 1 21 41 44 44
1135_0040_0029_0032_0032.jpg 1 40 29 32 32
1136_0049_0044_0044_0044.jpg 1 49 44 44 44
1137_0036_0022_0033_0033.jpg 1 36 22 33 33
1138_0011_0045_0046_0046.jpg 1 11 45 46 46
1139_0004_0013_0066_0066.jpg 1 4 13 66 66
1140_0017_0054_0024_0024.jpg 1 17 54 24 24
1141_0008_0028_0065_0065.jpg 1 8 28 65 65
1142_0020_0027_0064_0064.jpg 1 20 27 64 64
1143_0040_0041_0051_0051.jpg 1 40 41 51 51
1144_0062_0034_0026_0026.jpg 1 62 34 26 26
1145_0027_0032_0045_0045.jpg 1 27 32 45 45
1146_0052_0048_0026_0026.jpg 1 52 48 26 26
1147_0031_0017_0053_0053.jpg 1 31 17 53 53
1148_0017_0027_0065_0065.jpg 1 17 27 65 65
1149_0009_0003_0068_0068.jpg 1 9 3 68 68
1150_0008_0023_0066_0066.jpg 1 8 23 66 66
1151_0030_0035_0057_0057.jpg 1 30 35 57 57
1152_0024_0033_0060_0060.jpg 1 24 33 60 60
1153_0029_0018_0034_0034.jpg 1 29 18 34 34
1154_0013_0029_0050_0050.jpg 1 13 29 50 50
1155_0047_0048_0037_0037.jpg 1 47 48 37 37
1156_0045_0030_0046_0046.jpg 1 45 30 46 46
1157_0037_0008_0039_0039.jpg 1 37 8 39 39
1158_0041_0024_0052_0052.jpg 1 41 24 52 52
1159_0043_0030_0039_0039.jpg 1 43 30 39 39
1160_0031_0060_0031_0031.jpg 1 31 60 31 31
1161_0024_0043_0052_0052.jpg 1 24 43 52 52
1162_0033_0015_0031_0031.jpg 1 33 15 31 31
1163_0025_0021_0036_0036.jpg 1 25 21 36 36
1164_0025_0042_0035_0035.jpg 1 25 42 35 35
1165_0007_0023_0062_0062.jpg 1 7 23 62 62
1166_0042_0018_0048_0048.jpg 1 42 18 48 48
1167_0023_0011_0056_0056.jpg 1 23 11 56 56
1168_0022_0014_0066_0066.jpg 1 22 14 66 66
1169_0017_0013_0057_0057.jpg 1 17 13 57 57
1170_0045_0037_0040_0040.jpg 1 45 37 40 40
1171_0051_0044_0039_0039.jpg 1 51 44 39 39
1172_0042_0044_0050_0050.jpg 1 42 44 50 50
1173_0033_0019_0051_0051.jpg 1 33 19 51 51
1174_0010_0015_0065_0065.jpg 1 10 15 65 65
1175_0018_0019_0045_0045.jpg 1 18 19 45 45
1176_0025_0065_0026_0026.jpg 1 25 65 26 26
1177_0059_0053_0027_0027.jpg 1 59 53 27 27
1178_0014_0020_0069_0069.jpg 1 14 20 69 69
1179_0018_0039_0051_0051.jpg 1 18 39 51 51
1180_0035_0020_0053_0053.jpg 1 35 20 53 53
1181_0019_0016_0063_0063.jpg 1 19 16 63 63
1182_0012_0032_0032_0032.jpg 1 12 32 32 32
1183_0033_0024_0060_0060.jpg 1 33 24 60 60
1184_0045_0019_0042_0042.jpg 1 45 19 42 42
1185_0018_0036_0027_0027.jpg 1 18 36 27 27
1186_0003_0006_0064_0064.jpg 1 3 6 64 64
1187_0007_0017_0068_0068.jpg 1 7 17 68 68
1188_0014_0032_0056_0056.jpg 1 14 32 56 56
1189_0016_0009_0044_0044.jpg 1 16 9 44 44
1190_0040_0025_0035_0035.jpg 1 40 25 35 35
1191_0011_0036_0046_0046.jpg 1 11 36 46 46
1192_0013_0007_0038_0038.jpg 1 13 7 38 38
1193_0060_0049_0029_0029.jpg 1 60 49 29 29
1194_0037_0019_0057_0057.jpg 1 37 19 57 57
1195_0022_0016_0033_0033.jpg 1 22 16 33 33
1196_0026_0030_0061_0061.jpg 1 26 30 61 61
1197_0005_0025_0065_0065.jpg 1 5 25 65 65
1198_0038_0039_0056_0056.jpg 1 38 39 56 56
1199_0010_0033_0059_0059.jpg 1 10 33 59 59
1200_0020_0019_0043_0043.jpg 1 20 19 43 43
1201_0006_0008_0046_0046.jpg 1 6 8 46 46
1202_0012_0028_0024_0024.jpg 1 12 28 24 24
1203_0020_0059_0032_0032.jpg 1 20 59 32 32
1204_0030_0015_0042_0042.jpg 1 30 15 42 42
1205_0059_0025_0026_0026.jpg 1 59 25 26 26
1206_0010_0018_0049_0049.jpg 1 10 18 49 49
1207_0042_0022_0046_0046.jpg 1 42 22 46 46
1208_0029_0042_0049_0049.jpg 1 29 42 49 49
1209_0005_0022_0066_0066.jpg 1 5 22 66 66
1210_0040_0010_0052_0052.jpg 1 40 10 52 52
1211_0041_0025_0029_0029.jpg 1 41 25 29 29
1212_0006_0012_0064_0064.jpg 1 6 12 64 64
1213_0044_0030_0033_0033.jpg 1 44 30 33 33
1214_0012_0022_0033_0033.jpg 1 12 22 33 33
1215_0007_0012_0064_0064.jpg 1 7 12 64 64
1216_0021_0003_0063_0063.jpg 1 21 3 63 63
1217_0028_0021_0065_0065.jpg 1 28 21 65 65
1218_0023_0010_0057_0057.jpg 1 23 10 57 57
1219_0012_0047_0031_0031.jpg 1 12 47 31 31
1220_0014_0025_0039_0039.jpg 1 14 25 39 39
1221_0006_0026_0049_0049.jpg 1 6 26 49 49
1222_0007_0027_0060_0060.jpg 1 7 27 60 60
1223_0006_0007_0052_0052.jpg 1 6 7 52 52
1224_0022_0024_0037_0037.jpg 1 22 24 37 37
1225_0007_0057_0029_0029.jpg 1 7 57 29 29
1226_0036_0030_0058_0058.jpg 1 36 30 58 58
1227_0036_0023_0045_0045.jpg 1 36 23 45 45
1228_0026_0010_0063_0063.jpg 1 26 10 63 63
1229_0021_0066_0025_0025.jpg 1 21 66 25 25
1230_0036_0014_0040_0040.jpg 1 36 14 40 40
1231_0029_0049_0029_0029.jpg 1 29 49 29 29
1232_0043_0054_0039_0039.jpg 1 43 54 39 39
1233_0009_0049_0044_0044.jpg 1 9 49 44 44
1234_0029_0014_0062_0062.jpg 1 29 14 62 62
1235_0024_0030_0043_0043.jpg 1 24 30 43 43
1236_0031_0028_0056_0056.jpg 1 31 28 56 56
1237_0008_0029_0059_0059.jpg 1 8 29 59 59
1238_0023_0005_0058_0058.jpg 1 23 5 58 58
1239_0027_0045_0026_0026.jpg 1 27 45 26 26
1240_0015_0020_0037_0037.jpg 1 15 20 37 37
1241_0030_0028_0059_0059.jpg 1 30 28 59 59
1242_0033_0027_0063_0063.jpg 1 33 27 63 63
1243_0021_0010_0057_0057.jpg 1 21 10 57 57
1244_0047_0014_0028_0028.jpg 1 47 14 28 28
1245_0032_0010_0043_0043.jpg 1 32 10 43 43
1246_0034_0009_0055_0055.jpg 1 34 9 55 55
1247_0041_0012_0049_0049.jpg 1 41 12 49 49
1248_0007_0030_0064_0064.jpg 1 7 30 64 64
1249_0029_0028_0036_0036.jpg 1 29 28 36 36
1250_0030_0028_0038_0038.jpg 1 30 28 38 38
1251_0004_0027_0063_0063.jpg 1 4 27 63 63
1252_0008_0043_0047_0047.jpg 1 8 43 47 47
1253_0017_0018_0048_0048.jpg 1 17 18 48 48
1254_0058_0028_0026_0026.jpg 1 58 28 26 26
1255_0031_0044_0043_0043.jpg 1 31 44 43 43
1256_0033_0020_0053_0053.jpg 1 33 20 53 53
1257_0048_0022_0041_0041.jpg 1 48 22 41 41
1258_0009_0019_0041_0041.jpg 1 9 19 41 41
1259_0013_0030_0038_0038.jpg 1 13 30 38 38
1260_0019_0035_0056_0056.jpg 1 19 35 56 56
1261_0041_0049_0034_0034.jpg 1 41 49 34 34
1262_0014_0037_0038_0038.jpg 1 14 37 38 38
1263_0012_0022_0053_0053.jpg 1 12 22 53 53
1264_0037_0008_0038_0038.jpg 1 37 8 38 38
1265_0032_0037_0048_0048.jpg 1 32 37 48 48
1266_0018_0038_0048_0048.jpg 1 18 38 48 48
1267_0011_0018_0068_0068.jpg 1 11 18 68 68
1268_0004_0027_0064_0064.jpg 1 4 27 64 64
1269_0030_0029_0054_0054.jpg 1 30 29 54 54
1270_0014_0027_0055_0055.jpg 1 14 27 55 55
1271_0034_0059_0030_0030.jpg 1 34 59 30 30
1272_0012_0018_0036_0036.jpg 1 12 18 36 36
1273_0036_0016_0047_0047.jpg 1 36 16 47 47
1274_0032_0028_0063_0063.jpg 1 32 28 63 63
1275_0061_0021_0031_0031.jpg 1 61 21 31 31
1276_0010_0029_0064_0064.jpg 1 10 29 64 64
1277_0033_0062_0027_0027.jpg 1 33 62 27 27
1278_0026_0033_0042_0042.jpg 1 26 33 42 42
1279_0026_0030_0065_0065.jpg 1 26 30 65 65
1280_0009_0013_0060_0060.jpg 1 9 13 60 60
1281_0050_0048_0026_0026.jpg 1 50 48 26 26
1282_0021_0011_0029_0029.jpg 1 21 11 29 29
1283_0051_0040_0041_0041.jpg 1 51 40 41 41
1284_0008_0059_0030_0030.jpg 1 8 59 30 30
1285_0020_0023_0052_0052.jpg 1 20 23 52 52
1286_0013_0043_0047_0047.jpg 1 13 43 47 47
1287_0049_0044_0033_0033.jpg 1 49 44 33 33
1288_0054_0061_0026_0026.jpg 1 54 61 26 26
1289_0054_0029_0035_0035.jpg 1 54 29 35 35
1290_0013_0029_0056_0056.jpg 1 13 29 56 56
1291_0021_0032_0056_0056.jpg 1 21 32 56 56
1292_0040_0026_0042_0042.jpg 1 40 26 42 42
1293_0012_0052_0040_0040.jpg 1 12 52 40 40
1294_0031_0060_0032_0032.jpg 1 31 60 32 32
1295_0037_0039_0029_0029.jpg 1 37 39 29 29
1296_0005_0022_0052_0052.jpg 1 5 22 52 52
1297_0028_0019_0068_0068.jpg 1 28 19 68 68
1298_0050_0038_0037_0037.jpg 1 50 38 37 37
1299_0047_0008_0046_0046.jpg 1 47 8 46 46
1300_0017_0015_0064_0064.jpg 1 17 15 64 64
1301_0040_0048_0033_0033.jpg 1 40 48 33 33
1302_0038_0022_0042_0042.jpg 1 38 22 42 42
1303_0016_0023_0060_0060.jpg 1 16 23 60 60
1304_0038_0034_0046_0046.jpg 1 38 34 46 46
1305_0019_0039_0047_0047.jpg 1 19 39 47 47
1306_0024_0028_0025_0025.jpg 1 24 28 25 25
1307_0039_0032_0050_0050.jpg 1 39 32 50 50
1308_0015_0005_0045_0045.jpg 1 15 5 45 45
1309_0019_0026_0066_0066.jpg 1 19 26 66 66
1310_0066_0051_0026_0026.jpg 1 66 51 26 26
1311_0004_0012_0055_0055.jpg 1 4 12 55 55
1312_0015_0011_0052_0052.jpg 1 15 11 52 52
1313_0050_0015_0036_0036.jpg 1 50 15 36 36
1314_0021_0007_0045_0045.jpg 1 21 7 45 45
1315_0007_0020_0034_0034.jpg 1 7 20 34 34
1316_0011_0024_0049_0049.jpg 1 11 24 49 49
1317_0039_0022_0056_0056.jpg 1 39 22 56 56
1318_0008_0018_0039_0039.jpg 1 8 18 39 39
1319_0049_0051_0032_0032.jpg 1 49 51 32 32
1320_0010_0010_0060_0060.jpg 1 10 10 60 60
1321_0013_0040_0036_0036.jpg 1 13 40 36 36
1322_0040_0038_0041_0041.jpg 1 40 38 41 41
1323_0052_0024_0037_0037.jpg 1 52 24 37 37
1324_0020_0006_0058_0058.jpg 1 20 6 58 58
1325_0042_0028_0045_0045.jpg 1 42 28 45 45
1326_0019_0025_0060_0060.jpg 1 19 25 60 60
1327_0019_0011_0061_0061.jpg 1 19 11 61 61
1328_0007_0021_0055_0055.jpg 1 7 21 55 55
1329_0019_0024_0024_0024.jpg 1 19 24 24 24
1330_0057_0008_0026_0026.jpg 1 57 8 26 26
1331_0036_0046_0039_0039.jpg 1 36 46 39 39
1332_0008_0009_0061_0061.jpg 1 8 9 61 61
1333_0032_0036_0052_0052.jpg 1 32 36 52 52
1334_0040_0022_0053_0053.jpg 1 40 22 53 53
1335_0023_0028_0047_0047.jpg 1 23 28 47 47
1336_0034_0016_0052_0052.jpg 1 34 16 52 52
1337_0039_0018_0040_0040.jpg 1 39 18 40 40
1338_0015_0013_0045_0045.jpg 1 15 13 45 45
1339_0033_0032_0063_0063.jpg 1 33 32 63 63
1340_0030_0028_0035_0035.jpg 1 30 28 35 35
1341_0038_0045_0032_0032.jpg 1 38 45 32 32
1342_0035_0013_0057_0057.jpg 1 35 13 57 57
1343_0028_0042_0048_0048.jpg 1 28 42 48 48
1344_0045_0040_0037_0037.jpg 1 45 40 37 37
1345_0015_0038_0052_0052.jpg 1 15 38 52 52
1346_0021_0011_0027_0027.jpg 1 21 11 27 27
1347_0048_0037_0045_0045.jpg 1 48 37 45 45
1348_0005_0039_0051_0051.jpg 1 5 39 51 51
1349_0029_0024_0063_0063.jpg 1 29 24 63 63
1350_0059_0045_0028_0028.jpg 1 59 45 28 28
1351_0007_0017_0054_0054.jpg 1 7 17 54 54
1352_0018_0027_0056_0056.jpg 1 18 27 56 56
1353_0054_0027_0026_0026.jpg 1 54 27 26 26
1354_0019_0030_0031_0031.jpg 1 19 30 31 31
1355_0045_0031_0037_0037.jpg 1 45 31 37 37
1356_0038_0058_0031_0031.jpg 1 38 58 31 31
1357_0031_0011_0056_0056.jpg 1 31 11 56 56
1358_0045_0010_0035_0035.jpg 1 45 10 35 35
1359_0043_0052_0035_0035.jpg 1 43 52 35 35
1360_0025_0023_0048_0048.jpg 1 25 23 48 48
1361_0030_0038_0027_0027.jpg 1 30 38 27 27
1362_0012_0021_0048_0048.jpg 1 12 21 48 48
1363_0028_0042_0045_0045.jpg 1 28 42 45 45
1364_0010_0038_0052_0052.jpg 1 10 38 52 52
1365_0035_0018_0036_0036.jpg 1 35 18 36 36
1366_0049_0031_0043_0043.jpg 1 49 31 43 43
1367_0032_0012_0058_0058.jpg 1 32 12 58 58
1368_0032_0036_0056_0056.jpg 1 32 36 56 56
1369_0011_0043_0038_0038.jpg 1 11 43 38 38
1370_0021_0031_0033_0033.jpg 1 21 31 33 33
1371_0039_0024_0047_0047.jpg 1 39 24 47 47
1372_0009_0007_0050_0050.jpg 1 9 7 50 50
1373_0018_0007_0045_0045.jpg 1 18 7 45 45
1374_0012_0019_0066_0066.jpg 1 12 19 66 66
1375_0023_0056_0035_0035.jpg 1 23 56 35 35
1376_0011_0028_0035_0035.jpg 1 11 28 35 35
1377_0037_0023_0033_0033.jpg 1 37 23 33 33
1378_0047_0027_0037_0037.jpg 1 47 27 37 37
1379_0029_0018_0037_0037.jpg 1 29 18 37 37
1380_0013_0025_0048_0048.jpg 1 13 25 48 48
1381_0007_0025_0033_0033.jpg 1 7 25 33 33
1382_0009_0021_0066_0066.jpg 1 9 21 66 66
1383_0007_0045_0037_0037.jpg 1 7 45 37 37
1384_0017_0037_0036_0036.jpg 1 17 37 36 36
1385_0022_0040_0040_0040.jpg 1 22 40 40 40
1386_0014_0030_0053_0053.jpg 1 14 30 53 53
1387_0021_0024_0046_0046.jpg 1 21 24 46 46
1388_0013_0030_0061_0061.jpg 1 13 30 61 61
1389_0023_0007_0026_0026.jpg 1 23 7 26 26
1390_0008_0035_0060_0060.jpg 1 8 35 60 60
1391_0018_0004_0065_0065.jpg 1 18 4 65 65
1392_0015_0039_0049_0049.jpg 1 15 39 49 49
1393_0009_0032_0061_0061.jpg 1 9 32 61 61
1394_0010_0022_0053_0053.jpg 1 10 22 53 53
1395_0028_0033_0035_0035.jpg 1 28 33 35 35
1396_0022_0038_0055_0055.jpg 1 22 38 55 55
1397_0010_0006_0064_0064.jpg 1 10 6 64 64
1398_0025_0048_0037_0037.jpg 1 25 48 37 37
1399_0031_0027_0064_0064.jpg 1 31 27 64 64
1400_0006_0012_0065_0065.jpg 1 6 12 65 65
1401_0004_0021_0062_0062.jpg 1 4 21 62 62
1402_0010_0009_0069_0069.jpg 1 10 9 69 69
1403_0018_0012_0062_0062.jpg 1 18 12 62 62
1404_0016_0061_0029_0029.jpg 1 16 61 29 29
1405_0034_0053_0025_0025.jpg 1 34 53 25 25
1406_0026_0020_0029_0029.jpg 1 26 20 29 29
1407_0017_0013_0050_0050.jpg 1 17 13 50 50
1408_0040_0027_0049_0049.jpg 1 40 27 49 49
1409_0009_0016_0036_0036.jpg 1 9 16 36 36
1410_0032_0029_0047_0047.jpg 1 32 29 47 47
1411_0005_0006_0063_0063.jpg 1 5 6 63 63
1412_0044_0038_0039_0039.jpg 1 44 38 39 39
1413_0012_0039_0048_0048.jpg 1 12 39 48 48
1414_0023_0013_0036_0036.jpg 1 23 13 36 36
1415_0034_0056_0033_0033.jpg 1 34 56 33 33
1416_0048_0006_0038_0038.jpg 1 48 6 38 38
1417_0027_0016_0051_0051.jpg 1 27 16 51 51
1418_0023_0030_0064_0064.jpg 1 23 30 64 64
1419_0030_0021_0065_0065.jpg 1 30 21 65 65
1420_0030_0013_0056_0056.jpg 1 30 13 56 56
1421_0025_0048_0038_0038.jpg 1 25 48 38 38
1422_0042_0037_0050_0050.jpg 1 42 37 50 50
1423_0005_0028_0062_0062.jpg 1 5 28 62 62
1424_0029_0012_0033_0033.jpg 1 29 12 33 33
1425_0012_0025_0057_0057.jpg 1 12 25 57 57
1426_0009_0016_0068_0068.jpg 1 9 16 68 68
1427_0022_0037_0043_0043.jpg 1 22 37 43 43
1428_0005_0020_0064_0064.jpg 1 5 20 64 64
1429_0009_0015_0056_0056.jpg 1 9 15 56 56
1430_0031_0049_0030_0030.jpg 1 31 49 30 30
1431_0059_0026_0032_0032.jpg 1 59 26 32 32
1432_0033_0028_0030_0030.jpg 1 33 28 30 30
1433_0028_0017_0057_0057.jpg 1 28 17 57 57
1434_0013_0033_0055_0055.jpg 1 13 33 55 55
1435_0005_0012_0054_0054.jpg 1 5 12 54 54
1436_0053_0063_0029_0029.jpg 1 53 63 29 29
1437_0030_0026_0048_0048.jpg 1 30 26 48 48
1438_0010_0026_0062_0062.jpg 1 10 26 62 62
1439_0051_0008_0041_0041.jpg 1 51 8 41 41
1440_0019_0027_0041_0041.jpg 1 19 27 41 41
1441_0028_0034_0027_0027.jpg 1 28 34 27 27
1442_0042_0039_0053_0053.jpg 1 42 39 53 53
1443_0023_0028_0049_0049.jpg 1 23 28 49 49
1444_0055_0017_0038_0038.jpg 1 55 17 38 38
1445_0013_0047_0041_0041.jpg 1 13 47 41 41
1446_0052_0038_0034_0034.jpg 1 52 38 34 34
1447_0017_0037_0049_0049.jpg 1 17 37 49 49
1448_0023_0032_0033_0033.jpg 1 23 32 33 33
1449_0041_0006_0040_0040.jpg 1 41 6 40 40
1450_0044_0058_0033_0033.jpg 1 44 58 33 33
1451_0024_0015_0045_0045.jpg 1 24 15 45 45
1452_0036_0034_0034_0034.jpg 1 36 34 34 34
1453_0026_0021_0063_0063.jpg 1 26 21 63 63
1454_0029_0035_0033_0033.jpg 1 29 35 33 33
1455_0025_0027_0056_0056.jpg 1 25 27 56 56
1456_0029_0022_0063_0063.jpg 1 29 22 63 63
1457_0020_0004_0057_0057.jpg 1 20 4 57 57
1458_0018_0030_0024_0024.jpg 1 18 30 24 24
1459_0018_0038_0050_0050.jpg 1 18 38 50 50
1460_0032_0051_0024_0024.jpg 1 32 51 24 24
1461_0039_0030_0025_0025.jpg 1 39 30 25 25
1462_0010_0023_0062_0062.jpg 1 10 23 62 62
1463_0022_0003_0064_0064.jpg 1 22 3 64 64
1464_0018_0010_0064_0064.jpg 1 18 10 64 64
1465_0043_0051_0028_0028.jpg 1 43 51 28 28
1466_0031_0063_0025_0025.jpg 1 31 63 25 25
1467_0011_0030_0029_0029.jpg 1 11 30 29 29
1468_0026_0022_0050_0050.jpg 1 26 22 50 50
1469_0014_0034_0041_0041.jpg 1 14 34 41 41
1470_0007_0008_0026_0026.jpg 1 7 8 26 26
1471_0010_0003_0068_0068.jpg 1 10 3 68 68
1472_0024_0013_0063_0063.jpg 1 24 13 63 63
1473_0014_0043_0030_0030.jpg 1 14 43 30 30
1474_0042_0054_0038_0038.jpg 1 42 54 38 38
1475_0023_0014_0065_0065.jpg 1 23 14 65 65
1476_0030_0017_0060_0060.jpg 1 30 17 60 60
1477_0024_0035_0046_0046.jpg 1 24 35 46 46
1478_0009_0006_0065_0065.jpg 1 9 6 65 65
1479_0024_0045_0046_0046.jpg 1 24 45 46 46
1480_0016_0044_0026_0026.jpg 1 16 44 26 26
1481_0011_0031_0052_0052.jpg 1 11 31 52 52
1482_0028_0021_0056_0056.jpg 1 28 21 56 56
1483_0010_0013_0066_0066.jpg 1 10 13 66 66
1484_0054_0041_0028_0028.jpg 1 54 41 28 28
1485_0036_0007_0055_0055.jpg 1 36 7 55 55
1486_0020_0019_0068_0068.jpg 1 20 19 68 68
1487_0034_0021_0040_0040.jpg 1 34 21 40 40
1488_0011_0045_0026_0026.jpg 1 11 45 26 26
1489_0061_0046_0031_0031.jpg 1 61 46 31 31
1490_0008_0041_0049_0049.jpg 1 8 41 49 49
1491_0016_0008_0065_0065.jpg 1 16 8 65 65
1492_0021_0028_0041_0041.jpg 1 21 28 41 41
1493_0027_0017_0057_0057.jpg 1 27 17 57 57
1494_0028_0031_0048_0048.jpg 1 28 31 48 48
1495_0026_0040_0038_0038.jpg 1 26 40 38 38
1496_0027_0014_0057_0057.jpg 1 27 14 57 57
1497_0042_0043_0047_0047.jpg 1 42 43 47 47
1498_0020_0013_0043_0043.jpg 1 20 13 43 43
1499_0020_0032_0055_0055.jpg 1 20 32 55 55
1500_0026_0010_0044_0044.jpg 1 26 10 44 44
1501_0032_0026_0028_0028.jpg 1 32 26 28 28
1502_0016_0017_0060_0060.jpg 1 16 17 60 60
1503_0012_0014_0054_0054.jpg 1 12 14 54 54
1504_0019_0024_0027_0027.jpg 1 19 24 27 27
1505_0006_0026_0038_0038.jpg 1 6 26 38 38
1506_0051_0059_0025_0025.jpg 1 51 59 25 25
1507_0026_0041_0054_0054.jpg 1 26 41 54 54
1508_0007_0019_0055_0055.jpg 1 7 19 55 55
1509_0029_0025_0055_0055.jpg 1 29 25 55 55
1510_0034_0014_0053_0053.jpg 1 34 14 53 53
1511_0045_0019_0037_0037.jpg 1 45 19 37 37
1512_0016_0021_0039_0039.jpg 1 16 21 39 39
1513_0022_0042_0035_0035.jpg 1 22 42 35 35
1514_0032_0042_0049_0049.jpg 1 32 42 49 49
1515_0047_0033_0045_0045.jpg 1 47 33 45 45
1516_0017_0016_0031_0031.jpg 1 17 16 31 31
1517_0019_0010_0041_0041.jpg 1 19 10 41 41
1518_0013_0022_0048_0048.jpg 1 13 22 48 48
1519_0032_0023_0063_0063.jpg 1 32 23 63 63
1520_0017_0022_0065_0065.jpg 1 17 22 65 65
1521_0064_0049_0027_0027.jpg 1 64 49 27 27
1522_0031_0019_0050_0050.jpg 1 31 19 50 50
1523_0031_0013_0058_0058.jpg 1 31 13 58 58
1524_0030_0031_0064_0064.jpg 1 30 31 64 64
1525_0036_0012_0054_0054.jpg 1 36 12 54 54
1526_0020_0043_0039_0039.jpg 1 20 43 39 39
1527_0024_0008_0051_0051.jpg 1 24 8 51 51
1528_0021_0032_0039_0039.jpg 1 21 32 39 39
1529_0036_0009_0045_0045.jpg 1 36 9 45 45
1530_0030_0005_0055_0055.jpg 1 30 5 55 55
1531_0017_0036_0035_0035.jpg 1 17 36 35 35
1532_0008_0015_0054_0054.jpg 1 8 15 54 54
1533_0055_0033_0031_0031.jpg 1 55 33 31 31
1534_0034_0007_0032_0032.jpg 1 34 7 32 32
1535_0014_0052_0030_0030.jpg 1 14 52 30 30
1536_0038_0032_0042_0042.jpg 1 38 32 42 42
1537_0029_0065_0025_0025.jpg 1 29 65 25 25
1538_0022_0038_0053_0053.jpg 1 22 38 53 53
1539_0024_0040_0043_0043.jpg 1 24 40 43 43
1540_0029_0021_0050_0050.jpg 1 29 21 50 50
1541_0026_0022_0062_0062.jpg 1 26 22 62 62
1542_0013_0041_0042_0042.jpg 1 13 41 42 42
1543_0006_0014_0069_0069.jpg 1 6 14 69 69
1544_0011_0013_0062_0062.jpg 1 11 13 62 62
1545_0022_0010_0055_0055.jpg 1 22 10 55 55
1546_0036_0025_0042_0042.jpg 1 36 25 42 42
1547_0012_0017_0045_0045.jpg 1 12 17 45 45
1548_0035_0029_0056_0056.jpg 1 35 29 56 56
1549_0007_0007_0057_0057.jpg 1 7 7 57 57
1550_0062_0040_0026_0026.jpg 1 62 40 26 26
1551_0047_0032_0030_0030.jpg 1 47 32 30 30
1552_0039_0014_0048_0048.jpg 1 39 14 48 48
1553_0013_0015_0055_0055.jpg 1 13 15 55 55
1554_0012_0021_0041_0041.jpg 1 12 21 41 41
1555_0021_0030_0064_0064.jpg 1 21 30 64 64
1556_0011_0016_0055_0055.jpg 1 11 16 55 55
1557_0012_0019_0052_0052.jpg 1 12 19 52 52
1558_0037_0025_0040_0040.jpg 1 37 25 40 40
1559_0015_0008_0045_0045.jpg 1 15 8 45 45
1560_0033_0004_0060_0060.jpg 1 33 4 60 60
1561_0023_0026_0065_0065.jpg 1 23 26 65 65
1562_0012_0022_0069_0069.jpg 1 12 22 69 69
1563_0048_0040_0042_0042.jpg 1 48 40 42 42
1564_0019_0015_0032_0032.jpg 1 19 15 32 32
1565_0030_0012_0065_0065.jpg 1 30 12 65 65
1566_0035_0013_0059_0059.jpg 1 35 13 59 59
1567_0016_0046_0037_0037.jpg 1 16 46 37 37
1568_0031_0027_0060_0060.jpg 1 31 27 60 60
1569_0036_0032_0039_0039.jpg 1 36 32 39 39
1570_0026_0013_0055_0055.jpg 1 26 13 55 55
1571_0027_0028_0065_0065.jpg 1 27 28 65 65
1572_0031_0029_0055_0055.jpg 1 31 29 55 55
1573_0023_0019_0042_0042.jpg 1 23 19 42 42
1574_0043_0029_0047_0047.jpg 1 43 29 47 47
1575_0021_0041_0027_0027.jpg 1 21 41 27 27
1576_0011_0009_0050_0050.jpg 1 11 9 50 50
1577_0005_0011_0068_0068.jpg 1 5 11 68 68
1578_0004_0009_0069_0069.jpg 1 4 9 69 69
1579_0022_0006_0045_0045.jpg 1 22 6 45 45
1580_0008_0033_0051_0051.jpg 1 8 33 51 51
1581_0035_0013_0043_0043.jpg 1 35 13 43 43
1582_0050_0042_0028_0028.jpg 1 50 42 28 28
1583_0011_0007_0069_0069.jpg 1 11 7 69 69
1584_0020_0025_0060_0060.jpg 1 20 25 60 60
1585_0035_0043_0032_0032.jpg 1 35 43 32 32
1586_0025_0036_0035_0035.jpg 1 25 36 35 35
1587_0009_0037_0025_0025.jpg 1 9 37 25 25
1588_0008_0027_0056_0056.jpg 1 8 27 56 56
1589_0019_0008_0040_0040.jpg 1 19 8 40 40
1590_0044_0030_0036_0036.jpg 1 44 30 36 36
1591_0021_0005_0064_0064.jpg 1 21 5 64 64
1592_0026_0018_0050_0050.jpg 1 26 18 50 50
1593_0058_0057_0032_0032.jpg 1 58 57 32 32
1594_0021_0028_0030_0030.jpg 1 21 28 30 30
1595_0033_0013_0041_0041.jpg 1 33 13 41 41
1596_0026_0008_0062_0062.jpg 1 26 8 62 62
1597_0003_0008_0066_0066.jpg 1 3 8 66 66
1598_0025_0011_0059_0059.jpg 1 25 11 59 59
1599_0030_0039_0053_0053.jpg 1 30 39 53 53
1600_0034_0032_0040_0040.jpg 1 34 32 40 40
1601_0020_0039_0035_0035.jpg 1 20 39 35 35
1602_0024_0009_0037_0037.jpg 1 24 9 37 37
1603_0020_0005_0064_0064.jpg 1 20 5 64 64
1604_0010_0026_0043_0043.jpg 1 10 26 43 43
1605_0033_0024_0059_0059.jpg 1 33 24 59 59
1606_0031_0014_0044_0044.jpg 1 31 14 44 44
1607_0019_0054_0024_0024.jpg 1 19 54 24 24
1608_0034_0020_0036_0036.jpg 1 34 20 36 36
1609_0038_0032_0051_0051.jpg 1 38 32 51 51
1610_0010_0004_0068_0068.jpg 1 10 4 68 68
1611_0041_0018_0040_0040.jpg 1 41 18 40 40
1612_0011_0025_0025_0025.jpg 1 11 25 25 25
1613_0036_0064_0025_0025.jpg 1 36 64 25 25
1614_0020_0059_0033_0033.jpg 1 20 59 33 33
1615_0018_0011_0053_0053.jpg 1 18 11 53 53
1616_0019_0024_0062_0062.jpg 1 19 24 62 62
1617_0049_0019_0032_0032.jpg 1 49 19 32 32
1618_0022_0046_0024_0024.jpg 1 22 46 24 24
1619_0012_0064_0026_0026.jpg 1 12 64 26 26
1620_0027_0012_0041_0041.jpg 1 27 12 41 41
1621_0033_0015_0031_0031.jpg 1 33 15 31 31
1622_0012_0013_0056_0056.jpg 1 12 13 56 56
1623_0034_0017_0042_0042.jpg 1 34 17 42 42
1624_0025_0008_0043_0043.jpg 1 25 8 43 43
1625_0019_0010_0060_0060.jpg 1 19 10 60 60
1626_0027_0006_0048_0048.jpg 1 27 6 48 48
1627_0023_0010_0052_0052.jpg 1 23 10 52 52
1628_0014_0029_0064_0064.jpg 1 14 29 64 64
1629_0005_0016_0062_0062.jpg 1 5 16 62 62
1630_0029_0012_0064_0064.jpg 1 29 12 64 64
1631_0021_0046_0041_0041.jpg 1 21 46 41 41
1632_0032_0033_0031_0031.jpg 1 32 33 31 31
1633_0021_0016_0032_0032.jpg 1 21 16 32 32
1634_0027_0036_0025_0025.jpg 1 27 36 25 25
1635_0025_0033_0051_0051.jpg 1 25 33 51 51
1636_0024_0044_0028_0028.jpg 1 24 44 28 28
1637_0059_0028_0033_0033.jpg 1 59 28 33 33
1638_0016_0029_0045_0045.jpg 1 16 29 45 45
1639_0031_0016_0059_0059.jpg 1 31 16 59 59
1640_0012_0013_0066_0066.jpg 1 12 13 66 66
1641_0039_0029_0025_0025.jpg 1 39 29 25 25
1642_0031_0031_0063_0063.jpg 1 31 31 63 63
1643_0025_0017_0066_0066.jpg 1 25 17 66 66
1644_0050_0022_0030_0030.jpg 1 50 22 30 30
1645_0042_0033_0043_0043.jpg 1 42 33 43 43
1646_0023_0028_0035_0035.jpg 1 23 28 35 35
1647_0011_0025_0063_0063.jpg 1 11 25 63 63
1648_0007_0012_0037_0037.jpg 1 7 12 37 37
1649_0021_0042_0047_0047.jpg 1 21 42 47 47
1650_0027_0032_0059_0059.jpg 1 27 32 59 59
1651_0053_0029_0034_0034.jpg 1 53 29 34 34
1652_0014_0030_0041_0041.jpg 1 14 30 41 41
1653_0027_0038_0039_0039.jpg 1 27 38 39 39
1654_0021_0005_0057_0057.jpg 1 21 5 57 57
1655_0027_0038_0055_0055.jpg 1 27 38 55 55
1656_0013_0015_0059_0059.jpg 1 13 15 59 59
1657_0026_0022_0054_0054.jpg 1 26 22 54 54
1658_0021_0042_0049_0049.jpg 1 21 42 49 49
1659_0005_0009_0062_0062.jpg 1 5 9 62 62
1660_0024_0004_0058_0058.jpg 1 24 4 58 58
1661_0018_0037_0051_0051.jpg 1 18 37 51 51
1662_0011_0009_0063_0063.jpg 1 11 9 63 63
1663_0018_0026_0038_0038.jpg 1 18 26 38 38
1664_0054_0008_0037_0037.jpg 1 54 8 37 37
1665_0010_0033_0046_0046.jpg 1 10 33 46 46
1666_0035_0016_0024_0024.jpg 1 35 16 24 24
1667_0010_0031_0059_0059.jpg 1 10 31 59 59
1668_0045_0036_0032_0032.jpg 1 45 36 32 32
1669_0029_0024_0032_0032.jpg 1 29 24 32 32
1670_0031_0037_0050_0050.jpg 1 31 37 50 50
1671_0009_0006_0041_0041.jpg 1 9 6 41 41
1672_0016_0035_0054_0054.jpg 1 16 35 54 54
1673_0043_0035_0049_0049.jpg 1 43 35 49 49
1674_0008_0006_0061_0061.jpg 1 8 6 61 61
1675_0007_0026_0035_0035.jpg 1 7 26 35 35
1676_0012_0028_0032_0032.jpg 1 12 28 32 32
1677_0035_0054_0039_0039.jpg 1 35 54 39 39
1678_0022_0061_0027_0027.jpg 1 22 61 27 27
1679_0025_0039_0050_0050.jpg 1 25 39 50 50
1680_0060_0051_0033_0033.jpg 1 60 51 33 33
1681_0020_0030_0056_0056.jpg 1 20 30 56 56
1682_0019_0056_0027_0027.jpg 1 19 56 27 27
1683_0013_0034_0057_0057.jpg 1 13 34 57 57
1684_0038_0018_0050_0050.jpg 1 38 18 50 50
1685_0032_0015_0048_0048.jpg 1 32 15 48 48
1686_0021_0021_0039_0039.jpg 1 21 21 39 39
1687_0028_0039_0046_0046.jpg 1 28 39 46 46
1688_0023_0036_0054_0054.jpg 1 23 36 54 54
1689_0032_0027_0028_0028.jpg 1 32 27 28 28
1690_0023_0035_0050_0050.jpg 1 23 35 50 50
1691_0046_0022_0032_0032.jpg 1 46 22 32 32
1692_0015_0040_0034_0034.jpg 1 15 40 34 34
1693_0058_0060_0030_0030.jpg 1 58 60 30 30
1694_0045_0038_0035_0035.jpg 1 45 38 35 35
1695_0033_0051_0033_0033.jpg 1 33 51 33 33
1696_0015_0044_0036_0036.jpg 1 15 44 36 36
1697_0017_0044_0034_0034.jpg 1 17 44 34 34
1698_0061_0061_0026_0026.jpg 1 61 61 26 26
1699_0040_0016_0029_0029.jpg 1 40 16 29 29
1700_0019_0022_0032_0032.jpg 1 19 22 32 32
1701_0012_0030_0055_0055.jpg 1 12 30 55 55
1702_0007_0031_0054_0054.jpg 1 7 31 54 54
1703_0025_0012_0055_0055.jpg 1 25 12 55 55
1704_0052_0041_0026_0026.jpg 1 52 41 26 26
1705_0025_0013_0063_0063.jpg 1 25 13 63 63
1706_0045_0032_0039_0039.jpg 1 45 32 39 39
1707_0032_0034_0035_0035.jpg 1 32 34 35 35
1708_0039_0024_0052_0052.jpg 1 39 24 52 52
1709_0042_0024_0047_0047.jpg 1 42 24 47 47
1710_0023_0032_0054_0054.jpg 1 23 32 54 54
1711_0028_0032_0050_0050.jpg 1 28 32 50 50
1712_0023_0016_0057_0057.jpg 1 23 16 57 57
1713_0008_0019_0060_0060.jpg 1 8 19 60 60
1714_0027_0004_0068_0068.jpg 1 27 4 68 68
1715_0017_0019_0068_0068.jpg 1 17 19 68 68
1716_0014_0029_0051_0051.jpg 1 14 29 51 51
1717_0035_0018_0041_0041.jpg 1 35 18 41 41
1718_0033_0031_0051_0051.jpg 1 33 31 51 51
1719_0036_0032_0026_0026.jpg 1 36 32 26 26
1720_0019_0013_0038_0038.jpg 1 19 13 38 38
1721_0020_0020_0046_0046.jpg 1 20 20 46 46
1722_0042_0016_0031_0031.jpg 1 42 16 31 31
1723_0032_0018_0031_0031.jpg 1 32 18 31 31
1724_0020_0005_0058_0058.jpg 1 20 5 58 58
1725_0031_0041_0028_0028.jpg 1 31 41 28 28
1726_0019_0021_0066_0066.jpg 1 19 21 66 66
1727_0059_0056_0029_0029.jpg 1 59 56 29 29
1728_0029_0031_0060_0060.jpg 1 29 31 60 60
1729_0032_0037_0031_0031.jpg 1 32 37 31 31
1730_0051_0021_0039_0039.jpg 1 51 21 39 39
1731_0015_0008_0060_0060.jpg 1 15 8 60 60
1732_0023_0045_0037_0037.jpg 1 23 45 37 37
1733_0011_0004_0056_0056.jpg 1 11 4 56 56
1734_0008_0033_0042_0042.jpg 1 8 33 42 42
1735_0022_0008_0047_0047.jpg 1 22 8 47 47
1736_0025_0034_0055_0055.jpg 1 25 34 55 55
1737_0047_0023_0029_0029.jpg 1 47 23 29 29
1738_0007_0030_0061_0061.jpg 1 7 30 61 61
1739_0014_0010_0037_0037.jpg 1 14 10 37 37
1740_0043_0031_0039_0039.jpg 1 43 31 39 39
1741_0031_0023_0059_0059.jpg 1 31 23 59 59
1742_0028_0009_0057_0057.jpg 1 28 9 57 57
1743_0055_0014_0026_0026.jpg 1 55 14 26 26
1744_0007_0044_0044_0044.jpg 1 7 44 44 44
1745_0035_0023_0050_0050.jpg 1 35 23 50 50
1746_0035_0040_0051_0051.jpg 1 35 40 51 51
1747_0019_0010_0068_0068.jpg 1 19 10 68 68
1748_0007_0013_0050_0050.jpg 1 7 13 50 50
1749_0013_0043_0035_0035.jpg 1 13 43 35 35
1750_0015_0028_0048_0048.jpg 1 15 28 48 48
1751_0033_0041_0027_0027.jpg 1 33 41 27 27
1752_0023_0026_0024_0024.jpg 1 23 26 24 24
1753_0011_0014_0058_0058.jpg 1 11 14 58 58
1754_0034_0051_0035_0035.jpg 1 34 51 35 35
1755_0022_0004_0065_0065.jpg 1 22 4 65 65
1756_0031_0009_0025_0025.jpg 1 31 9 25 25
1757_0058_0061_0026_0026.jpg 1 58 61 26 26
1758_0036_0011_0025_0025.jpg 1 36 11 25 25
1759_0012_0032_0030_0030.jpg 1 12 32 30 30
1760_0046_0006_0040_0040.jpg 1 46 6 40 40
1761_0032_0011_0063_0063.jpg 1 32 11 63 63
1762_0018_0032_0041_0041.jpg 1 18 32 41 41
1763_0046_0026_0032_0032.jpg 1 46 26 32 32
1764_0031_0012_0060_0060.jpg 1 31 12 60 60
1765_0016_0048_0035_0035.jpg 1 16 48 35 35
1766_0033_0031_0031_0031.jpg 1 33 31 31 31
1767_0035_0021_0040_0040.jpg 1 35 21 40 40
1768_0031_0037_0041_0041.jpg 1 31 37 41 41
1769_0039_0011_0051_0051.jpg 1 39 11 51 51
1770_0044_0032_0049_0049.jpg 1 44 32 49 49
1771_0045_0052_0042_0042.jpg 1 45 52 42 42
1772_0029_0018_0047_0047.jpg 1 29 18 47 47
1773_0016_0045_0046_0046.jpg 1 16 45 46 46
1774_0008_0040_0049_0049.jpg 1 8 40 49 49
1775_0013_0030_0031_0031.jpg 1 13 30 31 31
1776_0038_0006_0040_0040.jpg 1 38 6 40 40
1777_0037_0027_0031_0031.jpg 1 37 27 31 31
1778_0038_0034_0037_0037.jpg 1 38 34 37 37
1779_0032_0028_0033_0033.jpg 1 32 28 33 33
1780_0028_0031_0052_0052.jpg 1 28 31 52 52
1781_0004_0006_0066_0066.jpg 1 4 6 66 66
1782_0014_0027_0066_0066.jpg 1 14 27 66 66
1783_0007_0021_0062_0062.jpg 1 7 21 62 62
1784_0025_0013_0045_0045.jpg 1 25 13 45 45
1785_0015_0045_0043_0043.jpg 1 15 45 43 43
1786_0007_0008_0052_0052.jpg 1 7 8 52 52
1787_0005_0021_0059_0059.jpg 1 5 21 59 59
1788_0045_0012_0025_0025.jpg 1 45 12 25 25
1789_0019_0051_0025_0025.jpg 1 19 51 25 25
1790_0027_0009_0063_0063.jpg 1 27 9 63 63
1791_0013_0009_0058_0058.jpg 1 13 9 58 58
1792_0056_0051_0027_0027.jpg 1 56 51 27 27
1793_0025_0018_0067_0067.jpg 1 25 18 67 67
1794_0047_0015_0033_0033.jpg 1 47 15 33 33
1795_0036_0027_0043_0043.jpg 1 36 27 43 43
1796_0034_0061_0028_0028.jpg 1 34 61 28 28
1797_0014_0010_0055_0055.jpg 1 14 10 55 55
1798_0016_0049_0035_0035.jpg 1 16 49 35 35
1799_0022_0037_0036_0036.jpg 1 22 37 36 36
1800_0043_0030_0046_0046.jpg 1 43 30 46 46
1801_0033_0026_0051_0051.jpg 1 33 26 51 51
1802_0013_0014_0066_0066.jpg 1 13 14 66 66
1803_0017_0033_0055_0055.jpg 1 17 33 55 55
1804_0009_0013_0045_0045.jpg 1 9 13 45 45
1805_0012_0024_0061_0061.jpg 1 12 24 61 61
1806_0007_0007_0065_0065.jpg 1 7 7 65 65
1807_0033_0008_0051_0051.jpg 1 33 8 51 51
1808_0027_0012_0063_0063.jpg 1 27 12 63 63
1809_0008_0003_0064_0064.jpg 1 8 3 64 64
1810_0029_0026_0027_0027.jpg 1 29 26 27 27
1811_0018_0052_0035_0035.jpg 1 18 52 35 35
1812_0042_0025_0041_0041.jpg 1 42 25 41 41
1813_0027_0012_0035_0035.jpg 1 27 12 35 35
1814_0052_0015_0025_0025.jpg 1 52 15 25 25
1815_0016_0026_0025_0025.jpg 1 16 26 25 25
1816_0023_0027_0065_0065.jpg 1 23 27 65 65
1817_0035_0030_0055_0055.jpg 1 35 30 55 55
1818_0051_0052_0027_0027.jpg 1 51 52 27 27
1819_0007_0016_0067_0067.jpg 1 7 16 67 67
1820_0006_0019_0067_0067.jpg 1 6 19 67 67
1821_0044_0016_0029_0029.jpg 1 44 16 29 29
1822_0014_0017_0028_0028.jpg 1 14 17 28 28
1823_0045_0022_0048_0048.jpg 1 45 22 48 48
1824_0013_0037_0038_0038.jpg 1 13 37 38 38
1825_0016_0025_0042_0042.jpg 1 16 25 42 42
1826_0060_0055_0024_0024.jpg 1 60 55 24 24
1827_0008_0033_0045_0045.jpg 1 8 33 45 45
1828_0056_0023_0028_0028.jpg 1 56 23 28 28
1829_0032_0041_0036_0036.jpg 1 32 41 36 36
1830_0012_0035_0050_0050.jpg 1 12 35 50 50
1831_0006_0016_0065_0065.jpg 1 6 16 65 65
1832_0010_0021_0026_0026.jpg 1 10 21 26 26
1833_0032_0008_0057_0057.jpg 1 32 8 57 57
1834_0006_0007_0064_0064.jpg 1 6 7 64 64
1835_0011_0013_0046_0046.jpg 1 11 13 46 46
1836_0021_0022_0065_0065.jpg 1 21 22 65 65
1837_0050_0016_0033_0033.jpg 1 50 16 33 33
1838_0026_0032_0059_0059.jpg 1 26 32 59 59
1839_0022_0039_0044_0044.jpg 1 22 39 44 44
1840_0014_0030_0066_0066.jpg 1 14 30 66 66
1841_0009_0004_0064_0064.jpg 1 9 4 64 64
1842_0054_0055_0033_0033.jpg 1 54 55 33 33
1843_0038_0006_0048_0048.jpg 1 38 6 48 48
1844_0049_0022_0042_0042.jpg 1 49 22 42 42
1845_0023_0024_0047_0047.jpg 1 23 24 47 47
1846_0021_0011_0057_0057.jpg 1 21 11 57 57
1847_0046_0037_0033_0033.jpg 1 46 37 33 33
1848_0056_0055_0026_0026.jpg 1 56 55 26 26
1849_0010_0013_0039_0039.jpg 1 10 13 39 39
1850_0029_0006_0064_0064.jpg 1 29 6 64 64
1851_0038_0022_0040_0040.jpg 1 38 22 40 40
1852_0007_0034_0030_0030.jpg 1 7 34 30 30
1853_0013_0022_0037_0037.jpg 1 13 22 37 37
1854_0028_0034_0042_0042.jpg 1 28 34 42 42
1855_0007_0006_0055_0055.jpg 1 7 6 55 55
1856_0013_0027_0058_0058.jpg 1 13 27 58 58
1857_0020_0023_0068_0068.jpg 1 20 23 68 68
1858_0038_0008_0054_0054.jpg 1 38 8 54 54
1859_0052_0041_0040_0040.jpg 1 52 41 40 40
1860_0014_0012_0059_0059.jpg 1 14 12 59 59
1861_0033_0033_0045_0045.jpg 1 33 33 45 45
1862_0022_0023_0067_0067.jpg 1 22 23 67 67
1863_0032_0017_0043_0043.jpg 1 32 17 43 43
1864_0008_0032_0056_0056.jpg 1 8 32 56 56
1865_0037_0026_0056_0056.jpg 1 37 26 56 56
1866_0038_0012_0040_0040.jpg 1 38 12 40 40
1867_0009_0050_0039_0039.jpg 1 9 50 39 39
1868_0054_0048_0035_0035.jpg 1 54 48 35 35
1869_0011_0008_0053_0053.jpg 1 11 8 53 53
1870_0028_0031_0062_0062.jpg 1 28 31 62 62
1871_0009_0025_0069_0069.jpg 1 9 25 69 69
1872_0046_0016_0024_0024.jpg 1 46 16 24 24
1873_0020_0041_0041_0041.jpg 1 20 41 41 41
1874_0009_0055_0029_0029.jpg 1 9 55 29 29
1875_0016_0027_0040_0040.jpg 1 16 27 40 40
1876_0060_0039_0031_0031.jpg 1 60 39 31 31
1877_0042_0009_0026_0026.jpg 1 42 9 26 26
1878_0046_0013_0046_0046.jpg 1 46 13 46 46
1879_0032_0030_0054_0054.jpg 1 32 30 54 54
1880_0010_0047_0039_0039.jpg 1 10 47 39 39
1881_0028_0058_0026_0026.jpg 1 28 58 26 26
1882_0028_0035_0045_0045.jpg 1 28 35 45 45
1883_0016_0065_0026_0026.jpg 1 16 65 26 26
1884_0051_0046_0035_0035.jpg 1 51 46 35 35
1885_0037_0019_0047_0047.jpg 1 37 19 47 47
1886_0049_0051_0026_0026.jpg 1 49 51 26 26
1887_0029_0023_0061_0061.jpg 1 29 23 61 61
1888_0043_0020_0035_0035.jpg 1 43 20 35 35
1889_0012_0055_0034_0034.jpg 1 12 55 34 34
1890_0056_0043_0035_0035.jpg 1 56 43 35 35
1891_0018_0037_0050_0050.jpg 1 18 37 50 50
1892_0006_0019_0062_0062.jpg 1 6 19 62 62
1893_0028_0006_0061_0061.jpg 1 28 6 61 61
1894_0052_0032_0042_0042.jpg 1 52 32 42 42
1895_0013_0028_0055_0055.jpg 1 13 28 55 55
1896_0064_0013_0025_0025.jpg 1 64 13 25 25
1897_0048_0032_0034_0034.jpg 1 48 32 34 34
1898_0046_0043_0035_0035.jpg 1 46 43 35 35
1899_0029_0011_0026_0026.jpg 1 29 11 26 26
1900_0019_0022_0058_0058.jpg 1 19 22 58 58
