
*** Running vivado
    with args -log design_1_wrapper.vdi -applog -m64 -product Vivado -messageDb vivado.pb -mode batch -source design_1_wrapper.tcl -notrace


****** Vivado v2017.2 (64-bit)
  **** SW Build 1909853 on Thu Jun 15 18:39:09 MDT 2017
  **** IP Build 1909766 on Thu Jun 15 19:58:00 MDT 2017
    ** Copyright 1986-2017 Xilinx, Inc. All Rights Reserved.

source design_1_wrapper.tcl -notrace
INFO: [IP_Flow 19-234] Refreshing IP repositories
WARNING: [IP_Flow 19-3685] Ignored loading user repository 's:/echo/echo/ip/motor_axi_1.0'. The path is contained within another repository.
INFO: [IP_Flow 19-1700] Loaded user IP repository 's:/echo/echo/ip'.
INFO: [IP_Flow 19-2313] Loaded Vivado IP repository 'C:/Xilinx/Vivado/2017.2/data/ip'.
WARNING: [IP_Flow 19-3664] IP 'design_1_auto_pc_0' generated file not found 's:/echo/echo/src/ip/design_1_auto_pc_0/stats.txt'. Please regenerate to continue.
Design is defaulting to srcset: sources_1
Design is defaulting to constrset: constrs_1
INFO: [Project 1-454] Reading design checkpoint 's:/echo/echo/src/ip/design_1_blink_0_0/design_1_blink_0_0.dcp' for cell 'design_1_i/blink_0'
INFO: [Project 1-454] Reading design checkpoint 's:/echo/echo/src/ip/design_1_echo_pulse_measurer_0_0/design_1_echo_pulse_measurer_0_0.dcp' for cell 'design_1_i/echo_pulse_measurer_0'
INFO: [Project 1-454] Reading design checkpoint 's:/echo/echo/src/ip/design_1_echo_pulse_measurer_1_0/design_1_echo_pulse_measurer_1_0.dcp' for cell 'design_1_i/echo_pulse_measurer_1'
INFO: [Project 1-454] Reading design checkpoint 's:/echo/echo/src/ip/design_1_echo_pulse_measurer_2_0/design_1_echo_pulse_measurer_2_0.dcp' for cell 'design_1_i/echo_pulse_measurer_2'
INFO: [Project 1-454] Reading design checkpoint 's:/echo/echo/src/ip/design_1_encoder_reader_top_0_0/design_1_encoder_reader_top_0_0.dcp' for cell 'design_1_i/encoder_reader_top_0'
INFO: [Project 1-454] Reading design checkpoint 's:/echo/echo/src/ip/design_1_encoder_reader_top_1_0/design_1_encoder_reader_top_1_0.dcp' for cell 'design_1_i/encoder_reader_top_1'
INFO: [Project 1-454] Reading design checkpoint 's:/echo/echo/src/ip/design_1_encoder_reader_top_2_0/design_1_encoder_reader_top_2_0.dcp' for cell 'design_1_i/encoder_reader_top_2'
INFO: [Project 1-454] Reading design checkpoint 's:/echo/echo/src/ip/design_1_encoder_reader_top_3_0/design_1_encoder_reader_top_3_0.dcp' for cell 'design_1_i/encoder_reader_top_3'
INFO: [Project 1-454] Reading design checkpoint 's:/echo/echo/src/ip/design_1_motor_axi_0_0/design_1_motor_axi_0_0.dcp' for cell 'design_1_i/motor_axi_0'
INFO: [Project 1-454] Reading design checkpoint 's:/echo/echo/src/ip/design_1_processing_system7_0_0/design_1_processing_system7_0_0.dcp' for cell 'design_1_i/processing_system7_0'
INFO: [Project 1-454] Reading design checkpoint 's:/echo/echo/src/ip/design_1_pwm_generator_0_0/design_1_pwm_generator_0_0.dcp' for cell 'design_1_i/pwm_generator_0'
INFO: [Project 1-454] Reading design checkpoint 's:/echo/echo/src/ip/design_1_pwm_generator_1_0/design_1_pwm_generator_1_0.dcp' for cell 'design_1_i/pwm_generator_1'
INFO: [Project 1-454] Reading design checkpoint 's:/echo/echo/src/ip/design_1_pwm_generator_2_0/design_1_pwm_generator_2_0.dcp' for cell 'design_1_i/pwm_generator_2'
INFO: [Project 1-454] Reading design checkpoint 's:/echo/echo/src/ip/design_1_pwm_generator_3_0/design_1_pwm_generator_3_0.dcp' for cell 'design_1_i/pwm_generator_3'
INFO: [Project 1-454] Reading design checkpoint 's:/echo/echo/src/ip/design_1_rst_ps7_0_50M_0/design_1_rst_ps7_0_50M_0.dcp' for cell 'design_1_i/rst_ps7_0_50M'
INFO: [Project 1-454] Reading design checkpoint 's:/echo/echo/src/ip/design_1_ultrasonic_sensor_axi_0_0/design_1_ultrasonic_sensor_axi_0_0.dcp' for cell 'design_1_i/ultrasonic_sensor_axi_0'
INFO: [Project 1-454] Reading design checkpoint 's:/echo/echo/src/ip/design_1_xbar_0/design_1_xbar_0.dcp' for cell 'design_1_i/ps7_0_axi_periph/xbar'
INFO: [Project 1-454] Reading design checkpoint 's:/echo/echo/src/ip/design_1_auto_pc_0/design_1_auto_pc_0.dcp' for cell 'design_1_i/ps7_0_axi_periph/s00_couplers/auto_pc'
INFO: [Netlist 29-17] Analyzing 175 Unisim elements for replacement
INFO: [Netlist 29-28] Unisim Transformation completed in 1 CPU seconds
INFO: [Project 1-479] Netlist was created with Vivado 2017.2
INFO: [Device 21-403] Loading part xc7z010clg400-1
INFO: [Project 1-570] Preparing netlist for logic optimization
Parsing XDC File [s:/echo/echo/src/ip/design_1_processing_system7_0_0/design_1_processing_system7_0_0.xdc] for cell 'design_1_i/processing_system7_0/inst'
Finished Parsing XDC File [s:/echo/echo/src/ip/design_1_processing_system7_0_0/design_1_processing_system7_0_0.xdc] for cell 'design_1_i/processing_system7_0/inst'
Parsing XDC File [s:/echo/echo/src/ip/design_1_rst_ps7_0_50M_0/design_1_rst_ps7_0_50M_0_board.xdc] for cell 'design_1_i/rst_ps7_0_50M/U0'
Finished Parsing XDC File [s:/echo/echo/src/ip/design_1_rst_ps7_0_50M_0/design_1_rst_ps7_0_50M_0_board.xdc] for cell 'design_1_i/rst_ps7_0_50M/U0'
Parsing XDC File [s:/echo/echo/src/ip/design_1_rst_ps7_0_50M_0/design_1_rst_ps7_0_50M_0.xdc] for cell 'design_1_i/rst_ps7_0_50M/U0'
Finished Parsing XDC File [s:/echo/echo/src/ip/design_1_rst_ps7_0_50M_0/design_1_rst_ps7_0_50M_0.xdc] for cell 'design_1_i/rst_ps7_0_50M/U0'
Parsing XDC File [S:/echo/echo/src/constraints.xdc]
WARNING: [Vivado 12-584] No ports matched 'ENC_A'. [S:/echo/echo/src/constraints.xdc:5]
CRITICAL WARNING: [Common 17-55] 'set_property' expects at least one object. [S:/echo/echo/src/constraints.xdc:5]
Resolution: If [get_<value>] was used to populate the object, check to make sure this command returns at least one valid object.
WARNING: [Vivado 12-584] No ports matched 'ENC_A'. [S:/echo/echo/src/constraints.xdc:6]
CRITICAL WARNING: [Common 17-55] 'set_property' expects at least one object. [S:/echo/echo/src/constraints.xdc:6]
Resolution: If [get_<value>] was used to populate the object, check to make sure this command returns at least one valid object.
WARNING: [Vivado 12-584] No ports matched 'ENC_B'. [S:/echo/echo/src/constraints.xdc:12]
CRITICAL WARNING: [Common 17-55] 'set_property' expects at least one object. [S:/echo/echo/src/constraints.xdc:12]
Resolution: If [get_<value>] was used to populate the object, check to make sure this command returns at least one valid object.
WARNING: [Vivado 12-584] No ports matched 'ENC_B'. [S:/echo/echo/src/constraints.xdc:13]
CRITICAL WARNING: [Common 17-55] 'set_property' expects at least one object. [S:/echo/echo/src/constraints.xdc:13]
Resolution: If [get_<value>] was used to populate the object, check to make sure this command returns at least one valid object.
WARNING: [Vivado 12-584] No ports matched 'ENC_C'. [S:/echo/echo/src/constraints.xdc:19]
CRITICAL WARNING: [Common 17-55] 'set_property' expects at least one object. [S:/echo/echo/src/constraints.xdc:19]
Resolution: If [get_<value>] was used to populate the object, check to make sure this command returns at least one valid object.
WARNING: [Vivado 12-584] No ports matched 'ENC_C'. [S:/echo/echo/src/constraints.xdc:20]
CRITICAL WARNING: [Common 17-55] 'set_property' expects at least one object. [S:/echo/echo/src/constraints.xdc:20]
Resolution: If [get_<value>] was used to populate the object, check to make sure this command returns at least one valid object.
WARNING: [Vivado 12-584] No ports matched 'ENC_D'. [S:/echo/echo/src/constraints.xdc:26]
CRITICAL WARNING: [Common 17-55] 'set_property' expects at least one object. [S:/echo/echo/src/constraints.xdc:26]
Resolution: If [get_<value>] was used to populate the object, check to make sure this command returns at least one valid object.
WARNING: [Vivado 12-584] No ports matched 'ENC_D'. [S:/echo/echo/src/constraints.xdc:27]
CRITICAL WARNING: [Common 17-55] 'set_property' expects at least one object. [S:/echo/echo/src/constraints.xdc:27]
Resolution: If [get_<value>] was used to populate the object, check to make sure this command returns at least one valid object.
WARNING: [Vivado 12-584] No ports matched 'M1_IN1'. [S:/echo/echo/src/constraints.xdc:36]
CRITICAL WARNING: [Common 17-55] 'set_property' expects at least one object. [S:/echo/echo/src/constraints.xdc:36]
Resolution: If [get_<value>] was used to populate the object, check to make sure this command returns at least one valid object.
WARNING: [Vivado 12-584] No ports matched 'M1_IN1'. [S:/echo/echo/src/constraints.xdc:37]
CRITICAL WARNING: [Common 17-55] 'set_property' expects at least one object. [S:/echo/echo/src/constraints.xdc:37]
Resolution: If [get_<value>] was used to populate the object, check to make sure this command returns at least one valid object.
WARNING: [Vivado 12-584] No ports matched 'M1_IN2'. [S:/echo/echo/src/constraints.xdc:39]
CRITICAL WARNING: [Common 17-55] 'set_property' expects at least one object. [S:/echo/echo/src/constraints.xdc:39]
Resolution: If [get_<value>] was used to populate the object, check to make sure this command returns at least one valid object.
WARNING: [Vivado 12-584] No ports matched 'M1_IN2'. [S:/echo/echo/src/constraints.xdc:40]
CRITICAL WARNING: [Common 17-55] 'set_property' expects at least one object. [S:/echo/echo/src/constraints.xdc:40]
Resolution: If [get_<value>] was used to populate the object, check to make sure this command returns at least one valid object.
WARNING: [Vivado 12-584] No ports matched 'M2_IN1'. [S:/echo/echo/src/constraints.xdc:43]
CRITICAL WARNING: [Common 17-55] 'set_property' expects at least one object. [S:/echo/echo/src/constraints.xdc:43]
Resolution: If [get_<value>] was used to populate the object, check to make sure this command returns at least one valid object.
WARNING: [Vivado 12-584] No ports matched 'M2_IN1'. [S:/echo/echo/src/constraints.xdc:44]
CRITICAL WARNING: [Common 17-55] 'set_property' expects at least one object. [S:/echo/echo/src/constraints.xdc:44]
Resolution: If [get_<value>] was used to populate the object, check to make sure this command returns at least one valid object.
WARNING: [Vivado 12-584] No ports matched 'M2_IN2'. [S:/echo/echo/src/constraints.xdc:46]
CRITICAL WARNING: [Common 17-55] 'set_property' expects at least one object. [S:/echo/echo/src/constraints.xdc:46]
Resolution: If [get_<value>] was used to populate the object, check to make sure this command returns at least one valid object.
WARNING: [Vivado 12-584] No ports matched 'M2_IN2'. [S:/echo/echo/src/constraints.xdc:47]
CRITICAL WARNING: [Common 17-55] 'set_property' expects at least one object. [S:/echo/echo/src/constraints.xdc:47]
Resolution: If [get_<value>] was used to populate the object, check to make sure this command returns at least one valid object.
WARNING: [Vivado 12-584] No ports matched 'M3_IN1'. [S:/echo/echo/src/constraints.xdc:50]
CRITICAL WARNING: [Common 17-55] 'set_property' expects at least one object. [S:/echo/echo/src/constraints.xdc:50]
Resolution: If [get_<value>] was used to populate the object, check to make sure this command returns at least one valid object.
WARNING: [Vivado 12-584] No ports matched 'M3_IN1'. [S:/echo/echo/src/constraints.xdc:51]
CRITICAL WARNING: [Common 17-55] 'set_property' expects at least one object. [S:/echo/echo/src/constraints.xdc:51]
Resolution: If [get_<value>] was used to populate the object, check to make sure this command returns at least one valid object.
WARNING: [Vivado 12-584] No ports matched 'M3_IN2'. [S:/echo/echo/src/constraints.xdc:53]
CRITICAL WARNING: [Common 17-55] 'set_property' expects at least one object. [S:/echo/echo/src/constraints.xdc:53]
Resolution: If [get_<value>] was used to populate the object, check to make sure this command returns at least one valid object.
WARNING: [Vivado 12-584] No ports matched 'M3_IN2'. [S:/echo/echo/src/constraints.xdc:54]
CRITICAL WARNING: [Common 17-55] 'set_property' expects at least one object. [S:/echo/echo/src/constraints.xdc:54]
Resolution: If [get_<value>] was used to populate the object, check to make sure this command returns at least one valid object.
WARNING: [Vivado 12-584] No ports matched 'M4_IN1'. [S:/echo/echo/src/constraints.xdc:57]
CRITICAL WARNING: [Common 17-55] 'set_property' expects at least one object. [S:/echo/echo/src/constraints.xdc:57]
Resolution: If [get_<value>] was used to populate the object, check to make sure this command returns at least one valid object.
WARNING: [Vivado 12-584] No ports matched 'M4_IN1'. [S:/echo/echo/src/constraints.xdc:58]
CRITICAL WARNING: [Common 17-55] 'set_property' expects at least one object. [S:/echo/echo/src/constraints.xdc:58]
Resolution: If [get_<value>] was used to populate the object, check to make sure this command returns at least one valid object.
WARNING: [Vivado 12-584] No ports matched 'M4_IN2'. [S:/echo/echo/src/constraints.xdc:60]
CRITICAL WARNING: [Common 17-55] 'set_property' expects at least one object. [S:/echo/echo/src/constraints.xdc:60]
Resolution: If [get_<value>] was used to populate the object, check to make sure this command returns at least one valid object.
WARNING: [Vivado 12-584] No ports matched 'M4_IN2'. [S:/echo/echo/src/constraints.xdc:61]
CRITICAL WARNING: [Common 17-55] 'set_property' expects at least one object. [S:/echo/echo/src/constraints.xdc:61]
Resolution: If [get_<value>] was used to populate the object, check to make sure this command returns at least one valid object.
WARNING: [Vivado 12-584] No ports matched 'LED2'. [S:/echo/echo/src/constraints.xdc:71]
CRITICAL WARNING: [Common 17-55] 'set_property' expects at least one object. [S:/echo/echo/src/constraints.xdc:71]
Resolution: If [get_<value>] was used to populate the object, check to make sure this command returns at least one valid object.
WARNING: [Vivado 12-584] No ports matched 'LED2'. [S:/echo/echo/src/constraints.xdc:72]
CRITICAL WARNING: [Common 17-55] 'set_property' expects at least one object. [S:/echo/echo/src/constraints.xdc:72]
Resolution: If [get_<value>] was used to populate the object, check to make sure this command returns at least one valid object.
WARNING: [Vivado 12-584] No ports matched 'LED3'. [S:/echo/echo/src/constraints.xdc:75]
CRITICAL WARNING: [Common 17-55] 'set_property' expects at least one object. [S:/echo/echo/src/constraints.xdc:75]
Resolution: If [get_<value>] was used to populate the object, check to make sure this command returns at least one valid object.
WARNING: [Vivado 12-584] No ports matched 'LED3'. [S:/echo/echo/src/constraints.xdc:76]
CRITICAL WARNING: [Common 17-55] 'set_property' expects at least one object. [S:/echo/echo/src/constraints.xdc:76]
Resolution: If [get_<value>] was used to populate the object, check to make sure this command returns at least one valid object.
WARNING: [Vivado 12-584] No ports matched 'trigger_pulse_a'. [S:/echo/echo/src/constraints.xdc:82]
CRITICAL WARNING: [Common 17-55] 'set_property' expects at least one object. [S:/echo/echo/src/constraints.xdc:82]
Resolution: If [get_<value>] was used to populate the object, check to make sure this command returns at least one valid object.
WARNING: [Vivado 12-584] No ports matched 'trigger_pulse_a'. [S:/echo/echo/src/constraints.xdc:83]
CRITICAL WARNING: [Common 17-55] 'set_property' expects at least one object. [S:/echo/echo/src/constraints.xdc:83]
Resolution: If [get_<value>] was used to populate the object, check to make sure this command returns at least one valid object.
WARNING: [Vivado 12-584] No ports matched 'echo_pulse_a'. [S:/echo/echo/src/constraints.xdc:85]
CRITICAL WARNING: [Common 17-55] 'set_property' expects at least one object. [S:/echo/echo/src/constraints.xdc:85]
Resolution: If [get_<value>] was used to populate the object, check to make sure this command returns at least one valid object.
WARNING: [Vivado 12-584] No ports matched 'echo_pulse_a'. [S:/echo/echo/src/constraints.xdc:86]
CRITICAL WARNING: [Common 17-55] 'set_property' expects at least one object. [S:/echo/echo/src/constraints.xdc:86]
Resolution: If [get_<value>] was used to populate the object, check to make sure this command returns at least one valid object.
WARNING: [Vivado 12-584] No ports matched 'trigger_pulse_b'. [S:/echo/echo/src/constraints.xdc:89]
CRITICAL WARNING: [Common 17-55] 'set_property' expects at least one object. [S:/echo/echo/src/constraints.xdc:89]
Resolution: If [get_<value>] was used to populate the object, check to make sure this command returns at least one valid object.
WARNING: [Vivado 12-584] No ports matched 'trigger_pulse_b'. [S:/echo/echo/src/constraints.xdc:90]
CRITICAL WARNING: [Common 17-55] 'set_property' expects at least one object. [S:/echo/echo/src/constraints.xdc:90]
Resolution: If [get_<value>] was used to populate the object, check to make sure this command returns at least one valid object.
WARNING: [Vivado 12-584] No ports matched 'echo_pulse_b'. [S:/echo/echo/src/constraints.xdc:92]
CRITICAL WARNING: [Common 17-55] 'set_property' expects at least one object. [S:/echo/echo/src/constraints.xdc:92]
Resolution: If [get_<value>] was used to populate the object, check to make sure this command returns at least one valid object.
WARNING: [Vivado 12-584] No ports matched 'echo_pulse_b'. [S:/echo/echo/src/constraints.xdc:93]
CRITICAL WARNING: [Common 17-55] 'set_property' expects at least one object. [S:/echo/echo/src/constraints.xdc:93]
Resolution: If [get_<value>] was used to populate the object, check to make sure this command returns at least one valid object.
WARNING: [Vivado 12-584] No ports matched 'trigger_pulse_c'. [S:/echo/echo/src/constraints.xdc:96]
CRITICAL WARNING: [Common 17-55] 'set_property' expects at least one object. [S:/echo/echo/src/constraints.xdc:96]
Resolution: If [get_<value>] was used to populate the object, check to make sure this command returns at least one valid object.
WARNING: [Vivado 12-584] No ports matched 'trigger_pulse_c'. [S:/echo/echo/src/constraints.xdc:97]
CRITICAL WARNING: [Common 17-55] 'set_property' expects at least one object. [S:/echo/echo/src/constraints.xdc:97]
Resolution: If [get_<value>] was used to populate the object, check to make sure this command returns at least one valid object.
WARNING: [Vivado 12-584] No ports matched 'echo_pulse_c'. [S:/echo/echo/src/constraints.xdc:99]
CRITICAL WARNING: [Common 17-55] 'set_property' expects at least one object. [S:/echo/echo/src/constraints.xdc:99]
Resolution: If [get_<value>] was used to populate the object, check to make sure this command returns at least one valid object.
WARNING: [Vivado 12-584] No ports matched 'echo_pulse_c'. [S:/echo/echo/src/constraints.xdc:100]
CRITICAL WARNING: [Common 17-55] 'set_property' expects at least one object. [S:/echo/echo/src/constraints.xdc:100]
Resolution: If [get_<value>] was used to populate the object, check to make sure this command returns at least one valid object.
WARNING: [Vivado 12-584] No ports matched 'mpu9250_1_scl_io'. [S:/echo/echo/src/constraints.xdc:106]
CRITICAL WARNING: [Common 17-55] 'set_property' expects at least one object. [S:/echo/echo/src/constraints.xdc:106]
Resolution: If [get_<value>] was used to populate the object, check to make sure this command returns at least one valid object.
WARNING: [Vivado 12-584] No ports matched 'mpu9250_1_scl_io'. [S:/echo/echo/src/constraints.xdc:107]
CRITICAL WARNING: [Common 17-55] 'set_property' expects at least one object. [S:/echo/echo/src/constraints.xdc:107]
Resolution: If [get_<value>] was used to populate the object, check to make sure this command returns at least one valid object.
WARNING: [Vivado 12-584] No ports matched 'mpu9250_1_sda_io'. [S:/echo/echo/src/constraints.xdc:109]
CRITICAL WARNING: [Common 17-55] 'set_property' expects at least one object. [S:/echo/echo/src/constraints.xdc:109]
Resolution: If [get_<value>] was used to populate the object, check to make sure this command returns at least one valid object.
WARNING: [Vivado 12-584] No ports matched 'mpu9250_1_sda_io'. [S:/echo/echo/src/constraints.xdc:110]
CRITICAL WARNING: [Common 17-55] 'set_property' expects at least one object. [S:/echo/echo/src/constraints.xdc:110]
Resolution: If [get_<value>] was used to populate the object, check to make sure this command returns at least one valid object.
WARNING: [Vivado 12-584] No ports matched 'mpu9250_2_scl_io'. [S:/echo/echo/src/constraints.xdc:113]
CRITICAL WARNING: [Common 17-55] 'set_property' expects at least one object. [S:/echo/echo/src/constraints.xdc:113]
Resolution: If [get_<value>] was used to populate the object, check to make sure this command returns at least one valid object.
WARNING: [Vivado 12-584] No ports matched 'mpu9250_2_scl_io'. [S:/echo/echo/src/constraints.xdc:114]
CRITICAL WARNING: [Common 17-55] 'set_property' expects at least one object. [S:/echo/echo/src/constraints.xdc:114]
Resolution: If [get_<value>] was used to populate the object, check to make sure this command returns at least one valid object.
WARNING: [Vivado 12-584] No ports matched 'mpu9250_2_sda_io'. [S:/echo/echo/src/constraints.xdc:116]
CRITICAL WARNING: [Common 17-55] 'set_property' expects at least one object. [S:/echo/echo/src/constraints.xdc:116]
Resolution: If [get_<value>] was used to populate the object, check to make sure this command returns at least one valid object.
WARNING: [Vivado 12-584] No ports matched 'mpu9250_2_sda_io'. [S:/echo/echo/src/constraints.xdc:117]
CRITICAL WARNING: [Common 17-55] 'set_property' expects at least one object. [S:/echo/echo/src/constraints.xdc:117]
Resolution: If [get_<value>] was used to populate the object, check to make sure this command returns at least one valid object.
WARNING: [Vivado 12-584] No ports matched 'RECEIVER'. [S:/echo/echo/src/constraints.xdc:122]
CRITICAL WARNING: [Common 17-55] 'set_property' expects at least one object. [S:/echo/echo/src/constraints.xdc:122]
Resolution: If [get_<value>] was used to populate the object, check to make sure this command returns at least one valid object.
WARNING: [Vivado 12-584] No ports matched 'RECEIVER'. [S:/echo/echo/src/constraints.xdc:123]
CRITICAL WARNING: [Common 17-55] 'set_property' expects at least one object. [S:/echo/echo/src/constraints.xdc:123]
Resolution: If [get_<value>] was used to populate the object, check to make sure this command returns at least one valid object.
Finished Parsing XDC File [S:/echo/echo/src/constraints.xdc]
INFO: [Opt 31-138] Pushed 0 inverter(s) to 0 load pin(s).
INFO: [Project 1-111] Unisim Transformation Summary:
No Unisim elements were transformed.

link_design: Time (s): cpu = 00:00:07 ; elapsed = 00:00:18 . Memory (MB): peak = 584.184 ; gain = 295.137
Command: opt_design
Attempting to get a license for feature 'Implementation' and/or device 'xc7z010-clg400'
INFO: [Common 17-349] Got license for feature 'Implementation' and/or device 'xc7z010-clg400'
Running DRC as a precondition to command opt_design

Starting DRC Task
Command: report_drc (run_mandatory_drcs) for: opt_checks
INFO: [DRC 23-27] Running DRC with 2 threads
report_drc (run_mandatory_drcs) completed successfully
INFO: [Project 1-461] DRC finished with 0 Errors
INFO: [Project 1-462] Please refer to the DRC report (report_drc) for more information.

Time (s): cpu = 00:00:00 ; elapsed = 00:00:00.388 . Memory (MB): peak = 593.828 ; gain = 9.645
INFO: [Timing 38-35] Done setting XDC timing constraints.

Starting Logic Optimization Task

Phase 1 Retarget
INFO: [Opt 31-138] Pushed 0 inverter(s) to 0 load pin(s).
INFO: [Opt 31-49] Retargeted 0 cell(s).
Phase 1 Retarget | Checksum: 199a9e859

Time (s): cpu = 00:00:01 ; elapsed = 00:00:00.242 . Memory (MB): peak = 1086.227 ; gain = 0.000
INFO: [Opt 31-389] Phase Retarget created 0 cells and removed 361 cells

Phase 2 Constant propagation
INFO: [Opt 31-138] Pushed 0 inverter(s) to 0 load pin(s).
Phase 2 Constant propagation | Checksum: 20f254629

Time (s): cpu = 00:00:01 ; elapsed = 00:00:00.378 . Memory (MB): peak = 1086.227 ; gain = 0.000
INFO: [Opt 31-389] Phase Constant propagation created 17 cells and removed 72 cells

Phase 3 Sweep
Phase 3 Sweep | Checksum: 1744e2418

Time (s): cpu = 00:00:01 ; elapsed = 00:00:00.850 . Memory (MB): peak = 1086.227 ; gain = 0.000
INFO: [Opt 31-389] Phase Sweep created 0 cells and removed 1202 cells

Phase 4 BUFG optimization
Phase 4 BUFG optimization | Checksum: 1744e2418

Time (s): cpu = 00:00:01 ; elapsed = 00:00:00.923 . Memory (MB): peak = 1086.227 ; gain = 0.000
INFO: [Opt 31-389] Phase BUFG optimization created 0 cells and removed 0 cells

Phase 5 Shift Register Optimization
Phase 5 Shift Register Optimization | Checksum: 1744e2418

Time (s): cpu = 00:00:01 ; elapsed = 00:00:00.940 . Memory (MB): peak = 1086.227 ; gain = 0.000
INFO: [Opt 31-389] Phase Shift Register Optimization created 0 cells and removed 0 cells

Starting Connectivity Check Task

Time (s): cpu = 00:00:00 ; elapsed = 00:00:00.008 . Memory (MB): peak = 1086.227 ; gain = 0.000
Ending Logic Optimization Task | Checksum: 1744e2418

Time (s): cpu = 00:00:01 ; elapsed = 00:00:00.964 . Memory (MB): peak = 1086.227 ; gain = 0.000

Starting Power Optimization Task
INFO: [Pwropt 34-132] Skipping clock gating for clocks with a period < 2.00 ns.
Ending Power Optimization Task | Checksum: 12b29d21c

Time (s): cpu = 00:00:00 ; elapsed = 00:00:00.013 . Memory (MB): peak = 1086.227 ; gain = 0.000
42 Infos, 52 Warnings, 50 Critical Warnings and 0 Errors encountered.
opt_design completed successfully
opt_design: Time (s): cpu = 00:00:12 ; elapsed = 00:00:11 . Memory (MB): peak = 1086.227 ; gain = 502.043
Writing placer database...
Writing XDEF routing.
Writing XDEF routing logical nets.
Writing XDEF routing special nets.
Write XDEF Complete: Time (s): cpu = 00:00:00 ; elapsed = 00:00:00.382 . Memory (MB): peak = 1086.227 ; gain = 0.000
INFO: [Common 17-1381] The checkpoint 'S:/echo/echo/project/echo.runs/impl_1/design_1_wrapper_opt.dcp' has been generated.
Command: report_drc -file design_1_wrapper_drc_opted.rpt
INFO: [DRC 23-27] Running DRC with 2 threads
INFO: [Coretcl 2-168] The results of DRC are in file S:/echo/echo/project/echo.runs/impl_1/design_1_wrapper_drc_opted.rpt.
report_drc completed successfully
INFO: [Chipscope 16-241] No debug cores found in the current design.
Before running the implement_debug_core command, either use the Set Up Debug wizard (GUI mode)
or use the create_debug_core and connect_debug_core Tcl commands to insert debug cores into the design.
Command: place_design
Attempting to get a license for feature 'Implementation' and/or device 'xc7z010-clg400'
INFO: [Common 17-349] Got license for feature 'Implementation' and/or device 'xc7z010-clg400'
Command: report_drc (run_mandatory_drcs) for: incr_eco_checks
INFO: [DRC 23-27] Running DRC with 2 threads
report_drc (run_mandatory_drcs) completed successfully
INFO: [Vivado_Tcl 4-198] DRC finished with 0 Errors
INFO: [Vivado_Tcl 4-199] Please refer to the DRC report (report_drc) for more information.
Running DRC as a precondition to command place_design
Command: report_drc (run_mandatory_drcs) for: placer_checks
INFO: [DRC 23-27] Running DRC with 2 threads
report_drc (run_mandatory_drcs) completed successfully
INFO: [Vivado_Tcl 4-198] DRC finished with 0 Errors
INFO: [Vivado_Tcl 4-199] Please refer to the DRC report (report_drc) for more information.

Starting Placer Task
INFO: [Place 30-611] Multithreading enabled for place_design using a maximum of 2 CPUs

Phase 1 Placer Initialization

Phase 1.1 Placer Initialization Netlist Sorting
Netlist sorting complete. Time (s): cpu = 00:00:00 ; elapsed = 00:00:00.005 . Memory (MB): peak = 1086.227 ; gain = 0.000
Phase 1.1 Placer Initialization Netlist Sorting | Checksum: f35f755b

Time (s): cpu = 00:00:00 ; elapsed = 00:00:00.016 . Memory (MB): peak = 1086.227 ; gain = 0.000
INFO: [Timing 38-35] Done setting XDC timing constraints.
INFO: [Opt 31-138] Pushed 0 inverter(s) to 0 load pin(s).
Netlist sorting complete. Time (s): cpu = 00:00:00 ; elapsed = 00:00:00.005 . Memory (MB): peak = 1086.227 ; gain = 0.000

Phase 1.2 IO Placement/ Clock Placement/ Build Placer Device
INFO: [Timing 38-35] Done setting XDC timing constraints.
Phase 1.2 IO Placement/ Clock Placement/ Build Placer Device | Checksum: cf61e132

Time (s): cpu = 00:00:02 ; elapsed = 00:00:02 . Memory (MB): peak = 1086.227 ; gain = 0.000

Phase 1.3 Build Placer Netlist Model
Phase 1.3 Build Placer Netlist Model | Checksum: 14802ca03

Time (s): cpu = 00:00:02 ; elapsed = 00:00:02 . Memory (MB): peak = 1086.227 ; gain = 0.000

Phase 1.4 Constrain Clocks/Macros
Phase 1.4 Constrain Clocks/Macros | Checksum: 14802ca03

Time (s): cpu = 00:00:02 ; elapsed = 00:00:02 . Memory (MB): peak = 1086.227 ; gain = 0.000
Phase 1 Placer Initialization | Checksum: 14802ca03

Time (s): cpu = 00:00:02 ; elapsed = 00:00:02 . Memory (MB): peak = 1086.227 ; gain = 0.000

Phase 2 Global Placement
Phase 2 Global Placement | Checksum: ee6f45b9

Time (s): cpu = 00:00:04 ; elapsed = 00:00:03 . Memory (MB): peak = 1086.227 ; gain = 0.000

Phase 3 Detail Placement

Phase 3.1 Commit Multi Column Macros
Phase 3.1 Commit Multi Column Macros | Checksum: ee6f45b9

Time (s): cpu = 00:00:04 ; elapsed = 00:00:03 . Memory (MB): peak = 1086.227 ; gain = 0.000

Phase 3.2 Commit Most Macros & LUTRAMs
Phase 3.2 Commit Most Macros & LUTRAMs | Checksum: 117511418

Time (s): cpu = 00:00:04 ; elapsed = 00:00:03 . Memory (MB): peak = 1086.227 ; gain = 0.000

Phase 3.3 Area Swap Optimization
Phase 3.3 Area Swap Optimization | Checksum: 1a35a60c9

Time (s): cpu = 00:00:04 ; elapsed = 00:00:03 . Memory (MB): peak = 1086.227 ; gain = 0.000

Phase 3.4 Pipeline Register Optimization
Phase 3.4 Pipeline Register Optimization | Checksum: 1a35a60c9

Time (s): cpu = 00:00:04 ; elapsed = 00:00:03 . Memory (MB): peak = 1086.227 ; gain = 0.000

Phase 3.5 Timing Path Optimizer
Phase 3.5 Timing Path Optimizer | Checksum: 144ad82f8

Time (s): cpu = 00:00:04 ; elapsed = 00:00:03 . Memory (MB): peak = 1086.227 ; gain = 0.000

Phase 3.6 Small Shape Detail Placement
Phase 3.6 Small Shape Detail Placement | Checksum: 14d67dcc0

Time (s): cpu = 00:00:05 ; elapsed = 00:00:04 . Memory (MB): peak = 1086.227 ; gain = 0.000

Phase 3.7 Re-assign LUT pins
Phase 3.7 Re-assign LUT pins | Checksum: 17c7609f4

Time (s): cpu = 00:00:05 ; elapsed = 00:00:04 . Memory (MB): peak = 1086.227 ; gain = 0.000

Phase 3.8 Pipeline Register Optimization
Phase 3.8 Pipeline Register Optimization | Checksum: 17c7609f4

Time (s): cpu = 00:00:05 ; elapsed = 00:00:04 . Memory (MB): peak = 1086.227 ; gain = 0.000
Phase 3 Detail Placement | Checksum: 17c7609f4

Time (s): cpu = 00:00:05 ; elapsed = 00:00:04 . Memory (MB): peak = 1086.227 ; gain = 0.000

Phase 4 Post Placement Optimization and Clean-Up

Phase 4.1 Post Commit Optimization
INFO: [Timing 38-35] Done setting XDC timing constraints.

Phase 4.1.1 Post Placement Optimization
Post Placement Optimization Initialization | Checksum: 239014382

Phase 4.1.1.1 BUFG Insertion
INFO: [Physopt 32-721] Multithreading enabled for phys_opt_design using a maximum of 2 CPUs
INFO: [Place 46-41] BUFG insertion identified 0 candidate nets, 0 success, 0 skipped for placement/routing, 0 skipped for timing, 0 skipped for netlist change reason.
Phase 4.1.1.1 BUFG Insertion | Checksum: 239014382

Time (s): cpu = 00:00:06 ; elapsed = 00:00:04 . Memory (MB): peak = 1091.734 ; gain = 5.508
INFO: [Place 30-746] Post Placement Timing Summary WNS=13.673. For the most accurate timing information please run report_timing.
Phase 4.1.1 Post Placement Optimization | Checksum: 20187233e

Time (s): cpu = 00:00:06 ; elapsed = 00:00:04 . Memory (MB): peak = 1091.734 ; gain = 5.508
Phase 4.1 Post Commit Optimization | Checksum: 20187233e

Time (s): cpu = 00:00:06 ; elapsed = 00:00:04 . Memory (MB): peak = 1091.734 ; gain = 5.508

Phase 4.2 Post Placement Cleanup
Phase 4.2 Post Placement Cleanup | Checksum: 20187233e

Time (s): cpu = 00:00:06 ; elapsed = 00:00:04 . Memory (MB): peak = 1091.734 ; gain = 5.508

Phase 4.3 Placer Reporting
Phase 4.3 Placer Reporting | Checksum: 20187233e

Time (s): cpu = 00:00:06 ; elapsed = 00:00:04 . Memory (MB): peak = 1091.734 ; gain = 5.508

Phase 4.4 Final Placement Cleanup
Phase 4.4 Final Placement Cleanup | Checksum: 1b3f67fdc

Time (s): cpu = 00:00:06 ; elapsed = 00:00:04 . Memory (MB): peak = 1091.734 ; gain = 5.508
Phase 4 Post Placement Optimization and Clean-Up | Checksum: 1b3f67fdc

Time (s): cpu = 00:00:06 ; elapsed = 00:00:04 . Memory (MB): peak = 1091.734 ; gain = 5.508
Ending Placer Task | Checksum: 1449aa57f

Time (s): cpu = 00:00:06 ; elapsed = 00:00:04 . Memory (MB): peak = 1091.734 ; gain = 5.508
61 Infos, 52 Warnings, 50 Critical Warnings and 0 Errors encountered.
place_design completed successfully
place_design: Time (s): cpu = 00:00:08 ; elapsed = 00:00:06 . Memory (MB): peak = 1091.734 ; gain = 5.508
Writing placer database...
Writing XDEF routing.
Writing XDEF routing logical nets.
Writing XDEF routing special nets.
Write XDEF Complete: Time (s): cpu = 00:00:01 ; elapsed = 00:00:01 . Memory (MB): peak = 1095.738 ; gain = 4.004
INFO: [Common 17-1381] The checkpoint 'S:/echo/echo/project/echo.runs/impl_1/design_1_wrapper_placed.dcp' has been generated.
report_io: Time (s): cpu = 00:00:00 ; elapsed = 00:00:00.058 . Memory (MB): peak = 1097.684 ; gain = 1.945
report_utilization: Time (s): cpu = 00:00:00 ; elapsed = 00:00:00.042 . Memory (MB): peak = 1097.684 ; gain = 0.000
report_control_sets: Time (s): cpu = 00:00:00 ; elapsed = 00:00:00.016 . Memory (MB): peak = 1097.684 ; gain = 0.000
Command: route_design
Attempting to get a license for feature 'Implementation' and/or device 'xc7z010-clg400'
INFO: [Common 17-349] Got license for feature 'Implementation' and/or device 'xc7z010-clg400'
Running DRC as a precondition to command route_design
Command: report_drc (run_mandatory_drcs) for: router_checks
INFO: [DRC 23-27] Running DRC with 2 threads
report_drc (run_mandatory_drcs) completed successfully
INFO: [Vivado_Tcl 4-198] DRC finished with 0 Errors
INFO: [Vivado_Tcl 4-199] Please refer to the DRC report (report_drc) for more information.


Starting Routing Task
INFO: [Route 35-254] Multithreading enabled for route_design using a maximum of 2 CPUs
Checksum: PlaceDB: ebf65e8c ConstDB: 0 ShapeSum: 58a446f3 RouteDB: 0

Phase 1 Build RT Design
Phase 1 Build RT Design | Checksum: 1385f2f31

Time (s): cpu = 00:00:10 ; elapsed = 00:00:08 . Memory (MB): peak = 1179.563 ; gain = 81.879

Phase 2 Router Initialization

Phase 2.1 Create Timer
Phase 2.1 Create Timer | Checksum: 1385f2f31

Time (s): cpu = 00:00:10 ; elapsed = 00:00:08 . Memory (MB): peak = 1179.563 ; gain = 81.879

Phase 2.2 Fix Topology Constraints
Phase 2.2 Fix Topology Constraints | Checksum: 1385f2f31

Time (s): cpu = 00:00:10 ; elapsed = 00:00:08 . Memory (MB): peak = 1179.563 ; gain = 81.879

Phase 2.3 Pre Route Cleanup
Phase 2.3 Pre Route Cleanup | Checksum: 1385f2f31

Time (s): cpu = 00:00:10 ; elapsed = 00:00:08 . Memory (MB): peak = 1179.563 ; gain = 81.879
 Number of Nodes with overlaps = 0

Phase 2.4 Update Timing
Phase 2.4 Update Timing | Checksum: 1b016b5e6

Time (s): cpu = 00:00:11 ; elapsed = 00:00:09 . Memory (MB): peak = 1179.563 ; gain = 81.879
INFO: [Route 35-416] Intermediate Timing Summary | WNS=13.709 | TNS=0.000  | WHS=-0.156 | THS=-23.143|

Phase 2 Router Initialization | Checksum: 1c8991ffb

Time (s): cpu = 00:00:11 ; elapsed = 00:00:09 . Memory (MB): peak = 1179.563 ; gain = 81.879

Phase 3 Initial Routing
Phase 3 Initial Routing | Checksum: d85d3c92

Time (s): cpu = 00:00:11 ; elapsed = 00:00:09 . Memory (MB): peak = 1179.563 ; gain = 81.879

Phase 4 Rip-up And Reroute

Phase 4.1 Global Iteration 0
 Number of Nodes with overlaps = 133
 Number of Nodes with overlaps = 0
INFO: [Route 35-416] Intermediate Timing Summary | WNS=12.327 | TNS=0.000  | WHS=N/A    | THS=N/A    |

Phase 4.1 Global Iteration 0 | Checksum: 1afeadee3

Time (s): cpu = 00:00:12 ; elapsed = 00:00:10 . Memory (MB): peak = 1179.563 ; gain = 81.879

Phase 4.2 Global Iteration 1
 Number of Nodes with overlaps = 2
 Number of Nodes with overlaps = 0
INFO: [Route 35-416] Intermediate Timing Summary | WNS=12.327 | TNS=0.000  | WHS=N/A    | THS=N/A    |

Phase 4.2 Global Iteration 1 | Checksum: 21010d651

Time (s): cpu = 00:00:12 ; elapsed = 00:00:10 . Memory (MB): peak = 1179.563 ; gain = 81.879
Phase 4 Rip-up And Reroute | Checksum: 21010d651

Time (s): cpu = 00:00:12 ; elapsed = 00:00:10 . Memory (MB): peak = 1179.563 ; gain = 81.879

Phase 5 Delay and Skew Optimization

Phase 5.1 Delay CleanUp
Phase 5.1 Delay CleanUp | Checksum: 21010d651

Time (s): cpu = 00:00:12 ; elapsed = 00:00:10 . Memory (MB): peak = 1179.563 ; gain = 81.879

Phase 5.2 Clock Skew Optimization
Phase 5.2 Clock Skew Optimization | Checksum: 21010d651

Time (s): cpu = 00:00:12 ; elapsed = 00:00:10 . Memory (MB): peak = 1179.563 ; gain = 81.879
Phase 5 Delay and Skew Optimization | Checksum: 21010d651

Time (s): cpu = 00:00:12 ; elapsed = 00:00:10 . Memory (MB): peak = 1179.563 ; gain = 81.879

Phase 6 Post Hold Fix

Phase 6.1 Hold Fix Iter

Phase 6.1.1 Update Timing
Phase 6.1.1 Update Timing | Checksum: 25e5f7419

Time (s): cpu = 00:00:12 ; elapsed = 00:00:10 . Memory (MB): peak = 1179.563 ; gain = 81.879
INFO: [Route 35-416] Intermediate Timing Summary | WNS=12.442 | TNS=0.000  | WHS=0.029  | THS=0.000  |

Phase 6.1 Hold Fix Iter | Checksum: 2326c571d

Time (s): cpu = 00:00:12 ; elapsed = 00:00:10 . Memory (MB): peak = 1179.563 ; gain = 81.879
Phase 6 Post Hold Fix | Checksum: 2326c571d

Time (s): cpu = 00:00:12 ; elapsed = 00:00:10 . Memory (MB): peak = 1179.563 ; gain = 81.879

Phase 7 Route finalize

Router Utilization Summary
  Global Vertical Routing Utilization    = 0.871903 %
  Global Horizontal Routing Utilization  = 1.12638 %
  Routable Net Status*
  *Does not include unroutable nets such as driverless and loadless.
  Run report_route_status for detailed report.
  Number of Failed Nets               = 0
  Number of Unrouted Nets             = 0
  Number of Partially Routed Nets     = 0
  Number of Node Overlaps             = 0

Phase 7 Route finalize | Checksum: 1e78552d9

Time (s): cpu = 00:00:12 ; elapsed = 00:00:10 . Memory (MB): peak = 1179.563 ; gain = 81.879

Phase 8 Verifying routed nets

 Verification completed successfully
Phase 8 Verifying routed nets | Checksum: 1e78552d9

Time (s): cpu = 00:00:12 ; elapsed = 00:00:10 . Memory (MB): peak = 1179.563 ; gain = 81.879

Phase 9 Depositing Routes
Phase 9 Depositing Routes | Checksum: 1e271298e

Time (s): cpu = 00:00:12 ; elapsed = 00:00:10 . Memory (MB): peak = 1179.563 ; gain = 81.879

Phase 10 Post Router Timing
INFO: [Route 35-57] Estimated Timing Summary | WNS=12.442 | TNS=0.000  | WHS=0.029  | THS=0.000  |

INFO: [Route 35-327] The final timing numbers are based on the router estimated timing analysis. For a complete and accurate timing signoff, please run report_timing_summary.
Phase 10 Post Router Timing | Checksum: 1e271298e

Time (s): cpu = 00:00:12 ; elapsed = 00:00:10 . Memory (MB): peak = 1179.563 ; gain = 81.879
INFO: [Route 35-16] Router Completed Successfully

Time (s): cpu = 00:00:12 ; elapsed = 00:00:10 . Memory (MB): peak = 1179.563 ; gain = 81.879

Routing Is Done.
74 Infos, 52 Warnings, 50 Critical Warnings and 0 Errors encountered.
route_design completed successfully
route_design: Time (s): cpu = 00:00:14 ; elapsed = 00:00:11 . Memory (MB): peak = 1179.563 ; gain = 81.879
Writing placer database...
Writing XDEF routing.
Writing XDEF routing logical nets.
Writing XDEF routing special nets.
Write XDEF Complete: Time (s): cpu = 00:00:01 ; elapsed = 00:00:01 . Memory (MB): peak = 1179.563 ; gain = 0.000
INFO: [Common 17-1381] The checkpoint 'S:/echo/echo/project/echo.runs/impl_1/design_1_wrapper_routed.dcp' has been generated.
Command: report_drc -file design_1_wrapper_drc_routed.rpt -pb design_1_wrapper_drc_routed.pb -rpx design_1_wrapper_drc_routed.rpx
INFO: [DRC 23-27] Running DRC with 2 threads
INFO: [Coretcl 2-168] The results of DRC are in file S:/echo/echo/project/echo.runs/impl_1/design_1_wrapper_drc_routed.rpt.
report_drc completed successfully
Command: report_methodology -file design_1_wrapper_methodology_drc_routed.rpt -rpx design_1_wrapper_methodology_drc_routed.rpx
INFO: [Timing 38-35] Done setting XDC timing constraints.
INFO: [DRC 23-133] Running Methodology with 2 threads
INFO: [Coretcl 2-1520] The results of Report Methodology are in file S:/echo/echo/project/echo.runs/impl_1/design_1_wrapper_methodology_drc_routed.rpt.
report_methodology completed successfully
Command: report_power -file design_1_wrapper_power_routed.rpt -pb design_1_wrapper_power_summary_routed.pb -rpx design_1_wrapper_power_routed.rpx
INFO: [Timing 38-35] Done setting XDC timing constraints.
Running Vector-less Activity Propagation...

Finished Running Vector-less Activity Propagation
WARNING: [Power 33-332] Found switching activity that implies high-fanout reset nets being asserted for excessive periods of time which may result in inaccurate power analysis.
Resolution: To review and fix problems, please run Power Constraints Advisor in the GUI from Tools > Power Constraints Advisor or run report_power with the -advisory option to generate a text report.
81 Infos, 53 Warnings, 50 Critical Warnings and 0 Errors encountered.
report_power completed successfully
INFO: [Timing 38-91] UpdateTimingParams: Speed grade: -1, Delay Type: min_max.
INFO: [Timing 38-191] Multithreading enabled for timing update using a maximum of 2 CPUs
INFO: [Common 17-206] Exiting Vivado at Thu Apr 12 19:38:01 2018...
