0001_0018_0057_0031_0031.jpg 1 18 57 31 31
0002_0037_0030_0055_0055.jpg 1 37 30 55 55
0003_0005_0013_0059_0059.jpg 1 5 13 59 59
0004_0008_0028_0066_0066.jpg 1 8 28 66 66
0005_0029_0007_0045_0045.jpg 1 29 7 45 45
0006_0004_0019_0056_0056.jpg 1 4 19 56 56
0007_0010_0007_0045_0045.jpg 1 10 7 45 45
0008_0003_0030_0061_0061.jpg 1 3 30 61 61
0009_0011_0013_0066_0066.jpg 1 11 13 66 66
0010_0046_0007_0043_0043.jpg 1 46 7 43 43
0011_0016_0043_0034_0034.jpg 1 16 43 34 34
0012_0022_0011_0060_0060.jpg 1 22 11 60 60
0013_0034_0009_0032_0032.jpg 1 34 9 32 32
0014_0016_0013_0065_0065.jpg 1 16 13 65 65
0015_0014_0019_0065_0065.jpg 1 14 19 65 65
0016_0013_0048_0032_0032.jpg 1 13 48 32 32
0017_0037_0020_0057_0057.jpg 1 37 20 57 57
0018_0015_0046_0041_0041.jpg 1 15 46 41 41
0019_0038_0036_0051_0051.jpg 1 38 36 51 51
0020_0024_0039_0047_0047.jpg 1 24 39 47 47
0021_0037_0022_0058_0058.jpg 1 37 22 58 58
0022_0048_0021_0039_0039.jpg 1 48 21 39 39
0023_0053_0031_0038_0038.jpg 1 53 31 38 38
0024_0048_0028_0040_0040.jpg 1 48 28 40 40
0025_0051_0008_0042_0042.jpg 1 51 8 42 42
0026_0030_0029_0031_0031.jpg 1 30 29 31 31
0027_0032_0028_0035_0035.jpg 1 32 28 35 35
0028_0013_0025_0040_0040.jpg 1 13 25 40 40
0029_0046_0055_0028_0028.jpg 1 46 55 28 28
0030_0043_0010_0034_0034.jpg 1 43 10 34 34
0031_0032_0041_0048_0048.jpg 1 32 41 48 48
0032_0017_0032_0056_0056.jpg 1 17 32 56 56
0033_0034_0025_0041_0041.jpg 1 34 25 41 41
0034_0025_0056_0031_0031.jpg 1 25 56 31 31
0035_0008_0045_0049_0049.jpg 1 8 45 49 49
0036_0010_0017_0059_0059.jpg 1 10 17 59 59
0037_0005_0026_0067_0067.jpg 1 5 26 67 67
0038_0035_0044_0042_0042.jpg 1 35 44 42 42
0039_0036_0015_0056_0056.jpg 1 36 15 56 56
0040_0039_0031_0031_0031.jpg 1 39 31 31 31
0041_0037_0043_0042_0042.jpg 1 37 43 42 42
0042_0038_0042_0029_0029.jpg 1 38 42 29 29
0043_0024_0036_0049_0049.jpg 1 24 36 49 49
0044_0062_0022_0026_0026.jpg 1 62 22 26 26
0045_0036_0049_0034_0034.jpg 1 36 49 34 34
0046_0022_0006_0065_0065.jpg 1 22 6 65 65
0047_0026_0028_0054_0054.jpg 1 26 28 54 54
0048_0050_0036_0034_0034.jpg 1 50 36 34 34
0049_0011_0031_0057_0057.jpg 1 11 31 57 57
0050_0016_0029_0043_0043.jpg 1 16 29 43 43
0051_0007_0013_0056_0056.jpg 1 7 13 56 56
0052_0007_0018_0049_0049.jpg 1 7 18 49 49
0053_0022_0022_0063_0063.jpg 1 22 22 63 63
0054_0029_0027_0056_0056.jpg 1 29 27 56 56
0055_0060_0029_0026_0026.jpg 1 60 29 26 26
0056_0009_0018_0066_0066.jpg 1 9 18 66 66
0057_0011_0032_0052_0052.jpg 1 11 32 52 52
0058_0035_0008_0056_0056.jpg 1 35 8 56 56
0059_0056_0016_0026_0026.jpg 1 56 16 26 26
0060_0033_0009_0054_0054.jpg 1 33 9 54 54
0061_0005_0008_0056_0056.jpg 1 5 8 56 56
0062_0012_0030_0032_0032.jpg 1 12 30 32 32
0063_0008_0006_0065_0065.jpg 1 8 6 65 65
0064_0026_0025_0066_0066.jpg 1 26 25 66 66
0065_0031_0030_0046_0046.jpg 1 31 30 46 46
0066_0010_0027_0040_0040.jpg 1 10 27 40 40
0067_0035_0042_0033_0033.jpg 1 35 42 33 33
0068_0014_0011_0069_0069.jpg 1 14 11 69 69
0069_0018_0043_0041_0041.jpg 1 18 43 41 41
0070_0051_0016_0033_0033.jpg 1 51 16 33 33
0071_0005_0011_0050_0050.jpg 1 5 11 50 50
0072_0021_0045_0032_0032.jpg 1 21 45 32 32
0073_0020_0009_0031_0031.jpg 1 20 9 31 31
0074_0007_0026_0025_0025.jpg 1 7 26 25 25
0075_0013_0019_0030_0030.jpg 1 13 19 30 30
0076_0015_0012_0047_0047.jpg 1 15 12 47 47
0077_0017_0035_0055_0055.jpg 1 17 35 55 55
0078_0008_0058_0025_0025.jpg 1 8 58 25 25
0079_0027_0015_0055_0055.jpg 1 27 15 55 55
0080_0005_0004_0055_0055.jpg 1 5 4 55 55
0081_0021_0006_0064_0064.jpg 1 21 6 64 64
0082_0019_0004_0066_0066.jpg 1 19 4 66 66
0083_0029_0022_0063_0063.jpg 1 29 22 63 63
0084_0028_0032_0037_0037.jpg 1 28 32 37 37
0085_0025_0007_0067_0067.jpg 1 25 7 67 67
0086_0030_0012_0066_0066.jpg 1 30 12 66 66
0087_0030_0028_0025_0025.jpg 1 30 28 25 25
0088_0038_0059_0024_0024.jpg 1 38 59 24 24
0089_0010_0028_0062_0062.jpg 1 10 28 62 62
0090_0038_0015_0050_0050.jpg 1 38 15 50 50
0091_0011_0045_0040_0040.jpg 1 11 45 40 40
0092_0017_0004_0052_0052.jpg 1 17 4 52 52
0093_0013_0039_0027_0027.jpg 1 13 39 27 27
0094_0048_0059_0029_0029.jpg 1 48 59 29 29
0095_0011_0025_0066_0066.jpg 1 11 25 66 66
0096_0042_0037_0026_0026.jpg 1 42 37 26 26
0097_0014_0011_0049_0049.jpg 1 14 11 49 49
0098_0008_0015_0052_0052.jpg 1 8 15 52 52
0099_0005_0041_0052_0052.jpg 1 5 41 52 52
0100_0006_0030_0062_0062.jpg 1 6 30 62 62
0101_0033_0041_0032_0032.jpg 1 33 41 32 32
0102_0040_0055_0025_0025.jpg 1 40 55 25 25
0103_0038_0025_0055_0055.jpg 1 38 25 55 55
0104_0006_0021_0061_0061.jpg 1 6 21 61 61
0105_0035_0033_0028_0028.jpg 1 35 33 28 28
0106_0051_0042_0030_0030.jpg 1 51 42 30 30
0107_0021_0025_0069_0069.jpg 1 21 25 69 69
0108_0004_0014_0061_0061.jpg 1 4 14 61 61
0109_0034_0036_0050_0050.jpg 1 34 36 50 50
0110_0042_0047_0045_0045.jpg 1 42 47 45 45
0111_0016_0010_0062_0062.jpg 1 16 10 62 62
0112_0020_0008_0058_0058.jpg 1 20 8 58 58
0113_0049_0040_0042_0042.jpg 1 49 40 42 42
0114_0012_0025_0043_0043.jpg 1 12 25 43 43
0115_0020_0031_0062_0062.jpg 1 20 31 62 62
0116_0029_0024_0064_0064.jpg 1 29 24 64 64
0117_0017_0043_0025_0025.jpg 1 17 43 25 25
0118_0041_0036_0033_0033.jpg 1 41 36 33 33
0119_0039_0008_0035_0035.jpg 1 39 8 35 35
0120_0010_0006_0056_0056.jpg 1 10 6 56 56
0121_0023_0014_0034_0034.jpg 1 23 14 34 34
0122_0020_0018_0063_0063.jpg 1 20 18 63 63
0123_0035_0016_0032_0032.jpg 1 35 16 32 32
0124_0007_0048_0028_0028.jpg 1 7 48 28 28
0125_0023_0019_0035_0035.jpg 1 23 19 35 35
0126_0041_0062_0030_0030.jpg 1 41 62 30 30
0127_0020_0026_0066_0066.jpg 1 20 26 66 66
0128_0034_0007_0034_0034.jpg 1 34 7 34 34
0129_0021_0037_0056_0056.jpg 1 21 37 56 56
0130_0021_0043_0035_0035.jpg 1 21 43 35 35
0131_0009_0020_0049_0049.jpg 1 9 20 49 49
0132_0012_0061_0029_0029.jpg 1 12 61 29 29
0133_0012_0017_0045_0045.jpg 1 12 17 45 45
0134_0006_0007_0060_0060.jpg 1 6 7 60 60
0135_0034_0017_0035_0035.jpg 1 34 17 35 35
0136_0018_0027_0042_0042.jpg 1 18 27 42 42
0137_0036_0025_0041_0041.jpg 1 36 25 41 41
0138_0005_0041_0053_0053.jpg 1 5 41 53 53
0139_0017_0025_0035_0035.jpg 1 17 25 35 35
0140_0022_0027_0054_0054.jpg 1 22 27 54 54
0141_0019_0004_0061_0061.jpg 1 19 4 61 61
0142_0011_0019_0049_0049.jpg 1 11 19 49 49
0143_0004_0016_0062_0062.jpg 1 4 16 62 62
0144_0023_0030_0044_0044.jpg 1 23 30 44 44
0145_0022_0016_0063_0063.jpg 1 22 16 63 63
0146_0015_0029_0051_0051.jpg 1 15 29 51 51
0147_0016_0008_0068_0068.jpg 1 16 8 68 68
0148_0021_0022_0068_0068.jpg 1 21 22 68 68
0149_0027_0021_0048_0048.jpg 1 27 21 48 48
0150_0044_0037_0050_0050.jpg 1 44 37 50 50
0151_0023_0016_0049_0049.jpg 1 23 16 49 49
0152_0028_0004_0067_0067.jpg 1 28 4 67 67
0153_0016_0020_0034_0034.jpg 1 16 20 34 34
0154_0028_0028_0039_0039.jpg 1 28 28 39 39
0155_0050_0044_0035_0035.jpg 1 50 44 35 35
0156_0004_0017_0059_0059.jpg 1 4 17 59 59
0157_0015_0030_0026_0026.jpg 1 15 30 26 26
0158_0018_0038_0037_0037.jpg 1 18 38 37 37
0159_0032_0020_0050_0050.jpg 1 32 20 50 50
0160_0018_0045_0042_0042.jpg 1 18 45 42 42
0161_0035_0020_0057_0057.jpg 1 35 20 57 57
0162_0028_0026_0066_0066.jpg 1 28 26 66 66
0163_0014_0011_0044_0044.jpg 1 14 11 44 44
0164_0006_0049_0037_0037.jpg 1 6 49 37 37
0165_0022_0018_0068_0068.jpg 1 22 18 68 68
0166_0024_0020_0062_0062.jpg 1 24 20 62 62
0167_0040_0048_0039_0039.jpg 1 40 48 39 39
0168_0011_0047_0045_0045.jpg 1 11 47 45 45
0169_0007_0013_0049_0049.jpg 1 7 13 49 49
0170_0024_0015_0030_0030.jpg 1 24 15 30 30
0171_0064_0010_0025_0025.jpg 1 64 10 25 25
0172_0011_0055_0030_0030.jpg 1 11 55 30 30
0173_0005_0005_0052_0052.jpg 1 5 5 52 52
0174_0023_0037_0027_0027.jpg 1 23 37 27 27
0175_0040_0013_0050_0050.jpg 1 40 13 50 50
0176_0023_0064_0026_0026.jpg 1 23 64 26 26
0177_0012_0006_0069_0069.jpg 1 12 6 69 69
0178_0029_0005_0048_0048.jpg 1 29 5 48 48
0179_0030_0021_0066_0066.jpg 1 30 21 66 66
0180_0040_0021_0050_0050.jpg 1 40 21 50 50
0181_0025_0033_0061_0061.jpg 1 25 33 61 61
0182_0027_0015_0055_0055.jpg 1 27 15 55 55
0183_0016_0038_0038_0038.jpg 1 16 38 38 38
0184_0035_0026_0049_0049.jpg 1 35 26 49 49
0185_0017_0046_0037_0037.jpg 1 17 46 37 37
0186_0036_0023_0045_0045.jpg 1 36 23 45 45
0187_0005_0009_0059_0059.jpg 1 5 9 59 59
0188_0036_0022_0025_0025.jpg 1 36 22 25 25
0189_0032_0028_0044_0044.jpg 1 32 28 44 44
0190_0042_0015_0038_0038.jpg 1 42 15 38 38
0191_0039_0031_0043_0043.jpg 1 39 31 43 43
0192_0021_0027_0064_0064.jpg 1 21 27 64 64
0193_0003_0019_0063_0063.jpg 1 3 19 63 63
0194_0030_0031_0039_0039.jpg 1 30 31 39 39
0195_0055_0033_0031_0031.jpg 1 55 33 31 31
0196_0038_0041_0031_0031.jpg 1 38 41 31 31
0197_0011_0005_0048_0048.jpg 1 11 5 48 48
0198_0016_0016_0065_0065.jpg 1 16 16 65 65
0199_0022_0049_0035_0035.jpg 1 22 49 35 35
0200_0041_0017_0033_0033.jpg 1 41 17 33 33
0201_0029_0024_0026_0026.jpg 1 29 24 26 26
0202_0029_0033_0053_0053.jpg 1 29 33 53 53
0203_0016_0016_0054_0054.jpg 1 16 16 54 54
0204_0061_0028_0025_0025.jpg 1 61 28 25 25
0205_0053_0020_0029_0029.jpg 1 53 20 29 29
0206_0008_0041_0037_0037.jpg 1 8 41 37 37
0207_0018_0016_0063_0063.jpg 1 18 16 63 63
0208_0038_0033_0046_0046.jpg 1 38 33 46 46
0209_0031_0016_0042_0042.jpg 1 31 16 42 42
0210_0040_0057_0032_0032.jpg 1 40 57 32 32
0211_0028_0023_0026_0026.jpg 1 28 23 26 26
0212_0024_0016_0068_0068.jpg 1 24 16 68 68
0213_0050_0053_0026_0026.jpg 1 50 53 26 26
0214_0006_0047_0045_0045.jpg 1 6 47 45 45
0215_0010_0038_0041_0041.jpg 1 10 38 41 41
0216_0032_0018_0062_0062.jpg 1 32 18 62 62
0217_0031_0008_0039_0039.jpg 1 31 8 39 39
0218_0014_0011_0028_0028.jpg 1 14 11 28 28
0219_0060_0046_0030_0030.jpg 1 60 46 30 30
0220_0010_0025_0066_0066.jpg 1 10 25 66 66
0221_0038_0040_0027_0027.jpg 1 38 40 27 27
0222_0018_0026_0051_0051.jpg 1 18 26 51 51
0223_0010_0034_0042_0042.jpg 1 10 34 42 42
0224_0021_0008_0057_0057.jpg 1 21 8 57 57
0225_0021_0046_0045_0045.jpg 1 21 46 45 45
0226_0015_0018_0055_0055.jpg 1 15 18 55 55
0227_0008_0050_0027_0027.jpg 1 8 50 27 27
0228_0028_0024_0064_0064.jpg 1 28 24 64 64
0229_0018_0024_0045_0045.jpg 1 18 24 45 45
0230_0033_0032_0049_0049.jpg 1 33 32 49 49
0231_0050_0016_0038_0038.jpg 1 50 16 38 38
0232_0005_0025_0053_0053.jpg 1 5 25 53 53
0233_0013_0036_0054_0054.jpg 1 13 36 54 54
0234_0036_0009_0052_0052.jpg 1 36 9 52 52
0235_0015_0020_0058_0058.jpg 1 15 20 58 58
0236_0040_0018_0051_0051.jpg 1 40 18 51 51
0237_0032_0018_0059_0059.jpg 1 32 18 59 59
0238_0013_0017_0055_0055.jpg 1 13 17 55 55
0239_0034_0038_0050_0050.jpg 1 34 38 50 50
0240_0048_0062_0028_0028.jpg 1 48 62 28 28
0241_0021_0035_0049_0049.jpg 1 21 35 49 49
0242_0032_0034_0026_0026.jpg 1 32 34 26 26
0243_0033_0029_0051_0051.jpg 1 33 29 51 51
0244_0025_0036_0056_0056.jpg 1 25 36 56 56
0245_0032_0010_0035_0035.jpg 1 32 10 35 35
0246_0024_0029_0066_0066.jpg 1 24 29 66 66
0247_0026_0013_0067_0067.jpg 1 26 13 67 67
0248_0064_0052_0026_0026.jpg 1 64 52 26 26
0249_0013_0014_0057_0057.jpg 1 13 14 57 57
0250_0021_0013_0053_0053.jpg 1 21 13 53 53
0251_0057_0059_0027_0027.jpg 1 57 59 27 27
0252_0049_0055_0035_0035.jpg 1 49 55 35 35
0253_0018_0046_0038_0038.jpg 1 18 46 38 38
0254_0015_0020_0047_0047.jpg 1 15 20 47 47
0255_0015_0013_0063_0063.jpg 1 15 13 63 63
0256_0062_0059_0028_0028.jpg 1 62 59 28 28
0257_0010_0028_0059_0059.jpg 1 10 28 59 59
0258_0017_0027_0056_0056.jpg 1 17 27 56 56
0259_0050_0024_0041_0041.jpg 1 50 24 41 41
0260_0057_0026_0030_0030.jpg 1 57 26 30 30
0261_0041_0046_0024_0024.jpg 1 41 46 24 24
0262_0022_0010_0067_0067.jpg 1 22 10 67 67
0263_0060_0008_0029_0029.jpg 1 60 8 29 29
0264_0026_0054_0026_0026.jpg 1 26 54 26 26
0265_0028_0009_0048_0048.jpg 1 28 9 48 48
0266_0033_0032_0040_0040.jpg 1 33 32 40 40
0267_0033_0049_0042_0042.jpg 1 33 49 42 42
0268_0012_0014_0042_0042.jpg 1 12 14 42 42
0269_0029_0007_0051_0051.jpg 1 29 7 51 51
0270_0012_0025_0047_0047.jpg 1 12 25 47 47
0271_0024_0017_0068_0068.jpg 1 24 17 68 68
0272_0017_0046_0042_0042.jpg 1 17 46 42 42
0273_0021_0024_0065_0065.jpg 1 21 24 65 65
0274_0035_0018_0048_0048.jpg 1 35 18 48 48
0275_0030_0008_0027_0027.jpg 1 30 8 27 27
0276_0028_0010_0064_0064.jpg 1 28 10 64 64
0277_0056_0021_0028_0028.jpg 1 56 21 28 28
0278_0031_0041_0024_0024.jpg 1 31 41 24 24
0279_0017_0014_0058_0058.jpg 1 17 14 58 58
0280_0035_0025_0038_0038.jpg 1 35 25 38 38
0281_0017_0018_0060_0060.jpg 1 17 18 60 60
0282_0020_0011_0069_0069.jpg 1 20 11 69 69
0283_0034_0027_0028_0028.jpg 1 34 27 28 28
0284_0058_0030_0034_0034.jpg 1 58 30 34 34
0285_0039_0019_0050_0050.jpg 1 39 19 50 50
0286_0005_0029_0047_0047.jpg 1 5 29 47 47
0287_0006_0016_0057_0057.jpg 1 6 16 57 57
0288_0031_0025_0063_0063.jpg 1 31 25 63 63
0289_0012_0012_0068_0068.jpg 1 12 12 68 68
0290_0019_0037_0048_0048.jpg 1 19 37 48 48
0291_0019_0011_0063_0063.jpg 1 19 11 63 63
0292_0033_0051_0031_0031.jpg 1 33 51 31 31
0293_0039_0043_0044_0044.jpg 1 39 43 44 44
0294_0023_0009_0064_0064.jpg 1 23 9 64 64
0295_0050_0029_0029_0029.jpg 1 50 29 29 29
0296_0017_0019_0064_0064.jpg 1 17 19 64 64
0297_0034_0027_0049_0049.jpg 1 34 27 49 49
0298_0015_0011_0040_0040.jpg 1 15 11 40 40
0299_0008_0049_0037_0037.jpg 1 8 49 37 37
0300_0051_0046_0033_0033.jpg 1 51 46 33 33
0301_0024_0035_0054_0054.jpg 1 24 35 54 54
0302_0053_0041_0038_0038.jpg 1 53 41 38 38
0303_0043_0054_0032_0032.jpg 1 43 54 32 32
0304_0010_0014_0060_0060.jpg 1 10 14 60 60
0305_0007_0012_0062_0062.jpg 1 7 12 62 62
0306_0027_0014_0055_0055.jpg 1 27 14 55 55
0307_0014_0014_0054_0054.jpg 1 14 14 54 54
0308_0035_0032_0053_0053.jpg 1 35 32 53 53
0309_0025_0038_0026_0026.jpg 1 25 38 26 26
0310_0004_0006_0064_0064.jpg 1 4 6 64 64
0311_0004_0004_0068_0068.jpg 1 4 4 68 68
0312_0030_0017_0063_0063.jpg 1 30 17 63 63
0313_0016_0026_0052_0052.jpg 1 16 26 52 52
0314_0041_0048_0030_0030.jpg 1 41 48 30 30
0315_0016_0021_0038_0038.jpg 1 16 21 38 38
0316_0023_0026_0056_0056.jpg 1 23 26 56 56
0317_0013_0023_0065_0065.jpg 1 13 23 65 65
0318_0020_0014_0027_0027.jpg 1 20 14 27 27
0319_0018_0010_0047_0047.jpg 1 18 10 47 47
0320_0037_0050_0042_0042.jpg 1 37 50 42 42
0321_0040_0036_0037_0037.jpg 1 40 36 37 37
0322_0029_0018_0027_0027.jpg 1 29 18 27 27
0323_0036_0016_0057_0057.jpg 1 36 16 57 57
0324_0062_0019_0026_0026.jpg 1 62 19 26 26
0325_0030_0005_0065_0065.jpg 1 30 5 65 65
0326_0053_0036_0032_0032.jpg 1 53 36 32 32
0327_0039_0011_0053_0053.jpg 1 39 11 53 53
0328_0017_0006_0068_0068.jpg 1 17 6 68 68
0329_0018_0021_0036_0036.jpg 1 18 21 36 36
0330_0033_0049_0042_0042.jpg 1 33 49 42 42
0331_0014_0016_0054_0054.jpg 1 14 16 54 54
0332_0035_0046_0033_0033.jpg 1 35 46 33 33
0333_0042_0019_0037_0037.jpg 1 42 19 37 37
0334_0037_0026_0051_0051.jpg 1 37 26 51 51
0335_0028_0007_0032_0032.jpg 1 28 7 32 32
0336_0040_0033_0054_0054.jpg 1 40 33 54 54
0337_0014_0016_0042_0042.jpg 1 14 16 42 42
0338_0006_0008_0048_0048.jpg 1 6 8 48 48
0339_0034_0026_0039_0039.jpg 1 34 26 39 39
0340_0008_0004_0067_0067.jpg 1 8 4 67 67
0341_0041_0008_0038_0038.jpg 1 41 8 38 38
0342_0037_0015_0041_0041.jpg 1 37 15 41 41
0343_0020_0027_0033_0033.jpg 1 20 27 33 33
0344_0035_0021_0044_0044.jpg 1 35 21 44 44
0345_0038_0031_0045_0045.jpg 1 38 31 45 45
0346_0032_0027_0038_0038.jpg 1 32 27 38 38
0347_0011_0042_0047_0047.jpg 1 11 42 47 47
0348_0028_0034_0061_0061.jpg 1 28 34 61 61
0349_0047_0048_0025_0025.jpg 1 47 48 25 25
0350_0020_0027_0065_0065.jpg 1 20 27 65 65
0351_0025_0011_0029_0029.jpg 1 25 11 29 29
0352_0017_0015_0046_0046.jpg 1 17 15 46 46
0353_0025_0022_0049_0049.jpg 1 25 22 49 49
0354_0010_0041_0029_0029.jpg 1 10 41 29 29
0355_0048_0037_0029_0029.jpg 1 48 37 29 29
0356_0028_0017_0055_0055.jpg 1 28 17 55 55
0357_0014_0007_0064_0064.jpg 1 14 7 64 64
0358_0063_0031_0024_0024.jpg 1 63 31 24 24
0359_0059_0057_0024_0024.jpg 1 59 57 24 24
0360_0026_0020_0069_0069.jpg 1 26 20 69 69
0361_0017_0021_0053_0053.jpg 1 17 21 53 53
0362_0024_0026_0051_0051.jpg 1 24 26 51 51
0363_0045_0028_0045_0045.jpg 1 45 28 45 45
0364_0036_0026_0050_0050.jpg 1 36 26 50 50
0365_0026_0036_0055_0055.jpg 1 26 36 55 55
0366_0021_0037_0038_0038.jpg 1 21 37 38 38
0367_0047_0023_0030_0030.jpg 1 47 23 30 30
0368_0022_0017_0057_0057.jpg 1 22 17 57 57
0369_0026_0024_0046_0046.jpg 1 26 24 46 46
0370_0009_0037_0057_0057.jpg 1 9 37 57 57
0371_0061_0019_0031_0031.jpg 1 61 19 31 31
0372_0027_0053_0040_0040.jpg 1 27 53 40 40
0373_0041_0048_0036_0036.jpg 1 41 48 36 36
0374_0006_0011_0063_0063.jpg 1 6 11 63 63
0375_0037_0041_0024_0024.jpg 1 37 41 24 24
0376_0018_0028_0056_0056.jpg 1 18 28 56 56
0377_0006_0027_0067_0067.jpg 1 6 27 67 67
0378_0011_0044_0030_0030.jpg 1 11 44 30 30
0379_0021_0011_0048_0048.jpg 1 21 11 48 48
0380_0014_0009_0068_0068.jpg 1 14 9 68 68
0381_0010_0029_0058_0058.jpg 1 10 29 58 58
0382_0010_0044_0046_0046.jpg 1 10 44 46 46
0383_0010_0035_0044_0044.jpg 1 10 35 44 44
0384_0039_0065_0024_0024.jpg 1 39 65 24 24
0385_0026_0017_0066_0066.jpg 1 26 17 66 66
0386_0030_0033_0047_0047.jpg 1 30 33 47 47
0387_0023_0015_0051_0051.jpg 1 23 15 51 51
0388_0023_0023_0039_0039.jpg 1 23 23 39 39
0389_0058_0037_0029_0029.jpg 1 58 37 29 29
0390_0042_0043_0031_0031.jpg 1 42 43 31 31
0391_0036_0028_0049_0049.jpg 1 36 28 49 49
0392_0008_0020_0057_0057.jpg 1 8 20 57 57
0393_0005_0014_0052_0052.jpg 1 5 14 52 52
0394_0029_0025_0066_0066.jpg 1 29 25 66 66
0395_0014_0025_0046_0046.jpg 1 14 25 46 46
0396_0009_0018_0056_0056.jpg 1 9 18 56 56
0397_0039_0050_0024_0024.jpg 1 39 50 24 24
0398_0006_0011_0042_0042.jpg 1 6 11 42 42
0399_0039_0030_0040_0040.jpg 1 39 30 40 40
0400_0027_0024_0064_0064.jpg 1 27 24 64 64
0401_0025_0031_0030_0030.jpg 1 25 31 30 30
0402_0009_0021_0063_0063.jpg 1 9 21 63 63
0403_0031_0017_0038_0038.jpg 1 31 17 38 38
0404_0009_0006_0046_0046.jpg 1 9 6 46 46
0405_0016_0032_0063_0063.jpg 1 16 32 63 63
0406_0011_0053_0032_0032.jpg 1 11 53 32 32
0407_0005_0007_0063_0063.jpg 1 5 7 63 63
0408_0008_0031_0061_0061.jpg 1 8 31 61 61
0409_0020_0014_0058_0058.jpg 1 20 14 58 58
0410_0007_0017_0063_0063.jpg 1 7 17 63 63
0411_0003_0012_0066_0066.jpg 1 3 12 66 66
0412_0032_0025_0057_0057.jpg 1 32 25 57 57
0413_0020_0023_0065_0065.jpg 1 20 23 65 65
0414_0015_0009_0061_0061.jpg 1 15 9 61 61
0415_0015_0067_0024_0024.jpg 1 15 67 24 24
0416_0007_0045_0047_0047.jpg 1 7 45 47 47
0417_0020_0029_0055_0055.jpg 1 20 29 55 55
0418_0029_0026_0051_0051.jpg 1 29 26 51 51
0419_0014_0026_0032_0032.jpg 1 14 26 32 32
0420_0041_0044_0044_0044.jpg 1 41 44 44 44
0421_0045_0019_0049_0049.jpg 1 45 19 49 49
0422_0012_0031_0064_0064.jpg 1 12 31 64 64
0423_0018_0029_0037_0037.jpg 1 18 29 37 37
0424_0010_0014_0059_0059.jpg 1 10 14 59 59
0425_0015_0040_0042_0042.jpg 1 15 40 42 42
0426_0027_0038_0052_0052.jpg 1 27 38 52 52
0427_0034_0026_0034_0034.jpg 1 34 26 34 34
0428_0003_0009_0067_0067.jpg 1 3 9 67 67
0429_0032_0051_0042_0042.jpg 1 32 51 42 42
0430_0020_0054_0034_0034.jpg 1 20 54 34 34
0431_0008_0007_0031_0031.jpg 1 8 7 31 31
0432_0043_0053_0029_0029.jpg 1 43 53 29 29
0433_0026_0005_0050_0050.jpg 1 26 5 50 50
0434_0041_0055_0038_0038.jpg 1 41 55 38 38
0435_0023_0022_0069_0069.jpg 1 23 22 69 69
0436_0007_0032_0040_0040.jpg 1 7 32 40 40
0437_0025_0039_0031_0031.jpg 1 25 39 31 31
0438_0025_0025_0053_0053.jpg 1 25 25 53 53
0439_0014_0016_0065_0065.jpg 1 14 16 65 65
0440_0009_0017_0035_0035.jpg 1 9 17 35 35
0441_0019_0022_0069_0069.jpg 1 19 22 69 69
0442_0031_0020_0040_0040.jpg 1 31 20 40 40
0443_0013_0008_0069_0069.jpg 1 13 8 69 69
0444_0018_0049_0042_0042.jpg 1 18 49 42 42
0445_0039_0006_0042_0042.jpg 1 39 6 42 42
0446_0023_0007_0042_0042.jpg 1 23 7 42 42
0447_0020_0020_0040_0040.jpg 1 20 20 40 40
0448_0009_0040_0034_0034.jpg 1 9 40 34 34
0449_0027_0023_0027_0027.jpg 1 27 23 27 27
0450_0006_0041_0045_0045.jpg 1 6 41 45 45
0451_0036_0019_0044_0044.jpg 1 36 19 44 44
0452_0015_0014_0062_0062.jpg 1 15 14 62 62
0453_0030_0046_0032_0032.jpg 1 30 46 32 32
0454_0025_0018_0038_0038.jpg 1 25 18 38 38
0455_0009_0032_0062_0062.jpg 1 9 32 62 62
0456_0039_0024_0032_0032.jpg 1 39 24 32 32
0457_0058_0036_0034_0034.jpg 1 58 36 34 34
0458_0014_0015_0030_0030.jpg 1 14 15 30 30
0459_0033_0013_0058_0058.jpg 1 33 13 58 58
0460_0025_0033_0059_0059.jpg 1 25 33 59 59
0461_0018_0023_0063_0063.jpg 1 18 23 63 63
0462_0036_0032_0029_0029.jpg 1 36 32 29 29
0463_0048_0054_0030_0030.jpg 1 48 54 30 30
0464_0033_0012_0041_0041.jpg 1 33 12 41 41
0465_0032_0022_0056_0056.jpg 1 32 22 56 56
0466_0054_0024_0038_0038.jpg 1 54 24 38 38
0467_0053_0010_0033_0033.jpg 1 53 10 33 33
0468_0044_0009_0036_0036.jpg 1 44 9 36 36
0469_0066_0028_0024_0024.jpg 1 66 28 24 24
0470_0024_0020_0038_0038.jpg 1 24 20 38 38
0471_0011_0012_0066_0066.jpg 1 11 12 66 66
0472_0010_0025_0052_0052.jpg 1 10 25 52 52
0473_0023_0032_0041_0041.jpg 1 23 32 41 41
0474_0010_0053_0037_0037.jpg 1 10 53 37 37
0475_0049_0015_0043_0043.jpg 1 49 15 43 43
0476_0015_0012_0053_0053.jpg 1 15 12 53 53
0477_0027_0054_0026_0026.jpg 1 27 54 26 26
0478_0022_0027_0061_0061.jpg 1 22 27 61 61
0479_0013_0022_0031_0031.jpg 1 13 22 31 31
0480_0035_0016_0059_0059.jpg 1 35 16 59 59
0481_0019_0009_0051_0051.jpg 1 19 9 51 51
0482_0027_0050_0029_0029.jpg 1 27 50 29 29
0483_0041_0018_0047_0047.jpg 1 41 18 47 47
0484_0025_0056_0036_0036.jpg 1 25 56 36 36
0485_0034_0011_0055_0055.jpg 1 34 11 55 55
0486_0014_0062_0025_0025.jpg 1 14 62 25 25
0487_0021_0015_0069_0069.jpg 1 21 15 69 69
0488_0030_0052_0031_0031.jpg 1 30 52 31 31
0489_0064_0007_0026_0026.jpg 1 64 7 26 26
0490_0023_0040_0052_0052.jpg 1 23 40 52 52
0491_0016_0066_0024_0024.jpg 1 16 66 24 24
0492_0016_0052_0034_0034.jpg 1 16 52 34 34
0493_0014_0026_0054_0054.jpg 1 14 26 54 54
0494_0038_0026_0030_0030.jpg 1 38 26 30 30
0495_0004_0009_0064_0064.jpg 1 4 9 64 64
0496_0046_0026_0031_0031.jpg 1 46 26 31 31
0497_0059_0010_0027_0027.jpg 1 59 10 27 27
0498_0006_0021_0067_0067.jpg 1 6 21 67 67
0499_0030_0056_0033_0033.jpg 1 30 56 33 33
0500_0021_0037_0054_0054.jpg 1 21 37 54 54
0501_0030_0037_0052_0052.jpg 1 30 37 52 52
0502_0032_0013_0033_0033.jpg 1 32 13 33 33
0503_0021_0006_0041_0041.jpg 1 21 6 41 41
0504_0010_0032_0056_0056.jpg 1 10 32 56 56
0505_0018_0007_0040_0040.jpg 1 18 7 40 40
0506_0051_0015_0029_0029.jpg 1 51 15 29 29
0507_0041_0018_0035_0035.jpg 1 41 18 35 35
0508_0045_0057_0035_0035.jpg 1 45 57 35 35
0509_0039_0054_0026_0026.jpg 1 39 54 26 26
0510_0031_0028_0026_0026.jpg 1 31 28 26 26
0511_0017_0005_0051_0051.jpg 1 17 5 51 51
0512_0041_0053_0024_0024.jpg 1 41 53 24 24
0513_0008_0018_0055_0055.jpg 1 8 18 55 55
0514_0039_0046_0041_0041.jpg 1 39 46 41 41
0515_0012_0032_0040_0040.jpg 1 12 32 40 40
0516_0027_0031_0049_0049.jpg 1 27 31 49 49
0517_0017_0009_0054_0054.jpg 1 17 9 54 54
0518_0008_0037_0051_0051.jpg 1 8 37 51 51
0519_0029_0009_0025_0025.jpg 1 29 9 25 25
0520_0026_0022_0038_0038.jpg 1 26 22 38 38
0521_0020_0018_0048_0048.jpg 1 20 18 48 48
0522_0034_0022_0052_0052.jpg 1 34 22 52 52
0523_0038_0019_0047_0047.jpg 1 38 19 47 47
0524_0015_0012_0046_0046.jpg 1 15 12 46 46
0525_0030_0031_0041_0041.jpg 1 30 31 41 41
0526_0047_0044_0041_0041.jpg 1 47 44 41 41
0527_0009_0025_0066_0066.jpg 1 9 25 66 66
0528_0013_0007_0054_0054.jpg 1 13 7 54 54
0529_0015_0030_0032_0032.jpg 1 15 30 32 32
0530_0015_0009_0063_0063.jpg 1 15 9 63 63
0531_0034_0026_0054_0054.jpg 1 34 26 54 54
0532_0023_0050_0038_0038.jpg 1 23 50 38 38
0533_0041_0049_0044_0044.jpg 1 41 49 44 44
0534_0017_0025_0060_0060.jpg 1 17 25 60 60
0535_0025_0012_0067_0067.jpg 1 25 12 67 67
0536_0015_0028_0059_0059.jpg 1 15 28 59 59
0537_0012_0013_0068_0068.jpg 1 12 13 68 68
0538_0019_0052_0035_0035.jpg 1 19 52 35 35
0539_0015_0007_0063_0063.jpg 1 15 7 63 63
0540_0036_0040_0047_0047.jpg 1 36 40 47 47
0541_0005_0011_0055_0055.jpg 1 5 11 55 55
0542_0006_0005_0068_0068.jpg 1 6 5 68 68
0543_0032_0007_0062_0062.jpg 1 32 7 62 62
0544_0007_0011_0065_0065.jpg 1 7 11 65 65
0545_0039_0009_0054_0054.jpg 1 39 9 54 54
0546_0049_0050_0037_0037.jpg 1 49 50 37 37
0547_0052_0033_0035_0035.jpg 1 52 33 35 35
0548_0024_0024_0040_0040.jpg 1 24 24 40 40
0549_0033_0011_0062_0062.jpg 1 33 11 62 62
0550_0032_0037_0029_0029.jpg 1 32 37 29 29
0551_0011_0015_0058_0058.jpg 1 11 15 58 58
0552_0029_0038_0041_0041.jpg 1 29 38 41 41
0553_0011_0045_0034_0034.jpg 1 11 45 34 34
0554_0007_0043_0048_0048.jpg 1 7 43 48 48
0555_0024_0026_0059_0059.jpg 1 24 26 59 59
0556_0013_0029_0061_0061.jpg 1 13 29 61 61
0557_0031_0055_0030_0030.jpg 1 31 55 30 30
0558_0011_0013_0046_0046.jpg 1 11 13 46 46
0559_0021_0017_0036_0036.jpg 1 21 17 36 36
0560_0026_0037_0046_0046.jpg 1 26 37 46 46
0561_0028_0026_0044_0044.jpg 1 28 26 44 44
0562_0007_0008_0042_0042.jpg 1 7 8 42 42
0563_0019_0009_0062_0062.jpg 1 19 9 62 62
0564_0016_0027_0051_0051.jpg 1 16 27 51 51
0565_0008_0026_0057_0057.jpg 1 8 26 57 57
0566_0041_0060_0030_0030.jpg 1 41 60 30 30
0567_0015_0016_0024_0024.jpg 1 15 16 24 24
0568_0034_0010_0027_0027.jpg 1 34 10 27 27
0569_0024_0026_0068_0068.jpg 1 24 26 68 68
0570_0020_0026_0059_0059.jpg 1 20 26 59 59
0571_0015_0051_0028_0028.jpg 1 15 51 28 28
0572_0045_0038_0044_0044.jpg 1 45 38 44 44
0573_0023_0030_0056_0056.jpg 1 23 30 56 56
0574_0015_0005_0063_0063.jpg 1 15 5 63 63
0575_0031_0018_0027_0027.jpg 1 31 18 27 27
0576_0029_0024_0065_0065.jpg 1 29 24 65 65
0577_0005_0025_0056_0056.jpg 1 5 25 56 56
0578_0039_0037_0052_0052.jpg 1 39 37 52 52
0579_0045_0041_0047_0047.jpg 1 45 41 47 47
0580_0055_0021_0028_0028.jpg 1 55 21 28 28
0581_0046_0027_0033_0033.jpg 1 46 27 33 33
0582_0040_0018_0040_0040.jpg 1 40 18 40 40
0583_0043_0027_0048_0048.jpg 1 43 27 48 48
0584_0031_0006_0056_0056.jpg 1 31 6 56 56
0585_0011_0015_0051_0051.jpg 1 11 15 51 51
0586_0027_0012_0066_0066.jpg 1 27 12 66 66
0587_0005_0034_0057_0057.jpg 1 5 34 57 57
0588_0011_0025_0067_0067.jpg 1 11 25 67 67
0589_0034_0045_0048_0048.jpg 1 34 45 48 48
0590_0036_0022_0038_0038.jpg 1 36 22 38 38
0591_0047_0017_0034_0034.jpg 1 47 17 34 34
0592_0046_0046_0037_0037.jpg 1 46 46 37 37
0593_0026_0024_0063_0063.jpg 1 26 24 63 63
0594_0047_0032_0030_0030.jpg 1 47 32 30 30
0595_0012_0019_0046_0046.jpg 1 12 19 46 46
0596_0061_0014_0030_0030.jpg 1 61 14 30 30
0597_0023_0035_0045_0045.jpg 1 23 35 45 45
0598_0055_0030_0029_0029.jpg 1 55 30 29 29
0599_0033_0052_0026_0026.jpg 1 33 52 26 26
0600_0015_0038_0047_0047.jpg 1 15 38 47 47
0601_0045_0010_0041_0041.jpg 1 45 10 41 41
0602_0010_0020_0066_0066.jpg 1 10 20 66 66
0603_0036_0063_0026_0026.jpg 1 36 63 26 26
0604_0044_0012_0044_0044.jpg 1 44 12 44 44
0605_0007_0024_0059_0059.jpg 1 7 24 59 59
0606_0025_0024_0031_0031.jpg 1 25 24 31 31
0607_0010_0042_0024_0024.jpg 1 10 42 24 24
0608_0039_0044_0025_0025.jpg 1 39 44 25 25
0609_0028_0028_0063_0063.jpg 1 28 28 63 63
0610_0043_0040_0050_0050.jpg 1 43 40 50 50
0611_0014_0052_0041_0041.jpg 1 14 52 41 41
0612_0027_0017_0069_0069.jpg 1 27 17 69 69
0613_0026_0017_0066_0066.jpg 1 26 17 66 66
0614_0035_0025_0034_0034.jpg 1 35 25 34 34
0615_0006_0015_0061_0061.jpg 1 6 15 61 61
0616_0046_0030_0030_0030.jpg 1 46 30 30 30
0617_0052_0034_0028_0028.jpg 1 52 34 28 28
0618_0034_0005_0049_0049.jpg 1 34 5 49 49
0619_0009_0027_0041_0041.jpg 1 9 27 41 41
0620_0025_0010_0028_0028.jpg 1 25 10 28 28
0621_0009_0044_0032_0032.jpg 1 9 44 32 32
0622_0020_0028_0049_0049.jpg 1 20 28 49 49
0623_0024_0008_0054_0054.jpg 1 24 8 54 54
0624_0023_0048_0028_0028.jpg 1 23 48 28 28
0625_0014_0058_0024_0024.jpg 1 14 58 24 24
0626_0018_0007_0036_0036.jpg 1 18 7 36 36
0627_0013_0008_0029_0029.jpg 1 13 8 29 29
0628_0029_0027_0054_0054.jpg 1 29 27 54 54
0629_0031_0030_0031_0031.jpg 1 31 30 31 31
0630_0024_0030_0042_0042.jpg 1 24 30 42 42
0631_0011_0033_0058_0058.jpg 1 11 33 58 58
0632_0019_0007_0064_0064.jpg 1 19 7 64 64
0633_0018_0013_0065_0065.jpg 1 18 13 65 65
0634_0022_0033_0046_0046.jpg 1 22 33 46 46
0635_0021_0035_0057_0057.jpg 1 21 35 57 57
0636_0010_0042_0038_0038.jpg 1 10 42 38 38
0637_0023_0036_0026_0026.jpg 1 23 36 26 26
0638_0036_0051_0033_0033.jpg 1 36 51 33 33
0639_0035_0042_0030_0030.jpg 1 35 42 30 30
0640_0029_0005_0059_0059.jpg 1 29 5 59 59
0641_0017_0026_0069_0069.jpg 1 17 26 69 69
0642_0004_0007_0069_0069.jpg 1 4 7 69 69
0643_0021_0043_0044_0044.jpg 1 21 43 44 44
0644_0009_0023_0051_0051.jpg 1 9 23 51 51
0645_0038_0009_0048_0048.jpg 1 38 9 48 48
0646_0025_0023_0060_0060.jpg 1 25 23 60 60
0647_0029_0004_0063_0063.jpg 1 29 4 63 63
0648_0013_0008_0069_0069.jpg 1 13 8 69 69
0649_0026_0012_0067_0067.jpg 1 26 12 67 67
0650_0012_0018_0069_0069.jpg 1 12 18 69 69
0651_0004_0034_0058_0058.jpg 1 4 34 58 58
0652_0038_0048_0030_0030.jpg 1 38 48 30 30
0653_0029_0013_0065_0065.jpg 1 29 13 65 65
0654_0010_0024_0069_0069.jpg 1 10 24 69 69
0655_0009_0051_0029_0029.jpg 1 9 51 29 29
0656_0061_0021_0030_0030.jpg 1 61 21 30 30
0657_0003_0029_0063_0063.jpg 1 3 29 63 63
0658_0022_0024_0058_0058.jpg 1 22 24 58 58
0659_0008_0007_0063_0063.jpg 1 8 7 63 63
0660_0016_0058_0030_0030.jpg 1 16 58 30 30
0661_0036_0030_0052_0052.jpg 1 36 30 52 52
0662_0019_0006_0062_0062.jpg 1 19 6 62 62
0663_0020_0049_0039_0039.jpg 1 20 49 39 39
0664_0033_0008_0057_0057.jpg 1 33 8 57 57
0665_0005_0025_0069_0069.jpg 1 5 25 69 69
0666_0004_0006_0068_0068.jpg 1 4 6 68 68
0667_0043_0020_0048_0048.jpg 1 43 20 48 48
0668_0058_0041_0034_0034.jpg 1 58 41 34 34
0669_0022_0029_0030_0030.jpg 1 22 29 30 30
0670_0054_0048_0032_0032.jpg 1 54 48 32 32
0671_0029_0015_0051_0051.jpg 1 29 15 51 51
0672_0038_0029_0056_0056.jpg 1 38 29 56 56
0673_0018_0042_0036_0036.jpg 1 18 42 36 36
0674_0021_0015_0064_0064.jpg 1 21 15 64 64
0675_0024_0020_0032_0032.jpg 1 24 20 32 32
0676_0029_0030_0058_0058.jpg 1 29 30 58 58
0677_0049_0016_0043_0043.jpg 1 49 16 43 43
0678_0042_0005_0048_0048.jpg 1 42 5 48 48
0679_0014_0004_0067_0067.jpg 1 14 4 67 67
0680_0008_0036_0051_0051.jpg 1 8 36 51 51
0681_0007_0030_0066_0066.jpg 1 7 30 66 66
0682_0005_0019_0069_0069.jpg 1 5 19 69 69
0683_0057_0031_0035_0035.jpg 1 57 31 35 35
0684_0044_0052_0036_0036.jpg 1 44 52 36 36
0685_0053_0055_0032_0032.jpg 1 53 55 32 32
0686_0004_0023_0055_0055.jpg 1 4 23 55 55
0687_0025_0045_0043_0043.jpg 1 25 45 43 43
0688_0041_0021_0048_0048.jpg 1 41 21 48 48
0689_0003_0008_0069_0069.jpg 1 3 8 69 69
0690_0028_0019_0066_0066.jpg 1 28 19 66 66
0691_0033_0018_0062_0062.jpg 1 33 18 62 62
0692_0010_0029_0059_0059.jpg 1 10 29 59 59
0693_0012_0011_0069_0069.jpg 1 12 11 69 69
0694_0060_0045_0033_0033.jpg 1 60 45 33 33
0695_0033_0040_0033_0033.jpg 1 33 40 33 33
0696_0016_0011_0066_0066.jpg 1 16 11 66 66
0697_0018_0027_0052_0052.jpg 1 18 27 52 52
0698_0036_0028_0042_0042.jpg 1 36 28 42 42
0699_0032_0025_0063_0063.jpg 1 32 25 63 63
0700_0021_0013_0045_0045.jpg 1 21 13 45 45
0701_0019_0014_0035_0035.jpg 1 19 14 35 35
0702_0022_0032_0045_0045.jpg 1 22 32 45 45
0703_0015_0006_0045_0045.jpg 1 15 6 45 45
0704_0022_0044_0043_0043.jpg 1 22 44 43 43
0705_0011_0019_0069_0069.jpg 1 11 19 69 69
0706_0010_0043_0037_0037.jpg 1 10 43 37 37
0707_0011_0008_0029_0029.jpg 1 11 8 29 29
0708_0040_0025_0042_0042.jpg 1 40 25 42 42
0709_0028_0014_0039_0039.jpg 1 28 14 39 39
0710_0004_0022_0052_0052.jpg 1 4 22 52 52
0711_0038_0009_0051_0051.jpg 1 38 9 51 51
0712_0019_0012_0068_0068.jpg 1 19 12 68 68
0713_0007_0028_0065_0065.jpg 1 7 28 65 65
0714_0019_0031_0042_0042.jpg 1 19 31 42 42
0715_0054_0017_0031_0031.jpg 1 54 17 31 31
0716_0017_0017_0069_0069.jpg 1 17 17 69 69
0717_0019_0019_0056_0056.jpg 1 19 19 56 56
0718_0027_0010_0060_0060.jpg 1 27 10 60 60
0719_0055_0026_0034_0034.jpg 1 55 26 34 34
0720_0011_0010_0066_0066.jpg 1 11 10 66 66
0721_0037_0034_0052_0052.jpg 1 37 34 52 52
0722_0024_0026_0057_0057.jpg 1 24 26 57 57
0723_0013_0033_0037_0037.jpg 1 13 33 37 37
0724_0016_0016_0056_0056.jpg 1 16 16 56 56
0725_0022_0010_0068_0068.jpg 1 22 10 68 68
0726_0008_0052_0028_0028.jpg 1 8 52 28 28
0727_0011_0020_0044_0044.jpg 1 11 20 44 44
0728_0027_0046_0047_0047.jpg 1 27 46 47 47
0729_0041_0056_0033_0033.jpg 1 41 56 33 33
0730_0015_0030_0055_0055.jpg 1 15 30 55 55
0731_0004_0009_0063_0063.jpg 1 4 9 63 63
0732_0004_0025_0069_0069.jpg 1 4 25 69 69
0733_0015_0032_0060_0060.jpg 1 15 32 60 60
0734_0055_0044_0037_0037.jpg 1 55 44 37 37
0735_0007_0019_0056_0056.jpg 1 7 19 56 56
0736_0016_0015_0035_0035.jpg 1 16 15 35 35
0737_0007_0052_0039_0039.jpg 1 7 52 39 39
0738_0063_0044_0028_0028.jpg 1 63 44 28 28
0739_0028_0017_0047_0047.jpg 1 28 17 47 47
0740_0043_0015_0051_0051.jpg 1 43 15 51 51
0741_0025_0021_0068_0068.jpg 1 25 21 68 68
0742_0046_0028_0047_0047.jpg 1 46 28 47 47
0743_0020_0032_0061_0061.jpg 1 20 32 61 61
0744_0035_0020_0056_0056.jpg 1 35 20 56 56
0745_0018_0028_0046_0046.jpg 1 18 28 46 46
0746_0025_0044_0026_0026.jpg 1 25 44 26 26
0747_0037_0028_0045_0045.jpg 1 37 28 45 45
0748_0035_0040_0049_0049.jpg 1 35 40 49 49
0749_0060_0047_0032_0032.jpg 1 60 47 32 32
0750_0050_0008_0043_0043.jpg 1 50 8 43 43
0751_0018_0018_0063_0063.jpg 1 18 18 63 63
0752_0037_0005_0054_0054.jpg 1 37 5 54 54
0753_0026_0009_0066_0066.jpg 1 26 9 66 66
0754_0028_0029_0066_0066.jpg 1 28 29 66 66
0755_0017_0047_0046_0046.jpg 1 17 47 46 46
0756_0063_0029_0024_0024.jpg 1 63 29 24 24
0757_0048_0027_0033_0033.jpg 1 48 27 33 33
0758_0028_0010_0053_0053.jpg 1 28 10 53 53
0759_0020_0034_0057_0057.jpg 1 20 34 57 57
0760_0008_0020_0068_0068.jpg 1 8 20 68 68
0761_0015_0006_0054_0054.jpg 1 15 6 54 54
0762_0049_0024_0042_0042.jpg 1 49 24 42 42
0763_0031_0043_0051_0051.jpg 1 31 43 51 51
0764_0035_0052_0036_0036.jpg 1 35 52 36 36
0765_0037_0057_0035_0035.jpg 1 37 57 35 35
0766_0005_0014_0056_0056.jpg 1 5 14 56 56
0767_0044_0042_0039_0039.jpg 1 44 42 39 39
0768_0018_0006_0062_0062.jpg 1 18 6 62 62
0769_0008_0043_0026_0026.jpg 1 8 43 26 26
0770_0033_0016_0049_0049.jpg 1 33 16 49 49
0771_0021_0022_0068_0068.jpg 1 21 22 68 68
0772_0026_0005_0068_0068.jpg 1 26 5 68 68
0773_0046_0022_0042_0042.jpg 1 46 22 42 42
0774_0019_0046_0028_0028.jpg 1 19 46 28 28
0775_0006_0039_0052_0052.jpg 1 6 39 52 52
0776_0035_0026_0026_0026.jpg 1 35 26 26 26
0777_0014_0036_0051_0051.jpg 1 14 36 51 51
0778_0011_0006_0066_0066.jpg 1 11 6 66 66
0779_0026_0010_0069_0069.jpg 1 26 10 69 69
0780_0031_0033_0043_0043.jpg 1 31 33 43 43
0781_0039_0007_0045_0045.jpg 1 39 7 45 45
0782_0042_0026_0047_0047.jpg 1 42 26 47 47
0783_0049_0030_0024_0024.jpg 1 49 30 24 24
0784_0024_0021_0064_0064.jpg 1 24 21 64 64
0785_0033_0010_0032_0032.jpg 1 33 10 32 32
0786_0015_0004_0064_0064.jpg 1 15 4 64 64
0787_0028_0015_0042_0042.jpg 1 28 15 42 42
0788_0033_0024_0037_0037.jpg 1 33 24 37 37
0789_0014_0034_0032_0032.jpg 1 14 34 32 32
0790_0006_0008_0069_0069.jpg 1 6 8 69 69
0791_0010_0028_0068_0068.jpg 1 10 28 68 68
0792_0045_0026_0028_0028.jpg 1 45 26 28 28
0793_0028_0013_0050_0050.jpg 1 28 13 50 50
0794_0007_0015_0028_0028.jpg 1 7 15 28 28
0795_0027_0026_0025_0025.jpg 1 27 26 25 25
0796_0035_0033_0053_0053.jpg 1 35 33 53 53
0797_0016_0005_0061_0061.jpg 1 16 5 61 61
0798_0012_0052_0040_0040.jpg 1 12 52 40 40
0799_0020_0030_0034_0034.jpg 1 20 30 34 34
0800_0008_0059_0029_0029.jpg 1 8 59 29 29
0801_0033_0007_0032_0032.jpg 1 33 7 32 32
0802_0029_0015_0029_0029.jpg 1 29 15 29 29
0803_0031_0035_0055_0055.jpg 1 31 35 55 55
0804_0011_0024_0038_0038.jpg 1 11 24 38 38
0805_0005_0020_0053_0053.jpg 1 5 20 53 53
0806_0015_0012_0034_0034.jpg 1 15 12 34 34
0807_0020_0034_0037_0037.jpg 1 20 34 37 37
0808_0004_0016_0061_0061.jpg 1 4 16 61 61
0809_0040_0027_0026_0026.jpg 1 40 27 26 26
0810_0042_0021_0036_0036.jpg 1 42 21 36 36
0811_0036_0014_0037_0037.jpg 1 36 14 37 37
0812_0018_0058_0025_0025.jpg 1 18 58 25 25
0813_0023_0018_0030_0030.jpg 1 23 18 30 30
0814_0019_0030_0044_0044.jpg 1 19 30 44 44
0815_0007_0059_0031_0031.jpg 1 7 59 31 31
0816_0024_0032_0037_0037.jpg 1 24 32 37 37
0817_0059_0036_0025_0025.jpg 1 59 36 25 25
0818_0009_0036_0033_0033.jpg 1 9 36 33 33
0819_0038_0044_0030_0030.jpg 1 38 44 30 30
0820_0008_0024_0060_0060.jpg 1 8 24 60 60
0821_0045_0030_0038_0038.jpg 1 45 30 38 38
0822_0046_0062_0026_0026.jpg 1 46 62 26 26
0823_0046_0048_0038_0038.jpg 1 46 48 38 38
0824_0030_0044_0046_0046.jpg 1 30 44 46 46
0825_0032_0026_0043_0043.jpg 1 32 26 43 43
0826_0036_0049_0040_0040.jpg 1 36 49 40 40
0827_0030_0012_0027_0027.jpg 1 30 12 27 27
0828_0023_0006_0045_0045.jpg 1 23 6 45 45
0829_0008_0013_0032_0032.jpg 1 8 13 32 32
0830_0015_0021_0066_0066.jpg 1 15 21 66 66
0831_0048_0049_0042_0042.jpg 1 48 49 42 42
0832_0018_0049_0025_0025.jpg 1 18 49 25 25
0833_0018_0019_0048_0048.jpg 1 18 19 48 48
0834_0022_0020_0035_0035.jpg 1 22 20 35 35
0835_0013_0013_0056_0056.jpg 1 13 13 56 56
0836_0016_0033_0051_0051.jpg 1 16 33 51 51
0837_0032_0026_0029_0029.jpg 1 32 26 29 29
0838_0014_0026_0053_0053.jpg 1 14 26 53 53
0839_0023_0006_0053_0053.jpg 1 23 6 53 53
0840_0041_0026_0029_0029.jpg 1 41 26 29 29
0841_0035_0036_0055_0055.jpg 1 35 36 55 55
0842_0040_0008_0041_0041.jpg 1 40 8 41 41
0843_0026_0010_0056_0056.jpg 1 26 10 56 56
0844_0014_0037_0048_0048.jpg 1 14 37 48 48
0845_0035_0009_0054_0054.jpg 1 35 9 54 54
0846_0005_0029_0056_0056.jpg 1 5 29 56 56
0847_0023_0014_0059_0059.jpg 1 23 14 59 59
0848_0040_0010_0037_0037.jpg 1 40 10 37 37
0849_0045_0019_0039_0039.jpg 1 45 19 39 39
0850_0038_0059_0031_0031.jpg 1 38 59 31 31
0851_0038_0013_0057_0057.jpg 1 38 13 57 57
0852_0035_0035_0057_0057.jpg 1 35 35 57 57
0853_0018_0015_0065_0065.jpg 1 18 15 65 65
0854_0055_0014_0031_0031.jpg 1 55 14 31 31
0855_0037_0019_0025_0025.jpg 1 37 19 25 25
0856_0058_0043_0026_0026.jpg 1 58 43 26 26
0857_0032_0031_0034_0034.jpg 1 32 31 34 34
0858_0022_0013_0034_0034.jpg 1 22 13 34 34
0859_0017_0018_0026_0026.jpg 1 17 18 26 26
0860_0023_0022_0043_0043.jpg 1 23 22 43 43
0861_0041_0039_0033_0033.jpg 1 41 39 33 33
0862_0024_0025_0052_0052.jpg 1 24 25 52 52
0863_0011_0013_0064_0064.jpg 1 11 13 64 64
0864_0055_0022_0029_0029.jpg 1 55 22 29 29
0865_0014_0025_0045_0045.jpg 1 14 25 45 45
0866_0035_0008_0036_0036.jpg 1 35 8 36 36
0867_0022_0017_0068_0068.jpg 1 22 17 68 68
0868_0021_0033_0062_0062.jpg 1 21 33 62 62
0869_0052_0008_0029_0029.jpg 1 52 8 29 29
0870_0027_0010_0065_0065.jpg 1 27 10 65 65
0871_0044_0026_0046_0046.jpg 1 44 26 46 46
0872_0028_0039_0054_0054.jpg 1 28 39 54 54
0873_0051_0042_0041_0041.jpg 1 51 42 41 41
0874_0039_0058_0028_0028.jpg 1 39 58 28 28
0875_0026_0008_0055_0055.jpg 1 26 8 55 55
0876_0014_0028_0063_0063.jpg 1 14 28 63 63
0877_0005_0015_0052_0052.jpg 1 5 15 52 52
0878_0029_0046_0046_0046.jpg 1 29 46 46 46
0879_0027_0019_0062_0062.jpg 1 27 19 62 62
0880_0042_0033_0052_0052.jpg 1 42 33 52 52
0881_0031_0008_0040_0040.jpg 1 31 8 40 40
0882_0012_0010_0068_0068.jpg 1 12 10 68 68
0883_0004_0023_0061_0061.jpg 1 4 23 61 61
0884_0054_0024_0039_0039.jpg 1 54 24 39 39
0885_0022_0046_0037_0037.jpg 1 22 46 37 37
0886_0019_0011_0064_0064.jpg 1 19 11 64 64
0887_0027_0025_0063_0063.jpg 1 27 25 63 63
0888_0046_0040_0041_0041.jpg 1 46 40 41 41
0889_0022_0024_0060_0060.jpg 1 22 24 60 60
0890_0021_0008_0052_0052.jpg 1 21 8 52 52
0891_0015_0032_0060_0060.jpg 1 15 32 60 60
0892_0044_0017_0050_0050.jpg 1 44 17 50 50
0893_0013_0048_0045_0045.jpg 1 13 48 45 45
0894_0009_0033_0034_0034.jpg 1 9 33 34 34
0895_0008_0027_0065_0065.jpg 1 8 27 65 65
0896_0054_0055_0029_0029.jpg 1 54 55 29 29
0897_0058_0058_0025_0025.jpg 1 58 58 25 25
0898_0035_0049_0041_0041.jpg 1 35 49 41 41
0899_0029_0031_0052_0052.jpg 1 29 31 52 52
0900_0014_0022_0050_0050.jpg 1 14 22 50 50
0901_0011_0018_0069_0069.jpg 1 11 18 69 69
0902_0043_0040_0025_0025.jpg 1 43 40 25 25
0903_0016_0014_0030_0030.jpg 1 16 14 30 30
0904_0037_0043_0028_0028.jpg 1 37 43 28 28
0905_0034_0028_0052_0052.jpg 1 34 28 52 52
0906_0026_0051_0032_0032.jpg 1 26 51 32 32
0907_0007_0032_0061_0061.jpg 1 7 32 61 61
0908_0032_0018_0039_0039.jpg 1 32 18 39 39
0909_0044_0034_0039_0039.jpg 1 44 34 39 39
0910_0031_0036_0026_0026.jpg 1 31 36 26 26
0911_0023_0031_0034_0034.jpg 1 23 31 34 34
0912_0038_0060_0031_0031.jpg 1 38 60 31 31
0913_0015_0027_0061_0061.jpg 1 15 27 61 61
0914_0005_0028_0058_0058.jpg 1 5 28 58 58
0915_0014_0027_0054_0054.jpg 1 14 27 54 54
0916_0025_0027_0058_0058.jpg 1 25 27 58 58
0917_0036_0053_0032_0032.jpg 1 36 53 32 32
0918_0036_0023_0041_0041.jpg 1 36 23 41 41
0919_0011_0041_0051_0051.jpg 1 11 41 51 51
0920_0046_0034_0045_0045.jpg 1 46 34 45 45
0921_0019_0013_0043_0043.jpg 1 19 13 43 43
0922_0008_0011_0069_0069.jpg 1 8 11 69 69
0923_0012_0012_0067_0067.jpg 1 12 12 67 67
0924_0048_0027_0030_0030.jpg 1 48 27 30 30
0925_0025_0018_0069_0069.jpg 1 25 18 69 69
0926_0048_0032_0045_0045.jpg 1 48 32 45 45
0927_0035_0045_0043_0043.jpg 1 35 45 43 43
0928_0047_0031_0037_0037.jpg 1 47 31 37 37
0929_0007_0018_0060_0060.jpg 1 7 18 60 60
0930_0042_0047_0032_0032.jpg 1 42 47 32 32
0931_0007_0017_0065_0065.jpg 1 7 17 65 65
0932_0015_0020_0066_0066.jpg 1 15 20 66 66
0933_0024_0046_0041_0041.jpg 1 24 46 41 41
0934_0023_0030_0053_0053.jpg 1 23 30 53 53
0935_0011_0023_0059_0059.jpg 1 11 23 59 59
0936_0017_0030_0041_0041.jpg 1 17 30 41 41
0937_0013_0030_0056_0056.jpg 1 13 30 56 56
0938_0008_0057_0026_0026.jpg 1 8 57 26 26
0939_0024_0037_0036_0036.jpg 1 24 37 36 36
0940_0055_0037_0031_0031.jpg 1 55 37 31 31
0941_0043_0036_0027_0027.jpg 1 43 36 27 27
0942_0021_0004_0069_0069.jpg 1 21 4 69 69
0943_0036_0040_0044_0044.jpg 1 36 40 44 44
0944_0020_0023_0067_0067.jpg 1 20 23 67 67
0945_0006_0016_0038_0038.jpg 1 6 16 38 38
0946_0006_0050_0041_0041.jpg 1 6 50 41 41
0947_0020_0012_0061_0061.jpg 1 20 12 61 61
0948_0023_0031_0065_0065.jpg 1 23 31 65 65
0949_0041_0034_0047_0047.jpg 1 41 34 47 47
0950_0008_0031_0037_0037.jpg 1 8 31 37 37
0951_0035_0031_0055_0055.jpg 1 35 31 55 55
0952_0053_0050_0032_0032.jpg 1 53 50 32 32
0953_0011_0022_0035_0035.jpg 1 11 22 35 35
0954_0043_0037_0035_0035.jpg 1 43 37 35 35
0955_0020_0020_0069_0069.jpg 1 20 20 69 69
0956_0035_0011_0028_0028.jpg 1 35 11 28 28
0957_0018_0006_0059_0059.jpg 1 18 6 59 59
0958_0018_0006_0062_0062.jpg 1 18 6 62 62
0959_0011_0008_0054_0054.jpg 1 11 8 54 54
0960_0006_0040_0045_0045.jpg 1 6 40 45 45
0961_0008_0036_0030_0030.jpg 1 8 36 30 30
0962_0015_0036_0049_0049.jpg 1 15 36 49 49
0963_0010_0040_0045_0045.jpg 1 10 40 45 45
0964_0017_0008_0048_0048.jpg 1 17 8 48 48
0965_0040_0019_0043_0043.jpg 1 40 19 43 43
0966_0032_0047_0038_0038.jpg 1 32 47 38 38
0967_0037_0006_0054_0054.jpg 1 37 6 54 54
0968_0012_0025_0055_0055.jpg 1 12 25 55 55
0969_0029_0007_0066_0066.jpg 1 29 7 66 66
0970_0049_0014_0042_0042.jpg 1 49 14 42 42
0971_0018_0008_0049_0049.jpg 1 18 8 49 49
0972_0019_0024_0053_0053.jpg 1 19 24 53 53
0973_0013_0022_0029_0029.jpg 1 13 22 29 29
0974_0015_0018_0058_0058.jpg 1 15 18 58 58
0975_0042_0025_0039_0039.jpg 1 42 25 39 39
0976_0039_0019_0037_0037.jpg 1 39 19 37 37
0977_0053_0031_0039_0039.jpg 1 53 31 39 39
0978_0034_0032_0039_0039.jpg 1 34 32 39 39
0979_0048_0029_0039_0039.jpg 1 48 29 39 39
0980_0019_0030_0059_0059.jpg 1 19 30 59 59
0981_0011_0031_0045_0045.jpg 1 11 31 45 45
0982_0010_0020_0042_0042.jpg 1 10 20 42 42
0983_0020_0036_0031_0031.jpg 1 20 36 31 31
0984_0052_0033_0034_0034.jpg 1 52 33 34 34
0985_0021_0010_0068_0068.jpg 1 21 10 68 68
0986_0005_0027_0065_0065.jpg 1 5 27 65 65
0987_0020_0011_0067_0067.jpg 1 20 11 67 67
0988_0021_0039_0027_0027.jpg 1 21 39 27 27
0989_0031_0027_0039_0039.jpg 1 31 27 39 39
0990_0058_0048_0024_0024.jpg 1 58 48 24 24
0991_0040_0049_0033_0033.jpg 1 40 49 33 33
0992_0044_0018_0041_0041.jpg 1 44 18 41 41
0993_0054_0043_0030_0030.jpg 1 54 43 30 30
0994_0018_0023_0057_0057.jpg 1 18 23 57 57
0995_0064_0052_0024_0024.jpg 1 64 52 24 24
0996_0038_0042_0039_0039.jpg 1 38 42 39 39
0997_0011_0016_0068_0068.jpg 1 11 16 68 68
0998_0055_0037_0030_0030.jpg 1 55 37 30 30
0999_0058_0040_0029_0029.jpg 1 58 40 29 29
1000_0038_0024_0044_0044.jpg 1 38 24 44 44
1001_0006_0012_0062_0062.jpg 1 6 12 62 62
1002_0005_0019_0049_0049.jpg 1 5 19 49 49
1003_0018_0005_0057_0057.jpg 1 18 5 57 57
1004_0018_0006_0069_0069.jpg 1 18 6 69 69
1005_0015_0040_0051_0051.jpg 1 15 40 51 51
1006_0013_0026_0053_0053.jpg 1 13 26 53 53
1007_0013_0021_0069_0069.jpg 1 13 21 69 69
1008_0021_0006_0062_0062.jpg 1 21 6 62 62
1009_0018_0018_0062_0062.jpg 1 18 18 62 62
1010_0013_0031_0054_0054.jpg 1 13 31 54 54
1011_0012_0017_0055_0055.jpg 1 12 17 55 55
1012_0048_0025_0044_0044.jpg 1 48 25 44 44
1013_0013_0021_0069_0069.jpg 1 13 21 69 69
1014_0008_0047_0028_0028.jpg 1 8 47 28 28
1015_0014_0010_0064_0064.jpg 1 14 10 64 64
1016_0029_0035_0056_0056.jpg 1 29 35 56 56
1017_0007_0037_0048_0048.jpg 1 7 37 48 48
1018_0005_0018_0046_0046.jpg 1 5 18 46 46
1019_0012_0043_0037_0037.jpg 1 12 43 37 37
1020_0021_0011_0056_0056.jpg 1 21 11 56 56
1021_0008_0020_0062_0062.jpg 1 8 20 62 62
1022_0021_0032_0052_0052.jpg 1 21 32 52 52
1023_0015_0020_0050_0050.jpg 1 15 20 50 50
1024_0013_0061_0029_0029.jpg 1 13 61 29 29
1025_0010_0015_0061_0061.jpg 1 10 15 61 61
1026_0042_0013_0031_0031.jpg 1 42 13 31 31
1027_0032_0013_0059_0059.jpg 1 32 13 59 59
1028_0056_0027_0025_0025.jpg 1 56 27 25 25
1029_0011_0031_0059_0059.jpg 1 11 31 59 59
1030_0024_0017_0037_0037.jpg 1 24 17 37 37
1031_0037_0027_0046_0046.jpg 1 37 27 46 46
1032_0061_0062_0025_0025.jpg 1 61 62 25 25
1033_0054_0032_0031_0031.jpg 1 54 32 31 31
1034_0014_0024_0047_0047.jpg 1 14 24 47 47
1035_0008_0027_0056_0056.jpg 1 8 27 56 56
1036_0038_0017_0024_0024.jpg 1 38 17 24 24
1037_0009_0033_0059_0059.jpg 1 9 33 59 59
1038_0067_0062_0025_0025.jpg 1 67 62 25 25
1039_0025_0030_0044_0044.jpg 1 25 30 44 44
1040_0024_0031_0042_0042.jpg 1 24 31 42 42
1041_0030_0048_0038_0038.jpg 1 30 48 38 38
1042_0024_0043_0050_0050.jpg 1 24 43 50 50
1043_0047_0039_0035_0035.jpg 1 47 39 35 35
1044_0014_0019_0064_0064.jpg 1 14 19 64 64
1045_0049_0014_0028_0028.jpg 1 49 14 28 28
1046_0042_0023_0049_0049.jpg 1 42 23 49 49
1047_0026_0038_0048_0048.jpg 1 26 38 48 48
1048_0009_0030_0049_0049.jpg 1 9 30 49 49
1049_0025_0011_0061_0061.jpg 1 25 11 61 61
1050_0012_0030_0062_0062.jpg 1 12 30 62 62
1051_0014_0005_0064_0064.jpg 1 14 5 64 64
1052_0013_0039_0049_0049.jpg 1 13 39 49 49
1053_0044_0022_0027_0027.jpg 1 44 22 27 27
1054_0013_0014_0049_0049.jpg 1 13 14 49 49
1055_0019_0019_0058_0058.jpg 1 19 19 58 58
1056_0037_0013_0054_0054.jpg 1 37 13 54 54
1057_0026_0013_0049_0049.jpg 1 26 13 49 49
1058_0033_0062_0030_0030.jpg 1 33 62 30 30
1059_0043_0024_0038_0038.jpg 1 43 24 38 38
1060_0014_0010_0063_0063.jpg 1 14 10 63 63
1061_0009_0048_0030_0030.jpg 1 9 48 30 30
1062_0015_0032_0049_0049.jpg 1 15 32 49 49
1063_0019_0025_0069_0069.jpg 1 19 25 69 69
1064_0017_0017_0069_0069.jpg 1 17 17 69 69
1065_0015_0044_0046_0046.jpg 1 15 44 46 46
1066_0020_0009_0047_0047.jpg 1 20 9 47 47
1067_0033_0014_0048_0048.jpg 1 33 14 48 48
1068_0047_0013_0032_0032.jpg 1 47 13 32 32
1069_0037_0046_0030_0030.jpg 1 37 46 30 30
1070_0034_0052_0031_0031.jpg 1 34 52 31 31
1071_0034_0025_0046_0046.jpg 1 34 25 46 46
1072_0041_0035_0030_0030.jpg 1 41 35 30 30
1073_0056_0038_0033_0033.jpg 1 56 38 33 33
1074_0021_0028_0048_0048.jpg 1 21 28 48 48
1075_0019_0020_0066_0066.jpg 1 19 20 66 66
1076_0020_0043_0031_0031.jpg 1 20 43 31 31
1077_0035_0020_0055_0055.jpg 1 35 20 55 55
1078_0014_0027_0062_0062.jpg 1 14 27 62 62
1079_0026_0028_0043_0043.jpg 1 26 28 43 43
1080_0022_0028_0033_0033.jpg 1 22 28 33 33
1081_0007_0028_0041_0041.jpg 1 7 28 41 41
1082_0020_0004_0058_0058.jpg 1 20 4 58 58
1083_0039_0036_0026_0026.jpg 1 39 36 26 26
1084_0016_0032_0050_0050.jpg 1 16 32 50 50
1085_0025_0025_0051_0051.jpg 1 25 25 51 51
1086_0011_0030_0035_0035.jpg 1 11 30 35 35
1087_0025_0028_0062_0062.jpg 1 25 28 62 62
1088_0031_0061_0024_0024.jpg 1 31 61 24 24
1089_0044_0040_0049_0049.jpg 1 44 40 49 49
1090_0019_0054_0030_0030.jpg 1 19 54 30 30
1091_0025_0013_0048_0048.jpg 1 25 13 48 48
1092_0038_0010_0034_0034.jpg 1 38 10 34 34
1093_0015_0015_0053_0053.jpg 1 15 15 53 53
1094_0011_0018_0060_0060.jpg 1 11 18 60 60
1095_0052_0050_0028_0028.jpg 1 52 50 28 28
1096_0010_0028_0068_0068.jpg 1 10 28 68 68
1097_0043_0013_0030_0030.jpg 1 43 13 30 30
1098_0027_0025_0063_0063.jpg 1 27 25 63 63
1099_0065_0020_0025_0025.jpg 1 65 20 25 25
1100_0032_0007_0054_0054.jpg 1 32 7 54 54
1101_0049_0033_0028_0028.jpg 1 49 33 28 28
1102_0057_0014_0024_0024.jpg 1 57 14 24 24
1103_0018_0025_0028_0028.jpg 1 18 25 28 28
1104_0045_0023_0027_0027.jpg 1 45 23 27 27
1105_0007_0014_0056_0056.jpg 1 7 14 56 56
1106_0017_0016_0025_0025.jpg 1 17 16 25 25
1107_0029_0008_0061_0061.jpg 1 29 8 61 61
1108_0032_0039_0026_0026.jpg 1 32 39 26 26
1109_0017_0007_0061_0061.jpg 1 17 7 61 61
1110_0031_0041_0040_0040.jpg 1 31 41 40 40
1111_0026_0029_0059_0059.jpg 1 26 29 59 59
1112_0022_0005_0056_0056.jpg 1 22 5 56 56
1113_0010_0025_0057_0057.jpg 1 10 25 57 57
1114_0035_0013_0052_0052.jpg 1 35 13 52 52
1115_0025_0047_0028_0028.jpg 1 25 47 28 28
1116_0041_0039_0043_0043.jpg 1 41 39 43 43
1117_0019_0007_0054_0054.jpg 1 19 7 54 54
1118_0033_0014_0036_0036.jpg 1 33 14 36 36
1119_0033_0013_0059_0059.jpg 1 33 13 59 59
1120_0036_0031_0031_0031.jpg 1 36 31 31 31
1121_0014_0030_0039_0039.jpg 1 14 30 39 39
1122_0041_0045_0027_0027.jpg 1 41 45 27 27
1123_0027_0032_0047_0047.jpg 1 27 32 47 47
1124_0024_0010_0064_0064.jpg 1 24 10 64 64
1125_0023_0007_0066_0066.jpg 1 23 7 66 66
1126_0016_0054_0036_0036.jpg 1 16 54 36 36
1127_0056_0056_0035_0035.jpg 1 56 56 35 35
1128_0051_0046_0028_0028.jpg 1 51 46 28 28
1129_0020_0049_0031_0031.jpg 1 20 49 31 31
1130_0033_0006_0061_0061.jpg 1 33 6 61 61
1131_0031_0010_0054_0054.jpg 1 31 10 54 54
1132_0027_0019_0043_0043.jpg 1 27 19 43 43
1133_0010_0037_0055_0055.jpg 1 10 37 55 55
1134_0017_0028_0065_0065.jpg 1 17 28 65 65
1135_0006_0008_0041_0041.jpg 1 6 8 41 41
1136_0043_0023_0028_0028.jpg 1 43 23 28 28
1137_0044_0026_0036_0036.jpg 1 44 26 36 36
1138_0017_0027_0052_0052.jpg 1 17 27 52 52
1139_0036_0007_0057_0057.jpg 1 36 7 57 57
1140_0013_0023_0024_0024.jpg 1 13 23 24 24
1141_0037_0007_0056_0056.jpg 1 37 7 56 56
1142_0010_0034_0028_0028.jpg 1 10 34 28 28
1143_0041_0023_0046_0046.jpg 1 41 23 46 46
1144_0040_0013_0053_0053.jpg 1 40 13 53 53
1145_0017_0051_0025_0025.jpg 1 17 51 25 25
1146_0007_0029_0052_0052.jpg 1 7 29 52 52
1147_0034_0010_0054_0054.jpg 1 34 10 54 54
1148_0020_0003_0067_0067.jpg 1 20 3 67 67
1149_0007_0017_0036_0036.jpg 1 7 17 36 36
1150_0027_0017_0045_0045.jpg 1 27 17 45 45
1151_0023_0038_0057_0057.jpg 1 23 38 57 57
1152_0024_0043_0044_0044.jpg 1 24 43 44 44
1153_0048_0042_0028_0028.jpg 1 48 42 28 28
1154_0011_0049_0028_0028.jpg 1 11 49 28 28
1155_0033_0014_0054_0054.jpg 1 33 14 54 54
1156_0022_0031_0049_0049.jpg 1 22 31 49 49
1157_0030_0042_0049_0049.jpg 1 30 42 49 49
1158_0014_0011_0053_0053.jpg 1 14 11 53 53
1159_0019_0039_0039_0039.jpg 1 19 39 39 39
1160_0033_0028_0033_0033.jpg 1 33 28 33 33
1161_0008_0018_0058_0058.jpg 1 8 18 58 58
1162_0015_0015_0056_0056.jpg 1 15 15 56 56
1163_0027_0040_0030_0030.jpg 1 27 40 30 30
1164_0040_0048_0028_0028.jpg 1 40 48 28 28
1165_0034_0017_0036_0036.jpg 1 34 17 36 36
1166_0004_0018_0059_0059.jpg 1 4 18 59 59
1167_0031_0016_0061_0061.jpg 1 31 16 61 61
1168_0024_0030_0061_0061.jpg 1 24 30 61 61
1169_0017_0030_0049_0049.jpg 1 17 30 49 49
1170_0032_0017_0053_0053.jpg 1 32 17 53 53
1171_0013_0024_0043_0043.jpg 1 13 24 43 43
1172_0034_0008_0059_0059.jpg 1 34 8 59 59
1173_0049_0055_0038_0038.jpg 1 49 55 38 38
1174_0011_0043_0039_0039.jpg 1 11 43 39 39
1175_0035_0020_0051_0051.jpg 1 35 20 51 51
1176_0034_0021_0053_0053.jpg 1 34 21 53 53
1177_0026_0049_0035_0035.jpg 1 26 49 35 35
1178_0008_0023_0046_0046.jpg 1 8 23 46 46
1179_0033_0016_0029_0029.jpg 1 33 16 29 29
1180_0026_0049_0034_0034.jpg 1 26 49 34 34
1181_0025_0027_0065_0065.jpg 1 25 27 65 65
1182_0035_0050_0032_0032.jpg 1 35 50 32 32
1183_0022_0030_0063_0063.jpg 1 22 30 63 63
1184_0040_0008_0051_0051.jpg 1 40 8 51 51
1185_0008_0014_0062_0062.jpg 1 8 14 62 62
1186_0035_0029_0027_0027.jpg 1 35 29 27 27
1187_0037_0012_0054_0054.jpg 1 37 12 54 54
1188_0014_0022_0059_0059.jpg 1 14 22 59 59
1189_0028_0029_0044_0044.jpg 1 28 29 44 44
1190_0008_0038_0042_0042.jpg 1 8 38 42 42
1191_0017_0013_0068_0068.jpg 1 17 13 68 68
1192_0043_0025_0047_0047.jpg 1 43 25 47 47
1193_0011_0010_0069_0069.jpg 1 11 10 69 69
1194_0022_0017_0050_0050.jpg 1 22 17 50 50
1195_0025_0033_0059_0059.jpg 1 25 33 59 59
1196_0014_0016_0067_0067.jpg 1 14 16 67 67
1197_0022_0025_0054_0054.jpg 1 22 25 54 54
1198_0007_0011_0068_0068.jpg 1 7 11 68 68
1199_0032_0036_0057_0057.jpg 1 32 36 57 57
1200_0021_0017_0061_0061.jpg 1 21 17 61 61
1201_0029_0034_0060_0060.jpg 1 29 34 60 60
1202_0021_0049_0028_0028.jpg 1 21 49 28 28
1203_0019_0026_0060_0060.jpg 1 19 26 60 60
1204_0027_0020_0065_0065.jpg 1 27 20 65 65
1205_0049_0023_0029_0029.jpg 1 49 23 29 29
1206_0031_0032_0055_0055.jpg 1 31 32 55 55
1207_0017_0043_0035_0035.jpg 1 17 43 35 35
1208_0036_0027_0040_0040.jpg 1 36 27 40 40
1209_0009_0037_0039_0039.jpg 1 9 37 39 39
1210_0026_0007_0049_0049.jpg 1 26 7 49 49
1211_0038_0014_0034_0034.jpg 1 38 14 34 34
1212_0029_0018_0064_0064.jpg 1 29 18 64 64
1213_0023_0007_0039_0039.jpg 1 23 7 39 39
1214_0010_0037_0051_0051.jpg 1 10 37 51 51
1215_0008_0049_0040_0040.jpg 1 8 49 40 40
1216_0037_0039_0026_0026.jpg 1 37 39 26 26
1217_0034_0032_0045_0045.jpg 1 34 32 45 45
1218_0017_0029_0025_0025.jpg 1 17 29 25 25
1219_0010_0006_0068_0068.jpg 1 10 6 68 68
1220_0030_0026_0039_0039.jpg 1 30 26 39 39
1221_0007_0010_0035_0035.jpg 1 7 10 35 35
1222_0013_0037_0044_0044.jpg 1 13 37 44 44
1223_0008_0030_0038_0038.jpg 1 8 30 38 38
1224_0016_0043_0033_0033.jpg 1 16 43 33 33
1225_0028_0006_0034_0034.jpg 1 28 6 34 34
1226_0047_0009_0028_0028.jpg 1 47 9 28 28
1227_0052_0022_0029_0029.jpg 1 52 22 29 29
1228_0016_0023_0026_0026.jpg 1 16 23 26 26
1229_0014_0036_0034_0034.jpg 1 14 36 34 34
1230_0033_0038_0032_0032.jpg 1 33 38 32 32
1231_0036_0031_0027_0027.jpg 1 36 31 27 27
1232_0030_0010_0058_0058.jpg 1 30 10 58 58
1233_0035_0007_0046_0046.jpg 1 35 7 46 46
1234_0047_0017_0024_0024.jpg 1 47 17 24 24
1235_0042_0021_0053_0053.jpg 1 42 21 53 53
1236_0019_0044_0042_0042.jpg 1 19 44 42 42
1237_0007_0013_0063_0063.jpg 1 7 13 63 63
1238_0012_0017_0048_0048.jpg 1 12 17 48 48
1239_0009_0006_0045_0045.jpg 1 9 6 45 45
1240_0027_0014_0034_0034.jpg 1 27 14 34 34
1241_0050_0006_0037_0037.jpg 1 50 6 37 37
1242_0038_0034_0050_0050.jpg 1 38 34 50 50
1243_0028_0027_0054_0054.jpg 1 28 27 54 54
1244_0055_0032_0032_0032.jpg 1 55 32 32 32
1245_0029_0030_0047_0047.jpg 1 29 30 47 47
1246_0007_0014_0042_0042.jpg 1 7 14 42 42
1247_0016_0021_0049_0049.jpg 1 16 21 49 49
1248_0026_0017_0060_0060.jpg 1 26 17 60 60
1249_0023_0007_0049_0049.jpg 1 23 7 49 49
1250_0006_0025_0064_0064.jpg 1 6 25 64 64
1251_0025_0035_0043_0043.jpg 1 25 35 43 43
1252_0011_0021_0067_0067.jpg 1 11 21 67 67
1253_0024_0010_0041_0041.jpg 1 24 10 41 41
1254_0035_0007_0053_0053.jpg 1 35 7 53 53
1255_0030_0024_0042_0042.jpg 1 30 24 42 42
1256_0025_0005_0069_0069.jpg 1 25 5 69 69
1257_0019_0032_0038_0038.jpg 1 19 32 38 38
1258_0016_0011_0046_0046.jpg 1 16 11 46 46
1259_0031_0010_0057_0057.jpg 1 31 10 57 57
1260_0008_0006_0064_0064.jpg 1 8 6 64 64
1261_0050_0055_0038_0038.jpg 1 50 55 38 38
1262_0030_0031_0059_0059.jpg 1 30 31 59 59
1263_0019_0029_0067_0067.jpg 1 19 29 67 67
1264_0031_0018_0044_0044.jpg 1 31 18 44 44
1265_0028_0028_0028_0028.jpg 1 28 28 28 28
1266_0009_0005_0067_0067.jpg 1 9 5 67 67
1267_0051_0053_0025_0025.jpg 1 51 53 25 25
1268_0007_0017_0067_0067.jpg 1 7 17 67 67
1269_0017_0025_0063_0063.jpg 1 17 25 63 63
1270_0027_0032_0057_0057.jpg 1 27 32 57 57
1271_0020_0019_0049_0049.jpg 1 20 19 49 49
1272_0023_0014_0061_0061.jpg 1 23 14 61 61
1273_0017_0056_0036_0036.jpg 1 17 56 36 36
1274_0010_0046_0040_0040.jpg 1 10 46 40 40
1275_0046_0040_0028_0028.jpg 1 46 40 28 28
1276_0027_0011_0039_0039.jpg 1 27 11 39 39
1277_0051_0040_0040_0040.jpg 1 51 40 40 40
1278_0015_0048_0032_0032.jpg 1 15 48 32 32
1279_0040_0022_0036_0036.jpg 1 40 22 36 36
1280_0014_0049_0041_0041.jpg 1 14 49 41 41
1281_0033_0006_0060_0060.jpg 1 33 6 60 60
1282_0023_0039_0050_0050.jpg 1 23 39 50 50
1283_0060_0052_0025_0025.jpg 1 60 52 25 25
1284_0049_0060_0029_0029.jpg 1 49 60 29 29
1285_0037_0019_0043_0043.jpg 1 37 19 43 43
1286_0024_0047_0036_0036.jpg 1 24 47 36 36
1287_0041_0008_0037_0037.jpg 1 41 8 37 37
1288_0045_0005_0046_0046.jpg 1 45 5 46 46
1289_0021_0013_0025_0025.jpg 1 21 13 25 25
1290_0017_0026_0033_0033.jpg 1 17 26 33 33
1291_0017_0034_0044_0044.jpg 1 17 34 44 44
1292_0039_0020_0045_0045.jpg 1 39 20 45 45
1293_0029_0040_0049_0049.jpg 1 29 40 49 49
1294_0009_0011_0063_0063.jpg 1 9 11 63 63
1295_0026_0011_0069_0069.jpg 1 26 11 69 69
1296_0021_0027_0054_0054.jpg 1 21 27 54 54
1297_0049_0046_0045_0045.jpg 1 49 46 45 45
1298_0016_0021_0068_0068.jpg 1 16 21 68 68
1299_0028_0029_0051_0051.jpg 1 28 29 51 51
1300_0062_0007_0029_0029.jpg 1 62 7 29 29
1301_0030_0041_0046_0046.jpg 1 30 41 46 46
1302_0028_0008_0047_0047.jpg 1 28 8 47 47
1303_0019_0039_0048_0048.jpg 1 19 39 48 48
1304_0021_0008_0027_0027.jpg 1 21 8 27 27
1305_0015_0018_0028_0028.jpg 1 15 18 28 28
1306_0049_0053_0040_0040.jpg 1 49 53 40 40
1307_0063_0049_0024_0024.jpg 1 63 49 24 24
1308_0030_0018_0026_0026.jpg 1 30 18 26 26
1309_0020_0012_0054_0054.jpg 1 20 12 54 54
1310_0036_0018_0051_0051.jpg 1 36 18 51 51
1311_0052_0013_0024_0024.jpg 1 52 13 24 24
1312_0025_0022_0037_0037.jpg 1 25 22 37 37
1313_0045_0052_0027_0027.jpg 1 45 52 27 27
1314_0036_0038_0046_0046.jpg 1 36 38 46 46
1315_0048_0041_0033_0033.jpg 1 48 41 33 33
1316_0041_0006_0033_0033.jpg 1 41 6 33 33
1317_0009_0039_0042_0042.jpg 1 9 39 42 42
1318_0035_0035_0053_0053.jpg 1 35 35 53 53
1319_0008_0017_0054_0054.jpg 1 8 17 54 54
1320_0042_0007_0038_0038.jpg 1 42 7 38 38
1321_0017_0018_0058_0058.jpg 1 17 18 58 58
1322_0017_0029_0057_0057.jpg 1 17 29 57 57
1323_0055_0041_0032_0032.jpg 1 55 41 32 32
1324_0012_0033_0059_0059.jpg 1 12 33 59 59
1325_0017_0040_0029_0029.jpg 1 17 40 29 29
1326_0020_0020_0045_0045.jpg 1 20 20 45 45
1327_0035_0015_0046_0046.jpg 1 35 15 46 46
1328_0047_0058_0024_0024.jpg 1 47 58 24 24
1329_0008_0035_0035_0035.jpg 1 8 35 35 35
1330_0041_0056_0027_0027.jpg 1 41 56 27 27
1331_0026_0012_0024_0024.jpg 1 26 12 24 24
1332_0015_0008_0062_0062.jpg 1 15 8 62 62
1333_0025_0019_0054_0054.jpg 1 25 19 54 54
1334_0026_0010_0069_0069.jpg 1 26 10 69 69
1335_0012_0017_0062_0062.jpg 1 12 17 62 62
1336_0019_0016_0042_0042.jpg 1 19 16 42 42
1337_0055_0055_0033_0033.jpg 1 55 55 33 33
1338_0008_0031_0048_0048.jpg 1 8 31 48 48
1339_0031_0015_0060_0060.jpg 1 31 15 60 60
1340_0038_0040_0045_0045.jpg 1 38 40 45 45
1341_0016_0016_0051_0051.jpg 1 16 16 51 51
1342_0013_0063_0024_0024.jpg 1 13 63 24 24
1343_0015_0014_0042_0042.jpg 1 15 14 42 42
1344_0012_0031_0064_0064.jpg 1 12 31 64 64
1345_0045_0010_0049_0049.jpg 1 45 10 49 49
1346_0067_0019_0025_0025.jpg 1 67 19 25 25
1347_0022_0011_0034_0034.jpg 1 22 11 34 34
1348_0029_0058_0026_0026.jpg 1 29 58 26 26
1349_0033_0008_0032_0032.jpg 1 33 8 32 32
1350_0013_0018_0058_0058.jpg 1 13 18 58 58
1351_0007_0004_0067_0067.jpg 1 7 4 67 67
1352_0014_0033_0059_0059.jpg 1 14 33 59 59
1353_0018_0013_0066_0066.jpg 1 18 13 66 66
1354_0046_0011_0024_0024.jpg 1 46 11 24 24
1355_0023_0022_0064_0064.jpg 1 23 22 64 64
1356_0043_0023_0050_0050.jpg 1 43 23 50 50
1357_0013_0006_0061_0061.jpg 1 13 6 61 61
1358_0029_0058_0032_0032.jpg 1 29 58 32 32
1359_0005_0009_0044_0044.jpg 1 5 9 44 44
1360_0007_0033_0057_0057.jpg 1 7 33 57 57
1361_0011_0027_0069_0069.jpg 1 11 27 69 69
1362_0037_0041_0037_0037.jpg 1 37 41 37 37
1363_0054_0060_0026_0026.jpg 1 54 60 26 26
1364_0025_0049_0034_0034.jpg 1 25 49 34 34
1365_0026_0020_0059_0059.jpg 1 26 20 59 59
1366_0019_0057_0027_0027.jpg 1 19 57 27 27
1367_0014_0013_0066_0066.jpg 1 14 13 66 66
1368_0027_0003_0066_0066.jpg 1 27 3 66 66
1369_0035_0008_0026_0026.jpg 1 35 8 26 26
1370_0016_0027_0040_0040.jpg 1 16 27 40 40
1371_0020_0043_0047_0047.jpg 1 20 43 47 47
1372_0045_0019_0048_0048.jpg 1 45 19 48 48
1373_0041_0026_0052_0052.jpg 1 41 26 52 52
1374_0026_0031_0027_0027.jpg 1 26 31 27 27
1375_0014_0022_0050_0050.jpg 1 14 22 50 50
1376_0039_0007_0043_0043.jpg 1 39 7 43 43
1377_0028_0031_0043_0043.jpg 1 28 31 43 43
1378_0028_0027_0067_0067.jpg 1 28 27 67 67
1379_0021_0035_0030_0030.jpg 1 21 35 30 30
1380_0032_0031_0059_0059.jpg 1 32 31 59 59
1381_0048_0036_0044_0044.jpg 1 48 36 44 44
1382_0046_0033_0046_0046.jpg 1 46 33 46 46
1383_0015_0015_0043_0043.jpg 1 15 15 43 43
1384_0011_0019_0066_0066.jpg 1 11 19 66 66
1385_0038_0041_0027_0027.jpg 1 38 41 27 27
1386_0029_0015_0057_0057.jpg 1 29 15 57 57
1387_0008_0006_0049_0049.jpg 1 8 6 49 49
1388_0041_0030_0047_0047.jpg 1 41 30 47 47
1389_0024_0028_0062_0062.jpg 1 24 28 62 62
1390_0006_0030_0059_0059.jpg 1 6 30 59 59
1391_0048_0010_0026_0026.jpg 1 48 10 26 26
1392_0065_0015_0025_0025.jpg 1 65 15 25 25
1393_0055_0055_0030_0030.jpg 1 55 55 30 30
1394_0020_0008_0055_0055.jpg 1 20 8 55 55
1395_0043_0013_0050_0050.jpg 1 43 13 50 50
1396_0042_0007_0044_0044.jpg 1 42 7 44 44
1397_0021_0007_0061_0061.jpg 1 21 7 61 61
1398_0016_0007_0052_0052.jpg 1 16 7 52 52
1399_0016_0026_0059_0059.jpg 1 16 26 59 59
1400_0017_0056_0028_0028.jpg 1 17 56 28 28
1401_0024_0006_0068_0068.jpg 1 24 6 68 68
1402_0038_0037_0049_0049.jpg 1 38 37 49 49
1403_0020_0028_0067_0067.jpg 1 20 28 67 67
1404_0004_0004_0054_0054.jpg 1 4 4 54 54
1405_0012_0050_0035_0035.jpg 1 12 50 35 35
1406_0019_0009_0040_0040.jpg 1 19 9 40 40
1407_0039_0049_0028_0028.jpg 1 39 49 28 28
1408_0005_0024_0064_0064.jpg 1 5 24 64 64
1409_0018_0033_0058_0058.jpg 1 18 33 58 58
1410_0027_0035_0056_0056.jpg 1 27 35 56 56
1411_0012_0045_0043_0043.jpg 1 12 45 43 43
1412_0017_0009_0058_0058.jpg 1 17 9 58 58
1413_0023_0028_0044_0044.jpg 1 23 28 44 44
1414_0017_0017_0048_0048.jpg 1 17 17 48 48
1415_0011_0006_0059_0059.jpg 1 11 6 59 59
1416_0033_0021_0028_0028.jpg 1 33 21 28 28
1417_0015_0012_0057_0057.jpg 1 15 12 57 57
1418_0017_0019_0062_0062.jpg 1 17 19 62 62
1419_0040_0031_0037_0037.jpg 1 40 31 37 37
1420_0026_0048_0035_0035.jpg 1 26 48 35 35
1421_0015_0057_0032_0032.jpg 1 15 57 32 32
1422_0004_0020_0068_0068.jpg 1 4 20 68 68
1423_0021_0010_0062_0062.jpg 1 21 10 62 62
1424_0007_0019_0063_0063.jpg 1 7 19 63 63
1425_0023_0015_0035_0035.jpg 1 23 15 35 35
1426_0028_0024_0030_0030.jpg 1 28 24 30 30
1427_0019_0023_0029_0029.jpg 1 19 23 29 29
1428_0043_0006_0039_0039.jpg 1 43 6 39 39
1429_0006_0014_0060_0060.jpg 1 6 14 60 60
1430_0015_0012_0069_0069.jpg 1 15 12 69 69
1431_0036_0025_0043_0043.jpg 1 36 25 43 43
1432_0012_0034_0045_0045.jpg 1 12 34 45 45
1433_0031_0020_0040_0040.jpg 1 31 20 40 40
1434_0012_0028_0067_0067.jpg 1 12 28 67 67
1435_0010_0008_0064_0064.jpg 1 10 8 64 64
1436_0037_0035_0051_0051.jpg 1 37 35 51 51
1437_0042_0029_0042_0042.jpg 1 42 29 42 42
1438_0050_0054_0030_0030.jpg 1 50 54 30 30
1439_0025_0029_0056_0056.jpg 1 25 29 56 56
1440_0026_0010_0029_0029.jpg 1 26 10 29 29
1441_0024_0023_0034_0034.jpg 1 24 23 34 34
1442_0028_0013_0066_0066.jpg 1 28 13 66 66
1443_0028_0019_0066_0066.jpg 1 28 19 66 66
1444_0013_0015_0038_0038.jpg 1 13 15 38 38
1445_0036_0015_0034_0034.jpg 1 36 15 34 34
1446_0016_0008_0068_0068.jpg 1 16 8 68 68
1447_0025_0033_0057_0057.jpg 1 25 33 57 57
1448_0005_0004_0067_0067.jpg 1 5 4 67 67
1449_0055_0030_0029_0029.jpg 1 55 30 29 29
1450_0007_0020_0048_0048.jpg 1 7 20 48 48
1451_0014_0021_0041_0041.jpg 1 14 21 41 41
1452_0032_0017_0059_0059.jpg 1 32 17 59 59
1453_0010_0006_0061_0061.jpg 1 10 6 61 61
1454_0048_0043_0030_0030.jpg 1 48 43 30 30
1455_0009_0024_0046_0046.jpg 1 9 24 46 46
1456_0033_0039_0055_0055.jpg 1 33 39 55 55
1457_0036_0024_0050_0050.jpg 1 36 24 50 50
1458_0005_0035_0055_0055.jpg 1 5 35 55 55
1459_0050_0008_0040_0040.jpg 1 50 8 40 40
1460_0022_0017_0035_0035.jpg 1 22 17 35 35
1461_0015_0061_0024_0024.jpg 1 15 61 24 24
1462_0037_0010_0027_0027.jpg 1 37 10 27 27
1463_0005_0031_0048_0048.jpg 1 5 31 48 48
1464_0035_0044_0051_0051.jpg 1 35 44 51 51
1465_0026_0039_0051_0051.jpg 1 26 39 51 51
1466_0029_0015_0056_0056.jpg 1 29 15 56 56
1467_0030_0038_0024_0024.jpg 1 30 38 24 24
1468_0016_0022_0053_0053.jpg 1 16 22 53 53
1469_0044_0017_0029_0029.jpg 1 44 17 29 29
1470_0033_0020_0049_0049.jpg 1 33 20 49 49
1471_0009_0015_0067_0067.jpg 1 9 15 67 67
1472_0011_0010_0051_0051.jpg 1 11 10 51 51
1473_0016_0053_0031_0031.jpg 1 16 53 31 31
1474_0021_0011_0059_0059.jpg 1 21 11 59 59
1475_0036_0016_0039_0039.jpg 1 36 16 39 39
1476_0027_0024_0059_0059.jpg 1 27 24 59 59
1477_0033_0036_0035_0035.jpg 1 33 36 35 35
1478_0046_0064_0027_0027.jpg 1 46 64 27 27
1479_0043_0053_0026_0026.jpg 1 43 53 26 26
1480_0048_0022_0034_0034.jpg 1 48 22 34 34
1481_0020_0050_0041_0041.jpg 1 20 50 41 41
1482_0028_0031_0036_0036.jpg 1 28 31 36 36
1483_0037_0025_0045_0045.jpg 1 37 25 45 45
1484_0020_0006_0066_0066.jpg 1 20 6 66 66
1485_0040_0037_0033_0033.jpg 1 40 37 33 33
1486_0034_0051_0033_0033.jpg 1 34 51 33 33
1487_0033_0014_0046_0046.jpg 1 33 14 46 46
1488_0007_0014_0067_0067.jpg 1 7 14 67 67
1489_0026_0013_0024_0024.jpg 1 26 13 24 24
1490_0010_0020_0064_0064.jpg 1 10 20 64 64
1491_0030_0023_0051_0051.jpg 1 30 23 51 51
1492_0049_0042_0035_0035.jpg 1 49 42 35 35
1493_0007_0034_0057_0057.jpg 1 7 34 57 57
1494_0035_0056_0034_0034.jpg 1 35 56 34 34
1495_0027_0007_0035_0035.jpg 1 27 7 35 35
1496_0062_0057_0027_0027.jpg 1 62 57 27 27
1497_0034_0038_0040_0040.jpg 1 34 38 40 40
1498_0010_0045_0031_0031.jpg 1 10 45 31 31
1499_0011_0053_0031_0031.jpg 1 11 53 31 31
1500_0004_0017_0066_0066.jpg 1 4 17 66 66
1501_0028_0008_0055_0055.jpg 1 28 8 55 55
1502_0015_0033_0058_0058.jpg 1 15 33 58 58
1503_0007_0027_0027_0027.jpg 1 7 27 27 27
1504_0015_0064_0027_0027.jpg 1 15 64 27 27
1505_0028_0013_0037_0037.jpg 1 28 13 37 37
1506_0031_0034_0051_0051.jpg 1 31 34 51 51
1507_0036_0055_0032_0032.jpg 1 36 55 32 32
1508_0030_0011_0054_0054.jpg 1 30 11 54 54
1509_0026_0007_0056_0056.jpg 1 26 7 56 56
1510_0021_0042_0044_0044.jpg 1 21 42 44 44
1511_0025_0012_0052_0052.jpg 1 25 12 52 52
1512_0020_0017_0055_0055.jpg 1 20 17 55 55
1513_0022_0018_0066_0066.jpg 1 22 18 66 66
1514_0032_0007_0057_0057.jpg 1 32 7 57 57
1515_0009_0023_0069_0069.jpg 1 9 23 69 69
1516_0058_0013_0033_0033.jpg 1 58 13 33 33
1517_0028_0037_0048_0048.jpg 1 28 37 48 48
1518_0045_0023_0027_0027.jpg 1 45 23 27 27
1519_0020_0024_0044_0044.jpg 1 20 24 44 44
1520_0038_0015_0035_0035.jpg 1 38 15 35 35
1521_0027_0042_0045_0045.jpg 1 27 42 45 45
1522_0046_0022_0045_0045.jpg 1 46 22 45 45
1523_0006_0023_0067_0067.jpg 1 6 23 67 67
1524_0014_0018_0060_0060.jpg 1 14 18 60 60
1525_0004_0012_0059_0059.jpg 1 4 12 59 59
1526_0048_0055_0036_0036.jpg 1 48 55 36 36
1527_0018_0031_0028_0028.jpg 1 18 31 28 28
1528_0015_0022_0055_0055.jpg 1 15 22 55 55
1529_0014_0032_0041_0041.jpg 1 14 32 41 41
1530_0025_0026_0054_0054.jpg 1 25 26 54 54
1531_0035_0038_0049_0049.jpg 1 35 38 49 49
1532_0027_0006_0061_0061.jpg 1 27 6 61 61
1533_0059_0053_0025_0025.jpg 1 59 53 25 25
1534_0021_0006_0054_0054.jpg 1 21 6 54 54
1535_0036_0009_0053_0053.jpg 1 36 9 53 53
1536_0047_0019_0027_0027.jpg 1 47 19 27 27
1537_0041_0011_0052_0052.jpg 1 41 11 52 52
1538_0015_0026_0046_0046.jpg 1 15 26 46 46
1539_0031_0056_0036_0036.jpg 1 31 56 36 36
1540_0017_0021_0068_0068.jpg 1 17 21 68 68
1541_0018_0005_0057_0057.jpg 1 18 5 57 57
1542_0011_0050_0044_0044.jpg 1 11 50 44 44
1543_0027_0029_0026_0026.jpg 1 27 29 26 26
1544_0026_0011_0066_0066.jpg 1 26 11 66 66
1545_0023_0036_0038_0038.jpg 1 23 36 38 38
1546_0026_0014_0042_0042.jpg 1 26 14 42 42
1547_0055_0038_0033_0033.jpg 1 55 38 33 33
1548_0013_0037_0038_0038.jpg 1 13 37 38 38
1549_0023_0004_0065_0065.jpg 1 23 4 65 65
1550_0042_0017_0034_0034.jpg 1 42 17 34 34
1551_0012_0030_0055_0055.jpg 1 12 30 55 55
1552_0037_0022_0040_0040.jpg 1 37 22 40 40
1553_0016_0035_0053_0053.jpg 1 16 35 53 53
1554_0017_0015_0054_0054.jpg 1 17 15 54 54
1555_0013_0018_0035_0035.jpg 1 13 18 35 35
1556_0037_0009_0041_0041.jpg 1 37 9 41 41
1557_0025_0025_0044_0044.jpg 1 25 25 44 44
1558_0043_0055_0031_0031.jpg 1 43 55 31 31
1559_0014_0012_0031_0031.jpg 1 14 12 31 31
1560_0009_0033_0060_0060.jpg 1 9 33 60 60
1561_0011_0018_0057_0057.jpg 1 11 18 57 57
1562_0026_0007_0054_0054.jpg 1 26 7 54 54
1563_0055_0032_0030_0030.jpg 1 55 32 30 30
1564_0049_0048_0032_0032.jpg 1 49 48 32 32
1565_0041_0030_0034_0034.jpg 1 41 30 34 34
1566_0010_0013_0042_0042.jpg 1 10 13 42 42
1567_0027_0012_0059_0059.jpg 1 27 12 59 59
1568_0007_0020_0036_0036.jpg 1 7 20 36 36
1569_0028_0039_0055_0055.jpg 1 28 39 55 55
1570_0032_0007_0057_0057.jpg 1 32 7 57 57
1571_0012_0006_0039_0039.jpg 1 12 6 39 39
1572_0058_0014_0032_0032.jpg 1 58 14 32 32
1573_0037_0039_0051_0051.jpg 1 37 39 51 51
1574_0021_0007_0041_0041.jpg 1 21 7 41 41
1575_0030_0010_0030_0030.jpg 1 30 10 30 30
1576_0014_0025_0027_0027.jpg 1 14 25 27 27
1577_0016_0015_0025_0025.jpg 1 16 15 25 25
1578_0020_0034_0027_0027.jpg 1 20 34 27 27
1579_0037_0022_0030_0030.jpg 1 37 22 30 30
1580_0027_0023_0060_0060.jpg 1 27 23 60 60
1581_0020_0011_0051_0051.jpg 1 20 11 51 51
1582_0007_0019_0059_0059.jpg 1 7 19 59 59
1583_0016_0034_0054_0054.jpg 1 16 34 54 54
1584_0017_0024_0067_0067.jpg 1 17 24 67 67
1585_0007_0014_0053_0053.jpg 1 7 14 53 53
1586_0017_0023_0055_0055.jpg 1 17 23 55 55
1587_0031_0014_0060_0060.jpg 1 31 14 60 60
1588_0039_0027_0048_0048.jpg 1 39 27 48 48
1589_0027_0028_0025_0025.jpg 1 27 28 25 25
1590_0047_0028_0043_0043.jpg 1 47 28 43 43
1591_0034_0024_0042_0042.jpg 1 34 24 42 42
1592_0004_0007_0063_0063.jpg 1 4 7 63 63
1593_0017_0034_0061_0061.jpg 1 17 34 61 61
1594_0020_0015_0051_0051.jpg 1 20 15 51 51
1595_0007_0011_0062_0062.jpg 1 7 11 62 62
1596_0038_0021_0053_0053.jpg 1 38 21 53 53
1597_0049_0055_0036_0036.jpg 1 49 55 36 36
1598_0008_0025_0045_0045.jpg 1 8 25 45 45
1599_0007_0045_0048_0048.jpg 1 7 45 48 48
1600_0035_0017_0028_0028.jpg 1 35 17 28 28
1601_0063_0058_0027_0027.jpg 1 63 58 27 27
1602_0018_0023_0039_0039.jpg 1 18 23 39 39
1603_0026_0047_0040_0040.jpg 1 26 47 40 40
1604_0043_0035_0051_0051.jpg 1 43 35 51 51
1605_0042_0016_0025_0025.jpg 1 42 16 25 25
1606_0004_0021_0066_0066.jpg 1 4 21 66 66
1607_0012_0011_0059_0059.jpg 1 12 11 59 59
1608_0043_0008_0032_0032.jpg 1 43 8 32 32
1609_0042_0044_0035_0035.jpg 1 42 44 35 35
1610_0029_0047_0037_0037.jpg 1 29 47 37 37
1611_0025_0003_0065_0065.jpg 1 25 3 65 65
1612_0041_0030_0024_0024.jpg 1 41 30 24 24
1613_0013_0063_0028_0028.jpg 1 13 63 28 28
1614_0028_0009_0048_0048.jpg 1 28 9 48 48
1615_0028_0009_0046_0046.jpg 1 28 9 46 46
1616_0019_0018_0067_0067.jpg 1 19 18 67 67
1617_0013_0004_0068_0068.jpg 1 13 4 68 68
1618_0048_0035_0039_0039.jpg 1 48 35 39 39
1619_0050_0046_0027_0027.jpg 1 50 46 27 27
1620_0025_0063_0029_0029.jpg 1 25 63 29 29
1621_0020_0032_0059_0059.jpg 1 20 32 59 59
1622_0030_0020_0030_0030.jpg 1 30 20 30 30
1623_0017_0010_0055_0055.jpg 1 17 10 55 55
1624_0010_0020_0056_0056.jpg 1 10 20 56 56
1625_0015_0022_0056_0056.jpg 1 15 22 56 56
1626_0032_0044_0049_0049.jpg 1 32 44 49 49
1627_0038_0007_0031_0031.jpg 1 38 7 31 31
1628_0038_0018_0044_0044.jpg 1 38 18 44 44
1629_0057_0061_0024_0024.jpg 1 57 61 24 24
1630_0040_0021_0047_0047.jpg 1 40 21 47 47
1631_0018_0042_0050_0050.jpg 1 18 42 50 50
1632_0007_0018_0033_0033.jpg 1 7 18 33 33
1633_0024_0008_0062_0062.jpg 1 24 8 62 62
1634_0048_0018_0044_0044.jpg 1 48 18 44 44
1635_0022_0031_0028_0028.jpg 1 22 31 28 28
1636_0008_0006_0068_0068.jpg 1 8 6 68 68
1637_0020_0050_0036_0036.jpg 1 20 50 36 36
1638_0032_0040_0033_0033.jpg 1 32 40 33 33
1639_0052_0029_0037_0037.jpg 1 52 29 37 37
1640_0017_0057_0036_0036.jpg 1 17 57 36 36
1641_0027_0020_0043_0043.jpg 1 27 20 43 43
1642_0041_0008_0034_0034.jpg 1 41 8 34 34
1643_0029_0029_0031_0031.jpg 1 29 29 31 31
1644_0057_0058_0024_0024.jpg 1 57 58 24 24
1645_0039_0053_0032_0032.jpg 1 39 53 32 32
1646_0012_0035_0052_0052.jpg 1 12 35 52 52
1647_0016_0008_0066_0066.jpg 1 16 8 66 66
1648_0020_0019_0065_0065.jpg 1 20 19 65 65
1649_0059_0048_0027_0027.jpg 1 59 48 27 27
1650_0040_0020_0044_0044.jpg 1 40 20 44 44
1651_0019_0019_0061_0061.jpg 1 19 19 61 61
1652_0047_0038_0037_0037.jpg 1 47 38 37 37
1653_0028_0029_0060_0060.jpg 1 28 29 60 60
1654_0011_0008_0050_0050.jpg 1 11 8 50 50
1655_0018_0020_0052_0052.jpg 1 18 20 52 52
1656_0039_0023_0055_0055.jpg 1 39 23 55 55
1657_0025_0025_0054_0054.jpg 1 25 25 54 54
1658_0025_0021_0040_0040.jpg 1 25 21 40 40
1659_0061_0033_0027_0027.jpg 1 61 33 27 27
1660_0028_0031_0046_0046.jpg 1 28 31 46 46
1661_0004_0022_0067_0067.jpg 1 4 22 67 67
1662_0010_0009_0065_0065.jpg 1 10 9 65 65
1663_0036_0017_0058_0058.jpg 1 36 17 58 58
1664_0007_0010_0069_0069.jpg 1 7 10 69 69
1665_0043_0042_0040_0040.jpg 1 43 42 40 40
1666_0006_0013_0038_0038.jpg 1 6 13 38 38
1667_0011_0058_0034_0034.jpg 1 11 58 34 34
1668_0043_0024_0043_0043.jpg 1 43 24 43 43
1669_0008_0029_0035_0035.jpg 1 8 29 35 35
1670_0029_0028_0060_0060.jpg 1 29 28 60 60
1671_0019_0024_0031_0031.jpg 1 19 24 31 31
1672_0017_0017_0067_0067.jpg 1 17 17 67 67
1673_0028_0025_0050_0050.jpg 1 28 25 50 50
1674_0024_0016_0025_0025.jpg 1 24 16 25 25
1675_0038_0030_0026_0026.jpg 1 38 30 26 26
1676_0043_0045_0028_0028.jpg 1 43 45 28 28
1677_0034_0035_0051_0051.jpg 1 34 35 51 51
1678_0037_0016_0050_0050.jpg 1 37 16 50 50
1679_0033_0008_0034_0034.jpg 1 33 8 34 34
1680_0027_0009_0068_0068.jpg 1 27 9 68 68
1681_0009_0039_0037_0037.jpg 1 9 39 37 37
1682_0014_0034_0053_0053.jpg 1 14 34 53 53
1683_0021_0007_0038_0038.jpg 1 21 7 38 38
1684_0018_0021_0067_0067.jpg 1 18 21 67 67
1685_0024_0029_0033_0033.jpg 1 24 29 33 33
1686_0025_0017_0028_0028.jpg 1 25 17 28 28
1687_0018_0034_0061_0061.jpg 1 18 34 61 61
1688_0039_0013_0048_0048.jpg 1 39 13 48 48
1689_0023_0005_0060_0060.jpg 1 23 5 60 60
1690_0017_0025_0046_0046.jpg 1 17 25 46 46
1691_0033_0028_0058_0058.jpg 1 33 28 58 58
1692_0007_0023_0065_0065.jpg 1 7 23 65 65
1693_0015_0019_0034_0034.jpg 1 15 19 34 34
1694_0057_0034_0032_0032.jpg 1 57 34 32 32
1695_0018_0035_0052_0052.jpg 1 18 35 52 52
1696_0022_0041_0050_0050.jpg 1 22 41 50 50
1697_0021_0029_0060_0060.jpg 1 21 29 60 60
1698_0023_0025_0058_0058.jpg 1 23 25 58 58
1699_0008_0022_0056_0056.jpg 1 8 22 56 56
1700_0036_0030_0054_0054.jpg 1 36 30 54 54
1701_0026_0047_0043_0043.jpg 1 26 47 43 43
1702_0023_0008_0054_0054.jpg 1 23 8 54 54
1703_0011_0012_0040_0040.jpg 1 11 12 40 40
1704_0024_0019_0069_0069.jpg 1 24 19 69 69
1705_0023_0031_0062_0062.jpg 1 23 31 62 62
1706_0018_0022_0047_0047.jpg 1 18 22 47 47
1707_0018_0025_0053_0053.jpg 1 18 25 53 53
1708_0047_0017_0025_0025.jpg 1 47 17 25 25
1709_0025_0014_0047_0047.jpg 1 25 14 47 47
1710_0015_0031_0050_0050.jpg 1 15 31 50 50
1711_0012_0005_0069_0069.jpg 1 12 5 69 69
1712_0039_0036_0050_0050.jpg 1 39 36 50 50
1713_0017_0003_0069_0069.jpg 1 17 3 69 69
1714_0025_0025_0059_0059.jpg 1 25 25 59 59
1715_0027_0029_0060_0060.jpg 1 27 29 60 60
1716_0012_0034_0056_0056.jpg 1 12 34 56 56
1717_0023_0017_0029_0029.jpg 1 23 17 29 29
1718_0006_0013_0066_0066.jpg 1 6 13 66 66
1719_0021_0007_0066_0066.jpg 1 21 7 66 66
1720_0049_0048_0043_0043.jpg 1 49 48 43 43
1721_0040_0026_0035_0035.jpg 1 40 26 35 35
1722_0014_0020_0060_0060.jpg 1 14 20 60 60
1723_0017_0004_0062_0062.jpg 1 17 4 62 62
1724_0043_0028_0046_0046.jpg 1 43 28 46 46
1725_0041_0061_0028_0028.jpg 1 41 61 28 28
1726_0028_0059_0025_0025.jpg 1 28 59 25 25
1727_0020_0027_0067_0067.jpg 1 20 27 67 67
1728_0025_0007_0057_0057.jpg 1 25 7 57 57
1729_0015_0047_0036_0036.jpg 1 15 47 36 36
1730_0044_0043_0043_0043.jpg 1 44 43 43 43
1731_0030_0045_0048_0048.jpg 1 30 45 48 48
1732_0016_0021_0059_0059.jpg 1 16 21 59 59
1733_0017_0007_0052_0052.jpg 1 17 7 52 52
1734_0028_0019_0067_0067.jpg 1 28 19 67 67
1735_0031_0015_0063_0063.jpg 1 31 15 63 63
1736_0013_0036_0032_0032.jpg 1 13 36 32 32
1737_0025_0020_0053_0053.jpg 1 25 20 53 53
1738_0026_0025_0051_0051.jpg 1 26 25 51 51
1739_0043_0030_0044_0044.jpg 1 43 30 44 44
1740_0043_0018_0031_0031.jpg 1 43 18 31 31
1741_0059_0021_0027_0027.jpg 1 59 21 27 27
1742_0035_0035_0037_0037.jpg 1 35 35 37 37
1743_0024_0010_0055_0055.jpg 1 24 10 55 55
1744_0046_0021_0046_0046.jpg 1 46 21 46 46
1745_0020_0004_0068_0068.jpg 1 20 4 68 68
1746_0030_0048_0044_0044.jpg 1 30 48 44 44
1747_0024_0010_0053_0053.jpg 1 24 10 53 53
1748_0023_0018_0043_0043.jpg 1 23 18 43 43
1749_0024_0049_0026_0026.jpg 1 24 49 26 26
1750_0006_0023_0063_0063.jpg 1 6 23 63 63
1751_0016_0023_0037_0037.jpg 1 16 23 37 37
1752_0017_0022_0063_0063.jpg 1 17 22 63 63
1753_0014_0050_0038_0038.jpg 1 14 50 38 38
1754_0010_0031_0061_0061.jpg 1 10 31 61 61
1755_0010_0008_0056_0056.jpg 1 10 8 56 56
1756_0004_0007_0065_0065.jpg 1 4 7 65 65
1757_0024_0043_0041_0041.jpg 1 24 43 41 41
1758_0043_0007_0043_0043.jpg 1 43 7 43 43
1759_0011_0015_0036_0036.jpg 1 11 15 36 36
1760_0012_0020_0051_0051.jpg 1 12 20 51 51
1761_0049_0034_0045_0045.jpg 1 49 34 45 45
1762_0029_0023_0054_0054.jpg 1 29 23 54 54
1763_0031_0022_0044_0044.jpg 1 31 22 44 44
1764_0037_0022_0033_0033.jpg 1 37 22 33 33
1765_0056_0054_0036_0036.jpg 1 56 54 36 36
1766_0020_0041_0036_0036.jpg 1 20 41 36 36
1767_0031_0032_0042_0042.jpg 1 31 32 42 42
1768_0029_0049_0029_0029.jpg 1 29 49 29 29
1769_0051_0029_0042_0042.jpg 1 51 29 42 42
1770_0027_0030_0042_0042.jpg 1 27 30 42 42
1771_0023_0048_0046_0046.jpg 1 23 48 46 46
1772_0016_0023_0067_0067.jpg 1 16 23 67 67
1773_0035_0018_0035_0035.jpg 1 35 18 35 35
1774_0009_0020_0068_0068.jpg 1 9 20 68 68
1775_0013_0022_0062_0062.jpg 1 13 22 62 62
1776_0009_0019_0068_0068.jpg 1 9 19 68 68
1777_0019_0020_0060_0060.jpg 1 19 20 60 60
1778_0018_0021_0067_0067.jpg 1 18 21 67 67
1779_0011_0022_0045_0045.jpg 1 11 22 45 45
1780_0007_0014_0034_0034.jpg 1 7 14 34 34
1781_0017_0049_0045_0045.jpg 1 17 49 45 45
1782_0030_0057_0031_0031.jpg 1 30 57 31 31
1783_0007_0010_0050_0050.jpg 1 7 10 50 50
1784_0035_0031_0060_0060.jpg 1 35 31 60 60
1785_0028_0016_0061_0061.jpg 1 28 16 61 61
1786_0003_0006_0069_0069.jpg 1 3 6 69 69
1787_0038_0023_0026_0026.jpg 1 38 23 26 26
1788_0023_0015_0032_0032.jpg 1 23 15 32 32
1789_0006_0048_0039_0039.jpg 1 6 48 39 39
1790_0037_0041_0032_0032.jpg 1 37 41 32 32
1791_0026_0025_0045_0045.jpg 1 26 25 45 45
1792_0011_0042_0036_0036.jpg 1 11 42 36 36
1793_0016_0029_0066_0066.jpg 1 16 29 66 66
1794_0058_0052_0027_0027.jpg 1 58 52 27 27
1795_0043_0029_0047_0047.jpg 1 43 29 47 47
1796_0034_0020_0036_0036.jpg 1 34 20 36 36
1797_0019_0044_0040_0040.jpg 1 19 44 40 40
1798_0028_0014_0052_0052.jpg 1 28 14 52 52
1799_0013_0006_0058_0058.jpg 1 13 6 58 58
1800_0027_0030_0045_0045.jpg 1 27 30 45 45
1801_0012_0032_0027_0027.jpg 1 12 32 27 27
1802_0049_0051_0034_0034.jpg 1 49 51 34 34
1803_0035_0031_0048_0048.jpg 1 35 31 48 48
1804_0047_0036_0034_0034.jpg 1 47 36 34 34
1805_0048_0034_0030_0030.jpg 1 48 34 30 30
1806_0012_0017_0068_0068.jpg 1 12 17 68 68
1807_0024_0027_0027_0027.jpg 1 24 27 27 27
1808_0007_0044_0049_0049.jpg 1 7 44 49 49
1809_0040_0045_0046_0046.jpg 1 40 45 46 46
1810_0013_0035_0059_0059.jpg 1 13 35 59 59
1811_0025_0016_0050_0050.jpg 1 25 16 50 50
1812_0010_0025_0047_0047.jpg 1 10 25 47 47
1813_0028_0020_0064_0064.jpg 1 28 20 64 64
1814_0017_0010_0045_0045.jpg 1 17 10 45 45
1815_0036_0017_0056_0056.jpg 1 36 17 56 56
1816_0015_0006_0067_0067.jpg 1 15 6 67 67
1817_0031_0045_0044_0044.jpg 1 31 45 44 44
1818_0011_0012_0031_0031.jpg 1 11 12 31 31
1819_0032_0028_0061_0061.jpg 1 32 28 61 61
1820_0019_0021_0066_0066.jpg 1 19 21 66 66
1821_0035_0016_0035_0035.jpg 1 35 16 35 35
1822_0019_0048_0043_0043.jpg 1 19 48 43 43
1823_0016_0020_0058_0058.jpg 1 16 20 58 58
1824_0027_0017_0059_0059.jpg 1 27 17 59 59
1825_0005_0015_0050_0050.jpg 1 5 15 50 50
1826_0016_0030_0046_0046.jpg 1 16 30 46 46
1827_0027_0022_0064_0064.jpg 1 27 22 64 64
1828_0037_0014_0046_0046.jpg 1 37 14 46 46
1829_0036_0020_0035_0035.jpg 1 36 20 35 35
1830_0026_0021_0046_0046.jpg 1 26 21 46 46
1831_0030_0014_0059_0059.jpg 1 30 14 59 59
1832_0037_0009_0055_0055.jpg 1 37 9 55 55
1833_0016_0005_0063_0063.jpg 1 16 5 63 63
1834_0029_0013_0052_0052.jpg 1 29 13 52 52
1835_0025_0017_0047_0047.jpg 1 25 17 47 47
1836_0003_0009_0064_0064.jpg 1 3 9 64 64
1837_0009_0025_0060_0060.jpg 1 9 25 60 60
1838_0027_0007_0058_0058.jpg 1 27 7 58 58
1839_0019_0042_0024_0024.jpg 1 19 42 24 24
1840_0021_0055_0029_0029.jpg 1 21 55 29 29
1841_0033_0008_0036_0036.jpg 1 33 8 36 36
1842_0030_0015_0034_0034.jpg 1 30 15 34 34
1843_0027_0015_0050_0050.jpg 1 27 15 50 50
1844_0006_0025_0046_0046.jpg 1 6 25 46 46
1845_0028_0047_0047_0047.jpg 1 28 47 47 47
1846_0022_0064_0026_0026.jpg 1 22 64 26 26
1847_0018_0005_0069_0069.jpg 1 18 5 69 69
1848_0004_0010_0064_0064.jpg 1 4 10 64 64
1849_0022_0006_0060_0060.jpg 1 22 6 60 60
1850_0021_0006_0061_0061.jpg 1 21 6 61 61
1851_0019_0025_0039_0039.jpg 1 19 25 39 39
1852_0017_0017_0063_0063.jpg 1 17 17 63 63
1853_0027_0021_0030_0030.jpg 1 27 21 30 30
1854_0021_0024_0052_0052.jpg 1 21 24 52 52
1855_0010_0006_0060_0060.jpg 1 10 6 60 60
1856_0043_0017_0036_0036.jpg 1 43 17 36 36
1857_0010_0044_0038_0038.jpg 1 10 44 38 38
1858_0008_0023_0048_0048.jpg 1 8 23 48 48
1859_0026_0027_0064_0064.jpg 1 26 27 64 64
1860_0006_0027_0065_0065.jpg 1 6 27 65 65
1861_0041_0043_0047_0047.jpg 1 41 43 47 47
1862_0039_0009_0033_0033.jpg 1 39 9 33 33
1863_0024_0005_0052_0052.jpg 1 24 5 52 52
1864_0007_0018_0065_0065.jpg 1 7 18 65 65
1865_0023_0008_0064_0064.jpg 1 23 8 64 64
1866_0024_0026_0055_0055.jpg 1 24 26 55 55
1867_0039_0025_0036_0036.jpg 1 39 25 36 36
1868_0007_0018_0038_0038.jpg 1 7 18 38 38
1869_0013_0007_0055_0055.jpg 1 13 7 55 55
1870_0009_0014_0052_0052.jpg 1 9 14 52 52
1871_0010_0023_0063_0063.jpg 1 10 23 63 63
1872_0030_0020_0038_0038.jpg 1 30 20 38 38
1873_0050_0057_0026_0026.jpg 1 50 57 26 26
1874_0057_0025_0035_0035.jpg 1 57 25 35 35
1875_0047_0045_0034_0034.jpg 1 47 45 34 34
1876_0051_0041_0040_0040.jpg 1 51 41 40 40
1877_0052_0017_0039_0039.jpg 1 52 17 39 39
1878_0049_0006_0038_0038.jpg 1 49 6 38 38
1879_0022_0026_0037_0037.jpg 1 22 26 37 37
1880_0027_0041_0054_0054.jpg 1 27 41 54 54
1881_0008_0019_0069_0069.jpg 1 8 19 69 69
1882_0044_0014_0030_0030.jpg 1 44 14 30 30
1883_0020_0011_0057_0057.jpg 1 20 11 57 57
1884_0046_0045_0038_0038.jpg 1 46 45 38 38
1885_0011_0013_0046_0046.jpg 1 11 13 46 46
1886_0008_0014_0042_0042.jpg 1 8 14 42 42
1887_0043_0041_0039_0039.jpg 1 43 41 39 39
1888_0025_0039_0055_0055.jpg 1 25 39 55 55
1889_0044_0043_0033_0033.jpg 1 44 43 33 33
1890_0018_0056_0034_0034.jpg 1 18 56 34 34
1891_0011_0035_0052_0052.jpg 1 11 35 52 52
1892_0015_0017_0042_0042.jpg 1 15 17 42 42
1893_0036_0013_0027_0027.jpg 1 36 13 27 27
1894_0005_0026_0066_0066.jpg 1 5 26 66 66
1895_0029_0065_0026_0026.jpg 1 29 65 26 26
1896_0035_0068_0024_0024.jpg 1 35 68 24 24
1897_0010_0051_0031_0031.jpg 1 10 51 31 31
1898_0041_0042_0024_0024.jpg 1 41 42 24 24
1899_0036_0014_0043_0043.jpg 1 36 14 43 43
1900_0019_0014_0048_0048.jpg 1 19 14 48 48
