Copyright 1986-2017 Xilinx, Inc. All Rights Reserved.
---------------------------------------------------------------------------------------------
| Tool Version : Vivado v.2017.4 (lin64) Build 2086221 Fri Dec 15 20:54:30 MST 2017
| Date         : Fri Mar 30 23:27:28 2018
| Host         : zweeden-Ubuntu running 64-bit Ubuntu 17.10
| Command      : report_control_sets -verbose -file design_1_wrapper_control_sets_placed.rpt
| Design       : design_1_wrapper
| Device       : xc7z010
---------------------------------------------------------------------------------------------

Control Set Information

Table of Contents
-----------------
1. Summary
2. Flip-Flop Distribution
3. Detailed Control Set Information

1. Summary
----------

+----------------------------------------------------------+-------+
|                          Status                          | Count |
+----------------------------------------------------------+-------+
| Number of unique control sets                            |    46 |
| Unused register locations in slices containing registers |    93 |
+----------------------------------------------------------+-------+


2. Flip-Flop Distribution
-------------------------

+--------------+-----------------------+------------------------+-----------------+--------------+
| Clock Enable | Synchronous Set/Reset | Asynchronous Set/Reset | Total Registers | Total Slices |
+--------------+-----------------------+------------------------+-----------------+--------------+
| No           | No                    | No                     |             109 |           38 |
| No           | No                    | Yes                    |               1 |            1 |
| No           | Yes                   | No                     |              80 |           32 |
| Yes          | No                    | No                     |             268 |           74 |
| Yes          | No                    | Yes                    |              27 |            7 |
| Yes          | Yes                   | No                     |             182 |           87 |
+--------------+-----------------------+------------------------+-----------------+--------------+


3. Detailed Control Set Information
-----------------------------------

+-------------------------------------------------+----------------------------------------------------------------------------------------------------------------------------------------------------------------+------------------------------------------------------------------------------------------------------------------------------------------+------------------+----------------+
|                   Clock Signal                  |                                                                          Enable Signal                                                                         |                                                             Set/Reset Signal                                                             | Slice Load Count | Bel Load Count |
+-------------------------------------------------+----------------------------------------------------------------------------------------------------------------------------------------------------------------+------------------------------------------------------------------------------------------------------------------------------------------+------------------+----------------+
|  design_1_i/processing_system7_0/inst/FCLK_CLK0 | design_1_i/ps7_0_axi_periph/s00_couplers/auto_pc/inst/gen_axilite.gen_b2s_conv.axilite_b2s/WR.b_channel_0/bid_fifo_0/bresp_push                                |                                                                                                                                          |                1 |              2 |
|  design_1_i/processing_system7_0/inst/FCLK_CLK0 |                                                                                                                                                                | design_1_i/ps7_0_axi_periph/s00_couplers/auto_pc/inst/gen_axilite.gen_b2s_conv.axilite_b2s/SI_REG/aw.aw_pipe/s_ready_i_reg_0             |                3 |              4 |
|  design_1_i/processing_system7_0/inst/FCLK_CLK0 |                                                                                                                                                                | design_1_i/ps7_0_axi_periph/s00_couplers/auto_pc/inst/gen_axilite.gen_b2s_conv.axilite_b2s/SI_REG/ar.ar_pipe/m_valid_i_reg_0             |                3 |              4 |
|  design_1_i/processing_system7_0/inst/FCLK_CLK0 |                                                                                                                                                                | design_1_i/rst_ps7_0_49M/U0/EXT_LPF/lpf_int                                                                                              |                2 |              4 |
|  design_1_i/processing_system7_0/inst/FCLK_CLK0 | design_1_i/ps7_0_axi_periph/s00_couplers/auto_pc/inst/gen_axilite.gen_b2s_conv.axilite_b2s/WR.aw_channel_0/cmd_translator_0/incr_cmd_0/axaddr_incr[11]_i_1_n_0 |                                                                                                                                          |                1 |              4 |
|  design_1_i/processing_system7_0/inst/FCLK_CLK0 | design_1_i/ps7_0_axi_periph/s00_couplers/auto_pc/inst/gen_axilite.gen_b2s_conv.axilite_b2s/WR.aw_channel_0/aw_cmd_fsm_0/wrap_boundary_axaddr_r_reg[0][0]       |                                                                                                                                          |                3 |              4 |
|  design_1_i/processing_system7_0/inst/FCLK_CLK0 | design_1_i/ps7_0_axi_periph/s00_couplers/auto_pc/inst/gen_axilite.gen_b2s_conv.axilite_b2s/WR.aw_channel_0/aw_cmd_fsm_0/E[0]                                   | design_1_i/ps7_0_axi_periph/s00_couplers/auto_pc/inst/gen_axilite.gen_b2s_conv.axilite_b2s/WR.aw_channel_0/aw_cmd_fsm_0/axlen_cnt_reg[7] |                3 |              4 |
|  design_1_i/processing_system7_0/inst/FCLK_CLK0 | design_1_i/ps7_0_axi_periph/s00_couplers/auto_pc/inst/gen_axilite.gen_b2s_conv.axilite_b2s/RD.ar_channel_0/ar_cmd_fsm_0/E[0]                                   |                                                                                                                                          |                2 |              4 |
|  design_1_i/processing_system7_0/inst/FCLK_CLK0 | design_1_i/ps7_0_axi_periph/s00_couplers/auto_pc/inst/gen_axilite.gen_b2s_conv.axilite_b2s/RD.ar_channel_0/ar_cmd_fsm_0/axlen_cnt_reg[4][0]                    | design_1_i/ps7_0_axi_periph/s00_couplers/auto_pc/inst/gen_axilite.gen_b2s_conv.axilite_b2s/RD.ar_channel_0/ar_cmd_fsm_0/axlen_cnt_reg[7] |                1 |              4 |
|  design_1_i/processing_system7_0/inst/FCLK_CLK0 | design_1_i/ps7_0_axi_periph/s00_couplers/auto_pc/inst/gen_axilite.gen_b2s_conv.axilite_b2s/RD.ar_channel_0/ar_cmd_fsm_0/axaddr_incr_reg[0][0]                  |                                                                                                                                          |                1 |              4 |
|  design_1_i/processing_system7_0/inst/FCLK_CLK0 | design_1_i/rst_ps7_0_49M/U0/SEQ/seq_cnt_en                                                                                                                     | design_1_i/rst_ps7_0_49M/U0/SEQ/SEQ_COUNTER/clear                                                                                        |                1 |              6 |
|  design_1_i/processing_system7_0/inst/FCLK_CLK0 | design_1_i/pwm_custom_axi_0/U0/pwm_custom_axi_v1_0_S00_AXI_inst/slv_reg3[23]_i_1_n_0                                                                           | design_1_i/pwm_custom_axi_0/U0/pwm_custom_axi_v1_0_S00_AXI_inst/slv_reg3_reg[0]_0                                                        |                4 |              8 |
|  design_1_i/processing_system7_0/inst/FCLK_CLK0 | design_1_i/pwm_custom_axi_0/U0/pwm_custom_axi_v1_0_S00_AXI_inst/slv_reg2[7]_i_1_n_0                                                                            | design_1_i/pwm_custom_axi_0/U0/pwm_custom_axi_v1_0_S00_AXI_inst/slv_reg3_reg[0]_0                                                        |                4 |              8 |
|  design_1_i/processing_system7_0/inst/FCLK_CLK0 | design_1_i/pwm_custom_axi_0/U0/pwm_custom_axi_v1_0_S00_AXI_inst/slv_reg3[15]_i_1_n_0                                                                           | design_1_i/pwm_custom_axi_0/U0/pwm_custom_axi_v1_0_S00_AXI_inst/slv_reg3_reg[0]_0                                                        |                5 |              8 |
|  design_1_i/processing_system7_0/inst/FCLK_CLK0 | design_1_i/pwm_custom_axi_0/U0/pwm_custom_axi_v1_0_S00_AXI_inst/slv_reg2[31]_i_1_n_0                                                                           | design_1_i/pwm_custom_axi_0/U0/pwm_custom_axi_v1_0_S00_AXI_inst/slv_reg3_reg[0]_0                                                        |                5 |              8 |
|  design_1_i/processing_system7_0/inst/FCLK_CLK0 | design_1_i/pwm_custom_axi_0/U0/pwm_custom_axi_v1_0_S00_AXI_inst/slv_reg2[23]_i_1_n_0                                                                           | design_1_i/pwm_custom_axi_0/U0/pwm_custom_axi_v1_0_S00_AXI_inst/slv_reg3_reg[0]_0                                                        |                4 |              8 |
|  design_1_i/processing_system7_0/inst/FCLK_CLK0 | design_1_i/ps7_0_axi_periph/s00_couplers/auto_pc/inst/gen_axilite.gen_b2s_conv.axilite_b2s/WR.b_channel_0/mhandshake_r                                         | design_1_i/ps7_0_axi_periph/s00_couplers/auto_pc/inst/gen_axilite.gen_b2s_conv.axilite_b2s/WR.b_channel_0/bid_fifo_0/SR[0]               |                3 |              8 |
|  design_1_i/processing_system7_0/inst/FCLK_CLK0 | design_1_i/pwm_custom_axi_0/U0/pwm_custom_axi_v1_0_S00_AXI_inst/slv_reg3[31]_i_1_n_0                                                                           | design_1_i/pwm_custom_axi_0/U0/pwm_custom_axi_v1_0_S00_AXI_inst/slv_reg3_reg[0]_0                                                        |                4 |              8 |
|  design_1_i/processing_system7_0/inst/FCLK_CLK0 | design_1_i/pwm_custom_axi_0/U0/pwm_custom_axi_v1_0_S00_AXI_inst/p_1_in[31]                                                                                     | design_1_i/pwm_custom_axi_0/U0/pwm_custom_axi_v1_0_S00_AXI_inst/slv_reg3_reg[0]_0                                                        |                5 |              8 |
|  design_1_i/processing_system7_0/inst/FCLK_CLK0 | design_1_i/pwm_custom_axi_0/U0/pwm_custom_axi_v1_0_S00_AXI_inst/p_1_in[23]                                                                                     | design_1_i/pwm_custom_axi_0/U0/pwm_custom_axi_v1_0_S00_AXI_inst/slv_reg3_reg[0]_0                                                        |                4 |              8 |
|  design_1_i/processing_system7_0/inst/FCLK_CLK0 | design_1_i/pwm_custom_axi_0/U0/pwm_custom_axi_v1_0_S00_AXI_inst/p_1_in[15]                                                                                     | design_1_i/pwm_custom_axi_0/U0/pwm_custom_axi_v1_0_S00_AXI_inst/slv_reg3_reg[0]_0                                                        |                5 |              8 |
|  design_1_i/processing_system7_0/inst/FCLK_CLK0 | design_1_i/pwm_custom_axi_0/U0/pwm_custom_axi_v1_0_S00_AXI_inst/p_1_in[0]                                                                                      | design_1_i/pwm_custom_axi_0/U0/pwm_custom_axi_v1_0_S00_AXI_inst/slv_reg3_reg[0]_0                                                        |                3 |              8 |
|  design_1_i/processing_system7_0/inst/FCLK_CLK0 | design_1_i/pwm_custom_axi_0/U0/pwm_custom_axi_v1_0_S00_AXI_inst/slv_reg2[15]_i_1_n_0                                                                           | design_1_i/pwm_custom_axi_0/U0/pwm_custom_axi_v1_0_S00_AXI_inst/slv_reg3_reg[0]_0                                                        |                5 |              8 |
|  design_1_i/processing_system7_0/inst/FCLK_CLK0 | design_1_i/pwm_custom_axi_0/U0/pwm_custom_axi_v1_0_S00_AXI_inst/slv_reg1[23]_i_1_n_0                                                                           | design_1_i/pwm_custom_axi_0/U0/pwm_custom_axi_v1_0_S00_AXI_inst/slv_reg3_reg[0]_0                                                        |                3 |              8 |
|  design_1_i/processing_system7_0/inst/FCLK_CLK0 | design_1_i/pwm_custom_axi_0/U0/pwm_custom_axi_v1_0_S00_AXI_inst/slv_reg1[15]_i_1_n_0                                                                           | design_1_i/pwm_custom_axi_0/U0/pwm_custom_axi_v1_0_S00_AXI_inst/slv_reg3_reg[0]_0                                                        |                3 |              8 |
|  design_1_i/processing_system7_0/inst/FCLK_CLK0 | design_1_i/pwm_custom_axi_0/U0/pwm_custom_axi_v1_0_S00_AXI_inst/slv_reg1[31]_i_1_n_0                                                                           | design_1_i/pwm_custom_axi_0/U0/pwm_custom_axi_v1_0_S00_AXI_inst/slv_reg3_reg[0]_0                                                        |                5 |              8 |
|  design_1_i/processing_system7_0/inst/FCLK_CLK0 | design_1_i/pwm_custom_axi_0/U0/pwm_custom_axi_v1_0_S00_AXI_inst/slv_reg3[7]_i_1_n_0                                                                            | design_1_i/pwm_custom_axi_0/U0/pwm_custom_axi_v1_0_S00_AXI_inst/slv_reg3_reg[0]_0                                                        |                3 |              8 |
|  design_1_i/processing_system7_0/inst/FCLK_CLK0 | design_1_i/pwm_custom_axi_0/U0/pwm_custom_axi_v1_0_S00_AXI_inst/slv_reg1[7]_i_1_n_0                                                                            | design_1_i/pwm_custom_axi_0/U0/pwm_custom_axi_v1_0_S00_AXI_inst/slv_reg3_reg[0]_0                                                        |                3 |              8 |
|  design_1_i/processing_system7_0/inst/FCLK_CLK0 |                                                                                                                                                                | design_1_i/pwm_custom_axi_0/U0/pwm_custom_axi_v1_0_S00_AXI_inst/slv_reg3_reg[0]_0                                                        |                4 |             10 |
|  design_1_i/processing_system7_0/inst/FCLK_CLK0 | design_1_i/ps7_0_axi_periph/s00_couplers/auto_pc/inst/gen_axilite.gen_b2s_conv.axilite_b2s/RD.ar_channel_0/ar_cmd_fsm_0/axlen_cnt_reg[4][0]                    |                                                                                                                                          |                4 |             13 |
|  design_1_i/processing_system7_0/inst/FCLK_CLK0 | design_1_i/ps7_0_axi_periph/s00_couplers/auto_pc/inst/gen_axilite.gen_b2s_conv.axilite_b2s/WR.aw_channel_0/aw_cmd_fsm_0/E[0]                                   |                                                                                                                                          |                7 |             13 |
|  design_1_i/processing_system7_0/inst/FCLK_CLK0 | design_1_i/ps7_0_axi_periph/s00_couplers/auto_pc/inst/gen_axilite.gen_b2s_conv.axilite_b2s/RD.r_channel_0/r_push_r                                             |                                                                                                                                          |                4 |             13 |
|  design_1_i/processing_system7_0/inst/FCLK_CLK0 | design_1_i/ps7_0_axi_periph/s00_couplers/auto_pc/inst/gen_axilite.gen_b2s_conv.axilite_b2s/SI_REG/b.b_pipe/p_1_in                                              |                                                                                                                                          |                3 |             14 |
|  design_1_i/processing_system7_0/inst/FCLK_CLK0 | design_1_i/ps7_0_axi_periph/s00_couplers/auto_pc/inst/gen_axilite.gen_b2s_conv.axilite_b2s/SI_REG/b.b_pipe/skid_buffer_reg[0]_0                                |                                                                                                                                          |                6 |             14 |
|  design_1_i/processing_system7_0/inst/FCLK_CLK0 | design_1_i/ps7_0_axi_periph/s00_couplers/auto_pc/inst/gen_axilite.gen_b2s_conv.axilite_b2s/WR.aw_channel_0/aw_cmd_fsm_0/b_push                                 |                                                                                                                                          |                3 |             16 |
|  design_1_i/processing_system7_0/inst/FCLK_CLK0 | design_1_i/pwm_custom_axi_0/U0/pwm_custom_axi_v1_0_S00_AXI_inst/count_sig_reg_0_sn_1                                                                           | design_1_i/pwm_custom_axi_0/U0/pwm_custom_axi_v1_0_S00_AXI_inst/slv_reg3_reg[0]_0                                                        |                7 |             27 |
|  design_1_i/processing_system7_0/inst/FCLK_CLK0 | design_1_i/ps7_0_axi_periph/s00_couplers/auto_pc/inst/gen_axilite.gen_b2s_conv.axilite_b2s/SI_REG/ar.ar_pipe/s_axi_arready                                     |                                                                                                                                          |                8 |             27 |
|  design_1_i/processing_system7_0/inst/FCLK_CLK0 | design_1_i/ps7_0_axi_periph/s00_couplers/auto_pc/inst/gen_axilite.gen_b2s_conv.axilite_b2s/WR.aw_channel_0/aw_cmd_fsm_0/m_payload_i_reg[0][0]                  |                                                                                                                                          |                7 |             27 |
|  design_1_i/processing_system7_0/inst/FCLK_CLK0 | design_1_i/ps7_0_axi_periph/s00_couplers/auto_pc/inst/gen_axilite.gen_b2s_conv.axilite_b2s/SI_REG/aw.aw_pipe/s_axi_awready                                     |                                                                                                                                          |                5 |             27 |
|  design_1_i/processing_system7_0/inst/FCLK_CLK0 | design_1_i/ps7_0_axi_periph/s00_couplers/auto_pc/inst/gen_axilite.gen_b2s_conv.axilite_b2s/RD.ar_channel_0/ar_cmd_fsm_0/m_payload_i_reg[0]_1[0]                |                                                                                                                                          |                6 |             27 |
|  design_1_i/processing_system7_0/inst/FCLK_CLK0 | design_1_i/pwm_custom_axi_0/U0/pwm_custom_axi_v1_0_S00_AXI_inst/axi_rdata[31]_i_1_n_0                                                                          | design_1_i/pwm_custom_axi_0/U0/pwm_custom_axi_v1_0_S00_AXI_inst/slv_reg3_reg[0]_0                                                        |               14 |             32 |
|  design_1_i/processing_system7_0/inst/FCLK_CLK0 | design_1_i/ps7_0_axi_periph/s00_couplers/auto_pc/inst/gen_axilite.gen_b2s_conv.axilite_b2s/RD.r_channel_0/rd_data_fifo_0/wr_en0                                |                                                                                                                                          |                8 |             32 |
|  design_1_i/processing_system7_0/inst/FCLK_CLK0 | design_1_i/ps7_0_axi_periph/s00_couplers/auto_pc/inst/gen_axilite.gen_b2s_conv.axilite_b2s/SI_REG/r.r_pipe/p_1_in                                              |                                                                                                                                          |               10 |             45 |
|  design_1_i/processing_system7_0/inst/FCLK_CLK0 | design_1_i/ps7_0_axi_periph/s00_couplers/auto_pc/inst/gen_axilite.gen_b2s_conv.axilite_b2s/SI_REG/r.r_pipe/skid_buffer_reg[0]_0                                |                                                                                                                                          |               11 |             45 |
|  design_1_i/processing_system7_0/inst/FCLK_CLK0 |                                                                                                                                                                | design_1_i/ps7_0_axi_periph/s00_couplers/auto_pc/inst/gen_axilite.gen_b2s_conv.axilite_b2s/areset_d1                                     |               21 |             59 |
|  design_1_i/processing_system7_0/inst/FCLK_CLK0 |                                                                                                                                                                |                                                                                                                                          |               39 |            110 |
+-------------------------------------------------+----------------------------------------------------------------------------------------------------------------------------------------------------------------+------------------------------------------------------------------------------------------------------------------------------------------+------------------+----------------+


+--------+-----------------------+
| Fanout | Number of ControlSets |
+--------+-----------------------+
| 2      |                     1 |
| 4      |                     9 |
| 6      |                     1 |
| 8      |                    17 |
| 10     |                     1 |
| 13     |                     3 |
| 14     |                     2 |
| 16+    |                    12 |
+--------+-----------------------+


