0001_0017_0026_0060_0060.jpg 1 17 26 60 60
0002_0028_0005_0064_0064.jpg 1 28 5 64 64
0003_0026_0036_0032_0032.jpg 1 26 36 32 32
0004_0015_0021_0066_0066.jpg 1 15 21 66 66
0005_0013_0020_0068_0068.jpg 1 13 20 68 68
0006_0013_0044_0047_0047.jpg 1 13 44 47 47
0007_0029_0015_0047_0047.jpg 1 29 15 47 47
0008_0034_0023_0036_0036.jpg 1 34 23 36 36
0009_0031_0060_0025_0025.jpg 1 31 60 25 25
0010_0032_0021_0057_0057.jpg 1 32 21 57 57
0011_0015_0014_0050_0050.jpg 1 15 14 50 50
0012_0023_0031_0048_0048.jpg 1 23 31 48 48
0013_0011_0027_0049_0049.jpg 1 11 27 49 49
0014_0020_0027_0060_0060.jpg 1 20 27 60 60
0015_0044_0026_0028_0028.jpg 1 44 26 28 28
0016_0042_0026_0033_0033.jpg 1 42 26 33 33
0017_0024_0011_0047_0047.jpg 1 24 11 47 47
0018_0036_0019_0043_0043.jpg 1 36 19 43 43
0019_0026_0005_0064_0064.jpg 1 26 5 64 64
0020_0025_0014_0050_0050.jpg 1 25 14 50 50
0021_0009_0025_0029_0029.jpg 1 9 25 29 29
0022_0022_0020_0069_0069.jpg 1 22 20 69 69
0023_0058_0046_0024_0024.jpg 1 58 46 24 24
0024_0019_0028_0043_0043.jpg 1 19 28 43 43
0025_0029_0008_0053_0053.jpg 1 29 8 53 53
0026_0032_0040_0046_0046.jpg 1 32 40 46 46
0027_0014_0030_0044_0044.jpg 1 14 30 44 44
0028_0054_0042_0035_0035.jpg 1 54 42 35 35
0029_0027_0024_0057_0057.jpg 1 27 24 57 57
0030_0041_0053_0036_0036.jpg 1 41 53 36 36
0031_0021_0023_0059_0059.jpg 1 21 23 59 59
0032_0028_0055_0037_0037.jpg 1 28 55 37 37
0033_0057_0012_0034_0034.jpg 1 57 12 34 34
0034_0017_0034_0055_0055.jpg 1 17 34 55 55
0035_0013_0032_0032_0032.jpg 1 13 32 32 32
0036_0045_0033_0038_0038.jpg 1 45 33 38 38
0037_0049_0044_0043_0043.jpg 1 49 44 43 43
0038_0008_0013_0038_0038.jpg 1 8 13 38 38
0039_0013_0011_0064_0064.jpg 1 13 11 64 64
0040_0036_0050_0028_0028.jpg 1 36 50 28 28
0041_0013_0015_0055_0055.jpg 1 13 15 55 55
0042_0013_0025_0048_0048.jpg 1 13 25 48 48
0043_0023_0017_0033_0033.jpg 1 23 17 33 33
0044_0035_0005_0043_0043.jpg 1 35 5 43 43
0045_0027_0023_0058_0058.jpg 1 27 23 58 58
0046_0041_0033_0029_0029.jpg 1 41 33 29 29
0047_0033_0026_0059_0059.jpg 1 33 26 59 59
0048_0045_0029_0046_0046.jpg 1 45 29 46 46
0049_0006_0012_0059_0059.jpg 1 6 12 59 59
0050_0019_0017_0042_0042.jpg 1 19 17 42 42
0051_0022_0025_0066_0066.jpg 1 22 25 66 66
0052_0020_0016_0059_0059.jpg 1 20 16 59 59
0053_0037_0037_0054_0054.jpg 1 37 37 54 54
0054_0013_0006_0066_0066.jpg 1 13 6 66 66
0055_0008_0030_0055_0055.jpg 1 8 30 55 55
0056_0036_0035_0054_0054.jpg 1 36 35 54 54
0057_0005_0026_0059_0059.jpg 1 5 26 59 59
0058_0017_0048_0036_0036.jpg 1 17 48 36 36
0059_0048_0034_0035_0035.jpg 1 48 34 35 35
0060_0004_0017_0064_0064.jpg 1 4 17 64 64
0061_0007_0040_0036_0036.jpg 1 7 40 36 36
0062_0004_0021_0069_0069.jpg 1 4 21 69 69
0063_0018_0037_0055_0055.jpg 1 18 37 55 55
0064_0021_0020_0031_0031.jpg 1 21 20 31 31
0065_0019_0022_0062_0062.jpg 1 19 22 62 62
0066_0040_0037_0037_0037.jpg 1 40 37 37 37
0067_0037_0045_0045_0045.jpg 1 37 45 45 45
0068_0062_0063_0026_0026.jpg 1 62 63 26 26
0069_0025_0035_0060_0060.jpg 1 25 35 60 60
0070_0006_0035_0057_0057.jpg 1 6 35 57 57
0071_0013_0037_0026_0026.jpg 1 13 37 26 26
0072_0032_0067_0024_0024.jpg 1 32 67 24 24
0073_0023_0025_0051_0051.jpg 1 23 25 51 51
0074_0025_0030_0034_0034.jpg 1 25 30 34 34
0075_0043_0024_0027_0027.jpg 1 43 24 27 27
0076_0030_0021_0054_0054.jpg 1 30 21 54 54
0077_0004_0027_0067_0067.jpg 1 4 27 67 67
0078_0016_0015_0060_0060.jpg 1 16 15 60 60
0079_0038_0038_0048_0048.jpg 1 38 38 48 48
0080_0016_0012_0027_0027.jpg 1 16 12 27 27
0081_0020_0019_0045_0045.jpg 1 20 19 45 45
0082_0023_0033_0046_0046.jpg 1 23 33 46 46
0083_0024_0027_0062_0062.jpg 1 24 27 62 62
0084_0032_0044_0047_0047.jpg 1 32 44 47 47
0085_0025_0031_0050_0050.jpg 1 25 31 50 50
0086_0041_0045_0045_0045.jpg 1 41 45 45 45
0087_0029_0034_0025_0025.jpg 1 29 34 25 25
0088_0011_0044_0040_0040.jpg 1 11 44 40 40
0089_0033_0030_0051_0051.jpg 1 33 30 51 51
0090_0043_0013_0052_0052.jpg 1 43 13 52 52
0091_0025_0019_0064_0064.jpg 1 25 19 64 64
0092_0022_0011_0067_0067.jpg 1 22 11 67 67
0093_0058_0048_0032_0032.jpg 1 58 48 32 32
0094_0059_0020_0027_0027.jpg 1 59 20 27 27
0095_0023_0009_0059_0059.jpg 1 23 9 59 59
0096_0020_0017_0050_0050.jpg 1 20 17 50 50
0097_0016_0034_0044_0044.jpg 1 16 34 44 44
0098_0029_0008_0063_0063.jpg 1 29 8 63 63
0099_0008_0029_0067_0067.jpg 1 8 29 67 67
0100_0030_0015_0049_0049.jpg 1 30 15 49 49
0101_0012_0014_0031_0031.jpg 1 12 14 31 31
0102_0009_0041_0030_0030.jpg 1 9 41 30 30
0103_0031_0028_0059_0059.jpg 1 31 28 59 59
0104_0024_0028_0056_0056.jpg 1 24 28 56 56
0105_0033_0032_0060_0060.jpg 1 33 32 60 60
0106_0012_0018_0050_0050.jpg 1 12 18 50 50
0107_0053_0037_0033_0033.jpg 1 53 37 33 33
0108_0045_0017_0042_0042.jpg 1 45 17 42 42
0109_0035_0007_0044_0044.jpg 1 35 7 44 44
0110_0031_0042_0046_0046.jpg 1 31 42 46 46
0111_0038_0018_0044_0044.jpg 1 38 18 44 44
0112_0037_0028_0046_0046.jpg 1 37 28 46 46
0113_0035_0019_0059_0059.jpg 1 35 19 59 59
0114_0014_0021_0063_0063.jpg 1 14 21 63 63
0115_0025_0010_0068_0068.jpg 1 25 10 68 68
0116_0036_0051_0039_0039.jpg 1 36 51 39 39
0117_0031_0058_0028_0028.jpg 1 31 58 28 28
0118_0040_0010_0033_0033.jpg 1 40 10 33 33
0119_0035_0032_0039_0039.jpg 1 35 32 39 39
0120_0008_0032_0057_0057.jpg 1 8 32 57 57
0121_0023_0014_0062_0062.jpg 1 23 14 62 62
0122_0012_0014_0059_0059.jpg 1 12 14 59 59
0123_0045_0006_0046_0046.jpg 1 45 6 46 46
0124_0055_0055_0029_0029.jpg 1 55 55 29 29
0125_0030_0031_0045_0045.jpg 1 30 31 45 45
0126_0049_0057_0028_0028.jpg 1 49 57 28 28
0127_0060_0007_0028_0028.jpg 1 60 7 28 28
0128_0049_0027_0034_0034.jpg 1 49 27 34 34
0129_0013_0013_0037_0037.jpg 1 13 13 37 37
0130_0020_0008_0055_0055.jpg 1 20 8 55 55
0131_0019_0028_0065_0065.jpg 1 19 28 65 65
0132_0018_0028_0052_0052.jpg 1 18 28 52 52
0133_0028_0034_0032_0032.jpg 1 28 34 32 32
0134_0022_0016_0052_0052.jpg 1 22 16 52 52
0135_0036_0023_0049_0049.jpg 1 36 23 49 49
0136_0008_0007_0065_0065.jpg 1 8 7 65 65
0137_0054_0040_0024_0024.jpg 1 54 40 24 24
0138_0042_0038_0033_0033.jpg 1 42 38 33 33
0139_0008_0048_0034_0034.jpg 1 8 48 34 34
0140_0031_0015_0054_0054.jpg 1 31 15 54 54
0141_0041_0038_0045_0045.jpg 1 41 38 45 45
0142_0025_0040_0031_0031.jpg 1 25 40 31 31
0143_0020_0060_0030_0030.jpg 1 20 60 30 30
0144_0017_0051_0035_0035.jpg 1 17 51 35 35
0145_0008_0014_0059_0059.jpg 1 8 14 59 59
0146_0007_0008_0042_0042.jpg 1 7 8 42 42
0147_0056_0009_0034_0034.jpg 1 56 9 34 34
0148_0034_0007_0049_0049.jpg 1 34 7 49 49
0149_0012_0029_0059_0059.jpg 1 12 29 59 59
0150_0004_0022_0066_0066.jpg 1 4 22 66 66
0151_0029_0024_0060_0060.jpg 1 29 24 60 60
0152_0035_0010_0040_0040.jpg 1 35 10 40 40
0153_0047_0019_0046_0046.jpg 1 47 19 46 46
0154_0017_0010_0057_0057.jpg 1 17 10 57 57
0155_0039_0067_0024_0024.jpg 1 39 67 24 24
0156_0022_0014_0049_0049.jpg 1 22 14 49 49
0157_0013_0020_0068_0068.jpg 1 13 20 68 68
0158_0022_0035_0052_0052.jpg 1 22 35 52 52
0159_0010_0007_0067_0067.jpg 1 10 7 67 67
0160_0029_0019_0064_0064.jpg 1 29 19 64 64
0161_0032_0022_0060_0060.jpg 1 32 22 60 60
0162_0012_0018_0048_0048.jpg 1 12 18 48 48
0163_0023_0018_0069_0069.jpg 1 23 18 69 69
0164_0034_0025_0061_0061.jpg 1 34 25 61 61
0165_0019_0033_0051_0051.jpg 1 19 33 51 51
0166_0023_0039_0053_0053.jpg 1 23 39 53 53
0167_0013_0006_0066_0066.jpg 1 13 6 66 66
0168_0031_0007_0049_0049.jpg 1 31 7 49 49
0169_0027_0022_0068_0068.jpg 1 27 22 68 68
0170_0023_0024_0060_0060.jpg 1 23 24 60 60
0171_0019_0024_0067_0067.jpg 1 19 24 67 67
0172_0009_0022_0032_0032.jpg 1 9 22 32 32
0173_0056_0039_0026_0026.jpg 1 56 39 26 26
0174_0025_0015_0057_0057.jpg 1 25 15 57 57
0175_0014_0008_0054_0054.jpg 1 14 8 54 54
0176_0037_0029_0046_0046.jpg 1 37 29 46 46
0177_0011_0015_0035_0035.jpg 1 11 15 35 35
0178_0040_0016_0055_0055.jpg 1 40 16 55 55
0179_0015_0018_0039_0039.jpg 1 15 18 39 39
0180_0027_0007_0059_0059.jpg 1 27 7 59 59
0181_0042_0056_0032_0032.jpg 1 42 56 32 32
0182_0016_0045_0028_0028.jpg 1 16 45 28 28
0183_0014_0012_0024_0024.jpg 1 14 12 24 24
0184_0013_0015_0037_0037.jpg 1 13 15 37 37
0185_0031_0038_0050_0050.jpg 1 31 38 50 50
0186_0007_0026_0051_0051.jpg 1 7 26 51 51
0187_0027_0032_0032_0032.jpg 1 27 32 32 32
0188_0043_0031_0027_0027.jpg 1 43 31 27 27
0189_0022_0009_0061_0061.jpg 1 22 9 61 61
0190_0004_0035_0053_0053.jpg 1 4 35 53 53
0191_0037_0050_0040_0040.jpg 1 37 50 40 40
0192_0020_0023_0048_0048.jpg 1 20 23 48 48
0193_0034_0037_0053_0053.jpg 1 34 37 53 53
0194_0040_0030_0054_0054.jpg 1 40 30 54 54
0195_0013_0048_0042_0042.jpg 1 13 48 42 42
0196_0023_0012_0049_0049.jpg 1 23 12 49 49
0197_0015_0008_0046_0046.jpg 1 15 8 46 46
0198_0028_0010_0064_0064.jpg 1 28 10 64 64
0199_0006_0016_0051_0051.jpg 1 6 16 51 51
0200_0062_0046_0029_0029.jpg 1 62 46 29 29
0201_0021_0024_0069_0069.jpg 1 21 24 69 69
0202_0024_0037_0051_0051.jpg 1 24 37 51 51
0203_0041_0033_0040_0040.jpg 1 41 33 40 40
0204_0012_0041_0043_0043.jpg 1 12 41 43 43
0205_0027_0006_0060_0060.jpg 1 27 6 60 60
0206_0009_0013_0060_0060.jpg 1 9 13 60 60
0207_0033_0007_0052_0052.jpg 1 33 7 52 52
0208_0024_0028_0025_0025.jpg 1 24 28 25 25
0209_0056_0044_0033_0033.jpg 1 56 44 33 33
0210_0014_0026_0031_0031.jpg 1 14 26 31 31
0211_0022_0030_0049_0049.jpg 1 22 30 49 49
0212_0007_0008_0044_0044.jpg 1 7 8 44 44
0213_0015_0020_0066_0066.jpg 1 15 20 66 66
0214_0053_0040_0029_0029.jpg 1 53 40 29 29
0215_0039_0037_0056_0056.jpg 1 39 37 56 56
0216_0016_0004_0068_0068.jpg 1 16 4 68 68
0217_0007_0035_0049_0049.jpg 1 7 35 49 49
0218_0011_0029_0039_0039.jpg 1 11 29 39 39
0219_0019_0013_0067_0067.jpg 1 19 13 67 67
0220_0022_0030_0056_0056.jpg 1 22 30 56 56
0221_0026_0012_0044_0044.jpg 1 26 12 44 44
0222_0021_0020_0056_0056.jpg 1 21 20 56 56
0223_0006_0046_0041_0041.jpg 1 6 46 41 41
0224_0004_0012_0067_0067.jpg 1 4 12 67 67
0225_0025_0023_0066_0066.jpg 1 25 23 66 66
0226_0013_0027_0056_0056.jpg 1 13 27 56 56
0227_0030_0035_0027_0027.jpg 1 30 35 27 27
0228_0033_0011_0051_0051.jpg 1 33 11 51 51
0229_0033_0034_0042_0042.jpg 1 33 34 42 42
0230_0041_0041_0041_0041.jpg 1 41 41 41 41
0231_0023_0008_0068_0068.jpg 1 23 8 68 68
0232_0016_0033_0042_0042.jpg 1 16 33 42 42
0233_0037_0014_0049_0049.jpg 1 37 14 49 49
0234_0028_0023_0036_0036.jpg 1 28 23 36 36
0235_0026_0046_0034_0034.jpg 1 26 46 34 34
0236_0018_0038_0048_0048.jpg 1 18 38 48 48
0237_0036_0041_0029_0029.jpg 1 36 41 29 29
0238_0014_0017_0068_0068.jpg 1 14 17 68 68
0239_0014_0010_0047_0047.jpg 1 14 10 47 47
0240_0007_0018_0052_0052.jpg 1 7 18 52 52
0241_0047_0047_0027_0027.jpg 1 47 47 27 27
0242_0005_0034_0049_0049.jpg 1 5 34 49 49
0243_0014_0024_0065_0065.jpg 1 14 24 65 65
0244_0018_0020_0064_0064.jpg 1 18 20 64 64
0245_0041_0039_0050_0050.jpg 1 41 39 50 50
0246_0047_0054_0031_0031.jpg 1 47 54 31 31
0247_0031_0011_0061_0061.jpg 1 31 11 61 61
0248_0036_0046_0036_0036.jpg 1 36 46 36 36
0249_0047_0039_0032_0032.jpg 1 47 39 32 32
0250_0032_0035_0032_0032.jpg 1 32 35 32 32
0251_0017_0034_0026_0026.jpg 1 17 34 26 26
0252_0021_0033_0027_0027.jpg 1 21 33 27 27
0253_0007_0021_0063_0063.jpg 1 7 21 63 63
0254_0021_0035_0042_0042.jpg 1 21 35 42 42
0255_0023_0013_0059_0059.jpg 1 23 13 59 59
0256_0028_0039_0046_0046.jpg 1 28 39 46 46
0257_0013_0040_0043_0043.jpg 1 13 40 43 43
0258_0030_0013_0041_0041.jpg 1 30 13 41 41
0259_0007_0018_0050_0050.jpg 1 7 18 50 50
0260_0041_0027_0031_0031.jpg 1 41 27 31 31
0261_0054_0048_0030_0030.jpg 1 54 48 30 30
0262_0012_0045_0024_0024.jpg 1 12 45 24 24
0263_0017_0016_0026_0026.jpg 1 17 16 26 26
0264_0063_0048_0025_0025.jpg 1 63 48 25 25
0265_0032_0048_0038_0038.jpg 1 32 48 38 38
0266_0043_0009_0027_0027.jpg 1 43 9 27 27
0267_0015_0014_0057_0057.jpg 1 15 14 57 57
0268_0024_0018_0067_0067.jpg 1 24 18 67 67
0269_0013_0033_0062_0062.jpg 1 13 33 62 62
0270_0024_0014_0063_0063.jpg 1 24 14 63 63
0271_0021_0040_0046_0046.jpg 1 21 40 46 46
0272_0033_0024_0061_0061.jpg 1 33 24 61 61
0273_0018_0019_0028_0028.jpg 1 18 19 28 28
0274_0017_0017_0052_0052.jpg 1 17 17 52 52
0275_0038_0049_0026_0026.jpg 1 38 49 26 26
0276_0027_0011_0060_0060.jpg 1 27 11 60 60
0277_0004_0012_0069_0069.jpg 1 4 12 69 69
0278_0042_0052_0028_0028.jpg 1 42 52 28 28
0279_0035_0009_0056_0056.jpg 1 35 9 56 56
0280_0021_0041_0052_0052.jpg 1 21 41 52 52
0281_0057_0022_0030_0030.jpg 1 57 22 30 30
0282_0009_0048_0044_0044.jpg 1 9 48 44 44
0283_0020_0039_0049_0049.jpg 1 20 39 49 49
0284_0052_0040_0026_0026.jpg 1 52 40 26 26
0285_0035_0005_0052_0052.jpg 1 35 5 52 52
0286_0012_0013_0044_0044.jpg 1 12 13 44 44
0287_0007_0012_0038_0038.jpg 1 7 12 38 38
0288_0007_0014_0069_0069.jpg 1 7 14 69 69
0289_0013_0032_0055_0055.jpg 1 13 32 55 55
0290_0047_0023_0033_0033.jpg 1 47 23 33 33
0291_0030_0032_0060_0060.jpg 1 30 32 60 60
0292_0026_0012_0041_0041.jpg 1 26 12 41 41
0293_0042_0044_0032_0032.jpg 1 42 44 32 32
0294_0032_0030_0059_0059.jpg 1 32 30 59 59
0295_0009_0023_0069_0069.jpg 1 9 23 69 69
0296_0040_0008_0027_0027.jpg 1 40 8 27 27
0297_0035_0013_0035_0035.jpg 1 35 13 35 35
0298_0030_0009_0064_0064.jpg 1 30 9 64 64
0299_0036_0025_0058_0058.jpg 1 36 25 58 58
0300_0026_0027_0052_0052.jpg 1 26 27 52 52
0301_0019_0017_0054_0054.jpg 1 19 17 54 54
0302_0039_0008_0049_0049.jpg 1 39 8 49 49
0303_0012_0013_0060_0060.jpg 1 12 13 60 60
0304_0054_0015_0039_0039.jpg 1 54 15 39 39
0305_0038_0049_0025_0025.jpg 1 38 49 25 25
0306_0015_0006_0068_0068.jpg 1 15 6 68 68
0307_0006_0005_0068_0068.jpg 1 6 5 68 68
0308_0015_0019_0055_0055.jpg 1 15 19 55 55
0309_0037_0009_0042_0042.jpg 1 37 9 42 42
0310_0041_0028_0044_0044.jpg 1 41 28 44 44
0311_0032_0056_0026_0026.jpg 1 32 56 26 26
0312_0030_0041_0053_0053.jpg 1 30 41 53 53
0313_0037_0024_0057_0057.jpg 1 37 24 57 57
0314_0035_0018_0042_0042.jpg 1 35 18 42 42
0315_0041_0051_0026_0026.jpg 1 41 51 26 26
0316_0010_0038_0054_0054.jpg 1 10 38 54 54
0317_0020_0010_0069_0069.jpg 1 20 10 69 69
0318_0007_0020_0025_0025.jpg 1 7 20 25 25
0319_0012_0005_0060_0060.jpg 1 12 5 60 60
0320_0058_0037_0030_0030.jpg 1 58 37 30 30
0321_0014_0030_0057_0057.jpg 1 14 30 57 57
0322_0011_0009_0062_0062.jpg 1 11 9 62 62
0323_0025_0019_0049_0049.jpg 1 25 19 49 49
0324_0019_0019_0063_0063.jpg 1 19 19 63 63
0325_0033_0014_0041_0041.jpg 1 33 14 41 41
0326_0010_0025_0058_0058.jpg 1 10 25 58 58
0327_0006_0013_0069_0069.jpg 1 6 13 69 69
0328_0019_0015_0042_0042.jpg 1 19 15 42 42
0329_0023_0019_0043_0043.jpg 1 23 19 43 43
0330_0020_0039_0042_0042.jpg 1 20 39 42 42
0331_0018_0023_0051_0051.jpg 1 18 23 51 51
0332_0045_0033_0046_0046.jpg 1 45 33 46 46
0333_0029_0022_0049_0049.jpg 1 29 22 49 49
0334_0024_0037_0051_0051.jpg 1 24 37 51 51
0335_0005_0031_0043_0043.jpg 1 5 31 43 43
0336_0033_0037_0055_0055.jpg 1 33 37 55 55
0337_0028_0044_0043_0043.jpg 1 28 44 43 43
0338_0053_0046_0034_0034.jpg 1 53 46 34 34
0339_0053_0026_0030_0030.jpg 1 53 26 30 30
0340_0019_0025_0056_0056.jpg 1 19 25 56 56
0341_0015_0019_0060_0060.jpg 1 15 19 60 60
0342_0008_0019_0058_0058.jpg 1 8 19 58 58
0343_0029_0047_0042_0042.jpg 1 29 47 42 42
0344_0022_0028_0067_0067.jpg 1 22 28 67 67
0345_0034_0043_0037_0037.jpg 1 34 43 37 37
0346_0011_0011_0069_0069.jpg 1 11 11 69 69
0347_0011_0021_0068_0068.jpg 1 11 21 68 68
0348_0015_0044_0031_0031.jpg 1 15 44 31 31
0349_0010_0020_0068_0068.jpg 1 10 20 68 68
0350_0042_0033_0044_0044.jpg 1 42 33 44 44
0351_0030_0035_0031_0031.jpg 1 30 35 31 31
0352_0034_0024_0040_0040.jpg 1 34 24 40 40
0353_0033_0039_0043_0043.jpg 1 33 39 43 43
0354_0029_0037_0040_0040.jpg 1 29 37 40 40
0355_0030_0031_0029_0029.jpg 1 30 31 29 29
0356_0034_0027_0047_0047.jpg 1 34 27 47 47
0357_0009_0019_0030_0030.jpg 1 9 19 30 30
0358_0016_0005_0063_0063.jpg 1 16 5 63 63
0359_0011_0007_0059_0059.jpg 1 11 7 59 59
0360_0047_0016_0036_0036.jpg 1 47 16 36 36
0361_0011_0007_0064_0064.jpg 1 11 7 64 64
0362_0005_0019_0044_0044.jpg 1 5 19 44 44
0363_0007_0026_0064_0064.jpg 1 7 26 64 64
0364_0030_0042_0053_0053.jpg 1 30 42 53 53
0365_0016_0027_0057_0057.jpg 1 16 27 57 57
0366_0015_0008_0061_0061.jpg 1 15 8 61 61
0367_0027_0046_0028_0028.jpg 1 27 46 28 28
0368_0041_0044_0024_0024.jpg 1 41 44 24 24
0369_0024_0064_0024_0024.jpg 1 24 64 24 24
0370_0010_0037_0026_0026.jpg 1 10 37 26 26
0371_0020_0018_0055_0055.jpg 1 20 18 55 55
0372_0048_0038_0036_0036.jpg 1 48 38 36 36
0373_0018_0027_0055_0055.jpg 1 18 27 55 55
0374_0048_0060_0028_0028.jpg 1 48 60 28 28
0375_0021_0024_0029_0029.jpg 1 21 24 29 29
0376_0049_0043_0041_0041.jpg 1 49 43 41 41
0377_0027_0026_0062_0062.jpg 1 27 26 62 62
0378_0005_0027_0062_0062.jpg 1 5 27 62 62
0379_0027_0025_0039_0039.jpg 1 27 25 39 39
0380_0020_0008_0066_0066.jpg 1 20 8 66 66
0381_0030_0055_0035_0035.jpg 1 30 55 35 35
0382_0052_0019_0024_0024.jpg 1 52 19 24 24
0383_0028_0040_0053_0053.jpg 1 28 40 53 53
0384_0006_0032_0051_0051.jpg 1 6 32 51 51
0385_0028_0019_0067_0067.jpg 1 28 19 67 67
0386_0008_0048_0035_0035.jpg 1 8 48 35 35
0387_0004_0017_0064_0064.jpg 1 4 17 64 64
0388_0023_0028_0035_0035.jpg 1 23 28 35 35
0389_0037_0008_0048_0048.jpg 1 37 8 48 48
0390_0014_0015_0063_0063.jpg 1 14 15 63 63
0391_0018_0034_0048_0048.jpg 1 18 34 48 48
0392_0034_0016_0060_0060.jpg 1 34 16 60 60
0393_0010_0019_0062_0062.jpg 1 10 19 62 62
0394_0015_0034_0037_0037.jpg 1 15 34 37 37
0395_0006_0007_0069_0069.jpg 1 6 7 69 69
0396_0016_0008_0058_0058.jpg 1 16 8 58 58
0397_0007_0010_0054_0054.jpg 1 7 10 54 54
0398_0014_0029_0065_0065.jpg 1 14 29 65 65
0399_0037_0032_0029_0029.jpg 1 37 32 29 29
0400_0018_0021_0064_0064.jpg 1 18 21 64 64
0401_0023_0043_0050_0050.jpg 1 23 43 50 50
0402_0045_0026_0048_0048.jpg 1 45 26 48 48
0403_0018_0031_0064_0064.jpg 1 18 31 64 64
0404_0013_0013_0047_0047.jpg 1 13 13 47 47
0405_0006_0014_0053_0053.jpg 1 6 14 53 53
0406_0024_0016_0063_0063.jpg 1 24 16 63 63
0407_0040_0015_0049_0049.jpg 1 40 15 49 49
0408_0049_0050_0034_0034.jpg 1 49 50 34 34
0409_0004_0024_0066_0066.jpg 1 4 24 66 66
0410_0042_0007_0027_0027.jpg 1 42 7 27 27
0411_0018_0038_0027_0027.jpg 1 18 38 27 27
0412_0026_0025_0067_0067.jpg 1 26 25 67 67
0413_0025_0043_0049_0049.jpg 1 25 43 49 49
0414_0004_0026_0069_0069.jpg 1 4 26 69 69
0415_0043_0034_0051_0051.jpg 1 43 34 51 51
0416_0033_0052_0034_0034.jpg 1 33 52 34 34
0417_0052_0018_0030_0030.jpg 1 52 18 30 30
0418_0033_0038_0056_0056.jpg 1 33 38 56 56
0419_0041_0012_0043_0043.jpg 1 41 12 43 43
0420_0007_0035_0059_0059.jpg 1 7 35 59 59
0421_0055_0055_0037_0037.jpg 1 55 55 37 37
0422_0061_0021_0027_0027.jpg 1 61 21 27 27
0423_0014_0057_0029_0029.jpg 1 14 57 29 29
0424_0050_0019_0031_0031.jpg 1 50 19 31 31
0425_0038_0035_0048_0048.jpg 1 38 35 48 48
0426_0020_0017_0060_0060.jpg 1 20 17 60 60
0427_0025_0010_0062_0062.jpg 1 25 10 62 62
0428_0047_0032_0034_0034.jpg 1 47 32 34 34
0429_0009_0008_0062_0062.jpg 1 9 8 62 62
0430_0007_0005_0063_0063.jpg 1 7 5 63 63
0431_0026_0007_0039_0039.jpg 1 26 7 39 39
0432_0018_0009_0047_0047.jpg 1 18 9 47 47
0433_0009_0050_0039_0039.jpg 1 9 50 39 39
0434_0007_0052_0025_0025.jpg 1 7 52 25 25
0435_0009_0062_0025_0025.jpg 1 9 62 25 25
0436_0021_0026_0067_0067.jpg 1 21 26 67 67
0437_0018_0012_0028_0028.jpg 1 18 12 28 28
0438_0034_0026_0041_0041.jpg 1 34 26 41 41
0439_0049_0011_0028_0028.jpg 1 49 11 28 28
0440_0015_0025_0028_0028.jpg 1 15 25 28 28
0441_0007_0037_0042_0042.jpg 1 7 37 42 42
0442_0003_0004_0066_0066.jpg 1 3 4 66 66
0443_0008_0046_0025_0025.jpg 1 8 46 25 25
0444_0029_0016_0055_0055.jpg 1 29 16 55 55
0445_0019_0012_0067_0067.jpg 1 19 12 67 67
0446_0037_0022_0046_0046.jpg 1 37 22 46 46
0447_0013_0063_0029_0029.jpg 1 13 63 29 29
0448_0053_0056_0037_0037.jpg 1 53 56 37 37
0449_0028_0024_0047_0047.jpg 1 28 24 47 47
0450_0012_0022_0053_0053.jpg 1 12 22 53 53
0451_0054_0051_0037_0037.jpg 1 54 51 37 37
0452_0010_0006_0054_0054.jpg 1 10 6 54 54
0453_0030_0010_0054_0054.jpg 1 30 10 54 54
0454_0030_0013_0043_0043.jpg 1 30 13 43 43
0455_0019_0029_0037_0037.jpg 1 19 29 37 37
0456_0032_0040_0024_0024.jpg 1 32 40 24 24
0457_0031_0033_0033_0033.jpg 1 31 33 33 33
0458_0005_0021_0069_0069.jpg 1 5 21 69 69
0459_0030_0030_0059_0059.jpg 1 30 30 59 59
0460_0049_0017_0043_0043.jpg 1 49 17 43 43
0461_0006_0037_0038_0038.jpg 1 6 37 38 38
0462_0035_0006_0043_0043.jpg 1 35 6 43 43
0463_0048_0015_0035_0035.jpg 1 48 15 35 35
0464_0043_0027_0039_0039.jpg 1 43 27 39 39
0465_0029_0015_0053_0053.jpg 1 29 15 53 53
0466_0024_0043_0048_0048.jpg 1 24 43 48 48
0467_0012_0020_0063_0063.jpg 1 12 20 63 63
0468_0036_0013_0047_0047.jpg 1 36 13 47 47
0469_0030_0037_0036_0036.jpg 1 30 37 36 36
0470_0017_0018_0060_0060.jpg 1 17 18 60 60
0471_0006_0049_0039_0039.jpg 1 6 49 39 39
0472_0044_0037_0034_0034.jpg 1 44 37 34 34
0473_0008_0005_0068_0068.jpg 1 8 5 68 68
0474_0028_0030_0039_0039.jpg 1 28 30 39 39
0475_0015_0022_0053_0053.jpg 1 15 22 53 53
0476_0011_0028_0044_0044.jpg 1 11 28 44 44
0477_0014_0017_0067_0067.jpg 1 14 17 67 67
0478_0012_0019_0058_0058.jpg 1 12 19 58 58
0479_0051_0021_0038_0038.jpg 1 51 21 38 38
0480_0014_0017_0069_0069.jpg 1 14 17 69 69
0481_0015_0020_0067_0067.jpg 1 15 20 67 67
0482_0020_0032_0045_0045.jpg 1 20 32 45 45
0483_0024_0006_0063_0063.jpg 1 24 6 63 63
0484_0036_0037_0056_0056.jpg 1 36 37 56 56
0485_0035_0041_0045_0045.jpg 1 35 41 45 45
0486_0019_0029_0048_0048.jpg 1 19 29 48 48
0487_0009_0019_0060_0060.jpg 1 9 19 60 60
0488_0022_0011_0052_0052.jpg 1 22 11 52 52
0489_0019_0014_0068_0068.jpg 1 19 14 68 68
0490_0038_0032_0044_0044.jpg 1 38 32 44 44
0491_0025_0038_0038_0038.jpg 1 25 38 38 38
0492_0045_0042_0047_0047.jpg 1 45 42 47 47
0493_0025_0028_0036_0036.jpg 1 25 28 36 36
0494_0050_0017_0038_0038.jpg 1 50 17 38 38
0495_0027_0012_0055_0055.jpg 1 27 12 55 55
0496_0020_0035_0051_0051.jpg 1 20 35 51 51
0497_0027_0042_0050_0050.jpg 1 27 42 50 50
0498_0024_0005_0066_0066.jpg 1 24 5 66 66
0499_0056_0049_0030_0030.jpg 1 56 49 30 30
0500_0007_0006_0061_0061.jpg 1 7 6 61 61
0501_0012_0008_0051_0051.jpg 1 12 8 51 51
0502_0042_0031_0045_0045.jpg 1 42 31 45 45
0503_0022_0005_0048_0048.jpg 1 22 5 48 48
0504_0027_0021_0054_0054.jpg 1 27 21 54 54
0505_0037_0050_0038_0038.jpg 1 37 50 38 38
0506_0038_0052_0027_0027.jpg 1 38 52 27 27
0507_0051_0015_0041_0041.jpg 1 51 15 41 41
0508_0027_0018_0064_0064.jpg 1 27 18 64 64
0509_0015_0048_0044_0044.jpg 1 15 48 44 44
0510_0016_0031_0060_0060.jpg 1 16 31 60 60
0511_0038_0009_0042_0042.jpg 1 38 9 42 42
0512_0016_0008_0067_0067.jpg 1 16 8 67 67
0513_0047_0034_0041_0041.jpg 1 47 34 41 41
0514_0012_0022_0064_0064.jpg 1 12 22 64 64
0515_0043_0043_0034_0034.jpg 1 43 43 34 34
0516_0007_0004_0066_0066.jpg 1 7 4 66 66
0517_0044_0048_0028_0028.jpg 1 44 48 28 28
0518_0007_0019_0033_0033.jpg 1 7 19 33 33
0519_0019_0013_0066_0066.jpg 1 19 13 66 66
0520_0042_0013_0036_0036.jpg 1 42 13 36 36
0521_0021_0029_0049_0049.jpg 1 21 29 49 49
0522_0019_0031_0030_0030.jpg 1 19 31 30 30
0523_0010_0011_0051_0051.jpg 1 10 11 51 51
0524_0014_0031_0064_0064.jpg 1 14 31 64 64
0525_0005_0015_0060_0060.jpg 1 5 15 60 60
0526_0011_0027_0030_0030.jpg 1 11 27 30 30
0527_0033_0006_0057_0057.jpg 1 33 6 57 57
0528_0035_0050_0032_0032.jpg 1 35 50 32 32
0529_0045_0031_0030_0030.jpg 1 45 31 30 30
0530_0053_0058_0034_0034.jpg 1 53 58 34 34
0531_0006_0009_0052_0052.jpg 1 6 9 52 52
0532_0033_0054_0034_0034.jpg 1 33 54 34 34
0533_0029_0011_0028_0028.jpg 1 29 11 28 28
0534_0015_0021_0063_0063.jpg 1 15 21 63 63
0535_0012_0044_0027_0027.jpg 1 12 44 27 27
0536_0012_0025_0052_0052.jpg 1 12 25 52 52
0537_0019_0008_0068_0068.jpg 1 19 8 68 68
0538_0032_0038_0049_0049.jpg 1 32 38 49 49
0539_0021_0005_0061_0061.jpg 1 21 5 61 61
0540_0044_0033_0050_0050.jpg 1 44 33 50 50
0541_0017_0005_0060_0060.jpg 1 17 5 60 60
0542_0016_0011_0066_0066.jpg 1 16 11 66 66
0543_0031_0013_0035_0035.jpg 1 31 13 35 35
0544_0012_0005_0065_0065.jpg 1 12 5 65 65
0545_0023_0008_0067_0067.jpg 1 23 8 67 67
0546_0024_0041_0040_0040.jpg 1 24 41 40 40
0547_0007_0028_0037_0037.jpg 1 7 28 37 37
0548_0045_0017_0045_0045.jpg 1 45 17 45 45
0549_0020_0007_0039_0039.jpg 1 20 7 39 39
0550_0015_0006_0064_0064.jpg 1 15 6 64 64
0551_0013_0029_0026_0026.jpg 1 13 29 26 26
0552_0051_0059_0026_0026.jpg 1 51 59 26 26
0553_0033_0020_0031_0031.jpg 1 33 20 31 31
0554_0032_0028_0026_0026.jpg 1 32 28 26 26
0555_0027_0013_0063_0063.jpg 1 27 13 63 63
0556_0005_0008_0067_0067.jpg 1 5 8 67 67
0557_0009_0029_0027_0027.jpg 1 9 29 27 27
0558_0014_0009_0045_0045.jpg 1 14 9 45 45
0559_0004_0007_0068_0068.jpg 1 4 7 68 68
0560_0034_0024_0047_0047.jpg 1 34 24 47 47
0561_0009_0041_0050_0050.jpg 1 9 41 50 50
0562_0024_0032_0054_0054.jpg 1 24 32 54 54
0563_0005_0014_0054_0054.jpg 1 5 14 54 54
0564_0025_0025_0055_0055.jpg 1 25 25 55 55
0565_0016_0007_0055_0055.jpg 1 16 7 55 55
0566_0016_0012_0040_0040.jpg 1 16 12 40 40
0567_0020_0014_0057_0057.jpg 1 20 14 57 57
0568_0016_0028_0062_0062.jpg 1 16 28 62 62
0569_0049_0060_0031_0031.jpg 1 49 60 31 31
0570_0025_0015_0027_0027.jpg 1 25 15 27 27
0571_0054_0060_0032_0032.jpg 1 54 60 32 32
0572_0042_0010_0042_0042.jpg 1 42 10 42 42
0573_0018_0011_0054_0054.jpg 1 18 11 54 54
0574_0016_0009_0056_0056.jpg 1 16 9 56 56
0575_0012_0034_0055_0055.jpg 1 12 34 55 55
0576_0025_0010_0064_0064.jpg 1 25 10 64 64
0577_0020_0006_0068_0068.jpg 1 20 6 68 68
0578_0028_0009_0055_0055.jpg 1 28 9 55 55
0579_0037_0038_0054_0054.jpg 1 37 38 54 54
0580_0011_0016_0066_0066.jpg 1 11 16 66 66
0581_0049_0011_0028_0028.jpg 1 49 11 28 28
0582_0037_0029_0049_0049.jpg 1 37 29 49 49
0583_0033_0030_0059_0059.jpg 1 33 30 59 59
0584_0029_0028_0066_0066.jpg 1 29 28 66 66
0585_0009_0037_0057_0057.jpg 1 9 37 57 57
0586_0025_0007_0064_0064.jpg 1 25 7 64 64
0587_0020_0026_0042_0042.jpg 1 20 26 42 42
0588_0021_0035_0043_0043.jpg 1 21 35 43 43
0589_0017_0027_0029_0029.jpg 1 17 27 29 29
0590_0051_0032_0038_0038.jpg 1 51 32 38 38
0591_0008_0060_0029_0029.jpg 1 8 60 29 29
0592_0017_0015_0062_0062.jpg 1 17 15 62 62
0593_0010_0008_0059_0059.jpg 1 10 8 59 59
0594_0006_0029_0044_0044.jpg 1 6 29 44 44
0595_0031_0025_0056_0056.jpg 1 31 25 56 56
0596_0011_0020_0056_0056.jpg 1 11 20 56 56
0597_0021_0032_0057_0057.jpg 1 21 32 57 57
0598_0057_0040_0029_0029.jpg 1 57 40 29 29
0599_0020_0028_0048_0048.jpg 1 20 28 48 48
0600_0015_0030_0056_0056.jpg 1 15 30 56 56
0601_0016_0034_0040_0040.jpg 1 16 34 40 40
0602_0044_0011_0050_0050.jpg 1 44 11 50 50
0603_0024_0008_0062_0062.jpg 1 24 8 62 62
0604_0024_0028_0060_0060.jpg 1 24 28 60 60
0605_0038_0019_0037_0037.jpg 1 38 19 37 37
0606_0025_0016_0054_0054.jpg 1 25 16 54 54
0607_0017_0019_0045_0045.jpg 1 17 19 45 45
0608_0063_0065_0025_0025.jpg 1 63 65 25 25
0609_0017_0039_0041_0041.jpg 1 17 39 41 41
0610_0014_0017_0054_0054.jpg 1 14 17 54 54
0611_0043_0031_0040_0040.jpg 1 43 31 40 40
0612_0027_0023_0060_0060.jpg 1 27 23 60 60
0613_0027_0030_0063_0063.jpg 1 27 30 63 63
0614_0039_0054_0027_0027.jpg 1 39 54 27 27
0615_0032_0010_0061_0061.jpg 1 32 10 61 61
0616_0013_0006_0063_0063.jpg 1 13 6 63 63
0617_0043_0034_0039_0039.jpg 1 43 34 39 39
0618_0028_0025_0046_0046.jpg 1 28 25 46 46
0619_0004_0024_0068_0068.jpg 1 4 24 68 68
0620_0020_0030_0062_0062.jpg 1 20 30 62 62
0621_0012_0032_0048_0048.jpg 1 12 32 48 48
0622_0013_0007_0030_0030.jpg 1 13 7 30 30
0623_0038_0042_0044_0044.jpg 1 38 42 44 44
0624_0013_0005_0063_0063.jpg 1 13 5 63 63
0625_0022_0004_0067_0067.jpg 1 22 4 67 67
0626_0014_0027_0052_0052.jpg 1 14 27 52 52
0627_0039_0018_0056_0056.jpg 1 39 18 56 56
0628_0033_0041_0035_0035.jpg 1 33 41 35 35
0629_0032_0038_0027_0027.jpg 1 32 38 27 27
0630_0018_0033_0040_0040.jpg 1 18 33 40 40
0631_0006_0008_0040_0040.jpg 1 6 8 40 40
0632_0019_0018_0067_0067.jpg 1 19 18 67 67
0633_0043_0032_0042_0042.jpg 1 43 32 42 42
0634_0010_0010_0044_0044.jpg 1 10 10 44 44
0635_0032_0031_0057_0057.jpg 1 32 31 57 57
0636_0018_0013_0046_0046.jpg 1 18 13 46 46
0637_0037_0023_0058_0058.jpg 1 37 23 58 58
0638_0007_0016_0043_0043.jpg 1 7 16 43 43
0639_0016_0025_0063_0063.jpg 1 16 25 63 63
0640_0041_0027_0038_0038.jpg 1 41 27 38 38
0641_0014_0051_0031_0031.jpg 1 14 51 31 31
0642_0005_0016_0067_0067.jpg 1 5 16 67 67
0643_0008_0045_0035_0035.jpg 1 8 45 35 35
0644_0018_0049_0038_0038.jpg 1 18 49 38 38
0645_0006_0041_0050_0050.jpg 1 6 41 50 50
0646_0005_0033_0058_0058.jpg 1 5 33 58 58
0647_0042_0042_0037_0037.jpg 1 42 42 37 37
0648_0033_0005_0043_0043.jpg 1 33 5 43 43
0649_0051_0023_0027_0027.jpg 1 51 23 27 27
0650_0016_0031_0065_0065.jpg 1 16 31 65 65
0651_0011_0006_0064_0064.jpg 1 11 6 64 64
0652_0009_0038_0054_0054.jpg 1 9 38 54 54
0653_0063_0052_0027_0027.jpg 1 63 52 27 27
0654_0018_0009_0050_0050.jpg 1 18 9 50 50
0655_0006_0023_0037_0037.jpg 1 6 23 37 37
0656_0008_0006_0068_0068.jpg 1 8 6 68 68
0657_0028_0029_0030_0030.jpg 1 28 29 30 30
0658_0013_0016_0066_0066.jpg 1 13 16 66 66
0659_0044_0034_0036_0036.jpg 1 44 34 36 36
0660_0026_0036_0056_0056.jpg 1 26 36 56 56
0661_0035_0029_0045_0045.jpg 1 35 29 45 45
0662_0048_0013_0030_0030.jpg 1 48 13 30 30
0663_0016_0019_0067_0067.jpg 1 16 19 67 67
0664_0027_0018_0040_0040.jpg 1 27 18 40 40
0665_0030_0028_0054_0054.jpg 1 30 28 54 54
0666_0026_0031_0053_0053.jpg 1 26 31 53 53
0667_0028_0009_0045_0045.jpg 1 28 9 45 45
0668_0015_0009_0043_0043.jpg 1 15 9 43 43
0669_0036_0026_0055_0055.jpg 1 36 26 55 55
0670_0023_0048_0025_0025.jpg 1 23 48 25 25
0671_0017_0031_0037_0037.jpg 1 17 31 37 37
0672_0011_0007_0064_0064.jpg 1 11 7 64 64
0673_0024_0018_0032_0032.jpg 1 24 18 32 32
0674_0004_0011_0069_0069.jpg 1 4 11 69 69
0675_0060_0021_0025_0025.jpg 1 60 21 25 25
0676_0034_0014_0052_0052.jpg 1 34 14 52 52
0677_0028_0053_0030_0030.jpg 1 28 53 30 30
0678_0049_0036_0036_0036.jpg 1 49 36 36 36
0679_0031_0042_0048_0048.jpg 1 31 42 48 48
0680_0006_0022_0050_0050.jpg 1 6 22 50 50
0681_0023_0046_0046_0046.jpg 1 23 46 46 46
0682_0041_0005_0044_0044.jpg 1 41 5 44 44
0683_0009_0038_0033_0033.jpg 1 9 38 33 33
0684_0020_0037_0032_0032.jpg 1 20 37 32 32
0685_0035_0044_0030_0030.jpg 1 35 44 30 30
0686_0028_0019_0033_0033.jpg 1 28 19 33 33
0687_0018_0017_0058_0058.jpg 1 18 17 58 58
0688_0027_0009_0057_0057.jpg 1 27 9 57 57
0689_0020_0023_0026_0026.jpg 1 20 23 26 26
0690_0015_0046_0043_0043.jpg 1 15 46 43 43
0691_0022_0024_0067_0067.jpg 1 22 24 67 67
0692_0025_0005_0067_0067.jpg 1 25 5 67 67
0693_0020_0006_0040_0040.jpg 1 20 6 40 40
0694_0017_0033_0052_0052.jpg 1 17 33 52 52
0695_0013_0005_0059_0059.jpg 1 13 5 59 59
0696_0025_0015_0034_0034.jpg 1 25 15 34 34
0697_0041_0038_0045_0045.jpg 1 41 38 45 45
0698_0009_0035_0051_0051.jpg 1 9 35 51 51
0699_0020_0035_0050_0050.jpg 1 20 35 50 50
0700_0033_0026_0026_0026.jpg 1 33 26 26 26
0701_0012_0031_0058_0058.jpg 1 12 31 58 58
0702_0017_0009_0050_0050.jpg 1 17 9 50 50
0703_0029_0016_0063_0063.jpg 1 29 16 63 63
0704_0009_0007_0050_0050.jpg 1 9 7 50 50
0705_0018_0030_0061_0061.jpg 1 18 30 61 61
0706_0021_0028_0062_0062.jpg 1 21 28 62 62
0707_0023_0033_0062_0062.jpg 1 23 33 62 62
0708_0040_0013_0055_0055.jpg 1 40 13 55 55
0709_0012_0010_0046_0046.jpg 1 12 10 46 46
0710_0015_0036_0044_0044.jpg 1 15 36 44 44
0711_0016_0024_0068_0068.jpg 1 16 24 68 68
0712_0043_0036_0051_0051.jpg 1 43 36 51 51
0713_0013_0025_0026_0026.jpg 1 13 25 26 26
0714_0013_0034_0060_0060.jpg 1 13 34 60 60
0715_0044_0013_0044_0044.jpg 1 44 13 44 44
0716_0024_0020_0047_0047.jpg 1 24 20 47 47
0717_0048_0012_0036_0036.jpg 1 48 12 36 36
0718_0009_0015_0043_0043.jpg 1 9 15 43 43
0719_0020_0040_0048_0048.jpg 1 20 40 48 48
0720_0033_0009_0028_0028.jpg 1 33 9 28 28
0721_0008_0014_0057_0057.jpg 1 8 14 57 57
0722_0011_0013_0046_0046.jpg 1 11 13 46 46
0723_0025_0006_0054_0054.jpg 1 25 6 54 54
0724_0009_0047_0047_0047.jpg 1 9 47 47 47
0725_0038_0057_0036_0036.jpg 1 38 57 36 36
0726_0018_0026_0061_0061.jpg 1 18 26 61 61
0727_0006_0011_0050_0050.jpg 1 6 11 50 50
0728_0010_0030_0049_0049.jpg 1 10 30 49 49
0729_0022_0029_0027_0027.jpg 1 22 29 27 27
0730_0018_0035_0058_0058.jpg 1 18 35 58 58
0731_0003_0009_0067_0067.jpg 1 3 9 67 67
0732_0028_0031_0034_0034.jpg 1 28 31 34 34
0733_0010_0028_0066_0066.jpg 1 10 28 66 66
0734_0024_0031_0063_0063.jpg 1 24 31 63 63
0735_0018_0042_0033_0033.jpg 1 18 42 33 33
0736_0040_0047_0044_0044.jpg 1 40 47 44 44
0737_0020_0023_0069_0069.jpg 1 20 23 69 69
0738_0029_0014_0053_0053.jpg 1 29 14 53 53
0739_0038_0022_0044_0044.jpg 1 38 22 44 44
0740_0015_0026_0031_0031.jpg 1 15 26 31 31
0741_0015_0010_0057_0057.jpg 1 15 10 57 57
0742_0032_0051_0025_0025.jpg 1 32 51 25 25
0743_0009_0012_0068_0068.jpg 1 9 12 68 68
0744_0055_0007_0033_0033.jpg 1 55 7 33 33
0745_0022_0043_0024_0024.jpg 1 22 43 24 24
0746_0019_0026_0069_0069.jpg 1 19 26 69 69
0747_0017_0005_0060_0060.jpg 1 17 5 60 60
0748_0034_0023_0025_0025.jpg 1 34 23 25 25
0749_0009_0014_0057_0057.jpg 1 9 14 57 57
0750_0029_0037_0052_0052.jpg 1 29 37 52 52
0751_0046_0022_0026_0026.jpg 1 46 22 26 26
0752_0023_0006_0057_0057.jpg 1 23 6 57 57
0753_0030_0041_0024_0024.jpg 1 30 41 24 24
0754_0015_0018_0056_0056.jpg 1 15 18 56 56
0755_0027_0009_0053_0053.jpg 1 27 9 53 53
0756_0041_0066_0024_0024.jpg 1 41 66 24 24
0757_0025_0038_0036_0036.jpg 1 25 38 36 36
0758_0023_0016_0067_0067.jpg 1 23 16 67 67
0759_0010_0017_0056_0056.jpg 1 10 17 56 56
0760_0029_0012_0046_0046.jpg 1 29 12 46 46
0761_0012_0010_0069_0069.jpg 1 12 10 69 69
0762_0015_0054_0026_0026.jpg 1 15 54 26 26
0763_0010_0019_0040_0040.jpg 1 10 19 40 40
0764_0012_0056_0037_0037.jpg 1 12 56 37 37
0765_0037_0029_0050_0050.jpg 1 37 29 50 50
0766_0047_0047_0041_0041.jpg 1 47 47 41 41
0767_0015_0022_0066_0066.jpg 1 15 22 66 66
0768_0043_0041_0038_0038.jpg 1 43 41 38 38
0769_0033_0031_0024_0024.jpg 1 33 31 24 24
0770_0017_0045_0040_0040.jpg 1 17 45 40 40
0771_0030_0029_0062_0062.jpg 1 30 29 62 62
0772_0016_0031_0046_0046.jpg 1 16 31 46 46
0773_0055_0058_0033_0033.jpg 1 55 58 33 33
0774_0005_0029_0063_0063.jpg 1 5 29 63 63
0775_0056_0062_0028_0028.jpg 1 56 62 28 28
0776_0013_0037_0043_0043.jpg 1 13 37 43 43
0777_0026_0004_0059_0059.jpg 1 26 4 59 59
0778_0026_0014_0038_0038.jpg 1 26 14 38 38
0779_0032_0017_0045_0045.jpg 1 32 17 45 45
0780_0014_0025_0067_0067.jpg 1 14 25 67 67
0781_0005_0006_0062_0062.jpg 1 5 6 62 62
0782_0021_0005_0053_0053.jpg 1 21 5 53 53
0783_0020_0018_0047_0047.jpg 1 20 18 47 47
0784_0004_0008_0059_0059.jpg 1 4 8 59 59
0785_0027_0056_0025_0025.jpg 1 27 56 25 25
0786_0012_0023_0065_0065.jpg 1 12 23 65 65
0787_0007_0042_0050_0050.jpg 1 7 42 50 50
0788_0043_0012_0024_0024.jpg 1 43 12 24 24
0789_0006_0010_0067_0067.jpg 1 6 10 67 67
0790_0034_0027_0038_0038.jpg 1 34 27 38 38
0791_0024_0018_0042_0042.jpg 1 24 18 42 42
0792_0013_0034_0024_0024.jpg 1 13 34 24 24
0793_0016_0030_0049_0049.jpg 1 16 30 49 49
0794_0042_0007_0052_0052.jpg 1 42 7 52 52
0795_0012_0025_0044_0044.jpg 1 12 25 44 44
0796_0005_0004_0069_0069.jpg 1 5 4 69 69
0797_0011_0022_0068_0068.jpg 1 11 22 68 68
0798_0003_0024_0068_0068.jpg 1 3 24 68 68
0799_0053_0009_0036_0036.jpg 1 53 9 36 36
0800_0022_0028_0065_0065.jpg 1 22 28 65 65
0801_0014_0046_0047_0047.jpg 1 14 46 47 47
0802_0023_0020_0041_0041.jpg 1 23 20 41 41
0803_0040_0033_0039_0039.jpg 1 40 33 39 39
0804_0029_0016_0041_0041.jpg 1 29 16 41 41
0805_0010_0014_0069_0069.jpg 1 10 14 69 69
0806_0020_0039_0051_0051.jpg 1 20 39 51 51
0807_0027_0019_0066_0066.jpg 1 27 19 66 66
0808_0007_0010_0062_0062.jpg 1 7 10 62 62
0809_0026_0010_0056_0056.jpg 1 26 10 56 56
0810_0035_0047_0024_0024.jpg 1 35 47 24 24
0811_0024_0042_0024_0024.jpg 1 24 42 24 24
0812_0049_0058_0027_0027.jpg 1 49 58 27 27
0813_0020_0011_0041_0041.jpg 1 20 11 41 41
0814_0007_0017_0049_0049.jpg 1 7 17 49 49
0815_0051_0018_0026_0026.jpg 1 51 18 26 26
0816_0014_0007_0059_0059.jpg 1 14 7 59 59
0817_0013_0062_0030_0030.jpg 1 13 62 30 30
0818_0033_0016_0046_0046.jpg 1 33 16 46 46
0819_0052_0031_0037_0037.jpg 1 52 31 37 37
0820_0007_0015_0056_0056.jpg 1 7 15 56 56
0821_0008_0023_0069_0069.jpg 1 8 23 69 69
0822_0022_0027_0067_0067.jpg 1 22 27 67 67
0823_0008_0019_0036_0036.jpg 1 8 19 36 36
0824_0039_0006_0038_0038.jpg 1 39 6 38 38
0825_0037_0019_0030_0030.jpg 1 37 19 30 30
0826_0013_0010_0069_0069.jpg 1 13 10 69 69
0827_0027_0017_0047_0047.jpg 1 27 17 47 47
0828_0028_0014_0054_0054.jpg 1 28 14 54 54
0829_0007_0010_0069_0069.jpg 1 7 10 69 69
0830_0010_0038_0038_0038.jpg 1 10 38 38 38
0831_0011_0016_0052_0052.jpg 1 11 16 52 52
0832_0041_0041_0049_0049.jpg 1 41 41 49 49
0833_0017_0033_0060_0060.jpg 1 17 33 60 60
0834_0023_0018_0042_0042.jpg 1 23 18 42 42
0835_0006_0029_0059_0059.jpg 1 6 29 59 59
0836_0009_0034_0047_0047.jpg 1 9 34 47 47
0837_0036_0005_0058_0058.jpg 1 36 5 58 58
0838_0031_0030_0063_0063.jpg 1 31 30 63 63
0839_0005_0011_0061_0061.jpg 1 5 11 61 61
0840_0012_0014_0039_0039.jpg 1 12 14 39 39
0841_0030_0030_0063_0063.jpg 1 30 30 63 63
0842_0023_0045_0040_0040.jpg 1 23 45 40 40
0843_0018_0029_0057_0057.jpg 1 18 29 57 57
0844_0026_0013_0052_0052.jpg 1 26 13 52 52
0845_0033_0040_0044_0044.jpg 1 33 40 44 44
0846_0056_0011_0034_0034.jpg 1 56 11 34 34
0847_0030_0041_0034_0034.jpg 1 30 41 34 34
0848_0018_0010_0065_0065.jpg 1 18 10 65 65
0849_0009_0021_0064_0064.jpg 1 9 21 64 64
0850_0008_0008_0053_0053.jpg 1 8 8 53 53
0851_0040_0031_0046_0046.jpg 1 40 31 46 46
0852_0037_0013_0048_0048.jpg 1 37 13 48 48
0853_0032_0046_0043_0043.jpg 1 32 46 43 43
0854_0018_0031_0058_0058.jpg 1 18 31 58 58
0855_0029_0023_0059_0059.jpg 1 29 23 59 59
0856_0006_0010_0050_0050.jpg 1 6 10 50 50
0857_0030_0042_0052_0052.jpg 1 30 42 52 52
0858_0030_0008_0048_0048.jpg 1 30 8 48 48
0859_0006_0022_0063_0063.jpg 1 6 22 63 63
0860_0025_0021_0063_0063.jpg 1 25 21 63 63
0861_0030_0052_0039_0039.jpg 1 30 52 39 39
0862_0038_0023_0055_0055.jpg 1 38 23 55 55
0863_0038_0012_0053_0053.jpg 1 38 12 53 53
0864_0050_0054_0037_0037.jpg 1 50 54 37 37
0865_0052_0056_0036_0036.jpg 1 52 56 36 36
0866_0022_0022_0065_0065.jpg 1 22 22 65 65
0867_0008_0035_0060_0060.jpg 1 8 35 60 60
0868_0021_0047_0035_0035.jpg 1 21 47 35 35
0869_0039_0041_0049_0049.jpg 1 39 41 49 49
0870_0011_0014_0050_0050.jpg 1 11 14 50 50
0871_0009_0020_0039_0039.jpg 1 9 20 39 39
0872_0037_0045_0038_0038.jpg 1 37 45 38 38
0873_0020_0021_0066_0066.jpg 1 20 21 66 66
0874_0015_0007_0050_0050.jpg 1 15 7 50 50
0875_0006_0008_0060_0060.jpg 1 6 8 60 60
0876_0036_0051_0040_0040.jpg 1 36 51 40 40
0877_0018_0058_0033_0033.jpg 1 18 58 33 33
0878_0066_0033_0024_0024.jpg 1 66 33 24 24
0879_0042_0042_0028_0028.jpg 1 42 42 28 28
0880_0018_0043_0046_0046.jpg 1 18 43 46 46
0881_0048_0039_0037_0037.jpg 1 48 39 37 37
0882_0029_0044_0048_0048.jpg 1 29 44 48 48
0883_0028_0059_0030_0030.jpg 1 28 59 30 30
0884_0004_0008_0054_0054.jpg 1 4 8 54 54
0885_0025_0010_0043_0043.jpg 1 25 10 43 43
0886_0051_0009_0042_0042.jpg 1 51 9 42 42
0887_0020_0062_0028_0028.jpg 1 20 62 28 28
0888_0024_0014_0039_0039.jpg 1 24 14 39 39
0889_0038_0014_0054_0054.jpg 1 38 14 54 54
0890_0053_0018_0026_0026.jpg 1 53 18 26 26
0891_0040_0030_0046_0046.jpg 1 40 30 46 46
0892_0009_0010_0040_0040.jpg 1 9 10 40 40
0893_0005_0038_0048_0048.jpg 1 5 38 48 48
0894_0025_0018_0060_0060.jpg 1 25 18 60 60
0895_0023_0009_0030_0030.jpg 1 23 9 30 30
0896_0035_0022_0029_0029.jpg 1 35 22 29 29
0897_0004_0004_0064_0064.jpg 1 4 4 64 64
0898_0029_0023_0050_0050.jpg 1 29 23 50 50
0899_0045_0033_0047_0047.jpg 1 45 33 47 47
0900_0028_0020_0040_0040.jpg 1 28 20 40 40
0901_0023_0025_0066_0066.jpg 1 23 25 66 66
0902_0012_0018_0065_0065.jpg 1 12 18 65 65
0903_0026_0061_0029_0029.jpg 1 26 61 29 29
0904_0019_0025_0050_0050.jpg 1 19 25 50 50
0905_0012_0017_0066_0066.jpg 1 12 17 66 66
0906_0021_0020_0057_0057.jpg 1 21 20 57 57
0907_0030_0058_0027_0027.jpg 1 30 58 27 27
0908_0008_0008_0069_0069.jpg 1 8 8 69 69
0909_0024_0046_0028_0028.jpg 1 24 46 28 28
0910_0008_0023_0051_0051.jpg 1 8 23 51 51
0911_0004_0020_0064_0064.jpg 1 4 20 64 64
0912_0032_0007_0026_0026.jpg 1 32 7 26 26
0913_0037_0039_0042_0042.jpg 1 37 39 42 42
0914_0023_0030_0029_0029.jpg 1 23 30 29 29
0915_0019_0008_0068_0068.jpg 1 19 8 68 68
0916_0037_0021_0052_0052.jpg 1 37 21 52 52
0917_0029_0024_0049_0049.jpg 1 29 24 49 49
0918_0017_0015_0052_0052.jpg 1 17 15 52 52
0919_0019_0043_0034_0034.jpg 1 19 43 34 34
0920_0005_0012_0049_0049.jpg 1 5 12 49 49
0921_0011_0023_0026_0026.jpg 1 11 23 26 26
0922_0041_0037_0043_0043.jpg 1 41 37 43 43
0923_0027_0019_0051_0051.jpg 1 27 19 51 51
0924_0014_0020_0037_0037.jpg 1 14 20 37 37
0925_0045_0044_0032_0032.jpg 1 45 44 32 32
0926_0024_0006_0042_0042.jpg 1 24 6 42 42
0927_0027_0004_0068_0068.jpg 1 27 4 68 68
0928_0027_0022_0057_0057.jpg 1 27 22 57 57
0929_0019_0028_0041_0041.jpg 1 19 28 41 41
0930_0015_0021_0044_0044.jpg 1 15 21 44 44
0931_0035_0019_0047_0047.jpg 1 35 19 47 47
0932_0014_0017_0057_0057.jpg 1 14 17 57 57
0933_0026_0018_0069_0069.jpg 1 26 18 69 69
0934_0006_0022_0065_0065.jpg 1 6 22 65 65
0935_0040_0029_0054_0054.jpg 1 40 29 54 54
0936_0057_0036_0035_0035.jpg 1 57 36 35 35
0937_0036_0037_0055_0055.jpg 1 36 37 55 55
0938_0006_0012_0064_0064.jpg 1 6 12 64 64
0939_0033_0007_0060_0060.jpg 1 33 7 60 60
0940_0019_0004_0059_0059.jpg 1 19 4 59 59
0941_0043_0005_0045_0045.jpg 1 43 5 45 45
0942_0008_0009_0033_0033.jpg 1 8 9 33 33
0943_0024_0019_0047_0047.jpg 1 24 19 47 47
0944_0045_0031_0038_0038.jpg 1 45 31 38 38
0945_0031_0040_0051_0051.jpg 1 31 40 51 51
0946_0010_0007_0032_0032.jpg 1 10 7 32 32
0947_0014_0037_0038_0038.jpg 1 14 37 38 38
0948_0029_0010_0064_0064.jpg 1 29 10 64 64
0949_0023_0040_0025_0025.jpg 1 23 40 25 25
0950_0037_0011_0057_0057.jpg 1 37 11 57 57
0951_0012_0009_0059_0059.jpg 1 12 9 59 59
0952_0013_0018_0063_0063.jpg 1 13 18 63 63
0953_0011_0044_0044_0044.jpg 1 11 44 44 44
0954_0013_0007_0065_0065.jpg 1 13 7 65 65
0955_0036_0031_0043_0043.jpg 1 36 31 43 43
0956_0012_0020_0040_0040.jpg 1 12 20 40 40
0957_0015_0025_0052_0052.jpg 1 15 25 52 52
0958_0011_0042_0035_0035.jpg 1 11 42 35 35
0959_0033_0037_0043_0043.jpg 1 33 37 43 43
0960_0032_0022_0054_0054.jpg 1 32 22 54 54
0961_0060_0038_0024_0024.jpg 1 60 38 24 24
0962_0006_0008_0049_0049.jpg 1 6 8 49 49
0963_0029_0025_0037_0037.jpg 1 29 25 37 37
0964_0033_0013_0047_0047.jpg 1 33 13 47 47
0965_0022_0030_0046_0046.jpg 1 22 30 46 46
0966_0029_0032_0040_0040.jpg 1 29 32 40 40
0967_0015_0017_0043_0043.jpg 1 15 17 43 43
0968_0017_0029_0062_0062.jpg 1 17 29 62 62
0969_0066_0034_0024_0024.jpg 1 66 34 24 24
0970_0018_0030_0039_0039.jpg 1 18 30 39 39
0971_0022_0020_0052_0052.jpg 1 22 20 52 52
0972_0016_0027_0058_0058.jpg 1 16 27 58 58
0973_0013_0027_0055_0055.jpg 1 13 27 55 55
0974_0038_0039_0048_0048.jpg 1 38 39 48 48
0975_0025_0016_0051_0051.jpg 1 25 16 51 51
0976_0019_0012_0042_0042.jpg 1 19 12 42 42
0977_0051_0018_0028_0028.jpg 1 51 18 28 28
0978_0023_0009_0066_0066.jpg 1 23 9 66 66
0979_0020_0003_0069_0069.jpg 1 20 3 69 69
0980_0056_0007_0034_0034.jpg 1 56 7 34 34
0981_0005_0017_0069_0069.jpg 1 5 17 69 69
0982_0013_0012_0067_0067.jpg 1 13 12 67 67
0983_0009_0017_0047_0047.jpg 1 9 17 47 47
0984_0020_0006_0047_0047.jpg 1 20 6 47 47
0985_0024_0031_0057_0057.jpg 1 24 31 57 57
0986_0041_0013_0045_0045.jpg 1 41 13 45 45
0987_0036_0030_0046_0046.jpg 1 36 30 46 46
0988_0041_0010_0041_0041.jpg 1 41 10 41 41
0989_0025_0003_0066_0066.jpg 1 25 3 66 66
0990_0055_0008_0029_0029.jpg 1 55 8 29 29
0991_0017_0042_0052_0052.jpg 1 17 42 52 52
0992_0022_0014_0053_0053.jpg 1 22 14 53 53
0993_0029_0028_0065_0065.jpg 1 29 28 65 65
0994_0012_0043_0037_0037.jpg 1 12 43 37 37
0995_0023_0028_0066_0066.jpg 1 23 28 66 66
0996_0023_0008_0035_0035.jpg 1 23 8 35 35
0997_0034_0033_0053_0053.jpg 1 34 33 53 53
0998_0045_0046_0034_0034.jpg 1 45 46 34 34
0999_0040_0032_0024_0024.jpg 1 40 32 24 24
1000_0043_0036_0047_0047.jpg 1 43 36 47 47
1001_0038_0007_0050_0050.jpg 1 38 7 50 50
1002_0014_0009_0043_0043.jpg 1 14 9 43 43
1003_0019_0037_0048_0048.jpg 1 19 37 48 48
1004_0055_0033_0034_0034.jpg 1 55 33 34 34
1005_0043_0035_0032_0032.jpg 1 43 35 32 32
1006_0012_0025_0064_0064.jpg 1 12 25 64 64
1007_0041_0021_0036_0036.jpg 1 41 21 36 36
1008_0054_0038_0038_0038.jpg 1 54 38 38 38
1009_0024_0019_0063_0063.jpg 1 24 19 63 63
1010_0025_0035_0046_0046.jpg 1 25 35 46 46
1011_0026_0029_0061_0061.jpg 1 26 29 61 61
1012_0013_0022_0026_0026.jpg 1 13 22 26 26
1013_0020_0011_0069_0069.jpg 1 20 11 69 69
1014_0053_0036_0037_0037.jpg 1 53 36 37 37
1015_0008_0028_0068_0068.jpg 1 8 28 68 68
1016_0028_0029_0026_0026.jpg 1 28 29 26 26
1017_0032_0029_0052_0052.jpg 1 32 29 52 52
1018_0021_0009_0069_0069.jpg 1 21 9 69 69
1019_0028_0028_0063_0063.jpg 1 28 28 63 63
1020_0035_0050_0041_0041.jpg 1 35 50 41 41
1021_0046_0014_0047_0047.jpg 1 46 14 47 47
1022_0056_0045_0026_0026.jpg 1 56 45 26 26
1023_0004_0033_0062_0062.jpg 1 4 33 62 62
1024_0024_0011_0031_0031.jpg 1 24 11 31 31
1025_0009_0023_0041_0041.jpg 1 9 23 41 41
1026_0027_0026_0037_0037.jpg 1 27 26 37 37
1027_0006_0043_0044_0044.jpg 1 6 43 44 44
1028_0024_0023_0067_0067.jpg 1 24 23 67 67
1029_0013_0007_0067_0067.jpg 1 13 7 67 67
1030_0027_0008_0056_0056.jpg 1 27 8 56 56
1031_0029_0022_0058_0058.jpg 1 29 22 58 58
1032_0032_0025_0052_0052.jpg 1 32 25 52 52
1033_0045_0049_0041_0041.jpg 1 45 49 41 41
1034_0009_0052_0033_0033.jpg 1 9 52 33 33
1035_0022_0059_0033_0033.jpg 1 22 59 33 33
1036_0048_0031_0033_0033.jpg 1 48 31 33 33
1037_0019_0010_0048_0048.jpg 1 19 10 48 48
1038_0018_0014_0061_0061.jpg 1 18 14 61 61
1039_0047_0018_0034_0034.jpg 1 47 18 34 34
1040_0008_0028_0031_0031.jpg 1 8 28 31 31
1041_0009_0009_0051_0051.jpg 1 9 9 51 51
1042_0045_0023_0042_0042.jpg 1 45 23 42 42
1043_0011_0008_0065_0065.jpg 1 11 8 65 65
1044_0008_0042_0027_0027.jpg 1 8 42 27 27
1045_0005_0013_0067_0067.jpg 1 5 13 67 67
1046_0016_0025_0052_0052.jpg 1 16 25 52 52
1047_0024_0039_0035_0035.jpg 1 24 39 35 35
1048_0013_0016_0035_0035.jpg 1 13 16 35 35
1049_0022_0044_0031_0031.jpg 1 22 44 31 31
1050_0041_0047_0034_0034.jpg 1 41 47 34 34
1051_0048_0015_0043_0043.jpg 1 48 15 43 43
1052_0025_0003_0068_0068.jpg 1 25 3 68 68
1053_0031_0038_0028_0028.jpg 1 31 38 28 28
1054_0028_0053_0027_0027.jpg 1 28 53 27 27
1055_0055_0011_0036_0036.jpg 1 55 11 36 36
1056_0063_0032_0025_0025.jpg 1 63 32 25 25
1057_0053_0035_0030_0030.jpg 1 53 35 30 30
1058_0039_0028_0027_0027.jpg 1 39 28 27 27
1059_0031_0012_0054_0054.jpg 1 31 12 54 54
1060_0019_0017_0036_0036.jpg 1 19 17 36 36
1061_0032_0033_0054_0054.jpg 1 32 33 54 54
1062_0032_0023_0053_0053.jpg 1 32 23 53 53
1063_0007_0006_0052_0052.jpg 1 7 6 52 52
1064_0045_0024_0036_0036.jpg 1 45 24 36 36
1065_0033_0022_0028_0028.jpg 1 33 22 28 28
1066_0058_0033_0035_0035.jpg 1 58 33 35 35
1067_0030_0023_0047_0047.jpg 1 30 23 47 47
1068_0014_0009_0065_0065.jpg 1 14 9 65 65
1069_0025_0009_0055_0055.jpg 1 25 9 55 55
1070_0037_0037_0042_0042.jpg 1 37 37 42 42
1071_0013_0050_0031_0031.jpg 1 13 50 31 31
1072_0062_0067_0024_0024.jpg 1 62 67 24 24
1073_0029_0062_0030_0030.jpg 1 29 62 30 30
1074_0010_0033_0055_0055.jpg 1 10 33 55 55
1075_0021_0030_0053_0053.jpg 1 21 30 53 53
1076_0015_0023_0065_0065.jpg 1 15 23 65 65
1077_0027_0029_0064_0064.jpg 1 27 29 64 64
1078_0047_0045_0040_0040.jpg 1 47 45 40 40
1079_0008_0048_0043_0043.jpg 1 8 48 43 43
1080_0010_0046_0030_0030.jpg 1 10 46 30 30
1081_0045_0037_0026_0026.jpg 1 45 37 26 26
1082_0036_0035_0036_0036.jpg 1 36 35 36 36
1083_0038_0007_0039_0039.jpg 1 38 7 39 39
1084_0037_0032_0039_0039.jpg 1 37 32 39 39
1085_0029_0015_0060_0060.jpg 1 29 15 60 60
1086_0023_0061_0027_0027.jpg 1 23 61 27 27
1087_0028_0010_0031_0031.jpg 1 28 10 31 31
1088_0013_0018_0059_0059.jpg 1 13 18 59 59
1089_0013_0025_0049_0049.jpg 1 13 25 49 49
1090_0036_0005_0052_0052.jpg 1 36 5 52 52
1091_0014_0042_0043_0043.jpg 1 14 42 43 43
1092_0024_0029_0063_0063.jpg 1 24 29 63 63
1093_0021_0021_0030_0030.jpg 1 21 21 30 30
1094_0027_0058_0025_0025.jpg 1 27 58 25 25
1095_0037_0042_0030_0030.jpg 1 37 42 30 30
1096_0036_0057_0029_0029.jpg 1 36 57 29 29
1097_0007_0037_0038_0038.jpg 1 7 37 38 38
1098_0015_0024_0024_0024.jpg 1 15 24 24 24
1099_0030_0013_0057_0057.jpg 1 30 13 57 57
1100_0032_0017_0055_0055.jpg 1 32 17 55 55
1101_0015_0022_0035_0035.jpg 1 15 22 35 35
1102_0046_0029_0039_0039.jpg 1 46 29 39 39
1103_0036_0011_0052_0052.jpg 1 36 11 52 52
1104_0006_0023_0054_0054.jpg 1 6 23 54 54
1105_0043_0056_0031_0031.jpg 1 43 56 31 31
1106_0007_0022_0049_0049.jpg 1 7 22 49 49
1107_0037_0031_0033_0033.jpg 1 37 31 33 33
1108_0066_0009_0025_0025.jpg 1 66 9 25 25
1109_0015_0033_0059_0059.jpg 1 15 33 59 59
1110_0040_0013_0030_0030.jpg 1 40 13 30 30
1111_0015_0008_0060_0060.jpg 1 15 8 60 60
1112_0041_0017_0050_0050.jpg 1 41 17 50 50
1113_0005_0013_0068_0068.jpg 1 5 13 68 68
1114_0034_0022_0037_0037.jpg 1 34 22 37 37
1115_0029_0010_0060_0060.jpg 1 29 10 60 60
1116_0029_0018_0062_0062.jpg 1 29 18 62 62
1117_0026_0010_0043_0043.jpg 1 26 10 43 43
1118_0007_0027_0036_0036.jpg 1 7 27 36 36
1119_0044_0027_0049_0049.jpg 1 44 27 49 49
1120_0006_0017_0036_0036.jpg 1 6 17 36 36
1121_0057_0032_0030_0030.jpg 1 57 32 30 30
1122_0019_0023_0043_0043.jpg 1 19 23 43 43
1123_0024_0038_0055_0055.jpg 1 24 38 55 55
1124_0005_0006_0064_0064.jpg 1 5 6 64 64
1125_0023_0004_0057_0057.jpg 1 23 4 57 57
1126_0031_0038_0050_0050.jpg 1 31 38 50 50
1127_0007_0032_0059_0059.jpg 1 7 32 59 59
1128_0010_0050_0040_0040.jpg 1 10 50 40 40
1129_0012_0023_0046_0046.jpg 1 12 23 46 46
1130_0014_0012_0040_0040.jpg 1 14 12 40 40
1131_0032_0032_0056_0056.jpg 1 32 32 56 56
1132_0015_0046_0040_0040.jpg 1 15 46 40 40
1133_0005_0015_0058_0058.jpg 1 5 15 58 58
1134_0006_0020_0067_0067.jpg 1 6 20 67 67
1135_0028_0021_0044_0044.jpg 1 28 21 44 44
1136_0038_0025_0029_0029.jpg 1 38 25 29 29
1137_0033_0024_0037_0037.jpg 1 33 24 37 37
1138_0042_0045_0027_0027.jpg 1 42 45 27 27
1139_0028_0009_0031_0031.jpg 1 28 9 31 31
1140_0005_0015_0054_0054.jpg 1 5 15 54 54
1141_0062_0013_0028_0028.jpg 1 62 13 28 28
1142_0010_0027_0066_0066.jpg 1 10 27 66 66
1143_0044_0026_0030_0030.jpg 1 44 26 30 30
1144_0038_0036_0046_0046.jpg 1 38 36 46 46
1145_0020_0025_0065_0065.jpg 1 20 25 65 65
1146_0010_0033_0050_0050.jpg 1 10 33 50 50
1147_0023_0005_0061_0061.jpg 1 23 5 61 61
1148_0041_0032_0050_0050.jpg 1 41 32 50 50
1149_0027_0031_0029_0029.jpg 1 27 31 29 29
1150_0021_0018_0037_0037.jpg 1 21 18 37 37
1151_0055_0051_0029_0029.jpg 1 55 51 29 29
1152_0009_0013_0050_0050.jpg 1 9 13 50 50
1153_0034_0035_0049_0049.jpg 1 34 35 49 49
1154_0043_0040_0051_0051.jpg 1 43 40 51 51
1155_0007_0048_0040_0040.jpg 1 7 48 40 40
1156_0005_0013_0065_0065.jpg 1 5 13 65 65
1157_0013_0035_0025_0025.jpg 1 13 35 25 25
1158_0013_0018_0054_0054.jpg 1 13 18 54 54
1159_0007_0012_0047_0047.jpg 1 7 12 47 47
1160_0038_0025_0026_0026.jpg 1 38 25 26 26
1161_0056_0033_0025_0025.jpg 1 56 33 25 25
1162_0008_0020_0068_0068.jpg 1 8 20 68 68
1163_0008_0035_0035_0035.jpg 1 8 35 35 35
1164_0024_0026_0058_0058.jpg 1 24 26 58 58
1165_0053_0020_0027_0027.jpg 1 53 20 27 27
1166_0058_0053_0025_0025.jpg 1 58 53 25 25
1167_0027_0036_0057_0057.jpg 1 27 36 57 57
1168_0010_0010_0044_0044.jpg 1 10 10 44 44
1169_0009_0011_0046_0046.jpg 1 9 11 46 46
1170_0010_0044_0038_0038.jpg 1 10 44 38 38
1171_0017_0009_0036_0036.jpg 1 17 9 36 36
1172_0010_0029_0046_0046.jpg 1 10 29 46 46
1173_0013_0027_0036_0036.jpg 1 13 27 36 36
1174_0041_0008_0046_0046.jpg 1 41 8 46 46
1175_0017_0035_0038_0038.jpg 1 17 35 38 38
1176_0020_0035_0058_0058.jpg 1 20 35 58 58
1177_0051_0011_0029_0029.jpg 1 51 11 29 29
1178_0022_0011_0027_0027.jpg 1 22 11 27 27
1179_0021_0050_0043_0043.jpg 1 21 50 43 43
1180_0036_0015_0052_0052.jpg 1 36 15 52 52
1181_0038_0015_0056_0056.jpg 1 38 15 56 56
1182_0040_0040_0028_0028.jpg 1 40 40 28 28
1183_0007_0015_0031_0031.jpg 1 7 15 31 31
1184_0041_0013_0033_0033.jpg 1 41 13 33 33
1185_0017_0022_0066_0066.jpg 1 17 22 66 66
1186_0012_0055_0038_0038.jpg 1 12 55 38 38
1187_0004_0021_0068_0068.jpg 1 4 21 68 68
1188_0021_0015_0057_0057.jpg 1 21 15 57 57
1189_0009_0031_0045_0045.jpg 1 9 31 45 45
1190_0014_0034_0057_0057.jpg 1 14 34 57 57
1191_0029_0031_0026_0026.jpg 1 29 31 26 26
1192_0011_0045_0027_0027.jpg 1 11 45 27 27
1193_0040_0027_0054_0054.jpg 1 40 27 54 54
1194_0007_0021_0050_0050.jpg 1 7 21 50 50
1195_0035_0029_0034_0034.jpg 1 35 29 34 34
1196_0017_0011_0054_0054.jpg 1 17 11 54 54
1197_0038_0038_0027_0027.jpg 1 38 38 27 27
1198_0014_0011_0068_0068.jpg 1 14 11 68 68
1199_0032_0024_0046_0046.jpg 1 32 24 46 46
1200_0016_0023_0046_0046.jpg 1 16 23 46 46
1201_0039_0008_0052_0052.jpg 1 39 8 52 52
1202_0036_0024_0031_0031.jpg 1 36 24 31 31
1203_0030_0029_0037_0037.jpg 1 30 29 37 37
1204_0053_0054_0025_0025.jpg 1 53 54 25 25
1205_0038_0028_0045_0045.jpg 1 38 28 45 45
1206_0012_0034_0045_0045.jpg 1 12 34 45 45
1207_0043_0048_0039_0039.jpg 1 43 48 39 39
1208_0039_0005_0050_0050.jpg 1 39 5 50 50
1209_0026_0046_0043_0043.jpg 1 26 46 43 43
1210_0006_0045_0046_0046.jpg 1 6 45 46 46
1211_0031_0012_0049_0049.jpg 1 31 12 49 49
1212_0049_0022_0024_0024.jpg 1 49 22 24 24
1213_0025_0056_0034_0034.jpg 1 25 56 34 34
1214_0019_0022_0066_0066.jpg 1 19 22 66 66
1215_0020_0030_0050_0050.jpg 1 20 30 50 50
1216_0015_0006_0059_0059.jpg 1 15 6 59 59
1217_0042_0037_0033_0033.jpg 1 42 37 33 33
1218_0008_0018_0028_0028.jpg 1 8 18 28 28
1219_0013_0023_0027_0027.jpg 1 13 23 27 27
1220_0024_0012_0030_0030.jpg 1 24 12 30 30
1221_0034_0024_0047_0047.jpg 1 34 24 47 47
1222_0008_0029_0049_0049.jpg 1 8 29 49 49
1223_0009_0014_0033_0033.jpg 1 9 14 33 33
1224_0016_0034_0056_0056.jpg 1 16 34 56 56
1225_0022_0008_0039_0039.jpg 1 22 8 39 39
1226_0052_0024_0029_0029.jpg 1 52 24 29 29
1227_0039_0017_0040_0040.jpg 1 39 17 40 40
1228_0046_0031_0044_0044.jpg 1 46 31 44 44
1229_0011_0017_0040_0040.jpg 1 11 17 40 40
1230_0028_0013_0058_0058.jpg 1 28 13 58 58
1231_0046_0013_0045_0045.jpg 1 46 13 45 45
1232_0034_0034_0059_0059.jpg 1 34 34 59 59
1233_0048_0049_0035_0035.jpg 1 48 49 35 35
1234_0013_0015_0063_0063.jpg 1 13 15 63 63
1235_0006_0038_0053_0053.jpg 1 6 38 53 53
1236_0015_0011_0047_0047.jpg 1 15 11 47 47
1237_0025_0046_0048_0048.jpg 1 25 46 48 48
1238_0063_0046_0024_0024.jpg 1 63 46 24 24
1239_0037_0024_0045_0045.jpg 1 37 24 45 45
1240_0040_0017_0055_0055.jpg 1 40 17 55 55
1241_0045_0046_0046_0046.jpg 1 45 46 46 46
1242_0048_0031_0045_0045.jpg 1 48 31 45 45
1243_0042_0010_0026_0026.jpg 1 42 10 26 26
1244_0036_0028_0056_0056.jpg 1 36 28 56 56
1245_0035_0022_0060_0060.jpg 1 35 22 60 60
1246_0035_0023_0025_0025.jpg 1 35 23 25 25
1247_0022_0029_0063_0063.jpg 1 22 29 63 63
1248_0013_0051_0024_0024.jpg 1 13 51 24 24
1249_0059_0036_0032_0032.jpg 1 59 36 32 32
1250_0012_0017_0054_0054.jpg 1 12 17 54 54
1251_0009_0003_0069_0069.jpg 1 9 3 69 69
1252_0033_0038_0054_0054.jpg 1 33 38 54 54
1253_0011_0026_0063_0063.jpg 1 11 26 63 63
1254_0059_0049_0032_0032.jpg 1 59 49 32 32
1255_0046_0036_0030_0030.jpg 1 46 36 30 30
1256_0025_0032_0041_0041.jpg 1 25 32 41 41
1257_0043_0028_0038_0038.jpg 1 43 28 38 38
1258_0022_0005_0046_0046.jpg 1 22 5 46 46
1259_0024_0028_0067_0067.jpg 1 24 28 67 67
1260_0012_0033_0053_0053.jpg 1 12 33 53 53
1261_0006_0011_0056_0056.jpg 1 6 11 56 56
1262_0005_0018_0053_0053.jpg 1 5 18 53 53
1263_0054_0022_0038_0038.jpg 1 54 22 38 38
1264_0016_0026_0061_0061.jpg 1 16 26 61 61
1265_0027_0033_0036_0036.jpg 1 27 33 36 36
1266_0024_0028_0042_0042.jpg 1 24 28 42 42
1267_0047_0032_0024_0024.jpg 1 47 32 24 24
1268_0023_0016_0050_0050.jpg 1 23 16 50 50
1269_0020_0028_0059_0059.jpg 1 20 28 59 59
1270_0017_0016_0055_0055.jpg 1 17 16 55 55
1271_0020_0010_0042_0042.jpg 1 20 10 42 42
1272_0031_0012_0057_0057.jpg 1 31 12 57 57
1273_0022_0019_0031_0031.jpg 1 22 19 31 31
1274_0021_0020_0054_0054.jpg 1 21 20 54 54
1275_0014_0047_0040_0040.jpg 1 14 47 40 40
1276_0024_0003_0068_0068.jpg 1 24 3 68 68
1277_0045_0048_0025_0025.jpg 1 45 48 25 25
1278_0031_0008_0042_0042.jpg 1 31 8 42 42
1279_0038_0040_0055_0055.jpg 1 38 40 55 55
1280_0010_0025_0062_0062.jpg 1 10 25 62 62
1281_0020_0026_0062_0062.jpg 1 20 26 62 62
1282_0010_0019_0065_0065.jpg 1 10 19 65 65
1283_0025_0007_0049_0049.jpg 1 25 7 49 49
1284_0019_0030_0057_0057.jpg 1 19 30 57 57
1285_0052_0014_0030_0030.jpg 1 52 14 30 30
1286_0020_0026_0059_0059.jpg 1 20 26 59 59
1287_0039_0047_0044_0044.jpg 1 39 47 44 44
1288_0011_0007_0067_0067.jpg 1 11 7 67 67
1289_0050_0043_0044_0044.jpg 1 50 43 44 44
1290_0024_0024_0029_0029.jpg 1 24 24 29 29
1291_0056_0031_0029_0029.jpg 1 56 31 29 29
1292_0010_0015_0044_0044.jpg 1 10 15 44 44
1293_0008_0023_0039_0039.jpg 1 8 23 39 39
1294_0004_0033_0059_0059.jpg 1 4 33 59 59
1295_0023_0037_0050_0050.jpg 1 23 37 50 50
1296_0034_0017_0034_0034.jpg 1 34 17 34 34
1297_0027_0037_0034_0034.jpg 1 27 37 34 34
1298_0028_0048_0025_0025.jpg 1 28 48 25 25
1299_0031_0009_0049_0049.jpg 1 31 9 49 49
1300_0040_0026_0026_0026.jpg 1 40 26 26 26
1301_0004_0024_0053_0053.jpg 1 4 24 53 53
1302_0026_0045_0041_0041.jpg 1 26 45 41 41
1303_0032_0048_0039_0039.jpg 1 32 48 39 39
1304_0026_0015_0027_0027.jpg 1 26 15 27 27
1305_0008_0038_0051_0051.jpg 1 8 38 51 51
1306_0037_0034_0033_0033.jpg 1 37 34 33 33
1307_0030_0027_0062_0062.jpg 1 30 27 62 62
1308_0028_0012_0067_0067.jpg 1 28 12 67 67
1309_0023_0038_0051_0051.jpg 1 23 38 51 51
1310_0031_0009_0044_0044.jpg 1 31 9 44 44
1311_0022_0028_0054_0054.jpg 1 22 28 54 54
1312_0030_0023_0055_0055.jpg 1 30 23 55 55
1313_0034_0033_0046_0046.jpg 1 34 33 46 46
1314_0039_0038_0048_0048.jpg 1 39 38 48 48
1315_0027_0022_0066_0066.jpg 1 27 22 66 66
1316_0035_0015_0059_0059.jpg 1 35 15 59 59
1317_0020_0026_0056_0056.jpg 1 20 26 56 56
1318_0025_0059_0031_0031.jpg 1 25 59 31 31
1319_0025_0013_0059_0059.jpg 1 25 13 59 59
1320_0005_0019_0062_0062.jpg 1 5 19 62 62
1321_0006_0021_0057_0057.jpg 1 6 21 57 57
1322_0007_0056_0029_0029.jpg 1 7 56 29 29
1323_0029_0011_0064_0064.jpg 1 29 11 64 64
1324_0020_0027_0064_0064.jpg 1 20 27 64 64
1325_0023_0035_0053_0053.jpg 1 23 35 53 53
1326_0012_0023_0052_0052.jpg 1 12 23 52 52
1327_0028_0004_0065_0065.jpg 1 28 4 65 65
1328_0038_0006_0045_0045.jpg 1 38 6 45 45
1329_0052_0031_0024_0024.jpg 1 52 31 24 24
1330_0057_0052_0029_0029.jpg 1 57 52 29 29
1331_0012_0035_0053_0053.jpg 1 12 35 53 53
1332_0019_0016_0058_0058.jpg 1 19 16 58 58
1333_0032_0035_0024_0024.jpg 1 32 35 24 24
1334_0007_0024_0028_0028.jpg 1 7 24 28 28
1335_0037_0052_0039_0039.jpg 1 37 52 39 39
1336_0021_0028_0024_0024.jpg 1 21 28 24 24
1337_0014_0014_0065_0065.jpg 1 14 14 65 65
1338_0014_0011_0041_0041.jpg 1 14 11 41 41
1339_0045_0028_0043_0043.jpg 1 45 28 43 43
1340_0021_0028_0025_0025.jpg 1 21 28 25 25
1341_0065_0058_0025_0025.jpg 1 65 58 25 25
1342_0017_0017_0053_0053.jpg 1 17 17 53 53
1343_0019_0026_0062_0062.jpg 1 19 26 62 62
1344_0021_0061_0028_0028.jpg 1 21 61 28 28
1345_0019_0014_0056_0056.jpg 1 19 14 56 56
1346_0010_0043_0049_0049.jpg 1 10 43 49 49
1347_0023_0057_0032_0032.jpg 1 23 57 32 32
1348_0034_0005_0060_0060.jpg 1 34 5 60 60
1349_0039_0023_0037_0037.jpg 1 39 23 37 37
1350_0023_0031_0064_0064.jpg 1 23 31 64 64
1351_0011_0008_0052_0052.jpg 1 11 8 52 52
1352_0045_0050_0034_0034.jpg 1 45 50 34 34
1353_0014_0010_0039_0039.jpg 1 14 10 39 39
1354_0026_0034_0033_0033.jpg 1 26 34 33 33
1355_0007_0027_0058_0058.jpg 1 7 27 58 58
1356_0017_0016_0063_0063.jpg 1 17 16 63 63
1357_0015_0006_0050_0050.jpg 1 15 6 50 50
1358_0010_0012_0069_0069.jpg 1 10 12 69 69
1359_0011_0007_0062_0062.jpg 1 11 7 62 62
1360_0042_0015_0024_0024.jpg 1 42 15 24 24
1361_0028_0024_0046_0046.jpg 1 28 24 46 46
1362_0009_0024_0038_0038.jpg 1 9 24 38 38
1363_0036_0033_0056_0056.jpg 1 36 33 56 56
1364_0013_0031_0042_0042.jpg 1 13 31 42 42
1365_0034_0032_0040_0040.jpg 1 34 32 40 40
1366_0035_0012_0031_0031.jpg 1 35 12 31 31
1367_0035_0029_0053_0053.jpg 1 35 29 53 53
1368_0012_0010_0062_0062.jpg 1 12 10 62 62
1369_0029_0009_0032_0032.jpg 1 29 9 32 32
1370_0035_0012_0058_0058.jpg 1 35 12 58 58
1371_0026_0049_0044_0044.jpg 1 26 49 44 44
1372_0017_0025_0046_0046.jpg 1 17 25 46 46
1373_0012_0047_0028_0028.jpg 1 12 47 28 28
1374_0027_0010_0033_0033.jpg 1 27 10 33 33
1375_0055_0026_0026_0026.jpg 1 55 26 26 26
1376_0019_0031_0046_0046.jpg 1 19 31 46 46
1377_0006_0012_0049_0049.jpg 1 6 12 49 49
1378_0043_0014_0045_0045.jpg 1 43 14 45 45
1379_0066_0042_0025_0025.jpg 1 66 42 25 25
1380_0021_0015_0061_0061.jpg 1 21 15 61 61
1381_0059_0031_0030_0030.jpg 1 59 31 30 30
1382_0012_0013_0056_0056.jpg 1 12 13 56 56
1383_0035_0017_0054_0054.jpg 1 35 17 54 54
1384_0044_0017_0038_0038.jpg 1 44 17 38 38
1385_0037_0010_0042_0042.jpg 1 37 10 42 42
1386_0015_0028_0031_0031.jpg 1 15 28 31 31
1387_0011_0034_0030_0030.jpg 1 11 34 30 30
1388_0012_0018_0060_0060.jpg 1 12 18 60 60
1389_0049_0046_0044_0044.jpg 1 49 46 44 44
1390_0043_0010_0039_0039.jpg 1 43 10 39 39
1391_0005_0016_0060_0060.jpg 1 5 16 60 60
1392_0039_0015_0031_0031.jpg 1 39 15 31 31
1393_0028_0016_0053_0053.jpg 1 28 16 53 53
1394_0022_0038_0049_0049.jpg 1 22 38 49 49
1395_0041_0060_0029_0029.jpg 1 41 60 29 29
1396_0027_0018_0065_0065.jpg 1 27 18 65 65
1397_0021_0016_0065_0065.jpg 1 21 16 65 65
1398_0006_0016_0054_0054.jpg 1 6 16 54 54
1399_0063_0018_0026_0026.jpg 1 63 18 26 26
1400_0030_0016_0058_0058.jpg 1 30 16 58 58
1401_0013_0019_0051_0051.jpg 1 13 19 51 51
1402_0024_0033_0059_0059.jpg 1 24 33 59 59
1403_0021_0005_0064_0064.jpg 1 21 5 64 64
1404_0013_0045_0045_0045.jpg 1 13 45 45 45
1405_0022_0038_0055_0055.jpg 1 22 38 55 55
1406_0010_0044_0037_0037.jpg 1 10 44 37 37
1407_0005_0020_0062_0062.jpg 1 5 20 62 62
1408_0026_0022_0058_0058.jpg 1 26 22 58 58
1409_0005_0040_0055_0055.jpg 1 5 40 55 55
1410_0027_0017_0053_0053.jpg 1 27 17 53 53
1411_0020_0011_0047_0047.jpg 1 20 11 47 47
1412_0032_0008_0063_0063.jpg 1 32 8 63 63
1413_0022_0020_0066_0066.jpg 1 22 20 66 66
1414_0047_0015_0032_0032.jpg 1 47 15 32 32
1415_0030_0013_0057_0057.jpg 1 30 13 57 57
1416_0025_0048_0036_0036.jpg 1 25 48 36 36
1417_0017_0011_0031_0031.jpg 1 17 11 31 31
1418_0027_0010_0047_0047.jpg 1 27 10 47 47
1419_0039_0012_0055_0055.jpg 1 39 12 55 55
1420_0063_0020_0029_0029.jpg 1 63 20 29 29
1421_0045_0020_0048_0048.jpg 1 45 20 48 48
1422_0026_0064_0024_0024.jpg 1 26 64 24 24
1423_0020_0021_0058_0058.jpg 1 20 21 58 58
1424_0008_0028_0038_0038.jpg 1 8 28 38 38
1425_0040_0038_0028_0028.jpg 1 40 38 28 28
1426_0008_0011_0065_0065.jpg 1 8 11 65 65
1427_0043_0029_0047_0047.jpg 1 43 29 47 47
1428_0054_0032_0024_0024.jpg 1 54 32 24 24
1429_0015_0007_0052_0052.jpg 1 15 7 52 52
1430_0033_0023_0045_0045.jpg 1 33 23 45 45
1431_0035_0006_0049_0049.jpg 1 35 6 49 49
1432_0049_0031_0027_0027.jpg 1 49 31 27 27
1433_0006_0022_0060_0060.jpg 1 6 22 60 60
1434_0027_0014_0061_0061.jpg 1 27 14 61 61
1435_0026_0032_0061_0061.jpg 1 26 32 61 61
1436_0020_0009_0032_0032.jpg 1 20 9 32 32
1437_0053_0016_0029_0029.jpg 1 53 16 29 29
1438_0040_0028_0044_0044.jpg 1 40 28 44 44
1439_0033_0029_0059_0059.jpg 1 33 29 59 59
1440_0056_0036_0032_0032.jpg 1 56 36 32 32
1441_0006_0039_0053_0053.jpg 1 6 39 53 53
1442_0011_0010_0031_0031.jpg 1 11 10 31 31
1443_0009_0046_0042_0042.jpg 1 9 46 42 42
1444_0060_0047_0026_0026.jpg 1 60 47 26 26
1445_0017_0015_0069_0069.jpg 1 17 15 69 69
1446_0028_0011_0055_0055.jpg 1 28 11 55 55
1447_0031_0008_0045_0045.jpg 1 31 8 45 45
1448_0005_0010_0063_0063.jpg 1 5 10 63 63
1449_0009_0036_0054_0054.jpg 1 9 36 54 54
1450_0006_0008_0067_0067.jpg 1 6 8 67 67
1451_0052_0033_0027_0027.jpg 1 52 33 27 27
1452_0022_0055_0026_0026.jpg 1 22 55 26 26
1453_0027_0023_0059_0059.jpg 1 27 23 59 59
1454_0012_0027_0059_0059.jpg 1 12 27 59 59
1455_0050_0028_0037_0037.jpg 1 50 28 37 37
1456_0049_0048_0043_0043.jpg 1 49 48 43 43
1457_0019_0015_0055_0055.jpg 1 19 15 55 55
1458_0050_0049_0041_0041.jpg 1 50 49 41 41
1459_0031_0010_0046_0046.jpg 1 31 10 46 46
1460_0041_0041_0041_0041.jpg 1 41 41 41 41
1461_0025_0027_0057_0057.jpg 1 25 27 57 57
1462_0009_0032_0056_0056.jpg 1 9 32 56 56
1463_0031_0036_0057_0057.jpg 1 31 36 57 57
1464_0007_0040_0043_0043.jpg 1 7 40 43 43
1465_0022_0009_0042_0042.jpg 1 22 9 42 42
1466_0021_0020_0062_0062.jpg 1 21 20 62 62
1467_0017_0033_0052_0052.jpg 1 17 33 52 52
1468_0027_0012_0053_0053.jpg 1 27 12 53 53
1469_0033_0026_0029_0029.jpg 1 33 26 29 29
1470_0037_0029_0048_0048.jpg 1 37 29 48 48
1471_0024_0006_0056_0056.jpg 1 24 6 56 56
1472_0020_0031_0058_0058.jpg 1 20 31 58 58
1473_0013_0006_0043_0043.jpg 1 13 6 43 43
1474_0037_0042_0025_0025.jpg 1 37 42 25 25
1475_0008_0006_0049_0049.jpg 1 8 6 49 49
1476_0013_0037_0039_0039.jpg 1 13 37 39 39
1477_0009_0024_0063_0063.jpg 1 9 24 63 63
1478_0031_0039_0032_0032.jpg 1 31 39 32 32
1479_0028_0022_0057_0057.jpg 1 28 22 57 57
1480_0021_0037_0058_0058.jpg 1 21 37 58 58
1481_0048_0054_0038_0038.jpg 1 48 54 38 38
1482_0026_0019_0065_0065.jpg 1 26 19 65 65
1483_0012_0019_0063_0063.jpg 1 12 19 63 63
1484_0032_0035_0037_0037.jpg 1 32 35 37 37
1485_0028_0013_0052_0052.jpg 1 28 13 52 52
1486_0030_0007_0065_0065.jpg 1 30 7 65 65
1487_0021_0023_0026_0026.jpg 1 21 23 26 26
1488_0013_0044_0040_0040.jpg 1 13 44 40 40
1489_0007_0011_0045_0045.jpg 1 7 11 45 45
1490_0032_0025_0054_0054.jpg 1 32 25 54 54
1491_0053_0044_0037_0037.jpg 1 53 44 37 37
1492_0040_0034_0028_0028.jpg 1 40 34 28 28
1493_0017_0010_0032_0032.jpg 1 17 10 32 32
1494_0020_0022_0042_0042.jpg 1 20 22 42 42
1495_0021_0033_0042_0042.jpg 1 21 33 42 42
1496_0009_0012_0064_0064.jpg 1 9 12 64 64
1497_0037_0016_0051_0051.jpg 1 37 16 51 51
1498_0028_0029_0029_0029.jpg 1 28 29 29 29
1499_0039_0013_0055_0055.jpg 1 39 13 55 55
1500_0010_0026_0033_0033.jpg 1 10 26 33 33
1501_0034_0027_0044_0044.jpg 1 34 27 44 44
1502_0028_0025_0060_0060.jpg 1 28 25 60 60
1503_0026_0008_0026_0026.jpg 1 26 8 26 26
1504_0052_0064_0026_0026.jpg 1 52 64 26 26
1505_0019_0020_0064_0064.jpg 1 19 20 64 64
1506_0021_0049_0028_0028.jpg 1 21 49 28 28
1507_0029_0044_0049_0049.jpg 1 29 44 49 49
1508_0026_0019_0062_0062.jpg 1 26 19 62 62
1509_0012_0024_0062_0062.jpg 1 12 24 62 62
1510_0035_0028_0044_0044.jpg 1 35 28 44 44
1511_0007_0014_0030_0030.jpg 1 7 14 30 30
1512_0038_0022_0047_0047.jpg 1 38 22 47 47
1513_0026_0005_0055_0055.jpg 1 26 5 55 55
1514_0007_0058_0026_0026.jpg 1 7 58 26 26
1515_0021_0033_0057_0057.jpg 1 21 33 57 57
1516_0032_0032_0030_0030.jpg 1 32 32 30 30
1517_0007_0010_0045_0045.jpg 1 7 10 45 45
1518_0015_0009_0066_0066.jpg 1 15 9 66 66
1519_0019_0026_0043_0043.jpg 1 19 26 43 43
1520_0008_0016_0052_0052.jpg 1 8 16 52 52
1521_0043_0043_0039_0039.jpg 1 43 43 39 39
1522_0011_0022_0065_0065.jpg 1 11 22 65 65
1523_0011_0011_0060_0060.jpg 1 11 11 60 60
1524_0041_0046_0042_0042.jpg 1 41 46 42 42
1525_0032_0008_0056_0056.jpg 1 32 8 56 56
1526_0024_0016_0058_0058.jpg 1 24 16 58 58
1527_0065_0029_0024_0024.jpg 1 65 29 24 24
1528_0026_0010_0068_0068.jpg 1 26 10 68 68
1529_0011_0033_0045_0045.jpg 1 11 33 45 45
1530_0022_0017_0057_0057.jpg 1 22 17 57 57
1531_0029_0004_0056_0056.jpg 1 29 4 56 56
1532_0023_0032_0044_0044.jpg 1 23 32 44 44
1533_0055_0058_0034_0034.jpg 1 55 58 34 34
1534_0021_0006_0067_0067.jpg 1 21 6 67 67
1535_0010_0019_0069_0069.jpg 1 10 19 69 69
1536_0041_0012_0050_0050.jpg 1 41 12 50 50
1537_0013_0033_0052_0052.jpg 1 13 33 52 52
1538_0033_0015_0046_0046.jpg 1 33 15 46 46
1539_0037_0052_0034_0034.jpg 1 37 52 34 34
1540_0037_0024_0029_0029.jpg 1 37 24 29 29
1541_0012_0021_0049_0049.jpg 1 12 21 49 49
1542_0017_0006_0033_0033.jpg 1 17 6 33 33
1543_0006_0029_0059_0059.jpg 1 6 29 59 59
1544_0010_0017_0053_0053.jpg 1 10 17 53 53
1545_0017_0017_0059_0059.jpg 1 17 17 59 59
1546_0007_0027_0066_0066.jpg 1 7 27 66 66
1547_0030_0043_0050_0050.jpg 1 30 43 50 50
1548_0061_0034_0028_0028.jpg 1 61 34 28 28
1549_0013_0017_0052_0052.jpg 1 13 17 52 52
1550_0031_0035_0041_0041.jpg 1 31 35 41 41
1551_0009_0013_0057_0057.jpg 1 9 13 57 57
1552_0028_0036_0048_0048.jpg 1 28 36 48 48
1553_0033_0017_0032_0032.jpg 1 33 17 32 32
1554_0003_0015_0064_0064.jpg 1 3 15 64 64
1555_0043_0029_0033_0033.jpg 1 43 29 33 33
1556_0027_0021_0055_0055.jpg 1 27 21 55 55
1557_0007_0049_0038_0038.jpg 1 7 49 38 38
1558_0030_0027_0047_0047.jpg 1 30 27 47 47
1559_0010_0036_0059_0059.jpg 1 10 36 59 59
1560_0010_0012_0063_0063.jpg 1 10 12 63 63
1561_0016_0013_0046_0046.jpg 1 16 13 46 46
1562_0032_0033_0028_0028.jpg 1 32 33 28 28
1563_0062_0022_0030_0030.jpg 1 62 22 30 30
1564_0034_0042_0052_0052.jpg 1 34 42 52 52
1565_0020_0014_0052_0052.jpg 1 20 14 52 52
1566_0043_0049_0044_0044.jpg 1 43 49 44 44
1567_0052_0044_0034_0034.jpg 1 52 44 34 34
1568_0027_0023_0053_0053.jpg 1 27 23 53 53
1569_0049_0021_0043_0043.jpg 1 49 21 43 43
1570_0036_0028_0025_0025.jpg 1 36 28 25 25
1571_0024_0014_0064_0064.jpg 1 24 14 64 64
1572_0020_0009_0044_0044.jpg 1 20 9 44 44
1573_0017_0024_0053_0053.jpg 1 17 24 53 53
1574_0023_0007_0064_0064.jpg 1 23 7 64 64
1575_0030_0018_0064_0064.jpg 1 30 18 64 64
1576_0016_0010_0060_0060.jpg 1 16 10 60 60
1577_0036_0060_0031_0031.jpg 1 36 60 31 31
1578_0008_0060_0031_0031.jpg 1 8 60 31 31
1579_0018_0009_0028_0028.jpg 1 18 9 28 28
1580_0022_0047_0039_0039.jpg 1 22 47 39 39
1581_0006_0011_0051_0051.jpg 1 6 11 51 51
1582_0016_0017_0067_0067.jpg 1 16 17 67 67
1583_0029_0019_0051_0051.jpg 1 29 19 51 51
1584_0047_0057_0028_0028.jpg 1 47 57 28 28
1585_0015_0030_0052_0052.jpg 1 15 30 52 52
1586_0034_0044_0046_0046.jpg 1 34 44 46 46
1587_0032_0032_0048_0048.jpg 1 32 32 48 48
1588_0030_0022_0029_0029.jpg 1 30 22 29 29
1589_0019_0004_0069_0069.jpg 1 19 4 69 69
1590_0007_0030_0063_0063.jpg 1 7 30 63 63
1591_0019_0016_0060_0060.jpg 1 19 16 60 60
1592_0029_0006_0049_0049.jpg 1 29 6 49 49
1593_0030_0021_0052_0052.jpg 1 30 21 52 52
1594_0004_0015_0069_0069.jpg 1 4 15 69 69
1595_0026_0041_0026_0026.jpg 1 26 41 26 26
1596_0055_0047_0030_0030.jpg 1 55 47 30 30
1597_0044_0055_0027_0027.jpg 1 44 55 27 27
1598_0005_0018_0062_0062.jpg 1 5 18 62 62
1599_0045_0045_0048_0048.jpg 1 45 45 48 48
1600_0003_0026_0066_0066.jpg 1 3 26 66 66
1601_0024_0014_0055_0055.jpg 1 24 14 55 55
1602_0010_0011_0045_0045.jpg 1 10 11 45 45
1603_0027_0031_0028_0028.jpg 1 27 31 28 28
1604_0011_0028_0068_0068.jpg 1 11 28 68 68
1605_0027_0030_0065_0065.jpg 1 27 30 65 65
1606_0029_0010_0052_0052.jpg 1 29 10 52 52
1607_0015_0032_0060_0060.jpg 1 15 32 60 60
1608_0036_0034_0042_0042.jpg 1 36 34 42 42
1609_0020_0005_0068_0068.jpg 1 20 5 68 68
1610_0015_0019_0064_0064.jpg 1 15 19 64 64
1611_0017_0010_0060_0060.jpg 1 17 10 60 60
1612_0015_0014_0059_0059.jpg 1 15 14 59 59
1613_0016_0039_0030_0030.jpg 1 16 39 30 30
1614_0011_0033_0060_0060.jpg 1 11 33 60 60
1615_0034_0026_0058_0058.jpg 1 34 26 58 58
1616_0023_0042_0037_0037.jpg 1 23 42 37 37
1617_0018_0029_0056_0056.jpg 1 18 29 56 56
1618_0014_0025_0052_0052.jpg 1 14 25 52 52
1619_0031_0019_0057_0057.jpg 1 31 19 57 57
1620_0027_0017_0058_0058.jpg 1 27 17 58 58
1621_0049_0007_0036_0036.jpg 1 49 7 36 36
1622_0043_0007_0032_0032.jpg 1 43 7 32 32
1623_0009_0015_0036_0036.jpg 1 9 15 36 36
1624_0013_0046_0039_0039.jpg 1 13 46 39 39
1625_0031_0015_0039_0039.jpg 1 31 15 39 39
1626_0027_0007_0030_0030.jpg 1 27 7 30 30
1627_0020_0034_0036_0036.jpg 1 20 34 36 36
1628_0005_0005_0066_0066.jpg 1 5 5 66 66
1629_0042_0042_0034_0034.jpg 1 42 42 34 34
1630_0035_0011_0056_0056.jpg 1 35 11 56 56
1631_0044_0062_0030_0030.jpg 1 44 62 30 30
1632_0029_0003_0067_0067.jpg 1 29 3 67 67
1633_0027_0015_0069_0069.jpg 1 27 15 69 69
1634_0015_0028_0029_0029.jpg 1 15 28 29 29
1635_0049_0037_0034_0034.jpg 1 49 37 34 34
1636_0023_0010_0060_0060.jpg 1 23 10 60 60
1637_0038_0027_0042_0042.jpg 1 38 27 42 42
1638_0013_0023_0065_0065.jpg 1 13 23 65 65
1639_0018_0003_0065_0065.jpg 1 18 3 65 65
1640_0040_0007_0046_0046.jpg 1 40 7 46 46
1641_0017_0021_0039_0039.jpg 1 17 21 39 39
1642_0019_0034_0054_0054.jpg 1 19 34 54 54
1643_0040_0015_0046_0046.jpg 1 40 15 46 46
1644_0017_0011_0059_0059.jpg 1 17 11 59 59
1645_0014_0026_0054_0054.jpg 1 14 26 54 54
1646_0030_0025_0061_0061.jpg 1 30 25 61 61
1647_0007_0006_0045_0045.jpg 1 7 6 45 45
1648_0020_0024_0067_0067.jpg 1 20 24 67 67
1649_0016_0018_0050_0050.jpg 1 16 18 50 50
1650_0012_0013_0036_0036.jpg 1 12 13 36 36
1651_0032_0050_0036_0036.jpg 1 32 50 36 36
1652_0052_0056_0027_0027.jpg 1 52 56 27 27
1653_0020_0027_0050_0050.jpg 1 20 27 50 50
1654_0031_0017_0052_0052.jpg 1 31 17 52 52
1655_0018_0030_0061_0061.jpg 1 18 30 61 61
1656_0021_0036_0050_0050.jpg 1 21 36 50 50
1657_0028_0007_0050_0050.jpg 1 28 7 50 50
1658_0037_0015_0050_0050.jpg 1 37 15 50 50
1659_0023_0058_0024_0024.jpg 1 23 58 24 24
1660_0026_0025_0064_0064.jpg 1 26 25 64 64
1661_0022_0025_0041_0041.jpg 1 22 25 41 41
1662_0040_0045_0048_0048.jpg 1 40 45 48 48
1663_0041_0023_0052_0052.jpg 1 41 23 52 52
1664_0057_0064_0024_0024.jpg 1 57 64 24 24
1665_0064_0013_0025_0025.jpg 1 64 13 25 25
1666_0030_0032_0055_0055.jpg 1 30 32 55 55
1667_0015_0022_0058_0058.jpg 1 15 22 58 58
1668_0006_0028_0039_0039.jpg 1 6 28 39 39
1669_0011_0017_0051_0051.jpg 1 11 17 51 51
1670_0018_0004_0063_0063.jpg 1 18 4 63 63
1671_0063_0038_0025_0025.jpg 1 63 38 25 25
1672_0018_0030_0049_0049.jpg 1 18 30 49 49
1673_0015_0012_0063_0063.jpg 1 15 12 63 63
1674_0014_0047_0029_0029.jpg 1 14 47 29 29
1675_0029_0029_0058_0058.jpg 1 29 29 58 58
1676_0006_0043_0041_0041.jpg 1 6 43 41 41
1677_0024_0014_0065_0065.jpg 1 24 14 65 65
1678_0053_0054_0027_0027.jpg 1 53 54 27 27
1679_0044_0040_0039_0039.jpg 1 44 40 39 39
1680_0018_0027_0064_0064.jpg 1 18 27 64 64
1681_0027_0016_0056_0056.jpg 1 27 16 56 56
1682_0048_0049_0033_0033.jpg 1 48 49 33 33
1683_0029_0009_0063_0063.jpg 1 29 9 63 63
1684_0022_0024_0025_0025.jpg 1 22 24 25 25
1685_0010_0029_0067_0067.jpg 1 10 29 67 67
1686_0007_0020_0060_0060.jpg 1 7 20 60 60
1687_0036_0027_0032_0032.jpg 1 36 27 32 32
1688_0012_0053_0028_0028.jpg 1 12 53 28 28
1689_0043_0026_0048_0048.jpg 1 43 26 48 48
1690_0012_0031_0053_0053.jpg 1 12 31 53 53
1691_0051_0031_0035_0035.jpg 1 51 31 35 35
1692_0008_0039_0040_0040.jpg 1 8 39 40 40
1693_0014_0028_0053_0053.jpg 1 14 28 53 53
1694_0022_0011_0050_0050.jpg 1 22 11 50 50
1695_0029_0008_0034_0034.jpg 1 29 8 34 34
1696_0052_0053_0039_0039.jpg 1 52 53 39 39
1697_0008_0014_0069_0069.jpg 1 8 14 69 69
1698_0024_0018_0068_0068.jpg 1 24 18 68 68
1699_0041_0030_0035_0035.jpg 1 41 30 35 35
1700_0017_0029_0049_0049.jpg 1 17 29 49 49
1701_0030_0016_0051_0051.jpg 1 30 16 51 51
1702_0035_0020_0026_0026.jpg 1 35 20 26 26
1703_0030_0008_0045_0045.jpg 1 30 8 45 45
1704_0055_0009_0029_0029.jpg 1 55 9 29 29
1705_0024_0052_0041_0041.jpg 1 24 52 41 41
1706_0030_0054_0038_0038.jpg 1 30 54 38 38
1707_0043_0047_0040_0040.jpg 1 43 47 40 40
1708_0058_0017_0034_0034.jpg 1 58 17 34 34
1709_0030_0021_0066_0066.jpg 1 30 21 66 66
1710_0018_0059_0024_0024.jpg 1 18 59 24 24
1711_0011_0058_0032_0032.jpg 1 11 58 32 32
1712_0042_0041_0041_0041.jpg 1 42 41 41 41
1713_0017_0018_0049_0049.jpg 1 17 18 49 49
1714_0026_0010_0066_0066.jpg 1 26 10 66 66
1715_0023_0010_0042_0042.jpg 1 23 10 42 42
1716_0030_0007_0035_0035.jpg 1 30 7 35 35
1717_0019_0023_0065_0065.jpg 1 19 23 65 65
1718_0011_0011_0045_0045.jpg 1 11 11 45 45
1719_0026_0013_0055_0055.jpg 1 26 13 55 55
1720_0011_0044_0043_0043.jpg 1 11 44 43 43
1721_0009_0027_0039_0039.jpg 1 9 27 39 39
1722_0016_0063_0029_0029.jpg 1 16 63 29 29
1723_0038_0012_0052_0052.jpg 1 38 12 52 52
1724_0051_0035_0025_0025.jpg 1 51 35 25 25
1725_0027_0011_0053_0053.jpg 1 27 11 53 53
1726_0038_0019_0047_0047.jpg 1 38 19 47 47
1727_0005_0010_0066_0066.jpg 1 5 10 66 66
1728_0026_0006_0041_0041.jpg 1 26 6 41 41
1729_0010_0022_0032_0032.jpg 1 10 22 32 32
1730_0014_0039_0050_0050.jpg 1 14 39 50 50
1731_0019_0031_0059_0059.jpg 1 19 31 59 59
1732_0012_0009_0027_0027.jpg 1 12 9 27 27
1733_0033_0049_0041_0041.jpg 1 33 49 41 41
1734_0021_0025_0067_0067.jpg 1 21 25 67 67
1735_0025_0032_0048_0048.jpg 1 25 32 48 48
1736_0010_0028_0065_0065.jpg 1 10 28 65 65
1737_0025_0013_0054_0054.jpg 1 25 13 54 54
1738_0013_0039_0046_0046.jpg 1 13 39 46 46
1739_0017_0019_0068_0068.jpg 1 17 19 68 68
1740_0015_0033_0062_0062.jpg 1 15 33 62 62
1741_0037_0012_0058_0058.jpg 1 37 12 58 58
1742_0038_0007_0055_0055.jpg 1 38 7 55 55
1743_0006_0008_0063_0063.jpg 1 6 8 63 63
1744_0032_0016_0057_0057.jpg 1 32 16 57 57
1745_0045_0043_0044_0044.jpg 1 45 43 44 44
1746_0036_0042_0033_0033.jpg 1 36 42 33 33
1747_0063_0016_0024_0024.jpg 1 63 16 24 24
1748_0006_0028_0067_0067.jpg 1 6 28 67 67
1749_0019_0014_0054_0054.jpg 1 19 14 54 54
1750_0044_0016_0033_0033.jpg 1 44 16 33 33
1751_0031_0043_0024_0024.jpg 1 31 43 24 24
1752_0024_0024_0063_0063.jpg 1 24 24 63 63
1753_0034_0024_0045_0045.jpg 1 34 24 45 45
1754_0008_0023_0067_0067.jpg 1 8 23 67 67
1755_0009_0025_0052_0052.jpg 1 9 25 52 52
1756_0036_0025_0048_0048.jpg 1 36 25 48 48
1757_0057_0052_0024_0024.jpg 1 57 52 24 24
1758_0016_0019_0065_0065.jpg 1 16 19 65 65
1759_0024_0023_0066_0066.jpg 1 24 23 66 66
1760_0012_0047_0041_0041.jpg 1 12 47 41 41
1761_0023_0018_0025_0025.jpg 1 23 18 25 25
1762_0015_0005_0065_0065.jpg 1 15 5 65 65
1763_0042_0017_0049_0049.jpg 1 42 17 49 49
1764_0009_0033_0062_0062.jpg 1 9 33 62 62
1765_0011_0047_0032_0032.jpg 1 11 47 32 32
1766_0017_0051_0029_0029.jpg 1 17 51 29 29
1767_0030_0013_0066_0066.jpg 1 30 13 66 66
1768_0029_0019_0054_0054.jpg 1 29 19 54 54
1769_0009_0020_0040_0040.jpg 1 9 20 40 40
1770_0035_0009_0052_0052.jpg 1 35 9 52 52
1771_0043_0034_0037_0037.jpg 1 43 34 37 37
1772_0017_0031_0035_0035.jpg 1 17 31 35 35
1773_0032_0023_0034_0034.jpg 1 32 23 34 34
1774_0033_0013_0052_0052.jpg 1 33 13 52 52
1775_0037_0029_0047_0047.jpg 1 37 29 47 47
1776_0030_0063_0024_0024.jpg 1 30 63 24 24
1777_0029_0042_0048_0048.jpg 1 29 42 48 48
1778_0029_0034_0046_0046.jpg 1 29 34 46 46
1779_0023_0009_0048_0048.jpg 1 23 9 48 48
1780_0024_0014_0043_0043.jpg 1 24 14 43 43
1781_0030_0041_0038_0038.jpg 1 30 41 38 38
1782_0052_0031_0041_0041.jpg 1 52 31 41 41
1783_0057_0064_0026_0026.jpg 1 57 64 26 26
1784_0042_0020_0052_0052.jpg 1 42 20 52 52
1785_0021_0031_0056_0056.jpg 1 21 31 56 56
1786_0007_0030_0050_0050.jpg 1 7 30 50 50
1787_0039_0008_0040_0040.jpg 1 39 8 40 40
1788_0030_0014_0044_0044.jpg 1 30 14 44 44
1789_0024_0018_0047_0047.jpg 1 24 18 47 47
1790_0014_0011_0063_0063.jpg 1 14 11 63 63
1791_0034_0016_0042_0042.jpg 1 34 16 42 42
1792_0008_0030_0064_0064.jpg 1 8 30 64 64
1793_0004_0009_0065_0065.jpg 1 4 9 65 65
1794_0019_0043_0025_0025.jpg 1 19 43 25 25
1795_0025_0012_0062_0062.jpg 1 25 12 62 62
1796_0043_0007_0041_0041.jpg 1 43 7 41 41
1797_0028_0011_0062_0062.jpg 1 28 11 62 62
1798_0006_0026_0059_0059.jpg 1 6 26 59 59
1799_0021_0015_0034_0034.jpg 1 21 15 34 34
1800_0036_0021_0059_0059.jpg 1 36 21 59 59
1801_0015_0006_0038_0038.jpg 1 15 6 38 38
1802_0030_0026_0058_0058.jpg 1 30 26 58 58
1803_0047_0056_0034_0034.jpg 1 47 56 34 34
1804_0036_0050_0035_0035.jpg 1 36 50 35 35
1805_0014_0007_0028_0028.jpg 1 14 7 28 28
1806_0011_0024_0063_0063.jpg 1 11 24 63 63
1807_0007_0010_0053_0053.jpg 1 7 10 53 53
1808_0042_0020_0053_0053.jpg 1 42 20 53 53
1809_0041_0018_0032_0032.jpg 1 41 18 32 32
1810_0012_0038_0044_0044.jpg 1 12 38 44 44
1811_0014_0013_0028_0028.jpg 1 14 13 28 28
1812_0032_0037_0054_0054.jpg 1 32 37 54 54
1813_0039_0060_0031_0031.jpg 1 39 60 31 31
1814_0005_0013_0064_0064.jpg 1 5 13 64 64
1815_0027_0034_0044_0044.jpg 1 27 34 44 44
1816_0059_0025_0026_0026.jpg 1 59 25 26 26
1817_0014_0017_0067_0067.jpg 1 14 17 67 67
1818_0011_0025_0048_0048.jpg 1 11 25 48 48
1819_0025_0005_0049_0049.jpg 1 25 5 49 49
1820_0007_0010_0067_0067.jpg 1 7 10 67 67
1821_0008_0008_0061_0061.jpg 1 8 8 61 61
1822_0028_0040_0049_0049.jpg 1 28 40 49 49
1823_0027_0013_0061_0061.jpg 1 27 13 61 61
1824_0021_0034_0054_0054.jpg 1 21 34 54 54
1825_0040_0037_0053_0053.jpg 1 40 37 53 53
1826_0022_0023_0054_0054.jpg 1 22 23 54 54
1827_0024_0013_0066_0066.jpg 1 24 13 66 66
1828_0019_0029_0064_0064.jpg 1 19 29 64 64
1829_0012_0047_0030_0030.jpg 1 12 47 30 30
1830_0035_0047_0044_0044.jpg 1 35 47 44 44
1831_0011_0013_0035_0035.jpg 1 11 13 35 35
1832_0010_0038_0030_0030.jpg 1 10 38 30 30
1833_0020_0010_0031_0031.jpg 1 20 10 31 31
1834_0015_0037_0037_0037.jpg 1 15 37 37 37
1835_0057_0019_0025_0025.jpg 1 57 19 25 25
1836_0017_0011_0037_0037.jpg 1 17 11 37 37
1837_0031_0010_0049_0049.jpg 1 31 10 49 49
1838_0033_0057_0033_0033.jpg 1 33 57 33 33
1839_0037_0034_0049_0049.jpg 1 37 34 49 49
1840_0053_0053_0037_0037.jpg 1 53 53 37 37
1841_0021_0016_0064_0064.jpg 1 21 16 64 64
1842_0014_0046_0036_0036.jpg 1 14 46 36 36
1843_0007_0034_0039_0039.jpg 1 7 34 39 39
1844_0017_0022_0067_0067.jpg 1 17 22 67 67
1845_0008_0040_0031_0031.jpg 1 8 40 31 31
1846_0014_0040_0032_0032.jpg 1 14 40 32 32
1847_0035_0007_0056_0056.jpg 1 35 7 56 56
1848_0031_0027_0045_0045.jpg 1 31 27 45 45
1849_0022_0022_0058_0058.jpg 1 22 22 58 58
1850_0010_0030_0064_0064.jpg 1 10 30 64 64
1851_0015_0037_0052_0052.jpg 1 15 37 52 52
1852_0054_0007_0028_0028.jpg 1 54 7 28 28
1853_0028_0043_0051_0051.jpg 1 28 43 51 51
1854_0050_0045_0032_0032.jpg 1 50 45 32 32
1855_0023_0042_0043_0043.jpg 1 23 42 43 43
1856_0027_0051_0042_0042.jpg 1 27 51 42 42
1857_0012_0038_0036_0036.jpg 1 12 38 36 36
1858_0026_0008_0036_0036.jpg 1 26 8 36 36
1859_0021_0017_0066_0066.jpg 1 21 17 66 66
1860_0024_0005_0050_0050.jpg 1 24 5 50 50
1861_0018_0043_0033_0033.jpg 1 18 43 33 33
1862_0011_0042_0042_0042.jpg 1 11 42 42 42
1863_0041_0048_0030_0030.jpg 1 41 48 30 30
1864_0025_0040_0049_0049.jpg 1 25 40 49 49
1865_0026_0034_0026_0026.jpg 1 26 34 26 26
1866_0033_0040_0028_0028.jpg 1 33 40 28 28
1867_0029_0025_0064_0064.jpg 1 29 25 64 64
1868_0014_0032_0054_0054.jpg 1 14 32 54 54
1869_0014_0049_0034_0034.jpg 1 14 49 34 34
1870_0012_0007_0067_0067.jpg 1 12 7 67 67
1871_0022_0034_0037_0037.jpg 1 22 34 37 37
1872_0005_0007_0062_0062.jpg 1 5 7 62 62
1873_0041_0033_0045_0045.jpg 1 41 33 45 45
1874_0041_0045_0028_0028.jpg 1 41 45 28 28
1875_0027_0043_0051_0051.jpg 1 27 43 51 51
1876_0015_0022_0063_0063.jpg 1 15 22 63 63
1877_0015_0036_0058_0058.jpg 1 15 36 58 58
1878_0008_0023_0059_0059.jpg 1 8 23 59 59
1879_0051_0036_0040_0040.jpg 1 51 36 40 40
1880_0027_0011_0064_0064.jpg 1 27 11 64 64
1881_0038_0027_0051_0051.jpg 1 38 27 51 51
1882_0032_0024_0037_0037.jpg 1 32 24 37 37
1883_0027_0028_0067_0067.jpg 1 27 28 67 67
1884_0022_0054_0039_0039.jpg 1 22 54 39 39
1885_0016_0025_0065_0065.jpg 1 16 25 65 65
1886_0021_0016_0066_0066.jpg 1 21 16 66 66
1887_0032_0033_0041_0041.jpg 1 32 33 41 41
1888_0017_0053_0032_0032.jpg 1 17 53 32 32
1889_0024_0007_0062_0062.jpg 1 24 7 62 62
1890_0013_0039_0053_0053.jpg 1 13 39 53 53
1891_0021_0027_0056_0056.jpg 1 21 27 56 56
1892_0010_0020_0063_0063.jpg 1 10 20 63 63
1893_0015_0017_0034_0034.jpg 1 15 17 34 34
1894_0066_0045_0025_0025.jpg 1 66 45 25 25
1895_0028_0015_0039_0039.jpg 1 28 15 39 39
1896_0012_0033_0056_0056.jpg 1 12 33 56 56
1897_0030_0031_0061_0061.jpg 1 30 31 61 61
1898_0021_0005_0063_0063.jpg 1 21 5 63 63
1899_0033_0019_0025_0025.jpg 1 33 19 25 25
1900_0041_0041_0051_0051.jpg 1 41 41 51 51
