0001_0027_0046_0026_0026.jpg 1 27 46 26 26
0002_0059_0064_0025_0025.jpg 1 59 64 25 25
0003_0035_0043_0030_0030.jpg 1 35 43 30 30
0004_0014_0020_0063_0063.jpg 1 14 20 63 63
0005_0009_0034_0041_0041.jpg 1 9 34 41 41
0006_0010_0018_0049_0049.jpg 1 10 18 49 49
0007_0059_0045_0029_0029.jpg 1 59 45 29 29
0008_0015_0020_0068_0068.jpg 1 15 20 68 68
0009_0009_0009_0068_0068.jpg 1 9 9 68 68
0010_0008_0029_0064_0064.jpg 1 8 29 64 64
0011_0051_0043_0039_0039.jpg 1 51 43 39 39
0012_0015_0022_0068_0068.jpg 1 15 22 68 68
0013_0038_0019_0051_0051.jpg 1 38 19 51 51
0014_0014_0011_0045_0045.jpg 1 14 11 45 45
0015_0029_0041_0027_0027.jpg 1 29 41 27 27
0016_0006_0018_0058_0058.jpg 1 6 18 58 58
0017_0035_0038_0053_0053.jpg 1 35 38 53 53
0018_0044_0012_0032_0032.jpg 1 44 12 32 32
0019_0005_0041_0047_0047.jpg 1 5 41 47 47
0020_0020_0050_0033_0033.jpg 1 20 50 33 33
0021_0024_0031_0034_0034.jpg 1 24 31 34 34
0022_0023_0026_0051_0051.jpg 1 23 26 51 51
0023_0023_0022_0068_0068.jpg 1 23 22 68 68
0024_0028_0008_0057_0057.jpg 1 28 8 57 57
0025_0029_0027_0035_0035.jpg 1 29 27 35 35
0026_0044_0024_0049_0049.jpg 1 44 24 49 49
0027_0030_0027_0061_0061.jpg 1 30 27 61 61
0028_0023_0018_0032_0032.jpg 1 23 18 32 32
0029_0045_0041_0037_0037.jpg 1 45 41 37 37
0030_0035_0014_0041_0041.jpg 1 35 14 41 41
0031_0043_0049_0037_0037.jpg 1 43 49 37 37
0032_0033_0023_0056_0056.jpg 1 33 23 56 56
0033_0014_0044_0047_0047.jpg 1 14 44 47 47
0034_0009_0033_0058_0058.jpg 1 9 33 58 58
0035_0015_0023_0061_0061.jpg 1 15 23 61 61
0036_0056_0057_0035_0035.jpg 1 56 57 35 35
0037_0007_0039_0049_0049.jpg 1 7 39 49 49
0038_0033_0030_0040_0040.jpg 1 33 30 40 40
0039_0041_0040_0024_0024.jpg 1 41 40 24 24
0040_0050_0047_0033_0033.jpg 1 50 47 33 33
0041_0005_0019_0068_0068.jpg 1 5 19 68 68
0042_0020_0018_0069_0069.jpg 1 20 18 69 69
0043_0020_0012_0049_0049.jpg 1 20 12 49 49
0044_0009_0021_0058_0058.jpg 1 9 21 58 58
0045_0008_0027_0048_0048.jpg 1 8 27 48 48
0046_0047_0048_0031_0031.jpg 1 47 48 31 31
0047_0042_0023_0037_0037.jpg 1 42 23 37 37
0048_0023_0019_0069_0069.jpg 1 23 19 69 69
0049_0020_0005_0047_0047.jpg 1 20 5 47 47
0050_0015_0049_0038_0038.jpg 1 15 49 38 38
0051_0010_0015_0067_0067.jpg 1 10 15 67 67
0052_0019_0012_0056_0056.jpg 1 19 12 56 56
0053_0034_0015_0052_0052.jpg 1 34 15 52 52
0054_0028_0015_0040_0040.jpg 1 28 15 40 40
0055_0010_0026_0029_0029.jpg 1 10 26 29 29
0056_0025_0004_0062_0062.jpg 1 25 4 62 62
0057_0052_0046_0033_0033.jpg 1 52 46 33 33
0058_0008_0007_0062_0062.jpg 1 8 7 62 62
0059_0048_0020_0029_0029.jpg 1 48 20 29 29
0060_0032_0059_0031_0031.jpg 1 32 59 31 31
0061_0035_0049_0024_0024.jpg 1 35 49 24 24
0062_0023_0005_0064_0064.jpg 1 23 5 64 64
0063_0018_0010_0044_0044.jpg 1 18 10 44 44
0064_0011_0026_0067_0067.jpg 1 11 26 67 67
0065_0055_0039_0038_0038.jpg 1 55 39 38 38
0066_0010_0011_0040_0040.jpg 1 10 11 40 40
0067_0010_0007_0033_0033.jpg 1 10 7 33 33
0068_0048_0029_0039_0039.jpg 1 48 29 39 39
0069_0031_0043_0043_0043.jpg 1 31 43 43 43
0070_0047_0064_0024_0024.jpg 1 47 64 24 24
0071_0014_0026_0033_0033.jpg 1 14 26 33 33
0072_0060_0055_0026_0026.jpg 1 60 55 26 26
0073_0048_0060_0025_0025.jpg 1 48 60 25 25
0074_0014_0025_0028_0028.jpg 1 14 25 28 28
0075_0003_0005_0067_0067.jpg 1 3 5 67 67
0076_0043_0033_0049_0049.jpg 1 43 33 49 49
0077_0015_0036_0040_0040.jpg 1 15 36 40 40
0078_0030_0022_0041_0041.jpg 1 30 22 41 41
0079_0018_0047_0043_0043.jpg 1 18 47 43 43
0080_0040_0045_0031_0031.jpg 1 40 45 31 31
0081_0007_0042_0048_0048.jpg 1 7 42 48 48
0082_0003_0003_0069_0069.jpg 1 3 3 69 69
0083_0024_0022_0039_0039.jpg 1 24 22 39 39
0084_0018_0006_0046_0046.jpg 1 18 6 46 46
0085_0038_0008_0041_0041.jpg 1 38 8 41 41
0086_0034_0035_0040_0040.jpg 1 34 35 40 40
0087_0013_0004_0065_0065.jpg 1 13 4 65 65
0088_0016_0031_0055_0055.jpg 1 16 31 55 55
0089_0050_0046_0038_0038.jpg 1 50 46 38 38
0090_0042_0048_0029_0029.jpg 1 42 48 29 29
0091_0010_0014_0062_0062.jpg 1 10 14 62 62
0092_0006_0013_0059_0059.jpg 1 6 13 59 59
0093_0012_0022_0060_0060.jpg 1 12 22 60 60
0094_0015_0015_0033_0033.jpg 1 15 15 33 33
0095_0012_0019_0030_0030.jpg 1 12 19 30 30
0096_0054_0047_0027_0027.jpg 1 54 47 27 27
0097_0018_0027_0049_0049.jpg 1 18 27 49 49
0098_0018_0028_0034_0034.jpg 1 18 28 34 34
0099_0026_0036_0036_0036.jpg 1 26 36 36 36
0100_0041_0032_0042_0042.jpg 1 41 32 42 42
0101_0022_0040_0028_0028.jpg 1 22 40 28 28
0102_0024_0028_0060_0060.jpg 1 24 28 60 60
0103_0026_0014_0041_0041.jpg 1 26 14 41 41
0104_0050_0031_0033_0033.jpg 1 50 31 33 33
0105_0022_0052_0042_0042.jpg 1 22 52 42 42
0106_0013_0013_0045_0045.jpg 1 13 13 45 45
0107_0045_0034_0046_0046.jpg 1 45 34 46 46
0108_0014_0021_0058_0058.jpg 1 14 21 58 58
0109_0013_0036_0058_0058.jpg 1 13 36 58 58
0110_0013_0024_0036_0036.jpg 1 13 24 36 36
0111_0022_0023_0066_0066.jpg 1 22 23 66 66
0112_0019_0039_0027_0027.jpg 1 19 39 27 27
0113_0033_0040_0036_0036.jpg 1 33 40 36 36
0114_0019_0020_0056_0056.jpg 1 19 20 56 56
0115_0021_0026_0030_0030.jpg 1 21 26 30 30
0116_0035_0032_0039_0039.jpg 1 35 32 39 39
0117_0041_0021_0033_0033.jpg 1 41 21 33 33
0118_0021_0043_0046_0046.jpg 1 21 43 46 46
0119_0023_0027_0059_0059.jpg 1 23 27 59 59
0120_0047_0017_0033_0033.jpg 1 47 17 33 33
0121_0033_0020_0061_0061.jpg 1 33 20 61 61
0122_0038_0028_0044_0044.jpg 1 38 28 44 44
0123_0017_0011_0049_0049.jpg 1 17 11 49 49
0124_0024_0007_0044_0044.jpg 1 24 7 44 44
0125_0014_0028_0061_0061.jpg 1 14 28 61 61
0126_0030_0015_0055_0055.jpg 1 30 15 55 55
0127_0004_0030_0062_0062.jpg 1 4 30 62 62
0128_0058_0020_0027_0027.jpg 1 58 20 27 27
0129_0053_0050_0036_0036.jpg 1 53 50 36 36
0130_0006_0012_0059_0059.jpg 1 6 12 59 59
0131_0046_0023_0043_0043.jpg 1 46 23 43 43
0132_0053_0009_0025_0025.jpg 1 53 9 25 25
0133_0034_0031_0060_0060.jpg 1 34 31 60 60
0134_0022_0024_0061_0061.jpg 1 22 24 61 61
0135_0040_0045_0042_0042.jpg 1 40 45 42 42
0136_0018_0014_0025_0025.jpg 1 18 14 25 25
0137_0028_0035_0058_0058.jpg 1 28 35 58 58
0138_0043_0017_0037_0037.jpg 1 43 17 37 37
0139_0005_0031_0054_0054.jpg 1 5 31 54 54
0140_0012_0012_0052_0052.jpg 1 12 12 52 52
0141_0020_0024_0061_0061.jpg 1 20 24 61 61
0142_0012_0008_0042_0042.jpg 1 12 8 42 42
0143_0007_0007_0057_0057.jpg 1 7 7 57 57
0144_0013_0041_0024_0024.jpg 1 13 41 24 24
0145_0011_0020_0068_0068.jpg 1 11 20 68 68
0146_0017_0051_0027_0027.jpg 1 17 51 27 27
0147_0006_0018_0055_0055.jpg 1 6 18 55 55
0148_0007_0011_0045_0045.jpg 1 7 11 45 45
0149_0018_0012_0043_0043.jpg 1 18 12 43 43
0150_0039_0016_0051_0051.jpg 1 39 16 51 51
0151_0032_0030_0042_0042.jpg 1 32 30 42 42
0152_0027_0032_0062_0062.jpg 1 27 32 62 62
0153_0038_0036_0044_0044.jpg 1 38 36 44 44
0154_0027_0010_0037_0037.jpg 1 27 10 37 37
0155_0044_0028_0029_0029.jpg 1 44 28 29 29
0156_0028_0042_0047_0047.jpg 1 28 42 47 47
0157_0023_0050_0044_0044.jpg 1 23 50 44 44
0158_0018_0016_0057_0057.jpg 1 18 16 57 57
0159_0048_0023_0036_0036.jpg 1 48 23 36 36
0160_0005_0022_0066_0066.jpg 1 5 22 66 66
0161_0019_0040_0054_0054.jpg 1 19 40 54 54
0162_0031_0016_0044_0044.jpg 1 31 16 44 44
0163_0048_0009_0041_0041.jpg 1 48 9 41 41
0164_0034_0014_0036_0036.jpg 1 34 14 36 36
0165_0027_0018_0052_0052.jpg 1 27 18 52 52
0166_0032_0011_0062_0062.jpg 1 32 11 62 62
0167_0041_0035_0043_0043.jpg 1 41 35 43 43
0168_0023_0013_0044_0044.jpg 1 23 13 44 44
0169_0052_0008_0030_0030.jpg 1 52 8 30 30
0170_0027_0031_0030_0030.jpg 1 27 31 30 30
0171_0046_0041_0040_0040.jpg 1 46 41 40 40
0172_0023_0013_0039_0039.jpg 1 23 13 39 39
0173_0008_0016_0068_0068.jpg 1 8 16 68 68
0174_0062_0053_0024_0024.jpg 1 62 53 24 24
0175_0011_0018_0030_0030.jpg 1 11 18 30 30
0176_0026_0028_0052_0052.jpg 1 26 28 52 52
0177_0034_0021_0035_0035.jpg 1 34 21 35 35
0178_0019_0042_0044_0044.jpg 1 19 42 44 44
0179_0036_0030_0059_0059.jpg 1 36 30 59 59
0180_0048_0040_0030_0030.jpg 1 48 40 30 30
0181_0039_0030_0032_0032.jpg 1 39 30 32 32
0182_0041_0010_0034_0034.jpg 1 41 10 34 34
0183_0027_0037_0028_0028.jpg 1 27 37 28 28
0184_0042_0017_0035_0035.jpg 1 42 17 35 35
0185_0037_0035_0027_0027.jpg 1 37 35 27 27
0186_0020_0031_0060_0060.jpg 1 20 31 60 60
0187_0011_0040_0041_0041.jpg 1 11 40 41 41
0188_0022_0028_0057_0057.jpg 1 22 28 57 57
0189_0041_0016_0036_0036.jpg 1 41 16 36 36
0190_0008_0036_0044_0044.jpg 1 8 36 44 44
0191_0044_0016_0027_0027.jpg 1 44 16 27 27
0192_0010_0032_0058_0058.jpg 1 10 32 58 58
0193_0032_0023_0042_0042.jpg 1 32 23 42 42
0194_0021_0052_0042_0042.jpg 1 21 52 42 42
0195_0034_0036_0043_0043.jpg 1 34 36 43 43
0196_0035_0037_0055_0055.jpg 1 35 37 55 55
0197_0044_0026_0049_0049.jpg 1 44 26 49 49
0198_0031_0037_0047_0047.jpg 1 31 37 47 47
0199_0022_0016_0067_0067.jpg 1 22 16 67 67
0200_0039_0036_0043_0043.jpg 1 39 36 43 43
0201_0041_0054_0037_0037.jpg 1 41 54 37 37
0202_0027_0040_0050_0050.jpg 1 27 40 50 50
0203_0039_0037_0051_0051.jpg 1 39 37 51 51
0204_0028_0017_0038_0038.jpg 1 28 17 38 38
0205_0006_0022_0063_0063.jpg 1 6 22 63 63
0206_0033_0025_0042_0042.jpg 1 33 25 42 42
0207_0021_0017_0069_0069.jpg 1 21 17 69 69
0208_0029_0030_0065_0065.jpg 1 29 30 65 65
0209_0025_0036_0044_0044.jpg 1 25 36 44 44
0210_0010_0039_0046_0046.jpg 1 10 39 46 46
0211_0039_0029_0041_0041.jpg 1 39 29 41 41
0212_0021_0012_0065_0065.jpg 1 21 12 65 65
0213_0014_0015_0025_0025.jpg 1 14 15 25 25
0214_0015_0021_0027_0027.jpg 1 15 21 27 27
0215_0044_0032_0048_0048.jpg 1 44 32 48 48
0216_0018_0024_0037_0037.jpg 1 18 24 37 37
0217_0040_0024_0046_0046.jpg 1 40 24 46 46
0218_0056_0021_0027_0027.jpg 1 56 21 27 27
0219_0039_0023_0054_0054.jpg 1 39 23 54 54
0220_0020_0027_0067_0067.jpg 1 20 27 67 67
0221_0008_0011_0043_0043.jpg 1 8 11 43 43
0222_0042_0031_0035_0035.jpg 1 42 31 35 35
0223_0032_0010_0031_0031.jpg 1 32 10 31 31
0224_0014_0030_0056_0056.jpg 1 14 30 56 56
0225_0033_0044_0044_0044.jpg 1 33 44 44 44
0226_0004_0019_0065_0065.jpg 1 4 19 65 65
0227_0030_0020_0039_0039.jpg 1 30 20 39 39
0228_0017_0031_0044_0044.jpg 1 17 31 44 44
0229_0025_0024_0063_0063.jpg 1 25 24 63 63
0230_0048_0038_0025_0025.jpg 1 48 38 25 25
0231_0021_0030_0024_0024.jpg 1 21 30 24 24
0232_0023_0025_0064_0064.jpg 1 23 25 64 64
0233_0019_0049_0041_0041.jpg 1 19 49 41 41
0234_0026_0021_0062_0062.jpg 1 26 21 62 62
0235_0043_0037_0036_0036.jpg 1 43 37 36 36
0236_0015_0049_0033_0033.jpg 1 15 49 33 33
0237_0042_0029_0037_0037.jpg 1 42 29 37 37
0238_0009_0037_0037_0037.jpg 1 9 37 37 37
0239_0040_0041_0052_0052.jpg 1 40 41 52 52
0240_0017_0059_0027_0027.jpg 1 17 59 27 27
0241_0039_0007_0055_0055.jpg 1 39 7 55 55
0242_0042_0021_0044_0044.jpg 1 42 21 44 44
0243_0009_0015_0042_0042.jpg 1 9 15 42 42
0244_0020_0005_0055_0055.jpg 1 20 5 55 55
0245_0051_0033_0039_0039.jpg 1 51 33 39 39
0246_0036_0010_0053_0053.jpg 1 36 10 53 53
0247_0036_0018_0056_0056.jpg 1 36 18 56 56
0248_0028_0023_0068_0068.jpg 1 28 23 68 68
0249_0047_0033_0046_0046.jpg 1 47 33 46 46
0250_0006_0031_0034_0034.jpg 1 6 31 34 34
0251_0058_0029_0026_0026.jpg 1 58 29 26 26
0252_0033_0011_0047_0047.jpg 1 33 11 47 47
0253_0021_0016_0056_0056.jpg 1 21 16 56 56
0254_0041_0023_0048_0048.jpg 1 41 23 48 48
0255_0052_0006_0040_0040.jpg 1 52 6 40 40
0256_0031_0026_0064_0064.jpg 1 31 26 64 64
0257_0024_0016_0064_0064.jpg 1 24 16 64 64
0258_0031_0023_0063_0063.jpg 1 31 23 63 63
0259_0020_0024_0067_0067.jpg 1 20 24 67 67
0260_0032_0026_0039_0039.jpg 1 32 26 39 39
0261_0029_0053_0039_0039.jpg 1 29 53 39 39
0262_0023_0039_0034_0034.jpg 1 23 39 34 34
0263_0020_0024_0025_0025.jpg 1 20 24 25 25
0264_0018_0039_0034_0034.jpg 1 18 39 34 34
0265_0003_0008_0069_0069.jpg 1 3 8 69 69
0266_0039_0033_0050_0050.jpg 1 39 33 50 50
0267_0004_0015_0066_0066.jpg 1 4 15 66 66
0268_0032_0027_0060_0060.jpg 1 32 27 60 60
0269_0023_0010_0058_0058.jpg 1 23 10 58 58
0270_0033_0018_0046_0046.jpg 1 33 18 46 46
0271_0014_0012_0067_0067.jpg 1 14 12 67 67
0272_0043_0018_0048_0048.jpg 1 43 18 48 48
0273_0022_0009_0069_0069.jpg 1 22 9 69 69
0274_0018_0014_0056_0056.jpg 1 18 14 56 56
0275_0035_0017_0056_0056.jpg 1 35 17 56 56
0276_0027_0017_0055_0055.jpg 1 27 17 55 55
0277_0040_0041_0042_0042.jpg 1 40 41 42 42
0278_0028_0051_0030_0030.jpg 1 28 51 30 30
0279_0040_0038_0043_0043.jpg 1 40 38 43 43
0280_0028_0017_0066_0066.jpg 1 28 17 66 66
0281_0018_0008_0054_0054.jpg 1 18 8 54 54
0282_0018_0008_0057_0057.jpg 1 18 8 57 57
0283_0025_0040_0042_0042.jpg 1 25 40 42 42
0284_0034_0023_0061_0061.jpg 1 34 23 61 61
0285_0042_0011_0041_0041.jpg 1 42 11 41 41
0286_0012_0025_0036_0036.jpg 1 12 25 36 36
0287_0038_0030_0028_0028.jpg 1 38 30 28 28
0288_0020_0049_0029_0029.jpg 1 20 49 29 29
0289_0013_0039_0055_0055.jpg 1 13 39 55 55
0290_0029_0034_0060_0060.jpg 1 29 34 60 60
0291_0016_0010_0066_0066.jpg 1 16 10 66 66
0292_0028_0021_0050_0050.jpg 1 28 21 50 50
0293_0036_0034_0052_0052.jpg 1 36 34 52 52
0294_0005_0005_0060_0060.jpg 1 5 5 60 60
0295_0027_0011_0031_0031.jpg 1 27 11 31 31
0296_0018_0044_0042_0042.jpg 1 18 44 42 42
0297_0018_0041_0045_0045.jpg 1 18 41 45 45
0298_0032_0035_0057_0057.jpg 1 32 35 57 57
0299_0032_0019_0025_0025.jpg 1 32 19 25 25
0300_0014_0038_0044_0044.jpg 1 14 38 44 44
0301_0055_0022_0026_0026.jpg 1 55 22 26 26
0302_0035_0026_0026_0026.jpg 1 35 26 26 26
0303_0065_0056_0024_0024.jpg 1 65 56 24 24
0304_0011_0029_0032_0032.jpg 1 11 29 32 32
0305_0016_0026_0068_0068.jpg 1 16 26 68 68
0306_0022_0018_0054_0054.jpg 1 22 18 54 54
0307_0025_0051_0036_0036.jpg 1 25 51 36 36
0308_0016_0017_0056_0056.jpg 1 16 17 56 56
0309_0032_0011_0047_0047.jpg 1 32 11 47 47
0310_0033_0013_0046_0046.jpg 1 33 13 46 46
0311_0009_0031_0055_0055.jpg 1 9 31 55 55
0312_0038_0036_0056_0056.jpg 1 38 36 56 56
0313_0038_0050_0029_0029.jpg 1 38 50 29 29
0314_0005_0034_0061_0061.jpg 1 5 34 61 61
0315_0055_0024_0028_0028.jpg 1 55 24 28 28
0316_0033_0024_0053_0053.jpg 1 33 24 53 53
0317_0014_0031_0049_0049.jpg 1 14 31 49 49
0318_0026_0035_0052_0052.jpg 1 26 35 52 52
0319_0014_0013_0066_0066.jpg 1 14 13 66 66
0320_0009_0035_0034_0034.jpg 1 9 35 34 34
0321_0011_0015_0060_0060.jpg 1 11 15 60 60
0322_0023_0020_0042_0042.jpg 1 23 20 42 42
0323_0036_0053_0027_0027.jpg 1 36 53 27 27
0324_0019_0021_0058_0058.jpg 1 19 21 58 58
0325_0036_0048_0041_0041.jpg 1 36 48 41 41
0326_0040_0040_0051_0051.jpg 1 40 40 51 51
0327_0022_0044_0032_0032.jpg 1 22 44 32 32
0328_0009_0022_0028_0028.jpg 1 9 22 28 28
0329_0017_0051_0027_0027.jpg 1 17 51 27 27
0330_0015_0020_0069_0069.jpg 1 15 20 69 69
0331_0046_0034_0041_0041.jpg 1 46 34 41 41
0332_0018_0035_0043_0043.jpg 1 18 35 43 43
0333_0011_0030_0065_0065.jpg 1 11 30 65 65
0334_0046_0064_0024_0024.jpg 1 46 64 24 24
0335_0009_0007_0067_0067.jpg 1 9 7 67 67
0336_0035_0030_0046_0046.jpg 1 35 30 46 46
0337_0023_0022_0047_0047.jpg 1 23 22 47 47
0338_0003_0023_0065_0065.jpg 1 3 23 65 65
0339_0034_0034_0024_0024.jpg 1 34 34 24 24
0340_0031_0033_0063_0063.jpg 1 31 33 63 63
0341_0015_0020_0068_0068.jpg 1 15 20 68 68
0342_0043_0042_0050_0050.jpg 1 43 42 50 50
0343_0021_0029_0049_0049.jpg 1 21 29 49 49
0344_0056_0021_0024_0024.jpg 1 56 21 24 24
0345_0037_0032_0046_0046.jpg 1 37 32 46 46
0346_0030_0012_0054_0054.jpg 1 30 12 54 54
0347_0016_0019_0069_0069.jpg 1 16 19 69 69
0348_0014_0029_0067_0067.jpg 1 14 29 67 67
0349_0012_0018_0060_0060.jpg 1 12 18 60 60
0350_0010_0026_0031_0031.jpg 1 10 26 31 31
0351_0023_0018_0060_0060.jpg 1 23 18 60 60
0352_0030_0016_0055_0055.jpg 1 30 16 55 55
0353_0021_0032_0046_0046.jpg 1 21 32 46 46
0354_0013_0034_0038_0038.jpg 1 13 34 38 38
0355_0035_0046_0037_0037.jpg 1 35 46 37 37
0356_0045_0025_0049_0049.jpg 1 45 25 49 49
0357_0029_0016_0052_0052.jpg 1 29 16 52 52
0358_0028_0031_0051_0051.jpg 1 28 31 51 51
0359_0036_0027_0031_0031.jpg 1 36 27 31 31
0360_0017_0026_0026_0026.jpg 1 17 26 26 26
0361_0004_0017_0067_0067.jpg 1 4 17 67 67
0362_0027_0015_0030_0030.jpg 1 27 15 30 30
0363_0016_0013_0031_0031.jpg 1 16 13 31 31
0364_0015_0011_0041_0041.jpg 1 15 11 41 41
0365_0014_0044_0046_0046.jpg 1 14 44 46 46
0366_0052_0065_0025_0025.jpg 1 52 65 25 25
0367_0031_0052_0033_0033.jpg 1 31 52 33 33
0368_0022_0018_0058_0058.jpg 1 22 18 58 58
0369_0030_0014_0064_0064.jpg 1 30 14 64 64
0370_0024_0005_0068_0068.jpg 1 24 5 68 68
0371_0018_0053_0036_0036.jpg 1 18 53 36 36
0372_0010_0028_0035_0035.jpg 1 10 28 35 35
0373_0012_0010_0059_0059.jpg 1 12 10 59 59
0374_0033_0035_0059_0059.jpg 1 33 35 59 59
0375_0018_0028_0067_0067.jpg 1 18 28 67 67
0376_0033_0011_0051_0051.jpg 1 33 11 51 51
0377_0015_0051_0032_0032.jpg 1 15 51 32 32
0378_0041_0032_0044_0044.jpg 1 41 32 44 44
0379_0008_0029_0027_0027.jpg 1 8 29 27 27
0380_0005_0027_0068_0068.jpg 1 5 27 68 68
0381_0022_0006_0060_0060.jpg 1 22 6 60 60
0382_0025_0014_0068_0068.jpg 1 25 14 68 68
0383_0028_0025_0048_0048.jpg 1 28 25 48 48
0384_0039_0008_0052_0052.jpg 1 39 8 52 52
0385_0046_0032_0033_0033.jpg 1 46 32 33 33
0386_0030_0039_0055_0055.jpg 1 30 39 55 55
0387_0014_0022_0057_0057.jpg 1 14 22 57 57
0388_0006_0039_0041_0041.jpg 1 6 39 41 41
0389_0031_0009_0036_0036.jpg 1 31 9 36 36
0390_0017_0028_0067_0067.jpg 1 17 28 67 67
0391_0045_0039_0043_0043.jpg 1 45 39 43 43
0392_0021_0019_0056_0056.jpg 1 21 19 56 56
0393_0068_0066_0024_0024.jpg 1 68 66 24 24
0394_0039_0014_0054_0054.jpg 1 39 14 54 54
0395_0029_0014_0035_0035.jpg 1 29 14 35 35
0396_0005_0041_0048_0048.jpg 1 5 41 48 48
0397_0023_0031_0034_0034.jpg 1 23 31 34 34
0398_0060_0021_0033_0033.jpg 1 60 21 33 33
0399_0040_0007_0027_0027.jpg 1 40 7 27 27
0400_0039_0023_0024_0024.jpg 1 39 23 24 24
0401_0033_0011_0029_0029.jpg 1 33 11 29 29
0402_0021_0014_0044_0044.jpg 1 21 14 44 44
0403_0031_0022_0063_0063.jpg 1 31 22 63 63
0404_0014_0030_0051_0051.jpg 1 14 30 51 51
0405_0021_0024_0063_0063.jpg 1 21 24 63 63
0406_0011_0010_0054_0054.jpg 1 11 10 54 54
0407_0013_0020_0061_0061.jpg 1 13 20 61 61
0408_0020_0003_0066_0066.jpg 1 20 3 66 66
0409_0034_0022_0059_0059.jpg 1 34 22 59 59
0410_0023_0043_0038_0038.jpg 1 23 43 38 38
0411_0017_0028_0032_0032.jpg 1 17 28 32 32
0412_0006_0007_0068_0068.jpg 1 6 7 68 68
0413_0020_0017_0066_0066.jpg 1 20 17 66 66
0414_0025_0023_0061_0061.jpg 1 25 23 61 61
0415_0057_0051_0031_0031.jpg 1 57 51 31 31
0416_0015_0032_0041_0041.jpg 1 15 32 41 41
0417_0037_0035_0045_0045.jpg 1 37 35 45 45
0418_0034_0029_0058_0058.jpg 1 34 29 58 58
0419_0044_0014_0030_0030.jpg 1 44 14 30 30
0420_0040_0043_0033_0033.jpg 1 40 43 33 33
0421_0011_0044_0050_0050.jpg 1 11 44 50 50
0422_0015_0039_0045_0045.jpg 1 15 39 45 45
0423_0031_0014_0041_0041.jpg 1 31 14 41 41
0424_0007_0027_0055_0055.jpg 1 7 27 55 55
0425_0021_0006_0064_0064.jpg 1 21 6 64 64
0426_0007_0009_0062_0062.jpg 1 7 9 62 62
0427_0049_0043_0044_0044.jpg 1 49 43 44 44
0428_0013_0026_0050_0050.jpg 1 13 26 50 50
0429_0045_0011_0039_0039.jpg 1 45 11 39 39
0430_0044_0033_0049_0049.jpg 1 44 33 49 49
0431_0038_0038_0042_0042.jpg 1 38 38 42 42
0432_0021_0027_0053_0053.jpg 1 21 27 53 53
0433_0029_0058_0028_0028.jpg 1 29 58 28 28
0434_0022_0055_0031_0031.jpg 1 22 55 31 31
0435_0019_0016_0069_0069.jpg 1 19 16 69 69
0436_0005_0012_0051_0051.jpg 1 5 12 51 51
0437_0044_0054_0029_0029.jpg 1 44 54 29 29
0438_0016_0027_0028_0028.jpg 1 16 27 28 28
0439_0021_0054_0027_0027.jpg 1 21 54 27 27
0440_0020_0007_0038_0038.jpg 1 20 7 38 38
0441_0052_0037_0041_0041.jpg 1 52 37 41 41
0442_0029_0006_0065_0065.jpg 1 29 6 65 65
0443_0042_0032_0053_0053.jpg 1 42 32 53 53
0444_0008_0008_0061_0061.jpg 1 8 8 61 61
0445_0018_0011_0064_0064.jpg 1 18 11 64 64
0446_0030_0048_0035_0035.jpg 1 30 48 35 35
0447_0033_0037_0053_0053.jpg 1 33 37 53 53
0448_0037_0047_0025_0025.jpg 1 37 47 25 25
0449_0011_0036_0029_0029.jpg 1 11 36 29 29
0450_0047_0019_0045_0045.jpg 1 47 19 45 45
0451_0018_0032_0059_0059.jpg 1 18 32 59 59
0452_0013_0048_0044_0044.jpg 1 13 48 44 44
0453_0057_0028_0029_0029.jpg 1 57 28 29 29
0454_0057_0020_0033_0033.jpg 1 57 20 33 33
0455_0041_0024_0047_0047.jpg 1 41 24 47 47
0456_0054_0052_0037_0037.jpg 1 54 52 37 37
0457_0023_0031_0032_0032.jpg 1 23 31 32 32
0458_0019_0028_0037_0037.jpg 1 19 28 37 37
0459_0025_0031_0027_0027.jpg 1 25 31 27 27
0460_0013_0024_0063_0063.jpg 1 13 24 63 63
0461_0044_0023_0033_0033.jpg 1 44 23 33 33
0462_0054_0066_0024_0024.jpg 1 54 66 24 24
0463_0025_0028_0064_0064.jpg 1 25 28 64 64
0464_0031_0010_0061_0061.jpg 1 31 10 61 61
0465_0041_0045_0049_0049.jpg 1 41 45 49 49
0466_0025_0043_0038_0038.jpg 1 25 43 38 38
0467_0041_0041_0035_0035.jpg 1 41 41 35 35
0468_0011_0016_0036_0036.jpg 1 11 16 36 36
0469_0025_0025_0062_0062.jpg 1 25 25 62 62
0470_0025_0031_0034_0034.jpg 1 25 31 34 34
0471_0055_0025_0035_0035.jpg 1 55 25 35 35
0472_0004_0028_0063_0063.jpg 1 4 28 63 63
0473_0026_0024_0056_0056.jpg 1 26 24 56 56
0474_0008_0044_0029_0029.jpg 1 8 44 29 29
0475_0017_0042_0051_0051.jpg 1 17 42 51 51
0476_0020_0018_0025_0025.jpg 1 20 18 25 25
0477_0055_0050_0037_0037.jpg 1 55 50 37 37
0478_0008_0052_0035_0035.jpg 1 8 52 35 35
0479_0030_0016_0051_0051.jpg 1 30 16 51 51
0480_0017_0012_0049_0049.jpg 1 17 12 49 49
0481_0010_0022_0052_0052.jpg 1 10 22 52 52
0482_0036_0026_0030_0030.jpg 1 36 26 30 30
0483_0044_0029_0038_0038.jpg 1 44 29 38 38
0484_0008_0026_0048_0048.jpg 1 8 26 48 48
0485_0025_0032_0029_0029.jpg 1 25 32 29 29
0486_0053_0017_0033_0033.jpg 1 53 17 33 33
0487_0042_0023_0051_0051.jpg 1 42 23 51 51
0488_0009_0011_0066_0066.jpg 1 9 11 66 66
0489_0030_0036_0048_0048.jpg 1 30 36 48 48
0490_0016_0011_0064_0064.jpg 1 16 11 64 64
0491_0013_0037_0055_0055.jpg 1 13 37 55 55
0492_0029_0036_0030_0030.jpg 1 29 36 30 30
0493_0018_0043_0031_0031.jpg 1 18 43 31 31
0494_0032_0043_0048_0048.jpg 1 32 43 48 48
0495_0008_0049_0033_0033.jpg 1 8 49 33 33
0496_0020_0031_0054_0054.jpg 1 20 31 54 54
0497_0059_0035_0025_0025.jpg 1 59 35 25 25
0498_0010_0010_0066_0066.jpg 1 10 10 66 66
0499_0033_0005_0052_0052.jpg 1 33 5 52 52
0500_0011_0045_0049_0049.jpg 1 11 45 49 49
0501_0014_0024_0033_0033.jpg 1 14 24 33 33
0502_0013_0018_0057_0057.jpg 1 13 18 57 57
0503_0052_0031_0036_0036.jpg 1 52 31 36 36
0504_0008_0017_0024_0024.jpg 1 8 17 24 24
0505_0033_0022_0030_0030.jpg 1 33 22 30 30
0506_0018_0023_0057_0057.jpg 1 18 23 57 57
0507_0023_0036_0028_0028.jpg 1 23 36 28 28
0508_0034_0012_0029_0029.jpg 1 34 12 29 29
0509_0040_0015_0050_0050.jpg 1 40 15 50 50
0510_0003_0014_0064_0064.jpg 1 3 14 64 64
0511_0031_0026_0056_0056.jpg 1 31 26 56 56
0512_0021_0042_0033_0033.jpg 1 21 42 33 33
0513_0026_0062_0027_0027.jpg 1 26 62 27 27
0514_0024_0020_0029_0029.jpg 1 24 20 29 29
0515_0030_0005_0051_0051.jpg 1 30 5 51 51
0516_0018_0009_0061_0061.jpg 1 18 9 61 61
0517_0029_0030_0049_0049.jpg 1 29 30 49 49
0518_0008_0026_0051_0051.jpg 1 8 26 51 51
0519_0037_0038_0054_0054.jpg 1 37 38 54 54
0520_0004_0006_0060_0060.jpg 1 4 6 60 60
0521_0027_0036_0055_0055.jpg 1 27 36 55 55
0522_0021_0006_0038_0038.jpg 1 21 6 38 38
0523_0028_0044_0048_0048.jpg 1 28 44 48 48
0524_0038_0043_0049_0049.jpg 1 38 43 49 49
0525_0023_0036_0035_0035.jpg 1 23 36 35 35
0526_0031_0047_0036_0036.jpg 1 31 47 36 36
0527_0017_0003_0061_0061.jpg 1 17 3 61 61
0528_0015_0027_0067_0067.jpg 1 15 27 67 67
0529_0028_0021_0067_0067.jpg 1 28 21 67 67
0530_0015_0013_0037_0037.jpg 1 15 13 37 37
0531_0026_0014_0064_0064.jpg 1 26 14 64 64
0532_0029_0062_0027_0027.jpg 1 29 62 27 27
0533_0021_0011_0061_0061.jpg 1 21 11 61 61
0534_0015_0011_0060_0060.jpg 1 15 11 60 60
0535_0014_0032_0063_0063.jpg 1 14 32 63 63
0536_0014_0033_0063_0063.jpg 1 14 33 63 63
0537_0030_0018_0065_0065.jpg 1 30 18 65 65
0538_0018_0012_0065_0065.jpg 1 18 12 65 65
0539_0049_0028_0038_0038.jpg 1 49 28 38 38
0540_0025_0021_0035_0035.jpg 1 25 21 35 35
0541_0010_0020_0059_0059.jpg 1 10 20 59 59
0542_0043_0025_0031_0031.jpg 1 43 25 31 31
0543_0021_0003_0063_0063.jpg 1 21 3 63 63
0544_0044_0038_0043_0043.jpg 1 44 38 43 43
0545_0034_0032_0057_0057.jpg 1 34 32 57 57
0546_0027_0028_0041_0041.jpg 1 27 28 41 41
0547_0027_0020_0059_0059.jpg 1 27 20 59 59
0548_0056_0006_0036_0036.jpg 1 56 6 36 36
0549_0009_0037_0050_0050.jpg 1 9 37 50 50
0550_0064_0013_0025_0025.jpg 1 64 13 25 25
0551_0043_0016_0031_0031.jpg 1 43 16 31 31
0552_0034_0024_0060_0060.jpg 1 34 24 60 60
0553_0007_0013_0052_0052.jpg 1 7 13 52 52
0554_0025_0033_0052_0052.jpg 1 25 33 52 52
0555_0030_0014_0059_0059.jpg 1 30 14 59 59
0556_0031_0045_0046_0046.jpg 1 31 45 46 46
0557_0009_0008_0029_0029.jpg 1 9 8 29 29
0558_0037_0013_0058_0058.jpg 1 37 13 58 58
0559_0027_0033_0044_0044.jpg 1 27 33 44 44
0560_0003_0011_0064_0064.jpg 1 3 11 64 64
0561_0062_0062_0024_0024.jpg 1 62 62 24 24
0562_0041_0034_0053_0053.jpg 1 41 34 53 53
0563_0021_0029_0032_0032.jpg 1 21 29 32 32
0564_0047_0055_0030_0030.jpg 1 47 55 30 30
0565_0007_0059_0028_0028.jpg 1 7 59 28 28
0566_0054_0028_0024_0024.jpg 1 54 28 24 24
0567_0030_0057_0030_0030.jpg 1 30 57 30 30
0568_0024_0037_0057_0057.jpg 1 24 37 57 57
0569_0007_0010_0064_0064.jpg 1 7 10 64 64
0570_0008_0017_0047_0047.jpg 1 8 17 47 47
0571_0031_0013_0058_0058.jpg 1 31 13 58 58
0572_0015_0026_0039_0039.jpg 1 15 26 39 39
0573_0007_0046_0035_0035.jpg 1 7 46 35 35
0574_0016_0049_0039_0039.jpg 1 16 49 39 39
0575_0039_0007_0034_0034.jpg 1 39 7 34 34
0576_0010_0005_0066_0066.jpg 1 10 5 66 66
0577_0013_0040_0052_0052.jpg 1 13 40 52 52
0578_0055_0019_0027_0027.jpg 1 55 19 27 27
0579_0007_0029_0028_0028.jpg 1 7 29 28 28
0580_0014_0010_0065_0065.jpg 1 14 10 65 65
0581_0028_0036_0050_0050.jpg 1 28 36 50 50
0582_0029_0047_0041_0041.jpg 1 29 47 41 41
0583_0008_0049_0043_0043.jpg 1 8 49 43 43
0584_0009_0015_0067_0067.jpg 1 9 15 67 67
0585_0024_0026_0055_0055.jpg 1 24 26 55 55
0586_0023_0004_0058_0058.jpg 1 23 4 58 58
0587_0012_0015_0060_0060.jpg 1 12 15 60 60
0588_0031_0015_0061_0061.jpg 1 31 15 61 61
0589_0030_0016_0040_0040.jpg 1 30 16 40 40
0590_0013_0040_0029_0029.jpg 1 13 40 29 29
0591_0052_0053_0036_0036.jpg 1 52 53 36 36
0592_0004_0021_0053_0053.jpg 1 4 21 53 53
0593_0044_0037_0041_0041.jpg 1 44 37 41 41
0594_0053_0054_0039_0039.jpg 1 53 54 39 39
0595_0028_0027_0055_0055.jpg 1 28 27 55 55
0596_0014_0023_0069_0069.jpg 1 14 23 69 69
0597_0016_0021_0060_0060.jpg 1 16 21 60 60
0598_0029_0017_0050_0050.jpg 1 29 17 50 50
0599_0011_0012_0034_0034.jpg 1 11 12 34 34
0600_0045_0037_0042_0042.jpg 1 45 37 42 42
0601_0047_0031_0038_0038.jpg 1 47 31 38 38
0602_0025_0012_0055_0055.jpg 1 25 12 55 55
0603_0016_0031_0061_0061.jpg 1 16 31 61 61
0604_0020_0026_0043_0043.jpg 1 20 26 43 43
0605_0041_0029_0033_0033.jpg 1 41 29 33 33
0606_0033_0007_0041_0041.jpg 1 33 7 41 41
0607_0019_0051_0026_0026.jpg 1 19 51 26 26
0608_0035_0018_0055_0055.jpg 1 35 18 55 55
0609_0017_0004_0065_0065.jpg 1 17 4 65 65
0610_0031_0039_0047_0047.jpg 1 31 39 47 47
0611_0008_0031_0047_0047.jpg 1 8 31 47 47
0612_0015_0010_0063_0063.jpg 1 15 10 63 63
0613_0037_0041_0034_0034.jpg 1 37 41 34 34
0614_0018_0029_0066_0066.jpg 1 18 29 66 66
0615_0021_0053_0031_0031.jpg 1 21 53 31 31
0616_0040_0030_0037_0037.jpg 1 40 30 37 37
0617_0028_0037_0031_0031.jpg 1 28 37 31 31
0618_0015_0015_0062_0062.jpg 1 15 15 62 62
0619_0024_0013_0046_0046.jpg 1 24 13 46 46
0620_0029_0025_0066_0066.jpg 1 29 25 66 66
0621_0028_0029_0064_0064.jpg 1 28 29 64 64
0622_0025_0051_0033_0033.jpg 1 25 51 33 33
0623_0034_0037_0046_0046.jpg 1 34 37 46 46
0624_0024_0014_0069_0069.jpg 1 24 14 69 69
0625_0011_0014_0062_0062.jpg 1 11 14 62 62
0626_0065_0010_0025_0025.jpg 1 65 10 25 25
0627_0017_0006_0040_0040.jpg 1 17 6 40 40
0628_0016_0030_0035_0035.jpg 1 16 30 35 35
0629_0032_0041_0051_0051.jpg 1 32 41 51 51
0630_0017_0016_0040_0040.jpg 1 17 16 40 40
0631_0014_0007_0029_0029.jpg 1 14 7 29 29
0632_0018_0045_0028_0028.jpg 1 18 45 28 28
0633_0038_0043_0036_0036.jpg 1 38 43 36 36
0634_0051_0030_0029_0029.jpg 1 51 30 29 29
0635_0033_0009_0027_0027.jpg 1 33 9 27 27
0636_0013_0021_0068_0068.jpg 1 13 21 68 68
0637_0011_0041_0036_0036.jpg 1 11 41 36 36
0638_0027_0020_0038_0038.jpg 1 27 20 38 38
0639_0013_0057_0035_0035.jpg 1 13 57 35 35
0640_0046_0024_0042_0042.jpg 1 46 24 42 42
0641_0028_0031_0029_0029.jpg 1 28 31 29 29
0642_0041_0045_0032_0032.jpg 1 41 45 32 32
0643_0027_0024_0028_0028.jpg 1 27 24 28 28
0644_0049_0027_0034_0034.jpg 1 49 27 34 34
0645_0017_0030_0027_0027.jpg 1 17 30 27 27
0646_0046_0035_0035_0035.jpg 1 46 35 35 35
0647_0012_0041_0036_0036.jpg 1 12 41 36 36
0648_0026_0054_0037_0037.jpg 1 26 54 37 37
0649_0010_0007_0035_0035.jpg 1 10 7 35 35
0650_0039_0025_0046_0046.jpg 1 39 25 46 46
0651_0010_0014_0031_0031.jpg 1 10 14 31 31
0652_0025_0012_0026_0026.jpg 1 25 12 26 26
0653_0027_0041_0024_0024.jpg 1 27 41 24 24
0654_0003_0010_0067_0067.jpg 1 3 10 67 67
0655_0011_0007_0035_0035.jpg 1 11 7 35 35
0656_0029_0033_0054_0054.jpg 1 29 33 54 54
0657_0008_0013_0063_0063.jpg 1 8 13 63 63
0658_0007_0017_0067_0067.jpg 1 7 17 67 67
0659_0048_0038_0040_0040.jpg 1 48 38 40 40
0660_0035_0013_0048_0048.jpg 1 35 13 48 48
0661_0012_0013_0026_0026.jpg 1 12 13 26 26
0662_0034_0035_0050_0050.jpg 1 34 35 50 50
0663_0048_0040_0036_0036.jpg 1 48 40 36 36
0664_0009_0007_0066_0066.jpg 1 9 7 66 66
0665_0019_0040_0049_0049.jpg 1 19 40 49 49
0666_0055_0048_0026_0026.jpg 1 55 48 26 26
0667_0023_0008_0065_0065.jpg 1 23 8 65 65
0668_0032_0019_0061_0061.jpg 1 32 19 61 61
0669_0022_0016_0062_0062.jpg 1 22 16 62 62
0670_0021_0017_0068_0068.jpg 1 21 17 68 68
0671_0039_0026_0042_0042.jpg 1 39 26 42 42
0672_0049_0030_0043_0043.jpg 1 49 30 43 43
0673_0017_0026_0048_0048.jpg 1 17 26 48 48
0674_0032_0033_0029_0029.jpg 1 32 33 29 29
0675_0025_0006_0066_0066.jpg 1 25 6 66 66
0676_0017_0030_0056_0056.jpg 1 17 30 56 56
0677_0009_0037_0056_0056.jpg 1 9 37 56 56
0678_0020_0010_0049_0049.jpg 1 20 10 49 49
0679_0027_0035_0045_0045.jpg 1 27 35 45 45
0680_0023_0005_0063_0063.jpg 1 23 5 63 63
0681_0016_0007_0048_0048.jpg 1 16 7 48 48
0682_0028_0004_0056_0056.jpg 1 28 4 56 56
0683_0007_0036_0037_0037.jpg 1 7 36 37 37
0684_0050_0020_0043_0043.jpg 1 50 20 43 43
0685_0028_0012_0062_0062.jpg 1 28 12 62 62
0686_0019_0013_0026_0026.jpg 1 19 13 26 26
0687_0016_0011_0048_0048.jpg 1 16 11 48 48
0688_0029_0017_0052_0052.jpg 1 29 17 52 52
0689_0034_0034_0054_0054.jpg 1 34 34 54 54
0690_0011_0066_0025_0025.jpg 1 11 66 25 25
0691_0020_0006_0054_0054.jpg 1 20 6 54 54
0692_0025_0009_0067_0067.jpg 1 25 9 67 67
0693_0047_0046_0026_0026.jpg 1 47 46 26 26
0694_0008_0027_0061_0061.jpg 1 8 27 61 61
0695_0059_0064_0028_0028.jpg 1 59 64 28 28
0696_0022_0047_0043_0043.jpg 1 22 47 43 43
0697_0014_0019_0047_0047.jpg 1 14 19 47 47
0698_0026_0024_0060_0060.jpg 1 26 24 60 60
0699_0007_0042_0036_0036.jpg 1 7 42 36 36
0700_0032_0043_0033_0033.jpg 1 32 43 33 33
0701_0009_0018_0058_0058.jpg 1 9 18 58 58
0702_0024_0013_0039_0039.jpg 1 24 13 39 39
0703_0034_0047_0042_0042.jpg 1 34 47 42 42
0704_0037_0016_0029_0029.jpg 1 37 16 29 29
0705_0024_0057_0024_0024.jpg 1 24 57 24 24
0706_0010_0012_0025_0025.jpg 1 10 12 25 25
0707_0040_0021_0036_0036.jpg 1 40 21 36 36
0708_0060_0048_0025_0025.jpg 1 60 48 25 25
0709_0009_0043_0029_0029.jpg 1 9 43 29 29
0710_0027_0033_0059_0059.jpg 1 27 33 59 59
0711_0010_0044_0048_0048.jpg 1 10 44 48 48
0712_0024_0033_0042_0042.jpg 1 24 33 42 42
0713_0028_0018_0067_0067.jpg 1 28 18 67 67
0714_0021_0012_0042_0042.jpg 1 21 12 42 42
0715_0015_0035_0032_0032.jpg 1 15 35 32 32
0716_0011_0010_0063_0063.jpg 1 11 10 63 63
0717_0017_0049_0043_0043.jpg 1 17 49 43 43
0718_0030_0014_0057_0057.jpg 1 30 14 57 57
0719_0032_0049_0041_0041.jpg 1 32 49 41 41
0720_0042_0009_0051_0051.jpg 1 42 9 51 51
0721_0017_0020_0057_0057.jpg 1 17 20 57 57
0722_0020_0030_0045_0045.jpg 1 20 30 45 45
0723_0037_0051_0033_0033.jpg 1 37 51 33 33
0724_0013_0035_0025_0025.jpg 1 13 35 25 25
0725_0018_0045_0037_0037.jpg 1 18 45 37 37
0726_0011_0025_0058_0058.jpg 1 11 25 58 58
0727_0057_0034_0024_0024.jpg 1 57 34 24 24
0728_0020_0012_0067_0067.jpg 1 20 12 67 67
0729_0024_0037_0053_0053.jpg 1 24 37 53 53
0730_0003_0019_0062_0062.jpg 1 3 19 62 62
0731_0024_0018_0067_0067.jpg 1 24 18 67 67
0732_0006_0049_0039_0039.jpg 1 6 49 39 39
0733_0021_0025_0049_0049.jpg 1 21 25 49 49
0734_0014_0010_0031_0031.jpg 1 14 10 31 31
0735_0027_0003_0066_0066.jpg 1 27 3 66 66
0736_0030_0029_0062_0062.jpg 1 30 29 62 62
0737_0014_0018_0029_0029.jpg 1 14 18 29 29
0738_0020_0011_0040_0040.jpg 1 20 11 40 40
0739_0045_0038_0036_0036.jpg 1 45 38 36 36
0740_0039_0011_0036_0036.jpg 1 39 11 36 36
0741_0020_0038_0025_0025.jpg 1 20 38 25 25
0742_0005_0041_0053_0053.jpg 1 5 41 53 53
0743_0023_0031_0039_0039.jpg 1 23 31 39 39
0744_0030_0019_0059_0059.jpg 1 30 19 59 59
0745_0008_0009_0050_0050.jpg 1 8 9 50 50
0746_0029_0026_0043_0043.jpg 1 29 26 43 43
0747_0009_0007_0041_0041.jpg 1 9 7 41 41
0748_0029_0008_0055_0055.jpg 1 29 8 55 55
0749_0026_0010_0044_0044.jpg 1 26 10 44 44
0750_0023_0025_0044_0044.jpg 1 23 25 44 44
0751_0006_0047_0042_0042.jpg 1 6 47 42 42
0752_0038_0024_0041_0041.jpg 1 38 24 41 41
0753_0033_0026_0058_0058.jpg 1 33 26 58 58
0754_0016_0020_0038_0038.jpg 1 16 20 38 38
0755_0059_0013_0026_0026.jpg 1 59 13 26 26
0756_0014_0007_0039_0039.jpg 1 14 7 39 39
0757_0011_0007_0056_0056.jpg 1 11 7 56 56
0758_0044_0032_0049_0049.jpg 1 44 32 49 49
0759_0060_0054_0031_0031.jpg 1 60 54 31 31
0760_0008_0014_0039_0039.jpg 1 8 14 39 39
0761_0013_0060_0026_0026.jpg 1 13 60 26 26
0762_0036_0008_0032_0032.jpg 1 36 8 32 32
0763_0014_0011_0063_0063.jpg 1 14 11 63 63
0764_0037_0026_0036_0036.jpg 1 37 26 36 36
0765_0013_0058_0025_0025.jpg 1 13 58 25 25
0766_0014_0034_0038_0038.jpg 1 14 34 38 38
0767_0011_0039_0045_0045.jpg 1 11 39 45 45
0768_0026_0009_0047_0047.jpg 1 26 9 47 47
0769_0021_0017_0053_0053.jpg 1 21 17 53 53
0770_0030_0008_0056_0056.jpg 1 30 8 56 56
0771_0028_0015_0026_0026.jpg 1 28 15 26 26
0772_0047_0009_0030_0030.jpg 1 47 9 30 30
0773_0008_0019_0062_0062.jpg 1 8 19 62 62
0774_0049_0030_0043_0043.jpg 1 49 30 43 43
0775_0026_0017_0064_0064.jpg 1 26 17 64 64
0776_0019_0023_0058_0058.jpg 1 19 23 58 58
0777_0032_0042_0041_0041.jpg 1 32 42 41 41
0778_0004_0013_0069_0069.jpg 1 4 13 69 69
0779_0010_0034_0039_0039.jpg 1 10 34 39 39
0780_0007_0017_0036_0036.jpg 1 7 17 36 36
0781_0044_0024_0042_0042.jpg 1 44 24 42 42
0782_0007_0033_0044_0044.jpg 1 7 33 44 44
0783_0021_0036_0046_0046.jpg 1 21 36 46 46
0784_0013_0022_0028_0028.jpg 1 13 22 28 28
0785_0010_0021_0055_0055.jpg 1 10 21 55 55
0786_0023_0059_0027_0027.jpg 1 23 59 27 27
0787_0014_0011_0025_0025.jpg 1 14 11 25 25
0788_0020_0023_0067_0067.jpg 1 20 23 67 67
0789_0027_0023_0037_0037.jpg 1 27 23 37 37
0790_0046_0017_0039_0039.jpg 1 46 17 39 39
0791_0027_0040_0049_0049.jpg 1 27 40 49 49
0792_0034_0036_0050_0050.jpg 1 34 36 50 50
0793_0015_0017_0054_0054.jpg 1 15 17 54 54
0794_0032_0014_0030_0030.jpg 1 32 14 30 30
0795_0014_0031_0055_0055.jpg 1 14 31 55 55
0796_0032_0022_0041_0041.jpg 1 32 22 41 41
0797_0007_0046_0028_0028.jpg 1 7 46 28 28
0798_0030_0049_0041_0041.jpg 1 30 49 41 41
0799_0023_0032_0053_0053.jpg 1 23 32 53 53
0800_0029_0035_0040_0040.jpg 1 29 35 40 40
0801_0043_0028_0030_0030.jpg 1 43 28 30 30
0802_0023_0029_0066_0066.jpg 1 23 29 66 66
0803_0020_0030_0057_0057.jpg 1 20 30 57 57
0804_0031_0027_0035_0035.jpg 1 31 27 35 35
0805_0029_0026_0062_0062.jpg 1 29 26 62 62
0806_0039_0047_0046_0046.jpg 1 39 47 46 46
0807_0019_0014_0056_0056.jpg 1 19 14 56 56
0808_0019_0012_0057_0057.jpg 1 19 12 57 57
0809_0023_0035_0046_0046.jpg 1 23 35 46 46
0810_0024_0033_0038_0038.jpg 1 24 33 38 38
0811_0011_0025_0029_0029.jpg 1 11 25 29 29
0812_0034_0030_0032_0032.jpg 1 34 30 32 32
0813_0015_0010_0063_0063.jpg 1 15 10 63 63
0814_0025_0012_0027_0027.jpg 1 25 12 27 27
0815_0032_0027_0046_0046.jpg 1 32 27 46 46
0816_0032_0049_0036_0036.jpg 1 32 49 36 36
0817_0034_0027_0033_0033.jpg 1 34 27 33 33
0818_0020_0022_0024_0024.jpg 1 20 22 24 24
0819_0011_0045_0043_0043.jpg 1 11 45 43 43
0820_0036_0028_0058_0058.jpg 1 36 28 58 58
0821_0038_0014_0026_0026.jpg 1 38 14 26 26
0822_0040_0005_0042_0042.jpg 1 40 5 42 42
0823_0025_0027_0053_0053.jpg 1 25 27 53 53
0824_0024_0031_0064_0064.jpg 1 24 31 64 64
0825_0025_0016_0027_0027.jpg 1 25 16 27 27
0826_0055_0047_0037_0037.jpg 1 55 47 37 37
0827_0018_0013_0067_0067.jpg 1 18 13 67 67
0828_0027_0031_0039_0039.jpg 1 27 31 39 39
0829_0035_0007_0048_0048.jpg 1 35 7 48 48
0830_0040_0014_0040_0040.jpg 1 40 14 40 40
0831_0066_0013_0025_0025.jpg 1 66 13 25 25
0832_0025_0041_0042_0042.jpg 1 25 41 42 42
0833_0020_0033_0051_0051.jpg 1 20 33 51 51
0834_0008_0039_0026_0026.jpg 1 8 39 26 26
0835_0012_0019_0061_0061.jpg 1 12 19 61 61
0836_0027_0041_0044_0044.jpg 1 27 41 44 44
0837_0021_0049_0041_0041.jpg 1 21 49 41 41
0838_0010_0022_0057_0057.jpg 1 10 22 57 57
0839_0018_0024_0063_0063.jpg 1 18 24 63 63
0840_0036_0016_0057_0057.jpg 1 36 16 57 57
0841_0021_0041_0034_0034.jpg 1 21 41 34 34
0842_0041_0009_0052_0052.jpg 1 41 9 52 52
0843_0008_0019_0057_0057.jpg 1 8 19 57 57
0844_0011_0045_0034_0034.jpg 1 11 45 34 34
0845_0024_0009_0066_0066.jpg 1 24 9 66 66
0846_0018_0022_0063_0063.jpg 1 18 22 63 63
0847_0017_0043_0046_0046.jpg 1 17 43 46 46
0848_0026_0051_0042_0042.jpg 1 26 51 42 42
0849_0020_0034_0059_0059.jpg 1 20 34 59 59
0850_0025_0041_0044_0044.jpg 1 25 41 44 44
0851_0064_0057_0026_0026.jpg 1 64 57 26 26
0852_0042_0052_0040_0040.jpg 1 42 52 40 40
0853_0034_0007_0055_0055.jpg 1 34 7 55 55
0854_0020_0012_0049_0049.jpg 1 20 12 49 49
0855_0049_0052_0031_0031.jpg 1 49 52 31 31
0856_0027_0008_0063_0063.jpg 1 27 8 63 63
0857_0011_0023_0065_0065.jpg 1 11 23 65 65
0858_0016_0020_0025_0025.jpg 1 16 20 25 25
0859_0033_0011_0059_0059.jpg 1 33 11 59 59
0860_0052_0044_0034_0034.jpg 1 52 44 34 34
0861_0047_0025_0025_0025.jpg 1 47 25 25 25
0862_0030_0022_0032_0032.jpg 1 30 22 32 32
0863_0018_0054_0037_0037.jpg 1 18 54 37 37
0864_0030_0022_0063_0063.jpg 1 30 22 63 63
0865_0018_0007_0058_0058.jpg 1 18 7 58 58
0866_0005_0035_0055_0055.jpg 1 5 35 55 55
0867_0013_0031_0062_0062.jpg 1 13 31 62 62
0868_0014_0003_0069_0069.jpg 1 14 3 69 69
0869_0030_0017_0031_0031.jpg 1 30 17 31 31
0870_0014_0033_0045_0045.jpg 1 14 33 45 45
0871_0022_0006_0067_0067.jpg 1 22 6 67 67
0872_0004_0009_0056_0056.jpg 1 4 9 56 56
0873_0012_0029_0066_0066.jpg 1 12 29 66 66
0874_0004_0004_0067_0067.jpg 1 4 4 67 67
0875_0039_0020_0038_0038.jpg 1 39 20 38 38
0876_0030_0007_0030_0030.jpg 1 30 7 30 30
0877_0022_0011_0043_0043.jpg 1 22 11 43 43
0878_0025_0017_0026_0026.jpg 1 25 17 26 26
0879_0020_0017_0068_0068.jpg 1 20 17 68 68
0880_0035_0018_0040_0040.jpg 1 35 18 40 40
0881_0032_0017_0056_0056.jpg 1 32 17 56 56
0882_0018_0036_0047_0047.jpg 1 18 36 47 47
0883_0018_0016_0061_0061.jpg 1 18 16 61 61
0884_0048_0024_0033_0033.jpg 1 48 24 33 33
0885_0024_0038_0047_0047.jpg 1 24 38 47 47
0886_0016_0014_0048_0048.jpg 1 16 14 48 48
0887_0043_0049_0026_0026.jpg 1 43 49 26 26
0888_0024_0037_0045_0045.jpg 1 24 37 45 45
0889_0021_0031_0054_0054.jpg 1 21 31 54 54
0890_0026_0009_0064_0064.jpg 1 26 9 64 64
0891_0033_0036_0059_0059.jpg 1 33 36 59 59
0892_0018_0009_0062_0062.jpg 1 18 9 62 62
0893_0043_0019_0032_0032.jpg 1 43 19 32 32
0894_0010_0011_0040_0040.jpg 1 10 11 40 40
0895_0012_0011_0055_0055.jpg 1 12 11 55 55
0896_0050_0017_0027_0027.jpg 1 50 17 27 27
0897_0022_0022_0066_0066.jpg 1 22 22 66 66
0898_0025_0015_0045_0045.jpg 1 25 15 45 45
0899_0033_0009_0043_0043.jpg 1 33 9 43 43
0900_0014_0013_0060_0060.jpg 1 14 13 60 60
0901_0020_0036_0034_0034.jpg 1 20 36 34 34
0902_0043_0013_0038_0038.jpg 1 43 13 38 38
0903_0031_0027_0064_0064.jpg 1 31 27 64 64
0904_0012_0019_0060_0060.jpg 1 12 19 60 60
0905_0041_0053_0033_0033.jpg 1 41 53 33 33
0906_0024_0027_0068_0068.jpg 1 24 27 68 68
0907_0029_0014_0063_0063.jpg 1 29 14 63 63
0908_0041_0014_0039_0039.jpg 1 41 14 39 39
0909_0007_0022_0058_0058.jpg 1 7 22 58 58
0910_0024_0021_0060_0060.jpg 1 24 21 60 60
0911_0007_0049_0043_0043.jpg 1 7 49 43 43
0912_0039_0023_0041_0041.jpg 1 39 23 41 41
0913_0006_0012_0061_0061.jpg 1 6 12 61 61
0914_0042_0033_0033_0033.jpg 1 42 33 33 33
0915_0018_0003_0068_0068.jpg 1 18 3 68 68
0916_0009_0022_0056_0056.jpg 1 9 22 56 56
0917_0035_0009_0045_0045.jpg 1 35 9 45 45
0918_0054_0021_0024_0024.jpg 1 54 21 24 24
0919_0036_0018_0053_0053.jpg 1 36 18 53 53
0920_0007_0019_0066_0066.jpg 1 7 19 66 66
0921_0025_0018_0061_0061.jpg 1 25 18 61 61
0922_0026_0022_0032_0032.jpg 1 26 22 32 32
0923_0023_0018_0032_0032.jpg 1 23 18 32 32
0924_0021_0006_0059_0059.jpg 1 21 6 59 59
0925_0040_0044_0028_0028.jpg 1 40 44 28 28
0926_0055_0052_0027_0027.jpg 1 55 52 27 27
0927_0027_0021_0047_0047.jpg 1 27 21 47 47
0928_0021_0045_0041_0041.jpg 1 21 45 41 41
0929_0026_0045_0037_0037.jpg 1 26 45 37 37
0930_0026_0008_0057_0057.jpg 1 26 8 57 57
0931_0037_0016_0055_0055.jpg 1 37 16 55 55
0932_0023_0029_0052_0052.jpg 1 23 29 52 52
0933_0013_0013_0064_0064.jpg 1 13 13 64 64
0934_0015_0029_0053_0053.jpg 1 15 29 53 53
0935_0014_0015_0059_0059.jpg 1 14 15 59 59
0936_0048_0012_0043_0043.jpg 1 48 12 43 43
0937_0030_0032_0038_0038.jpg 1 30 32 38 38
0938_0011_0034_0034_0034.jpg 1 11 34 34 34
0939_0032_0011_0064_0064.jpg 1 32 11 64 64
0940_0049_0037_0028_0028.jpg 1 49 37 28 28
0941_0009_0031_0049_0049.jpg 1 9 31 49 49
0942_0014_0035_0060_0060.jpg 1 14 35 60 60
0943_0008_0009_0057_0057.jpg 1 8 9 57 57
0944_0033_0009_0049_0049.jpg 1 33 9 49 49
0945_0050_0058_0032_0032.jpg 1 50 58 32 32
0946_0005_0011_0067_0067.jpg 1 5 11 67 67
0947_0020_0019_0061_0061.jpg 1 20 19 61 61
0948_0027_0028_0057_0057.jpg 1 27 28 57 57
0949_0008_0025_0067_0067.jpg 1 8 25 67 67
0950_0026_0025_0069_0069.jpg 1 26 25 69 69
0951_0029_0024_0063_0063.jpg 1 29 24 63 63
0952_0030_0009_0060_0060.jpg 1 30 9 60 60
0953_0026_0016_0069_0069.jpg 1 26 16 69 69
0954_0049_0013_0043_0043.jpg 1 49 13 43 43
0955_0011_0032_0059_0059.jpg 1 11 32 59 59
0956_0019_0017_0037_0037.jpg 1 19 17 37 37
0957_0014_0055_0032_0032.jpg 1 14 55 32 32
0958_0025_0062_0025_0025.jpg 1 25 62 25 25
0959_0017_0010_0064_0064.jpg 1 17 10 64 64
0960_0034_0021_0037_0037.jpg 1 34 21 37 37
0961_0024_0045_0042_0042.jpg 1 24 45 42 42
0962_0043_0050_0025_0025.jpg 1 43 50 25 25
0963_0033_0031_0024_0024.jpg 1 33 31 24 24
0964_0032_0011_0049_0049.jpg 1 32 11 49 49
0965_0036_0015_0055_0055.jpg 1 36 15 55 55
0966_0050_0050_0043_0043.jpg 1 50 50 43 43
0967_0015_0027_0069_0069.jpg 1 15 27 69 69
0968_0008_0007_0066_0066.jpg 1 8 7 66 66
0969_0023_0008_0056_0056.jpg 1 23 8 56 56
0970_0042_0041_0038_0038.jpg 1 42 41 38 38
0971_0040_0033_0046_0046.jpg 1 40 33 46 46
0972_0010_0052_0028_0028.jpg 1 10 52 28 28
0973_0032_0032_0060_0060.jpg 1 32 32 60 60
0974_0006_0030_0052_0052.jpg 1 6 30 52 52
0975_0005_0024_0060_0060.jpg 1 5 24 60 60
0976_0006_0046_0045_0045.jpg 1 6 46 45 45
0977_0027_0015_0042_0042.jpg 1 27 15 42 42
0978_0013_0032_0058_0058.jpg 1 13 32 58 58
0979_0034_0013_0060_0060.jpg 1 34 13 60 60
0980_0038_0032_0047_0047.jpg 1 38 32 47 47
0981_0019_0025_0064_0064.jpg 1 19 25 64 64
0982_0011_0025_0063_0063.jpg 1 11 25 63 63
0983_0028_0032_0041_0041.jpg 1 28 32 41 41
0984_0008_0010_0036_0036.jpg 1 8 10 36 36
0985_0034_0020_0043_0043.jpg 1 34 20 43 43
0986_0028_0031_0025_0025.jpg 1 28 31 25 25
0987_0041_0046_0044_0044.jpg 1 41 46 44 44
0988_0047_0038_0039_0039.jpg 1 47 38 39 39
0989_0040_0010_0045_0045.jpg 1 40 10 45 45
0990_0012_0034_0062_0062.jpg 1 12 34 62 62
0991_0020_0028_0040_0040.jpg 1 20 28 40 40
0992_0042_0038_0035_0035.jpg 1 42 38 35 35
0993_0042_0034_0043_0043.jpg 1 42 34 43 43
0994_0010_0027_0053_0053.jpg 1 10 27 53 53
0995_0023_0062_0026_0026.jpg 1 23 62 26 26
0996_0039_0046_0035_0035.jpg 1 39 46 35 35
0997_0026_0027_0063_0063.jpg 1 26 27 63 63
0998_0031_0052_0034_0034.jpg 1 31 52 34 34
0999_0022_0012_0048_0048.jpg 1 22 12 48 48
1000_0016_0051_0039_0039.jpg 1 16 51 39 39
1001_0017_0020_0063_0063.jpg 1 17 20 63 63
1002_0014_0009_0057_0057.jpg 1 14 9 57 57
1003_0020_0036_0037_0037.jpg 1 20 36 37 37
1004_0025_0017_0050_0050.jpg 1 25 17 50 50
1005_0034_0024_0044_0044.jpg 1 34 24 44 44
1006_0057_0056_0029_0029.jpg 1 57 56 29 29
1007_0023_0005_0048_0048.jpg 1 23 5 48 48
1008_0011_0034_0059_0059.jpg 1 11 34 59 59
1009_0037_0008_0043_0043.jpg 1 37 8 43 43
1010_0047_0008_0043_0043.jpg 1 47 8 43 43
1011_0040_0033_0035_0035.jpg 1 40 33 35 35
1012_0025_0011_0037_0037.jpg 1 25 11 37 37
1013_0035_0036_0047_0047.jpg 1 35 36 47 47
1014_0033_0042_0034_0034.jpg 1 33 42 34 34
1015_0019_0038_0030_0030.jpg 1 19 38 30 30
1016_0005_0028_0067_0067.jpg 1 5 28 67 67
1017_0051_0040_0033_0033.jpg 1 51 40 33 33
1018_0008_0016_0068_0068.jpg 1 8 16 68 68
1019_0009_0018_0044_0044.jpg 1 9 18 44 44
1020_0019_0013_0068_0068.jpg 1 19 13 68 68
1021_0033_0042_0025_0025.jpg 1 33 42 25 25
1022_0007_0025_0068_0068.jpg 1 7 25 68 68
1023_0021_0007_0043_0043.jpg 1 21 7 43 43
1024_0019_0013_0060_0060.jpg 1 19 13 60 60
1025_0032_0007_0049_0049.jpg 1 32 7 49 49
1026_0005_0021_0061_0061.jpg 1 5 21 61 61
1027_0012_0004_0057_0057.jpg 1 12 4 57 57
1028_0053_0020_0040_0040.jpg 1 53 20 40 40
1029_0034_0022_0043_0043.jpg 1 34 22 43 43
1030_0038_0016_0053_0053.jpg 1 38 16 53 53
1031_0006_0027_0054_0054.jpg 1 6 27 54 54
1032_0014_0018_0042_0042.jpg 1 14 18 42 42
1033_0032_0015_0050_0050.jpg 1 32 15 50 50
1034_0033_0028_0057_0057.jpg 1 33 28 57 57
1035_0046_0036_0029_0029.jpg 1 46 36 29 29
1036_0010_0033_0028_0028.jpg 1 10 33 28 28
1037_0017_0005_0063_0063.jpg 1 17 5 63 63
1038_0042_0021_0052_0052.jpg 1 42 21 52 52
1039_0063_0022_0027_0027.jpg 1 63 22 27 27
1040_0020_0019_0060_0060.jpg 1 20 19 60 60
1041_0029_0016_0045_0045.jpg 1 29 16 45 45
1042_0030_0030_0066_0066.jpg 1 30 30 66 66
1043_0020_0036_0032_0032.jpg 1 20 36 32 32
1044_0010_0009_0062_0062.jpg 1 10 9 62 62
1045_0032_0018_0063_0063.jpg 1 32 18 63 63
1046_0035_0010_0039_0039.jpg 1 35 10 39 39
1047_0018_0062_0029_0029.jpg 1 18 62 29 29
1048_0031_0035_0032_0032.jpg 1 31 35 32 32
1049_0010_0016_0050_0050.jpg 1 10 16 50 50
1050_0044_0013_0025_0025.jpg 1 44 13 25 25
1051_0010_0030_0042_0042.jpg 1 10 30 42 42
1052_0041_0045_0035_0035.jpg 1 41 45 35 35
1053_0037_0037_0031_0031.jpg 1 37 37 31 31
1054_0007_0028_0030_0030.jpg 1 7 28 30 30
1055_0019_0019_0068_0068.jpg 1 19 19 68 68
1056_0033_0010_0045_0045.jpg 1 33 10 45 45
1057_0017_0034_0036_0036.jpg 1 17 34 36 36
1058_0027_0007_0057_0057.jpg 1 27 7 57 57
1059_0043_0063_0026_0026.jpg 1 43 63 26 26
1060_0022_0010_0069_0069.jpg 1 22 10 69 69
1061_0049_0026_0043_0043.jpg 1 49 26 43 43
1062_0010_0024_0042_0042.jpg 1 10 24 42 42
1063_0019_0015_0046_0046.jpg 1 19 15 46 46
1064_0037_0059_0026_0026.jpg 1 37 59 26 26
1065_0007_0012_0060_0060.jpg 1 7 12 60 60
1066_0016_0042_0044_0044.jpg 1 16 42 44 44
1067_0052_0027_0039_0039.jpg 1 52 27 39 39
1068_0032_0009_0043_0043.jpg 1 32 9 43 43
1069_0013_0005_0064_0064.jpg 1 13 5 64 64
1070_0031_0021_0048_0048.jpg 1 31 21 48 48
1071_0016_0009_0045_0045.jpg 1 16 9 45 45
1072_0010_0047_0045_0045.jpg 1 10 47 45 45
1073_0033_0023_0059_0059.jpg 1 33 23 59 59
1074_0047_0011_0038_0038.jpg 1 47 11 38 38
1075_0004_0020_0067_0067.jpg 1 4 20 67 67
1076_0012_0051_0042_0042.jpg 1 12 51 42 42
1077_0008_0019_0030_0030.jpg 1 8 19 30 30
1078_0023_0034_0057_0057.jpg 1 23 34 57 57
1079_0041_0018_0026_0026.jpg 1 41 18 26 26
1080_0030_0032_0053_0053.jpg 1 30 32 53 53
1081_0017_0030_0051_0051.jpg 1 17 30 51 51
1082_0015_0030_0058_0058.jpg 1 15 30 58 58
1083_0016_0010_0050_0050.jpg 1 16 10 50 50
1084_0009_0005_0057_0057.jpg 1 9 5 57 57
1085_0008_0036_0029_0029.jpg 1 8 36 29 29
1086_0043_0056_0033_0033.jpg 1 43 56 33 33
1087_0025_0019_0067_0067.jpg 1 25 19 67 67
1088_0007_0021_0041_0041.jpg 1 7 21 41 41
1089_0019_0016_0063_0063.jpg 1 19 16 63 63
1090_0040_0006_0041_0041.jpg 1 40 6 41 41
1091_0033_0029_0060_0060.jpg 1 33 29 60 60
1092_0022_0030_0041_0041.jpg 1 22 30 41 41
1093_0015_0028_0061_0061.jpg 1 15 28 61 61
1094_0025_0043_0049_0049.jpg 1 25 43 49 49
1095_0032_0044_0029_0029.jpg 1 32 44 29 29
1096_0059_0032_0025_0025.jpg 1 59 32 25 25
1097_0017_0028_0061_0061.jpg 1 17 28 61 61
1098_0056_0025_0029_0029.jpg 1 56 25 29 29
1099_0008_0026_0068_0068.jpg 1 8 26 68 68
1100_0012_0010_0060_0060.jpg 1 12 10 60 60
1101_0043_0039_0035_0035.jpg 1 43 39 35 35
1102_0024_0015_0067_0067.jpg 1 24 15 67 67
1103_0027_0021_0031_0031.jpg 1 27 21 31 31
1104_0006_0029_0051_0051.jpg 1 6 29 51 51
1105_0029_0047_0042_0042.jpg 1 29 47 42 42
1106_0019_0045_0049_0049.jpg 1 19 45 49 49
1107_0037_0038_0054_0054.jpg 1 37 38 54 54
1108_0022_0040_0045_0045.jpg 1 22 40 45 45
1109_0007_0023_0056_0056.jpg 1 7 23 56 56
1110_0029_0028_0065_0065.jpg 1 29 28 65 65
1111_0016_0020_0065_0065.jpg 1 16 20 65 65
1112_0011_0008_0065_0065.jpg 1 11 8 65 65
1113_0044_0014_0046_0046.jpg 1 44 14 46 46
1114_0023_0025_0043_0043.jpg 1 23 25 43 43
1115_0016_0008_0052_0052.jpg 1 16 8 52 52
1116_0028_0026_0055_0055.jpg 1 28 26 55 55
1117_0028_0041_0028_0028.jpg 1 28 41 28 28
1118_0040_0028_0040_0040.jpg 1 40 28 40 40
1119_0035_0011_0053_0053.jpg 1 35 11 53 53
1120_0011_0007_0026_0026.jpg 1 11 7 26 26
1121_0030_0025_0045_0045.jpg 1 30 25 45 45
1122_0048_0023_0033_0033.jpg 1 48 23 33 33
1123_0031_0042_0044_0044.jpg 1 31 42 44 44
1124_0020_0016_0060_0060.jpg 1 20 16 60 60
1125_0033_0029_0053_0053.jpg 1 33 29 53 53
1126_0020_0028_0059_0059.jpg 1 20 28 59 59
1127_0011_0008_0069_0069.jpg 1 11 8 69 69
1128_0011_0029_0067_0067.jpg 1 11 29 67 67
1129_0028_0023_0045_0045.jpg 1 28 23 45 45
1130_0025_0022_0060_0060.jpg 1 25 22 60 60
1131_0019_0017_0051_0051.jpg 1 19 17 51 51
1132_0011_0031_0042_0042.jpg 1 11 31 42 42
1133_0004_0025_0069_0069.jpg 1 4 25 69 69
1134_0016_0034_0041_0041.jpg 1 16 34 41 41
1135_0025_0015_0030_0030.jpg 1 25 15 30 30
1136_0008_0027_0060_0060.jpg 1 8 27 60 60
1137_0031_0041_0040_0040.jpg 1 31 41 40 40
1138_0038_0051_0027_0027.jpg 1 38 51 27 27
1139_0009_0036_0054_0054.jpg 1 9 36 54 54
1140_0057_0063_0028_0028.jpg 1 57 63 28 28
1141_0052_0033_0041_0041.jpg 1 52 33 41 41
1142_0003_0019_0065_0065.jpg 1 3 19 65 65
1143_0035_0037_0056_0056.jpg 1 35 37 56 56
1144_0022_0034_0055_0055.jpg 1 22 34 55 55
1145_0035_0012_0057_0057.jpg 1 35 12 57 57
1146_0028_0030_0062_0062.jpg 1 28 30 62 62
1147_0017_0045_0041_0041.jpg 1 17 45 41 41
1148_0012_0021_0027_0027.jpg 1 12 21 27 27
1149_0013_0035_0038_0038.jpg 1 13 35 38 38
1150_0016_0036_0045_0045.jpg 1 16 36 45 45
1151_0037_0031_0047_0047.jpg 1 37 31 47 47
1152_0016_0034_0049_0049.jpg 1 16 34 49 49
1153_0011_0023_0024_0024.jpg 1 11 23 24 24
1154_0027_0028_0063_0063.jpg 1 27 28 63 63
1155_0004_0009_0060_0060.jpg 1 4 9 60 60
1156_0009_0041_0050_0050.jpg 1 9 41 50 50
1157_0050_0016_0038_0038.jpg 1 50 16 38 38
1158_0018_0060_0029_0029.jpg 1 18 60 29 29
1159_0008_0020_0060_0060.jpg 1 8 20 60 60
1160_0019_0013_0066_0066.jpg 1 19 13 66 66
1161_0023_0004_0058_0058.jpg 1 23 4 58 58
1162_0026_0004_0055_0055.jpg 1 26 4 55 55
1163_0018_0010_0025_0025.jpg 1 18 10 25 25
1164_0027_0038_0028_0028.jpg 1 27 38 28 28
1165_0006_0010_0055_0055.jpg 1 6 10 55 55
1166_0028_0013_0059_0059.jpg 1 28 13 59 59
1167_0034_0021_0024_0024.jpg 1 34 21 24 24
1168_0042_0011_0037_0037.jpg 1 42 11 37 37
1169_0028_0020_0060_0060.jpg 1 28 20 60 60
1170_0043_0015_0048_0048.jpg 1 43 15 48 48
1171_0034_0033_0047_0047.jpg 1 34 33 47 47
1172_0018_0050_0038_0038.jpg 1 18 50 38 38
1173_0027_0025_0064_0064.jpg 1 27 25 64 64
1174_0013_0032_0038_0038.jpg 1 13 32 38 38
1175_0023_0011_0069_0069.jpg 1 23 11 69 69
1176_0027_0016_0049_0049.jpg 1 27 16 49 49
1177_0006_0019_0049_0049.jpg 1 6 19 49 49
1178_0032_0015_0062_0062.jpg 1 32 15 62 62
1179_0018_0031_0047_0047.jpg 1 18 31 47 47
1180_0023_0017_0048_0048.jpg 1 23 17 48 48
1181_0036_0015_0039_0039.jpg 1 36 15 39 39
1182_0027_0009_0053_0053.jpg 1 27 9 53 53
1183_0022_0030_0050_0050.jpg 1 22 30 50 50
1184_0017_0010_0034_0034.jpg 1 17 10 34 34
1185_0020_0012_0031_0031.jpg 1 20 12 31 31
1186_0019_0012_0061_0061.jpg 1 19 12 61 61
1187_0019_0015_0028_0028.jpg 1 19 15 28 28
1188_0039_0019_0053_0053.jpg 1 39 19 53 53
1189_0030_0027_0050_0050.jpg 1 30 27 50 50
1190_0064_0041_0024_0024.jpg 1 64 41 24 24
1191_0016_0012_0046_0046.jpg 1 16 12 46 46
1192_0022_0019_0067_0067.jpg 1 22 19 67 67
1193_0027_0020_0064_0064.jpg 1 27 20 64 64
1194_0006_0025_0064_0064.jpg 1 6 25 64 64
1195_0029_0025_0055_0055.jpg 1 29 25 55 55
1196_0030_0034_0060_0060.jpg 1 30 34 60 60
1197_0058_0043_0035_0035.jpg 1 58 43 35 35
1198_0024_0011_0034_0034.jpg 1 24 11 34 34
1199_0020_0009_0062_0062.jpg 1 20 9 62 62
1200_0012_0065_0025_0025.jpg 1 12 65 25 25
1201_0038_0036_0044_0044.jpg 1 38 36 44 44
1202_0026_0009_0063_0063.jpg 1 26 9 63 63
1203_0020_0030_0064_0064.jpg 1 20 30 64 64
1204_0013_0050_0029_0029.jpg 1 13 50 29 29
1205_0022_0027_0063_0063.jpg 1 22 27 63 63
1206_0018_0031_0056_0056.jpg 1 18 31 56 56
1207_0022_0025_0066_0066.jpg 1 22 25 66 66
1208_0022_0007_0061_0061.jpg 1 22 7 61 61
1209_0020_0034_0059_0059.jpg 1 20 34 59 59
1210_0048_0035_0027_0027.jpg 1 48 35 27 27
1211_0010_0025_0058_0058.jpg 1 10 25 58 58
1212_0030_0019_0024_0024.jpg 1 30 19 24 24
1213_0010_0006_0051_0051.jpg 1 10 6 51 51
1214_0022_0022_0063_0063.jpg 1 22 22 63 63
1215_0025_0023_0060_0060.jpg 1 25 23 60 60
1216_0012_0006_0057_0057.jpg 1 12 6 57 57
1217_0045_0026_0027_0027.jpg 1 45 26 27 27
1218_0025_0033_0059_0059.jpg 1 25 33 59 59
1219_0009_0007_0062_0062.jpg 1 9 7 62 62
1220_0009_0020_0037_0037.jpg 1 9 20 37 37
1221_0027_0030_0041_0041.jpg 1 27 30 41 41
1222_0047_0044_0039_0039.jpg 1 47 44 39 39
1223_0066_0030_0026_0026.jpg 1 66 30 26 26
1224_0016_0014_0026_0026.jpg 1 16 14 26 26
1225_0019_0024_0064_0064.jpg 1 19 24 64 64
1226_0020_0024_0044_0044.jpg 1 20 24 44 44
1227_0014_0020_0047_0047.jpg 1 14 20 47 47
1228_0004_0027_0068_0068.jpg 1 4 27 68 68
1229_0018_0016_0063_0063.jpg 1 18 16 63 63
1230_0006_0020_0041_0041.jpg 1 6 20 41 41
1231_0022_0035_0058_0058.jpg 1 22 35 58 58
1232_0010_0019_0045_0045.jpg 1 10 19 45 45
1233_0019_0053_0034_0034.jpg 1 19 53 34 34
1234_0047_0030_0031_0031.jpg 1 47 30 31 31
1235_0007_0037_0049_0049.jpg 1 7 37 49 49
1236_0015_0041_0048_0048.jpg 1 15 41 48 48
1237_0008_0004_0068_0068.jpg 1 8 4 68 68
1238_0041_0046_0038_0038.jpg 1 41 46 38 38
1239_0044_0017_0032_0032.jpg 1 44 17 32 32
1240_0032_0012_0048_0048.jpg 1 32 12 48 48
1241_0015_0007_0068_0068.jpg 1 15 7 68 68
1242_0028_0022_0063_0063.jpg 1 28 22 63 63
1243_0006_0006_0060_0060.jpg 1 6 6 60 60
1244_0015_0018_0067_0067.jpg 1 15 18 67 67
1245_0044_0039_0042_0042.jpg 1 44 39 42 42
1246_0022_0006_0061_0061.jpg 1 22 6 61 61
1247_0026_0021_0052_0052.jpg 1 26 21 52 52
1248_0019_0035_0024_0024.jpg 1 19 35 24 24
1249_0041_0043_0043_0043.jpg 1 41 43 43 43
1250_0018_0007_0065_0065.jpg 1 18 7 65 65
1251_0040_0041_0037_0037.jpg 1 40 41 37 37
1252_0013_0022_0044_0044.jpg 1 13 22 44 44
1253_0008_0004_0063_0063.jpg 1 8 4 63 63
1254_0009_0012_0069_0069.jpg 1 9 12 69 69
1255_0017_0028_0050_0050.jpg 1 17 28 50 50
1256_0032_0048_0043_0043.jpg 1 32 48 43 43
1257_0020_0022_0069_0069.jpg 1 20 22 69 69
1258_0046_0030_0028_0028.jpg 1 46 30 28 28
1259_0024_0029_0049_0049.jpg 1 24 29 49 49
1260_0035_0038_0056_0056.jpg 1 35 38 56 56
1261_0015_0030_0062_0062.jpg 1 15 30 62 62
1262_0018_0024_0039_0039.jpg 1 18 24 39 39
1263_0021_0014_0063_0063.jpg 1 21 14 63 63
1264_0018_0014_0060_0060.jpg 1 18 14 60 60
1265_0007_0022_0060_0060.jpg 1 7 22 60 60
1266_0045_0030_0040_0040.jpg 1 45 30 40 40
1267_0005_0020_0062_0062.jpg 1 5 20 62 62
1268_0034_0043_0043_0043.jpg 1 34 43 43 43
1269_0037_0007_0057_0057.jpg 1 37 7 57 57
1270_0011_0009_0069_0069.jpg 1 11 9 69 69
1271_0014_0011_0055_0055.jpg 1 14 11 55 55
1272_0027_0020_0055_0055.jpg 1 27 20 55 55
1273_0015_0003_0065_0065.jpg 1 15 3 65 65
1274_0016_0060_0027_0027.jpg 1 16 60 27 27
1275_0021_0021_0041_0041.jpg 1 21 21 41 41
1276_0020_0058_0034_0034.jpg 1 20 58 34 34
1277_0010_0014_0060_0060.jpg 1 10 14 60 60
1278_0019_0006_0069_0069.jpg 1 19 6 69 69
1279_0045_0018_0030_0030.jpg 1 45 18 30 30
1280_0024_0010_0027_0027.jpg 1 24 10 27 27
1281_0029_0043_0046_0046.jpg 1 29 43 46 46
1282_0017_0019_0045_0045.jpg 1 17 19 45 45
1283_0025_0040_0042_0042.jpg 1 25 40 42 42
1284_0047_0059_0032_0032.jpg 1 47 59 32 32
1285_0044_0044_0048_0048.jpg 1 44 44 48 48
1286_0031_0042_0051_0051.jpg 1 31 42 51 51
1287_0014_0030_0028_0028.jpg 1 14 30 28 28
1288_0027_0022_0037_0037.jpg 1 27 22 37 37
1289_0024_0025_0066_0066.jpg 1 24 25 66 66
1290_0049_0042_0038_0038.jpg 1 49 42 38 38
1291_0005_0032_0059_0059.jpg 1 5 32 59 59
1292_0037_0006_0043_0043.jpg 1 37 6 43 43
1293_0049_0019_0039_0039.jpg 1 49 19 39 39
1294_0029_0009_0057_0057.jpg 1 29 9 57 57
1295_0041_0014_0053_0053.jpg 1 41 14 53 53
1296_0040_0034_0032_0032.jpg 1 40 34 32 32
1297_0026_0011_0067_0067.jpg 1 26 11 67 67
1298_0012_0055_0028_0028.jpg 1 12 55 28 28
1299_0025_0003_0066_0066.jpg 1 25 3 66 66
1300_0026_0028_0038_0038.jpg 1 26 28 38 38
1301_0024_0004_0059_0059.jpg 1 24 4 59 59
1302_0025_0026_0059_0059.jpg 1 25 26 59 59
1303_0019_0047_0043_0043.jpg 1 19 47 43 43
1304_0024_0020_0042_0042.jpg 1 24 20 42 42
1305_0028_0028_0041_0041.jpg 1 28 28 41 41
1306_0029_0044_0043_0043.jpg 1 29 44 43 43
1307_0014_0022_0047_0047.jpg 1 14 22 47 47
1308_0030_0020_0059_0059.jpg 1 30 20 59 59
1309_0028_0040_0038_0038.jpg 1 28 40 38 38
1310_0050_0056_0035_0035.jpg 1 50 56 35 35
1311_0029_0015_0064_0064.jpg 1 29 15 64 64
1312_0005_0006_0062_0062.jpg 1 5 6 62 62
1313_0022_0033_0027_0027.jpg 1 22 33 27 27
1314_0022_0025_0039_0039.jpg 1 22 25 39 39
1315_0020_0022_0056_0056.jpg 1 20 22 56 56
1316_0014_0019_0059_0059.jpg 1 14 19 59 59
1317_0031_0042_0048_0048.jpg 1 31 42 48 48
1318_0046_0008_0046_0046.jpg 1 46 8 46 46
1319_0026_0015_0058_0058.jpg 1 26 15 58 58
1320_0039_0043_0025_0025.jpg 1 39 43 25 25
1321_0038_0031_0036_0036.jpg 1 38 31 36 36
1322_0013_0003_0068_0068.jpg 1 13 3 68 68
1323_0024_0032_0058_0058.jpg 1 24 32 58 58
1324_0011_0014_0067_0067.jpg 1 11 14 67 67
1325_0043_0046_0045_0045.jpg 1 43 46 45 45
1326_0050_0029_0040_0040.jpg 1 50 29 40 40
1327_0034_0006_0039_0039.jpg 1 34 6 39 39
1328_0041_0021_0051_0051.jpg 1 41 21 51 51
1329_0036_0035_0056_0056.jpg 1 36 35 56 56
1330_0012_0056_0024_0024.jpg 1 12 56 24 24
1331_0015_0030_0066_0066.jpg 1 15 30 66 66
1332_0057_0007_0036_0036.jpg 1 57 7 36 36
1333_0029_0021_0064_0064.jpg 1 29 21 64 64
1334_0044_0007_0032_0032.jpg 1 44 7 32 32
1335_0055_0016_0029_0029.jpg 1 55 16 29 29
1336_0007_0029_0044_0044.jpg 1 7 29 44 44
1337_0019_0027_0039_0039.jpg 1 19 27 39 39
1338_0023_0009_0046_0046.jpg 1 23 9 46 46
1339_0034_0048_0046_0046.jpg 1 34 48 46 46
1340_0034_0006_0060_0060.jpg 1 34 6 60 60
1341_0007_0012_0049_0049.jpg 1 7 12 49 49
1342_0005_0024_0062_0062.jpg 1 5 24 62 62
1343_0016_0029_0040_0040.jpg 1 16 29 40 40
1344_0024_0011_0030_0030.jpg 1 24 11 30 30
1345_0028_0042_0045_0045.jpg 1 28 42 45 45
1346_0024_0018_0057_0057.jpg 1 24 18 57 57
1347_0010_0052_0030_0030.jpg 1 10 52 30 30
1348_0052_0054_0032_0032.jpg 1 52 54 32 32
1349_0027_0011_0067_0067.jpg 1 27 11 67 67
1350_0026_0035_0052_0052.jpg 1 26 35 52 52
1351_0031_0024_0036_0036.jpg 1 31 24 36 36
1352_0019_0004_0065_0065.jpg 1 19 4 65 65
1353_0032_0028_0029_0029.jpg 1 32 28 29 29
1354_0019_0013_0059_0059.jpg 1 19 13 59 59
1355_0018_0029_0058_0058.jpg 1 18 29 58 58
1356_0033_0010_0044_0044.jpg 1 33 10 44 44
1357_0015_0017_0029_0029.jpg 1 15 17 29 29
1358_0012_0024_0066_0066.jpg 1 12 24 66 66
1359_0010_0043_0035_0035.jpg 1 10 43 35 35
1360_0029_0027_0033_0033.jpg 1 29 27 33 33
1361_0038_0015_0049_0049.jpg 1 38 15 49 49
1362_0021_0007_0065_0065.jpg 1 21 7 65 65
1363_0006_0035_0050_0050.jpg 1 6 35 50 50
1364_0041_0031_0053_0053.jpg 1 41 31 53 53
1365_0042_0028_0031_0031.jpg 1 42 28 31 31
1366_0045_0009_0031_0031.jpg 1 45 9 31 31
1367_0033_0049_0037_0037.jpg 1 33 49 37 37
1368_0013_0019_0069_0069.jpg 1 13 19 69 69
1369_0020_0019_0064_0064.jpg 1 20 19 64 64
1370_0032_0006_0046_0046.jpg 1 32 6 46 46
1371_0009_0032_0025_0025.jpg 1 9 32 25 25
1372_0021_0013_0060_0060.jpg 1 21 13 60 60
1373_0037_0010_0041_0041.jpg 1 37 10 41 41
1374_0036_0043_0025_0025.jpg 1 36 43 25 25
1375_0017_0046_0042_0042.jpg 1 17 46 42 42
1376_0010_0030_0063_0063.jpg 1 10 30 63 63
1377_0026_0033_0053_0053.jpg 1 26 33 53 53
1378_0015_0005_0064_0064.jpg 1 15 5 64 64
1379_0027_0012_0065_0065.jpg 1 27 12 65 65
1380_0036_0016_0051_0051.jpg 1 36 16 51 51
1381_0035_0009_0047_0047.jpg 1 35 9 47 47
1382_0030_0014_0042_0042.jpg 1 30 14 42 42
1383_0009_0026_0049_0049.jpg 1 9 26 49 49
1384_0034_0030_0051_0051.jpg 1 34 30 51 51
1385_0006_0029_0048_0048.jpg 1 6 29 48 48
1386_0026_0014_0045_0045.jpg 1 26 14 45 45
1387_0044_0010_0047_0047.jpg 1 44 10 47 47
1388_0037_0054_0038_0038.jpg 1 37 54 38 38
1389_0004_0005_0063_0063.jpg 1 4 5 63 63
1390_0040_0032_0034_0034.jpg 1 40 32 34 34
1391_0014_0040_0046_0046.jpg 1 14 40 46 46
1392_0004_0003_0061_0061.jpg 1 4 3 61 61
1393_0016_0040_0034_0034.jpg 1 16 40 34 34
1394_0024_0014_0062_0062.jpg 1 24 14 62 62
1395_0003_0014_0066_0066.jpg 1 3 14 66 66
1396_0053_0009_0029_0029.jpg 1 53 9 29 29
1397_0015_0019_0042_0042.jpg 1 15 19 42 42
1398_0040_0028_0045_0045.jpg 1 40 28 45 45
1399_0042_0052_0025_0025.jpg 1 42 52 25 25
1400_0030_0018_0055_0055.jpg 1 30 18 55 55
1401_0011_0012_0035_0035.jpg 1 11 12 35 35
1402_0041_0035_0048_0048.jpg 1 41 35 48 48
1403_0036_0033_0051_0051.jpg 1 36 33 51 51
1404_0010_0006_0043_0043.jpg 1 10 6 43 43
1405_0014_0057_0024_0024.jpg 1 14 57 24 24
1406_0029_0019_0038_0038.jpg 1 29 19 38 38
1407_0007_0025_0039_0039.jpg 1 7 25 39 39
1408_0017_0019_0050_0050.jpg 1 17 19 50 50
1409_0028_0025_0062_0062.jpg 1 28 25 62 62
1410_0031_0042_0052_0052.jpg 1 31 42 52 52
1411_0010_0029_0050_0050.jpg 1 10 29 50 50
1412_0027_0029_0056_0056.jpg 1 27 29 56 56
1413_0054_0050_0024_0024.jpg 1 54 50 24 24
1414_0049_0031_0040_0040.jpg 1 49 31 40 40
1415_0021_0028_0038_0038.jpg 1 21 28 38 38
1416_0020_0041_0054_0054.jpg 1 20 41 54 54
1417_0018_0023_0065_0065.jpg 1 18 23 65 65
1418_0017_0016_0033_0033.jpg 1 17 16 33 33
1419_0030_0025_0029_0029.jpg 1 30 25 29 29
1420_0018_0015_0062_0062.jpg 1 18 15 62 62
1421_0008_0018_0047_0047.jpg 1 8 18 47 47
1422_0023_0003_0065_0065.jpg 1 23 3 65 65
1423_0006_0031_0056_0056.jpg 1 6 31 56 56
1424_0062_0027_0028_0028.jpg 1 62 27 28 28
1425_0063_0063_0024_0024.jpg 1 63 63 24 24
1426_0019_0025_0051_0051.jpg 1 19 25 51 51
1427_0020_0047_0038_0038.jpg 1 20 47 38 38
1428_0051_0042_0041_0041.jpg 1 51 42 41 41
1429_0012_0015_0036_0036.jpg 1 12 15 36 36
1430_0042_0032_0042_0042.jpg 1 42 32 42 42
1431_0017_0047_0030_0030.jpg 1 17 47 30 30
1432_0035_0032_0032_0032.jpg 1 35 32 32 32
1433_0006_0032_0057_0057.jpg 1 6 32 57 57
1434_0030_0010_0047_0047.jpg 1 30 10 47 47
1435_0017_0050_0037_0037.jpg 1 17 50 37 37
1436_0025_0009_0058_0058.jpg 1 25 9 58 58
1437_0026_0024_0066_0066.jpg 1 26 24 66 66
1438_0031_0019_0050_0050.jpg 1 31 19 50 50
1439_0051_0016_0032_0032.jpg 1 51 16 32 32
1440_0012_0013_0064_0064.jpg 1 12 13 64 64
1441_0008_0028_0045_0045.jpg 1 8 28 45 45
1442_0007_0034_0049_0049.jpg 1 7 34 49 49
1443_0020_0025_0036_0036.jpg 1 20 25 36 36
1444_0021_0017_0031_0031.jpg 1 21 17 31 31
1445_0043_0042_0041_0041.jpg 1 43 42 41 41
1446_0010_0017_0062_0062.jpg 1 10 17 62 62
1447_0016_0015_0056_0056.jpg 1 16 15 56 56
1448_0026_0019_0062_0062.jpg 1 26 19 62 62
1449_0036_0044_0025_0025.jpg 1 36 44 25 25
1450_0003_0020_0064_0064.jpg 1 3 20 64 64
1451_0037_0019_0029_0029.jpg 1 37 19 29 29
1452_0020_0017_0053_0053.jpg 1 20 17 53 53
1453_0036_0010_0042_0042.jpg 1 36 10 42 42
1454_0008_0005_0046_0046.jpg 1 8 5 46 46
1455_0034_0025_0057_0057.jpg 1 34 25 57 57
1456_0019_0009_0065_0065.jpg 1 19 9 65 65
1457_0045_0017_0043_0043.jpg 1 45 17 43 43
1458_0053_0045_0040_0040.jpg 1 53 45 40 40
1459_0045_0041_0034_0034.jpg 1 45 41 34 34
1460_0028_0039_0054_0054.jpg 1 28 39 54 54
1461_0007_0062_0028_0028.jpg 1 7 62 28 28
1462_0021_0029_0061_0061.jpg 1 21 29 61 61
1463_0007_0020_0045_0045.jpg 1 7 20 45 45
1464_0034_0026_0056_0056.jpg 1 34 26 56 56
1465_0024_0029_0062_0062.jpg 1 24 29 62 62
1466_0041_0023_0035_0035.jpg 1 41 23 35 35
1467_0017_0040_0050_0050.jpg 1 17 40 50 50
1468_0041_0033_0034_0034.jpg 1 41 33 34 34
1469_0034_0015_0060_0060.jpg 1 34 15 60 60
1470_0024_0050_0040_0040.jpg 1 24 50 40 40
1471_0028_0041_0032_0032.jpg 1 28 41 32 32
1472_0059_0051_0033_0033.jpg 1 59 51 33 33
1473_0027_0016_0064_0064.jpg 1 27 16 64 64
1474_0004_0024_0065_0065.jpg 1 4 24 65 65
1475_0017_0010_0067_0067.jpg 1 17 10 67 67
1476_0009_0047_0037_0037.jpg 1 9 47 37 37
1477_0040_0046_0040_0040.jpg 1 40 46 40 40
1478_0014_0012_0054_0054.jpg 1 14 12 54 54
1479_0037_0043_0046_0046.jpg 1 37 43 46 46
1480_0015_0026_0039_0039.jpg 1 15 26 39 39
1481_0045_0053_0037_0037.jpg 1 45 53 37 37
1482_0026_0003_0068_0068.jpg 1 26 3 68 68
1483_0035_0026_0024_0024.jpg 1 35 26 24 24
1484_0032_0015_0057_0057.jpg 1 32 15 57 57
1485_0025_0026_0057_0057.jpg 1 25 26 57 57
1486_0017_0016_0034_0034.jpg 1 17 16 34 34
1487_0005_0030_0055_0055.jpg 1 5 30 55 55
1488_0004_0013_0059_0059.jpg 1 4 13 59 59
1489_0018_0007_0036_0036.jpg 1 18 7 36 36
1490_0020_0052_0028_0028.jpg 1 20 52 28 28
1491_0033_0016_0040_0040.jpg 1 33 16 40 40
1492_0018_0013_0059_0059.jpg 1 18 13 59 59
1493_0023_0027_0026_0026.jpg 1 23 27 26 26
1494_0014_0045_0036_0036.jpg 1 14 45 36 36
1495_0035_0022_0033_0033.jpg 1 35 22 33 33
1496_0008_0015_0036_0036.jpg 1 8 15 36 36
1497_0035_0018_0031_0031.jpg 1 35 18 31 31
1498_0051_0007_0039_0039.jpg 1 51 7 39 39
1499_0034_0016_0049_0049.jpg 1 34 16 49 49
1500_0010_0041_0024_0024.jpg 1 10 41 24 24
1501_0044_0036_0050_0050.jpg 1 44 36 50 50
1502_0051_0042_0039_0039.jpg 1 51 42 39 39
1503_0015_0012_0060_0060.jpg 1 15 12 60 60
1504_0053_0048_0032_0032.jpg 1 53 48 32 32
1505_0025_0005_0059_0059.jpg 1 25 5 59 59
1506_0021_0006_0034_0034.jpg 1 21 6 34 34
1507_0014_0006_0049_0049.jpg 1 14 6 49 49
1508_0047_0044_0045_0045.jpg 1 47 44 45 45
1509_0034_0008_0058_0058.jpg 1 34 8 58 58
1510_0028_0059_0027_0027.jpg 1 28 59 27 27
1511_0038_0043_0046_0046.jpg 1 38 43 46 46
1512_0015_0023_0067_0067.jpg 1 15 23 67 67
1513_0007_0026_0058_0058.jpg 1 7 26 58 58
1514_0005_0006_0053_0053.jpg 1 5 6 53 53
1515_0025_0036_0045_0045.jpg 1 25 36 45 45
1516_0038_0011_0051_0051.jpg 1 38 11 51 51
1517_0011_0039_0026_0026.jpg 1 11 39 26 26
1518_0037_0013_0056_0056.jpg 1 37 13 56 56
1519_0017_0011_0069_0069.jpg 1 17 11 69 69
1520_0011_0007_0048_0048.jpg 1 11 7 48 48
1521_0010_0038_0050_0050.jpg 1 10 38 50 50
1522_0028_0025_0043_0043.jpg 1 28 25 43 43
1523_0033_0006_0062_0062.jpg 1 33 6 62 62
1524_0036_0043_0041_0041.jpg 1 36 43 41 41
1525_0023_0022_0068_0068.jpg 1 23 22 68 68
1526_0017_0006_0065_0065.jpg 1 17 6 65 65
1527_0006_0027_0065_0065.jpg 1 6 27 65 65
1528_0038_0054_0031_0031.jpg 1 38 54 31 31
1529_0042_0014_0029_0029.jpg 1 42 14 29 29
1530_0044_0018_0048_0048.jpg 1 44 18 48 48
1531_0035_0008_0045_0045.jpg 1 35 8 45 45
1532_0022_0012_0056_0056.jpg 1 22 12 56 56
1533_0013_0022_0069_0069.jpg 1 13 22 69 69
1534_0020_0010_0057_0057.jpg 1 20 10 57 57
1535_0031_0013_0061_0061.jpg 1 31 13 61 61
1536_0028_0029_0051_0051.jpg 1 28 29 51 51
1537_0049_0038_0044_0044.jpg 1 49 38 44 44
1538_0004_0006_0065_0065.jpg 1 4 6 65 65
1539_0046_0027_0044_0044.jpg 1 46 27 44 44
1540_0011_0018_0035_0035.jpg 1 11 18 35 35
1541_0006_0007_0068_0068.jpg 1 6 7 68 68
1542_0049_0007_0041_0041.jpg 1 49 7 41 41
1543_0033_0013_0060_0060.jpg 1 33 13 60 60
1544_0024_0022_0042_0042.jpg 1 24 22 42 42
1545_0017_0026_0063_0063.jpg 1 17 26 63 63
1546_0032_0062_0030_0030.jpg 1 32 62 30 30
1547_0027_0004_0054_0054.jpg 1 27 4 54 54
1548_0022_0006_0063_0063.jpg 1 22 6 63 63
1549_0019_0018_0031_0031.jpg 1 19 18 31 31
1550_0051_0042_0036_0036.jpg 1 51 42 36 36
1551_0013_0027_0026_0026.jpg 1 13 27 26 26
1552_0047_0046_0027_0027.jpg 1 47 46 27 27
1553_0054_0023_0037_0037.jpg 1 54 23 37 37
1554_0026_0026_0057_0057.jpg 1 26 26 57 57
1555_0010_0024_0040_0040.jpg 1 10 24 40 40
1556_0032_0028_0034_0034.jpg 1 32 28 34 34
1557_0025_0019_0066_0066.jpg 1 25 19 66 66
1558_0038_0014_0055_0055.jpg 1 38 14 55 55
1559_0017_0022_0056_0056.jpg 1 17 22 56 56
1560_0037_0016_0047_0047.jpg 1 37 16 47 47
1561_0012_0011_0043_0043.jpg 1 12 11 43 43
1562_0027_0017_0062_0062.jpg 1 27 17 62 62
1563_0022_0029_0065_0065.jpg 1 22 29 65 65
1564_0023_0022_0039_0039.jpg 1 23 22 39 39
1565_0022_0064_0027_0027.jpg 1 22 64 27 27
1566_0011_0027_0065_0065.jpg 1 11 27 65 65
1567_0010_0010_0027_0027.jpg 1 10 10 27 27
1568_0014_0008_0056_0056.jpg 1 14 8 56 56
1569_0039_0021_0033_0033.jpg 1 39 21 33 33
1570_0062_0053_0028_0028.jpg 1 62 53 28 28
1571_0044_0054_0038_0038.jpg 1 44 54 38 38
1572_0014_0051_0024_0024.jpg 1 14 51 24 24
1573_0040_0029_0047_0047.jpg 1 40 29 47 47
1574_0048_0036_0041_0041.jpg 1 48 36 41 41
1575_0044_0038_0039_0039.jpg 1 44 38 39 39
1576_0058_0046_0029_0029.jpg 1 58 46 29 29
1577_0061_0044_0026_0026.jpg 1 61 44 26 26
1578_0010_0030_0054_0054.jpg 1 10 30 54 54
1579_0016_0043_0049_0049.jpg 1 16 43 49 49
1580_0021_0044_0027_0027.jpg 1 21 44 27 27
1581_0014_0047_0033_0033.jpg 1 14 47 33 33
1582_0037_0018_0036_0036.jpg 1 37 18 36 36
1583_0047_0045_0040_0040.jpg 1 47 45 40 40
1584_0009_0023_0049_0049.jpg 1 9 23 49 49
1585_0007_0011_0034_0034.jpg 1 7 11 34 34
1586_0042_0017_0052_0052.jpg 1 42 17 52 52
1587_0012_0041_0034_0034.jpg 1 12 41 34 34
1588_0037_0022_0056_0056.jpg 1 37 22 56 56
1589_0023_0015_0053_0053.jpg 1 23 15 53 53
1590_0043_0040_0031_0031.jpg 1 43 40 31 31
1591_0021_0031_0039_0039.jpg 1 21 31 39 39
1592_0013_0011_0064_0064.jpg 1 13 11 64 64
1593_0051_0042_0038_0038.jpg 1 51 42 38 38
1594_0021_0060_0027_0027.jpg 1 21 60 27 27
1595_0005_0028_0062_0062.jpg 1 5 28 62 62
1596_0012_0060_0025_0025.jpg 1 12 60 25 25
1597_0013_0020_0066_0066.jpg 1 13 20 66 66
1598_0020_0020_0054_0054.jpg 1 20 20 54 54
1599_0017_0027_0069_0069.jpg 1 17 27 69 69
1600_0057_0027_0028_0028.jpg 1 57 27 28 28
1601_0005_0017_0066_0066.jpg 1 5 17 66 66
1602_0013_0024_0041_0041.jpg 1 13 24 41 41
1603_0039_0022_0032_0032.jpg 1 39 22 32 32
1604_0035_0026_0060_0060.jpg 1 35 26 60 60
1605_0024_0029_0045_0045.jpg 1 24 29 45 45
1606_0019_0037_0050_0050.jpg 1 19 37 50 50
1607_0013_0025_0059_0059.jpg 1 13 25 59 59
1608_0048_0017_0036_0036.jpg 1 48 17 36 36
1609_0030_0017_0057_0057.jpg 1 30 17 57 57
1610_0044_0040_0046_0046.jpg 1 44 40 46 46
1611_0008_0032_0033_0033.jpg 1 8 32 33 33
1612_0058_0050_0029_0029.jpg 1 58 50 29 29
1613_0015_0035_0024_0024.jpg 1 15 35 24 24
1614_0013_0036_0040_0040.jpg 1 13 36 40 40
1615_0034_0037_0044_0044.jpg 1 34 37 44 44
1616_0015_0012_0053_0053.jpg 1 15 12 53 53
1617_0045_0043_0037_0037.jpg 1 45 43 37 37
1618_0026_0049_0034_0034.jpg 1 26 49 34 34
1619_0010_0005_0053_0053.jpg 1 10 5 53 53
1620_0046_0038_0046_0046.jpg 1 46 38 46 46
1621_0045_0015_0041_0041.jpg 1 45 15 41 41
1622_0012_0013_0037_0037.jpg 1 12 13 37 37
1623_0016_0020_0063_0063.jpg 1 16 20 63 63
1624_0066_0012_0025_0025.jpg 1 66 12 25 25
1625_0060_0045_0029_0029.jpg 1 60 45 29 29
1626_0012_0031_0052_0052.jpg 1 12 31 52 52
1627_0028_0014_0029_0029.jpg 1 28 14 29 29
1628_0015_0018_0069_0069.jpg 1 15 18 69 69
1629_0013_0013_0042_0042.jpg 1 13 13 42 42
1630_0006_0005_0048_0048.jpg 1 6 5 48 48
1631_0039_0033_0029_0029.jpg 1 39 33 29 29
1632_0014_0014_0069_0069.jpg 1 14 14 69 69
1633_0007_0025_0027_0027.jpg 1 7 25 27 27
1634_0044_0031_0042_0042.jpg 1 44 31 42 42
1635_0020_0028_0062_0062.jpg 1 20 28 62 62
1636_0038_0019_0031_0031.jpg 1 38 19 31 31
1637_0024_0010_0026_0026.jpg 1 24 10 26 26
1638_0046_0033_0047_0047.jpg 1 46 33 47 47
1639_0010_0022_0062_0062.jpg 1 10 22 62 62
1640_0033_0038_0050_0050.jpg 1 33 38 50 50
1641_0009_0032_0049_0049.jpg 1 9 32 49 49
1642_0051_0058_0027_0027.jpg 1 51 58 27 27
1643_0051_0042_0042_0042.jpg 1 51 42 42 42
1644_0010_0016_0048_0048.jpg 1 10 16 48 48
1645_0018_0010_0068_0068.jpg 1 18 10 68 68
1646_0060_0008_0028_0028.jpg 1 60 8 28 28
1647_0009_0034_0048_0048.jpg 1 9 34 48 48
1648_0062_0009_0029_0029.jpg 1 62 9 29 29
1649_0045_0037_0047_0047.jpg 1 45 37 47 47
1650_0024_0010_0069_0069.jpg 1 24 10 69 69
1651_0029_0011_0031_0031.jpg 1 29 11 31 31
1652_0037_0021_0055_0055.jpg 1 37 21 55 55
1653_0035_0010_0049_0049.jpg 1 35 10 49 49
1654_0043_0041_0027_0027.jpg 1 43 41 27 27
1655_0005_0018_0066_0066.jpg 1 5 18 66 66
1656_0016_0010_0040_0040.jpg 1 16 10 40 40
1657_0006_0012_0056_0056.jpg 1 6 12 56 56
1658_0020_0028_0064_0064.jpg 1 20 28 64 64
1659_0019_0019_0064_0064.jpg 1 19 19 64 64
1660_0035_0015_0058_0058.jpg 1 35 15 58 58
1661_0058_0017_0024_0024.jpg 1 58 17 24 24
1662_0020_0023_0067_0067.jpg 1 20 23 67 67
1663_0027_0040_0047_0047.jpg 1 27 40 47 47
1664_0013_0031_0056_0056.jpg 1 13 31 56 56
1665_0027_0011_0025_0025.jpg 1 27 11 25 25
1666_0039_0024_0046_0046.jpg 1 39 24 46 46
1667_0016_0039_0053_0053.jpg 1 16 39 53 53
1668_0051_0038_0033_0033.jpg 1 51 38 33 33
1669_0005_0005_0065_0065.jpg 1 5 5 65 65
1670_0049_0051_0029_0029.jpg 1 49 51 29 29
1671_0011_0038_0043_0043.jpg 1 11 38 43 43
1672_0006_0008_0069_0069.jpg 1 6 8 69 69
1673_0029_0030_0048_0048.jpg 1 29 30 48 48
1674_0009_0014_0031_0031.jpg 1 9 14 31 31
1675_0031_0025_0064_0064.jpg 1 31 25 64 64
1676_0007_0038_0024_0024.jpg 1 7 38 24 24
1677_0024_0017_0041_0041.jpg 1 24 17 41 41
1678_0033_0040_0048_0048.jpg 1 33 40 48 48
1679_0043_0007_0044_0044.jpg 1 43 7 44 44
1680_0023_0044_0034_0034.jpg 1 23 44 34 34
1681_0011_0020_0062_0062.jpg 1 11 20 62 62
1682_0006_0037_0038_0038.jpg 1 6 37 38 38
1683_0014_0008_0066_0066.jpg 1 14 8 66 66
1684_0034_0025_0037_0037.jpg 1 34 25 37 37
1685_0043_0036_0030_0030.jpg 1 43 36 30 30
1686_0026_0022_0043_0043.jpg 1 26 22 43 43
1687_0060_0045_0031_0031.jpg 1 60 45 31 31
1688_0018_0021_0048_0048.jpg 1 18 21 48 48
1689_0038_0054_0038_0038.jpg 1 38 54 38 38
1690_0044_0007_0049_0049.jpg 1 44 7 49 49
1691_0046_0051_0026_0026.jpg 1 46 51 26 26
1692_0026_0009_0043_0043.jpg 1 26 9 43 43
1693_0027_0011_0069_0069.jpg 1 27 11 69 69
1694_0035_0030_0055_0055.jpg 1 35 30 55 55
1695_0018_0041_0040_0040.jpg 1 18 41 40 40
1696_0036_0030_0055_0055.jpg 1 36 30 55 55
1697_0019_0023_0067_0067.jpg 1 19 23 67 67
1698_0038_0007_0039_0039.jpg 1 38 7 39 39
1699_0049_0009_0024_0024.jpg 1 49 9 24 24
1700_0008_0064_0028_0028.jpg 1 8 64 28 28
1701_0050_0008_0044_0044.jpg 1 50 8 44 44
1702_0012_0017_0066_0066.jpg 1 12 17 66 66
1703_0030_0021_0054_0054.jpg 1 30 21 54 54
1704_0011_0034_0058_0058.jpg 1 11 34 58 58
1705_0028_0013_0056_0056.jpg 1 28 13 56 56
1706_0031_0024_0043_0043.jpg 1 31 24 43 43
1707_0013_0024_0058_0058.jpg 1 13 24 58 58
1708_0030_0004_0064_0064.jpg 1 30 4 64 64
1709_0012_0018_0061_0061.jpg 1 12 18 61 61
1710_0023_0011_0037_0037.jpg 1 23 11 37 37
1711_0044_0037_0036_0036.jpg 1 44 37 36 36
1712_0042_0017_0047_0047.jpg 1 42 17 47 47
1713_0020_0030_0039_0039.jpg 1 20 30 39 39
1714_0035_0014_0047_0047.jpg 1 35 14 47 47
1715_0016_0039_0037_0037.jpg 1 16 39 37 37
1716_0021_0013_0024_0024.jpg 1 21 13 24 24
1717_0028_0013_0066_0066.jpg 1 28 13 66 66
1718_0023_0020_0053_0053.jpg 1 23 20 53 53
1719_0018_0013_0049_0049.jpg 1 18 13 49 49
1720_0024_0019_0069_0069.jpg 1 24 19 69 69
1721_0048_0009_0032_0032.jpg 1 48 9 32 32
1722_0050_0053_0031_0031.jpg 1 50 53 31 31
1723_0019_0012_0030_0030.jpg 1 19 12 30 30
1724_0034_0027_0049_0049.jpg 1 34 27 49 49
1725_0049_0018_0030_0030.jpg 1 49 18 30 30
1726_0054_0026_0031_0031.jpg 1 54 26 31 31
1727_0015_0019_0060_0060.jpg 1 15 19 60 60
1728_0016_0019_0068_0068.jpg 1 16 19 68 68
1729_0024_0048_0043_0043.jpg 1 24 48 43 43
1730_0013_0038_0038_0038.jpg 1 13 38 38 38
1731_0060_0009_0029_0029.jpg 1 60 9 29 29
1732_0011_0015_0039_0039.jpg 1 11 15 39 39
1733_0055_0046_0034_0034.jpg 1 55 46 34 34
1734_0042_0021_0039_0039.jpg 1 42 21 39 39
1735_0022_0015_0044_0044.jpg 1 22 15 44 44
1736_0009_0035_0026_0026.jpg 1 9 35 26 26
1737_0045_0018_0045_0045.jpg 1 45 18 45 45
1738_0048_0043_0028_0028.jpg 1 48 43 28 28
1739_0028_0025_0058_0058.jpg 1 28 25 58 58
1740_0008_0031_0046_0046.jpg 1 8 31 46 46
1741_0056_0022_0034_0034.jpg 1 56 22 34 34
1742_0022_0008_0068_0068.jpg 1 22 8 68 68
1743_0058_0056_0032_0032.jpg 1 58 56 32 32
1744_0030_0005_0063_0063.jpg 1 30 5 63 63
1745_0024_0058_0029_0029.jpg 1 24 58 29 29
1746_0008_0029_0042_0042.jpg 1 8 29 42 42
1747_0029_0023_0062_0062.jpg 1 29 23 62 62
1748_0028_0036_0050_0050.jpg 1 28 36 50 50
1749_0036_0064_0025_0025.jpg 1 36 64 25 25
1750_0062_0030_0025_0025.jpg 1 62 30 25 25
1751_0060_0020_0027_0027.jpg 1 60 20 27 27
1752_0061_0058_0026_0026.jpg 1 61 58 26 26
1753_0007_0004_0067_0067.jpg 1 7 4 67 67
1754_0016_0013_0042_0042.jpg 1 16 13 42 42
1755_0014_0012_0024_0024.jpg 1 14 12 24 24
1756_0033_0013_0056_0056.jpg 1 33 13 56 56
1757_0006_0032_0060_0060.jpg 1 6 32 60 60
1758_0006_0035_0059_0059.jpg 1 6 35 59 59
1759_0029_0016_0052_0052.jpg 1 29 16 52 52
1760_0017_0046_0043_0043.jpg 1 17 46 43 43
1761_0018_0038_0056_0056.jpg 1 18 38 56 56
1762_0032_0009_0061_0061.jpg 1 32 9 61 61
1763_0018_0017_0065_0065.jpg 1 18 17 65 65
1764_0016_0064_0025_0025.jpg 1 16 64 25 25
1765_0054_0022_0024_0024.jpg 1 54 22 24 24
1766_0037_0020_0033_0033.jpg 1 37 20 33 33
1767_0007_0057_0034_0034.jpg 1 7 57 34 34
1768_0023_0025_0067_0067.jpg 1 23 25 67 67
1769_0023_0007_0061_0061.jpg 1 23 7 61 61
1770_0025_0019_0039_0039.jpg 1 25 19 39 39
1771_0037_0010_0031_0031.jpg 1 37 10 31 31
1772_0053_0036_0034_0034.jpg 1 53 36 34 34
1773_0021_0024_0063_0063.jpg 1 21 24 63 63
1774_0025_0008_0037_0037.jpg 1 25 8 37 37
1775_0009_0042_0027_0027.jpg 1 9 42 27 27
1776_0042_0039_0043_0043.jpg 1 42 39 43 43
1777_0008_0026_0036_0036.jpg 1 8 26 36 36
1778_0027_0029_0066_0066.jpg 1 27 29 66 66
1779_0047_0059_0031_0031.jpg 1 47 59 31 31
1780_0020_0005_0058_0058.jpg 1 20 5 58 58
1781_0047_0038_0040_0040.jpg 1 47 38 40 40
1782_0039_0008_0033_0033.jpg 1 39 8 33 33
1783_0030_0007_0063_0063.jpg 1 30 7 63 63
1784_0024_0009_0064_0064.jpg 1 24 9 64 64
1785_0029_0010_0043_0043.jpg 1 29 10 43 43
1786_0038_0007_0050_0050.jpg 1 38 7 50 50
1787_0006_0005_0068_0068.jpg 1 6 5 68 68
1788_0028_0025_0025_0025.jpg 1 28 25 25 25
1789_0033_0032_0054_0054.jpg 1 33 32 54 54
1790_0023_0048_0025_0025.jpg 1 23 48 25 25
1791_0007_0026_0039_0039.jpg 1 7 26 39 39
1792_0012_0033_0057_0057.jpg 1 12 33 57 57
1793_0039_0011_0037_0037.jpg 1 39 11 37 37
1794_0018_0027_0063_0063.jpg 1 18 27 63 63
1795_0059_0036_0027_0027.jpg 1 59 36 27 27
1796_0010_0028_0060_0060.jpg 1 10 28 60 60
1797_0022_0006_0062_0062.jpg 1 22 6 62 62
1798_0027_0026_0031_0031.jpg 1 27 26 31 31
1799_0023_0059_0026_0026.jpg 1 23 59 26 26
1800_0011_0008_0067_0067.jpg 1 11 8 67 67
1801_0035_0066_0024_0024.jpg 1 35 66 24 24
1802_0008_0007_0038_0038.jpg 1 8 7 38 38
1803_0047_0038_0045_0045.jpg 1 47 38 45 45
1804_0013_0014_0036_0036.jpg 1 13 14 36 36
1805_0020_0012_0069_0069.jpg 1 20 12 69 69
1806_0005_0007_0062_0062.jpg 1 5 7 62 62
1807_0004_0025_0063_0063.jpg 1 4 25 63 63
1808_0015_0033_0026_0026.jpg 1 15 33 26 26
1809_0036_0030_0032_0032.jpg 1 36 30 32 32
1810_0042_0028_0034_0034.jpg 1 42 28 34 34
1811_0022_0009_0062_0062.jpg 1 22 9 62 62
1812_0023_0049_0043_0043.jpg 1 23 49 43 43
1813_0012_0007_0054_0054.jpg 1 12 7 54 54
1814_0011_0034_0052_0052.jpg 1 11 34 52 52
1815_0045_0007_0049_0049.jpg 1 45 7 49 49
1816_0011_0006_0058_0058.jpg 1 11 6 58 58
1817_0010_0033_0035_0035.jpg 1 10 33 35 35
1818_0015_0032_0038_0038.jpg 1 15 32 38 38
1819_0023_0028_0044_0044.jpg 1 23 28 44 44
1820_0068_0057_0024_0024.jpg 1 68 57 24 24
1821_0047_0021_0027_0027.jpg 1 47 21 27 27
1822_0022_0003_0066_0066.jpg 1 22 3 66 66
1823_0021_0026_0067_0067.jpg 1 21 26 67 67
1824_0023_0039_0042_0042.jpg 1 23 39 42 42
1825_0006_0008_0066_0066.jpg 1 6 8 66 66
1826_0048_0045_0045_0045.jpg 1 48 45 45 45
1827_0030_0023_0064_0064.jpg 1 30 23 64 64
1828_0021_0039_0027_0027.jpg 1 21 39 27 27
1829_0035_0018_0038_0038.jpg 1 35 18 38 38
1830_0030_0010_0063_0063.jpg 1 30 10 63 63
1831_0009_0029_0067_0067.jpg 1 9 29 67 67
1832_0041_0047_0045_0045.jpg 1 41 47 45 45
1833_0015_0007_0040_0040.jpg 1 15 7 40 40
1834_0018_0022_0056_0056.jpg 1 18 22 56 56
1835_0062_0021_0026_0026.jpg 1 62 21 26 26
1836_0027_0033_0054_0054.jpg 1 27 33 54 54
1837_0015_0021_0068_0068.jpg 1 15 21 68 68
1838_0022_0027_0042_0042.jpg 1 22 27 42 42
1839_0007_0053_0038_0038.jpg 1 7 53 38 38
1840_0008_0005_0063_0063.jpg 1 8 5 63 63
1841_0022_0009_0029_0029.jpg 1 22 9 29 29
1842_0028_0036_0024_0024.jpg 1 28 36 24 24
1843_0024_0015_0064_0064.jpg 1 24 15 64 64
1844_0019_0006_0059_0059.jpg 1 19 6 59 59
1845_0011_0018_0057_0057.jpg 1 11 18 57 57
1846_0014_0015_0050_0050.jpg 1 14 15 50 50
1847_0031_0041_0047_0047.jpg 1 31 41 47 47
1848_0008_0026_0065_0065.jpg 1 8 26 65 65
1849_0062_0047_0029_0029.jpg 1 62 47 29 29
1850_0006_0030_0064_0064.jpg 1 6 30 64 64
1851_0025_0018_0037_0037.jpg 1 25 18 37 37
1852_0028_0040_0029_0029.jpg 1 28 40 29 29
1853_0022_0031_0063_0063.jpg 1 22 31 63 63
1854_0047_0050_0044_0044.jpg 1 47 50 44 44
1855_0062_0020_0028_0028.jpg 1 62 20 28 28
1856_0031_0019_0035_0035.jpg 1 31 19 35 35
1857_0042_0030_0050_0050.jpg 1 42 30 50 50
1858_0012_0011_0060_0060.jpg 1 12 11 60 60
1859_0048_0056_0031_0031.jpg 1 48 56 31 31
1860_0008_0011_0024_0024.jpg 1 8 11 24 24
1861_0063_0011_0027_0027.jpg 1 63 11 27 27
1862_0022_0011_0026_0026.jpg 1 22 11 26 26
1863_0012_0025_0048_0048.jpg 1 12 25 48 48
1864_0020_0045_0045_0045.jpg 1 20 45 45 45
1865_0036_0008_0025_0025.jpg 1 36 8 25 25
1866_0021_0014_0040_0040.jpg 1 21 14 40 40
1867_0021_0033_0056_0056.jpg 1 21 33 56 56
1868_0031_0018_0062_0062.jpg 1 31 18 62 62
1869_0025_0025_0040_0040.jpg 1 25 25 40 40
1870_0027_0038_0025_0025.jpg 1 27 38 25 25
1871_0010_0036_0048_0048.jpg 1 10 36 48 48
1872_0021_0021_0050_0050.jpg 1 21 21 50 50
1873_0012_0013_0047_0047.jpg 1 12 13 47 47
1874_0018_0021_0053_0053.jpg 1 18 21 53 53
1875_0030_0044_0034_0034.jpg 1 30 44 34 34
1876_0007_0008_0053_0053.jpg 1 7 8 53 53
1877_0009_0016_0031_0031.jpg 1 9 16 31 31
1878_0014_0022_0047_0047.jpg 1 14 22 47 47
1879_0006_0008_0044_0044.jpg 1 6 8 44 44
1880_0047_0043_0047_0047.jpg 1 47 43 47 47
1881_0045_0006_0042_0042.jpg 1 45 6 42 42
1882_0010_0035_0057_0057.jpg 1 10 35 57 57
1883_0034_0036_0056_0056.jpg 1 34 36 56 56
1884_0012_0007_0067_0067.jpg 1 12 7 67 67
1885_0023_0020_0045_0045.jpg 1 23 20 45 45
1886_0021_0036_0045_0045.jpg 1 21 36 45 45
1887_0045_0007_0046_0046.jpg 1 45 7 46 46
1888_0022_0008_0028_0028.jpg 1 22 8 28 28
1889_0009_0010_0036_0036.jpg 1 9 10 36 36
1890_0031_0027_0064_0064.jpg 1 31 27 64 64
1891_0031_0006_0060_0060.jpg 1 31 6 60 60
1892_0018_0041_0039_0039.jpg 1 18 41 39 39
1893_0020_0039_0039_0039.jpg 1 20 39 39 39
1894_0004_0015_0069_0069.jpg 1 4 15 69 69
1895_0024_0045_0033_0033.jpg 1 24 45 33 33
1896_0062_0053_0028_0028.jpg 1 62 53 28 28
1897_0006_0021_0059_0059.jpg 1 6 21 59 59
1898_0015_0012_0052_0052.jpg 1 15 12 52 52
1899_0013_0035_0033_0033.jpg 1 13 35 33 33
1900_0038_0038_0033_0033.jpg 1 38 38 33 33
