0001_0028_0006_0032_0032.jpg 1 28 6 32 32
0002_0052_0028_0040_0040.jpg 1 52 28 40 40
0003_0042_0033_0042_0042.jpg 1 42 33 42 42
0004_0059_0021_0030_0030.jpg 1 59 21 30 30
0005_0030_0017_0062_0062.jpg 1 30 17 62 62
0006_0007_0013_0024_0024.jpg 1 7 13 24 24
0007_0016_0043_0028_0028.jpg 1 16 43 28 28
0008_0026_0019_0059_0059.jpg 1 26 19 59 59
0009_0035_0039_0032_0032.jpg 1 35 39 32 32
0010_0033_0023_0062_0062.jpg 1 33 23 62 62
0011_0045_0043_0031_0031.jpg 1 45 43 31 31
0012_0005_0026_0064_0064.jpg 1 5 26 64 64
0013_0025_0021_0055_0055.jpg 1 25 21 55 55
0014_0017_0020_0041_0041.jpg 1 17 20 41 41
0015_0038_0025_0048_0048.jpg 1 38 25 48 48
0016_0032_0015_0035_0035.jpg 1 32 15 35 35
0017_0010_0012_0067_0067.jpg 1 10 12 67 67
0018_0004_0011_0068_0068.jpg 1 4 11 68 68
0019_0030_0004_0053_0053.jpg 1 30 4 53 53
0020_0011_0021_0041_0041.jpg 1 11 21 41 41
0021_0052_0006_0033_0033.jpg 1 52 6 33 33
0022_0041_0030_0033_0033.jpg 1 41 30 33 33
0023_0025_0020_0056_0056.jpg 1 25 20 56 56
0024_0041_0008_0043_0043.jpg 1 41 8 43 43
0025_0047_0020_0044_0044.jpg 1 47 20 44 44
0026_0006_0035_0042_0042.jpg 1 6 35 42 42
0027_0039_0006_0052_0052.jpg 1 39 6 52 52
0028_0009_0012_0067_0067.jpg 1 9 12 67 67
0029_0023_0020_0068_0068.jpg 1 23 20 68 68
0030_0003_0023_0061_0061.jpg 1 3 23 61 61
0031_0024_0041_0044_0044.jpg 1 24 41 44 44
0032_0011_0009_0050_0050.jpg 1 11 9 50 50
0033_0011_0022_0050_0050.jpg 1 11 22 50 50
0034_0038_0020_0046_0046.jpg 1 38 20 46 46
0035_0029_0063_0027_0027.jpg 1 29 63 27 27
0036_0054_0025_0037_0037.jpg 1 54 25 37 37
0037_0027_0025_0061_0061.jpg 1 27 25 61 61
0038_0037_0037_0058_0058.jpg 1 37 37 58 58
0039_0019_0027_0045_0045.jpg 1 19 27 45 45
0040_0017_0028_0036_0036.jpg 1 17 28 36 36
0041_0041_0026_0048_0048.jpg 1 41 26 48 48
0042_0025_0018_0053_0053.jpg 1 25 18 53 53
0043_0028_0007_0067_0067.jpg 1 28 7 67 67
0044_0041_0012_0051_0051.jpg 1 41 12 51 51
0045_0041_0032_0038_0038.jpg 1 41 32 38 38
0046_0028_0007_0059_0059.jpg 1 28 7 59 59
0047_0035_0062_0029_0029.jpg 1 35 62 29 29
0048_0028_0039_0038_0038.jpg 1 28 39 38 38
0049_0016_0024_0055_0055.jpg 1 16 24 55 55
0050_0043_0021_0037_0037.jpg 1 43 21 37 37
0051_0044_0007_0026_0026.jpg 1 44 7 26 26
0052_0018_0024_0046_0046.jpg 1 18 24 46 46
0053_0009_0021_0029_0029.jpg 1 9 21 29 29
0054_0035_0044_0024_0024.jpg 1 35 44 24 24
0055_0021_0043_0037_0037.jpg 1 21 43 37 37
0056_0037_0039_0024_0024.jpg 1 37 39 24 24
0057_0043_0023_0050_0050.jpg 1 43 23 50 50
0058_0014_0010_0068_0068.jpg 1 14 10 68 68
0059_0050_0037_0033_0033.jpg 1 50 37 33 33
0060_0035_0054_0024_0024.jpg 1 35 54 24 24
0061_0029_0042_0048_0048.jpg 1 29 42 48 48
0062_0024_0045_0029_0029.jpg 1 24 45 29 29
0063_0027_0030_0047_0047.jpg 1 27 30 47 47
0064_0039_0019_0046_0046.jpg 1 39 19 46 46
0065_0031_0012_0043_0043.jpg 1 31 12 43 43
0066_0009_0009_0060_0060.jpg 1 9 9 60 60
0067_0034_0037_0046_0046.jpg 1 34 37 46 46
0068_0035_0027_0043_0043.jpg 1 35 27 43 43
0069_0035_0004_0053_0053.jpg 1 35 4 53 53
0070_0005_0021_0068_0068.jpg 1 5 21 68 68
0071_0039_0039_0029_0029.jpg 1 39 39 29 29
0072_0027_0011_0051_0051.jpg 1 27 11 51 51
0073_0037_0044_0038_0038.jpg 1 37 44 38 38
0074_0023_0041_0033_0033.jpg 1 23 41 33 33
0075_0014_0035_0048_0048.jpg 1 14 35 48 48
0076_0018_0047_0043_0043.jpg 1 18 47 43 43
0077_0012_0031_0062_0062.jpg 1 12 31 62 62
0078_0029_0003_0067_0067.jpg 1 29 3 67 67
0079_0010_0052_0040_0040.jpg 1 10 52 40 40
0080_0040_0039_0030_0030.jpg 1 40 39 30 30
0081_0028_0031_0037_0037.jpg 1 28 31 37 37
0082_0018_0015_0050_0050.jpg 1 18 15 50 50
0083_0018_0022_0057_0057.jpg 1 18 22 57 57
0084_0028_0047_0041_0041.jpg 1 28 47 41 41
0085_0005_0021_0066_0066.jpg 1 5 21 66 66
0086_0026_0004_0063_0063.jpg 1 26 4 63 63
0087_0019_0021_0036_0036.jpg 1 19 21 36 36
0088_0021_0007_0041_0041.jpg 1 21 7 41 41
0089_0005_0003_0067_0067.jpg 1 5 3 67 67
0090_0016_0035_0046_0046.jpg 1 16 35 46 46
0091_0009_0029_0056_0056.jpg 1 9 29 56 56
0092_0041_0037_0048_0048.jpg 1 41 37 48 48
0093_0028_0021_0060_0060.jpg 1 28 21 60 60
0094_0011_0023_0046_0046.jpg 1 11 23 46 46
0095_0045_0026_0036_0036.jpg 1 45 26 36 36
0096_0011_0031_0051_0051.jpg 1 11 31 51 51
0097_0016_0020_0041_0041.jpg 1 16 20 41 41
0098_0006_0019_0051_0051.jpg 1 6 19 51 51
0099_0003_0022_0065_0065.jpg 1 3 22 65 65
0100_0034_0062_0025_0025.jpg 1 34 62 25 25
0101_0039_0020_0054_0054.jpg 1 39 20 54 54
0102_0017_0040_0043_0043.jpg 1 17 40 43 43
0103_0033_0027_0037_0037.jpg 1 33 27 37 37
0104_0005_0013_0068_0068.jpg 1 5 13 68 68
0105_0026_0020_0061_0061.jpg 1 26 20 61 61
0106_0040_0026_0045_0045.jpg 1 40 26 45 45
0107_0050_0049_0042_0042.jpg 1 50 49 42 42
0108_0024_0013_0046_0046.jpg 1 24 13 46 46
0109_0021_0012_0064_0064.jpg 1 21 12 64 64
0110_0013_0024_0069_0069.jpg 1 13 24 69 69
0111_0036_0028_0040_0040.jpg 1 36 28 40 40
0112_0048_0054_0039_0039.jpg 1 48 54 39 39
0113_0029_0015_0065_0065.jpg 1 29 15 65 65
0114_0044_0054_0039_0039.jpg 1 44 54 39 39
0115_0005_0026_0068_0068.jpg 1 5 26 68 68
0116_0043_0034_0044_0044.jpg 1 43 34 44 44
0117_0029_0054_0026_0026.jpg 1 29 54 26 26
0118_0051_0014_0035_0035.jpg 1 51 14 35 35
0119_0024_0020_0053_0053.jpg 1 24 20 53 53
0120_0018_0034_0051_0051.jpg 1 18 34 51 51
0121_0024_0026_0059_0059.jpg 1 24 26 59 59
0122_0029_0026_0046_0046.jpg 1 29 26 46 46
0123_0035_0040_0047_0047.jpg 1 35 40 47 47
0124_0004_0028_0060_0060.jpg 1 4 28 60 60
0125_0010_0021_0048_0048.jpg 1 10 21 48 48
0126_0013_0037_0028_0028.jpg 1 13 37 28 28
0127_0005_0008_0059_0059.jpg 1 5 8 59 59
0128_0014_0029_0065_0065.jpg 1 14 29 65 65
0129_0018_0017_0024_0024.jpg 1 18 17 24 24
0130_0032_0038_0051_0051.jpg 1 32 38 51 51
0131_0014_0032_0038_0038.jpg 1 14 32 38 38
0132_0045_0034_0028_0028.jpg 1 45 34 28 28
0133_0021_0024_0058_0058.jpg 1 21 24 58 58
0134_0025_0031_0029_0029.jpg 1 25 31 29 29
0135_0022_0014_0067_0067.jpg 1 22 14 67 67
0136_0013_0032_0041_0041.jpg 1 13 32 41 41
0137_0022_0004_0065_0065.jpg 1 22 4 65 65
0138_0024_0033_0030_0030.jpg 1 24 33 30 30
0139_0032_0012_0031_0031.jpg 1 32 12 31 31
0140_0045_0047_0025_0025.jpg 1 45 47 25 25
0141_0005_0019_0064_0064.jpg 1 5 19 64 64
0142_0012_0007_0037_0037.jpg 1 12 7 37 37
0143_0015_0011_0067_0067.jpg 1 15 11 67 67
0144_0046_0029_0026_0026.jpg 1 46 29 26 26
0145_0019_0008_0069_0069.jpg 1 19 8 69 69
0146_0015_0037_0028_0028.jpg 1 15 37 28 28
0147_0031_0006_0058_0058.jpg 1 31 6 58 58
0148_0021_0028_0034_0034.jpg 1 21 28 34 34
0149_0046_0028_0038_0038.jpg 1 46 28 38 38
0150_0005_0027_0061_0061.jpg 1 5 27 61 61
0151_0018_0033_0031_0031.jpg 1 18 33 31 31
0152_0015_0019_0051_0051.jpg 1 15 19 51 51
0153_0046_0014_0041_0041.jpg 1 46 14 41 41
0154_0026_0025_0039_0039.jpg 1 26 25 39 39
0155_0024_0039_0048_0048.jpg 1 24 39 48 48
0156_0031_0036_0048_0048.jpg 1 31 36 48 48
0157_0007_0052_0031_0031.jpg 1 7 52 31 31
0158_0020_0004_0066_0066.jpg 1 20 4 66 66
0159_0038_0024_0057_0057.jpg 1 38 24 57 57
0160_0033_0028_0045_0045.jpg 1 33 28 45 45
0161_0006_0033_0056_0056.jpg 1 6 33 56 56
0162_0029_0017_0039_0039.jpg 1 29 17 39 39
0163_0008_0023_0029_0029.jpg 1 8 23 29 29
0164_0022_0023_0052_0052.jpg 1 22 23 52 52
0165_0051_0023_0037_0037.jpg 1 51 23 37 37
0166_0017_0037_0056_0056.jpg 1 17 37 56 56
0167_0021_0062_0029_0029.jpg 1 21 62 29 29
0168_0029_0011_0048_0048.jpg 1 29 11 48 48
0169_0016_0023_0040_0040.jpg 1 16 23 40 40
0170_0020_0011_0063_0063.jpg 1 20 11 63 63
0171_0041_0034_0050_0050.jpg 1 41 34 50 50
0172_0024_0008_0069_0069.jpg 1 24 8 69 69
0173_0040_0017_0042_0042.jpg 1 40 17 42 42
0174_0045_0042_0046_0046.jpg 1 45 42 46 46
0175_0017_0029_0049_0049.jpg 1 17 29 49 49
0176_0024_0044_0043_0043.jpg 1 24 44 43 43
0177_0009_0013_0065_0065.jpg 1 9 13 65 65
0178_0014_0043_0029_0029.jpg 1 14 43 29 29
0179_0006_0034_0039_0039.jpg 1 6 34 39 39
0180_0008_0017_0062_0062.jpg 1 8 17 62 62
0181_0008_0031_0048_0048.jpg 1 8 31 48 48
0182_0005_0005_0054_0054.jpg 1 5 5 54 54
0183_0051_0031_0041_0041.jpg 1 51 31 41 41
0184_0028_0046_0028_0028.jpg 1 28 46 28 28
0185_0040_0023_0031_0031.jpg 1 40 23 31 31
0186_0024_0010_0042_0042.jpg 1 24 10 42 42
0187_0016_0046_0038_0038.jpg 1 16 46 38 38
0188_0039_0026_0050_0050.jpg 1 39 26 50 50
0189_0005_0005_0057_0057.jpg 1 5 5 57 57
0190_0012_0037_0035_0035.jpg 1 12 37 35 35
0191_0021_0032_0036_0036.jpg 1 21 32 36 36
0192_0052_0016_0034_0034.jpg 1 52 16 34 34
0193_0021_0032_0063_0063.jpg 1 21 32 63 63
0194_0011_0018_0069_0069.jpg 1 11 18 69 69
0195_0011_0009_0035_0035.jpg 1 11 9 35 35
0196_0028_0017_0030_0030.jpg 1 28 17 30 30
0197_0018_0019_0039_0039.jpg 1 18 19 39 39
0198_0032_0037_0028_0028.jpg 1 32 37 28 28
0199_0018_0038_0053_0053.jpg 1 18 38 53 53
0200_0065_0033_0025_0025.jpg 1 65 33 25 25
0201_0018_0037_0039_0039.jpg 1 18 37 39 39
0202_0049_0061_0029_0029.jpg 1 49 61 29 29
0203_0036_0038_0043_0043.jpg 1 36 38 43 43
0204_0006_0012_0050_0050.jpg 1 6 12 50 50
0205_0012_0058_0035_0035.jpg 1 12 58 35 35
0206_0043_0041_0049_0049.jpg 1 43 41 49 49
0207_0006_0027_0068_0068.jpg 1 6 27 68 68
0208_0013_0018_0027_0027.jpg 1 13 18 27 27
0209_0012_0063_0028_0028.jpg 1 12 63 28 28
0210_0040_0036_0052_0052.jpg 1 40 36 52 52
0211_0009_0032_0036_0036.jpg 1 9 32 36 36
0212_0017_0011_0065_0065.jpg 1 17 11 65 65
0213_0017_0009_0065_0065.jpg 1 17 9 65 65
0214_0011_0028_0050_0050.jpg 1 11 28 50 50
0215_0025_0011_0047_0047.jpg 1 25 11 47 47
0216_0030_0032_0059_0059.jpg 1 30 32 59 59
0217_0030_0015_0059_0059.jpg 1 30 15 59 59
0218_0053_0018_0024_0024.jpg 1 53 18 24 24
0219_0011_0017_0066_0066.jpg 1 11 17 66 66
0220_0025_0053_0038_0038.jpg 1 25 53 38 38
0221_0049_0039_0041_0041.jpg 1 49 39 41 41
0222_0027_0006_0041_0041.jpg 1 27 6 41 41
0223_0028_0010_0055_0055.jpg 1 28 10 55 55
0224_0016_0021_0053_0053.jpg 1 16 21 53 53
0225_0051_0059_0027_0027.jpg 1 51 59 27 27
0226_0041_0008_0033_0033.jpg 1 41 8 33 33
0227_0029_0015_0061_0061.jpg 1 29 15 61 61
0228_0019_0028_0045_0045.jpg 1 19 28 45 45
0229_0037_0013_0053_0053.jpg 1 37 13 53 53
0230_0040_0045_0024_0024.jpg 1 40 45 24 24
0231_0028_0019_0050_0050.jpg 1 28 19 50 50
0232_0029_0022_0061_0061.jpg 1 29 22 61 61
0233_0039_0051_0032_0032.jpg 1 39 51 32 32
0234_0016_0029_0064_0064.jpg 1 16 29 64 64
0235_0015_0053_0040_0040.jpg 1 15 53 40 40
0236_0018_0005_0055_0055.jpg 1 18 5 55 55
0237_0010_0019_0067_0067.jpg 1 10 19 67 67
0238_0013_0014_0061_0061.jpg 1 13 14 61 61
0239_0020_0042_0044_0044.jpg 1 20 42 44 44
0240_0015_0044_0047_0047.jpg 1 15 44 47 47
0241_0031_0042_0051_0051.jpg 1 31 42 51 51
0242_0005_0016_0060_0060.jpg 1 5 16 60 60
0243_0022_0014_0062_0062.jpg 1 22 14 62 62
0244_0005_0043_0049_0049.jpg 1 5 43 49 49
0245_0039_0022_0044_0044.jpg 1 39 22 44 44
0246_0021_0061_0029_0029.jpg 1 21 61 29 29
0247_0055_0044_0032_0032.jpg 1 55 44 32 32
0248_0023_0020_0058_0058.jpg 1 23 20 58 58
0249_0021_0025_0058_0058.jpg 1 21 25 58 58
0250_0020_0007_0043_0043.jpg 1 20 7 43 43
0251_0009_0011_0069_0069.jpg 1 9 11 69 69
0252_0025_0010_0069_0069.jpg 1 25 10 69 69
0253_0012_0012_0067_0067.jpg 1 12 12 67 67
0254_0007_0008_0047_0047.jpg 1 7 8 47 47
0255_0020_0042_0046_0046.jpg 1 20 42 46 46
0256_0036_0028_0058_0058.jpg 1 36 28 58 58
0257_0048_0041_0037_0037.jpg 1 48 41 37 37
0258_0015_0018_0068_0068.jpg 1 15 18 68 68
0259_0028_0036_0050_0050.jpg 1 28 36 50 50
0260_0024_0004_0060_0060.jpg 1 24 4 60 60
0261_0022_0014_0050_0050.jpg 1 22 14 50 50
0262_0040_0034_0038_0038.jpg 1 40 34 38 38
0263_0007_0012_0034_0034.jpg 1 7 12 34 34
0264_0020_0023_0052_0052.jpg 1 20 23 52 52
0265_0022_0026_0067_0067.jpg 1 22 26 67 67
0266_0003_0009_0069_0069.jpg 1 3 9 69 69
0267_0031_0019_0060_0060.jpg 1 31 19 60 60
0268_0011_0011_0054_0054.jpg 1 11 11 54 54
0269_0010_0021_0057_0057.jpg 1 10 21 57 57
0270_0037_0026_0046_0046.jpg 1 37 26 46 46
0271_0011_0016_0060_0060.jpg 1 11 16 60 60
0272_0008_0022_0057_0057.jpg 1 8 22 57 57
0273_0044_0020_0047_0047.jpg 1 44 20 47 47
0274_0043_0013_0029_0029.jpg 1 43 13 29 29
0275_0061_0034_0025_0025.jpg 1 61 34 25 25
0276_0018_0036_0053_0053.jpg 1 18 36 53 53
0277_0033_0027_0043_0043.jpg 1 33 27 43 43
0278_0026_0032_0056_0056.jpg 1 26 32 56 56
0279_0009_0033_0060_0060.jpg 1 9 33 60 60
0280_0006_0012_0052_0052.jpg 1 6 12 52 52
0281_0036_0014_0053_0053.jpg 1 36 14 53 53
0282_0039_0047_0047_0047.jpg 1 39 47 47 47
0283_0062_0021_0027_0027.jpg 1 62 21 27 27
0284_0063_0056_0028_0028.jpg 1 63 56 28 28
0285_0015_0021_0060_0060.jpg 1 15 21 60 60
0286_0046_0046_0048_0048.jpg 1 46 46 48 48
0287_0023_0004_0064_0064.jpg 1 23 4 64 64
0288_0008_0009_0059_0059.jpg 1 8 9 59 59
0289_0053_0035_0032_0032.jpg 1 53 35 32 32
0290_0028_0022_0041_0041.jpg 1 28 22 41 41
0291_0031_0035_0054_0054.jpg 1 31 35 54 54
0292_0018_0008_0066_0066.jpg 1 18 8 66 66
0293_0018_0012_0025_0025.jpg 1 18 12 25 25
0294_0020_0008_0064_0064.jpg 1 20 8 64 64
0295_0021_0063_0029_0029.jpg 1 21 63 29 29
0296_0011_0054_0030_0030.jpg 1 11 54 30 30
0297_0006_0026_0052_0052.jpg 1 6 26 52 52
0298_0010_0027_0045_0045.jpg 1 10 27 45 45
0299_0018_0007_0035_0035.jpg 1 18 7 35 35
0300_0010_0013_0031_0031.jpg 1 10 13 31 31
0301_0012_0013_0030_0030.jpg 1 12 13 30 30
0302_0025_0050_0043_0043.jpg 1 25 50 43 43
0303_0041_0010_0048_0048.jpg 1 41 10 48 48
0304_0010_0034_0056_0056.jpg 1 10 34 56 56
0305_0029_0026_0065_0065.jpg 1 29 26 65 65
0306_0036_0008_0053_0053.jpg 1 36 8 53 53
0307_0016_0006_0066_0066.jpg 1 16 6 66 66
0308_0057_0060_0032_0032.jpg 1 57 60 32 32
0309_0034_0025_0048_0048.jpg 1 34 25 48 48
0310_0015_0026_0053_0053.jpg 1 15 26 53 53
0311_0021_0030_0063_0063.jpg 1 21 30 63 63
0312_0024_0016_0029_0029.jpg 1 24 16 29 29
0313_0022_0025_0048_0048.jpg 1 22 25 48 48
0314_0035_0030_0049_0049.jpg 1 35 30 49 49
0315_0041_0037_0038_0038.jpg 1 41 37 38 38
0316_0009_0024_0031_0031.jpg 1 9 24 31 31
0317_0037_0029_0024_0024.jpg 1 37 29 24 24
0318_0016_0009_0044_0044.jpg 1 16 9 44 44
0319_0021_0014_0067_0067.jpg 1 21 14 67 67
0320_0009_0013_0030_0030.jpg 1 9 13 30 30
0321_0019_0041_0039_0039.jpg 1 19 41 39 39
0322_0046_0015_0032_0032.jpg 1 46 15 32 32
0323_0035_0006_0051_0051.jpg 1 35 6 51 51
0324_0025_0010_0062_0062.jpg 1 25 10 62 62
0325_0024_0045_0044_0044.jpg 1 24 45 44 44
0326_0027_0022_0047_0047.jpg 1 27 22 47 47
0327_0050_0018_0029_0029.jpg 1 50 18 29 29
0328_0042_0022_0041_0041.jpg 1 42 22 41 41
0329_0014_0025_0063_0063.jpg 1 14 25 63 63
0330_0008_0020_0067_0067.jpg 1 8 20 67 67
0331_0024_0063_0029_0029.jpg 1 24 63 29 29
0332_0026_0050_0036_0036.jpg 1 26 50 36 36
0333_0038_0030_0030_0030.jpg 1 38 30 30 30
0334_0032_0035_0036_0036.jpg 1 32 35 36 36
0335_0032_0015_0055_0055.jpg 1 32 15 55 55
0336_0038_0020_0042_0042.jpg 1 38 20 42 42
0337_0017_0008_0058_0058.jpg 1 17 8 58 58
0338_0009_0021_0050_0050.jpg 1 9 21 50 50
0339_0030_0012_0046_0046.jpg 1 30 12 46 46
0340_0027_0030_0052_0052.jpg 1 27 30 52 52
0341_0018_0037_0049_0049.jpg 1 18 37 49 49
0342_0033_0008_0040_0040.jpg 1 33 8 40 40
0343_0027_0025_0068_0068.jpg 1 27 25 68 68
0344_0035_0053_0024_0024.jpg 1 35 53 24 24
0345_0042_0013_0048_0048.jpg 1 42 13 48 48
0346_0051_0017_0027_0027.jpg 1 51 17 27 27
0347_0039_0054_0028_0028.jpg 1 39 54 28 28
0348_0009_0022_0068_0068.jpg 1 9 22 68 68
0349_0010_0013_0046_0046.jpg 1 10 13 46 46
0350_0018_0013_0055_0055.jpg 1 18 13 55 55
0351_0004_0017_0068_0068.jpg 1 4 17 68 68
0352_0005_0028_0067_0067.jpg 1 5 28 67 67
0353_0036_0016_0036_0036.jpg 1 36 16 36 36
0354_0026_0008_0039_0039.jpg 1 26 8 39 39
0355_0042_0041_0047_0047.jpg 1 42 41 47 47
0356_0014_0011_0059_0059.jpg 1 14 11 59 59
0357_0005_0015_0060_0060.jpg 1 5 15 60 60
0358_0008_0026_0058_0058.jpg 1 8 26 58 58
0359_0019_0048_0037_0037.jpg 1 19 48 37 37
0360_0040_0053_0040_0040.jpg 1 40 53 40 40
0361_0019_0055_0024_0024.jpg 1 19 55 24 24
0362_0020_0030_0037_0037.jpg 1 20 30 37 37
0363_0045_0037_0047_0047.jpg 1 45 37 47 47
0364_0030_0056_0032_0032.jpg 1 30 56 32 32
0365_0065_0061_0025_0025.jpg 1 65 61 25 25
0366_0036_0036_0048_0048.jpg 1 36 36 48 48
0367_0027_0020_0067_0067.jpg 1 27 20 67 67
0368_0009_0024_0060_0060.jpg 1 9 24 60 60
0369_0038_0035_0030_0030.jpg 1 38 35 30 30
0370_0027_0029_0034_0034.jpg 1 27 29 34 34
0371_0006_0028_0055_0055.jpg 1 6 28 55 55
0372_0015_0011_0067_0067.jpg 1 15 11 67 67
0373_0055_0017_0033_0033.jpg 1 55 17 33 33
0374_0010_0024_0049_0049.jpg 1 10 24 49 49
0375_0031_0025_0035_0035.jpg 1 31 25 35 35
0376_0039_0047_0029_0029.jpg 1 39 47 29 29
0377_0053_0041_0030_0030.jpg 1 53 41 30 30
0378_0053_0016_0039_0039.jpg 1 53 16 39 39
0379_0030_0031_0050_0050.jpg 1 30 31 50 50
0380_0004_0027_0065_0065.jpg 1 4 27 65 65
0381_0026_0020_0027_0027.jpg 1 26 20 27 27
0382_0031_0008_0064_0064.jpg 1 31 8 64 64
0383_0029_0045_0043_0043.jpg 1 29 45 43 43
0384_0010_0041_0027_0027.jpg 1 10 41 27 27
0385_0010_0013_0061_0061.jpg 1 10 13 61 61
0386_0021_0011_0065_0065.jpg 1 21 11 65 65
0387_0014_0015_0066_0066.jpg 1 14 15 66 66
0388_0009_0009_0045_0045.jpg 1 9 9 45 45
0389_0037_0025_0044_0044.jpg 1 37 25 44 44
0390_0009_0011_0057_0057.jpg 1 9 11 57 57
0391_0031_0025_0043_0043.jpg 1 31 25 43 43
0392_0020_0057_0033_0033.jpg 1 20 57 33 33
0393_0021_0013_0058_0058.jpg 1 21 13 58 58
0394_0020_0010_0035_0035.jpg 1 20 10 35 35
0395_0022_0005_0067_0067.jpg 1 22 5 67 67
0396_0016_0023_0057_0057.jpg 1 16 23 57 57
0397_0012_0016_0069_0069.jpg 1 12 16 69 69
0398_0027_0009_0044_0044.jpg 1 27 9 44 44
0399_0005_0027_0066_0066.jpg 1 5 27 66 66
0400_0051_0047_0041_0041.jpg 1 51 47 41 41
0401_0017_0019_0032_0032.jpg 1 17 19 32 32
0402_0012_0021_0060_0060.jpg 1 12 21 60 60
0403_0006_0021_0066_0066.jpg 1 6 21 66 66
0404_0010_0027_0066_0066.jpg 1 10 27 66 66
0405_0044_0023_0043_0043.jpg 1 44 23 43 43
0406_0012_0005_0068_0068.jpg 1 12 5 68 68
0407_0012_0047_0045_0045.jpg 1 12 47 45 45
0408_0008_0025_0068_0068.jpg 1 8 25 68 68
0409_0035_0040_0050_0050.jpg 1 35 40 50 50
0410_0022_0007_0054_0054.jpg 1 22 7 54 54
0411_0034_0006_0058_0058.jpg 1 34 6 58 58
0412_0040_0049_0034_0034.jpg 1 40 49 34 34
0413_0011_0016_0068_0068.jpg 1 11 16 68 68
0414_0013_0013_0051_0051.jpg 1 13 13 51 51
0415_0034_0014_0024_0024.jpg 1 34 14 24 24
0416_0025_0030_0062_0062.jpg 1 25 30 62 62
0417_0015_0006_0042_0042.jpg 1 15 6 42 42
0418_0009_0029_0024_0024.jpg 1 9 29 24 24
0419_0023_0008_0052_0052.jpg 1 23 8 52 52
0420_0041_0036_0031_0031.jpg 1 41 36 31 31
0421_0047_0044_0044_0044.jpg 1 47 44 44 44
0422_0011_0043_0032_0032.jpg 1 11 43 32 32
0423_0018_0051_0027_0027.jpg 1 18 51 27 27
0424_0038_0031_0057_0057.jpg 1 38 31 57 57
0425_0006_0017_0058_0058.jpg 1 6 17 58 58
0426_0039_0023_0050_0050.jpg 1 39 23 50 50
0427_0038_0035_0036_0036.jpg 1 38 35 36 36
0428_0018_0009_0069_0069.jpg 1 18 9 69 69
0429_0063_0045_0028_0028.jpg 1 63 45 28 28
0430_0009_0025_0038_0038.jpg 1 9 25 38 38
0431_0008_0033_0062_0062.jpg 1 8 33 62 62
0432_0029_0016_0063_0063.jpg 1 29 16 63 63
0433_0052_0041_0034_0034.jpg 1 52 41 34 34
0434_0009_0009_0067_0067.jpg 1 9 9 67 67
0435_0018_0028_0052_0052.jpg 1 18 28 52 52
0436_0019_0022_0051_0051.jpg 1 19 22 51 51
0437_0008_0039_0034_0034.jpg 1 8 39 34 34
0438_0006_0049_0043_0043.jpg 1 6 49 43 43
0439_0016_0007_0044_0044.jpg 1 16 7 44 44
0440_0006_0017_0067_0067.jpg 1 6 17 67 67
0441_0017_0017_0068_0068.jpg 1 17 17 68 68
0442_0028_0031_0034_0034.jpg 1 28 31 34 34
0443_0007_0059_0028_0028.jpg 1 7 59 28 28
0444_0010_0025_0066_0066.jpg 1 10 25 66 66
0445_0003_0027_0066_0066.jpg 1 3 27 66 66
0446_0009_0010_0063_0063.jpg 1 9 10 63 63
0447_0021_0034_0042_0042.jpg 1 21 34 42 42
0448_0034_0033_0060_0060.jpg 1 34 33 60 60
0449_0023_0017_0066_0066.jpg 1 23 17 66 66
0450_0052_0059_0024_0024.jpg 1 52 59 24 24
0451_0009_0005_0068_0068.jpg 1 9 5 68 68
0452_0009_0029_0051_0051.jpg 1 9 29 51 51
0453_0007_0028_0046_0046.jpg 1 7 28 46 46
0454_0033_0010_0040_0040.jpg 1 33 10 40 40
0455_0010_0022_0065_0065.jpg 1 10 22 65 65
0456_0036_0024_0047_0047.jpg 1 36 24 47 47
0457_0043_0038_0043_0043.jpg 1 43 38 43 43
0458_0027_0022_0050_0050.jpg 1 27 22 50 50
0459_0020_0009_0036_0036.jpg 1 20 9 36 36
0460_0042_0050_0033_0033.jpg 1 42 50 33 33
0461_0029_0005_0054_0054.jpg 1 29 5 54 54
0462_0007_0020_0066_0066.jpg 1 7 20 66 66
0463_0013_0017_0040_0040.jpg 1 13 17 40 40
0464_0013_0019_0046_0046.jpg 1 13 19 46 46
0465_0010_0022_0066_0066.jpg 1 10 22 66 66
0466_0007_0007_0028_0028.jpg 1 7 7 28 28
0467_0025_0005_0064_0064.jpg 1 25 5 64 64
0468_0023_0033_0041_0041.jpg 1 23 33 41 41
0469_0021_0010_0059_0059.jpg 1 21 10 59 59
0470_0020_0025_0042_0042.jpg 1 20 25 42 42
0471_0029_0038_0036_0036.jpg 1 29 38 36 36
0472_0023_0027_0047_0047.jpg 1 23 27 47 47
0473_0011_0034_0037_0037.jpg 1 11 34 37 37
0474_0017_0004_0052_0052.jpg 1 17 4 52 52
0475_0055_0049_0031_0031.jpg 1 55 49 31 31
0476_0013_0048_0037_0037.jpg 1 13 48 37 37
0477_0013_0019_0060_0060.jpg 1 13 19 60 60
0478_0020_0012_0069_0069.jpg 1 20 12 69 69
0479_0058_0053_0029_0029.jpg 1 58 53 29 29
0480_0011_0033_0061_0061.jpg 1 11 33 61 61
0481_0052_0049_0030_0030.jpg 1 52 49 30 30
0482_0041_0006_0039_0039.jpg 1 41 6 39 39
0483_0023_0006_0035_0035.jpg 1 23 6 35 35
0484_0007_0037_0033_0033.jpg 1 7 37 33 33
0485_0040_0034_0030_0030.jpg 1 40 34 30 30
0486_0021_0031_0064_0064.jpg 1 21 31 64 64
0487_0016_0007_0069_0069.jpg 1 16 7 69 69
0488_0055_0066_0024_0024.jpg 1 55 66 24 24
0489_0032_0041_0045_0045.jpg 1 32 41 45 45
0490_0013_0022_0062_0062.jpg 1 13 22 62 62
0491_0013_0009_0064_0064.jpg 1 13 9 64 64
0492_0028_0007_0065_0065.jpg 1 28 7 65 65
0493_0051_0025_0040_0040.jpg 1 51 25 40 40
0494_0016_0037_0053_0053.jpg 1 16 37 53 53
0495_0014_0023_0069_0069.jpg 1 14 23 69 69
0496_0012_0012_0062_0062.jpg 1 12 12 62 62
0497_0014_0020_0031_0031.jpg 1 14 20 31 31
0498_0051_0039_0027_0027.jpg 1 51 39 27 27
0499_0022_0041_0032_0032.jpg 1 22 41 32 32
0500_0012_0057_0028_0028.jpg 1 12 57 28 28
0501_0051_0060_0024_0024.jpg 1 51 60 24 24
0502_0026_0022_0059_0059.jpg 1 26 22 59 59
0503_0006_0007_0056_0056.jpg 1 6 7 56 56
0504_0008_0011_0051_0051.jpg 1 8 11 51 51
0505_0009_0023_0057_0057.jpg 1 9 23 57 57
0506_0023_0034_0030_0030.jpg 1 23 34 30 30
0507_0015_0027_0056_0056.jpg 1 15 27 56 56
0508_0021_0022_0034_0034.jpg 1 21 22 34 34
0509_0009_0005_0065_0065.jpg 1 9 5 65 65
0510_0042_0010_0032_0032.jpg 1 42 10 32 32
0511_0055_0020_0033_0033.jpg 1 55 20 33 33
0512_0006_0046_0042_0042.jpg 1 6 46 42 42
0513_0020_0029_0043_0043.jpg 1 20 29 43 43
0514_0012_0034_0041_0041.jpg 1 12 34 41 41
0515_0026_0032_0029_0029.jpg 1 26 32 29 29
0516_0019_0010_0046_0046.jpg 1 19 10 46 46
0517_0004_0005_0068_0068.jpg 1 4 5 68 68
0518_0016_0046_0035_0035.jpg 1 16 46 35 35
0519_0018_0012_0069_0069.jpg 1 18 12 69 69
0520_0005_0026_0067_0067.jpg 1 5 26 67 67
0521_0026_0013_0057_0057.jpg 1 26 13 57 57
0522_0052_0053_0032_0032.jpg 1 52 53 32 32
0523_0016_0041_0052_0052.jpg 1 16 41 52 52
0524_0021_0010_0062_0062.jpg 1 21 10 62 62
0525_0060_0053_0030_0030.jpg 1 60 53 30 30
0526_0046_0037_0035_0035.jpg 1 46 37 35 35
0527_0053_0039_0030_0030.jpg 1 53 39 30 30
0528_0029_0030_0045_0045.jpg 1 29 30 45 45
0529_0055_0046_0033_0033.jpg 1 55 46 33 33
0530_0053_0051_0036_0036.jpg 1 53 51 36 36
0531_0040_0024_0045_0045.jpg 1 40 24 45 45
0532_0049_0038_0037_0037.jpg 1 49 38 37 37
0533_0027_0008_0069_0069.jpg 1 27 8 69 69
0534_0010_0063_0027_0027.jpg 1 10 63 27 27
0535_0040_0047_0031_0031.jpg 1 40 47 31 31
0536_0029_0036_0030_0030.jpg 1 29 36 30 30
0537_0010_0016_0063_0063.jpg 1 10 16 63 63
0538_0027_0017_0063_0063.jpg 1 27 17 63 63
0539_0045_0015_0049_0049.jpg 1 45 15 49 49
0540_0015_0025_0039_0039.jpg 1 15 25 39 39
0541_0008_0017_0039_0039.jpg 1 8 17 39 39
0542_0028_0047_0043_0043.jpg 1 28 47 43 43
0543_0022_0036_0047_0047.jpg 1 22 36 47 47
0544_0010_0029_0063_0063.jpg 1 10 29 63 63
0545_0038_0041_0046_0046.jpg 1 38 41 46 46
0546_0027_0006_0041_0041.jpg 1 27 6 41 41
0547_0011_0011_0061_0061.jpg 1 11 11 61 61
0548_0008_0029_0051_0051.jpg 1 8 29 51 51
0549_0031_0011_0040_0040.jpg 1 31 11 40 40
0550_0015_0031_0049_0049.jpg 1 15 31 49 49
0551_0046_0007_0048_0048.jpg 1 46 7 48 48
0552_0046_0007_0028_0028.jpg 1 46 7 28 28
0553_0021_0011_0041_0041.jpg 1 21 11 41 41
0554_0023_0066_0025_0025.jpg 1 23 66 25 25
0555_0004_0008_0063_0063.jpg 1 4 8 63 63
0556_0025_0013_0068_0068.jpg 1 25 13 68 68
0557_0026_0021_0067_0067.jpg 1 26 21 67 67
0558_0039_0027_0055_0055.jpg 1 39 27 55 55
0559_0030_0058_0034_0034.jpg 1 30 58 34 34
0560_0009_0028_0060_0060.jpg 1 9 28 60 60
0561_0038_0008_0034_0034.jpg 1 38 8 34 34
0562_0009_0018_0059_0059.jpg 1 9 18 59 59
0563_0011_0012_0069_0069.jpg 1 11 12 69 69
0564_0022_0059_0028_0028.jpg 1 22 59 28 28
0565_0012_0016_0055_0055.jpg 1 12 16 55 55
0566_0016_0035_0057_0057.jpg 1 16 35 57 57
0567_0056_0058_0035_0035.jpg 1 56 58 35 35
0568_0038_0011_0033_0033.jpg 1 38 11 33 33
0569_0018_0054_0030_0030.jpg 1 18 54 30 30
0570_0008_0011_0038_0038.jpg 1 8 11 38 38
0571_0019_0018_0055_0055.jpg 1 19 18 55 55
0572_0058_0011_0033_0033.jpg 1 58 11 33 33
0573_0023_0008_0057_0057.jpg 1 23 8 57 57
0574_0027_0018_0024_0024.jpg 1 27 18 24 24
0575_0017_0021_0028_0028.jpg 1 17 21 28 28
0576_0055_0045_0028_0028.jpg 1 55 45 28 28
0577_0049_0016_0041_0041.jpg 1 49 16 41 41
0578_0011_0017_0039_0039.jpg 1 11 17 39 39
0579_0036_0017_0047_0047.jpg 1 36 17 47 47
0580_0035_0009_0033_0033.jpg 1 35 9 33 33
0581_0016_0024_0060_0060.jpg 1 16 24 60 60
0582_0008_0015_0051_0051.jpg 1 8 15 51 51
0583_0022_0054_0039_0039.jpg 1 22 54 39 39
0584_0031_0034_0038_0038.jpg 1 31 34 38 38
0585_0009_0016_0068_0068.jpg 1 9 16 68 68
0586_0019_0017_0063_0063.jpg 1 19 17 63 63
0587_0041_0032_0045_0045.jpg 1 41 32 45 45
0588_0007_0050_0041_0041.jpg 1 7 50 41 41
0589_0012_0048_0039_0039.jpg 1 12 48 39 39
0590_0007_0013_0049_0049.jpg 1 7 13 49 49
0591_0029_0058_0031_0031.jpg 1 29 58 31 31
0592_0009_0017_0027_0027.jpg 1 9 17 27 27
0593_0053_0017_0035_0035.jpg 1 53 17 35 35
0594_0004_0031_0064_0064.jpg 1 4 31 64 64
0595_0024_0005_0061_0061.jpg 1 24 5 61 61
0596_0025_0032_0045_0045.jpg 1 25 32 45 45
0597_0009_0038_0043_0043.jpg 1 9 38 43 43
0598_0009_0040_0030_0030.jpg 1 9 40 30 30
0599_0015_0010_0062_0062.jpg 1 15 10 62 62
0600_0038_0024_0050_0050.jpg 1 38 24 50 50
0601_0037_0006_0050_0050.jpg 1 37 6 50 50
0602_0019_0025_0053_0053.jpg 1 19 25 53 53
0603_0043_0020_0036_0036.jpg 1 43 20 36 36
0604_0058_0023_0029_0029.jpg 1 58 23 29 29
0605_0033_0043_0046_0046.jpg 1 33 43 46 46
0606_0035_0027_0045_0045.jpg 1 35 27 45 45
0607_0003_0006_0068_0068.jpg 1 3 6 68 68
0608_0007_0031_0056_0056.jpg 1 7 31 56 56
0609_0017_0037_0052_0052.jpg 1 17 37 52 52
0610_0041_0013_0046_0046.jpg 1 41 13 46 46
0611_0014_0013_0062_0062.jpg 1 14 13 62 62
0612_0018_0011_0061_0061.jpg 1 18 11 61 61
0613_0022_0017_0038_0038.jpg 1 22 17 38 38
0614_0014_0005_0052_0052.jpg 1 14 5 52 52
0615_0023_0054_0037_0037.jpg 1 23 54 37 37
0616_0006_0019_0059_0059.jpg 1 6 19 59 59
0617_0035_0050_0024_0024.jpg 1 35 50 24 24
0618_0036_0019_0052_0052.jpg 1 36 19 52 52
0619_0018_0026_0057_0057.jpg 1 18 26 57 57
0620_0007_0028_0033_0033.jpg 1 7 28 33 33
0621_0032_0044_0026_0026.jpg 1 32 44 26 26
0622_0047_0011_0042_0042.jpg 1 47 11 42 42
0623_0051_0055_0025_0025.jpg 1 51 55 25 25
0624_0044_0024_0042_0042.jpg 1 44 24 42 42
0625_0017_0021_0066_0066.jpg 1 17 21 66 66
0626_0004_0013_0061_0061.jpg 1 4 13 61 61
0627_0025_0012_0041_0041.jpg 1 25 12 41 41
0628_0013_0006_0049_0049.jpg 1 13 6 49 49
0629_0035_0021_0052_0052.jpg 1 35 21 52 52
0630_0010_0005_0064_0064.jpg 1 10 5 64 64
0631_0031_0016_0050_0050.jpg 1 31 16 50 50
0632_0026_0028_0041_0041.jpg 1 26 28 41 41
0633_0047_0047_0024_0024.jpg 1 47 47 24 24
0634_0018_0027_0047_0047.jpg 1 18 27 47 47
0635_0025_0023_0052_0052.jpg 1 25 23 52 52
0636_0046_0061_0024_0024.jpg 1 46 61 24 24
0637_0048_0019_0033_0033.jpg 1 48 19 33 33
0638_0027_0008_0068_0068.jpg 1 27 8 68 68
0639_0026_0039_0044_0044.jpg 1 26 39 44 44
0640_0037_0012_0054_0054.jpg 1 37 12 54 54
0641_0038_0024_0040_0040.jpg 1 38 24 40 40
0642_0023_0012_0063_0063.jpg 1 23 12 63 63
0643_0027_0018_0034_0034.jpg 1 27 18 34 34
0644_0030_0025_0038_0038.jpg 1 30 25 38 38
0645_0051_0037_0029_0029.jpg 1 51 37 29 29
0646_0024_0014_0030_0030.jpg 1 24 14 30 30
0647_0030_0031_0059_0059.jpg 1 30 31 59 59
0648_0025_0039_0025_0025.jpg 1 25 39 25 25
0649_0009_0039_0047_0047.jpg 1 9 39 47 47
0650_0051_0049_0030_0030.jpg 1 51 49 30 30
0651_0023_0042_0043_0043.jpg 1 23 42 43 43
0652_0005_0016_0062_0062.jpg 1 5 16 62 62
0653_0018_0030_0035_0035.jpg 1 18 30 35 35
0654_0019_0051_0037_0037.jpg 1 19 51 37 37
0655_0010_0016_0068_0068.jpg 1 10 16 68 68
0656_0025_0033_0057_0057.jpg 1 25 33 57 57
0657_0025_0031_0062_0062.jpg 1 25 31 62 62
0658_0051_0028_0039_0039.jpg 1 51 28 39 39
0659_0011_0008_0047_0047.jpg 1 11 8 47 47
0660_0044_0042_0039_0039.jpg 1 44 42 39 39
0661_0003_0021_0064_0064.jpg 1 3 21 64 64
0662_0049_0034_0030_0030.jpg 1 49 34 30 30
0663_0018_0004_0069_0069.jpg 1 18 4 69 69
0664_0012_0016_0060_0060.jpg 1 12 16 60 60
0665_0020_0018_0060_0060.jpg 1 20 18 60 60
0666_0027_0023_0039_0039.jpg 1 27 23 39 39
0667_0004_0005_0069_0069.jpg 1 4 5 69 69
0668_0025_0040_0045_0045.jpg 1 25 40 45 45
0669_0027_0019_0066_0066.jpg 1 27 19 66 66
0670_0015_0045_0031_0031.jpg 1 15 45 31 31
0671_0026_0012_0050_0050.jpg 1 26 12 50 50
0672_0014_0055_0030_0030.jpg 1 14 55 30 30
0673_0029_0020_0055_0055.jpg 1 29 20 55 55
0674_0053_0037_0026_0026.jpg 1 53 37 26 26
0675_0022_0057_0033_0033.jpg 1 22 57 33 33
0676_0004_0020_0056_0056.jpg 1 4 20 56 56
0677_0033_0032_0059_0059.jpg 1 33 32 59 59
0678_0012_0008_0068_0068.jpg 1 12 8 68 68
0679_0017_0050_0037_0037.jpg 1 17 50 37 37
0680_0025_0012_0059_0059.jpg 1 25 12 59 59
0681_0027_0028_0065_0065.jpg 1 27 28 65 65
0682_0023_0052_0032_0032.jpg 1 23 52 32 32
0683_0026_0013_0055_0055.jpg 1 26 13 55 55
0684_0032_0023_0047_0047.jpg 1 32 23 47 47
0685_0041_0059_0029_0029.jpg 1 41 59 29 29
0686_0025_0013_0062_0062.jpg 1 25 13 62 62
0687_0009_0009_0064_0064.jpg 1 9 9 64 64
0688_0022_0028_0029_0029.jpg 1 22 28 29 29
0689_0011_0014_0045_0045.jpg 1 11 14 45 45
0690_0023_0035_0042_0042.jpg 1 23 35 42 42
0691_0044_0011_0042_0042.jpg 1 44 11 42 42
0692_0027_0031_0061_0061.jpg 1 27 31 61 61
0693_0009_0023_0065_0065.jpg 1 9 23 65 65
0694_0007_0029_0054_0054.jpg 1 7 29 54 54
0695_0012_0022_0039_0039.jpg 1 12 22 39 39
0696_0048_0052_0039_0039.jpg 1 48 52 39 39
0697_0017_0014_0066_0066.jpg 1 17 14 66 66
0698_0026_0024_0049_0049.jpg 1 26 24 49 49
0699_0010_0044_0026_0026.jpg 1 10 44 26 26
0700_0056_0027_0031_0031.jpg 1 56 27 31 31
0701_0025_0025_0065_0065.jpg 1 25 25 65 65
0702_0025_0004_0060_0060.jpg 1 25 4 60 60
0703_0008_0011_0057_0057.jpg 1 8 11 57 57
0704_0021_0029_0029_0029.jpg 1 21 29 29 29
0705_0013_0032_0051_0051.jpg 1 13 32 51 51
0706_0012_0049_0042_0042.jpg 1 12 49 42 42
0707_0024_0026_0053_0053.jpg 1 24 26 53 53
0708_0026_0007_0037_0037.jpg 1 26 7 37 37
0709_0011_0023_0052_0052.jpg 1 11 23 52 52
0710_0025_0015_0033_0033.jpg 1 25 15 33 33
0711_0016_0028_0060_0060.jpg 1 16 28 60 60
0712_0017_0026_0056_0056.jpg 1 17 26 56 56
0713_0004_0013_0065_0065.jpg 1 4 13 65 65
0714_0046_0026_0032_0032.jpg 1 46 26 32 32
0715_0049_0014_0029_0029.jpg 1 49 14 29 29
0716_0013_0054_0037_0037.jpg 1 13 54 37 37
0717_0007_0050_0026_0026.jpg 1 7 50 26 26
0718_0031_0014_0063_0063.jpg 1 31 14 63 63
0719_0009_0061_0026_0026.jpg 1 9 61 26 26
0720_0033_0018_0060_0060.jpg 1 33 18 60 60
0721_0009_0024_0042_0042.jpg 1 9 24 42 42
0722_0064_0017_0026_0026.jpg 1 64 17 26 26
0723_0061_0025_0024_0024.jpg 1 61 25 24 24
0724_0026_0011_0057_0057.jpg 1 26 11 57 57
0725_0019_0021_0030_0030.jpg 1 19 21 30 30
0726_0026_0022_0068_0068.jpg 1 26 22 68 68
0727_0014_0024_0060_0060.jpg 1 14 24 60 60
0728_0030_0042_0042_0042.jpg 1 30 42 42 42
0729_0036_0028_0056_0056.jpg 1 36 28 56 56
0730_0009_0050_0028_0028.jpg 1 9 50 28 28
0731_0008_0023_0036_0036.jpg 1 8 23 36 36
0732_0037_0027_0050_0050.jpg 1 37 27 50 50
0733_0031_0017_0060_0060.jpg 1 31 17 60 60
0734_0030_0030_0054_0054.jpg 1 30 30 54 54
0735_0030_0029_0026_0026.jpg 1 30 29 26 26
0736_0027_0010_0062_0062.jpg 1 27 10 62 62
0737_0013_0005_0067_0067.jpg 1 13 5 67 67
0738_0032_0036_0031_0031.jpg 1 32 36 31 31
0739_0035_0023_0050_0050.jpg 1 35 23 50 50
0740_0034_0058_0028_0028.jpg 1 34 58 28 28
0741_0017_0016_0056_0056.jpg 1 17 16 56 56
0742_0058_0028_0033_0033.jpg 1 58 28 33 33
0743_0052_0020_0039_0039.jpg 1 52 20 39 39
0744_0020_0017_0057_0057.jpg 1 20 17 57 57
0745_0026_0038_0040_0040.jpg 1 26 38 40 40
0746_0054_0035_0038_0038.jpg 1 54 35 38 38
0747_0011_0016_0031_0031.jpg 1 11 16 31 31
0748_0021_0039_0056_0056.jpg 1 21 39 56 56
0749_0028_0028_0027_0027.jpg 1 28 28 27 27
0750_0033_0006_0037_0037.jpg 1 33 6 37 37
0751_0026_0028_0055_0055.jpg 1 26 28 55 55
0752_0036_0028_0050_0050.jpg 1 36 28 50 50
0753_0037_0026_0051_0051.jpg 1 37 26 51 51
0754_0034_0016_0051_0051.jpg 1 34 16 51 51
0755_0025_0026_0048_0048.jpg 1 25 26 48 48
0756_0020_0020_0027_0027.jpg 1 20 20 27 27
0757_0035_0017_0058_0058.jpg 1 35 17 58 58
0758_0034_0066_0025_0025.jpg 1 34 66 25 25
0759_0008_0013_0058_0058.jpg 1 8 13 58 58
0760_0007_0014_0058_0058.jpg 1 7 14 58 58
0761_0015_0022_0063_0063.jpg 1 15 22 63 63
0762_0053_0029_0027_0027.jpg 1 53 29 27 27
0763_0046_0050_0024_0024.jpg 1 46 50 24 24
0764_0028_0040_0052_0052.jpg 1 28 40 52 52
0765_0006_0004_0068_0068.jpg 1 6 4 68 68
0766_0043_0037_0031_0031.jpg 1 43 37 31 31
0767_0031_0035_0054_0054.jpg 1 31 35 54 54
0768_0033_0024_0030_0030.jpg 1 33 24 30 30
0769_0024_0027_0066_0066.jpg 1 24 27 66 66
0770_0037_0024_0057_0057.jpg 1 37 24 57 57
0771_0026_0045_0039_0039.jpg 1 26 45 39 39
0772_0007_0046_0038_0038.jpg 1 7 46 38 38
0773_0015_0014_0068_0068.jpg 1 15 14 68 68
0774_0051_0031_0042_0042.jpg 1 51 31 42 42
0775_0038_0020_0046_0046.jpg 1 38 20 46 46
0776_0029_0019_0048_0048.jpg 1 29 19 48 48
0777_0038_0015_0054_0054.jpg 1 38 15 54 54
0778_0039_0026_0054_0054.jpg 1 39 26 54 54
0779_0026_0015_0062_0062.jpg 1 26 15 62 62
0780_0014_0020_0062_0062.jpg 1 14 20 62 62
0781_0052_0029_0029_0029.jpg 1 52 29 29 29
0782_0024_0025_0068_0068.jpg 1 24 25 68 68
0783_0049_0020_0037_0037.jpg 1 49 20 37 37
0784_0016_0033_0061_0061.jpg 1 16 33 61 61
0785_0007_0012_0054_0054.jpg 1 7 12 54 54
0786_0048_0039_0044_0044.jpg 1 48 39 44 44
0787_0014_0038_0047_0047.jpg 1 14 38 47 47
0788_0027_0015_0057_0057.jpg 1 27 15 57 57
0789_0008_0036_0050_0050.jpg 1 8 36 50 50
0790_0026_0012_0058_0058.jpg 1 26 12 58 58
0791_0027_0026_0069_0069.jpg 1 27 26 69 69
0792_0009_0008_0048_0048.jpg 1 9 8 48 48
0793_0054_0011_0029_0029.jpg 1 54 11 29 29
0794_0021_0014_0062_0062.jpg 1 21 14 62 62
0795_0023_0007_0044_0044.jpg 1 23 7 44 44
0796_0025_0018_0057_0057.jpg 1 25 18 57 57
0797_0011_0044_0031_0031.jpg 1 11 44 31 31
0798_0033_0034_0059_0059.jpg 1 33 34 59 59
0799_0018_0015_0048_0048.jpg 1 18 15 48 48
0800_0006_0003_0069_0069.jpg 1 6 3 69 69
0801_0010_0015_0062_0062.jpg 1 10 15 62 62
0802_0041_0052_0034_0034.jpg 1 41 52 34 34
0803_0031_0032_0042_0042.jpg 1 31 32 42 42
0804_0017_0048_0027_0027.jpg 1 17 48 27 27
0805_0017_0051_0037_0037.jpg 1 17 51 37 37
0806_0017_0012_0069_0069.jpg 1 17 12 69 69
0807_0041_0019_0042_0042.jpg 1 41 19 42 42
0808_0024_0056_0037_0037.jpg 1 24 56 37 37
0809_0009_0021_0054_0054.jpg 1 9 21 54 54
0810_0024_0014_0050_0050.jpg 1 24 14 50 50
0811_0012_0021_0043_0043.jpg 1 12 21 43 43
0812_0020_0014_0054_0054.jpg 1 20 14 54 54
0813_0014_0024_0068_0068.jpg 1 14 24 68 68
0814_0045_0010_0042_0042.jpg 1 45 10 42 42
0815_0021_0008_0038_0038.jpg 1 21 8 38 38
0816_0044_0021_0037_0037.jpg 1 44 21 37 37
0817_0046_0045_0042_0042.jpg 1 46 45 42 42
0818_0007_0017_0045_0045.jpg 1 7 17 45 45
0819_0039_0026_0053_0053.jpg 1 39 26 53 53
0820_0023_0028_0055_0055.jpg 1 23 28 55 55
0821_0010_0024_0050_0050.jpg 1 10 24 50 50
0822_0022_0042_0034_0034.jpg 1 22 42 34 34
0823_0007_0014_0062_0062.jpg 1 7 14 62 62
0824_0032_0045_0046_0046.jpg 1 32 45 46 46
0825_0025_0049_0038_0038.jpg 1 25 49 38 38
0826_0022_0005_0046_0046.jpg 1 22 5 46 46
0827_0017_0057_0032_0032.jpg 1 17 57 32 32
0828_0010_0048_0040_0040.jpg 1 10 48 40 40
0829_0015_0025_0032_0032.jpg 1 15 25 32 32
0830_0003_0007_0069_0069.jpg 1 3 7 69 69
0831_0054_0017_0024_0024.jpg 1 54 17 24 24
0832_0051_0019_0035_0035.jpg 1 51 19 35 35
0833_0036_0024_0033_0033.jpg 1 36 24 33 33
0834_0020_0007_0069_0069.jpg 1 20 7 69 69
0835_0055_0031_0029_0029.jpg 1 55 31 29 29
0836_0028_0038_0043_0043.jpg 1 28 38 43 43
0837_0011_0010_0057_0057.jpg 1 11 10 57 57
0838_0011_0020_0047_0047.jpg 1 11 20 47 47
0839_0040_0040_0029_0029.jpg 1 40 40 29 29
0840_0005_0028_0056_0056.jpg 1 5 28 56 56
0841_0037_0037_0052_0052.jpg 1 37 37 52 52
0842_0021_0023_0063_0063.jpg 1 21 23 63 63
0843_0036_0026_0056_0056.jpg 1 36 26 56 56
0844_0019_0022_0041_0041.jpg 1 19 22 41 41
0845_0032_0022_0057_0057.jpg 1 32 22 57 57
0846_0026_0034_0054_0054.jpg 1 26 34 54 54
0847_0007_0005_0061_0061.jpg 1 7 5 61 61
0848_0026_0009_0056_0056.jpg 1 26 9 56 56
0849_0042_0012_0031_0031.jpg 1 42 12 31 31
0850_0023_0013_0067_0067.jpg 1 23 13 67 67
0851_0010_0007_0042_0042.jpg 1 10 7 42 42
0852_0032_0018_0048_0048.jpg 1 32 18 48 48
0853_0025_0018_0037_0037.jpg 1 25 18 37 37
0854_0018_0049_0025_0025.jpg 1 18 49 25 25
0855_0005_0008_0060_0060.jpg 1 5 8 60 60
0856_0010_0034_0026_0026.jpg 1 10 34 26 26
0857_0012_0032_0061_0061.jpg 1 12 32 61 61
0858_0017_0020_0040_0040.jpg 1 17 20 40 40
0859_0005_0009_0060_0060.jpg 1 5 9 60 60
0860_0043_0015_0047_0047.jpg 1 43 15 47 47
0861_0004_0017_0066_0066.jpg 1 4 17 66 66
0862_0022_0025_0047_0047.jpg 1 22 25 47 47
0863_0051_0033_0028_0028.jpg 1 51 33 28 28
0864_0032_0033_0061_0061.jpg 1 32 33 61 61
0865_0049_0042_0041_0041.jpg 1 49 42 41 41
0866_0036_0012_0045_0045.jpg 1 36 12 45 45
0867_0018_0004_0063_0063.jpg 1 18 4 63 63
0868_0034_0024_0047_0047.jpg 1 34 24 47 47
0869_0027_0025_0040_0040.jpg 1 27 25 40 40
0870_0013_0029_0066_0066.jpg 1 13 29 66 66
0871_0014_0026_0027_0027.jpg 1 14 26 27 27
0872_0009_0010_0063_0063.jpg 1 9 10 63 63
0873_0023_0027_0058_0058.jpg 1 23 27 58 58
0874_0022_0025_0033_0033.jpg 1 22 25 33 33
0875_0029_0015_0052_0052.jpg 1 29 15 52 52
0876_0036_0010_0059_0059.jpg 1 36 10 59 59
0877_0046_0048_0037_0037.jpg 1 46 48 37 37
0878_0038_0022_0043_0043.jpg 1 38 22 43 43
0879_0035_0031_0042_0042.jpg 1 35 31 42 42
0880_0026_0021_0062_0062.jpg 1 26 21 62 62
0881_0009_0016_0053_0053.jpg 1 9 16 53 53
0882_0026_0022_0039_0039.jpg 1 26 22 39 39
0883_0060_0021_0027_0027.jpg 1 60 21 27 27
0884_0044_0009_0050_0050.jpg 1 44 9 50 50
0885_0032_0009_0052_0052.jpg 1 32 9 52 52
0886_0029_0030_0039_0039.jpg 1 29 30 39 39
0887_0005_0005_0066_0066.jpg 1 5 5 66 66
0888_0060_0014_0028_0028.jpg 1 60 14 28 28
0889_0009_0007_0057_0057.jpg 1 9 7 57 57
0890_0044_0058_0025_0025.jpg 1 44 58 25 25
0891_0038_0035_0042_0042.jpg 1 38 35 42 42
0892_0040_0021_0052_0052.jpg 1 40 21 52 52
0893_0014_0026_0051_0051.jpg 1 14 26 51 51
0894_0033_0006_0033_0033.jpg 1 33 6 33 33
0895_0036_0007_0040_0040.jpg 1 36 7 40 40
0896_0020_0013_0026_0026.jpg 1 20 13 26 26
0897_0014_0032_0031_0031.jpg 1 14 32 31 31
0898_0040_0024_0055_0055.jpg 1 40 24 55 55
0899_0009_0031_0057_0057.jpg 1 9 31 57 57
0900_0028_0044_0036_0036.jpg 1 28 44 36 36
0901_0021_0006_0046_0046.jpg 1 21 6 46 46
0902_0009_0011_0025_0025.jpg 1 9 11 25 25
0903_0019_0015_0065_0065.jpg 1 19 15 65 65
0904_0030_0022_0053_0053.jpg 1 30 22 53 53
0905_0018_0026_0062_0062.jpg 1 18 26 62 62
0906_0031_0021_0063_0063.jpg 1 31 21 63 63
0907_0017_0033_0028_0028.jpg 1 17 33 28 28
0908_0017_0017_0055_0055.jpg 1 17 17 55 55
0909_0014_0018_0065_0065.jpg 1 14 18 65 65
0910_0017_0015_0057_0057.jpg 1 17 15 57 57
0911_0031_0050_0028_0028.jpg 1 31 50 28 28
0912_0026_0015_0063_0063.jpg 1 26 15 63 63
0913_0035_0040_0043_0043.jpg 1 35 40 43 43
0914_0022_0005_0064_0064.jpg 1 22 5 64 64
0915_0011_0041_0036_0036.jpg 1 11 41 36 36
0916_0037_0018_0049_0049.jpg 1 37 18 49 49
0917_0034_0038_0038_0038.jpg 1 34 38 38 38
0918_0034_0037_0052_0052.jpg 1 34 37 52 52
0919_0008_0014_0068_0068.jpg 1 8 14 68 68
0920_0039_0033_0041_0041.jpg 1 39 33 41 41
0921_0038_0049_0035_0035.jpg 1 38 49 35 35
0922_0045_0027_0042_0042.jpg 1 45 27 42 42
0923_0034_0007_0057_0057.jpg 1 34 7 57 57
0924_0014_0040_0024_0024.jpg 1 14 40 24 24
0925_0043_0021_0035_0035.jpg 1 43 21 35 35
0926_0007_0016_0069_0069.jpg 1 7 16 69 69
0927_0046_0006_0040_0040.jpg 1 46 6 40 40
0928_0054_0032_0039_0039.jpg 1 54 32 39 39
0929_0023_0015_0064_0064.jpg 1 23 15 64 64
0930_0021_0026_0036_0036.jpg 1 21 26 36 36
0931_0032_0012_0037_0037.jpg 1 32 12 37 37
0932_0026_0018_0058_0058.jpg 1 26 18 58 58
0933_0022_0008_0069_0069.jpg 1 22 8 69 69
0934_0012_0018_0069_0069.jpg 1 12 18 69 69
0935_0017_0042_0052_0052.jpg 1 17 42 52 52
0936_0031_0009_0032_0032.jpg 1 31 9 32 32
0937_0023_0043_0025_0025.jpg 1 23 43 25 25
0938_0005_0028_0044_0044.jpg 1 5 28 44 44
0939_0035_0046_0033_0033.jpg 1 35 46 33 33
0940_0025_0018_0055_0055.jpg 1 25 18 55 55
0941_0052_0034_0039_0039.jpg 1 52 34 39 39
0942_0059_0031_0032_0032.jpg 1 59 31 32 32
0943_0022_0029_0044_0044.jpg 1 22 29 44 44
0944_0032_0059_0028_0028.jpg 1 32 59 28 28
0945_0032_0039_0040_0040.jpg 1 32 39 40 40
0946_0028_0026_0056_0056.jpg 1 28 26 56 56
0947_0043_0042_0030_0030.jpg 1 43 42 30 30
0948_0019_0024_0028_0028.jpg 1 19 24 28 28
0949_0049_0014_0024_0024.jpg 1 49 14 24 24
0950_0032_0014_0031_0031.jpg 1 32 14 31 31
0951_0006_0027_0057_0057.jpg 1 6 27 57 57
0952_0014_0049_0034_0034.jpg 1 14 49 34 34
0953_0021_0023_0052_0052.jpg 1 21 23 52 52
0954_0049_0058_0033_0033.jpg 1 49 58 33 33
0955_0015_0038_0034_0034.jpg 1 15 38 34 34
0956_0034_0041_0053_0053.jpg 1 34 41 53 53
0957_0038_0015_0032_0032.jpg 1 38 15 32 32
0958_0016_0044_0036_0036.jpg 1 16 44 36 36
0959_0026_0003_0069_0069.jpg 1 26 3 69 69
0960_0038_0046_0026_0026.jpg 1 38 46 26 26
0961_0039_0042_0024_0024.jpg 1 39 42 24 24
0962_0038_0008_0054_0054.jpg 1 38 8 54 54
0963_0018_0020_0065_0065.jpg 1 18 20 65 65
0964_0041_0020_0050_0050.jpg 1 41 20 50 50
0965_0021_0008_0045_0045.jpg 1 21 8 45 45
0966_0014_0027_0069_0069.jpg 1 14 27 69 69
0967_0047_0057_0032_0032.jpg 1 47 57 32 32
0968_0031_0024_0048_0048.jpg 1 31 24 48 48
0969_0020_0020_0027_0027.jpg 1 20 20 27 27
0970_0044_0027_0044_0044.jpg 1 44 27 44 44
0971_0052_0020_0028_0028.jpg 1 52 20 28 28
0972_0009_0014_0035_0035.jpg 1 9 14 35 35
0973_0035_0027_0046_0046.jpg 1 35 27 46 46
0974_0006_0017_0063_0063.jpg 1 6 17 63 63
0975_0019_0008_0059_0059.jpg 1 19 8 59 59
0976_0042_0045_0044_0044.jpg 1 42 45 44 44
0977_0019_0031_0048_0048.jpg 1 19 31 48 48
0978_0038_0034_0054_0054.jpg 1 38 34 54 54
0979_0039_0040_0034_0034.jpg 1 39 40 34 34
0980_0029_0029_0064_0064.jpg 1 29 29 64 64
0981_0040_0028_0032_0032.jpg 1 40 28 32 32
0982_0018_0005_0059_0059.jpg 1 18 5 59 59
0983_0028_0012_0049_0049.jpg 1 28 12 49 49
0984_0028_0024_0063_0063.jpg 1 28 24 63 63
0985_0052_0048_0024_0024.jpg 1 52 48 24 24
0986_0028_0052_0026_0026.jpg 1 28 52 26 26
0987_0017_0009_0034_0034.jpg 1 17 9 34 34
0988_0016_0032_0039_0039.jpg 1 16 32 39 39
0989_0019_0024_0060_0060.jpg 1 19 24 60 60
0990_0005_0009_0065_0065.jpg 1 5 9 65 65
0991_0035_0025_0057_0057.jpg 1 35 25 57 57
0992_0018_0023_0059_0059.jpg 1 18 23 59 59
0993_0020_0064_0026_0026.jpg 1 20 64 26 26
0994_0021_0008_0068_0068.jpg 1 21 8 68 68
0995_0032_0014_0054_0054.jpg 1 32 14 54 54
0996_0026_0011_0067_0067.jpg 1 26 11 67 67
0997_0010_0016_0044_0044.jpg 1 10 16 44 44
0998_0035_0023_0033_0033.jpg 1 35 23 33 33
0999_0012_0040_0045_0045.jpg 1 12 40 45 45
1000_0044_0052_0036_0036.jpg 1 44 52 36 36
1001_0039_0022_0032_0032.jpg 1 39 22 32 32
1002_0021_0048_0025_0025.jpg 1 21 48 25 25
1003_0008_0010_0061_0061.jpg 1 8 10 61 61
1004_0031_0032_0054_0054.jpg 1 31 32 54 54
1005_0035_0039_0055_0055.jpg 1 35 39 55 55
1006_0040_0043_0034_0034.jpg 1 40 43 34 34
1007_0014_0031_0034_0034.jpg 1 14 31 34 34
1008_0015_0021_0044_0044.jpg 1 15 21 44 44
1009_0014_0027_0069_0069.jpg 1 14 27 69 69
1010_0009_0044_0050_0050.jpg 1 9 44 50 50
1011_0037_0048_0036_0036.jpg 1 37 48 36 36
1012_0006_0020_0043_0043.jpg 1 6 20 43 43
1013_0020_0043_0043_0043.jpg 1 20 43 43 43
1014_0019_0028_0053_0053.jpg 1 19 28 53 53
1015_0017_0046_0042_0042.jpg 1 17 46 42 42
1016_0022_0058_0024_0024.jpg 1 22 58 24 24
1017_0003_0016_0064_0064.jpg 1 3 16 64 64
1018_0012_0025_0037_0037.jpg 1 12 25 37 37
1019_0006_0008_0053_0053.jpg 1 6 8 53 53
1020_0039_0032_0038_0038.jpg 1 39 32 38 38
1021_0007_0024_0050_0050.jpg 1 7 24 50 50
1022_0005_0009_0055_0055.jpg 1 5 9 55 55
1023_0023_0049_0034_0034.jpg 1 23 49 34 34
1024_0011_0027_0055_0055.jpg 1 11 27 55 55
1025_0008_0037_0034_0034.jpg 1 8 37 34 34
1026_0046_0020_0035_0035.jpg 1 46 20 35 35
1027_0008_0036_0048_0048.jpg 1 8 36 48 48
1028_0016_0008_0032_0032.jpg 1 16 8 32 32
1029_0054_0049_0029_0029.jpg 1 54 49 29 29
1030_0013_0039_0048_0048.jpg 1 13 39 48 48
1031_0012_0009_0064_0064.jpg 1 12 9 64 64
1032_0027_0012_0057_0057.jpg 1 27 12 57 57
1033_0017_0009_0051_0051.jpg 1 17 9 51 51
1034_0009_0016_0050_0050.jpg 1 9 16 50 50
1035_0031_0028_0064_0064.jpg 1 31 28 64 64
1036_0013_0011_0042_0042.jpg 1 13 11 42 42
1037_0032_0013_0052_0052.jpg 1 32 13 52 52
1038_0029_0036_0054_0054.jpg 1 29 36 54 54
1039_0029_0045_0028_0028.jpg 1 29 45 28 28
1040_0035_0050_0032_0032.jpg 1 35 50 32 32
1041_0053_0019_0040_0040.jpg 1 53 19 40 40
1042_0023_0009_0066_0066.jpg 1 23 9 66 66
1043_0056_0023_0033_0033.jpg 1 56 23 33 33
1044_0003_0022_0067_0067.jpg 1 3 22 67 67
1045_0015_0019_0069_0069.jpg 1 15 19 69 69
1046_0031_0007_0064_0064.jpg 1 31 7 64 64
1047_0046_0017_0036_0036.jpg 1 46 17 36 36
1048_0020_0006_0067_0067.jpg 1 20 6 67 67
1049_0036_0034_0045_0045.jpg 1 36 34 45 45
1050_0033_0042_0042_0042.jpg 1 33 42 42 42
1051_0030_0020_0031_0031.jpg 1 30 20 31 31
1052_0015_0009_0063_0063.jpg 1 15 9 63 63
1053_0013_0013_0051_0051.jpg 1 13 13 51 51
1054_0008_0050_0029_0029.jpg 1 8 50 29 29
1055_0013_0045_0027_0027.jpg 1 13 45 27 27
1056_0038_0008_0052_0052.jpg 1 38 8 52 52
1057_0018_0032_0054_0054.jpg 1 18 32 54 54
1058_0007_0013_0034_0034.jpg 1 7 13 34 34
1059_0027_0031_0050_0050.jpg 1 27 31 50 50
1060_0047_0009_0032_0032.jpg 1 47 9 32 32
1061_0027_0007_0029_0029.jpg 1 27 7 29 29
1062_0033_0052_0024_0024.jpg 1 33 52 24 24
1063_0025_0011_0037_0037.jpg 1 25 11 37 37
1064_0024_0008_0033_0033.jpg 1 24 8 33 33
1065_0053_0050_0024_0024.jpg 1 53 50 24 24
1066_0015_0027_0068_0068.jpg 1 15 27 68 68
1067_0013_0018_0053_0053.jpg 1 13 18 53 53
1068_0005_0028_0060_0060.jpg 1 5 28 60 60
1069_0036_0040_0046_0046.jpg 1 36 40 46 46
1070_0020_0038_0049_0049.jpg 1 20 38 49 49
1071_0014_0022_0035_0035.jpg 1 14 22 35 35
1072_0005_0017_0054_0054.jpg 1 5 17 54 54
1073_0036_0027_0034_0034.jpg 1 36 27 34 34
1074_0016_0027_0028_0028.jpg 1 16 27 28 28
1075_0039_0035_0056_0056.jpg 1 39 35 56 56
1076_0039_0042_0052_0052.jpg 1 39 42 52 52
1077_0030_0012_0062_0062.jpg 1 30 12 62 62
1078_0008_0044_0035_0035.jpg 1 8 44 35 35
1079_0018_0015_0033_0033.jpg 1 18 15 33 33
1080_0045_0007_0039_0039.jpg 1 45 7 39 39
1081_0036_0020_0035_0035.jpg 1 36 20 35 35
1082_0034_0038_0049_0049.jpg 1 34 38 49 49
1083_0055_0014_0026_0026.jpg 1 55 14 26 26
1084_0033_0006_0055_0055.jpg 1 33 6 55 55
1085_0029_0010_0067_0067.jpg 1 29 10 67 67
1086_0011_0012_0063_0063.jpg 1 11 12 63 63
1087_0005_0022_0068_0068.jpg 1 5 22 68 68
1088_0008_0015_0066_0066.jpg 1 8 15 66 66
1089_0048_0047_0038_0038.jpg 1 48 47 38 38
1090_0008_0016_0054_0054.jpg 1 8 16 54 54
1091_0037_0029_0054_0054.jpg 1 37 29 54 54
1092_0026_0041_0039_0039.jpg 1 26 41 39 39
1093_0058_0023_0029_0029.jpg 1 58 23 29 29
1094_0022_0063_0029_0029.jpg 1 22 63 29 29
1095_0011_0037_0035_0035.jpg 1 11 37 35 35
1096_0010_0023_0034_0034.jpg 1 10 23 34 34
1097_0017_0015_0069_0069.jpg 1 17 15 69 69
1098_0022_0022_0050_0050.jpg 1 22 22 50 50
1099_0031_0046_0025_0025.jpg 1 31 46 25 25
1100_0051_0008_0028_0028.jpg 1 51 8 28 28
1101_0027_0023_0058_0058.jpg 1 27 23 58 58
1102_0026_0020_0062_0062.jpg 1 26 20 62 62
1103_0029_0032_0024_0024.jpg 1 29 32 24 24
1104_0036_0007_0058_0058.jpg 1 36 7 58 58
1105_0032_0048_0041_0041.jpg 1 32 48 41 41
1106_0042_0018_0031_0031.jpg 1 42 18 31 31
1107_0031_0020_0057_0057.jpg 1 31 20 57 57
1108_0032_0017_0044_0044.jpg 1 32 17 44 44
1109_0017_0018_0042_0042.jpg 1 17 18 42 42
1110_0050_0030_0024_0024.jpg 1 50 30 24 24
1111_0023_0023_0062_0062.jpg 1 23 23 62 62
1112_0046_0009_0039_0039.jpg 1 46 9 39 39
1113_0040_0040_0035_0035.jpg 1 40 40 35 35
1114_0018_0020_0049_0049.jpg 1 18 20 49 49
1115_0060_0044_0026_0026.jpg 1 60 44 26 26
1116_0026_0031_0061_0061.jpg 1 26 31 61 61
1117_0012_0018_0066_0066.jpg 1 12 18 66 66
1118_0012_0031_0065_0065.jpg 1 12 31 65 65
1119_0056_0021_0025_0025.jpg 1 56 21 25 25
1120_0038_0029_0043_0043.jpg 1 38 29 43 43
1121_0019_0005_0064_0064.jpg 1 19 5 64 64
1122_0010_0017_0059_0059.jpg 1 10 17 59 59
1123_0005_0031_0050_0050.jpg 1 5 31 50 50
1124_0008_0016_0037_0037.jpg 1 8 16 37 37
1125_0006_0028_0059_0059.jpg 1 6 28 59 59
1126_0027_0011_0066_0066.jpg 1 27 11 66 66
1127_0007_0013_0066_0066.jpg 1 7 13 66 66
1128_0032_0030_0049_0049.jpg 1 32 30 49 49
1129_0030_0020_0043_0043.jpg 1 30 20 43 43
1130_0018_0056_0036_0036.jpg 1 18 56 36 36
1131_0011_0014_0066_0066.jpg 1 11 14 66 66
1132_0027_0029_0034_0034.jpg 1 27 29 34 34
1133_0035_0009_0051_0051.jpg 1 35 9 51 51
1134_0013_0025_0067_0067.jpg 1 13 25 67 67
1135_0031_0013_0049_0049.jpg 1 31 13 49 49
1136_0010_0006_0059_0059.jpg 1 10 6 59 59
1137_0031_0022_0055_0055.jpg 1 31 22 55 55
1138_0017_0011_0049_0049.jpg 1 17 11 49 49
1139_0017_0034_0053_0053.jpg 1 17 34 53 53
1140_0038_0023_0043_0043.jpg 1 38 23 43 43
1141_0011_0013_0054_0054.jpg 1 11 13 54 54
1142_0037_0024_0044_0044.jpg 1 37 24 44 44
1143_0041_0011_0048_0048.jpg 1 41 11 48 48
1144_0016_0030_0055_0055.jpg 1 16 30 55 55
1145_0017_0009_0066_0066.jpg 1 17 9 66 66
1146_0046_0058_0029_0029.jpg 1 46 58 29 29
1147_0022_0030_0044_0044.jpg 1 22 30 44 44
1148_0017_0030_0065_0065.jpg 1 17 30 65 65
1149_0027_0015_0046_0046.jpg 1 27 15 46 46
1150_0027_0052_0024_0024.jpg 1 27 52 24 24
1151_0030_0045_0039_0039.jpg 1 30 45 39 39
1152_0044_0017_0036_0036.jpg 1 44 17 36 36
1153_0023_0046_0027_0027.jpg 1 23 46 27 27
1154_0041_0038_0035_0035.jpg 1 41 38 35 35
1155_0027_0010_0053_0053.jpg 1 27 10 53 53
1156_0048_0031_0040_0040.jpg 1 48 31 40 40
1157_0057_0048_0024_0024.jpg 1 57 48 24 24
1158_0012_0018_0051_0051.jpg 1 12 18 51 51
1159_0019_0023_0037_0037.jpg 1 19 23 37 37
1160_0007_0022_0044_0044.jpg 1 7 22 44 44
1161_0014_0003_0062_0062.jpg 1 14 3 62 62
1162_0017_0052_0025_0025.jpg 1 17 52 25 25
1163_0056_0049_0033_0033.jpg 1 56 49 33 33
1164_0034_0048_0036_0036.jpg 1 34 48 36 36
1165_0051_0037_0032_0032.jpg 1 51 37 32 32
1166_0009_0027_0055_0055.jpg 1 9 27 55 55
1167_0028_0025_0064_0064.jpg 1 28 25 64 64
1168_0034_0029_0026_0026.jpg 1 34 29 26 26
1169_0017_0049_0026_0026.jpg 1 17 49 26 26
1170_0052_0037_0031_0031.jpg 1 52 37 31 31
1171_0027_0043_0033_0033.jpg 1 27 43 33 33
1172_0012_0013_0057_0057.jpg 1 12 13 57 57
1173_0029_0035_0032_0032.jpg 1 29 35 32 32
1174_0014_0035_0054_0054.jpg 1 14 35 54 54
1175_0027_0020_0067_0067.jpg 1 27 20 67 67
1176_0022_0012_0039_0039.jpg 1 22 12 39 39
1177_0054_0027_0035_0035.jpg 1 54 27 35 35
1178_0041_0041_0051_0051.jpg 1 41 41 51 51
1179_0025_0023_0067_0067.jpg 1 25 23 67 67
1180_0034_0026_0034_0034.jpg 1 34 26 34 34
1181_0019_0048_0038_0038.jpg 1 19 48 38 38
1182_0032_0045_0031_0031.jpg 1 32 45 31 31
1183_0028_0022_0048_0048.jpg 1 28 22 48 48
1184_0060_0017_0033_0033.jpg 1 60 17 33 33
1185_0024_0010_0057_0057.jpg 1 24 10 57 57
1186_0020_0014_0036_0036.jpg 1 20 14 36 36
1187_0013_0036_0059_0059.jpg 1 13 36 59 59
1188_0045_0047_0032_0032.jpg 1 45 47 32 32
1189_0023_0029_0067_0067.jpg 1 23 29 67 67
1190_0025_0043_0035_0035.jpg 1 25 43 35 35
1191_0009_0012_0068_0068.jpg 1 9 12 68 68
1192_0053_0041_0036_0036.jpg 1 53 41 36 36
1193_0040_0031_0033_0033.jpg 1 40 31 33 33
1194_0021_0025_0043_0043.jpg 1 21 25 43 43
1195_0019_0016_0034_0034.jpg 1 19 16 34 34
1196_0034_0036_0031_0031.jpg 1 34 36 31 31
1197_0037_0031_0049_0049.jpg 1 37 31 49 49
1198_0024_0006_0059_0059.jpg 1 24 6 59 59
1199_0045_0008_0048_0048.jpg 1 45 8 48 48
1200_0037_0014_0043_0043.jpg 1 37 14 43 43
1201_0015_0023_0051_0051.jpg 1 15 23 51 51
1202_0048_0024_0042_0042.jpg 1 48 24 42 42
1203_0019_0029_0034_0034.jpg 1 19 29 34 34
1204_0013_0036_0051_0051.jpg 1 13 36 51 51
1205_0015_0041_0047_0047.jpg 1 15 41 47 47
1206_0049_0027_0037_0037.jpg 1 49 27 37 37
1207_0045_0040_0033_0033.jpg 1 45 40 33 33
1208_0040_0016_0045_0045.jpg 1 40 16 45 45
1209_0028_0038_0026_0026.jpg 1 28 38 26 26
1210_0009_0025_0068_0068.jpg 1 9 25 68 68
1211_0024_0006_0056_0056.jpg 1 24 6 56 56
1212_0029_0043_0035_0035.jpg 1 29 43 35 35
1213_0011_0008_0065_0065.jpg 1 11 8 65 65
1214_0050_0010_0037_0037.jpg 1 50 10 37 37
1215_0017_0017_0067_0067.jpg 1 17 17 67 67
1216_0021_0031_0041_0041.jpg 1 21 31 41 41
1217_0012_0045_0048_0048.jpg 1 12 45 48 48
1218_0014_0005_0060_0060.jpg 1 14 5 60 60
1219_0028_0061_0031_0031.jpg 1 28 61 31 31
1220_0019_0023_0062_0062.jpg 1 19 23 62 62
1221_0006_0041_0043_0043.jpg 1 6 41 43 43
1222_0044_0024_0046_0046.jpg 1 44 24 46 46
1223_0020_0039_0024_0024.jpg 1 20 39 24 24
1224_0033_0029_0053_0053.jpg 1 33 29 53 53
1225_0054_0038_0032_0032.jpg 1 54 38 32 32
1226_0019_0015_0040_0040.jpg 1 19 15 40 40
1227_0017_0023_0063_0063.jpg 1 17 23 63 63
1228_0042_0056_0036_0036.jpg 1 42 56 36 36
1229_0046_0019_0047_0047.jpg 1 46 19 47 47
1230_0030_0012_0046_0046.jpg 1 30 12 46 46
1231_0039_0024_0051_0051.jpg 1 39 24 51 51
1232_0029_0023_0066_0066.jpg 1 29 23 66 66
1233_0040_0037_0040_0040.jpg 1 40 37 40 40
1234_0028_0025_0040_0040.jpg 1 28 25 40 40
1235_0012_0037_0052_0052.jpg 1 12 37 52 52
1236_0032_0038_0042_0042.jpg 1 32 38 42 42
1237_0026_0057_0027_0027.jpg 1 26 57 27 27
1238_0015_0035_0055_0055.jpg 1 15 35 55 55
1239_0018_0007_0060_0060.jpg 1 18 7 60 60
1240_0016_0013_0054_0054.jpg 1 16 13 54 54
1241_0023_0023_0064_0064.jpg 1 23 23 64 64
1242_0041_0031_0039_0039.jpg 1 41 31 39 39
1243_0006_0038_0049_0049.jpg 1 6 38 49 49
1244_0032_0019_0049_0049.jpg 1 32 19 49 49
1245_0019_0046_0040_0040.jpg 1 19 46 40 40
1246_0003_0022_0066_0066.jpg 1 3 22 66 66
1247_0043_0027_0038_0038.jpg 1 43 27 38 38
1248_0012_0026_0066_0066.jpg 1 12 26 66 66
1249_0055_0038_0030_0030.jpg 1 55 38 30 30
1250_0041_0033_0045_0045.jpg 1 41 33 45 45
1251_0010_0034_0053_0053.jpg 1 10 34 53 53
1252_0038_0019_0051_0051.jpg 1 38 19 51 51
1253_0009_0023_0060_0060.jpg 1 9 23 60 60
1254_0018_0014_0060_0060.jpg 1 18 14 60 60
1255_0026_0042_0034_0034.jpg 1 26 42 34 34
1256_0031_0022_0044_0044.jpg 1 31 22 44 44
1257_0039_0018_0049_0049.jpg 1 39 18 49 49
1258_0061_0024_0032_0032.jpg 1 61 24 32 32
1259_0012_0026_0045_0045.jpg 1 12 26 45 45
1260_0007_0042_0044_0044.jpg 1 7 42 44 44
1261_0029_0012_0026_0026.jpg 1 29 12 26 26
1262_0006_0021_0059_0059.jpg 1 6 21 59 59
1263_0008_0031_0042_0042.jpg 1 8 31 42 42
1264_0031_0036_0056_0056.jpg 1 31 36 56 56
1265_0025_0009_0028_0028.jpg 1 25 9 28 28
1266_0025_0014_0051_0051.jpg 1 25 14 51 51
1267_0011_0008_0046_0046.jpg 1 11 8 46 46
1268_0018_0054_0024_0024.jpg 1 18 54 24 24
1269_0028_0031_0059_0059.jpg 1 28 31 59 59
1270_0017_0035_0059_0059.jpg 1 17 35 59 59
1271_0063_0011_0027_0027.jpg 1 63 11 27 27
1272_0027_0026_0061_0061.jpg 1 27 26 61 61
1273_0016_0022_0062_0062.jpg 1 16 22 62 62
1274_0038_0018_0024_0024.jpg 1 38 18 24 24
1275_0039_0051_0028_0028.jpg 1 39 51 28 28
1276_0044_0008_0036_0036.jpg 1 44 8 36 36
1277_0042_0043_0047_0047.jpg 1 42 43 47 47
1278_0006_0011_0067_0067.jpg 1 6 11 67 67
1279_0044_0044_0050_0050.jpg 1 44 44 50 50
1280_0012_0020_0052_0052.jpg 1 12 20 52 52
1281_0036_0041_0050_0050.jpg 1 36 41 50 50
1282_0021_0022_0068_0068.jpg 1 21 22 68 68
1283_0061_0011_0026_0026.jpg 1 61 11 26 26
1284_0053_0017_0034_0034.jpg 1 53 17 34 34
1285_0015_0010_0060_0060.jpg 1 15 10 60 60
1286_0010_0029_0057_0057.jpg 1 10 29 57 57
1287_0026_0022_0066_0066.jpg 1 26 22 66 66
1288_0026_0027_0055_0055.jpg 1 26 27 55 55
1289_0011_0060_0024_0024.jpg 1 11 60 24 24
1290_0034_0034_0047_0047.jpg 1 34 34 47 47
1291_0045_0014_0036_0036.jpg 1 45 14 36 36
1292_0012_0018_0038_0038.jpg 1 12 18 38 38
1293_0013_0008_0067_0067.jpg 1 13 8 67 67
1294_0012_0057_0031_0031.jpg 1 12 57 31 31
1295_0007_0036_0049_0049.jpg 1 7 36 49 49
1296_0035_0011_0052_0052.jpg 1 35 11 52 52
1297_0058_0029_0025_0025.jpg 1 58 29 25 25
1298_0047_0011_0037_0037.jpg 1 47 11 37 37
1299_0040_0041_0053_0053.jpg 1 40 41 53 53
1300_0054_0055_0037_0037.jpg 1 54 55 37 37
1301_0010_0037_0053_0053.jpg 1 10 37 53 53
1302_0057_0007_0024_0024.jpg 1 57 7 24 24
1303_0042_0030_0031_0031.jpg 1 42 30 31 31
1304_0012_0008_0026_0026.jpg 1 12 8 26 26
1305_0058_0058_0030_0030.jpg 1 58 58 30 30
1306_0005_0010_0069_0069.jpg 1 5 10 69 69
1307_0017_0025_0031_0031.jpg 1 17 25 31 31
1308_0023_0010_0050_0050.jpg 1 23 10 50 50
1309_0018_0010_0062_0062.jpg 1 18 10 62 62
1310_0028_0007_0061_0061.jpg 1 28 7 61 61
1311_0005_0030_0055_0055.jpg 1 5 30 55 55
1312_0051_0051_0030_0030.jpg 1 51 51 30 30
1313_0020_0022_0041_0041.jpg 1 20 22 41 41
1314_0045_0038_0046_0046.jpg 1 45 38 46 46
1315_0008_0023_0061_0061.jpg 1 8 23 61 61
1316_0021_0061_0027_0027.jpg 1 21 61 27 27
1317_0032_0034_0049_0049.jpg 1 32 34 49 49
1318_0008_0021_0054_0054.jpg 1 8 21 54 54
1319_0032_0032_0056_0056.jpg 1 32 32 56 56
1320_0018_0012_0065_0065.jpg 1 18 12 65 65
1321_0020_0047_0033_0033.jpg 1 20 47 33 33
1322_0017_0025_0040_0040.jpg 1 17 25 40 40
1323_0041_0049_0031_0031.jpg 1 41 49 31 31
1324_0007_0040_0044_0044.jpg 1 7 40 44 44
1325_0025_0050_0041_0041.jpg 1 25 50 41 41
1326_0023_0007_0053_0053.jpg 1 23 7 53 53
1327_0030_0027_0064_0064.jpg 1 30 27 64 64
1328_0048_0049_0039_0039.jpg 1 48 49 39 39
1329_0005_0014_0066_0066.jpg 1 5 14 66 66
1330_0024_0041_0027_0027.jpg 1 24 41 27 27
1331_0016_0031_0038_0038.jpg 1 16 31 38 38
1332_0035_0020_0039_0039.jpg 1 35 20 39 39
1333_0032_0006_0053_0053.jpg 1 32 6 53 53
1334_0006_0010_0058_0058.jpg 1 6 10 58 58
1335_0043_0048_0044_0044.jpg 1 43 48 44 44
1336_0023_0042_0028_0028.jpg 1 23 42 28 28
1337_0029_0047_0045_0045.jpg 1 29 47 45 45
1338_0018_0006_0037_0037.jpg 1 18 6 37 37
1339_0030_0021_0059_0059.jpg 1 30 21 59 59
1340_0032_0025_0061_0061.jpg 1 32 25 61 61
1341_0053_0053_0037_0037.jpg 1 53 53 37 37
1342_0021_0008_0033_0033.jpg 1 21 8 33 33
1343_0009_0006_0065_0065.jpg 1 9 6 65 65
1344_0060_0019_0029_0029.jpg 1 60 19 29 29
1345_0013_0026_0069_0069.jpg 1 13 26 69 69
1346_0053_0047_0034_0034.jpg 1 53 47 34 34
1347_0017_0026_0031_0031.jpg 1 17 26 31 31
1348_0030_0039_0042_0042.jpg 1 30 39 42 42
1349_0025_0036_0051_0051.jpg 1 25 36 51 51
1350_0015_0032_0054_0054.jpg 1 15 32 54 54
1351_0018_0030_0058_0058.jpg 1 18 30 58 58
1352_0004_0033_0059_0059.jpg 1 4 33 59 59
1353_0014_0014_0062_0062.jpg 1 14 14 62 62
1354_0036_0044_0042_0042.jpg 1 36 44 42 42
1355_0022_0011_0049_0049.jpg 1 22 11 49 49
1356_0013_0042_0033_0033.jpg 1 13 42 33 33
1357_0013_0024_0066_0066.jpg 1 13 24 66 66
1358_0006_0005_0067_0067.jpg 1 6 5 67 67
1359_0012_0012_0056_0056.jpg 1 12 12 56 56
1360_0011_0021_0058_0058.jpg 1 11 21 58 58
1361_0015_0029_0049_0049.jpg 1 15 29 49 49
1362_0034_0007_0062_0062.jpg 1 34 7 62 62
1363_0021_0016_0063_0063.jpg 1 21 16 63 63
1364_0047_0018_0039_0039.jpg 1 47 18 39 39
1365_0013_0026_0052_0052.jpg 1 13 26 52 52
1366_0059_0039_0028_0028.jpg 1 59 39 28 28
1367_0027_0034_0048_0048.jpg 1 27 34 48 48
1368_0022_0042_0051_0051.jpg 1 22 42 51 51
1369_0056_0014_0037_0037.jpg 1 56 14 37 37
1370_0022_0029_0045_0045.jpg 1 22 29 45 45
1371_0022_0008_0061_0061.jpg 1 22 8 61 61
1372_0038_0014_0041_0041.jpg 1 38 14 41 41
1373_0013_0013_0060_0060.jpg 1 13 13 60 60
1374_0042_0066_0024_0024.jpg 1 42 66 24 24
1375_0019_0047_0047_0047.jpg 1 19 47 47 47
1376_0025_0025_0069_0069.jpg 1 25 25 69 69
1377_0023_0034_0053_0053.jpg 1 23 34 53 53
1378_0004_0007_0055_0055.jpg 1 4 7 55 55
1379_0040_0032_0053_0053.jpg 1 40 32 53 53
1380_0050_0015_0039_0039.jpg 1 50 15 39 39
1381_0027_0024_0041_0041.jpg 1 27 24 41 41
1382_0018_0006_0064_0064.jpg 1 18 6 64 64
1383_0052_0042_0037_0037.jpg 1 52 42 37 37
1384_0017_0011_0059_0059.jpg 1 17 11 59 59
1385_0008_0034_0049_0049.jpg 1 8 34 49 49
1386_0021_0044_0049_0049.jpg 1 21 44 49 49
1387_0028_0022_0043_0043.jpg 1 28 22 43 43
1388_0024_0024_0069_0069.jpg 1 24 24 69 69
1389_0004_0017_0065_0065.jpg 1 4 17 65 65
1390_0029_0009_0042_0042.jpg 1 29 9 42 42
1391_0015_0015_0067_0067.jpg 1 15 15 67 67
1392_0036_0031_0041_0041.jpg 1 36 31 41 41
1393_0011_0039_0038_0038.jpg 1 11 39 38 38
1394_0008_0016_0054_0054.jpg 1 8 16 54 54
1395_0026_0007_0067_0067.jpg 1 26 7 67 67
1396_0027_0030_0040_0040.jpg 1 27 30 40 40
1397_0038_0010_0026_0026.jpg 1 38 10 26 26
1398_0028_0011_0044_0044.jpg 1 28 11 44 44
1399_0047_0017_0040_0040.jpg 1 47 17 40 40
1400_0042_0022_0049_0049.jpg 1 42 22 49 49
1401_0012_0025_0067_0067.jpg 1 12 25 67 67
1402_0021_0052_0030_0030.jpg 1 21 52 30 30
1403_0037_0025_0047_0047.jpg 1 37 25 47 47
1404_0012_0010_0054_0054.jpg 1 12 10 54 54
1405_0049_0029_0044_0044.jpg 1 49 29 44 44
1406_0004_0026_0064_0064.jpg 1 4 26 64 64
1407_0004_0014_0066_0066.jpg 1 4 14 66 66
1408_0036_0021_0056_0056.jpg 1 36 21 56 56
1409_0048_0047_0042_0042.jpg 1 48 47 42 42
1410_0052_0023_0028_0028.jpg 1 52 23 28 28
1411_0024_0019_0042_0042.jpg 1 24 19 42 42
1412_0064_0025_0027_0027.jpg 1 64 25 27 27
1413_0030_0007_0052_0052.jpg 1 30 7 52 52
1414_0025_0034_0027_0027.jpg 1 25 34 27 27
1415_0010_0013_0069_0069.jpg 1 10 13 69 69
1416_0017_0024_0069_0069.jpg 1 17 24 69 69
1417_0007_0012_0069_0069.jpg 1 7 12 69 69
1418_0013_0028_0033_0033.jpg 1 13 28 33 33
1419_0046_0008_0030_0030.jpg 1 46 8 30 30
1420_0045_0045_0035_0035.jpg 1 45 45 35 35
1421_0019_0021_0061_0061.jpg 1 19 21 61 61
1422_0017_0036_0028_0028.jpg 1 17 36 28 28
1423_0015_0040_0036_0036.jpg 1 15 40 36 36
1424_0018_0029_0066_0066.jpg 1 18 29 66 66
1425_0044_0032_0046_0046.jpg 1 44 32 46 46
1426_0006_0028_0068_0068.jpg 1 6 28 68 68
1427_0028_0042_0033_0033.jpg 1 28 42 33 33
1428_0011_0029_0064_0064.jpg 1 11 29 64 64
1429_0032_0032_0054_0054.jpg 1 32 32 54 54
1430_0050_0038_0044_0044.jpg 1 50 38 44 44
1431_0013_0026_0063_0063.jpg 1 13 26 63 63
1432_0036_0038_0057_0057.jpg 1 36 38 57 57
1433_0027_0035_0031_0031.jpg 1 27 35 31 31
1434_0042_0054_0036_0036.jpg 1 42 54 36 36
1435_0010_0016_0069_0069.jpg 1 10 16 69 69
1436_0016_0061_0025_0025.jpg 1 16 61 25 25
1437_0007_0020_0065_0065.jpg 1 7 20 65 65
1438_0020_0031_0039_0039.jpg 1 20 31 39 39
1439_0029_0003_0064_0064.jpg 1 29 3 64 64
1440_0022_0030_0064_0064.jpg 1 22 30 64 64
1441_0006_0022_0047_0047.jpg 1 6 22 47 47
1442_0030_0040_0055_0055.jpg 1 30 40 55 55
1443_0005_0004_0067_0067.jpg 1 5 4 67 67
1444_0042_0052_0033_0033.jpg 1 42 52 33 33
1445_0025_0009_0065_0065.jpg 1 25 9 65 65
1446_0026_0021_0053_0053.jpg 1 26 21 53 53
1447_0017_0027_0064_0064.jpg 1 17 27 64 64
1448_0019_0036_0049_0049.jpg 1 19 36 49 49
1449_0011_0053_0028_0028.jpg 1 11 53 28 28
1450_0027_0028_0067_0067.jpg 1 27 28 67 67
1451_0014_0043_0025_0025.jpg 1 14 43 25 25
1452_0039_0021_0024_0024.jpg 1 39 21 24 24
1453_0037_0020_0043_0043.jpg 1 37 20 43 43
1454_0044_0020_0027_0027.jpg 1 44 20 27 27
1455_0036_0018_0051_0051.jpg 1 36 18 51 51
1456_0043_0014_0052_0052.jpg 1 43 14 52 52
1457_0006_0037_0040_0040.jpg 1 6 37 40 40
1458_0005_0037_0054_0054.jpg 1 5 37 54 54
1459_0026_0023_0066_0066.jpg 1 26 23 66 66
1460_0014_0025_0050_0050.jpg 1 14 25 50 50
1461_0052_0014_0039_0039.jpg 1 52 14 39 39
1462_0019_0010_0063_0063.jpg 1 19 10 63 63
1463_0013_0020_0050_0050.jpg 1 13 20 50 50
1464_0024_0049_0026_0026.jpg 1 24 49 26 26
1465_0021_0026_0067_0067.jpg 1 21 26 67 67
1466_0007_0031_0063_0063.jpg 1 7 31 63 63
1467_0013_0028_0043_0043.jpg 1 13 28 43 43
1468_0017_0026_0061_0061.jpg 1 17 26 61 61
1469_0033_0020_0038_0038.jpg 1 33 20 38 38
1470_0026_0029_0029_0029.jpg 1 26 29 29 29
1471_0020_0059_0029_0029.jpg 1 20 59 29 29
1472_0043_0032_0039_0039.jpg 1 43 32 39 39
1473_0005_0016_0066_0066.jpg 1 5 16 66 66
1474_0009_0028_0063_0063.jpg 1 9 28 63 63
1475_0010_0012_0067_0067.jpg 1 10 12 67 67
1476_0028_0026_0047_0047.jpg 1 28 26 47 47
1477_0015_0044_0044_0044.jpg 1 15 44 44 44
1478_0004_0021_0060_0060.jpg 1 4 21 60 60
1479_0004_0016_0068_0068.jpg 1 4 16 68 68
1480_0018_0004_0059_0059.jpg 1 18 4 59 59
1481_0011_0007_0068_0068.jpg 1 11 7 68 68
1482_0008_0043_0042_0042.jpg 1 8 43 42 42
1483_0007_0028_0025_0025.jpg 1 7 28 25 25
1484_0013_0008_0031_0031.jpg 1 13 8 31 31
1485_0015_0032_0031_0031.jpg 1 15 32 31 31
1486_0014_0035_0057_0057.jpg 1 14 35 57 57
1487_0013_0024_0053_0053.jpg 1 13 24 53 53
1488_0012_0027_0062_0062.jpg 1 12 27 62 62
1489_0007_0035_0035_0035.jpg 1 7 35 35 35
1490_0021_0041_0029_0029.jpg 1 21 41 29 29
1491_0045_0026_0033_0033.jpg 1 45 26 33 33
1492_0010_0016_0044_0044.jpg 1 10 16 44 44
1493_0046_0015_0048_0048.jpg 1 46 15 48 48
1494_0027_0021_0026_0026.jpg 1 27 21 26 26
1495_0007_0026_0031_0031.jpg 1 7 26 31 31
1496_0022_0028_0040_0040.jpg 1 22 28 40 40
1497_0012_0040_0048_0048.jpg 1 12 40 48 48
1498_0004_0023_0066_0066.jpg 1 4 23 66 66
1499_0013_0014_0063_0063.jpg 1 13 14 63 63
1500_0039_0030_0034_0034.jpg 1 39 30 34 34
1501_0017_0021_0062_0062.jpg 1 17 21 62 62
1502_0007_0025_0034_0034.jpg 1 7 25 34 34
1503_0015_0012_0036_0036.jpg 1 15 12 36 36
1504_0006_0033_0049_0049.jpg 1 6 33 49 49
1505_0012_0012_0066_0066.jpg 1 12 12 66 66
1506_0041_0051_0035_0035.jpg 1 41 51 35 35
1507_0025_0030_0065_0065.jpg 1 25 30 65 65
1508_0023_0026_0068_0068.jpg 1 23 26 68 68
1509_0010_0036_0051_0051.jpg 1 10 36 51 51
1510_0020_0031_0056_0056.jpg 1 20 31 56 56
1511_0026_0006_0036_0036.jpg 1 26 6 36 36
1512_0008_0037_0058_0058.jpg 1 8 37 58 58
1513_0051_0009_0036_0036.jpg 1 51 9 36 36
1514_0051_0045_0037_0037.jpg 1 51 45 37 37
1515_0029_0042_0042_0042.jpg 1 29 42 42 42
1516_0029_0047_0029_0029.jpg 1 29 47 29 29
1517_0062_0018_0024_0024.jpg 1 62 18 24 24
1518_0050_0029_0043_0043.jpg 1 50 29 43 43
1519_0035_0025_0060_0060.jpg 1 35 25 60 60
1520_0025_0014_0038_0038.jpg 1 25 14 38 38
1521_0025_0037_0050_0050.jpg 1 25 37 50 50
1522_0023_0016_0069_0069.jpg 1 23 16 69 69
1523_0043_0027_0031_0031.jpg 1 43 27 31 31
1524_0007_0034_0045_0045.jpg 1 7 34 45 45
1525_0009_0022_0061_0061.jpg 1 9 22 61 61
1526_0031_0013_0054_0054.jpg 1 31 13 54 54
1527_0025_0004_0061_0061.jpg 1 25 4 61 61
1528_0031_0020_0063_0063.jpg 1 31 20 63 63
1529_0009_0027_0057_0057.jpg 1 9 27 57 57
1530_0031_0034_0058_0058.jpg 1 31 34 58 58
1531_0028_0028_0043_0043.jpg 1 28 28 43 43
1532_0028_0047_0043_0043.jpg 1 28 47 43 43
1533_0028_0032_0047_0047.jpg 1 28 32 47 47
1534_0030_0021_0045_0045.jpg 1 30 21 45 45
1535_0035_0047_0044_0044.jpg 1 35 47 44 44
1536_0007_0011_0066_0066.jpg 1 7 11 66 66
1537_0025_0010_0069_0069.jpg 1 25 10 69 69
1538_0043_0032_0034_0034.jpg 1 43 32 34 34
1539_0017_0019_0067_0067.jpg 1 17 19 67 67
1540_0030_0050_0030_0030.jpg 1 30 50 30 30
1541_0031_0031_0024_0024.jpg 1 31 31 24 24
1542_0048_0049_0033_0033.jpg 1 48 49 33 33
1543_0041_0051_0042_0042.jpg 1 41 51 42 42
1544_0016_0047_0038_0038.jpg 1 16 47 38 38
1545_0036_0046_0031_0031.jpg 1 36 46 31 31
1546_0029_0020_0066_0066.jpg 1 29 20 66 66
1547_0004_0009_0059_0059.jpg 1 4 9 59 59
1548_0011_0003_0066_0066.jpg 1 11 3 66 66
1549_0058_0037_0025_0025.jpg 1 58 37 25 25
1550_0021_0033_0062_0062.jpg 1 21 33 62 62
1551_0053_0022_0039_0039.jpg 1 53 22 39 39
1552_0005_0028_0047_0047.jpg 1 5 28 47 47
1553_0035_0032_0057_0057.jpg 1 35 32 57 57
1554_0003_0028_0063_0063.jpg 1 3 28 63 63
1555_0028_0043_0037_0037.jpg 1 28 43 37 37
1556_0040_0042_0031_0031.jpg 1 40 42 31 31
1557_0018_0017_0043_0043.jpg 1 18 17 43 43
1558_0011_0035_0029_0029.jpg 1 11 35 29 29
1559_0005_0013_0047_0047.jpg 1 5 13 47 47
1560_0047_0050_0040_0040.jpg 1 47 50 40 40
1561_0032_0033_0027_0027.jpg 1 32 33 27 27
1562_0019_0007_0030_0030.jpg 1 19 7 30 30
1563_0031_0022_0062_0062.jpg 1 31 22 62 62
1564_0035_0036_0024_0024.jpg 1 35 36 24 24
1565_0022_0024_0049_0049.jpg 1 22 24 49 49
1566_0036_0022_0039_0039.jpg 1 36 22 39 39
1567_0026_0013_0068_0068.jpg 1 26 13 68 68
1568_0019_0008_0055_0055.jpg 1 19 8 55 55
1569_0030_0006_0062_0062.jpg 1 30 6 62 62
1570_0009_0031_0036_0036.jpg 1 9 31 36 36
1571_0030_0043_0034_0034.jpg 1 30 43 34 34
1572_0042_0015_0036_0036.jpg 1 42 15 36 36
1573_0059_0011_0026_0026.jpg 1 59 11 26 26
1574_0022_0025_0066_0066.jpg 1 22 25 66 66
1575_0009_0046_0048_0048.jpg 1 9 46 48 48
1576_0016_0037_0057_0057.jpg 1 16 37 57 57
1577_0015_0046_0026_0026.jpg 1 15 46 26 26
1578_0026_0044_0035_0035.jpg 1 26 44 35 35
1579_0003_0004_0069_0069.jpg 1 3 4 69 69
1580_0011_0027_0057_0057.jpg 1 11 27 57 57
1581_0036_0034_0044_0044.jpg 1 36 34 44 44
1582_0016_0018_0057_0057.jpg 1 16 18 57 57
1583_0040_0032_0054_0054.jpg 1 40 32 54 54
1584_0012_0014_0054_0054.jpg 1 12 14 54 54
1585_0008_0035_0049_0049.jpg 1 8 35 49 49
1586_0047_0048_0038_0038.jpg 1 47 48 38 38
1587_0043_0016_0038_0038.jpg 1 43 16 38 38
1588_0031_0007_0044_0044.jpg 1 31 7 44 44
1589_0031_0034_0048_0048.jpg 1 31 34 48 48
1590_0011_0037_0057_0057.jpg 1 11 37 57 57
1591_0048_0012_0031_0031.jpg 1 48 12 31 31
1592_0028_0059_0024_0024.jpg 1 28 59 24 24
1593_0015_0057_0035_0035.jpg 1 15 57 35 35
1594_0018_0026_0037_0037.jpg 1 18 26 37 37
1595_0048_0046_0030_0030.jpg 1 48 46 30 30
1596_0031_0011_0064_0064.jpg 1 31 11 64 64
1597_0044_0020_0050_0050.jpg 1 44 20 50 50
1598_0048_0017_0046_0046.jpg 1 48 17 46 46
1599_0037_0029_0036_0036.jpg 1 37 29 36 36
1600_0010_0030_0059_0059.jpg 1 10 30 59 59
1601_0007_0061_0031_0031.jpg 1 7 61 31 31
1602_0009_0010_0028_0028.jpg 1 9 10 28 28
1603_0031_0015_0047_0047.jpg 1 31 15 47 47
1604_0054_0024_0026_0026.jpg 1 54 24 26 26
1605_0029_0061_0028_0028.jpg 1 29 61 28 28
1606_0027_0028_0054_0054.jpg 1 27 28 54 54
1607_0024_0020_0063_0063.jpg 1 24 20 63 63
1608_0018_0018_0067_0067.jpg 1 18 18 67 67
1609_0054_0056_0027_0027.jpg 1 54 56 27 27
1610_0025_0016_0039_0039.jpg 1 25 16 39 39
1611_0016_0003_0069_0069.jpg 1 16 3 69 69
1612_0027_0037_0056_0056.jpg 1 27 37 56 56
1613_0053_0021_0039_0039.jpg 1 53 21 39 39
1614_0018_0040_0028_0028.jpg 1 18 40 28 28
1615_0037_0038_0047_0047.jpg 1 37 38 47 47
1616_0031_0027_0060_0060.jpg 1 31 27 60 60
1617_0009_0018_0063_0063.jpg 1 9 18 63 63
1618_0026_0006_0043_0043.jpg 1 26 6 43 43
1619_0026_0008_0051_0051.jpg 1 26 8 51 51
1620_0035_0032_0036_0036.jpg 1 35 32 36 36
1621_0012_0004_0064_0064.jpg 1 12 4 64 64
1622_0020_0013_0065_0065.jpg 1 20 13 65 65
1623_0021_0015_0066_0066.jpg 1 21 15 66 66
1624_0037_0017_0055_0055.jpg 1 37 17 55 55
1625_0031_0016_0044_0044.jpg 1 31 16 44 44
1626_0005_0014_0060_0060.jpg 1 5 14 60 60
1627_0027_0035_0051_0051.jpg 1 27 35 51 51
1628_0039_0053_0030_0030.jpg 1 39 53 30 30
1629_0047_0051_0039_0039.jpg 1 47 51 39 39
1630_0042_0026_0034_0034.jpg 1 42 26 34 34
1631_0011_0017_0063_0063.jpg 1 11 17 63 63
1632_0010_0053_0026_0026.jpg 1 10 53 26 26
1633_0033_0030_0048_0048.jpg 1 33 30 48 48
1634_0029_0007_0062_0062.jpg 1 29 7 62 62
1635_0036_0041_0053_0053.jpg 1 36 41 53 53
1636_0035_0033_0040_0040.jpg 1 35 33 40 40
1637_0056_0031_0026_0026.jpg 1 56 31 26 26
1638_0033_0015_0057_0057.jpg 1 33 15 57 57
1639_0022_0008_0069_0069.jpg 1 22 8 69 69
1640_0032_0039_0031_0031.jpg 1 32 39 31 31
1641_0023_0025_0069_0069.jpg 1 23 25 69 69
1642_0028_0008_0025_0025.jpg 1 28 8 25 25
1643_0061_0009_0029_0029.jpg 1 61 9 29 29
1644_0012_0037_0055_0055.jpg 1 12 37 55 55
1645_0044_0012_0024_0024.jpg 1 44 12 24 24
1646_0033_0050_0037_0037.jpg 1 33 50 37 37
1647_0013_0025_0066_0066.jpg 1 13 25 66 66
1648_0054_0010_0024_0024.jpg 1 54 10 24 24
1649_0051_0027_0039_0039.jpg 1 51 27 39 39
1650_0017_0044_0045_0045.jpg 1 17 44 45 45
1651_0022_0019_0030_0030.jpg 1 22 19 30 30
1652_0014_0015_0043_0043.jpg 1 14 15 43 43
1653_0017_0025_0059_0059.jpg 1 17 25 59 59
1654_0031_0045_0040_0040.jpg 1 31 45 40 40
1655_0022_0027_0040_0040.jpg 1 22 27 40 40
1656_0042_0028_0048_0048.jpg 1 42 28 48 48
1657_0047_0013_0032_0032.jpg 1 47 13 32 32
1658_0012_0019_0026_0026.jpg 1 12 19 26 26
1659_0006_0007_0039_0039.jpg 1 6 7 39 39
1660_0026_0024_0062_0062.jpg 1 26 24 62 62
1661_0011_0046_0040_0040.jpg 1 11 46 40 40
1662_0005_0025_0066_0066.jpg 1 5 25 66 66
1663_0023_0037_0047_0047.jpg 1 23 37 47 47
1664_0018_0024_0053_0053.jpg 1 18 24 53 53
1665_0044_0016_0050_0050.jpg 1 44 16 50 50
1666_0037_0019_0036_0036.jpg 1 37 19 36 36
1667_0025_0023_0063_0063.jpg 1 25 23 63 63
1668_0037_0030_0044_0044.jpg 1 37 30 44 44
1669_0033_0016_0054_0054.jpg 1 33 16 54 54
1670_0027_0040_0035_0035.jpg 1 27 40 35 35
1671_0032_0026_0062_0062.jpg 1 32 26 62 62
1672_0022_0061_0026_0026.jpg 1 22 61 26 26
1673_0008_0024_0050_0050.jpg 1 8 24 50 50
1674_0006_0007_0064_0064.jpg 1 6 7 64 64
1675_0004_0024_0065_0065.jpg 1 4 24 65 65
1676_0022_0013_0029_0029.jpg 1 22 13 29 29
1677_0017_0008_0056_0056.jpg 1 17 8 56 56
1678_0028_0016_0045_0045.jpg 1 28 16 45 45
1679_0054_0030_0037_0037.jpg 1 54 30 37 37
1680_0013_0015_0058_0058.jpg 1 13 15 58 58
1681_0019_0017_0065_0065.jpg 1 19 17 65 65
1682_0007_0025_0043_0043.jpg 1 7 25 43 43
1683_0014_0024_0051_0051.jpg 1 14 24 51 51
1684_0064_0019_0028_0028.jpg 1 64 19 28 28
1685_0013_0060_0024_0024.jpg 1 13 60 24 24
1686_0025_0008_0063_0063.jpg 1 25 8 63 63
1687_0053_0024_0026_0026.jpg 1 53 24 26 26
1688_0012_0024_0044_0044.jpg 1 12 24 44 44
1689_0024_0042_0038_0038.jpg 1 24 42 38 38
1690_0042_0026_0049_0049.jpg 1 42 26 49 49
1691_0013_0005_0061_0061.jpg 1 13 5 61 61
1692_0020_0004_0066_0066.jpg 1 20 4 66 66
1693_0026_0010_0068_0068.jpg 1 26 10 68 68
1694_0027_0042_0051_0051.jpg 1 27 42 51 51
1695_0053_0048_0040_0040.jpg 1 53 48 40 40
1696_0012_0029_0058_0058.jpg 1 12 29 58 58
1697_0009_0005_0043_0043.jpg 1 9 5 43 43
1698_0033_0039_0048_0048.jpg 1 33 39 48 48
1699_0025_0040_0044_0044.jpg 1 25 40 44 44
1700_0041_0016_0035_0035.jpg 1 41 16 35 35
1701_0005_0041_0049_0049.jpg 1 5 41 49 49
1702_0008_0017_0038_0038.jpg 1 8 17 38 38
1703_0046_0041_0027_0027.jpg 1 46 41 27 27
1704_0044_0023_0048_0048.jpg 1 44 23 48 48
1705_0044_0008_0026_0026.jpg 1 44 8 26 26
1706_0008_0028_0058_0058.jpg 1 8 28 58 58
1707_0019_0029_0058_0058.jpg 1 19 29 58 58
1708_0032_0020_0050_0050.jpg 1 32 20 50 50
1709_0026_0022_0067_0067.jpg 1 26 22 67 67
1710_0064_0030_0026_0026.jpg 1 64 30 26 26
1711_0016_0022_0050_0050.jpg 1 16 22 50 50
1712_0020_0019_0067_0067.jpg 1 20 19 67 67
1713_0027_0030_0059_0059.jpg 1 27 30 59 59
1714_0025_0008_0068_0068.jpg 1 25 8 68 68
1715_0054_0007_0034_0034.jpg 1 54 7 34 34
1716_0009_0028_0044_0044.jpg 1 9 28 44 44
1717_0028_0026_0058_0058.jpg 1 28 26 58 58
1718_0052_0036_0034_0034.jpg 1 52 36 34 34
1719_0032_0038_0052_0052.jpg 1 32 38 52 52
1720_0013_0004_0065_0065.jpg 1 13 4 65 65
1721_0038_0005_0047_0047.jpg 1 38 5 47 47
1722_0025_0009_0069_0069.jpg 1 25 9 69 69
1723_0042_0032_0051_0051.jpg 1 42 32 51 51
1724_0031_0018_0060_0060.jpg 1 31 18 60 60
1725_0032_0031_0049_0049.jpg 1 32 31 49 49
1726_0036_0030_0042_0042.jpg 1 36 30 42 42
1727_0009_0007_0051_0051.jpg 1 9 7 51 51
1728_0029_0043_0026_0026.jpg 1 29 43 26 26
1729_0019_0015_0063_0063.jpg 1 19 15 63 63
1730_0027_0017_0046_0046.jpg 1 27 17 46 46
1731_0042_0040_0047_0047.jpg 1 42 40 47 47
1732_0011_0044_0037_0037.jpg 1 11 44 37 37
1733_0013_0024_0037_0037.jpg 1 13 24 37 37
1734_0008_0007_0034_0034.jpg 1 8 7 34 34
1735_0025_0033_0056_0056.jpg 1 25 33 56 56
1736_0006_0006_0046_0046.jpg 1 6 6 46 46
1737_0018_0059_0033_0033.jpg 1 18 59 33 33
1738_0031_0027_0063_0063.jpg 1 31 27 63 63
1739_0015_0059_0033_0033.jpg 1 15 59 33 33
1740_0057_0007_0027_0027.jpg 1 57 7 27 27
1741_0030_0014_0033_0033.jpg 1 30 14 33 33
1742_0010_0034_0060_0060.jpg 1 10 34 60 60
1743_0039_0044_0047_0047.jpg 1 39 44 47 47
1744_0063_0053_0028_0028.jpg 1 63 53 28 28
1745_0020_0049_0032_0032.jpg 1 20 49 32 32
1746_0014_0027_0054_0054.jpg 1 14 27 54 54
1747_0011_0040_0050_0050.jpg 1 11 40 50 50
1748_0032_0007_0060_0060.jpg 1 32 7 60 60
1749_0016_0013_0033_0033.jpg 1 16 13 33 33
1750_0021_0022_0031_0031.jpg 1 21 22 31 31
1751_0043_0030_0048_0048.jpg 1 43 30 48 48
1752_0014_0016_0060_0060.jpg 1 14 16 60 60
1753_0030_0040_0052_0052.jpg 1 30 40 52 52
1754_0013_0022_0062_0062.jpg 1 13 22 62 62
1755_0013_0023_0064_0064.jpg 1 13 23 64 64
1756_0011_0022_0066_0066.jpg 1 11 22 66 66
1757_0054_0049_0037_0037.jpg 1 54 49 37 37
1758_0020_0031_0058_0058.jpg 1 20 31 58 58
1759_0020_0012_0069_0069.jpg 1 20 12 69 69
1760_0019_0058_0025_0025.jpg 1 19 58 25 25
1761_0006_0009_0067_0067.jpg 1 6 9 67 67
1762_0049_0015_0036_0036.jpg 1 49 15 36 36
1763_0020_0015_0062_0062.jpg 1 20 15 62 62
1764_0010_0010_0067_0067.jpg 1 10 10 67 67
1765_0020_0047_0040_0040.jpg 1 20 47 40 40
1766_0045_0063_0025_0025.jpg 1 45 63 25 25
1767_0022_0037_0028_0028.jpg 1 22 37 28 28
1768_0040_0034_0039_0039.jpg 1 40 34 39 39
1769_0003_0024_0069_0069.jpg 1 3 24 69 69
1770_0034_0044_0029_0029.jpg 1 34 44 29 29
1771_0017_0018_0060_0060.jpg 1 17 18 60 60
1772_0019_0011_0067_0067.jpg 1 19 11 67 67
1773_0019_0020_0065_0065.jpg 1 19 20 65 65
1774_0022_0020_0062_0062.jpg 1 22 20 62 62
1775_0025_0009_0063_0063.jpg 1 25 9 63 63
1776_0008_0031_0056_0056.jpg 1 8 31 56 56
1777_0042_0052_0038_0038.jpg 1 42 52 38 38
1778_0013_0008_0054_0054.jpg 1 13 8 54 54
1779_0026_0022_0039_0039.jpg 1 26 22 39 39
1780_0008_0046_0040_0040.jpg 1 8 46 40 40
1781_0030_0010_0060_0060.jpg 1 30 10 60 60
1782_0017_0048_0042_0042.jpg 1 17 48 42 42
1783_0027_0013_0046_0046.jpg 1 27 13 46 46
1784_0007_0024_0060_0060.jpg 1 7 24 60 60
1785_0009_0045_0029_0029.jpg 1 9 45 29 29
1786_0022_0012_0042_0042.jpg 1 22 12 42 42
1787_0029_0042_0036_0036.jpg 1 29 42 36 36
1788_0017_0008_0039_0039.jpg 1 17 8 39 39
1789_0052_0025_0030_0030.jpg 1 52 25 30 30
1790_0035_0018_0052_0052.jpg 1 35 18 52 52
1791_0007_0014_0069_0069.jpg 1 7 14 69 69
1792_0046_0042_0042_0042.jpg 1 46 42 42 42
1793_0044_0033_0048_0048.jpg 1 44 33 48 48
1794_0045_0040_0040_0040.jpg 1 45 40 40 40
1795_0016_0016_0064_0064.jpg 1 16 16 64 64
1796_0016_0014_0067_0067.jpg 1 16 14 67 67
1797_0036_0016_0054_0054.jpg 1 36 16 54 54
1798_0024_0015_0058_0058.jpg 1 24 15 58 58
1799_0012_0044_0040_0040.jpg 1 12 44 40 40
1800_0010_0013_0035_0035.jpg 1 10 13 35 35
1801_0029_0007_0046_0046.jpg 1 29 7 46 46
1802_0019_0010_0066_0066.jpg 1 19 10 66 66
1803_0014_0013_0059_0059.jpg 1 14 13 59 59
1804_0018_0061_0030_0030.jpg 1 18 61 30 30
1805_0038_0018_0055_0055.jpg 1 38 18 55 55
1806_0010_0013_0064_0064.jpg 1 10 13 64 64
1807_0003_0019_0063_0063.jpg 1 3 19 63 63
1808_0009_0025_0052_0052.jpg 1 9 25 52 52
1809_0027_0010_0060_0060.jpg 1 27 10 60 60
1810_0055_0036_0036_0036.jpg 1 55 36 36 36
1811_0062_0042_0024_0024.jpg 1 62 42 24 24
1812_0051_0047_0034_0034.jpg 1 51 47 34 34
1813_0048_0013_0028_0028.jpg 1 48 13 28 28
1814_0037_0004_0056_0056.jpg 1 37 4 56 56
1815_0021_0010_0052_0052.jpg 1 21 10 52 52
1816_0007_0011_0057_0057.jpg 1 7 11 57 57
1817_0009_0028_0049_0049.jpg 1 9 28 49 49
1818_0013_0013_0064_0064.jpg 1 13 13 64 64
1819_0024_0036_0053_0053.jpg 1 24 36 53 53
1820_0004_0023_0060_0060.jpg 1 4 23 60 60
1821_0032_0019_0044_0044.jpg 1 32 19 44 44
1822_0022_0007_0053_0053.jpg 1 22 7 53 53
1823_0010_0016_0055_0055.jpg 1 10 16 55 55
1824_0031_0008_0044_0044.jpg 1 31 8 44 44
1825_0008_0030_0062_0062.jpg 1 8 30 62 62
1826_0051_0033_0039_0039.jpg 1 51 33 39 39
1827_0020_0010_0052_0052.jpg 1 20 10 52 52
1828_0013_0011_0056_0056.jpg 1 13 11 56 56
1829_0045_0020_0046_0046.jpg 1 45 20 46 46
1830_0052_0039_0034_0034.jpg 1 52 39 34 34
1831_0051_0052_0039_0039.jpg 1 51 52 39 39
1832_0011_0016_0062_0062.jpg 1 11 16 62 62
1833_0032_0008_0034_0034.jpg 1 32 8 34 34
1834_0038_0011_0049_0049.jpg 1 38 11 49 49
1835_0050_0007_0029_0029.jpg 1 50 7 29 29
1836_0019_0005_0059_0059.jpg 1 19 5 59 59
1837_0011_0013_0050_0050.jpg 1 11 13 50 50
1838_0059_0051_0030_0030.jpg 1 59 51 30 30
1839_0016_0028_0067_0067.jpg 1 16 28 67 67
1840_0031_0037_0037_0037.jpg 1 31 37 37 37
1841_0042_0040_0044_0044.jpg 1 42 40 44 44
1842_0028_0006_0051_0051.jpg 1 28 6 51 51
1843_0025_0017_0037_0037.jpg 1 25 17 37 37
1844_0038_0045_0048_0048.jpg 1 38 45 48 48
1845_0030_0018_0027_0027.jpg 1 30 18 27 27
1846_0044_0043_0049_0049.jpg 1 44 43 49 49
1847_0036_0020_0032_0032.jpg 1 36 20 32 32
1848_0032_0003_0062_0062.jpg 1 32 3 62 62
1849_0009_0024_0064_0064.jpg 1 9 24 64 64
1850_0032_0034_0041_0041.jpg 1 32 34 41 41
1851_0023_0012_0025_0025.jpg 1 23 12 25 25
1852_0043_0038_0044_0044.jpg 1 43 38 44 44
1853_0010_0020_0056_0056.jpg 1 10 20 56 56
1854_0009_0006_0061_0061.jpg 1 9 6 61 61
1855_0010_0013_0069_0069.jpg 1 10 13 69 69
1856_0026_0041_0053_0053.jpg 1 26 41 53 53
1857_0015_0021_0063_0063.jpg 1 15 21 63 63
1858_0014_0005_0048_0048.jpg 1 14 5 48 48
1859_0020_0023_0055_0055.jpg 1 20 23 55 55
1860_0010_0027_0058_0058.jpg 1 10 27 58 58
1861_0025_0025_0038_0038.jpg 1 25 25 38 38
1862_0009_0012_0043_0043.jpg 1 9 12 43 43
1863_0035_0034_0039_0039.jpg 1 35 34 39 39
1864_0020_0020_0032_0032.jpg 1 20 20 32 32
1865_0047_0006_0041_0041.jpg 1 47 6 41 41
1866_0006_0024_0062_0062.jpg 1 6 24 62 62
1867_0016_0017_0052_0052.jpg 1 16 17 52 52
1868_0022_0034_0041_0041.jpg 1 22 34 41 41
1869_0051_0060_0025_0025.jpg 1 51 60 25 25
1870_0017_0041_0054_0054.jpg 1 17 41 54 54
1871_0023_0008_0060_0060.jpg 1 23 8 60 60
1872_0006_0028_0055_0055.jpg 1 6 28 55 55
1873_0022_0013_0049_0049.jpg 1 22 13 49 49
1874_0029_0024_0058_0058.jpg 1 29 24 58 58
1875_0006_0018_0044_0044.jpg 1 6 18 44 44
1876_0015_0030_0041_0041.jpg 1 15 30 41 41
1877_0040_0047_0034_0034.jpg 1 40 47 34 34
1878_0013_0016_0047_0047.jpg 1 13 16 47 47
1879_0008_0022_0040_0040.jpg 1 8 22 40 40
1880_0028_0007_0060_0060.jpg 1 28 7 60 60
1881_0015_0040_0024_0024.jpg 1 15 40 24 24
1882_0009_0017_0040_0040.jpg 1 9 17 40 40
1883_0026_0013_0069_0069.jpg 1 26 13 69 69
1884_0031_0033_0050_0050.jpg 1 31 33 50 50
1885_0033_0021_0055_0055.jpg 1 33 21 55 55
1886_0017_0012_0067_0067.jpg 1 17 12 67 67
1887_0022_0018_0065_0065.jpg 1 22 18 65 65
1888_0032_0020_0058_0058.jpg 1 32 20 58 58
1889_0028_0049_0030_0030.jpg 1 28 49 30 30
1890_0025_0047_0046_0046.jpg 1 25 47 46 46
1891_0051_0032_0040_0040.jpg 1 51 32 40 40
1892_0006_0035_0060_0060.jpg 1 6 35 60 60
1893_0025_0027_0065_0065.jpg 1 25 27 65 65
1894_0029_0051_0028_0028.jpg 1 29 51 28 28
1895_0045_0038_0044_0044.jpg 1 45 38 44 44
1896_0037_0033_0037_0037.jpg 1 37 33 37 37
1897_0031_0024_0043_0043.jpg 1 31 24 43 43
1898_0013_0013_0059_0059.jpg 1 13 13 59 59
1899_0038_0007_0055_0055.jpg 1 38 7 55 55
1900_0012_0005_0057_0057.jpg 1 12 5 57 57
