0001_0028_0037_0035_0035.jpg 1 28 37 35 35
0002_0021_0015_0052_0052.jpg 1 21 15 52 52
0003_0030_0022_0060_0060.jpg 1 30 22 60 60
0004_0027_0019_0060_0060.jpg 1 27 19 60 60
0005_0011_0026_0055_0055.jpg 1 11 26 55 55
0006_0032_0058_0026_0026.jpg 1 32 58 26 26
0007_0048_0056_0032_0032.jpg 1 48 56 32 32
0008_0050_0035_0038_0038.jpg 1 50 35 38 38
0009_0019_0033_0036_0036.jpg 1 19 33 36 36
0010_0024_0009_0024_0024.jpg 1 24 9 24 24
0011_0033_0054_0031_0031.jpg 1 33 54 31 31
0012_0009_0039_0046_0046.jpg 1 9 39 46 46
0013_0010_0028_0039_0039.jpg 1 10 28 39 39
0014_0041_0038_0050_0050.jpg 1 41 38 50 50
0015_0042_0007_0026_0026.jpg 1 42 7 26 26
0016_0039_0026_0050_0050.jpg 1 39 26 50 50
0017_0011_0039_0030_0030.jpg 1 11 39 30 30
0018_0012_0043_0043_0043.jpg 1 12 43 43 43
0019_0029_0034_0060_0060.jpg 1 29 34 60 60
0020_0024_0012_0041_0041.jpg 1 24 12 41 41
0021_0028_0048_0035_0035.jpg 1 28 48 35 35
0022_0041_0014_0043_0043.jpg 1 41 14 43 43
0023_0045_0024_0025_0025.jpg 1 45 24 25 25
0024_0003_0018_0063_0063.jpg 1 3 18 63 63
0025_0029_0015_0049_0049.jpg 1 29 15 49 49
0026_0049_0054_0026_0026.jpg 1 49 54 26 26
0027_0055_0049_0038_0038.jpg 1 55 49 38 38
0028_0028_0028_0061_0061.jpg 1 28 28 61 61
0029_0064_0064_0026_0026.jpg 1 64 64 26 26
0030_0014_0021_0069_0069.jpg 1 14 21 69 69
0031_0053_0021_0024_0024.jpg 1 53 21 24 24
0032_0054_0064_0028_0028.jpg 1 54 64 28 28
0033_0005_0036_0058_0058.jpg 1 5 36 58 58
0034_0043_0040_0045_0045.jpg 1 43 40 45 45
0035_0028_0039_0039_0039.jpg 1 28 39 39 39
0036_0010_0005_0051_0051.jpg 1 10 5 51 51
0037_0011_0034_0042_0042.jpg 1 11 34 42 42
0038_0025_0033_0062_0062.jpg 1 25 33 62 62
0039_0013_0007_0040_0040.jpg 1 13 7 40 40
0040_0023_0036_0027_0027.jpg 1 23 36 27 27
0041_0019_0008_0047_0047.jpg 1 19 8 47 47
0042_0056_0037_0036_0036.jpg 1 56 37 36 36
0043_0022_0003_0065_0065.jpg 1 22 3 65 65
0044_0005_0012_0062_0062.jpg 1 5 12 62 62
0045_0024_0017_0030_0030.jpg 1 24 17 30 30
0046_0013_0030_0033_0033.jpg 1 13 30 33 33
0047_0032_0047_0037_0037.jpg 1 32 47 37 37
0048_0022_0013_0058_0058.jpg 1 22 13 58 58
0049_0035_0008_0058_0058.jpg 1 35 8 58 58
0050_0016_0010_0067_0067.jpg 1 16 10 67 67
0051_0040_0007_0053_0053.jpg 1 40 7 53 53
0052_0030_0007_0049_0049.jpg 1 30 7 49 49
0053_0015_0059_0027_0027.jpg 1 15 59 27 27
0054_0026_0034_0058_0058.jpg 1 26 34 58 58
0055_0012_0020_0037_0037.jpg 1 12 20 37 37
0056_0004_0018_0052_0052.jpg 1 4 18 52 52
0057_0036_0022_0036_0036.jpg 1 36 22 36 36
0058_0029_0051_0025_0025.jpg 1 29 51 25 25
0059_0026_0050_0028_0028.jpg 1 26 50 28 28
0060_0033_0054_0033_0033.jpg 1 33 54 33 33
0061_0033_0008_0060_0060.jpg 1 33 8 60 60
0062_0021_0024_0066_0066.jpg 1 21 24 66 66
0063_0029_0005_0060_0060.jpg 1 29 5 60 60
0064_0023_0040_0043_0043.jpg 1 23 40 43 43
0065_0037_0044_0049_0049.jpg 1 37 44 49 49
0066_0013_0023_0069_0069.jpg 1 13 23 69 69
0067_0017_0010_0036_0036.jpg 1 17 10 36 36
0068_0019_0026_0065_0065.jpg 1 19 26 65 65
0069_0012_0008_0066_0066.jpg 1 12 8 66 66
0070_0012_0012_0068_0068.jpg 1 12 12 68 68
0071_0009_0059_0029_0029.jpg 1 9 59 29 29
0072_0013_0038_0052_0052.jpg 1 13 38 52 52
0073_0030_0028_0062_0062.jpg 1 30 28 62 62
0074_0037_0029_0053_0053.jpg 1 37 29 53 53
0075_0030_0036_0048_0048.jpg 1 30 36 48 48
0076_0008_0065_0025_0025.jpg 1 8 65 25 25
0077_0022_0045_0025_0025.jpg 1 22 45 25 25
0078_0022_0012_0069_0069.jpg 1 22 12 69 69
0079_0026_0018_0040_0040.jpg 1 26 18 40 40
0080_0013_0021_0062_0062.jpg 1 13 21 62 62
0081_0051_0047_0039_0039.jpg 1 51 47 39 39
0082_0027_0021_0048_0048.jpg 1 27 21 48 48
0083_0025_0032_0051_0051.jpg 1 25 32 51 51
0084_0018_0025_0046_0046.jpg 1 18 25 46 46
0085_0011_0012_0068_0068.jpg 1 11 12 68 68
0086_0054_0033_0026_0026.jpg 1 54 33 26 26
0087_0014_0035_0027_0027.jpg 1 14 35 27 27
0088_0055_0053_0025_0025.jpg 1 55 53 25 25
0089_0012_0006_0039_0039.jpg 1 12 6 39 39
0090_0034_0037_0041_0041.jpg 1 34 37 41 41
0091_0009_0028_0062_0062.jpg 1 9 28 62 62
0092_0021_0018_0068_0068.jpg 1 21 18 68 68
0093_0038_0029_0033_0033.jpg 1 38 29 33 33
0094_0013_0020_0033_0033.jpg 1 13 20 33 33
0095_0026_0026_0061_0061.jpg 1 26 26 61 61
0096_0031_0030_0061_0061.jpg 1 31 30 61 61
0097_0026_0042_0027_0027.jpg 1 26 42 27 27
0098_0009_0040_0028_0028.jpg 1 9 40 28 28
0099_0037_0036_0044_0044.jpg 1 37 36 44 44
0100_0007_0022_0065_0065.jpg 1 7 22 65 65
0101_0059_0020_0028_0028.jpg 1 59 20 28 28
0102_0035_0030_0058_0058.jpg 1 35 30 58 58
0103_0012_0022_0044_0044.jpg 1 12 22 44 44
0104_0005_0005_0064_0064.jpg 1 5 5 64 64
0105_0021_0024_0042_0042.jpg 1 21 24 42 42
0106_0020_0008_0057_0057.jpg 1 20 8 57 57
0107_0043_0015_0050_0050.jpg 1 43 15 50 50
0108_0014_0011_0049_0049.jpg 1 14 11 49 49
0109_0021_0010_0047_0047.jpg 1 21 10 47 47
0110_0030_0009_0038_0038.jpg 1 30 9 38 38
0111_0014_0021_0049_0049.jpg 1 14 21 49 49
0112_0039_0030_0056_0056.jpg 1 39 30 56 56
0113_0029_0017_0062_0062.jpg 1 29 17 62 62
0114_0025_0005_0056_0056.jpg 1 25 5 56 56
0115_0010_0067_0024_0024.jpg 1 10 67 24 24
0116_0025_0051_0026_0026.jpg 1 25 51 26 26
0117_0022_0045_0035_0035.jpg 1 22 45 35 35
0118_0030_0016_0053_0053.jpg 1 30 16 53 53
0119_0016_0024_0061_0061.jpg 1 16 24 61 61
0120_0017_0025_0068_0068.jpg 1 17 25 68 68
0121_0024_0016_0062_0062.jpg 1 24 16 62 62
0122_0039_0044_0025_0025.jpg 1 39 44 25 25
0123_0038_0034_0055_0055.jpg 1 38 34 55 55
0124_0037_0014_0038_0038.jpg 1 37 14 38 38
0125_0014_0037_0033_0033.jpg 1 14 37 33 33
0126_0015_0011_0056_0056.jpg 1 15 11 56 56
0127_0034_0058_0029_0029.jpg 1 34 58 29 29
0128_0021_0007_0053_0053.jpg 1 21 7 53 53
0129_0018_0043_0046_0046.jpg 1 18 43 46 46
0130_0012_0011_0050_0050.jpg 1 12 11 50 50
0131_0014_0004_0066_0066.jpg 1 14 4 66 66
0132_0020_0052_0027_0027.jpg 1 20 52 27 27
0133_0008_0023_0027_0027.jpg 1 8 23 27 27
0134_0022_0008_0067_0067.jpg 1 22 8 67 67
0135_0032_0019_0040_0040.jpg 1 32 19 40 40
0136_0025_0009_0069_0069.jpg 1 25 9 69 69
0137_0040_0042_0039_0039.jpg 1 40 42 39 39
0138_0015_0019_0057_0057.jpg 1 15 19 57 57
0139_0016_0045_0032_0032.jpg 1 16 45 32 32
0140_0024_0007_0052_0052.jpg 1 24 7 52 52
0141_0021_0026_0027_0027.jpg 1 21 26 27 27
0142_0015_0019_0039_0039.jpg 1 15 19 39 39
0143_0029_0030_0048_0048.jpg 1 29 30 48 48
0144_0026_0035_0052_0052.jpg 1 26 35 52 52
0145_0023_0014_0064_0064.jpg 1 23 14 64 64
0146_0060_0041_0026_0026.jpg 1 60 41 26 26
0147_0047_0027_0038_0038.jpg 1 47 27 38 38
0148_0012_0019_0038_0038.jpg 1 12 19 38 38
0149_0043_0026_0036_0036.jpg 1 43 26 36 36
0150_0052_0009_0033_0033.jpg 1 52 9 33 33
0151_0046_0053_0037_0037.jpg 1 46 53 37 37
0152_0022_0063_0026_0026.jpg 1 22 63 26 26
0153_0037_0021_0045_0045.jpg 1 37 21 45 45
0154_0023_0013_0069_0069.jpg 1 23 13 69 69
0155_0011_0020_0063_0063.jpg 1 11 20 63 63
0156_0021_0022_0049_0049.jpg 1 21 22 49 49
0157_0012_0044_0046_0046.jpg 1 12 44 46 46
0158_0005_0038_0055_0055.jpg 1 5 38 55 55
0159_0029_0031_0065_0065.jpg 1 29 31 65 65
0160_0029_0023_0053_0053.jpg 1 29 23 53 53
0161_0064_0023_0028_0028.jpg 1 64 23 28 28
0162_0027_0046_0041_0041.jpg 1 27 46 41 41
0163_0006_0015_0056_0056.jpg 1 6 15 56 56
0164_0004_0022_0061_0061.jpg 1 4 22 61 61
0165_0023_0042_0045_0045.jpg 1 23 42 45 45
0166_0022_0031_0030_0030.jpg 1 22 31 30 30
0167_0042_0015_0036_0036.jpg 1 42 15 36 36
0168_0057_0041_0025_0025.jpg 1 57 41 25 25
0169_0055_0053_0028_0028.jpg 1 55 53 28 28
0170_0043_0044_0043_0043.jpg 1 43 44 43 43
0171_0018_0004_0061_0061.jpg 1 18 4 61 61
0172_0039_0030_0028_0028.jpg 1 39 30 28 28
0173_0024_0014_0043_0043.jpg 1 24 14 43 43
0174_0036_0023_0059_0059.jpg 1 36 23 59 59
0175_0031_0014_0064_0064.jpg 1 31 14 64 64
0176_0034_0011_0041_0041.jpg 1 34 11 41 41
0177_0048_0040_0027_0027.jpg 1 48 40 27 27
0178_0015_0028_0045_0045.jpg 1 15 28 45 45
0179_0063_0021_0025_0025.jpg 1 63 21 25 25
0180_0016_0043_0034_0034.jpg 1 16 43 34 34
0181_0042_0025_0029_0029.jpg 1 42 25 29 29
0182_0027_0016_0064_0064.jpg 1 27 16 64 64
0183_0016_0029_0064_0064.jpg 1 16 29 64 64
0184_0014_0028_0024_0024.jpg 1 14 28 24 24
0185_0040_0010_0042_0042.jpg 1 40 10 42 42
0186_0008_0005_0065_0065.jpg 1 8 5 65 65
0187_0038_0023_0056_0056.jpg 1 38 23 56 56
0188_0025_0009_0051_0051.jpg 1 25 9 51 51
0189_0018_0008_0031_0031.jpg 1 18 8 31 31
0190_0005_0028_0068_0068.jpg 1 5 28 68 68
0191_0060_0059_0027_0027.jpg 1 60 59 27 27
0192_0057_0033_0033_0033.jpg 1 57 33 33 33
0193_0052_0045_0027_0027.jpg 1 52 45 27 27
0194_0018_0019_0027_0027.jpg 1 18 19 27 27
0195_0033_0034_0030_0030.jpg 1 33 34 30 30
0196_0031_0010_0046_0046.jpg 1 31 10 46 46
0197_0034_0007_0061_0061.jpg 1 34 7 61 61
0198_0018_0033_0055_0055.jpg 1 18 33 55 55
0199_0019_0014_0067_0067.jpg 1 19 14 67 67
0200_0013_0032_0032_0032.jpg 1 13 32 32 32
0201_0015_0020_0067_0067.jpg 1 15 20 67 67
0202_0018_0008_0067_0067.jpg 1 18 8 67 67
0203_0029_0020_0057_0057.jpg 1 29 20 57 57
0204_0015_0046_0045_0045.jpg 1 15 46 45 45
0205_0015_0040_0051_0051.jpg 1 15 40 51 51
0206_0010_0019_0065_0065.jpg 1 10 19 65 65
0207_0033_0027_0025_0025.jpg 1 33 27 25 25
0208_0022_0024_0037_0037.jpg 1 22 24 37 37
0209_0009_0019_0061_0061.jpg 1 9 19 61 61
0210_0045_0030_0031_0031.jpg 1 45 30 31 31
0211_0056_0041_0026_0026.jpg 1 56 41 26 26
0212_0047_0044_0045_0045.jpg 1 47 44 45 45
0213_0009_0022_0063_0063.jpg 1 9 22 63 63
0214_0041_0022_0044_0044.jpg 1 41 22 44 44
0215_0021_0030_0036_0036.jpg 1 21 30 36 36
0216_0007_0035_0031_0031.jpg 1 7 35 31 31
0217_0009_0016_0062_0062.jpg 1 9 16 62 62
0218_0011_0030_0064_0064.jpg 1 11 30 64 64
0219_0014_0027_0040_0040.jpg 1 14 27 40 40
0220_0054_0054_0031_0031.jpg 1 54 54 31 31
0221_0028_0052_0037_0037.jpg 1 28 52 37 37
0222_0050_0043_0043_0043.jpg 1 50 43 43 43
0223_0004_0013_0062_0062.jpg 1 4 13 62 62
0224_0051_0013_0040_0040.jpg 1 51 13 40 40
0225_0051_0048_0032_0032.jpg 1 51 48 32 32
0226_0021_0013_0058_0058.jpg 1 21 13 58 58
0227_0019_0013_0067_0067.jpg 1 19 13 67 67
0228_0032_0040_0033_0033.jpg 1 32 40 33 33
0229_0038_0057_0024_0024.jpg 1 38 57 24 24
0230_0009_0031_0064_0064.jpg 1 9 31 64 64
0231_0013_0020_0069_0069.jpg 1 13 20 69 69
0232_0012_0025_0033_0033.jpg 1 12 25 33 33
0233_0024_0028_0063_0063.jpg 1 24 28 63 63
0234_0039_0023_0055_0055.jpg 1 39 23 55 55
0235_0010_0018_0047_0047.jpg 1 10 18 47 47
0236_0015_0024_0053_0053.jpg 1 15 24 53 53
0237_0021_0011_0044_0044.jpg 1 21 11 44 44
0238_0008_0010_0065_0065.jpg 1 8 10 65 65
0239_0020_0022_0060_0060.jpg 1 20 22 60 60
0240_0042_0042_0034_0034.jpg 1 42 42 34 34
0241_0022_0029_0062_0062.jpg 1 22 29 62 62
0242_0038_0026_0042_0042.jpg 1 38 26 42 42
0243_0030_0019_0051_0051.jpg 1 30 19 51 51
0244_0032_0010_0059_0059.jpg 1 32 10 59 59
0245_0032_0016_0043_0043.jpg 1 32 16 43 43
0246_0019_0025_0027_0027.jpg 1 19 25 27 27
0247_0040_0044_0030_0030.jpg 1 40 44 30 30
0248_0045_0014_0042_0042.jpg 1 45 14 42 42
0249_0032_0009_0038_0038.jpg 1 32 9 38 38
0250_0012_0027_0029_0029.jpg 1 12 27 29 29
0251_0009_0028_0065_0065.jpg 1 9 28 65 65
0252_0018_0017_0058_0058.jpg 1 18 17 58 58
0253_0025_0012_0027_0027.jpg 1 25 12 27 27
0254_0035_0009_0051_0051.jpg 1 35 9 51 51
0255_0016_0020_0066_0066.jpg 1 16 20 66 66
0256_0045_0012_0031_0031.jpg 1 45 12 31 31
0257_0020_0026_0058_0058.jpg 1 20 26 58 58
0258_0027_0015_0026_0026.jpg 1 27 15 26 26
0259_0024_0021_0051_0051.jpg 1 24 21 51 51
0260_0038_0032_0030_0030.jpg 1 38 32 30 30
0261_0019_0014_0030_0030.jpg 1 19 14 30 30
0262_0044_0029_0049_0049.jpg 1 44 29 49 49
0263_0006_0017_0068_0068.jpg 1 6 17 68 68
0264_0028_0015_0066_0066.jpg 1 28 15 66 66
0265_0032_0036_0055_0055.jpg 1 32 36 55 55
0266_0044_0013_0030_0030.jpg 1 44 13 30 30
0267_0010_0025_0067_0067.jpg 1 10 25 67 67
0268_0035_0026_0056_0056.jpg 1 35 26 56 56
0269_0042_0010_0045_0045.jpg 1 42 10 45 45
0270_0027_0017_0061_0061.jpg 1 27 17 61 61
0271_0005_0013_0045_0045.jpg 1 5 13 45 45
0272_0017_0029_0056_0056.jpg 1 17 29 56 56
0273_0043_0023_0041_0041.jpg 1 43 23 41 41
0274_0029_0010_0030_0030.jpg 1 29 10 30 30
0275_0013_0006_0068_0068.jpg 1 13 6 68 68
0276_0024_0010_0061_0061.jpg 1 24 10 61 61
0277_0051_0022_0031_0031.jpg 1 51 22 31 31
0278_0020_0024_0061_0061.jpg 1 20 24 61 61
0279_0026_0005_0061_0061.jpg 1 26 5 61 61
0280_0032_0037_0032_0032.jpg 1 32 37 32 32
0281_0016_0022_0035_0035.jpg 1 16 22 35 35
0282_0029_0009_0062_0062.jpg 1 29 9 62 62
0283_0020_0008_0046_0046.jpg 1 20 8 46 46
0284_0034_0038_0035_0035.jpg 1 34 38 35 35
0285_0029_0023_0055_0055.jpg 1 29 23 55 55
0286_0021_0007_0044_0044.jpg 1 21 7 44 44
0287_0028_0042_0049_0049.jpg 1 28 42 49 49
0288_0041_0017_0037_0037.jpg 1 41 17 37 37
0289_0040_0014_0026_0026.jpg 1 40 14 26 26
0290_0019_0011_0060_0060.jpg 1 19 11 60 60
0291_0066_0022_0024_0024.jpg 1 66 22 24 24
0292_0025_0019_0065_0065.jpg 1 25 19 65 65
0293_0021_0011_0068_0068.jpg 1 21 11 68 68
0294_0063_0037_0029_0029.jpg 1 63 37 29 29
0295_0023_0014_0066_0066.jpg 1 23 14 66 66
0296_0050_0048_0024_0024.jpg 1 50 48 24 24
0297_0026_0046_0026_0026.jpg 1 26 46 26 26
0298_0014_0020_0050_0050.jpg 1 14 20 50 50
0299_0019_0008_0065_0065.jpg 1 19 8 65 65
0300_0029_0024_0027_0027.jpg 1 29 24 27 27
0301_0011_0019_0065_0065.jpg 1 11 19 65 65
0302_0035_0024_0026_0026.jpg 1 35 24 26 26
0303_0017_0012_0030_0030.jpg 1 17 12 30 30
0304_0049_0062_0025_0025.jpg 1 49 62 25 25
0305_0010_0036_0041_0041.jpg 1 10 36 41 41
0306_0023_0043_0045_0045.jpg 1 23 43 45 45
0307_0028_0015_0030_0030.jpg 1 28 15 30 30
0308_0023_0019_0033_0033.jpg 1 23 19 33 33
0309_0020_0036_0041_0041.jpg 1 20 36 41 41
0310_0044_0028_0033_0033.jpg 1 44 28 33 33
0311_0023_0032_0054_0054.jpg 1 23 32 54 54
0312_0009_0017_0046_0046.jpg 1 9 17 46 46
0313_0017_0010_0043_0043.jpg 1 17 10 43 43
0314_0051_0028_0025_0025.jpg 1 51 28 25 25
0315_0017_0046_0045_0045.jpg 1 17 46 45 45
0316_0023_0030_0043_0043.jpg 1 23 30 43 43
0317_0032_0024_0030_0030.jpg 1 32 24 30 30
0318_0019_0021_0045_0045.jpg 1 19 21 45 45
0319_0015_0058_0031_0031.jpg 1 15 58 31 31
0320_0020_0024_0054_0054.jpg 1 20 24 54 54
0321_0016_0008_0066_0066.jpg 1 16 8 66 66
0322_0011_0038_0044_0044.jpg 1 11 38 44 44
0323_0023_0018_0065_0065.jpg 1 23 18 65 65
0324_0035_0009_0045_0045.jpg 1 35 9 45 45
0325_0050_0031_0026_0026.jpg 1 50 31 26 26
0326_0053_0021_0024_0024.jpg 1 53 21 24 24
0327_0016_0010_0045_0045.jpg 1 16 10 45 45
0328_0040_0017_0041_0041.jpg 1 40 17 41 41
0329_0055_0011_0027_0027.jpg 1 55 11 27 27
0330_0022_0021_0060_0060.jpg 1 22 21 60 60
0331_0015_0031_0034_0034.jpg 1 15 31 34 34
0332_0015_0009_0029_0029.jpg 1 15 9 29 29
0333_0017_0042_0038_0038.jpg 1 17 42 38 38
0334_0010_0020_0068_0068.jpg 1 10 20 68 68
0335_0008_0012_0069_0069.jpg 1 8 12 69 69
0336_0021_0003_0069_0069.jpg 1 21 3 69 69
0337_0058_0010_0035_0035.jpg 1 58 10 35 35
0338_0033_0038_0046_0046.jpg 1 33 38 46 46
0339_0035_0025_0041_0041.jpg 1 35 25 41 41
0340_0052_0054_0039_0039.jpg 1 52 54 39 39
0341_0024_0016_0037_0037.jpg 1 24 16 37 37
0342_0008_0009_0044_0044.jpg 1 8 9 44 44
0343_0014_0038_0036_0036.jpg 1 14 38 36 36
0344_0051_0013_0040_0040.jpg 1 51 13 40 40
0345_0006_0014_0044_0044.jpg 1 6 14 44 44
0346_0038_0031_0035_0035.jpg 1 38 31 35 35
0347_0006_0030_0055_0055.jpg 1 6 30 55 55
0348_0025_0028_0062_0062.jpg 1 25 28 62 62
0349_0020_0011_0053_0053.jpg 1 20 11 53 53
0350_0040_0044_0039_0039.jpg 1 40 44 39 39
0351_0020_0033_0032_0032.jpg 1 20 33 32 32
0352_0034_0033_0052_0052.jpg 1 34 33 52 52
0353_0041_0044_0048_0048.jpg 1 41 44 48 48
0354_0038_0019_0056_0056.jpg 1 38 19 56 56
0355_0028_0046_0042_0042.jpg 1 28 46 42 42
0356_0027_0011_0057_0057.jpg 1 27 11 57 57
0357_0028_0005_0045_0045.jpg 1 28 5 45 45
0358_0032_0025_0061_0061.jpg 1 32 25 61 61
0359_0055_0062_0027_0027.jpg 1 55 62 27 27
0360_0018_0018_0045_0045.jpg 1 18 18 45 45
0361_0017_0012_0035_0035.jpg 1 17 12 35 35
0362_0039_0013_0055_0055.jpg 1 39 13 55 55
0363_0039_0016_0055_0055.jpg 1 39 16 55 55
0364_0028_0010_0068_0068.jpg 1 28 10 68 68
0365_0010_0011_0063_0063.jpg 1 10 11 63 63
0366_0023_0032_0058_0058.jpg 1 23 32 58 58
0367_0044_0007_0027_0027.jpg 1 44 7 27 27
0368_0006_0047_0040_0040.jpg 1 6 47 40 40
0369_0030_0039_0042_0042.jpg 1 30 39 42 42
0370_0049_0063_0025_0025.jpg 1 49 63 25 25
0371_0004_0031_0060_0060.jpg 1 4 31 60 60
0372_0022_0025_0064_0064.jpg 1 22 25 64 64
0373_0030_0016_0059_0059.jpg 1 30 16 59 59
0374_0036_0035_0056_0056.jpg 1 36 35 56 56
0375_0026_0038_0053_0053.jpg 1 26 38 53 53
0376_0024_0030_0044_0044.jpg 1 24 30 44 44
0377_0016_0023_0064_0064.jpg 1 16 23 64 64
0378_0059_0058_0033_0033.jpg 1 59 58 33 33
0379_0023_0043_0024_0024.jpg 1 23 43 24 24
0380_0034_0031_0061_0061.jpg 1 34 31 61 61
0381_0030_0051_0042_0042.jpg 1 30 51 42 42
0382_0054_0041_0025_0025.jpg 1 54 41 25 25
0383_0018_0037_0055_0055.jpg 1 18 37 55 55
0384_0051_0023_0031_0031.jpg 1 51 23 31 31
0385_0020_0058_0028_0028.jpg 1 20 58 28 28
0386_0005_0015_0062_0062.jpg 1 5 15 62 62
0387_0009_0022_0063_0063.jpg 1 9 22 63 63
0388_0009_0049_0038_0038.jpg 1 9 49 38 38
0389_0051_0008_0035_0035.jpg 1 51 8 35 35
0390_0044_0026_0047_0047.jpg 1 44 26 47 47
0391_0021_0003_0067_0067.jpg 1 21 3 67 67
0392_0006_0020_0069_0069.jpg 1 6 20 69 69
0393_0033_0009_0056_0056.jpg 1 33 9 56 56
0394_0042_0021_0046_0046.jpg 1 42 21 46 46
0395_0010_0016_0067_0067.jpg 1 10 16 67 67
0396_0037_0022_0051_0051.jpg 1 37 22 51 51
0397_0036_0012_0035_0035.jpg 1 36 12 35 35
0398_0025_0013_0035_0035.jpg 1 25 13 35 35
0399_0005_0013_0067_0067.jpg 1 5 13 67 67
0400_0023_0024_0039_0039.jpg 1 23 24 39 39
0401_0010_0023_0067_0067.jpg 1 10 23 67 67
0402_0009_0029_0028_0028.jpg 1 9 29 28 28
0403_0035_0030_0031_0031.jpg 1 35 30 31 31
0404_0023_0044_0033_0033.jpg 1 23 44 33 33
0405_0020_0035_0027_0027.jpg 1 20 35 27 27
0406_0041_0006_0050_0050.jpg 1 41 6 50 50
0407_0053_0019_0037_0037.jpg 1 53 19 37 37
0408_0020_0014_0034_0034.jpg 1 20 14 34 34
0409_0016_0031_0025_0025.jpg 1 16 31 25 25
0410_0006_0015_0053_0053.jpg 1 6 15 53 53
0411_0029_0016_0067_0067.jpg 1 29 16 67 67
0412_0026_0045_0031_0031.jpg 1 26 45 31 31
0413_0005_0004_0060_0060.jpg 1 5 4 60 60
0414_0027_0037_0049_0049.jpg 1 27 37 49 49
0415_0033_0018_0048_0048.jpg 1 33 18 48 48
0416_0019_0011_0068_0068.jpg 1 19 11 68 68
0417_0033_0020_0034_0034.jpg 1 33 20 34 34
0418_0023_0005_0068_0068.jpg 1 23 5 68 68
0419_0028_0019_0065_0065.jpg 1 28 19 65 65
0420_0038_0027_0048_0048.jpg 1 38 27 48 48
0421_0011_0019_0050_0050.jpg 1 11 19 50 50
0422_0018_0005_0056_0056.jpg 1 18 5 56 56
0423_0046_0042_0034_0034.jpg 1 46 42 34 34
0424_0022_0022_0025_0025.jpg 1 22 22 25 25
0425_0033_0034_0060_0060.jpg 1 33 34 60 60
0426_0007_0045_0040_0040.jpg 1 7 45 40 40
0427_0049_0044_0037_0037.jpg 1 49 44 37 37
0428_0015_0031_0054_0054.jpg 1 15 31 54 54
0429_0059_0020_0030_0030.jpg 1 59 20 30 30
0430_0013_0012_0063_0063.jpg 1 13 12 63 63
0431_0027_0030_0038_0038.jpg 1 27 30 38 38
0432_0033_0030_0032_0032.jpg 1 33 30 32 32
0433_0017_0015_0059_0059.jpg 1 17 15 59 59
0434_0005_0009_0063_0063.jpg 1 5 9 63 63
0435_0030_0047_0045_0045.jpg 1 30 47 45 45
0436_0027_0039_0050_0050.jpg 1 27 39 50 50
0437_0026_0028_0037_0037.jpg 1 26 28 37 37
0438_0052_0017_0040_0040.jpg 1 52 17 40 40
0439_0035_0024_0059_0059.jpg 1 35 24 59 59
0440_0031_0036_0057_0057.jpg 1 31 36 57 57
0441_0047_0047_0041_0041.jpg 1 47 47 41 41
0442_0043_0019_0028_0028.jpg 1 43 19 28 28
0443_0008_0012_0043_0043.jpg 1 8 12 43 43
0444_0029_0040_0046_0046.jpg 1 29 40 46 46
0445_0045_0027_0029_0029.jpg 1 45 27 29 29
0446_0025_0012_0052_0052.jpg 1 25 12 52 52
0447_0018_0031_0044_0044.jpg 1 18 31 44 44
0448_0028_0051_0043_0043.jpg 1 28 51 43 43
0449_0050_0008_0034_0034.jpg 1 50 8 34 34
0450_0007_0008_0053_0053.jpg 1 7 8 53 53
0451_0024_0007_0050_0050.jpg 1 24 7 50 50
0452_0044_0006_0050_0050.jpg 1 44 6 50 50
0453_0014_0034_0052_0052.jpg 1 14 34 52 52
0454_0007_0018_0057_0057.jpg 1 7 18 57 57
0455_0013_0031_0029_0029.jpg 1 13 31 29 29
0456_0036_0030_0053_0053.jpg 1 36 30 53 53
0457_0010_0024_0036_0036.jpg 1 10 24 36 36
0458_0011_0022_0062_0062.jpg 1 11 22 62 62
0459_0024_0014_0036_0036.jpg 1 24 14 36 36
0460_0027_0044_0047_0047.jpg 1 27 44 47 47
0461_0031_0036_0049_0049.jpg 1 31 36 49 49
0462_0010_0035_0059_0059.jpg 1 10 35 59 59
0463_0030_0010_0055_0055.jpg 1 30 10 55 55
0464_0024_0020_0069_0069.jpg 1 24 20 69 69
0465_0039_0028_0027_0027.jpg 1 39 28 27 27
0466_0037_0052_0038_0038.jpg 1 37 52 38 38
0467_0061_0010_0031_0031.jpg 1 61 10 31 31
0468_0017_0006_0060_0060.jpg 1 17 6 60 60
0469_0008_0026_0069_0069.jpg 1 8 26 69 69
0470_0014_0057_0027_0027.jpg 1 14 57 27 27
0471_0008_0042_0047_0047.jpg 1 8 42 47 47
0472_0028_0025_0051_0051.jpg 1 28 25 51 51
0473_0033_0027_0060_0060.jpg 1 33 27 60 60
0474_0028_0026_0064_0064.jpg 1 28 26 64 64
0475_0063_0013_0029_0029.jpg 1 63 13 29 29
0476_0039_0043_0050_0050.jpg 1 39 43 50 50
0477_0064_0049_0025_0025.jpg 1 64 49 25 25
0478_0017_0023_0051_0051.jpg 1 17 23 51 51
0479_0020_0023_0066_0066.jpg 1 20 23 66 66
0480_0023_0046_0045_0045.jpg 1 23 46 45 45
0481_0009_0013_0028_0028.jpg 1 9 13 28 28
0482_0009_0046_0041_0041.jpg 1 9 46 41 41
0483_0051_0024_0033_0033.jpg 1 51 24 33 33
0484_0010_0011_0062_0062.jpg 1 10 11 62 62
0485_0011_0035_0053_0053.jpg 1 11 35 53 53
0486_0038_0038_0035_0035.jpg 1 38 38 35 35
0487_0021_0028_0041_0041.jpg 1 21 28 41 41
0488_0008_0010_0057_0057.jpg 1 8 10 57 57
0489_0006_0009_0067_0067.jpg 1 6 9 67 67
0490_0026_0014_0068_0068.jpg 1 26 14 68 68
0491_0035_0019_0040_0040.jpg 1 35 19 40 40
0492_0016_0030_0057_0057.jpg 1 16 30 57 57
0493_0016_0016_0058_0058.jpg 1 16 16 58 58
0494_0024_0033_0050_0050.jpg 1 24 33 50 50
0495_0011_0035_0051_0051.jpg 1 11 35 51 51
0496_0028_0038_0051_0051.jpg 1 28 38 51 51
0497_0012_0029_0041_0041.jpg 1 12 29 41 41
0498_0042_0051_0042_0042.jpg 1 42 51 42 42
0499_0019_0020_0063_0063.jpg 1 19 20 63 63
0500_0015_0034_0062_0062.jpg 1 15 34 62 62
0501_0006_0025_0042_0042.jpg 1 6 25 42 42
0502_0062_0044_0026_0026.jpg 1 62 44 26 26
0503_0023_0022_0057_0057.jpg 1 23 22 57 57
0504_0057_0019_0030_0030.jpg 1 57 19 30 30
0505_0009_0042_0033_0033.jpg 1 9 42 33 33
0506_0007_0008_0064_0064.jpg 1 7 8 64 64
0507_0056_0030_0037_0037.jpg 1 56 30 37 37
0508_0025_0010_0069_0069.jpg 1 25 10 69 69
0509_0013_0032_0062_0062.jpg 1 13 32 62 62
0510_0009_0013_0062_0062.jpg 1 9 13 62 62
0511_0031_0026_0059_0059.jpg 1 31 26 59 59
0512_0054_0030_0038_0038.jpg 1 54 30 38 38
0513_0033_0027_0049_0049.jpg 1 33 27 49 49
0514_0036_0020_0031_0031.jpg 1 36 20 31 31
0515_0016_0027_0053_0053.jpg 1 16 27 53 53
0516_0006_0026_0068_0068.jpg 1 6 26 68 68
0517_0036_0041_0027_0027.jpg 1 36 41 27 27
0518_0025_0028_0064_0064.jpg 1 25 28 64 64
0519_0034_0014_0056_0056.jpg 1 34 14 56 56
0520_0015_0027_0041_0041.jpg 1 15 27 41 41
0521_0023_0050_0030_0030.jpg 1 23 50 30 30
0522_0035_0010_0048_0048.jpg 1 35 10 48 48
0523_0048_0018_0029_0029.jpg 1 48 18 29 29
0524_0018_0037_0041_0041.jpg 1 18 37 41 41
0525_0048_0044_0044_0044.jpg 1 48 44 44 44
0526_0029_0021_0031_0031.jpg 1 29 21 31 31
0527_0029_0022_0049_0049.jpg 1 29 22 49 49
0528_0023_0052_0034_0034.jpg 1 23 52 34 34
0529_0016_0029_0058_0058.jpg 1 16 29 58 58
0530_0012_0058_0032_0032.jpg 1 12 58 32 32
0531_0023_0046_0048_0048.jpg 1 23 46 48 48
0532_0036_0026_0057_0057.jpg 1 36 26 57 57
0533_0013_0024_0033_0033.jpg 1 13 24 33 33
0534_0030_0012_0063_0063.jpg 1 30 12 63 63
0535_0050_0010_0031_0031.jpg 1 50 10 31 31
0536_0021_0023_0055_0055.jpg 1 21 23 55 55
0537_0027_0009_0044_0044.jpg 1 27 9 44 44
0538_0022_0019_0060_0060.jpg 1 22 19 60 60
0539_0031_0031_0064_0064.jpg 1 31 31 64 64
0540_0032_0034_0030_0030.jpg 1 32 34 30 30
0541_0026_0025_0058_0058.jpg 1 26 25 58 58
0542_0023_0017_0056_0056.jpg 1 23 17 56 56
0543_0033_0014_0056_0056.jpg 1 33 14 56 56
0544_0035_0026_0057_0057.jpg 1 35 26 57 57
0545_0017_0030_0033_0033.jpg 1 17 30 33 33
0546_0015_0028_0050_0050.jpg 1 15 28 50 50
0547_0023_0012_0061_0061.jpg 1 23 12 61 61
0548_0047_0028_0032_0032.jpg 1 47 28 32 32
0549_0027_0043_0044_0044.jpg 1 27 43 44 44
0550_0028_0018_0067_0067.jpg 1 28 18 67 67
0551_0004_0023_0068_0068.jpg 1 4 23 68 68
0552_0013_0011_0045_0045.jpg 1 13 11 45 45
0553_0030_0036_0038_0038.jpg 1 30 36 38 38
0554_0059_0013_0033_0033.jpg 1 59 13 33 33
0555_0032_0016_0036_0036.jpg 1 32 16 36 36
0556_0022_0008_0063_0063.jpg 1 22 8 63 63
0557_0012_0023_0060_0060.jpg 1 12 23 60 60
0558_0011_0017_0067_0067.jpg 1 11 17 67 67
0559_0009_0013_0062_0062.jpg 1 9 13 62 62
0560_0007_0019_0061_0061.jpg 1 7 19 61 61
0561_0012_0006_0065_0065.jpg 1 12 6 65 65
0562_0014_0006_0067_0067.jpg 1 14 6 67 67
0563_0042_0016_0051_0051.jpg 1 42 16 51 51
0564_0035_0026_0055_0055.jpg 1 35 26 55 55
0565_0023_0035_0057_0057.jpg 1 23 35 57 57
0566_0013_0020_0043_0043.jpg 1 13 20 43 43
0567_0006_0029_0065_0065.jpg 1 6 29 65 65
0568_0044_0019_0041_0041.jpg 1 44 19 41 41
0569_0012_0015_0062_0062.jpg 1 12 15 62 62
0570_0035_0027_0043_0043.jpg 1 35 27 43 43
0571_0042_0014_0032_0032.jpg 1 42 14 32 32
0572_0032_0019_0043_0043.jpg 1 32 19 43 43
0573_0019_0020_0046_0046.jpg 1 19 20 46 46
0574_0027_0028_0026_0026.jpg 1 27 28 26 26
0575_0038_0027_0051_0051.jpg 1 38 27 51 51
0576_0023_0029_0052_0052.jpg 1 23 29 52 52
0577_0021_0018_0059_0059.jpg 1 21 18 59 59
0578_0013_0028_0041_0041.jpg 1 13 28 41 41
0579_0022_0008_0066_0066.jpg 1 22 8 66 66
0580_0020_0007_0054_0054.jpg 1 20 7 54 54
0581_0026_0017_0038_0038.jpg 1 26 17 38 38
0582_0018_0018_0065_0065.jpg 1 18 18 65 65
0583_0021_0021_0062_0062.jpg 1 21 21 62 62
0584_0040_0060_0031_0031.jpg 1 40 60 31 31
0585_0038_0047_0029_0029.jpg 1 38 47 29 29
0586_0022_0041_0026_0026.jpg 1 22 41 26 26
0587_0031_0031_0061_0061.jpg 1 31 31 61 61
0588_0029_0032_0055_0055.jpg 1 29 32 55 55
0589_0032_0022_0049_0049.jpg 1 32 22 49 49
0590_0039_0046_0025_0025.jpg 1 39 46 25 25
0591_0020_0026_0060_0060.jpg 1 20 26 60 60
0592_0019_0033_0030_0030.jpg 1 19 33 30 30
0593_0042_0032_0046_0046.jpg 1 42 32 46 46
0594_0017_0035_0050_0050.jpg 1 17 35 50 50
0595_0012_0043_0047_0047.jpg 1 12 43 47 47
0596_0015_0033_0044_0044.jpg 1 15 33 44 44
0597_0016_0025_0065_0065.jpg 1 16 25 65 65
0598_0023_0031_0056_0056.jpg 1 23 31 56 56
0599_0052_0031_0039_0039.jpg 1 52 31 39 39
0600_0061_0056_0024_0024.jpg 1 61 56 24 24
0601_0025_0035_0046_0046.jpg 1 25 35 46 46
0602_0026_0023_0052_0052.jpg 1 26 23 52 52
0603_0014_0020_0061_0061.jpg 1 14 20 61 61
0604_0004_0026_0051_0051.jpg 1 4 26 51 51
0605_0004_0009_0059_0059.jpg 1 4 9 59 59
0606_0025_0006_0065_0065.jpg 1 25 6 65 65
0607_0035_0049_0030_0030.jpg 1 35 49 30 30
0608_0044_0056_0031_0031.jpg 1 44 56 31 31
0609_0010_0040_0050_0050.jpg 1 10 40 50 50
0610_0016_0038_0032_0032.jpg 1 16 38 32 32
0611_0016_0013_0058_0058.jpg 1 16 13 58 58
0612_0016_0014_0060_0060.jpg 1 16 14 60 60
0613_0045_0031_0045_0045.jpg 1 45 31 45 45
0614_0013_0009_0068_0068.jpg 1 13 9 68 68
0615_0052_0052_0033_0033.jpg 1 52 52 33 33
0616_0036_0067_0025_0025.jpg 1 36 67 25 25
0617_0052_0032_0040_0040.jpg 1 52 32 40 40
0618_0018_0008_0069_0069.jpg 1 18 8 69 69
0619_0053_0020_0031_0031.jpg 1 53 20 31 31
0620_0020_0015_0064_0064.jpg 1 20 15 64 64
0621_0031_0042_0050_0050.jpg 1 31 42 50 50
0622_0008_0058_0030_0030.jpg 1 8 58 30 30
0623_0022_0009_0069_0069.jpg 1 22 9 69 69
0624_0010_0017_0051_0051.jpg 1 10 17 51 51
0625_0054_0055_0037_0037.jpg 1 54 55 37 37
0626_0011_0020_0052_0052.jpg 1 11 20 52 52
0627_0049_0040_0043_0043.jpg 1 49 40 43 43
0628_0007_0031_0058_0058.jpg 1 7 31 58 58
0629_0046_0032_0045_0045.jpg 1 46 32 45 45
0630_0030_0047_0036_0036.jpg 1 30 47 36 36
0631_0009_0005_0061_0061.jpg 1 9 5 61 61
0632_0040_0006_0051_0051.jpg 1 40 6 51 51
0633_0018_0042_0046_0046.jpg 1 18 42 46 46
0634_0015_0015_0068_0068.jpg 1 15 15 68 68
0635_0020_0004_0069_0069.jpg 1 20 4 69 69
0636_0030_0024_0039_0039.jpg 1 30 24 39 39
0637_0007_0038_0043_0043.jpg 1 7 38 43 43
0638_0033_0008_0039_0039.jpg 1 33 8 39 39
0639_0015_0013_0063_0063.jpg 1 15 13 63 63
0640_0007_0013_0059_0059.jpg 1 7 13 59 59
0641_0033_0033_0044_0044.jpg 1 33 33 44 44
0642_0027_0012_0061_0061.jpg 1 27 12 61 61
0643_0058_0048_0026_0026.jpg 1 58 48 26 26
0644_0037_0009_0028_0028.jpg 1 37 9 28 28
0645_0010_0025_0032_0032.jpg 1 10 25 32 32
0646_0044_0023_0048_0048.jpg 1 44 23 48 48
0647_0050_0056_0025_0025.jpg 1 50 56 25 25
0648_0012_0051_0024_0024.jpg 1 12 51 24 24
0649_0029_0045_0048_0048.jpg 1 29 45 48 48
0650_0007_0043_0031_0031.jpg 1 7 43 31 31
0651_0040_0030_0050_0050.jpg 1 40 30 50 50
0652_0022_0016_0059_0059.jpg 1 22 16 59 59
0653_0034_0045_0029_0029.jpg 1 34 45 29 29
0654_0023_0035_0043_0043.jpg 1 23 35 43 43
0655_0037_0011_0052_0052.jpg 1 37 11 52 52
0656_0012_0026_0047_0047.jpg 1 12 26 47 47
0657_0030_0007_0029_0029.jpg 1 30 7 29 29
0658_0016_0012_0068_0068.jpg 1 16 12 68 68
0659_0043_0032_0036_0036.jpg 1 43 32 36 36
0660_0010_0050_0043_0043.jpg 1 10 50 43 43
0661_0016_0007_0069_0069.jpg 1 16 7 69 69
0662_0042_0018_0040_0040.jpg 1 42 18 40 40
0663_0034_0019_0056_0056.jpg 1 34 19 56 56
0664_0024_0064_0026_0026.jpg 1 24 64 26 26
0665_0021_0034_0024_0024.jpg 1 21 34 24 24
0666_0019_0014_0069_0069.jpg 1 19 14 69 69
0667_0020_0015_0053_0053.jpg 1 20 15 53 53
0668_0018_0026_0030_0030.jpg 1 18 26 30 30
0669_0032_0011_0048_0048.jpg 1 32 11 48 48
0670_0036_0014_0044_0044.jpg 1 36 14 44 44
0671_0035_0033_0039_0039.jpg 1 35 33 39 39
0672_0027_0033_0052_0052.jpg 1 27 33 52 52
0673_0050_0048_0038_0038.jpg 1 50 48 38 38
0674_0023_0024_0040_0040.jpg 1 23 24 40 40
0675_0006_0036_0053_0053.jpg 1 6 36 53 53
0676_0042_0018_0038_0038.jpg 1 42 18 38 38
0677_0025_0028_0030_0030.jpg 1 25 28 30 30
0678_0020_0022_0065_0065.jpg 1 20 22 65 65
0679_0035_0025_0060_0060.jpg 1 35 25 60 60
0680_0004_0030_0065_0065.jpg 1 4 30 65 65
0681_0024_0008_0036_0036.jpg 1 24 8 36 36
0682_0036_0046_0033_0033.jpg 1 36 46 33 33
0683_0027_0015_0069_0069.jpg 1 27 15 69 69
0684_0049_0050_0041_0041.jpg 1 49 50 41 41
0685_0006_0019_0043_0043.jpg 1 6 19 43 43
0686_0037_0031_0047_0047.jpg 1 37 31 47 47
0687_0029_0011_0062_0062.jpg 1 29 11 62 62
0688_0054_0024_0038_0038.jpg 1 54 24 38 38
0689_0032_0006_0053_0053.jpg 1 32 6 53 53
0690_0018_0022_0034_0034.jpg 1 18 22 34 34
0691_0003_0017_0069_0069.jpg 1 3 17 69 69
0692_0034_0010_0044_0044.jpg 1 34 10 44 44
0693_0057_0023_0036_0036.jpg 1 57 23 36 36
0694_0014_0010_0041_0041.jpg 1 14 10 41 41
0695_0051_0018_0039_0039.jpg 1 51 18 39 39
0696_0012_0034_0040_0040.jpg 1 12 34 40 40
0697_0012_0012_0065_0065.jpg 1 12 12 65 65
0698_0009_0021_0055_0055.jpg 1 9 21 55 55
0699_0007_0032_0059_0059.jpg 1 7 32 59 59
0700_0019_0008_0044_0044.jpg 1 19 8 44 44
0701_0016_0020_0027_0027.jpg 1 16 20 27 27
0702_0010_0031_0049_0049.jpg 1 10 31 49 49
0703_0042_0047_0044_0044.jpg 1 42 47 44 44
0704_0035_0015_0060_0060.jpg 1 35 15 60 60
0705_0023_0015_0064_0064.jpg 1 23 15 64 64
0706_0017_0009_0040_0040.jpg 1 17 9 40 40
0707_0054_0014_0028_0028.jpg 1 54 14 28 28
0708_0047_0015_0045_0045.jpg 1 47 15 45 45
0709_0035_0020_0058_0058.jpg 1 35 20 58 58
0710_0042_0011_0029_0029.jpg 1 42 11 29 29
0711_0011_0011_0061_0061.jpg 1 11 11 61 61
0712_0025_0032_0038_0038.jpg 1 25 32 38 38
0713_0021_0019_0066_0066.jpg 1 21 19 66 66
0714_0057_0055_0033_0033.jpg 1 57 55 33 33
0715_0041_0042_0041_0041.jpg 1 41 42 41 41
0716_0005_0033_0057_0057.jpg 1 5 33 57 57
0717_0037_0036_0031_0031.jpg 1 37 36 31 31
0718_0009_0041_0032_0032.jpg 1 9 41 32 32
0719_0029_0009_0024_0024.jpg 1 29 9 24 24
0720_0031_0041_0031_0031.jpg 1 31 41 31 31
0721_0022_0017_0063_0063.jpg 1 22 17 63 63
0722_0040_0032_0053_0053.jpg 1 40 32 53 53
0723_0015_0020_0053_0053.jpg 1 15 20 53 53
0724_0045_0035_0043_0043.jpg 1 45 35 43 43
0725_0012_0005_0068_0068.jpg 1 12 5 68 68
0726_0014_0020_0057_0057.jpg 1 14 20 57 57
0727_0011_0029_0048_0048.jpg 1 11 29 48 48
0728_0045_0057_0034_0034.jpg 1 45 57 34 34
0729_0012_0034_0031_0031.jpg 1 12 34 31 31
0730_0018_0024_0067_0067.jpg 1 18 24 67 67
0731_0035_0024_0057_0057.jpg 1 35 24 57 57
0732_0036_0021_0049_0049.jpg 1 36 21 49 49
0733_0033_0065_0025_0025.jpg 1 33 65 25 25
0734_0033_0010_0033_0033.jpg 1 33 10 33 33
0735_0015_0037_0043_0043.jpg 1 15 37 43 43
0736_0023_0024_0058_0058.jpg 1 23 24 58 58
0737_0011_0028_0061_0061.jpg 1 11 28 61 61
0738_0024_0018_0033_0033.jpg 1 24 18 33 33
0739_0048_0024_0040_0040.jpg 1 48 24 40 40
0740_0030_0019_0064_0064.jpg 1 30 19 64 64
0741_0011_0024_0068_0068.jpg 1 11 24 68 68
0742_0047_0039_0040_0040.jpg 1 47 39 40 40
0743_0008_0027_0068_0068.jpg 1 8 27 68 68
0744_0042_0005_0053_0053.jpg 1 42 5 53 53
0745_0007_0027_0067_0067.jpg 1 7 27 67 67
0746_0029_0024_0063_0063.jpg 1 29 24 63 63
0747_0010_0008_0051_0051.jpg 1 10 8 51 51
0748_0046_0033_0037_0037.jpg 1 46 33 37 37
0749_0026_0052_0025_0025.jpg 1 26 52 25 25
0750_0052_0016_0024_0024.jpg 1 52 16 24 24
0751_0050_0062_0030_0030.jpg 1 50 62 30 30
0752_0028_0040_0028_0028.jpg 1 28 40 28 28
0753_0010_0017_0059_0059.jpg 1 10 17 59 59
0754_0016_0032_0059_0059.jpg 1 16 32 59 59
0755_0014_0005_0062_0062.jpg 1 14 5 62 62
0756_0031_0036_0043_0043.jpg 1 31 36 43 43
0757_0045_0035_0045_0045.jpg 1 45 35 45 45
0758_0051_0042_0038_0038.jpg 1 51 42 38 38
0759_0056_0054_0028_0028.jpg 1 56 54 28 28
0760_0020_0011_0040_0040.jpg 1 20 11 40 40
0761_0049_0055_0024_0024.jpg 1 49 55 24 24
0762_0017_0011_0068_0068.jpg 1 17 11 68 68
0763_0008_0035_0039_0039.jpg 1 8 35 39 39
0764_0044_0009_0038_0038.jpg 1 44 9 38 38
0765_0030_0017_0044_0044.jpg 1 30 17 44 44
0766_0015_0007_0051_0051.jpg 1 15 7 51 51
0767_0021_0060_0030_0030.jpg 1 21 60 30 30
0768_0056_0046_0030_0030.jpg 1 56 46 30 30
0769_0054_0026_0039_0039.jpg 1 54 26 39 39
0770_0031_0031_0048_0048.jpg 1 31 31 48 48
0771_0042_0055_0035_0035.jpg 1 42 55 35 35
0772_0019_0026_0064_0064.jpg 1 19 26 64 64
0773_0007_0039_0037_0037.jpg 1 7 39 37 37
0774_0033_0018_0062_0062.jpg 1 33 18 62 62
0775_0038_0009_0057_0057.jpg 1 38 9 57 57
0776_0017_0015_0050_0050.jpg 1 17 15 50 50
0777_0051_0048_0038_0038.jpg 1 51 48 38 38
0778_0027_0017_0068_0068.jpg 1 27 17 68 68
0779_0012_0009_0040_0040.jpg 1 12 9 40 40
0780_0021_0009_0062_0062.jpg 1 21 9 62 62
0781_0012_0029_0066_0066.jpg 1 12 29 66 66
0782_0020_0021_0064_0064.jpg 1 20 21 64 64
0783_0015_0014_0045_0045.jpg 1 15 14 45 45
0784_0015_0015_0038_0038.jpg 1 15 15 38 38
0785_0006_0022_0046_0046.jpg 1 6 22 46 46
0786_0016_0015_0060_0060.jpg 1 16 15 60 60
0787_0011_0011_0025_0025.jpg 1 11 11 25 25
0788_0028_0012_0067_0067.jpg 1 28 12 67 67
0789_0054_0014_0034_0034.jpg 1 54 14 34 34
0790_0021_0024_0066_0066.jpg 1 21 24 66 66
0791_0058_0040_0031_0031.jpg 1 58 40 31 31
0792_0041_0046_0046_0046.jpg 1 41 46 46 46
0793_0030_0014_0057_0057.jpg 1 30 14 57 57
0794_0027_0017_0033_0033.jpg 1 27 17 33 33
0795_0052_0038_0041_0041.jpg 1 52 38 41 41
0796_0035_0046_0030_0030.jpg 1 35 46 30 30
0797_0038_0032_0055_0055.jpg 1 38 32 55 55
0798_0034_0011_0041_0041.jpg 1 34 11 41 41
0799_0017_0032_0063_0063.jpg 1 17 32 63 63
0800_0047_0060_0028_0028.jpg 1 47 60 28 28
0801_0017_0038_0054_0054.jpg 1 17 38 54 54
0802_0036_0015_0057_0057.jpg 1 36 15 57 57
0803_0035_0022_0027_0027.jpg 1 35 22 27 27
0804_0045_0047_0032_0032.jpg 1 45 47 32 32
0805_0028_0050_0027_0027.jpg 1 28 50 27 27
0806_0023_0033_0057_0057.jpg 1 23 33 57 57
0807_0025_0005_0059_0059.jpg 1 25 5 59 59
0808_0011_0035_0057_0057.jpg 1 11 35 57 57
0809_0050_0042_0027_0027.jpg 1 50 42 27 27
0810_0008_0044_0048_0048.jpg 1 8 44 48 48
0811_0008_0024_0062_0062.jpg 1 8 24 62 62
0812_0023_0030_0063_0063.jpg 1 23 30 63 63
0813_0033_0037_0025_0025.jpg 1 33 37 25 25
0814_0023_0013_0057_0057.jpg 1 23 13 57 57
0815_0021_0013_0040_0040.jpg 1 21 13 40 40
0816_0022_0030_0024_0024.jpg 1 22 30 24 24
0817_0023_0024_0064_0064.jpg 1 23 24 64 64
0818_0014_0035_0033_0033.jpg 1 14 35 33 33
0819_0039_0019_0025_0025.jpg 1 39 19 25 25
0820_0010_0041_0041_0041.jpg 1 10 41 41 41
0821_0040_0029_0050_0050.jpg 1 40 29 50 50
0822_0035_0020_0046_0046.jpg 1 35 20 46 46
0823_0007_0036_0031_0031.jpg 1 7 36 31 31
0824_0057_0040_0033_0033.jpg 1 57 40 33 33
0825_0037_0017_0055_0055.jpg 1 37 17 55 55
0826_0009_0026_0068_0068.jpg 1 9 26 68 68
0827_0018_0018_0066_0066.jpg 1 18 18 66 66
0828_0033_0044_0027_0027.jpg 1 33 44 27 27
0829_0023_0037_0042_0042.jpg 1 23 37 42 42
0830_0005_0026_0043_0043.jpg 1 5 26 43 43
0831_0026_0006_0064_0064.jpg 1 26 6 64 64
0832_0015_0059_0027_0027.jpg 1 15 59 27 27
0833_0028_0060_0027_0027.jpg 1 28 60 27 27
0834_0028_0045_0046_0046.jpg 1 28 45 46 46
0835_0031_0011_0055_0055.jpg 1 31 11 55 55
0836_0019_0031_0059_0059.jpg 1 19 31 59 59
0837_0017_0026_0060_0060.jpg 1 17 26 60 60
0838_0013_0014_0040_0040.jpg 1 13 14 40 40
0839_0021_0052_0028_0028.jpg 1 21 52 28 28
0840_0022_0005_0051_0051.jpg 1 22 5 51 51
0841_0007_0040_0051_0051.jpg 1 7 40 51 51
0842_0048_0036_0034_0034.jpg 1 48 36 34 34
0843_0016_0046_0033_0033.jpg 1 16 46 33 33
0844_0042_0006_0041_0041.jpg 1 42 6 41 41
0845_0036_0011_0036_0036.jpg 1 36 11 36 36
0846_0033_0030_0049_0049.jpg 1 33 30 49 49
0847_0032_0061_0026_0026.jpg 1 32 61 26 26
0848_0042_0016_0046_0046.jpg 1 42 16 46 46
0849_0028_0022_0056_0056.jpg 1 28 22 56 56
0850_0038_0007_0026_0026.jpg 1 38 7 26 26
0851_0016_0042_0028_0028.jpg 1 16 42 28 28
0852_0017_0023_0059_0059.jpg 1 17 23 59 59
0853_0016_0012_0062_0062.jpg 1 16 12 62 62
0854_0008_0044_0048_0048.jpg 1 8 44 48 48
0855_0027_0025_0067_0067.jpg 1 27 25 67 67
0856_0038_0014_0057_0057.jpg 1 38 14 57 57
0857_0017_0008_0059_0059.jpg 1 17 8 59 59
0858_0045_0044_0036_0036.jpg 1 45 44 36 36
0859_0059_0015_0028_0028.jpg 1 59 15 28 28
0860_0008_0011_0024_0024.jpg 1 8 11 24 24
0861_0020_0022_0046_0046.jpg 1 20 22 46 46
0862_0038_0029_0040_0040.jpg 1 38 29 40 40
0863_0027_0058_0027_0027.jpg 1 27 58 27 27
0864_0037_0011_0033_0033.jpg 1 37 11 33 33
0865_0017_0007_0039_0039.jpg 1 17 7 39 39
0866_0018_0006_0064_0064.jpg 1 18 6 64 64
0867_0037_0042_0047_0047.jpg 1 37 42 47 47
0868_0021_0007_0067_0067.jpg 1 21 7 67 67
0869_0015_0024_0056_0056.jpg 1 15 24 56 56
0870_0023_0020_0068_0068.jpg 1 23 20 68 68
0871_0038_0055_0037_0037.jpg 1 38 55 37 37
0872_0028_0025_0047_0047.jpg 1 28 25 47 47
0873_0026_0043_0044_0044.jpg 1 26 43 44 44
0874_0006_0005_0068_0068.jpg 1 6 5 68 68
0875_0038_0011_0042_0042.jpg 1 38 11 42 42
0876_0006_0016_0053_0053.jpg 1 6 16 53 53
0877_0012_0040_0046_0046.jpg 1 12 40 46 46
0878_0006_0019_0069_0069.jpg 1 6 19 69 69
0879_0038_0007_0042_0042.jpg 1 38 7 42 42
0880_0020_0026_0069_0069.jpg 1 20 26 69 69
0881_0006_0040_0049_0049.jpg 1 6 40 49 49
0882_0027_0023_0025_0025.jpg 1 27 23 25 25
0883_0026_0019_0045_0045.jpg 1 26 19 45 45
0884_0049_0026_0040_0040.jpg 1 49 26 40 40
0885_0020_0012_0065_0065.jpg 1 20 12 65 65
0886_0005_0022_0059_0059.jpg 1 5 22 59 59
0887_0033_0007_0034_0034.jpg 1 33 7 34 34
0888_0056_0021_0032_0032.jpg 1 56 21 32 32
0889_0016_0022_0052_0052.jpg 1 16 22 52 52
0890_0033_0024_0058_0058.jpg 1 33 24 58 58
0891_0022_0047_0026_0026.jpg 1 22 47 26 26
0892_0029_0045_0048_0048.jpg 1 29 45 48 48
0893_0037_0035_0052_0052.jpg 1 37 35 52 52
0894_0050_0053_0037_0037.jpg 1 50 53 37 37
0895_0020_0024_0060_0060.jpg 1 20 24 60 60
0896_0052_0055_0038_0038.jpg 1 52 55 38 38
0897_0039_0040_0039_0039.jpg 1 39 40 39 39
0898_0040_0011_0040_0040.jpg 1 40 11 40 40
0899_0015_0010_0061_0061.jpg 1 15 10 61 61
0900_0042_0016_0030_0030.jpg 1 42 16 30 30
0901_0017_0034_0055_0055.jpg 1 17 34 55 55
0902_0031_0060_0033_0033.jpg 1 31 60 33 33
0903_0025_0034_0054_0054.jpg 1 25 34 54 54
0904_0020_0049_0036_0036.jpg 1 20 49 36 36
0905_0051_0007_0040_0040.jpg 1 51 7 40 40
0906_0013_0017_0060_0060.jpg 1 13 17 60 60
0907_0030_0028_0062_0062.jpg 1 30 28 62 62
0908_0016_0009_0032_0032.jpg 1 16 9 32 32
0909_0024_0043_0046_0046.jpg 1 24 43 46 46
0910_0010_0012_0044_0044.jpg 1 10 12 44 44
0911_0021_0047_0042_0042.jpg 1 21 47 42 42
0912_0020_0031_0047_0047.jpg 1 20 31 47 47
0913_0020_0008_0037_0037.jpg 1 20 8 37 37
0914_0006_0036_0049_0049.jpg 1 6 36 49 49
0915_0040_0028_0046_0046.jpg 1 40 28 46 46
0916_0019_0023_0068_0068.jpg 1 19 23 68 68
0917_0024_0017_0058_0058.jpg 1 24 17 58 58
0918_0043_0033_0042_0042.jpg 1 43 33 42 42
0919_0011_0017_0053_0053.jpg 1 11 17 53 53
0920_0028_0024_0036_0036.jpg 1 28 24 36 36
0921_0019_0028_0024_0024.jpg 1 19 28 24 24
0922_0006_0013_0068_0068.jpg 1 6 13 68 68
0923_0039_0018_0040_0040.jpg 1 39 18 40 40
0924_0047_0030_0041_0041.jpg 1 47 30 41 41
0925_0051_0011_0032_0032.jpg 1 51 11 32 32
0926_0019_0048_0045_0045.jpg 1 19 48 45 45
0927_0014_0032_0053_0053.jpg 1 14 32 53 53
0928_0016_0023_0052_0052.jpg 1 16 23 52 52
0929_0024_0030_0032_0032.jpg 1 24 30 32 32
0930_0011_0013_0034_0034.jpg 1 11 13 34 34
0931_0030_0022_0040_0040.jpg 1 30 22 40 40
0932_0026_0050_0030_0030.jpg 1 26 50 30 30
0933_0025_0027_0054_0054.jpg 1 25 27 54 54
0934_0038_0044_0034_0034.jpg 1 38 44 34 34
0935_0022_0013_0047_0047.jpg 1 22 13 47 47
0936_0014_0021_0058_0058.jpg 1 14 21 58 58
0937_0060_0037_0029_0029.jpg 1 60 37 29 29
0938_0016_0008_0064_0064.jpg 1 16 8 64 64
0939_0029_0030_0065_0065.jpg 1 29 30 65 65
0940_0021_0033_0027_0027.jpg 1 21 33 27 27
0941_0024_0010_0032_0032.jpg 1 24 10 32 32
0942_0027_0010_0026_0026.jpg 1 27 10 26 26
0943_0010_0047_0042_0042.jpg 1 10 47 42 42
0944_0033_0005_0051_0051.jpg 1 33 5 51 51
0945_0051_0021_0027_0027.jpg 1 51 21 27 27
0946_0042_0027_0032_0032.jpg 1 42 27 32 32
0947_0025_0007_0064_0064.jpg 1 25 7 64 64
0948_0010_0013_0062_0062.jpg 1 10 13 62 62
0949_0019_0040_0051_0051.jpg 1 19 40 51 51
0950_0042_0033_0039_0039.jpg 1 42 33 39 39
0951_0010_0014_0066_0066.jpg 1 10 14 66 66
0952_0004_0005_0062_0062.jpg 1 4 5 62 62
0953_0032_0036_0051_0051.jpg 1 32 36 51 51
0954_0028_0005_0059_0059.jpg 1 28 5 59 59
0955_0012_0037_0057_0057.jpg 1 12 37 57 57
0956_0010_0015_0043_0043.jpg 1 10 15 43 43
0957_0005_0020_0055_0055.jpg 1 5 20 55 55
0958_0025_0021_0046_0046.jpg 1 25 21 46 46
0959_0027_0008_0064_0064.jpg 1 27 8 64 64
0960_0044_0028_0032_0032.jpg 1 44 28 32 32
0961_0010_0032_0054_0054.jpg 1 10 32 54 54
0962_0035_0028_0052_0052.jpg 1 35 28 52 52
0963_0013_0024_0057_0057.jpg 1 13 24 57 57
0964_0034_0033_0057_0057.jpg 1 34 33 57 57
0965_0028_0020_0057_0057.jpg 1 28 20 57 57
0966_0024_0027_0053_0053.jpg 1 24 27 53 53
0967_0008_0023_0059_0059.jpg 1 8 23 59 59
0968_0040_0049_0034_0034.jpg 1 40 49 34 34
0969_0012_0013_0063_0063.jpg 1 12 13 63 63
0970_0013_0032_0026_0026.jpg 1 13 32 26 26
0971_0025_0031_0030_0030.jpg 1 25 31 30 30
0972_0055_0042_0031_0031.jpg 1 55 42 31 31
0973_0048_0046_0043_0043.jpg 1 48 46 43 43
0974_0055_0039_0026_0026.jpg 1 55 39 26 26
0975_0052_0027_0041_0041.jpg 1 52 27 41 41
0976_0013_0008_0061_0061.jpg 1 13 8 61 61
0977_0025_0014_0045_0045.jpg 1 25 14 45 45
0978_0047_0058_0030_0030.jpg 1 47 58 30 30
0979_0010_0027_0049_0049.jpg 1 10 27 49 49
0980_0058_0049_0030_0030.jpg 1 58 49 30 30
0981_0049_0019_0024_0024.jpg 1 49 19 24 24
0982_0028_0053_0036_0036.jpg 1 28 53 36 36
0983_0008_0007_0064_0064.jpg 1 8 7 64 64
0984_0034_0006_0060_0060.jpg 1 34 6 60 60
0985_0056_0045_0027_0027.jpg 1 56 45 27 27
0986_0012_0035_0025_0025.jpg 1 12 35 25 25
0987_0015_0036_0059_0059.jpg 1 15 36 59 59
0988_0062_0029_0030_0030.jpg 1 62 29 30 30
0989_0015_0046_0038_0038.jpg 1 15 46 38 38
0990_0053_0052_0038_0038.jpg 1 53 52 38 38
0991_0017_0027_0055_0055.jpg 1 17 27 55 55
0992_0022_0041_0043_0043.jpg 1 22 41 43 43
0993_0046_0006_0039_0039.jpg 1 46 6 39 39
0994_0011_0024_0058_0058.jpg 1 11 24 58 58
0995_0054_0036_0028_0028.jpg 1 54 36 28 28
0996_0027_0006_0051_0051.jpg 1 27 6 51 51
0997_0030_0011_0050_0050.jpg 1 30 11 50 50
0998_0035_0025_0057_0057.jpg 1 35 25 57 57
0999_0009_0029_0057_0057.jpg 1 9 29 57 57
1000_0035_0025_0052_0052.jpg 1 35 25 52 52
1001_0037_0053_0026_0026.jpg 1 37 53 26 26
1002_0018_0017_0048_0048.jpg 1 18 17 48 48
1003_0054_0041_0039_0039.jpg 1 54 41 39 39
1004_0037_0015_0047_0047.jpg 1 37 15 47 47
1005_0028_0058_0031_0031.jpg 1 28 58 31 31
1006_0008_0007_0067_0067.jpg 1 8 7 67 67
1007_0012_0013_0055_0055.jpg 1 12 13 55 55
1008_0012_0033_0043_0043.jpg 1 12 33 43 43
1009_0025_0013_0065_0065.jpg 1 25 13 65 65
1010_0041_0022_0036_0036.jpg 1 41 22 36 36
1011_0042_0049_0042_0042.jpg 1 42 49 42 42
1012_0007_0035_0028_0028.jpg 1 7 35 28 28
1013_0006_0004_0069_0069.jpg 1 6 4 69 69
1014_0004_0013_0060_0060.jpg 1 4 13 60 60
1015_0020_0038_0052_0052.jpg 1 20 38 52 52
1016_0044_0046_0045_0045.jpg 1 44 46 45 45
1017_0022_0015_0056_0056.jpg 1 22 15 56 56
1018_0018_0015_0062_0062.jpg 1 18 15 62 62
1019_0031_0007_0040_0040.jpg 1 31 7 40 40
1020_0031_0016_0039_0039.jpg 1 31 16 39 39
1021_0010_0010_0054_0054.jpg 1 10 10 54 54
1022_0021_0024_0047_0047.jpg 1 21 24 47 47
1023_0011_0005_0054_0054.jpg 1 11 5 54 54
1024_0033_0050_0030_0030.jpg 1 33 50 30 30
1025_0043_0033_0030_0030.jpg 1 43 33 30 30
1026_0009_0004_0066_0066.jpg 1 9 4 66 66
1027_0040_0045_0046_0046.jpg 1 40 45 46 46
1028_0017_0025_0064_0064.jpg 1 17 25 64 64
1029_0007_0013_0065_0065.jpg 1 7 13 65 65
1030_0011_0017_0039_0039.jpg 1 11 17 39 39
1031_0046_0053_0031_0031.jpg 1 46 53 31 31
1032_0029_0007_0063_0063.jpg 1 29 7 63 63
1033_0005_0023_0057_0057.jpg 1 5 23 57 57
1034_0048_0018_0026_0026.jpg 1 48 18 26 26
1035_0025_0034_0055_0055.jpg 1 25 34 55 55
1036_0008_0009_0063_0063.jpg 1 8 9 63 63
1037_0059_0034_0030_0030.jpg 1 59 34 30 30
1038_0025_0014_0069_0069.jpg 1 25 14 69 69
1039_0011_0046_0035_0035.jpg 1 11 46 35 35
1040_0012_0039_0053_0053.jpg 1 12 39 53 53
1041_0021_0020_0041_0041.jpg 1 21 20 41 41
1042_0012_0005_0068_0068.jpg 1 12 5 68 68
1043_0007_0016_0058_0058.jpg 1 7 16 58 58
1044_0016_0018_0057_0057.jpg 1 16 18 57 57
1045_0005_0040_0055_0055.jpg 1 5 40 55 55
1046_0004_0028_0064_0064.jpg 1 4 28 64 64
1047_0015_0025_0067_0067.jpg 1 15 25 67 67
1048_0039_0023_0035_0035.jpg 1 39 23 35 35
1049_0062_0050_0026_0026.jpg 1 62 50 26 26
1050_0031_0035_0038_0038.jpg 1 31 35 38 38
1051_0024_0044_0027_0027.jpg 1 24 44 27 27
1052_0019_0029_0032_0032.jpg 1 19 29 32 32
1053_0018_0007_0060_0060.jpg 1 18 7 60 60
1054_0011_0048_0046_0046.jpg 1 11 48 46 46
1055_0009_0024_0039_0039.jpg 1 9 24 39 39
1056_0026_0008_0062_0062.jpg 1 26 8 62 62
1057_0033_0050_0035_0035.jpg 1 33 50 35 35
1058_0014_0004_0062_0062.jpg 1 14 4 62 62
1059_0043_0029_0025_0025.jpg 1 43 29 25 25
1060_0028_0009_0038_0038.jpg 1 28 9 38 38
1061_0027_0045_0035_0035.jpg 1 27 45 35 35
1062_0006_0028_0062_0062.jpg 1 6 28 62 62
1063_0017_0010_0042_0042.jpg 1 17 10 42 42
1064_0030_0006_0056_0056.jpg 1 30 6 56 56
1065_0028_0027_0067_0067.jpg 1 28 27 67 67
1066_0040_0026_0024_0024.jpg 1 40 26 24 24
1067_0057_0049_0034_0034.jpg 1 57 49 34 34
1068_0038_0022_0035_0035.jpg 1 38 22 35 35
1069_0024_0034_0050_0050.jpg 1 24 34 50 50
1070_0025_0038_0053_0053.jpg 1 25 38 53 53
1071_0023_0028_0067_0067.jpg 1 23 28 67 67
1072_0022_0029_0054_0054.jpg 1 22 29 54 54
1073_0020_0017_0028_0028.jpg 1 20 17 28 28
1074_0024_0026_0055_0055.jpg 1 24 26 55 55
1075_0034_0012_0036_0036.jpg 1 34 12 36 36
1076_0008_0017_0064_0064.jpg 1 8 17 64 64
1077_0017_0036_0049_0049.jpg 1 17 36 49 49
1078_0038_0047_0041_0041.jpg 1 38 47 41 41
1079_0009_0029_0060_0060.jpg 1 9 29 60 60
1080_0010_0020_0040_0040.jpg 1 10 20 40 40
1081_0030_0017_0053_0053.jpg 1 30 17 53 53
1082_0004_0037_0055_0055.jpg 1 4 37 55 55
1083_0012_0047_0030_0030.jpg 1 12 47 30 30
1084_0038_0032_0033_0033.jpg 1 38 32 33 33
1085_0042_0037_0045_0045.jpg 1 42 37 45 45
1086_0029_0065_0026_0026.jpg 1 29 65 26 26
1087_0017_0006_0064_0064.jpg 1 17 6 64 64
1088_0010_0007_0042_0042.jpg 1 10 7 42 42
1089_0009_0025_0067_0067.jpg 1 9 25 67 67
1090_0011_0023_0045_0045.jpg 1 11 23 45 45
1091_0017_0029_0039_0039.jpg 1 17 29 39 39
1092_0065_0035_0027_0027.jpg 1 65 35 27 27
1093_0025_0013_0051_0051.jpg 1 25 13 51 51
1094_0010_0043_0046_0046.jpg 1 10 43 46 46
1095_0028_0036_0052_0052.jpg 1 28 36 52 52
1096_0008_0027_0053_0053.jpg 1 8 27 53 53
1097_0020_0006_0063_0063.jpg 1 20 6 63 63
1098_0023_0044_0037_0037.jpg 1 23 44 37 37
1099_0045_0014_0045_0045.jpg 1 45 14 45 45
1100_0028_0028_0064_0064.jpg 1 28 28 64 64
1101_0023_0005_0060_0060.jpg 1 23 5 60 60
1102_0003_0022_0068_0068.jpg 1 3 22 68 68
1103_0006_0035_0034_0034.jpg 1 6 35 34 34
1104_0014_0006_0054_0054.jpg 1 14 6 54 54
1105_0026_0004_0060_0060.jpg 1 26 4 60 60
1106_0039_0009_0044_0044.jpg 1 39 9 44 44
1107_0031_0024_0031_0031.jpg 1 31 24 31 31
1108_0029_0036_0058_0058.jpg 1 29 36 58 58
1109_0032_0040_0044_0044.jpg 1 32 40 44 44
1110_0020_0023_0062_0062.jpg 1 20 23 62 62
1111_0032_0016_0043_0043.jpg 1 32 16 43 43
1112_0038_0049_0036_0036.jpg 1 38 49 36 36
1113_0020_0011_0068_0068.jpg 1 20 11 68 68
1114_0033_0006_0052_0052.jpg 1 33 6 52 52
1115_0008_0035_0025_0025.jpg 1 8 35 25 25
1116_0008_0015_0049_0049.jpg 1 8 15 49 49
1117_0032_0007_0056_0056.jpg 1 32 7 56 56
1118_0027_0021_0049_0049.jpg 1 27 21 49 49
1119_0019_0024_0027_0027.jpg 1 19 24 27 27
1120_0048_0033_0033_0033.jpg 1 48 33 33 33
1121_0044_0044_0049_0049.jpg 1 44 44 49 49
1122_0037_0038_0057_0057.jpg 1 37 38 57 57
1123_0037_0024_0041_0041.jpg 1 37 24 41 41
1124_0011_0052_0026_0026.jpg 1 11 52 26 26
1125_0045_0006_0048_0048.jpg 1 45 6 48 48
1126_0003_0008_0068_0068.jpg 1 3 8 68 68
1127_0045_0022_0046_0046.jpg 1 45 22 46 46
1128_0019_0028_0048_0048.jpg 1 19 28 48 48
1129_0018_0058_0029_0029.jpg 1 18 58 29 29
1130_0031_0040_0041_0041.jpg 1 31 40 41 41
1131_0011_0049_0042_0042.jpg 1 11 49 42 42
1132_0008_0046_0037_0037.jpg 1 8 46 37 37
1133_0022_0013_0069_0069.jpg 1 22 13 69 69
1134_0008_0033_0052_0052.jpg 1 8 33 52 52
1135_0011_0030_0045_0045.jpg 1 11 30 45 45
1136_0046_0042_0048_0048.jpg 1 46 42 48 48
1137_0010_0018_0067_0067.jpg 1 10 18 67 67
1138_0005_0029_0060_0060.jpg 1 5 29 60 60
1139_0034_0034_0050_0050.jpg 1 34 34 50 50
1140_0008_0007_0058_0058.jpg 1 8 7 58 58
1141_0014_0041_0027_0027.jpg 1 14 41 27 27
1142_0034_0045_0044_0044.jpg 1 34 45 44 44
1143_0011_0054_0033_0033.jpg 1 11 54 33 33
1144_0019_0033_0036_0036.jpg 1 19 33 36 36
1145_0036_0038_0040_0040.jpg 1 36 38 40 40
1146_0019_0022_0067_0067.jpg 1 19 22 67 67
1147_0012_0033_0043_0043.jpg 1 12 33 43 43
1148_0008_0012_0067_0067.jpg 1 8 12 67 67
1149_0038_0038_0033_0033.jpg 1 38 38 33 33
1150_0006_0013_0058_0058.jpg 1 6 13 58 58
1151_0024_0033_0045_0045.jpg 1 24 33 45 45
1152_0029_0026_0067_0067.jpg 1 29 26 67 67
1153_0013_0006_0057_0057.jpg 1 13 6 57 57
1154_0033_0034_0057_0057.jpg 1 33 34 57 57
1155_0038_0026_0040_0040.jpg 1 38 26 40 40
1156_0015_0007_0057_0057.jpg 1 15 7 57 57
1157_0017_0016_0037_0037.jpg 1 17 16 37 37
1158_0048_0048_0046_0046.jpg 1 48 48 46 46
1159_0061_0044_0026_0026.jpg 1 61 44 26 26
1160_0025_0028_0057_0057.jpg 1 25 28 57 57
1161_0026_0006_0069_0069.jpg 1 26 6 69 69
1162_0028_0013_0039_0039.jpg 1 28 13 39 39
1163_0020_0047_0034_0034.jpg 1 20 47 34 34
1164_0017_0014_0066_0066.jpg 1 17 14 66 66
1165_0015_0040_0047_0047.jpg 1 15 40 47 47
1166_0046_0042_0044_0044.jpg 1 46 42 44 44
1167_0008_0035_0024_0024.jpg 1 8 35 24 24
1168_0026_0020_0058_0058.jpg 1 26 20 58 58
1169_0018_0031_0026_0026.jpg 1 18 31 26 26
1170_0020_0028_0053_0053.jpg 1 20 28 53 53
1171_0027_0027_0063_0063.jpg 1 27 27 63 63
1172_0013_0017_0069_0069.jpg 1 13 17 69 69
1173_0016_0013_0069_0069.jpg 1 16 13 69 69
1174_0033_0013_0040_0040.jpg 1 33 13 40 40
1175_0007_0012_0062_0062.jpg 1 7 12 62 62
1176_0020_0009_0065_0065.jpg 1 20 9 65 65
1177_0042_0041_0046_0046.jpg 1 42 41 46 46
1178_0047_0012_0043_0043.jpg 1 47 12 43 43
1179_0011_0017_0051_0051.jpg 1 11 17 51 51
1180_0012_0024_0067_0067.jpg 1 12 24 67 67
1181_0024_0024_0036_0036.jpg 1 24 24 36 36
1182_0014_0015_0069_0069.jpg 1 14 15 69 69
1183_0022_0010_0062_0062.jpg 1 22 10 62 62
1184_0027_0043_0045_0045.jpg 1 27 43 45 45
1185_0042_0011_0042_0042.jpg 1 42 11 42 42
1186_0022_0015_0060_0060.jpg 1 22 15 60 60
1187_0025_0025_0050_0050.jpg 1 25 25 50 50
1188_0015_0030_0046_0046.jpg 1 15 30 46 46
1189_0008_0019_0047_0047.jpg 1 8 19 47 47
1190_0006_0009_0067_0067.jpg 1 6 9 67 67
1191_0041_0026_0052_0052.jpg 1 41 26 52 52
1192_0034_0018_0044_0044.jpg 1 34 18 44 44
1193_0030_0021_0040_0040.jpg 1 30 21 40 40
1194_0040_0015_0033_0033.jpg 1 40 15 33 33
1195_0020_0020_0040_0040.jpg 1 20 20 40 40
1196_0030_0017_0055_0055.jpg 1 30 17 55 55
1197_0060_0047_0024_0024.jpg 1 60 47 24 24
1198_0052_0029_0038_0038.jpg 1 52 29 38 38
1199_0030_0036_0049_0049.jpg 1 30 36 49 49
1200_0023_0021_0066_0066.jpg 1 23 21 66 66
1201_0004_0025_0055_0055.jpg 1 4 25 55 55
1202_0020_0009_0051_0051.jpg 1 20 9 51 51
1203_0027_0020_0055_0055.jpg 1 27 20 55 55
1204_0012_0037_0035_0035.jpg 1 12 37 35 35
1205_0008_0027_0052_0052.jpg 1 8 27 52 52
1206_0013_0041_0049_0049.jpg 1 13 41 49 49
1207_0030_0013_0047_0047.jpg 1 30 13 47 47
1208_0021_0024_0068_0068.jpg 1 21 24 68 68
1209_0014_0010_0064_0064.jpg 1 14 10 64 64
1210_0030_0027_0049_0049.jpg 1 30 27 49 49
1211_0038_0016_0048_0048.jpg 1 38 16 48 48
1212_0037_0024_0057_0057.jpg 1 37 24 57 57
1213_0022_0025_0051_0051.jpg 1 22 25 51 51
1214_0065_0014_0024_0024.jpg 1 65 14 24 24
1215_0005_0014_0050_0050.jpg 1 5 14 50 50
1216_0034_0009_0042_0042.jpg 1 34 9 42 42
1217_0010_0033_0051_0051.jpg 1 10 33 51 51
1218_0031_0032_0053_0053.jpg 1 31 32 53 53
1219_0017_0026_0066_0066.jpg 1 17 26 66 66
1220_0034_0016_0047_0047.jpg 1 34 16 47 47
1221_0038_0044_0035_0035.jpg 1 38 44 35 35
1222_0027_0018_0056_0056.jpg 1 27 18 56 56
1223_0020_0030_0057_0057.jpg 1 20 30 57 57
1224_0045_0045_0039_0039.jpg 1 45 45 39 39
1225_0029_0029_0058_0058.jpg 1 29 29 58 58
1226_0041_0038_0043_0043.jpg 1 41 38 43 43
1227_0008_0018_0044_0044.jpg 1 8 18 44 44
1228_0042_0014_0047_0047.jpg 1 42 14 47 47
1229_0019_0022_0034_0034.jpg 1 19 22 34 34
1230_0007_0047_0036_0036.jpg 1 7 47 36 36
1231_0055_0007_0038_0038.jpg 1 55 7 38 38
1232_0011_0037_0033_0033.jpg 1 11 37 33 33
1233_0049_0029_0041_0041.jpg 1 49 29 41 41
1234_0060_0012_0024_0024.jpg 1 60 12 24 24
1235_0010_0025_0069_0069.jpg 1 10 25 69 69
1236_0034_0033_0039_0039.jpg 1 34 33 39 39
1237_0020_0008_0056_0056.jpg 1 20 8 56 56
1238_0033_0009_0049_0049.jpg 1 33 9 49 49
1239_0030_0030_0056_0056.jpg 1 30 30 56 56
1240_0068_0024_0024_0024.jpg 1 68 24 24 24
1241_0032_0039_0041_0041.jpg 1 32 39 41 41
1242_0034_0027_0053_0053.jpg 1 34 27 53 53
1243_0051_0007_0041_0041.jpg 1 51 7 41 41
1244_0004_0005_0059_0059.jpg 1 4 5 59 59
1245_0054_0045_0028_0028.jpg 1 54 45 28 28
1246_0013_0031_0064_0064.jpg 1 13 31 64 64
1247_0013_0017_0066_0066.jpg 1 13 17 66 66
1248_0052_0012_0035_0035.jpg 1 52 12 35 35
1249_0023_0025_0043_0043.jpg 1 23 25 43 43
1250_0040_0009_0042_0042.jpg 1 40 9 42 42
1251_0017_0045_0039_0039.jpg 1 17 45 39 39
1252_0020_0030_0054_0054.jpg 1 20 30 54 54
1253_0032_0006_0060_0060.jpg 1 32 6 60 60
1254_0021_0006_0066_0066.jpg 1 21 6 66 66
1255_0041_0014_0052_0052.jpg 1 41 14 52 52
1256_0029_0046_0039_0039.jpg 1 29 46 39 39
1257_0036_0016_0053_0053.jpg 1 36 16 53 53
1258_0010_0007_0052_0052.jpg 1 10 7 52 52
1259_0022_0046_0032_0032.jpg 1 22 46 32 32
1260_0015_0017_0059_0059.jpg 1 15 17 59 59
1261_0016_0008_0057_0057.jpg 1 16 8 57 57
1262_0023_0005_0066_0066.jpg 1 23 5 66 66
1263_0022_0016_0040_0040.jpg 1 22 16 40 40
1264_0028_0024_0064_0064.jpg 1 28 24 64 64
1265_0025_0012_0054_0054.jpg 1 25 12 54 54
1266_0042_0036_0053_0053.jpg 1 42 36 53 53
1267_0040_0031_0042_0042.jpg 1 40 31 42 42
1268_0018_0009_0030_0030.jpg 1 18 9 30 30
1269_0029_0015_0062_0062.jpg 1 29 15 62 62
1270_0028_0006_0039_0039.jpg 1 28 6 39 39
1271_0023_0006_0041_0041.jpg 1 23 6 41 41
1272_0040_0044_0024_0024.jpg 1 40 44 24 24
1273_0022_0023_0063_0063.jpg 1 22 23 63 63
1274_0008_0043_0044_0044.jpg 1 8 43 44 44
1275_0042_0018_0026_0026.jpg 1 42 18 26 26
1276_0015_0031_0055_0055.jpg 1 15 31 55 55
1277_0038_0011_0029_0029.jpg 1 38 11 29 29
1278_0011_0006_0059_0059.jpg 1 11 6 59 59
1279_0026_0047_0029_0029.jpg 1 26 47 29 29
1280_0016_0009_0069_0069.jpg 1 16 9 69 69
1281_0013_0013_0060_0060.jpg 1 13 13 60 60
1282_0038_0011_0042_0042.jpg 1 38 11 42 42
1283_0023_0023_0061_0061.jpg 1 23 23 61 61
1284_0045_0022_0039_0039.jpg 1 45 22 39 39
1285_0042_0023_0036_0036.jpg 1 42 23 36 36
1286_0019_0006_0060_0060.jpg 1 19 6 60 60
1287_0022_0021_0063_0063.jpg 1 22 21 63 63
1288_0008_0057_0028_0028.jpg 1 8 57 28 28
1289_0017_0051_0028_0028.jpg 1 17 51 28 28
1290_0039_0036_0035_0035.jpg 1 39 36 35 35
1291_0015_0049_0032_0032.jpg 1 15 49 32 32
1292_0025_0019_0063_0063.jpg 1 25 19 63 63
1293_0023_0066_0024_0024.jpg 1 23 66 24 24
1294_0048_0032_0030_0030.jpg 1 48 32 30 30
1295_0024_0014_0068_0068.jpg 1 24 14 68 68
1296_0026_0016_0062_0062.jpg 1 26 16 62 62
1297_0049_0022_0033_0033.jpg 1 49 22 33 33
1298_0046_0047_0025_0025.jpg 1 46 47 25 25
1299_0025_0023_0030_0030.jpg 1 25 23 30 30
1300_0030_0041_0050_0050.jpg 1 30 41 50 50
1301_0007_0037_0036_0036.jpg 1 7 37 36 36
1302_0016_0011_0035_0035.jpg 1 16 11 35 35
1303_0055_0036_0025_0025.jpg 1 55 36 25 25
1304_0043_0037_0035_0035.jpg 1 43 37 35 35
1305_0010_0029_0043_0043.jpg 1 10 29 43 43
1306_0039_0029_0034_0034.jpg 1 39 29 34 34
1307_0023_0030_0028_0028.jpg 1 23 30 28 28
1308_0027_0036_0037_0037.jpg 1 27 36 37 37
1309_0050_0023_0034_0034.jpg 1 50 23 34 34
1310_0032_0027_0055_0055.jpg 1 32 27 55 55
1311_0032_0048_0032_0032.jpg 1 32 48 32 32
1312_0021_0007_0059_0059.jpg 1 21 7 59 59
1313_0029_0006_0062_0062.jpg 1 29 6 62 62
1314_0031_0009_0028_0028.jpg 1 31 9 28 28
1315_0031_0025_0030_0030.jpg 1 31 25 30 30
1316_0026_0009_0065_0065.jpg 1 26 9 65 65
1317_0023_0027_0061_0061.jpg 1 23 27 61 61
1318_0008_0004_0058_0058.jpg 1 8 4 58 58
1319_0012_0021_0051_0051.jpg 1 12 21 51 51
1320_0023_0005_0054_0054.jpg 1 23 5 54 54
1321_0022_0026_0067_0067.jpg 1 22 26 67 67
1322_0011_0026_0037_0037.jpg 1 11 26 37 37
1323_0008_0013_0056_0056.jpg 1 8 13 56 56
1324_0019_0019_0039_0039.jpg 1 19 19 39 39
1325_0037_0056_0035_0035.jpg 1 37 56 35 35
1326_0005_0033_0059_0059.jpg 1 5 33 59 59
1327_0028_0032_0045_0045.jpg 1 28 32 45 45
1328_0023_0027_0050_0050.jpg 1 23 27 50 50
1329_0032_0013_0027_0027.jpg 1 32 13 27 27
1330_0008_0034_0035_0035.jpg 1 8 34 35 35
1331_0014_0015_0056_0056.jpg 1 14 15 56 56
1332_0007_0009_0034_0034.jpg 1 7 9 34 34
1333_0015_0052_0027_0027.jpg 1 15 52 27 27
1334_0010_0021_0033_0033.jpg 1 10 21 33 33
1335_0026_0009_0043_0043.jpg 1 26 9 43 43
1336_0009_0009_0067_0067.jpg 1 9 9 67 67
1337_0029_0027_0056_0056.jpg 1 29 27 56 56
1338_0032_0048_0038_0038.jpg 1 32 48 38 38
1339_0005_0031_0058_0058.jpg 1 5 31 58 58
1340_0049_0029_0043_0043.jpg 1 49 29 43 43
1341_0008_0044_0036_0036.jpg 1 8 44 36 36
1342_0015_0028_0044_0044.jpg 1 15 28 44 44
1343_0022_0032_0037_0037.jpg 1 22 32 37 37
1344_0046_0045_0042_0042.jpg 1 46 45 42 42
1345_0014_0026_0029_0029.jpg 1 14 26 29 29
1346_0047_0055_0037_0037.jpg 1 47 55 37 37
1347_0034_0005_0061_0061.jpg 1 34 5 61 61
1348_0038_0015_0027_0027.jpg 1 38 15 27 27
1349_0018_0039_0032_0032.jpg 1 18 39 32 32
1350_0013_0021_0061_0061.jpg 1 13 21 61 61
1351_0029_0015_0054_0054.jpg 1 29 15 54 54
1352_0032_0016_0061_0061.jpg 1 32 16 61 61
1353_0011_0024_0068_0068.jpg 1 11 24 68 68
1354_0043_0035_0031_0031.jpg 1 43 35 31 31
1355_0026_0038_0053_0053.jpg 1 26 38 53 53
1356_0010_0047_0044_0044.jpg 1 10 47 44 44
1357_0031_0010_0056_0056.jpg 1 31 10 56 56
1358_0034_0007_0061_0061.jpg 1 34 7 61 61
1359_0029_0022_0047_0047.jpg 1 29 22 47 47
1360_0014_0054_0036_0036.jpg 1 14 54 36 36
1361_0016_0029_0063_0063.jpg 1 16 29 63 63
1362_0026_0027_0046_0046.jpg 1 26 27 46 46
1363_0023_0016_0050_0050.jpg 1 23 16 50 50
1364_0028_0026_0067_0067.jpg 1 28 26 67 67
1365_0057_0021_0028_0028.jpg 1 57 21 28 28
1366_0030_0029_0060_0060.jpg 1 30 29 60 60
1367_0041_0045_0038_0038.jpg 1 41 45 38 38
1368_0033_0029_0031_0031.jpg 1 33 29 31 31
1369_0015_0038_0034_0034.jpg 1 15 38 34 34
1370_0012_0004_0069_0069.jpg 1 12 4 69 69
1371_0038_0028_0051_0051.jpg 1 38 28 51 51
1372_0032_0014_0051_0051.jpg 1 32 14 51 51
1373_0032_0012_0054_0054.jpg 1 32 12 54 54
1374_0024_0042_0052_0052.jpg 1 24 42 52 52
1375_0017_0023_0056_0056.jpg 1 17 23 56 56
1376_0007_0016_0039_0039.jpg 1 7 16 39 39
1377_0025_0008_0061_0061.jpg 1 25 8 61 61
1378_0034_0040_0047_0047.jpg 1 34 40 47 47
1379_0046_0048_0042_0042.jpg 1 46 48 42 42
1380_0059_0034_0029_0029.jpg 1 59 34 29 29
1381_0039_0029_0048_0048.jpg 1 39 29 48 48
1382_0016_0013_0054_0054.jpg 1 16 13 54 54
1383_0004_0019_0054_0054.jpg 1 4 19 54 54
1384_0022_0009_0046_0046.jpg 1 22 9 46 46
1385_0041_0039_0033_0033.jpg 1 41 39 33 33
1386_0014_0056_0024_0024.jpg 1 14 56 24 24
1387_0013_0043_0035_0035.jpg 1 13 43 35 35
1388_0029_0022_0051_0051.jpg 1 29 22 51 51
1389_0005_0013_0065_0065.jpg 1 5 13 65 65
1390_0032_0022_0032_0032.jpg 1 32 22 32 32
1391_0026_0018_0069_0069.jpg 1 26 18 69 69
1392_0035_0043_0044_0044.jpg 1 35 43 44 44
1393_0030_0037_0053_0053.jpg 1 30 37 53 53
1394_0007_0036_0050_0050.jpg 1 7 36 50 50
1395_0047_0038_0043_0043.jpg 1 47 38 43 43
1396_0016_0008_0056_0056.jpg 1 16 8 56 56
1397_0024_0025_0064_0064.jpg 1 24 25 64 64
1398_0017_0009_0033_0033.jpg 1 17 9 33 33
1399_0022_0005_0057_0057.jpg 1 22 5 57 57
1400_0041_0040_0039_0039.jpg 1 41 40 39 39
1401_0025_0023_0064_0064.jpg 1 25 23 64 64
1402_0018_0028_0050_0050.jpg 1 18 28 50 50
1403_0030_0007_0042_0042.jpg 1 30 7 42 42
1404_0042_0032_0052_0052.jpg 1 42 32 52 52
1405_0058_0018_0033_0033.jpg 1 58 18 33 33
1406_0012_0019_0069_0069.jpg 1 12 19 69 69
1407_0041_0026_0053_0053.jpg 1 41 26 53 53
1408_0010_0025_0064_0064.jpg 1 10 25 64 64
1409_0010_0016_0051_0051.jpg 1 10 16 51 51
1410_0019_0024_0068_0068.jpg 1 19 24 68 68
1411_0041_0045_0029_0029.jpg 1 41 45 29 29
1412_0029_0025_0054_0054.jpg 1 29 25 54 54
1413_0034_0029_0049_0049.jpg 1 34 29 49 49
1414_0027_0025_0059_0059.jpg 1 27 25 59 59
1415_0009_0027_0066_0066.jpg 1 9 27 66 66
1416_0037_0035_0035_0035.jpg 1 37 35 35 35
1417_0014_0026_0068_0068.jpg 1 14 26 68 68
1418_0011_0030_0037_0037.jpg 1 11 30 37 37
1419_0028_0021_0058_0058.jpg 1 28 21 58 58
1420_0011_0023_0065_0065.jpg 1 11 23 65 65
1421_0014_0056_0027_0027.jpg 1 14 56 27 27
1422_0032_0020_0036_0036.jpg 1 32 20 36 36
1423_0035_0035_0026_0026.jpg 1 35 35 26 26
1424_0025_0006_0049_0049.jpg 1 25 6 49 49
1425_0038_0020_0027_0027.jpg 1 38 20 27 27
1426_0011_0011_0061_0061.jpg 1 11 11 61 61
1427_0028_0027_0061_0061.jpg 1 28 27 61 61
1428_0012_0007_0061_0061.jpg 1 12 7 61 61
1429_0016_0022_0067_0067.jpg 1 16 22 67 67
1430_0018_0036_0051_0051.jpg 1 18 36 51 51
1431_0017_0021_0062_0062.jpg 1 17 21 62 62
1432_0007_0007_0059_0059.jpg 1 7 7 59 59
1433_0018_0043_0034_0034.jpg 1 18 43 34 34
1434_0031_0008_0053_0053.jpg 1 31 8 53 53
1435_0014_0054_0035_0035.jpg 1 14 54 35 35
1436_0046_0042_0034_0034.jpg 1 46 42 34 34
1437_0057_0034_0025_0025.jpg 1 57 34 25 25
1438_0024_0014_0048_0048.jpg 1 24 14 48 48
1439_0043_0046_0031_0031.jpg 1 43 46 31 31
1440_0006_0008_0060_0060.jpg 1 6 8 60 60
1441_0035_0014_0047_0047.jpg 1 35 14 47 47
1442_0006_0012_0037_0037.jpg 1 6 12 37 37
1443_0023_0008_0052_0052.jpg 1 23 8 52 52
1444_0021_0018_0048_0048.jpg 1 21 18 48 48
1445_0026_0009_0045_0045.jpg 1 26 9 45 45
1446_0011_0028_0066_0066.jpg 1 11 28 66 66
1447_0055_0054_0031_0031.jpg 1 55 54 31 31
1448_0009_0005_0066_0066.jpg 1 9 5 66 66
1449_0019_0034_0042_0042.jpg 1 19 34 42 42
1450_0063_0018_0029_0029.jpg 1 63 18 29 29
1451_0004_0004_0068_0068.jpg 1 4 4 68 68
1452_0026_0018_0069_0069.jpg 1 26 18 69 69
1453_0050_0056_0031_0031.jpg 1 50 56 31 31
1454_0011_0009_0056_0056.jpg 1 11 9 56 56
1455_0035_0007_0028_0028.jpg 1 35 7 28 28
1456_0011_0022_0033_0033.jpg 1 11 22 33 33
1457_0037_0035_0035_0035.jpg 1 37 35 35 35
1458_0005_0025_0049_0049.jpg 1 5 25 49 49
1459_0060_0034_0031_0031.jpg 1 60 34 31 31
1460_0028_0018_0037_0037.jpg 1 28 18 37 37
1461_0019_0017_0062_0062.jpg 1 19 17 62 62
1462_0011_0009_0065_0065.jpg 1 11 9 65 65
1463_0015_0016_0058_0058.jpg 1 15 16 58 58
1464_0016_0037_0050_0050.jpg 1 16 37 50 50
1465_0054_0032_0036_0036.jpg 1 54 32 36 36
1466_0010_0013_0062_0062.jpg 1 10 13 62 62
1467_0005_0030_0054_0054.jpg 1 5 30 54 54
1468_0017_0006_0064_0064.jpg 1 17 6 64 64
1469_0012_0013_0068_0068.jpg 1 12 13 68 68
1470_0055_0030_0027_0027.jpg 1 55 30 27 27
1471_0017_0006_0042_0042.jpg 1 17 6 42 42
1472_0023_0022_0058_0058.jpg 1 23 22 58 58
1473_0025_0029_0065_0065.jpg 1 25 29 65 65
1474_0012_0035_0059_0059.jpg 1 12 35 59 59
1475_0025_0049_0035_0035.jpg 1 25 49 35 35
1476_0038_0028_0046_0046.jpg 1 38 28 46 46
1477_0032_0008_0061_0061.jpg 1 32 8 61 61
1478_0017_0012_0047_0047.jpg 1 17 12 47 47
1479_0027_0021_0040_0040.jpg 1 27 21 40 40
1480_0019_0026_0066_0066.jpg 1 19 26 66 66
1481_0045_0011_0048_0048.jpg 1 45 11 48 48
1482_0017_0010_0050_0050.jpg 1 17 10 50 50
1483_0013_0049_0027_0027.jpg 1 13 49 27 27
1484_0006_0008_0051_0051.jpg 1 6 8 51 51
1485_0035_0035_0039_0039.jpg 1 35 35 39 39
1486_0025_0030_0047_0047.jpg 1 25 30 47 47
1487_0018_0023_0055_0055.jpg 1 18 23 55 55
1488_0016_0040_0033_0033.jpg 1 16 40 33 33
1489_0058_0047_0031_0031.jpg 1 58 47 31 31
1490_0055_0035_0031_0031.jpg 1 55 35 31 31
1491_0007_0020_0052_0052.jpg 1 7 20 52 52
1492_0058_0017_0035_0035.jpg 1 58 17 35 35
1493_0022_0046_0031_0031.jpg 1 22 46 31 31
1494_0040_0051_0030_0030.jpg 1 40 51 30 30
1495_0053_0026_0032_0032.jpg 1 53 26 32 32
1496_0016_0040_0028_0028.jpg 1 16 40 28 28
1497_0058_0046_0033_0033.jpg 1 58 46 33 33
1498_0021_0022_0055_0055.jpg 1 21 22 55 55
1499_0023_0021_0069_0069.jpg 1 23 21 69 69
1500_0025_0044_0029_0029.jpg 1 25 44 29 29
1501_0033_0008_0060_0060.jpg 1 33 8 60 60
1502_0023_0013_0041_0041.jpg 1 23 13 41 41
1503_0055_0048_0032_0032.jpg 1 55 48 32 32
1504_0035_0034_0054_0054.jpg 1 35 34 54 54
1505_0022_0038_0049_0049.jpg 1 22 38 49 49
1506_0008_0033_0029_0029.jpg 1 8 33 29 29
1507_0027_0007_0053_0053.jpg 1 27 7 53 53
1508_0036_0048_0031_0031.jpg 1 36 48 31 31
1509_0015_0014_0062_0062.jpg 1 15 14 62 62
1510_0033_0028_0045_0045.jpg 1 33 28 45 45
1511_0016_0010_0066_0066.jpg 1 16 10 66 66
1512_0011_0026_0055_0055.jpg 1 11 26 55 55
1513_0045_0040_0048_0048.jpg 1 45 40 48 48
1514_0049_0048_0043_0043.jpg 1 49 48 43 43
1515_0016_0020_0069_0069.jpg 1 16 20 69 69
1516_0024_0029_0065_0065.jpg 1 24 29 65 65
1517_0021_0017_0056_0056.jpg 1 21 17 56 56
1518_0013_0036_0056_0056.jpg 1 13 36 56 56
1519_0023_0047_0040_0040.jpg 1 23 47 40 40
1520_0041_0010_0052_0052.jpg 1 41 10 52 52
1521_0048_0057_0030_0030.jpg 1 48 57 30 30
1522_0003_0027_0067_0067.jpg 1 3 27 67 67
1523_0010_0012_0024_0024.jpg 1 10 12 24 24
1524_0007_0052_0042_0042.jpg 1 7 52 42 42
1525_0008_0033_0046_0046.jpg 1 8 33 46 46
1526_0026_0025_0052_0052.jpg 1 26 25 52 52
1527_0011_0015_0046_0046.jpg 1 11 15 46 46
1528_0048_0026_0045_0045.jpg 1 48 26 45 45
1529_0014_0009_0052_0052.jpg 1 14 9 52 52
1530_0018_0004_0061_0061.jpg 1 18 4 61 61
1531_0018_0011_0044_0044.jpg 1 18 11 44 44
1532_0012_0019_0038_0038.jpg 1 12 19 38 38
1533_0029_0028_0058_0058.jpg 1 29 28 58 58
1534_0039_0054_0031_0031.jpg 1 39 54 31 31
1535_0051_0038_0034_0034.jpg 1 51 38 34 34
1536_0025_0011_0043_0043.jpg 1 25 11 43 43
1537_0013_0006_0039_0039.jpg 1 13 6 39 39
1538_0014_0015_0062_0062.jpg 1 14 15 62 62
1539_0025_0062_0028_0028.jpg 1 25 62 28 28
1540_0030_0021_0034_0034.jpg 1 30 21 34 34
1541_0050_0032_0037_0037.jpg 1 50 32 37 37
1542_0023_0023_0034_0034.jpg 1 23 23 34 34
1543_0023_0017_0025_0025.jpg 1 23 17 25 25
1544_0022_0010_0065_0065.jpg 1 22 10 65 65
1545_0046_0027_0027_0027.jpg 1 46 27 27 27
1546_0008_0037_0052_0052.jpg 1 8 37 52 52
1547_0007_0032_0053_0053.jpg 1 7 32 53 53
1548_0015_0009_0061_0061.jpg 1 15 9 61 61
1549_0034_0034_0027_0027.jpg 1 34 34 27 27
1550_0029_0016_0065_0065.jpg 1 29 16 65 65
1551_0029_0029_0037_0037.jpg 1 29 29 37 37
1552_0015_0030_0057_0057.jpg 1 15 30 57 57
1553_0035_0020_0028_0028.jpg 1 35 20 28 28
1554_0010_0035_0045_0045.jpg 1 10 35 45 45
1555_0028_0013_0062_0062.jpg 1 28 13 62 62
1556_0055_0044_0033_0033.jpg 1 55 44 33 33
1557_0018_0023_0056_0056.jpg 1 18 23 56 56
1558_0032_0013_0062_0062.jpg 1 32 13 62 62
1559_0062_0048_0029_0029.jpg 1 62 48 29 29
1560_0047_0020_0042_0042.jpg 1 47 20 42 42
1561_0010_0030_0060_0060.jpg 1 10 30 60 60
1562_0037_0046_0035_0035.jpg 1 37 46 35 35
1563_0022_0024_0036_0036.jpg 1 22 24 36 36
1564_0037_0051_0039_0039.jpg 1 37 51 39 39
1565_0032_0036_0046_0046.jpg 1 32 36 46 46
1566_0005_0004_0069_0069.jpg 1 5 4 69 69
1567_0029_0018_0052_0052.jpg 1 29 18 52 52
1568_0029_0038_0032_0032.jpg 1 29 38 32 32
1569_0031_0033_0050_0050.jpg 1 31 33 50 50
1570_0022_0057_0027_0027.jpg 1 22 57 27 27
1571_0027_0020_0068_0068.jpg 1 27 20 68 68
1572_0048_0048_0040_0040.jpg 1 48 48 40 40
1573_0006_0020_0069_0069.jpg 1 6 20 69 69
1574_0004_0036_0059_0059.jpg 1 4 36 59 59
1575_0056_0054_0035_0035.jpg 1 56 54 35 35
1576_0014_0007_0046_0046.jpg 1 14 7 46 46
1577_0037_0046_0030_0030.jpg 1 37 46 30 30
1578_0018_0017_0066_0066.jpg 1 18 17 66 66
1579_0025_0012_0067_0067.jpg 1 25 12 67 67
1580_0034_0056_0028_0028.jpg 1 34 56 28 28
1581_0010_0046_0043_0043.jpg 1 10 46 43 43
1582_0052_0015_0038_0038.jpg 1 52 15 38 38
1583_0010_0011_0049_0049.jpg 1 10 11 49 49
1584_0006_0016_0045_0045.jpg 1 6 16 45 45
1585_0049_0032_0025_0025.jpg 1 49 32 25 25
1586_0045_0028_0025_0025.jpg 1 45 28 25 25
1587_0020_0035_0052_0052.jpg 1 20 35 52 52
1588_0019_0011_0047_0047.jpg 1 19 11 47 47
1589_0024_0024_0061_0061.jpg 1 24 24 61 61
1590_0044_0012_0050_0050.jpg 1 44 12 50 50
1591_0011_0011_0047_0047.jpg 1 11 11 47 47
1592_0013_0011_0037_0037.jpg 1 13 11 37 37
1593_0038_0040_0053_0053.jpg 1 38 40 53 53
1594_0013_0038_0035_0035.jpg 1 13 38 35 35
1595_0031_0035_0054_0054.jpg 1 31 35 54 54
1596_0027_0035_0035_0035.jpg 1 27 35 35 35
1597_0036_0037_0051_0051.jpg 1 36 37 51 51
1598_0038_0013_0025_0025.jpg 1 38 13 25 25
1599_0016_0047_0030_0030.jpg 1 16 47 30 30
1600_0038_0036_0051_0051.jpg 1 38 36 51 51
1601_0057_0050_0025_0025.jpg 1 57 50 25 25
1602_0052_0055_0037_0037.jpg 1 52 55 37 37
1603_0018_0049_0039_0039.jpg 1 18 49 39 39
1604_0035_0024_0051_0051.jpg 1 35 24 51 51
1605_0016_0032_0060_0060.jpg 1 16 32 60 60
1606_0025_0004_0057_0057.jpg 1 25 4 57 57
1607_0018_0037_0053_0053.jpg 1 18 37 53 53
1608_0027_0012_0058_0058.jpg 1 27 12 58 58
1609_0031_0020_0063_0063.jpg 1 31 20 63 63
1610_0017_0023_0053_0053.jpg 1 17 23 53 53
1611_0041_0040_0050_0050.jpg 1 41 40 50 50
1612_0022_0018_0066_0066.jpg 1 22 18 66 66
1613_0011_0040_0052_0052.jpg 1 11 40 52 52
1614_0040_0032_0040_0040.jpg 1 40 32 40 40
1615_0063_0021_0024_0024.jpg 1 63 21 24 24
1616_0016_0008_0061_0061.jpg 1 16 8 61 61
1617_0028_0017_0049_0049.jpg 1 28 17 49 49
1618_0009_0044_0030_0030.jpg 1 9 44 30 30
1619_0035_0019_0037_0037.jpg 1 35 19 37 37
1620_0047_0052_0024_0024.jpg 1 47 52 24 24
1621_0037_0035_0047_0047.jpg 1 37 35 47 47
1622_0036_0034_0058_0058.jpg 1 36 34 58 58
1623_0018_0025_0065_0065.jpg 1 18 25 65 65
1624_0019_0057_0034_0034.jpg 1 19 57 34 34
1625_0024_0036_0055_0055.jpg 1 24 36 55 55
1626_0045_0037_0031_0031.jpg 1 45 37 31 31
1627_0040_0029_0049_0049.jpg 1 40 29 49 49
1628_0038_0028_0054_0054.jpg 1 38 28 54 54
1629_0018_0021_0056_0056.jpg 1 18 21 56 56
1630_0004_0017_0058_0058.jpg 1 4 17 58 58
1631_0035_0014_0044_0044.jpg 1 35 14 44 44
1632_0030_0026_0044_0044.jpg 1 30 26 44 44
1633_0018_0057_0030_0030.jpg 1 18 57 30 30
1634_0032_0024_0053_0053.jpg 1 32 24 53 53
1635_0029_0009_0056_0056.jpg 1 29 9 56 56
1636_0006_0018_0065_0065.jpg 1 6 18 65 65
1637_0011_0025_0046_0046.jpg 1 11 25 46 46
1638_0059_0066_0024_0024.jpg 1 59 66 24 24
1639_0033_0027_0041_0041.jpg 1 33 27 41 41
1640_0065_0033_0027_0027.jpg 1 65 33 27 27
1641_0021_0013_0030_0030.jpg 1 21 13 30 30
1642_0029_0033_0025_0025.jpg 1 29 33 25 25
1643_0022_0009_0050_0050.jpg 1 22 9 50 50
1644_0037_0036_0044_0044.jpg 1 37 36 44 44
1645_0025_0026_0033_0033.jpg 1 25 26 33 33
1646_0055_0026_0035_0035.jpg 1 55 26 35 35
1647_0022_0030_0062_0062.jpg 1 22 30 62 62
1648_0010_0013_0041_0041.jpg 1 10 13 41 41
1649_0014_0022_0065_0065.jpg 1 14 22 65 65
1650_0026_0038_0054_0054.jpg 1 26 38 54 54
1651_0020_0032_0048_0048.jpg 1 20 32 48 48
1652_0024_0024_0064_0064.jpg 1 24 24 64 64
1653_0029_0042_0028_0028.jpg 1 29 42 28 28
1654_0038_0056_0033_0033.jpg 1 38 56 33 33
1655_0034_0010_0054_0054.jpg 1 34 10 54 54
1656_0042_0038_0050_0050.jpg 1 42 38 50 50
1657_0042_0008_0048_0048.jpg 1 42 8 48 48
1658_0036_0017_0039_0039.jpg 1 36 17 39 39
1659_0042_0023_0026_0026.jpg 1 42 23 26 26
1660_0033_0036_0056_0056.jpg 1 33 36 56 56
1661_0034_0022_0046_0046.jpg 1 34 22 46 46
1662_0014_0009_0027_0027.jpg 1 14 9 27 27
1663_0056_0059_0031_0031.jpg 1 56 59 31 31
1664_0060_0055_0028_0028.jpg 1 60 55 28 28
1665_0030_0030_0064_0064.jpg 1 30 30 64 64
1666_0034_0020_0045_0045.jpg 1 34 20 45 45
1667_0033_0020_0034_0034.jpg 1 33 20 34 34
1668_0013_0028_0063_0063.jpg 1 13 28 63 63
1669_0023_0041_0053_0053.jpg 1 23 41 53 53
1670_0019_0053_0033_0033.jpg 1 19 53 33 33
1671_0026_0056_0029_0029.jpg 1 26 56 29 29
1672_0044_0046_0044_0044.jpg 1 44 46 44 44
1673_0030_0020_0060_0060.jpg 1 30 20 60 60
1674_0025_0028_0065_0065.jpg 1 25 28 65 65
1675_0019_0020_0069_0069.jpg 1 19 20 69 69
1676_0009_0011_0059_0059.jpg 1 9 11 59 59
1677_0017_0038_0036_0036.jpg 1 17 38 36 36
1678_0018_0033_0060_0060.jpg 1 18 33 60 60
1679_0032_0008_0028_0028.jpg 1 32 8 28 28
1680_0009_0032_0041_0041.jpg 1 9 32 41 41
1681_0013_0022_0028_0028.jpg 1 13 22 28 28
1682_0038_0021_0037_0037.jpg 1 38 21 37 37
1683_0026_0055_0026_0026.jpg 1 26 55 26 26
1684_0028_0024_0055_0055.jpg 1 28 24 55 55
1685_0011_0011_0056_0056.jpg 1 11 11 56 56
1686_0043_0019_0043_0043.jpg 1 43 19 43 43
1687_0021_0016_0038_0038.jpg 1 21 16 38 38
1688_0040_0030_0052_0052.jpg 1 40 30 52 52
1689_0026_0018_0028_0028.jpg 1 26 18 28 28
1690_0037_0039_0040_0040.jpg 1 37 39 40 40
1691_0041_0066_0024_0024.jpg 1 41 66 24 24
1692_0038_0040_0044_0044.jpg 1 38 40 44 44
1693_0038_0013_0050_0050.jpg 1 38 13 50 50
1694_0027_0050_0035_0035.jpg 1 27 50 35 35
1695_0024_0025_0063_0063.jpg 1 24 25 63 63
1696_0022_0019_0046_0046.jpg 1 22 19 46 46
1697_0040_0023_0049_0049.jpg 1 40 23 49 49
1698_0020_0049_0042_0042.jpg 1 20 49 42 42
1699_0042_0043_0035_0035.jpg 1 42 43 35 35
1700_0055_0056_0037_0037.jpg 1 55 56 37 37
1701_0026_0013_0069_0069.jpg 1 26 13 69 69
1702_0022_0033_0053_0053.jpg 1 22 33 53 53
1703_0024_0017_0066_0066.jpg 1 24 17 66 66
1704_0032_0007_0059_0059.jpg 1 32 7 59 59
1705_0032_0035_0035_0035.jpg 1 32 35 35 35
1706_0009_0016_0050_0050.jpg 1 9 16 50 50
1707_0052_0044_0025_0025.jpg 1 52 44 25 25
1708_0004_0012_0063_0063.jpg 1 4 12 63 63
1709_0016_0031_0061_0061.jpg 1 16 31 61 61
1710_0029_0015_0055_0055.jpg 1 29 15 55 55
1711_0010_0021_0058_0058.jpg 1 10 21 58 58
1712_0013_0010_0054_0054.jpg 1 13 10 54 54
1713_0021_0032_0043_0043.jpg 1 21 32 43 43
1714_0018_0030_0060_0060.jpg 1 18 30 60 60
1715_0024_0020_0052_0052.jpg 1 24 20 52 52
1716_0041_0038_0046_0046.jpg 1 41 38 46 46
1717_0030_0025_0066_0066.jpg 1 30 25 66 66
1718_0048_0020_0033_0033.jpg 1 48 20 33 33
1719_0011_0023_0056_0056.jpg 1 11 23 56 56
1720_0041_0038_0047_0047.jpg 1 41 38 47 47
1721_0025_0057_0026_0026.jpg 1 25 57 26 26
1722_0044_0010_0024_0024.jpg 1 44 10 24 24
1723_0031_0014_0025_0025.jpg 1 31 14 25 25
1724_0044_0012_0026_0026.jpg 1 44 12 26 26
1725_0036_0026_0032_0032.jpg 1 36 26 32 32
1726_0023_0019_0041_0041.jpg 1 23 19 41 41
1727_0031_0011_0048_0048.jpg 1 31 11 48 48
1728_0025_0051_0036_0036.jpg 1 25 51 36 36
1729_0015_0005_0047_0047.jpg 1 15 5 47 47
1730_0018_0033_0047_0047.jpg 1 18 33 47 47
1731_0006_0006_0054_0054.jpg 1 6 6 54 54
1732_0022_0007_0068_0068.jpg 1 22 7 68 68
1733_0014_0013_0055_0055.jpg 1 14 13 55 55
1734_0035_0009_0051_0051.jpg 1 35 9 51 51
1735_0036_0033_0038_0038.jpg 1 36 33 38 38
1736_0029_0021_0056_0056.jpg 1 29 21 56 56
1737_0014_0034_0054_0054.jpg 1 14 34 54 54
1738_0017_0035_0035_0035.jpg 1 17 35 35 35
1739_0026_0031_0054_0054.jpg 1 26 31 54 54
1740_0041_0008_0037_0037.jpg 1 41 8 37 37
1741_0041_0040_0044_0044.jpg 1 41 40 44 44
1742_0038_0015_0055_0055.jpg 1 38 15 55 55
1743_0028_0030_0058_0058.jpg 1 28 30 58 58
1744_0017_0038_0042_0042.jpg 1 17 38 42 42
1745_0024_0026_0062_0062.jpg 1 24 26 62 62
1746_0034_0026_0044_0044.jpg 1 34 26 44 44
1747_0020_0011_0039_0039.jpg 1 20 11 39 39
1748_0026_0029_0059_0059.jpg 1 26 29 59 59
1749_0009_0028_0061_0061.jpg 1 9 28 61 61
1750_0009_0022_0025_0025.jpg 1 9 22 25 25
1751_0014_0012_0036_0036.jpg 1 14 12 36 36
1752_0013_0054_0039_0039.jpg 1 13 54 39 39
1753_0017_0010_0062_0062.jpg 1 17 10 62 62
1754_0016_0044_0038_0038.jpg 1 16 44 38 38
1755_0013_0027_0067_0067.jpg 1 13 27 67 67
1756_0041_0010_0045_0045.jpg 1 41 10 45 45
1757_0036_0014_0049_0049.jpg 1 36 14 49 49
1758_0031_0047_0046_0046.jpg 1 31 47 46 46
1759_0026_0014_0024_0024.jpg 1 26 14 24 24
1760_0030_0033_0060_0060.jpg 1 30 33 60 60
1761_0040_0020_0030_0030.jpg 1 40 20 30 30
1762_0038_0042_0036_0036.jpg 1 38 42 36 36
1763_0011_0009_0025_0025.jpg 1 11 9 25 25
1764_0016_0020_0064_0064.jpg 1 16 20 64 64
1765_0037_0017_0027_0027.jpg 1 37 17 27 27
1766_0020_0013_0051_0051.jpg 1 20 13 51 51
1767_0026_0016_0068_0068.jpg 1 26 16 68 68
1768_0036_0045_0049_0049.jpg 1 36 45 49 49
1769_0012_0012_0042_0042.jpg 1 12 12 42 42
1770_0030_0052_0027_0027.jpg 1 30 52 27 27
1771_0042_0021_0038_0038.jpg 1 42 21 38 38
1772_0013_0029_0066_0066.jpg 1 13 29 66 66
1773_0018_0015_0040_0040.jpg 1 18 15 40 40
1774_0033_0021_0060_0060.jpg 1 33 21 60 60
1775_0028_0015_0037_0037.jpg 1 28 15 37 37
1776_0020_0042_0030_0030.jpg 1 20 42 30 30
1777_0031_0050_0034_0034.jpg 1 31 50 34 34
1778_0025_0024_0033_0033.jpg 1 25 24 33 33
1779_0016_0033_0049_0049.jpg 1 16 33 49 49
1780_0008_0026_0046_0046.jpg 1 8 26 46 46
1781_0038_0008_0036_0036.jpg 1 38 8 36 36
1782_0021_0014_0051_0051.jpg 1 21 14 51 51
1783_0041_0049_0034_0034.jpg 1 41 49 34 34
1784_0017_0055_0028_0028.jpg 1 17 55 28 28
1785_0060_0056_0032_0032.jpg 1 60 56 32 32
1786_0040_0056_0025_0025.jpg 1 40 56 25 25
1787_0020_0041_0053_0053.jpg 1 20 41 53 53
1788_0034_0041_0033_0033.jpg 1 34 41 33 33
1789_0005_0025_0054_0054.jpg 1 5 25 54 54
1790_0016_0013_0059_0059.jpg 1 16 13 59 59
1791_0029_0017_0066_0066.jpg 1 29 17 66 66
1792_0019_0025_0058_0058.jpg 1 19 25 58 58
1793_0017_0011_0050_0050.jpg 1 17 11 50 50
1794_0011_0035_0042_0042.jpg 1 11 35 42 42
1795_0046_0036_0035_0035.jpg 1 46 36 35 35
1796_0014_0036_0034_0034.jpg 1 14 36 34 34
1797_0007_0028_0034_0034.jpg 1 7 28 34 34
1798_0027_0039_0037_0037.jpg 1 27 39 37 37
1799_0034_0029_0059_0059.jpg 1 34 29 59 59
1800_0034_0007_0031_0031.jpg 1 34 7 31 31
1801_0033_0025_0050_0050.jpg 1 33 25 50 50
1802_0019_0017_0068_0068.jpg 1 19 17 68 68
1803_0007_0017_0061_0061.jpg 1 7 17 61 61
1804_0003_0007_0067_0067.jpg 1 3 7 67 67
1805_0028_0012_0050_0050.jpg 1 28 12 50 50
1806_0010_0023_0064_0064.jpg 1 10 23 64 64
1807_0027_0023_0031_0031.jpg 1 27 23 31 31
1808_0037_0007_0057_0057.jpg 1 37 7 57 57
1809_0007_0045_0044_0044.jpg 1 7 45 44 44
1810_0039_0031_0031_0031.jpg 1 39 31 31 31
1811_0040_0017_0054_0054.jpg 1 40 17 54 54
1812_0041_0033_0049_0049.jpg 1 41 33 49 49
1813_0005_0021_0064_0064.jpg 1 5 21 64 64
1814_0007_0021_0050_0050.jpg 1 7 21 50 50
1815_0029_0024_0038_0038.jpg 1 29 24 38 38
1816_0035_0026_0046_0046.jpg 1 35 26 46 46
1817_0020_0052_0037_0037.jpg 1 20 52 37 37
1818_0006_0026_0069_0069.jpg 1 6 26 69 69
1819_0045_0038_0037_0037.jpg 1 45 38 37 37
1820_0033_0014_0055_0055.jpg 1 33 14 55 55
1821_0027_0030_0066_0066.jpg 1 27 30 66 66
1822_0022_0016_0059_0059.jpg 1 22 16 59 59
1823_0005_0023_0058_0058.jpg 1 5 23 58 58
1824_0017_0012_0066_0066.jpg 1 17 12 66 66
1825_0033_0054_0034_0034.jpg 1 33 54 34 34
1826_0024_0059_0027_0027.jpg 1 24 59 27 27
1827_0036_0044_0050_0050.jpg 1 36 44 50 50
1828_0025_0045_0034_0034.jpg 1 25 45 34 34
1829_0025_0012_0050_0050.jpg 1 25 12 50 50
1830_0010_0016_0052_0052.jpg 1 10 16 52 52
1831_0012_0008_0044_0044.jpg 1 12 8 44 44
1832_0054_0030_0033_0033.jpg 1 54 30 33 33
1833_0012_0014_0061_0061.jpg 1 12 14 61 61
1834_0049_0035_0040_0040.jpg 1 49 35 40 40
1835_0020_0023_0027_0027.jpg 1 20 23 27 27
1836_0029_0013_0062_0062.jpg 1 29 13 62 62
1837_0038_0029_0047_0047.jpg 1 38 29 47 47
1838_0022_0040_0046_0046.jpg 1 22 40 46 46
1839_0040_0020_0054_0054.jpg 1 40 20 54 54
1840_0008_0044_0046_0046.jpg 1 8 44 46 46
1841_0030_0013_0063_0063.jpg 1 30 13 63 63
1842_0052_0048_0037_0037.jpg 1 52 48 37 37
1843_0051_0057_0029_0029.jpg 1 51 57 29 29
1844_0010_0004_0056_0056.jpg 1 10 4 56 56
1845_0029_0012_0067_0067.jpg 1 29 12 67 67
1846_0047_0013_0032_0032.jpg 1 47 13 32 32
1847_0032_0042_0052_0052.jpg 1 32 42 52 52
1848_0009_0027_0069_0069.jpg 1 9 27 69 69
1849_0022_0018_0054_0054.jpg 1 22 18 54 54
1850_0065_0050_0024_0024.jpg 1 65 50 24 24
1851_0051_0021_0039_0039.jpg 1 51 21 39 39
1852_0012_0021_0066_0066.jpg 1 12 21 66 66
1853_0056_0048_0035_0035.jpg 1 56 48 35 35
1854_0006_0030_0051_0051.jpg 1 6 30 51 51
1855_0035_0013_0050_0050.jpg 1 35 13 50 50
1856_0041_0041_0053_0053.jpg 1 41 41 53 53
1857_0017_0016_0033_0033.jpg 1 17 16 33 33
1858_0010_0008_0058_0058.jpg 1 10 8 58 58
1859_0058_0039_0025_0025.jpg 1 58 39 25 25
1860_0050_0018_0031_0031.jpg 1 50 18 31 31
1861_0012_0017_0067_0067.jpg 1 12 17 67 67
1862_0033_0013_0051_0051.jpg 1 33 13 51 51
1863_0036_0024_0054_0054.jpg 1 36 24 54 54
1864_0042_0019_0050_0050.jpg 1 42 19 50 50
1865_0012_0004_0067_0067.jpg 1 12 4 67 67
1866_0005_0025_0053_0053.jpg 1 5 25 53 53
1867_0017_0019_0040_0040.jpg 1 17 19 40 40
1868_0019_0008_0058_0058.jpg 1 19 8 58 58
1869_0053_0021_0031_0031.jpg 1 53 21 31 31
1870_0014_0013_0059_0059.jpg 1 14 13 59 59
1871_0035_0016_0053_0053.jpg 1 35 16 53 53
1872_0037_0060_0027_0027.jpg 1 37 60 27 27
1873_0037_0027_0058_0058.jpg 1 37 27 58 58
1874_0033_0023_0061_0061.jpg 1 33 23 61 61
1875_0041_0017_0042_0042.jpg 1 41 17 42 42
1876_0028_0003_0067_0067.jpg 1 28 3 67 67
1877_0018_0029_0028_0028.jpg 1 18 29 28 28
1878_0037_0008_0052_0052.jpg 1 37 8 52 52
1879_0011_0045_0040_0040.jpg 1 11 45 40 40
1880_0041_0036_0048_0048.jpg 1 41 36 48 48
1881_0008_0026_0059_0059.jpg 1 8 26 59 59
1882_0028_0007_0044_0044.jpg 1 28 7 44 44
1883_0058_0041_0034_0034.jpg 1 58 41 34 34
1884_0041_0050_0044_0044.jpg 1 41 50 44 44
1885_0021_0036_0042_0042.jpg 1 21 36 42 42
1886_0030_0042_0036_0036.jpg 1 30 42 36 36
1887_0023_0040_0026_0026.jpg 1 23 40 26 26
1888_0020_0025_0062_0062.jpg 1 20 25 62 62
1889_0017_0033_0060_0060.jpg 1 17 33 60 60
1890_0021_0025_0068_0068.jpg 1 21 25 68 68
1891_0013_0028_0066_0066.jpg 1 13 28 66 66
1892_0008_0030_0045_0045.jpg 1 8 30 45 45
1893_0049_0014_0041_0041.jpg 1 49 14 41 41
1894_0034_0035_0058_0058.jpg 1 34 35 58 58
1895_0059_0056_0025_0025.jpg 1 59 56 25 25
1896_0051_0026_0040_0040.jpg 1 51 26 40 40
1897_0023_0008_0047_0047.jpg 1 23 8 47 47
1898_0004_0035_0057_0057.jpg 1 4 35 57 57
1899_0038_0048_0026_0026.jpg 1 38 48 26 26
1900_0053_0027_0036_0036.jpg 1 53 27 36 36
