0001_0036_0024_0048_0048.jpg 1 36 24 48 48
0002_0031_0022_0040_0040.jpg 1 31 22 40 40
0003_0010_0031_0040_0040.jpg 1 10 31 40 40
0004_0036_0010_0056_0056.jpg 1 36 10 56 56
0005_0012_0004_0061_0061.jpg 1 12 4 61 61
0006_0043_0048_0043_0043.jpg 1 43 48 43 43
0007_0026_0042_0028_0028.jpg 1 26 42 28 28
0008_0051_0047_0030_0030.jpg 1 51 47 30 30
0009_0020_0030_0057_0057.jpg 1 20 30 57 57
0010_0006_0017_0050_0050.jpg 1 6 17 50 50
0011_0050_0051_0025_0025.jpg 1 50 51 25 25
0012_0008_0049_0030_0030.jpg 1 8 49 30 30
0013_0041_0034_0051_0051.jpg 1 41 34 51 51
0014_0052_0024_0034_0034.jpg 1 52 24 34 34
0015_0030_0027_0043_0043.jpg 1 30 27 43 43
0016_0008_0028_0045_0045.jpg 1 8 28 45 45
0017_0029_0025_0060_0060.jpg 1 29 25 60 60
0018_0037_0010_0024_0024.jpg 1 37 10 24 24
0019_0047_0048_0042_0042.jpg 1 47 48 42 42
0020_0016_0032_0048_0048.jpg 1 16 32 48 48
0021_0044_0059_0033_0033.jpg 1 44 59 33 33
0022_0022_0019_0045_0045.jpg 1 22 19 45 45
0023_0017_0011_0066_0066.jpg 1 17 11 66 66
0024_0028_0008_0054_0054.jpg 1 28 8 54 54
0025_0028_0013_0024_0024.jpg 1 28 13 24 24
0026_0040_0031_0036_0036.jpg 1 40 31 36 36
0027_0032_0043_0046_0046.jpg 1 32 43 46 46
0028_0022_0049_0044_0044.jpg 1 22 49 44 44
0029_0023_0021_0047_0047.jpg 1 23 21 47 47
0030_0003_0021_0066_0066.jpg 1 3 21 66 66
0031_0015_0034_0030_0030.jpg 1 15 34 30 30
0032_0029_0019_0053_0053.jpg 1 29 19 53 53
0033_0029_0054_0026_0026.jpg 1 29 54 26 26
0034_0056_0019_0026_0026.jpg 1 56 19 26 26
0035_0009_0028_0062_0062.jpg 1 9 28 62 62
0036_0040_0046_0048_0048.jpg 1 40 46 48 48
0037_0008_0006_0062_0062.jpg 1 8 6 62 62
0038_0038_0048_0046_0046.jpg 1 38 48 46 46
0039_0023_0021_0059_0059.jpg 1 23 21 59 59
0040_0042_0029_0048_0048.jpg 1 42 29 48 48
0041_0010_0051_0036_0036.jpg 1 10 51 36 36
0042_0014_0034_0037_0037.jpg 1 14 34 37 37
0043_0023_0016_0055_0055.jpg 1 23 16 55 55
0044_0038_0028_0057_0057.jpg 1 38 28 57 57
0045_0045_0008_0044_0044.jpg 1 45 8 44 44
0046_0019_0007_0028_0028.jpg 1 19 7 28 28
0047_0029_0013_0044_0044.jpg 1 29 13 44 44
0048_0014_0015_0067_0067.jpg 1 14 15 67 67
0049_0034_0018_0039_0039.jpg 1 34 18 39 39
0050_0046_0026_0044_0044.jpg 1 46 26 44 44
0051_0018_0023_0058_0058.jpg 1 18 23 58 58
0052_0022_0024_0054_0054.jpg 1 22 24 54 54
0053_0036_0007_0047_0047.jpg 1 36 7 47 47
0054_0028_0025_0029_0029.jpg 1 28 25 29 29
0055_0046_0009_0034_0034.jpg 1 46 9 34 34
0056_0046_0041_0042_0042.jpg 1 46 41 42 42
0057_0040_0031_0051_0051.jpg 1 40 31 51 51
0058_0023_0042_0052_0052.jpg 1 23 42 52 52
0059_0028_0041_0053_0053.jpg 1 28 41 53 53
0060_0037_0048_0044_0044.jpg 1 37 48 44 44
0061_0010_0017_0063_0063.jpg 1 10 17 63 63
0062_0040_0040_0041_0041.jpg 1 40 40 41 41
0063_0005_0010_0055_0055.jpg 1 5 10 55 55
0064_0011_0013_0033_0033.jpg 1 11 13 33 33
0065_0022_0005_0047_0047.jpg 1 22 5 47 47
0066_0010_0010_0046_0046.jpg 1 10 10 46 46
0067_0024_0022_0050_0050.jpg 1 24 22 50 50
0068_0022_0004_0060_0060.jpg 1 22 4 60 60
0069_0009_0039_0045_0045.jpg 1 9 39 45 45
0070_0025_0040_0048_0048.jpg 1 25 40 48 48
0071_0043_0053_0031_0031.jpg 1 43 53 31 31
0072_0047_0057_0025_0025.jpg 1 47 57 25 25
0073_0051_0037_0031_0031.jpg 1 51 37 31 31
0074_0036_0045_0026_0026.jpg 1 36 45 26 26
0075_0032_0011_0057_0057.jpg 1 32 11 57 57
0076_0030_0025_0066_0066.jpg 1 30 25 66 66
0077_0049_0034_0028_0028.jpg 1 49 34 28 28
0078_0015_0017_0055_0055.jpg 1 15 17 55 55
0079_0031_0012_0024_0024.jpg 1 31 12 24 24
0080_0035_0033_0060_0060.jpg 1 35 33 60 60
0081_0037_0006_0053_0053.jpg 1 37 6 53 53
0082_0012_0037_0042_0042.jpg 1 12 37 42 42
0083_0015_0012_0061_0061.jpg 1 15 12 61 61
0084_0015_0018_0053_0053.jpg 1 15 18 53 53
0085_0043_0024_0041_0041.jpg 1 43 24 41 41
0086_0017_0014_0052_0052.jpg 1 17 14 52 52
0087_0020_0050_0042_0042.jpg 1 20 50 42 42
0088_0027_0018_0054_0054.jpg 1 27 18 54 54
0089_0035_0019_0044_0044.jpg 1 35 19 44 44
0090_0026_0005_0052_0052.jpg 1 26 5 52 52
0091_0037_0059_0031_0031.jpg 1 37 59 31 31
0092_0042_0012_0029_0029.jpg 1 42 12 29 29
0093_0008_0012_0062_0062.jpg 1 8 12 62 62
0094_0045_0011_0041_0041.jpg 1 45 11 41 41
0095_0027_0020_0066_0066.jpg 1 27 20 66 66
0096_0012_0011_0034_0034.jpg 1 12 11 34 34
0097_0031_0046_0048_0048.jpg 1 31 46 48 48
0098_0025_0026_0065_0065.jpg 1 25 26 65 65
0099_0009_0030_0052_0052.jpg 1 9 30 52 52
0100_0024_0004_0066_0066.jpg 1 24 4 66 66
0101_0006_0027_0057_0057.jpg 1 6 27 57 57
0102_0016_0009_0027_0027.jpg 1 16 9 27 27
0103_0059_0042_0027_0027.jpg 1 59 42 27 27
0104_0004_0008_0062_0062.jpg 1 4 8 62 62
0105_0056_0013_0030_0030.jpg 1 56 13 30 30
0106_0032_0015_0026_0026.jpg 1 32 15 26 26
0107_0043_0032_0039_0039.jpg 1 43 32 39 39
0108_0015_0020_0027_0027.jpg 1 15 20 27 27
0109_0047_0045_0025_0025.jpg 1 47 45 25 25
0110_0049_0036_0039_0039.jpg 1 49 36 39 39
0111_0033_0039_0035_0035.jpg 1 33 39 35 35
0112_0006_0019_0037_0037.jpg 1 6 19 37 37
0113_0025_0006_0064_0064.jpg 1 25 6 64 64
0114_0033_0005_0061_0061.jpg 1 33 5 61 61
0115_0016_0034_0055_0055.jpg 1 16 34 55 55
0116_0011_0018_0066_0066.jpg 1 11 18 66 66
0117_0045_0059_0028_0028.jpg 1 45 59 28 28
0118_0013_0006_0066_0066.jpg 1 13 6 66 66
0119_0004_0017_0062_0062.jpg 1 4 17 62 62
0120_0028_0024_0059_0059.jpg 1 28 24 59 59
0121_0010_0045_0047_0047.jpg 1 10 45 47 47
0122_0030_0020_0064_0064.jpg 1 30 20 64 64
0123_0022_0017_0069_0069.jpg 1 22 17 69 69
0124_0007_0022_0068_0068.jpg 1 7 22 68 68
0125_0038_0030_0031_0031.jpg 1 38 30 31 31
0126_0011_0016_0066_0066.jpg 1 11 16 66 66
0127_0042_0028_0045_0045.jpg 1 42 28 45 45
0128_0024_0008_0056_0056.jpg 1 24 8 56 56
0129_0026_0016_0067_0067.jpg 1 26 16 67 67
0130_0032_0057_0029_0029.jpg 1 32 57 29 29
0131_0033_0033_0052_0052.jpg 1 33 33 52 52
0132_0012_0016_0068_0068.jpg 1 12 16 68 68
0133_0022_0007_0068_0068.jpg 1 22 7 68 68
0134_0029_0020_0055_0055.jpg 1 29 20 55 55
0135_0037_0040_0028_0028.jpg 1 37 40 28 28
0136_0044_0008_0035_0035.jpg 1 44 8 35 35
0137_0015_0017_0068_0068.jpg 1 15 17 68 68
0138_0026_0016_0066_0066.jpg 1 26 16 66 66
0139_0035_0015_0047_0047.jpg 1 35 15 47 47
0140_0030_0016_0036_0036.jpg 1 30 16 36 36
0141_0022_0030_0056_0056.jpg 1 22 30 56 56
0142_0027_0041_0044_0044.jpg 1 27 41 44 44
0143_0025_0013_0055_0055.jpg 1 25 13 55 55
0144_0031_0019_0054_0054.jpg 1 31 19 54 54
0145_0035_0029_0039_0039.jpg 1 35 29 39 39
0146_0014_0010_0061_0061.jpg 1 14 10 61 61
0147_0025_0012_0067_0067.jpg 1 25 12 67 67
0148_0027_0032_0059_0059.jpg 1 27 32 59 59
0149_0009_0022_0031_0031.jpg 1 9 22 31 31
0150_0023_0023_0041_0041.jpg 1 23 23 41 41
0151_0033_0042_0043_0043.jpg 1 33 42 43 43
0152_0050_0014_0043_0043.jpg 1 50 14 43 43
0153_0049_0028_0038_0038.jpg 1 49 28 38 38
0154_0014_0031_0056_0056.jpg 1 14 31 56 56
0155_0038_0047_0041_0041.jpg 1 38 47 41 41
0156_0041_0042_0038_0038.jpg 1 41 42 38 38
0157_0028_0037_0045_0045.jpg 1 28 37 45 45
0158_0013_0036_0048_0048.jpg 1 13 36 48 48
0159_0047_0024_0038_0038.jpg 1 47 24 38 38
0160_0014_0039_0051_0051.jpg 1 14 39 51 51
0161_0007_0008_0043_0043.jpg 1 7 8 43 43
0162_0044_0024_0050_0050.jpg 1 44 24 50 50
0163_0009_0042_0042_0042.jpg 1 9 42 42 42
0164_0051_0011_0041_0041.jpg 1 51 11 41 41
0165_0038_0038_0047_0047.jpg 1 38 38 47 47
0166_0026_0023_0060_0060.jpg 1 26 23 60 60
0167_0007_0038_0045_0045.jpg 1 7 38 45 45
0168_0018_0026_0052_0052.jpg 1 18 26 52 52
0169_0055_0033_0024_0024.jpg 1 55 33 24 24
0170_0044_0027_0038_0038.jpg 1 44 27 38 38
0171_0028_0042_0040_0040.jpg 1 28 42 40 40
0172_0010_0041_0026_0026.jpg 1 10 41 26 26
0173_0026_0016_0066_0066.jpg 1 26 16 66 66
0174_0014_0024_0028_0028.jpg 1 14 24 28 28
0175_0018_0027_0068_0068.jpg 1 18 27 68 68
0176_0018_0028_0063_0063.jpg 1 18 28 63 63
0177_0021_0053_0027_0027.jpg 1 21 53 27 27
0178_0007_0009_0062_0062.jpg 1 7 9 62 62
0179_0010_0028_0055_0055.jpg 1 10 28 55 55
0180_0022_0015_0063_0063.jpg 1 22 15 63 63
0181_0018_0033_0057_0057.jpg 1 18 33 57 57
0182_0027_0012_0048_0048.jpg 1 27 12 48 48
0183_0016_0025_0057_0057.jpg 1 16 25 57 57
0184_0040_0006_0033_0033.jpg 1 40 6 33 33
0185_0018_0018_0063_0063.jpg 1 18 18 63 63
0186_0011_0036_0039_0039.jpg 1 11 36 39 39
0187_0041_0027_0051_0051.jpg 1 41 27 51 51
0188_0011_0004_0064_0064.jpg 1 11 4 64 64
0189_0037_0038_0044_0044.jpg 1 37 38 44 44
0190_0014_0035_0045_0045.jpg 1 14 35 45 45
0191_0025_0032_0035_0035.jpg 1 25 32 35 35
0192_0011_0034_0057_0057.jpg 1 11 34 57 57
0193_0028_0038_0044_0044.jpg 1 28 38 44 44
0194_0041_0010_0038_0038.jpg 1 41 10 38 38
0195_0033_0017_0054_0054.jpg 1 33 17 54 54
0196_0005_0012_0045_0045.jpg 1 5 12 45 45
0197_0021_0022_0056_0056.jpg 1 21 22 56 56
0198_0027_0024_0042_0042.jpg 1 27 24 42 42
0199_0013_0011_0069_0069.jpg 1 13 11 69 69
0200_0027_0039_0024_0024.jpg 1 27 39 24 24
0201_0014_0008_0062_0062.jpg 1 14 8 62 62
0202_0010_0029_0064_0064.jpg 1 10 29 64 64
0203_0027_0033_0058_0058.jpg 1 27 33 58 58
0204_0033_0039_0052_0052.jpg 1 33 39 52 52
0205_0047_0008_0042_0042.jpg 1 47 8 42 42
0206_0039_0011_0040_0040.jpg 1 39 11 40 40
0207_0040_0012_0046_0046.jpg 1 40 12 46 46
0208_0028_0019_0067_0067.jpg 1 28 19 67 67
0209_0005_0017_0057_0057.jpg 1 5 17 57 57
0210_0023_0032_0053_0053.jpg 1 23 32 53 53
0211_0013_0010_0064_0064.jpg 1 13 10 64 64
0212_0037_0024_0040_0040.jpg 1 37 24 40 40
0213_0033_0016_0030_0030.jpg 1 33 16 30 30
0214_0024_0036_0049_0049.jpg 1 24 36 49 49
0215_0046_0052_0025_0025.jpg 1 46 52 25 25
0216_0021_0024_0068_0068.jpg 1 21 24 68 68
0217_0044_0028_0047_0047.jpg 1 44 28 47 47
0218_0016_0011_0024_0024.jpg 1 16 11 24 24
0219_0007_0019_0069_0069.jpg 1 7 19 69 69
0220_0027_0039_0034_0034.jpg 1 27 39 34 34
0221_0028_0015_0033_0033.jpg 1 28 15 33 33
0222_0040_0039_0030_0030.jpg 1 40 39 30 30
0223_0005_0031_0054_0054.jpg 1 5 31 54 54
0224_0025_0017_0066_0066.jpg 1 25 17 66 66
0225_0007_0043_0048_0048.jpg 1 7 43 48 48
0226_0017_0019_0057_0057.jpg 1 17 19 57 57
0227_0021_0030_0040_0040.jpg 1 21 30 40 40
0228_0025_0019_0063_0063.jpg 1 25 19 63 63
0229_0053_0037_0028_0028.jpg 1 53 37 28 28
0230_0030_0031_0043_0043.jpg 1 30 31 43 43
0231_0040_0006_0054_0054.jpg 1 40 6 54 54
0232_0028_0017_0024_0024.jpg 1 28 17 24 24
0233_0006_0007_0059_0059.jpg 1 6 7 59 59
0234_0014_0048_0038_0038.jpg 1 14 48 38 38
0235_0049_0055_0034_0034.jpg 1 49 55 34 34
0236_0038_0022_0045_0045.jpg 1 38 22 45 45
0237_0026_0022_0069_0069.jpg 1 26 22 69 69
0238_0022_0020_0030_0030.jpg 1 22 20 30 30
0239_0031_0021_0060_0060.jpg 1 31 21 60 60
0240_0044_0023_0039_0039.jpg 1 44 23 39 39
0241_0035_0012_0052_0052.jpg 1 35 12 52 52
0242_0028_0024_0048_0048.jpg 1 28 24 48 48
0243_0020_0008_0068_0068.jpg 1 20 8 68 68
0244_0019_0037_0027_0027.jpg 1 19 37 27 27
0245_0041_0044_0043_0043.jpg 1 41 44 43 43
0246_0057_0054_0035_0035.jpg 1 57 54 35 35
0247_0014_0011_0067_0067.jpg 1 14 11 67 67
0248_0052_0015_0040_0040.jpg 1 52 15 40 40
0249_0008_0033_0044_0044.jpg 1 8 33 44 44
0250_0045_0056_0034_0034.jpg 1 45 56 34 34
0251_0045_0050_0043_0043.jpg 1 45 50 43 43
0252_0024_0052_0031_0031.jpg 1 24 52 31 31
0253_0029_0006_0064_0064.jpg 1 29 6 64 64
0254_0004_0012_0057_0057.jpg 1 4 12 57 57
0255_0034_0021_0027_0027.jpg 1 34 21 27 27
0256_0016_0030_0055_0055.jpg 1 16 30 55 55
0257_0025_0005_0057_0057.jpg 1 25 5 57 57
0258_0029_0014_0046_0046.jpg 1 29 14 46 46
0259_0025_0037_0030_0030.jpg 1 25 37 30 30
0260_0008_0041_0041_0041.jpg 1 8 41 41 41
0261_0040_0037_0052_0052.jpg 1 40 37 52 52
0262_0048_0019_0030_0030.jpg 1 48 19 30 30
0263_0034_0040_0034_0034.jpg 1 34 40 34 34
0264_0008_0015_0065_0065.jpg 1 8 15 65 65
0265_0011_0010_0069_0069.jpg 1 11 10 69 69
0266_0018_0030_0044_0044.jpg 1 18 30 44 44
0267_0036_0034_0058_0058.jpg 1 36 34 58 58
0268_0023_0004_0067_0067.jpg 1 23 4 67 67
0269_0041_0034_0025_0025.jpg 1 41 34 25 25
0270_0037_0033_0027_0027.jpg 1 37 33 27 27
0271_0005_0004_0058_0058.jpg 1 5 4 58 58
0272_0022_0021_0051_0051.jpg 1 22 21 51 51
0273_0006_0005_0060_0060.jpg 1 6 5 60 60
0274_0005_0029_0044_0044.jpg 1 5 29 44 44
0275_0031_0014_0053_0053.jpg 1 31 14 53 53
0276_0018_0026_0040_0040.jpg 1 18 26 40 40
0277_0024_0022_0042_0042.jpg 1 24 22 42 42
0278_0010_0025_0066_0066.jpg 1 10 25 66 66
0279_0029_0044_0032_0032.jpg 1 29 44 32 32
0280_0024_0042_0053_0053.jpg 1 24 42 53 53
0281_0005_0029_0066_0066.jpg 1 5 29 66 66
0282_0023_0006_0069_0069.jpg 1 23 6 69 69
0283_0046_0011_0041_0041.jpg 1 46 11 41 41
0284_0016_0013_0055_0055.jpg 1 16 13 55 55
0285_0014_0039_0054_0054.jpg 1 14 39 54 54
0286_0028_0012_0068_0068.jpg 1 28 12 68 68
0287_0036_0026_0048_0048.jpg 1 36 26 48 48
0288_0029_0022_0051_0051.jpg 1 29 22 51 51
0289_0004_0016_0060_0060.jpg 1 4 16 60 60
0290_0042_0042_0031_0031.jpg 1 42 42 31 31
0291_0027_0038_0045_0045.jpg 1 27 38 45 45
0292_0043_0013_0032_0032.jpg 1 43 13 32 32
0293_0023_0032_0030_0030.jpg 1 23 32 30 30
0294_0034_0012_0043_0043.jpg 1 34 12 43 43
0295_0031_0025_0044_0044.jpg 1 31 25 44 44
0296_0032_0031_0061_0061.jpg 1 32 31 61 61
0297_0028_0011_0067_0067.jpg 1 28 11 67 67
0298_0017_0020_0066_0066.jpg 1 17 20 66 66
0299_0049_0028_0038_0038.jpg 1 49 28 38 38
0300_0007_0047_0038_0038.jpg 1 7 47 38 38
0301_0035_0012_0059_0059.jpg 1 35 12 59 59
0302_0021_0027_0028_0028.jpg 1 21 27 28 28
0303_0024_0035_0058_0058.jpg 1 24 35 58 58
0304_0028_0027_0062_0062.jpg 1 28 27 62 62
0305_0015_0025_0046_0046.jpg 1 15 25 46 46
0306_0057_0054_0030_0030.jpg 1 57 54 30 30
0307_0047_0017_0027_0027.jpg 1 47 17 27 27
0308_0024_0044_0034_0034.jpg 1 24 44 34 34
0309_0032_0026_0048_0048.jpg 1 32 26 48 48
0310_0040_0052_0035_0035.jpg 1 40 52 35 35
0311_0029_0013_0067_0067.jpg 1 29 13 67 67
0312_0015_0027_0048_0048.jpg 1 15 27 48 48
0313_0022_0027_0065_0065.jpg 1 22 27 65 65
0314_0030_0008_0052_0052.jpg 1 30 8 52 52
0315_0036_0021_0053_0053.jpg 1 36 21 53 53
0316_0008_0006_0050_0050.jpg 1 8 6 50 50
0317_0007_0021_0054_0054.jpg 1 7 21 54 54
0318_0029_0026_0046_0046.jpg 1 29 26 46 46
0319_0021_0020_0047_0047.jpg 1 21 20 47 47
0320_0003_0025_0068_0068.jpg 1 3 25 68 68
0321_0008_0010_0068_0068.jpg 1 8 10 68 68
0322_0018_0022_0066_0066.jpg 1 18 22 66 66
0323_0023_0029_0047_0047.jpg 1 23 29 47 47
0324_0004_0004_0064_0064.jpg 1 4 4 64 64
0325_0006_0017_0040_0040.jpg 1 6 17 40 40
0326_0010_0057_0035_0035.jpg 1 10 57 35 35
0327_0013_0011_0067_0067.jpg 1 13 11 67 67
0328_0016_0023_0064_0064.jpg 1 16 23 64 64
0329_0051_0027_0036_0036.jpg 1 51 27 36 36
0330_0015_0008_0055_0055.jpg 1 15 8 55 55
0331_0013_0012_0049_0049.jpg 1 13 12 49 49
0332_0014_0012_0046_0046.jpg 1 14 12 46 46
0333_0023_0041_0043_0043.jpg 1 23 41 43 43
0334_0044_0041_0035_0035.jpg 1 44 41 35 35
0335_0022_0009_0032_0032.jpg 1 22 9 32 32
0336_0031_0044_0029_0029.jpg 1 31 44 29 29
0337_0041_0031_0033_0033.jpg 1 41 31 33 33
0338_0045_0057_0033_0033.jpg 1 45 57 33 33
0339_0010_0042_0038_0038.jpg 1 10 42 38 38
0340_0035_0024_0051_0051.jpg 1 35 24 51 51
0341_0039_0021_0037_0037.jpg 1 39 21 37 37
0342_0020_0006_0048_0048.jpg 1 20 6 48 48
0343_0049_0017_0039_0039.jpg 1 49 17 39 39
0344_0016_0019_0044_0044.jpg 1 16 19 44 44
0345_0023_0024_0041_0041.jpg 1 23 24 41 41
0346_0026_0023_0059_0059.jpg 1 26 23 59 59
0347_0032_0037_0032_0032.jpg 1 32 37 32 32
0348_0054_0015_0036_0036.jpg 1 54 15 36 36
0349_0013_0028_0043_0043.jpg 1 13 28 43 43
0350_0013_0020_0028_0028.jpg 1 13 20 28 28
0351_0056_0047_0032_0032.jpg 1 56 47 32 32
0352_0033_0021_0059_0059.jpg 1 33 21 59 59
0353_0013_0007_0056_0056.jpg 1 13 7 56 56
0354_0006_0012_0069_0069.jpg 1 6 12 69 69
0355_0035_0029_0050_0050.jpg 1 35 29 50 50
0356_0019_0038_0050_0050.jpg 1 19 38 50 50
0357_0061_0054_0025_0025.jpg 1 61 54 25 25
0358_0022_0054_0031_0031.jpg 1 22 54 31 31
0359_0044_0025_0036_0036.jpg 1 44 25 36 36
0360_0005_0003_0066_0066.jpg 1 5 3 66 66
0361_0054_0029_0036_0036.jpg 1 54 29 36 36
0362_0021_0009_0034_0034.jpg 1 21 9 34 34
0363_0032_0012_0040_0040.jpg 1 32 12 40 40
0364_0045_0007_0031_0031.jpg 1 45 7 31 31
0365_0056_0007_0032_0032.jpg 1 56 7 32 32
0366_0042_0061_0025_0025.jpg 1 42 61 25 25
0367_0010_0030_0053_0053.jpg 1 10 30 53 53
0368_0043_0024_0035_0035.jpg 1 43 24 35 35
0369_0025_0007_0050_0050.jpg 1 25 7 50 50
0370_0008_0011_0067_0067.jpg 1 8 11 67 67
0371_0034_0027_0037_0037.jpg 1 34 27 37 37
0372_0009_0027_0068_0068.jpg 1 9 27 68 68
0373_0013_0014_0065_0065.jpg 1 13 14 65 65
0374_0026_0005_0065_0065.jpg 1 26 5 65 65
0375_0028_0043_0034_0034.jpg 1 28 43 34 34
0376_0007_0017_0062_0062.jpg 1 7 17 62 62
0377_0052_0049_0039_0039.jpg 1 52 49 39 39
0378_0022_0026_0052_0052.jpg 1 22 26 52 52
0379_0036_0007_0047_0047.jpg 1 36 7 47 47
0380_0019_0036_0034_0034.jpg 1 19 36 34 34
0381_0013_0022_0060_0060.jpg 1 13 22 60 60
0382_0024_0018_0028_0028.jpg 1 24 18 28 28
0383_0016_0027_0032_0032.jpg 1 16 27 32 32
0384_0028_0056_0027_0027.jpg 1 28 56 27 27
0385_0049_0039_0033_0033.jpg 1 49 39 33 33
0386_0011_0009_0048_0048.jpg 1 11 9 48 48
0387_0031_0016_0062_0062.jpg 1 31 16 62 62
0388_0005_0006_0064_0064.jpg 1 5 6 64 64
0389_0019_0016_0055_0055.jpg 1 19 16 55 55
0390_0026_0020_0045_0045.jpg 1 26 20 45 45
0391_0009_0012_0051_0051.jpg 1 9 12 51 51
0392_0028_0037_0052_0052.jpg 1 28 37 52 52
0393_0021_0008_0053_0053.jpg 1 21 8 53 53
0394_0019_0018_0030_0030.jpg 1 19 18 30 30
0395_0007_0006_0066_0066.jpg 1 7 6 66 66
0396_0033_0012_0060_0060.jpg 1 33 12 60 60
0397_0028_0012_0060_0060.jpg 1 28 12 60 60
0398_0016_0015_0058_0058.jpg 1 16 15 58 58
0399_0030_0014_0052_0052.jpg 1 30 14 52 52
0400_0024_0007_0035_0035.jpg 1 24 7 35 35
0401_0037_0039_0043_0043.jpg 1 37 39 43 43
0402_0034_0030_0038_0038.jpg 1 34 30 38 38
0403_0009_0026_0049_0049.jpg 1 9 26 49 49
0404_0021_0012_0045_0045.jpg 1 21 12 45 45
0405_0032_0006_0041_0041.jpg 1 32 6 41 41
0406_0032_0010_0053_0053.jpg 1 32 10 53 53
0407_0020_0017_0065_0065.jpg 1 20 17 65 65
0408_0045_0055_0028_0028.jpg 1 45 55 28 28
0409_0004_0024_0069_0069.jpg 1 4 24 69 69
0410_0047_0022_0041_0041.jpg 1 47 22 41 41
0411_0048_0023_0024_0024.jpg 1 48 23 24 24
0412_0018_0025_0049_0049.jpg 1 18 25 49 49
0413_0028_0027_0060_0060.jpg 1 28 27 60 60
0414_0024_0010_0051_0051.jpg 1 24 10 51 51
0415_0050_0014_0027_0027.jpg 1 50 14 27 27
0416_0023_0023_0057_0057.jpg 1 23 23 57 57
0417_0010_0033_0055_0055.jpg 1 10 33 55 55
0418_0023_0022_0024_0024.jpg 1 23 22 24 24
0419_0021_0016_0057_0057.jpg 1 21 16 57 57
0420_0028_0039_0052_0052.jpg 1 28 39 52 52
0421_0027_0009_0050_0050.jpg 1 27 9 50 50
0422_0028_0028_0040_0040.jpg 1 28 28 40 40
0423_0016_0036_0058_0058.jpg 1 16 36 58 58
0424_0026_0006_0068_0068.jpg 1 26 6 68 68
0425_0049_0028_0035_0035.jpg 1 49 28 35 35
0426_0063_0026_0025_0025.jpg 1 63 26 25 25
0427_0034_0015_0052_0052.jpg 1 34 15 52 52
0428_0034_0031_0054_0054.jpg 1 34 31 54 54
0429_0028_0014_0050_0050.jpg 1 28 14 50 50
0430_0032_0005_0049_0049.jpg 1 32 5 49 49
0431_0026_0050_0035_0035.jpg 1 26 50 35 35
0432_0034_0011_0053_0053.jpg 1 34 11 53 53
0433_0047_0016_0032_0032.jpg 1 47 16 32 32
0434_0015_0011_0053_0053.jpg 1 15 11 53 53
0435_0006_0019_0046_0046.jpg 1 6 19 46 46
0436_0050_0031_0037_0037.jpg 1 50 31 37 37
0437_0021_0022_0064_0064.jpg 1 21 22 64 64
0438_0027_0038_0054_0054.jpg 1 27 38 54 54
0439_0017_0015_0058_0058.jpg 1 17 15 58 58
0440_0019_0027_0064_0064.jpg 1 19 27 64 64
0441_0030_0039_0046_0046.jpg 1 30 39 46 46
0442_0044_0011_0030_0030.jpg 1 44 11 30 30
0443_0039_0021_0033_0033.jpg 1 39 21 33 33
0444_0006_0027_0054_0054.jpg 1 6 27 54 54
0445_0032_0003_0062_0062.jpg 1 32 3 62 62
0446_0030_0010_0029_0029.jpg 1 30 10 29 29
0447_0046_0014_0025_0025.jpg 1 46 14 25 25
0448_0027_0019_0068_0068.jpg 1 27 19 68 68
0449_0024_0030_0057_0057.jpg 1 24 30 57 57
0450_0040_0013_0053_0053.jpg 1 40 13 53 53
0451_0013_0009_0026_0026.jpg 1 13 9 26 26
0452_0036_0022_0036_0036.jpg 1 36 22 36 36
0453_0008_0037_0044_0044.jpg 1 8 37 44 44
0454_0026_0027_0053_0053.jpg 1 26 27 53 53
0455_0023_0013_0043_0043.jpg 1 23 13 43 43
0456_0030_0027_0026_0026.jpg 1 30 27 26 26
0457_0012_0014_0067_0067.jpg 1 12 14 67 67
0458_0027_0008_0060_0060.jpg 1 27 8 60 60
0459_0016_0006_0061_0061.jpg 1 16 6 61 61
0460_0055_0063_0028_0028.jpg 1 55 63 28 28
0461_0032_0023_0057_0057.jpg 1 32 23 57 57
0462_0008_0046_0038_0038.jpg 1 8 46 38 38
0463_0025_0017_0048_0048.jpg 1 25 17 48 48
0464_0015_0022_0060_0060.jpg 1 15 22 60 60
0465_0027_0037_0054_0054.jpg 1 27 37 54 54
0466_0031_0031_0049_0049.jpg 1 31 31 49 49
0467_0043_0054_0028_0028.jpg 1 43 54 28 28
0468_0014_0051_0033_0033.jpg 1 14 51 33 33
0469_0045_0056_0035_0035.jpg 1 45 56 35 35
0470_0043_0052_0040_0040.jpg 1 43 52 40 40
0471_0030_0016_0058_0058.jpg 1 30 16 58 58
0472_0003_0025_0063_0063.jpg 1 3 25 63 63
0473_0025_0018_0067_0067.jpg 1 25 18 67 67
0474_0012_0009_0055_0055.jpg 1 12 9 55 55
0475_0053_0020_0036_0036.jpg 1 53 20 36 36
0476_0008_0009_0067_0067.jpg 1 8 9 67 67
0477_0020_0012_0068_0068.jpg 1 20 12 68 68
0478_0011_0031_0036_0036.jpg 1 11 31 36 36
0479_0040_0062_0024_0024.jpg 1 40 62 24 24
0480_0031_0060_0031_0031.jpg 1 31 60 31 31
0481_0032_0015_0062_0062.jpg 1 32 15 62 62
0482_0014_0027_0053_0053.jpg 1 14 27 53 53
0483_0019_0008_0069_0069.jpg 1 19 8 69 69
0484_0012_0014_0054_0054.jpg 1 12 14 54 54
0485_0038_0024_0031_0031.jpg 1 38 24 31 31
0486_0042_0037_0044_0044.jpg 1 42 37 44 44
0487_0031_0033_0059_0059.jpg 1 31 33 59 59
0488_0039_0051_0040_0040.jpg 1 39 51 40 40
0489_0042_0038_0052_0052.jpg 1 42 38 52 52
0490_0022_0005_0058_0058.jpg 1 22 5 58 58
0491_0012_0040_0030_0030.jpg 1 12 40 30 30
0492_0020_0042_0045_0045.jpg 1 20 42 45 45
0493_0043_0010_0039_0039.jpg 1 43 10 39 39
0494_0023_0022_0040_0040.jpg 1 23 22 40 40
0495_0014_0031_0026_0026.jpg 1 14 31 26 26
0496_0054_0011_0037_0037.jpg 1 54 11 37 37
0497_0033_0009_0057_0057.jpg 1 33 9 57 57
0498_0016_0019_0059_0059.jpg 1 16 19 59 59
0499_0010_0004_0068_0068.jpg 1 10 4 68 68
0500_0032_0051_0041_0041.jpg 1 32 51 41 41
0501_0022_0040_0047_0047.jpg 1 22 40 47 47
0502_0007_0008_0066_0066.jpg 1 7 8 66 66
0503_0007_0030_0060_0060.jpg 1 7 30 60 60
0504_0013_0013_0065_0065.jpg 1 13 13 65 65
0505_0015_0006_0048_0048.jpg 1 15 6 48 48
0506_0037_0028_0054_0054.jpg 1 37 28 54 54
0507_0009_0023_0069_0069.jpg 1 9 23 69 69
0508_0044_0047_0042_0042.jpg 1 44 47 42 42
0509_0037_0039_0052_0052.jpg 1 37 39 52 52
0510_0041_0016_0051_0051.jpg 1 41 16 51 51
0511_0027_0011_0069_0069.jpg 1 27 11 69 69
0512_0009_0004_0063_0063.jpg 1 9 4 63 63
0513_0015_0010_0065_0065.jpg 1 15 10 65 65
0514_0014_0023_0069_0069.jpg 1 14 23 69 69
0515_0009_0040_0051_0051.jpg 1 9 40 51 51
0516_0053_0042_0031_0031.jpg 1 53 42 31 31
0517_0019_0017_0037_0037.jpg 1 19 17 37 37
0518_0016_0005_0063_0063.jpg 1 16 5 63 63
0519_0026_0017_0031_0031.jpg 1 26 17 31 31
0520_0021_0038_0029_0029.jpg 1 21 38 29 29
0521_0045_0020_0043_0043.jpg 1 45 20 43 43
0522_0007_0006_0068_0068.jpg 1 7 6 68 68
0523_0019_0038_0036_0036.jpg 1 19 38 36 36
0524_0011_0007_0064_0064.jpg 1 11 7 64 64
0525_0031_0040_0042_0042.jpg 1 31 40 42 42
0526_0012_0041_0050_0050.jpg 1 12 41 50 50
0527_0051_0016_0034_0034.jpg 1 51 16 34 34
0528_0025_0053_0035_0035.jpg 1 25 53 35 35
0529_0011_0024_0052_0052.jpg 1 11 24 52 52
0530_0007_0010_0061_0061.jpg 1 7 10 61 61
0531_0017_0017_0067_0067.jpg 1 17 17 67 67
0532_0023_0031_0062_0062.jpg 1 23 31 62 62
0533_0051_0018_0040_0040.jpg 1 51 18 40 40
0534_0036_0020_0033_0033.jpg 1 36 20 33 33
0535_0019_0006_0064_0064.jpg 1 19 6 64 64
0536_0009_0045_0049_0049.jpg 1 9 45 49 49
0537_0052_0039_0040_0040.jpg 1 52 39 40 40
0538_0043_0025_0032_0032.jpg 1 43 25 32 32
0539_0008_0012_0054_0054.jpg 1 8 12 54 54
0540_0012_0035_0055_0055.jpg 1 12 35 55 55
0541_0032_0038_0030_0030.jpg 1 32 38 30 30
0542_0027_0010_0030_0030.jpg 1 27 10 30 30
0543_0019_0027_0057_0057.jpg 1 19 27 57 57
0544_0049_0055_0030_0030.jpg 1 49 55 30 30
0545_0016_0027_0060_0060.jpg 1 16 27 60 60
0546_0017_0030_0060_0060.jpg 1 17 30 60 60
0547_0040_0016_0042_0042.jpg 1 40 16 42 42
0548_0006_0021_0056_0056.jpg 1 6 21 56 56
0549_0018_0020_0065_0065.jpg 1 18 20 65 65
0550_0022_0020_0040_0040.jpg 1 22 20 40 40
0551_0013_0021_0050_0050.jpg 1 13 21 50 50
0552_0030_0022_0035_0035.jpg 1 30 22 35 35
0553_0015_0011_0043_0043.jpg 1 15 11 43 43
0554_0015_0025_0067_0067.jpg 1 15 25 67 67
0555_0026_0018_0038_0038.jpg 1 26 18 38 38
0556_0057_0007_0036_0036.jpg 1 57 7 36 36
0557_0005_0020_0048_0048.jpg 1 5 20 48 48
0558_0025_0030_0040_0040.jpg 1 25 30 40 40
0559_0030_0026_0048_0048.jpg 1 30 26 48 48
0560_0043_0013_0025_0025.jpg 1 43 13 25 25
0561_0051_0021_0041_0041.jpg 1 51 21 41 41
0562_0014_0006_0065_0065.jpg 1 14 6 65 65
0563_0039_0024_0029_0029.jpg 1 39 24 29 29
0564_0016_0043_0046_0046.jpg 1 16 43 46 46
0565_0023_0025_0058_0058.jpg 1 23 25 58 58
0566_0028_0038_0057_0057.jpg 1 28 38 57 57
0567_0021_0014_0065_0065.jpg 1 21 14 65 65
0568_0026_0020_0064_0064.jpg 1 26 20 64 64
0569_0007_0038_0052_0052.jpg 1 7 38 52 52
0570_0040_0020_0049_0049.jpg 1 40 20 49 49
0571_0062_0015_0029_0029.jpg 1 62 15 29 29
0572_0053_0019_0036_0036.jpg 1 53 19 36 36
0573_0026_0019_0063_0063.jpg 1 26 19 63 63
0574_0018_0029_0064_0064.jpg 1 18 29 64 64
0575_0040_0052_0026_0026.jpg 1 40 52 26 26
0576_0016_0020_0069_0069.jpg 1 16 20 69 69
0577_0020_0019_0066_0066.jpg 1 20 19 66 66
0578_0024_0005_0050_0050.jpg 1 24 5 50 50
0579_0031_0009_0029_0029.jpg 1 31 9 29 29
0580_0047_0021_0047_0047.jpg 1 47 21 47 47
0581_0023_0018_0037_0037.jpg 1 23 18 37 37
0582_0016_0021_0069_0069.jpg 1 16 21 69 69
0583_0045_0036_0045_0045.jpg 1 45 36 45 45
0584_0056_0032_0035_0035.jpg 1 56 32 35 35
0585_0034_0035_0042_0042.jpg 1 34 35 42 42
0586_0038_0042_0050_0050.jpg 1 38 42 50 50
0587_0031_0020_0059_0059.jpg 1 31 20 59 59
0588_0035_0015_0052_0052.jpg 1 35 15 52 52
0589_0027_0038_0040_0040.jpg 1 27 38 40 40
0590_0067_0054_0024_0024.jpg 1 67 54 24 24
0591_0043_0034_0047_0047.jpg 1 43 34 47 47
0592_0021_0038_0046_0046.jpg 1 21 38 46 46
0593_0025_0018_0049_0049.jpg 1 25 18 49 49
0594_0053_0019_0040_0040.jpg 1 53 19 40 40
0595_0013_0014_0055_0055.jpg 1 13 14 55 55
0596_0043_0040_0042_0042.jpg 1 43 40 42 42
0597_0010_0024_0061_0061.jpg 1 10 24 61 61
0598_0010_0022_0068_0068.jpg 1 10 22 68 68
0599_0045_0049_0031_0031.jpg 1 45 49 31 31
0600_0033_0027_0058_0058.jpg 1 33 27 58 58
0601_0008_0044_0045_0045.jpg 1 8 44 45 45
0602_0034_0022_0046_0046.jpg 1 34 22 46 46
0603_0023_0039_0046_0046.jpg 1 23 39 46 46
0604_0014_0023_0054_0054.jpg 1 14 23 54 54
0605_0048_0026_0037_0037.jpg 1 48 26 37 37
0606_0011_0021_0036_0036.jpg 1 11 21 36 36
0607_0031_0008_0056_0056.jpg 1 31 8 56 56
0608_0040_0013_0053_0053.jpg 1 40 13 53 53
0609_0051_0032_0040_0040.jpg 1 51 32 40 40
0610_0017_0030_0053_0053.jpg 1 17 30 53 53
0611_0025_0024_0066_0066.jpg 1 25 24 66 66
0612_0043_0029_0032_0032.jpg 1 43 29 32 32
0613_0020_0043_0045_0045.jpg 1 20 43 45 45
0614_0031_0019_0037_0037.jpg 1 31 19 37 37
0615_0022_0017_0049_0049.jpg 1 22 17 49 49
0616_0041_0054_0037_0037.jpg 1 41 54 37 37
0617_0038_0035_0026_0026.jpg 1 38 35 26 26
0618_0020_0026_0052_0052.jpg 1 20 26 52 52
0619_0027_0010_0045_0045.jpg 1 27 10 45 45
0620_0027_0020_0066_0066.jpg 1 27 20 66 66
0621_0013_0007_0068_0068.jpg 1 13 7 68 68
0622_0030_0010_0032_0032.jpg 1 30 10 32 32
0623_0041_0026_0035_0035.jpg 1 41 26 35 35
0624_0021_0022_0068_0068.jpg 1 21 22 68 68
0625_0022_0034_0031_0031.jpg 1 22 34 31 31
0626_0051_0022_0040_0040.jpg 1 51 22 40 40
0627_0040_0006_0055_0055.jpg 1 40 6 55 55
0628_0047_0015_0037_0037.jpg 1 47 15 37 37
0629_0015_0048_0030_0030.jpg 1 15 48 30 30
0630_0027_0049_0025_0025.jpg 1 27 49 25 25
0631_0006_0027_0048_0048.jpg 1 6 27 48 48
0632_0022_0020_0029_0029.jpg 1 22 20 29 29
0633_0016_0024_0056_0056.jpg 1 16 24 56 56
0634_0015_0038_0044_0044.jpg 1 15 38 44 44
0635_0032_0007_0037_0037.jpg 1 32 7 37 37
0636_0032_0009_0037_0037.jpg 1 32 9 37 37
0637_0015_0043_0045_0045.jpg 1 15 43 45 45
0638_0024_0031_0064_0064.jpg 1 24 31 64 64
0639_0033_0041_0032_0032.jpg 1 33 41 32 32
0640_0029_0034_0029_0029.jpg 1 29 34 29 29
0641_0027_0007_0047_0047.jpg 1 27 7 47 47
0642_0008_0028_0061_0061.jpg 1 8 28 61 61
0643_0008_0022_0055_0055.jpg 1 8 22 55 55
0644_0040_0007_0037_0037.jpg 1 40 7 37 37
0645_0032_0017_0044_0044.jpg 1 32 17 44 44
0646_0057_0022_0032_0032.jpg 1 57 22 32 32
0647_0065_0045_0025_0025.jpg 1 65 45 25 25
0648_0033_0052_0037_0037.jpg 1 33 52 37 37
0649_0011_0017_0069_0069.jpg 1 11 17 69 69
0650_0017_0010_0058_0058.jpg 1 17 10 58 58
0651_0032_0021_0043_0043.jpg 1 32 21 43 43
0652_0014_0020_0063_0063.jpg 1 14 20 63 63
0653_0030_0048_0027_0027.jpg 1 30 48 27 27
0654_0007_0052_0033_0033.jpg 1 7 52 33 33
0655_0020_0017_0059_0059.jpg 1 20 17 59 59
0656_0015_0036_0028_0028.jpg 1 15 36 28 28
0657_0011_0049_0044_0044.jpg 1 11 49 44 44
0658_0012_0024_0043_0043.jpg 1 12 24 43 43
0659_0028_0036_0048_0048.jpg 1 28 36 48 48
0660_0042_0015_0037_0037.jpg 1 42 15 37 37
0661_0023_0043_0027_0027.jpg 1 23 43 27 27
0662_0028_0021_0056_0056.jpg 1 28 21 56 56
0663_0006_0005_0050_0050.jpg 1 6 5 50 50
0664_0031_0032_0040_0040.jpg 1 31 32 40 40
0665_0008_0010_0068_0068.jpg 1 8 10 68 68
0666_0008_0013_0064_0064.jpg 1 8 13 64 64
0667_0018_0026_0062_0062.jpg 1 18 26 62 62
0668_0041_0057_0030_0030.jpg 1 41 57 30 30
0669_0021_0014_0044_0044.jpg 1 21 14 44 44
0670_0005_0035_0054_0054.jpg 1 5 35 54 54
0671_0030_0024_0061_0061.jpg 1 30 24 61 61
0672_0012_0058_0029_0029.jpg 1 12 58 29 29
0673_0014_0012_0050_0050.jpg 1 14 12 50 50
0674_0034_0005_0054_0054.jpg 1 34 5 54 54
0675_0017_0031_0063_0063.jpg 1 17 31 63 63
0676_0033_0023_0043_0043.jpg 1 33 23 43 43
0677_0018_0006_0059_0059.jpg 1 18 6 59 59
0678_0021_0033_0061_0061.jpg 1 21 33 61 61
0679_0037_0013_0043_0043.jpg 1 37 13 43 43
0680_0043_0013_0039_0039.jpg 1 43 13 39 39
0681_0015_0040_0047_0047.jpg 1 15 40 47 47
0682_0037_0023_0050_0050.jpg 1 37 23 50 50
0683_0005_0026_0066_0066.jpg 1 5 26 66 66
0684_0037_0054_0026_0026.jpg 1 37 54 26 26
0685_0021_0055_0037_0037.jpg 1 21 55 37 37
0686_0019_0031_0044_0044.jpg 1 19 31 44 44
0687_0016_0027_0064_0064.jpg 1 16 27 64 64
0688_0025_0049_0036_0036.jpg 1 25 49 36 36
0689_0058_0035_0030_0030.jpg 1 58 35 30 30
0690_0031_0049_0030_0030.jpg 1 31 49 30 30
0691_0013_0047_0029_0029.jpg 1 13 47 29 29
0692_0034_0033_0055_0055.jpg 1 34 33 55 55
0693_0017_0035_0056_0056.jpg 1 17 35 56 56
0694_0039_0031_0025_0025.jpg 1 39 31 25 25
0695_0008_0012_0063_0063.jpg 1 8 12 63 63
0696_0015_0019_0052_0052.jpg 1 15 19 52 52
0697_0012_0030_0053_0053.jpg 1 12 30 53 53
0698_0025_0023_0063_0063.jpg 1 25 23 63 63
0699_0035_0057_0028_0028.jpg 1 35 57 28 28
0700_0030_0005_0066_0066.jpg 1 30 5 66 66
0701_0010_0033_0057_0057.jpg 1 10 33 57 57
0702_0023_0007_0052_0052.jpg 1 23 7 52 52
0703_0009_0011_0054_0054.jpg 1 9 11 54 54
0704_0014_0008_0033_0033.jpg 1 14 8 33 33
0705_0027_0037_0045_0045.jpg 1 27 37 45 45
0706_0049_0008_0043_0043.jpg 1 49 8 43 43
0707_0007_0022_0061_0061.jpg 1 7 22 61 61
0708_0038_0042_0037_0037.jpg 1 38 42 37 37
0709_0058_0022_0025_0025.jpg 1 58 22 25 25
0710_0012_0017_0051_0051.jpg 1 12 17 51 51
0711_0023_0034_0055_0055.jpg 1 23 34 55 55
0712_0006_0038_0051_0051.jpg 1 6 38 51 51
0713_0016_0031_0061_0061.jpg 1 16 31 61 61
0714_0025_0029_0043_0043.jpg 1 25 29 43 43
0715_0007_0045_0027_0027.jpg 1 7 45 27 27
0716_0052_0035_0029_0029.jpg 1 52 35 29 29
0717_0034_0027_0032_0032.jpg 1 34 27 32 32
0718_0009_0032_0041_0041.jpg 1 9 32 41 41
0719_0013_0019_0062_0062.jpg 1 13 19 62 62
0720_0035_0051_0041_0041.jpg 1 35 51 41 41
0721_0040_0025_0026_0026.jpg 1 40 25 26 26
0722_0049_0016_0034_0034.jpg 1 49 16 34 34
0723_0058_0012_0024_0024.jpg 1 58 12 24 24
0724_0005_0024_0055_0055.jpg 1 5 24 55 55
0725_0023_0017_0041_0041.jpg 1 23 17 41 41
0726_0038_0038_0029_0029.jpg 1 38 38 29 29
0727_0004_0009_0058_0058.jpg 1 4 9 58 58
0728_0031_0036_0044_0044.jpg 1 31 36 44 44
0729_0027_0015_0054_0054.jpg 1 27 15 54 54
0730_0030_0013_0053_0053.jpg 1 30 13 53 53
0731_0033_0034_0045_0045.jpg 1 33 34 45 45
0732_0039_0014_0041_0041.jpg 1 39 14 41 41
0733_0033_0041_0044_0044.jpg 1 33 41 44 44
0734_0015_0026_0067_0067.jpg 1 15 26 67 67
0735_0026_0025_0064_0064.jpg 1 26 25 64 64
0736_0046_0039_0041_0041.jpg 1 46 39 41 41
0737_0012_0027_0035_0035.jpg 1 12 27 35 35
0738_0028_0047_0029_0029.jpg 1 28 47 29 29
0739_0004_0021_0061_0061.jpg 1 4 21 61 61
0740_0007_0010_0041_0041.jpg 1 7 10 41 41
0741_0044_0027_0043_0043.jpg 1 44 27 43 43
0742_0048_0029_0030_0030.jpg 1 48 29 30 30
0743_0030_0026_0064_0064.jpg 1 30 26 64 64
0744_0025_0011_0066_0066.jpg 1 25 11 66 66
0745_0040_0029_0030_0030.jpg 1 40 29 30 30
0746_0015_0011_0068_0068.jpg 1 15 11 68 68
0747_0013_0035_0029_0029.jpg 1 13 35 29 29
0748_0048_0017_0040_0040.jpg 1 48 17 40 40
0749_0029_0056_0025_0025.jpg 1 29 56 25 25
0750_0013_0005_0065_0065.jpg 1 13 5 65 65
0751_0022_0017_0065_0065.jpg 1 22 17 65 65
0752_0011_0028_0033_0033.jpg 1 11 28 33 33
0753_0011_0037_0049_0049.jpg 1 11 37 49 49
0754_0047_0031_0031_0031.jpg 1 47 31 31 31
0755_0013_0011_0061_0061.jpg 1 13 11 61 61
0756_0016_0006_0060_0060.jpg 1 16 6 60 60
0757_0050_0019_0032_0032.jpg 1 50 19 32 32
0758_0026_0051_0040_0040.jpg 1 26 51 40 40
0759_0010_0013_0055_0055.jpg 1 10 13 55 55
0760_0012_0019_0065_0065.jpg 1 12 19 65 65
0761_0026_0021_0060_0060.jpg 1 26 21 60 60
0762_0027_0007_0042_0042.jpg 1 27 7 42 42
0763_0029_0033_0047_0047.jpg 1 29 33 47 47
0764_0054_0031_0038_0038.jpg 1 54 31 38 38
0765_0023_0025_0065_0065.jpg 1 23 25 65 65
0766_0029_0053_0033_0033.jpg 1 29 53 33 33
0767_0028_0015_0052_0052.jpg 1 28 15 52 52
0768_0052_0037_0039_0039.jpg 1 52 37 39 39
0769_0017_0019_0061_0061.jpg 1 17 19 61 61
0770_0006_0044_0050_0050.jpg 1 6 44 50 50
0771_0019_0032_0047_0047.jpg 1 19 32 47 47
0772_0046_0010_0038_0038.jpg 1 46 10 38 38
0773_0057_0033_0025_0025.jpg 1 57 33 25 25
0774_0021_0036_0059_0059.jpg 1 21 36 59 59
0775_0025_0022_0049_0049.jpg 1 25 22 49 49
0776_0022_0005_0066_0066.jpg 1 22 5 66 66
0777_0009_0019_0038_0038.jpg 1 9 19 38 38
0778_0011_0029_0053_0053.jpg 1 11 29 53 53
0779_0037_0030_0055_0055.jpg 1 37 30 55 55
0780_0008_0014_0064_0064.jpg 1 8 14 64 64
0781_0037_0020_0041_0041.jpg 1 37 20 41 41
0782_0023_0037_0053_0053.jpg 1 23 37 53 53
0783_0013_0033_0043_0043.jpg 1 13 33 43 43
0784_0021_0024_0069_0069.jpg 1 21 24 69 69
0785_0019_0015_0069_0069.jpg 1 19 15 69 69
0786_0012_0018_0056_0056.jpg 1 12 18 56 56
0787_0031_0009_0054_0054.jpg 1 31 9 54 54
0788_0022_0044_0048_0048.jpg 1 22 44 48 48
0789_0048_0035_0039_0039.jpg 1 48 35 39 39
0790_0010_0029_0061_0061.jpg 1 10 29 61 61
0791_0017_0029_0067_0067.jpg 1 17 29 67 67
0792_0006_0024_0052_0052.jpg 1 6 24 52 52
0793_0009_0045_0037_0037.jpg 1 9 45 37 37
0794_0027_0032_0038_0038.jpg 1 27 32 38 38
0795_0048_0040_0033_0033.jpg 1 48 40 33 33
0796_0015_0031_0046_0046.jpg 1 15 31 46 46
0797_0031_0015_0062_0062.jpg 1 31 15 62 62
0798_0023_0010_0064_0064.jpg 1 23 10 64 64
0799_0009_0022_0062_0062.jpg 1 9 22 62 62
0800_0017_0023_0035_0035.jpg 1 17 23 35 35
0801_0021_0043_0052_0052.jpg 1 21 43 52 52
0802_0041_0011_0045_0045.jpg 1 41 11 45 45
0803_0027_0036_0037_0037.jpg 1 27 36 37 37
0804_0026_0029_0061_0061.jpg 1 26 29 61 61
0805_0037_0025_0056_0056.jpg 1 37 25 56 56
0806_0040_0027_0037_0037.jpg 1 40 27 37 37
0807_0005_0009_0057_0057.jpg 1 5 9 57 57
0808_0016_0021_0069_0069.jpg 1 16 21 69 69
0809_0019_0016_0064_0064.jpg 1 19 16 64 64
0810_0062_0025_0026_0026.jpg 1 62 25 26 26
0811_0044_0010_0042_0042.jpg 1 44 10 42 42
0812_0048_0025_0039_0039.jpg 1 48 25 39 39
0813_0015_0023_0065_0065.jpg 1 15 23 65 65
0814_0019_0013_0055_0055.jpg 1 19 13 55 55
0815_0029_0051_0027_0027.jpg 1 29 51 27 27
0816_0017_0042_0045_0045.jpg 1 17 42 45 45
0817_0030_0040_0050_0050.jpg 1 30 40 50 50
0818_0033_0050_0036_0036.jpg 1 33 50 36 36
0819_0041_0030_0035_0035.jpg 1 41 30 35 35
0820_0005_0027_0055_0055.jpg 1 5 27 55 55
0821_0039_0026_0029_0029.jpg 1 39 26 29 29
0822_0015_0007_0043_0043.jpg 1 15 7 43 43
0823_0031_0047_0034_0034.jpg 1 31 47 34 34
0824_0034_0013_0050_0050.jpg 1 34 13 50 50
0825_0046_0055_0037_0037.jpg 1 46 55 37 37
0826_0013_0026_0042_0042.jpg 1 13 26 42 42
0827_0027_0018_0050_0050.jpg 1 27 18 50 50
0828_0008_0015_0030_0030.jpg 1 8 15 30 30
0829_0014_0017_0044_0044.jpg 1 14 17 44 44
0830_0042_0055_0030_0030.jpg 1 42 55 30 30
0831_0043_0024_0050_0050.jpg 1 43 24 50 50
0832_0060_0045_0026_0026.jpg 1 60 45 26 26
0833_0018_0034_0054_0054.jpg 1 18 34 54 54
0834_0013_0022_0052_0052.jpg 1 13 22 52 52
0835_0016_0025_0060_0060.jpg 1 16 25 60 60
0836_0010_0013_0063_0063.jpg 1 10 13 63 63
0837_0040_0043_0035_0035.jpg 1 40 43 35 35
0838_0022_0007_0051_0051.jpg 1 22 7 51 51
0839_0014_0018_0054_0054.jpg 1 14 18 54 54
0840_0065_0033_0027_0027.jpg 1 65 33 27 27
0841_0047_0026_0042_0042.jpg 1 47 26 42 42
0842_0042_0049_0042_0042.jpg 1 42 49 42 42
0843_0018_0056_0035_0035.jpg 1 18 56 35 35
0844_0008_0036_0037_0037.jpg 1 8 36 37 37
0845_0029_0005_0045_0045.jpg 1 29 5 45 45
0846_0008_0011_0067_0067.jpg 1 8 11 67 67
0847_0007_0006_0036_0036.jpg 1 7 6 36 36
0848_0010_0004_0064_0064.jpg 1 10 4 64 64
0849_0046_0021_0048_0048.jpg 1 46 21 48 48
0850_0011_0032_0034_0034.jpg 1 11 32 34 34
0851_0015_0013_0052_0052.jpg 1 15 13 52 52
0852_0011_0025_0058_0058.jpg 1 11 25 58 58
0853_0018_0027_0035_0035.jpg 1 18 27 35 35
0854_0027_0026_0069_0069.jpg 1 27 26 69 69
0855_0007_0015_0063_0063.jpg 1 7 15 63 63
0856_0020_0024_0067_0067.jpg 1 20 24 67 67
0857_0017_0025_0067_0067.jpg 1 17 25 67 67
0858_0013_0016_0063_0063.jpg 1 13 16 63 63
0859_0019_0028_0066_0066.jpg 1 19 28 66 66
0860_0010_0008_0068_0068.jpg 1 10 8 68 68
0861_0008_0015_0062_0062.jpg 1 8 15 62 62
0862_0027_0021_0068_0068.jpg 1 27 21 68 68
0863_0030_0008_0063_0063.jpg 1 30 8 63 63
0864_0034_0021_0042_0042.jpg 1 34 21 42 42
0865_0027_0057_0025_0025.jpg 1 27 57 25 25
0866_0032_0010_0027_0027.jpg 1 32 10 27 27
0867_0011_0042_0047_0047.jpg 1 11 42 47 47
0868_0013_0038_0042_0042.jpg 1 13 38 42 42
0869_0031_0045_0037_0037.jpg 1 31 45 37 37
0870_0029_0033_0055_0055.jpg 1 29 33 55 55
0871_0038_0023_0054_0054.jpg 1 38 23 54 54
0872_0021_0039_0032_0032.jpg 1 21 39 32 32
0873_0035_0014_0044_0044.jpg 1 35 14 44 44
0874_0015_0015_0067_0067.jpg 1 15 15 67 67
0875_0038_0053_0025_0025.jpg 1 38 53 25 25
0876_0028_0037_0028_0028.jpg 1 28 37 28 28
0877_0029_0029_0042_0042.jpg 1 29 29 42 42
0878_0008_0032_0062_0062.jpg 1 8 32 62 62
0879_0025_0038_0046_0046.jpg 1 25 38 46 46
0880_0032_0045_0044_0044.jpg 1 32 45 44 44
0881_0011_0049_0040_0040.jpg 1 11 49 40 40
0882_0018_0011_0044_0044.jpg 1 18 11 44 44
0883_0035_0030_0042_0042.jpg 1 35 30 42 42
0884_0021_0041_0048_0048.jpg 1 21 41 48 48
0885_0038_0049_0032_0032.jpg 1 38 49 32 32
0886_0020_0009_0039_0039.jpg 1 20 9 39 39
0887_0013_0027_0063_0063.jpg 1 13 27 63 63
0888_0007_0047_0026_0026.jpg 1 7 47 26 26
0889_0013_0030_0046_0046.jpg 1 13 30 46 46
0890_0014_0014_0066_0066.jpg 1 14 14 66 66
0891_0026_0020_0042_0042.jpg 1 26 20 42 42
0892_0020_0041_0041_0041.jpg 1 20 41 41 41
0893_0031_0017_0055_0055.jpg 1 31 17 55 55
0894_0010_0006_0034_0034.jpg 1 10 6 34 34
0895_0059_0052_0030_0030.jpg 1 59 52 30 30
0896_0034_0041_0028_0028.jpg 1 34 41 28 28
0897_0056_0022_0030_0030.jpg 1 56 22 30 30
0898_0033_0033_0060_0060.jpg 1 33 33 60 60
0899_0035_0015_0029_0029.jpg 1 35 15 29 29
0900_0036_0043_0048_0048.jpg 1 36 43 48 48
0901_0025_0026_0054_0054.jpg 1 25 26 54 54
0902_0029_0037_0037_0037.jpg 1 29 37 37 37
0903_0030_0021_0061_0061.jpg 1 30 21 61 61
0904_0055_0048_0037_0037.jpg 1 55 48 37 37
0905_0004_0011_0056_0056.jpg 1 4 11 56 56
0906_0054_0064_0026_0026.jpg 1 54 64 26 26
0907_0021_0011_0050_0050.jpg 1 21 11 50 50
0908_0014_0005_0061_0061.jpg 1 14 5 61 61
0909_0032_0010_0063_0063.jpg 1 32 10 63 63
0910_0031_0056_0035_0035.jpg 1 31 56 35 35
0911_0018_0023_0057_0057.jpg 1 18 23 57 57
0912_0007_0023_0054_0054.jpg 1 7 23 54 54
0913_0006_0004_0058_0058.jpg 1 6 4 58 58
0914_0010_0010_0025_0025.jpg 1 10 10 25 25
0915_0066_0012_0024_0024.jpg 1 66 12 24 24
0916_0029_0035_0028_0028.jpg 1 29 35 28 28
0917_0019_0037_0050_0050.jpg 1 19 37 50 50
0918_0016_0060_0028_0028.jpg 1 16 60 28 28
0919_0022_0026_0046_0046.jpg 1 22 26 46 46
0920_0011_0024_0069_0069.jpg 1 11 24 69 69
0921_0014_0053_0035_0035.jpg 1 14 53 35 35
0922_0039_0046_0033_0033.jpg 1 39 46 33 33
0923_0030_0033_0031_0031.jpg 1 30 33 31 31
0924_0027_0064_0028_0028.jpg 1 27 64 28 28
0925_0059_0062_0030_0030.jpg 1 59 62 30 30
0926_0003_0019_0069_0069.jpg 1 3 19 69 69
0927_0011_0052_0042_0042.jpg 1 11 52 42 42
0928_0008_0009_0062_0062.jpg 1 8 9 62 62
0929_0003_0018_0064_0064.jpg 1 3 18 64 64
0930_0006_0004_0068_0068.jpg 1 6 4 68 68
0931_0006_0030_0062_0062.jpg 1 6 30 62 62
0932_0036_0008_0045_0045.jpg 1 36 8 45 45
0933_0027_0039_0042_0042.jpg 1 27 39 42 42
0934_0037_0016_0043_0043.jpg 1 37 16 43 43
0935_0035_0037_0043_0043.jpg 1 35 37 43 43
0936_0024_0031_0047_0047.jpg 1 24 31 47 47
0937_0012_0032_0049_0049.jpg 1 12 32 49 49
0938_0019_0010_0065_0065.jpg 1 19 10 65 65
0939_0016_0047_0030_0030.jpg 1 16 47 30 30
0940_0030_0029_0035_0035.jpg 1 30 29 35 35
0941_0041_0046_0025_0025.jpg 1 41 46 25 25
0942_0020_0019_0047_0047.jpg 1 20 19 47 47
0943_0010_0014_0067_0067.jpg 1 10 14 67 67
0944_0007_0004_0064_0064.jpg 1 7 4 64 64
0945_0018_0039_0044_0044.jpg 1 18 39 44 44
0946_0009_0034_0057_0057.jpg 1 9 34 57 57
0947_0008_0023_0064_0064.jpg 1 8 23 64 64
0948_0016_0018_0025_0025.jpg 1 16 18 25 25
0949_0008_0026_0035_0035.jpg 1 8 26 35 35
0950_0046_0029_0038_0038.jpg 1 46 29 38 38
0951_0050_0052_0034_0034.jpg 1 50 52 34 34
0952_0049_0012_0037_0037.jpg 1 49 12 37 37
0953_0007_0020_0069_0069.jpg 1 7 20 69 69
0954_0027_0031_0051_0051.jpg 1 27 31 51 51
0955_0029_0035_0057_0057.jpg 1 29 35 57 57
0956_0033_0017_0054_0054.jpg 1 33 17 54 54
0957_0005_0018_0048_0048.jpg 1 5 18 48 48
0958_0008_0015_0052_0052.jpg 1 8 15 52 52
0959_0027_0046_0031_0031.jpg 1 27 46 31 31
0960_0018_0007_0065_0065.jpg 1 18 7 65 65
0961_0011_0047_0024_0024.jpg 1 11 47 24 24
0962_0039_0026_0044_0044.jpg 1 39 26 44 44
0963_0024_0022_0068_0068.jpg 1 24 22 68 68
0964_0006_0018_0049_0049.jpg 1 6 18 49 49
0965_0005_0022_0054_0054.jpg 1 5 22 54 54
0966_0018_0047_0046_0046.jpg 1 18 47 46 46
0967_0010_0011_0069_0069.jpg 1 10 11 69 69
0968_0016_0022_0036_0036.jpg 1 16 22 36 36
0969_0039_0033_0050_0050.jpg 1 39 33 50 50
0970_0046_0029_0025_0025.jpg 1 46 29 25 25
0971_0012_0017_0066_0066.jpg 1 12 17 66 66
0972_0008_0046_0030_0030.jpg 1 8 46 30 30
0973_0036_0048_0024_0024.jpg 1 36 48 24 24
0974_0034_0020_0058_0058.jpg 1 34 20 58 58
0975_0014_0025_0030_0030.jpg 1 14 25 30 30
0976_0015_0006_0063_0063.jpg 1 15 6 63 63
0977_0025_0024_0061_0061.jpg 1 25 24 61 61
0978_0058_0027_0032_0032.jpg 1 58 27 32 32
0979_0021_0026_0065_0065.jpg 1 21 26 65 65
0980_0017_0013_0061_0061.jpg 1 17 13 61 61
0981_0025_0022_0058_0058.jpg 1 25 22 58 58
0982_0014_0040_0031_0031.jpg 1 14 40 31 31
0983_0026_0036_0029_0029.jpg 1 26 36 29 29
0984_0030_0014_0066_0066.jpg 1 30 14 66 66
0985_0057_0060_0031_0031.jpg 1 57 60 31 31
0986_0018_0036_0025_0025.jpg 1 18 36 25 25
0987_0029_0022_0033_0033.jpg 1 29 22 33 33
0988_0059_0032_0028_0028.jpg 1 59 32 28 28
0989_0040_0010_0047_0047.jpg 1 40 10 47 47
0990_0066_0010_0026_0026.jpg 1 66 10 26 26
0991_0008_0013_0064_0064.jpg 1 8 13 64 64
0992_0066_0055_0024_0024.jpg 1 66 55 24 24
0993_0039_0014_0049_0049.jpg 1 39 14 49 49
0994_0044_0047_0046_0046.jpg 1 44 47 46 46
0995_0021_0035_0052_0052.jpg 1 21 35 52 52
0996_0008_0025_0062_0062.jpg 1 8 25 62 62
0997_0034_0030_0059_0059.jpg 1 34 30 59 59
0998_0033_0017_0035_0035.jpg 1 33 17 35 35
0999_0015_0011_0059_0059.jpg 1 15 11 59 59
1000_0014_0032_0047_0047.jpg 1 14 32 47 47
1001_0023_0034_0051_0051.jpg 1 23 34 51 51
1002_0010_0004_0067_0067.jpg 1 10 4 67 67
1003_0023_0020_0047_0047.jpg 1 23 20 47 47
1004_0021_0008_0051_0051.jpg 1 21 8 51 51
1005_0033_0041_0043_0043.jpg 1 33 41 43 43
1006_0033_0044_0038_0038.jpg 1 33 44 38 38
1007_0030_0052_0035_0035.jpg 1 30 52 35 35
1008_0030_0024_0057_0057.jpg 1 30 24 57 57
1009_0029_0042_0044_0044.jpg 1 29 42 44 44
1010_0030_0051_0036_0036.jpg 1 30 51 36 36
1011_0040_0047_0030_0030.jpg 1 40 47 30 30
1012_0041_0041_0038_0038.jpg 1 41 41 38 38
1013_0030_0048_0037_0037.jpg 1 30 48 37 37
1014_0014_0020_0069_0069.jpg 1 14 20 69 69
1015_0018_0031_0061_0061.jpg 1 18 31 61 61
1016_0031_0030_0034_0034.jpg 1 31 30 34 34
1017_0026_0008_0063_0063.jpg 1 26 8 63 63
1018_0015_0042_0033_0033.jpg 1 15 42 33 33
1019_0038_0028_0025_0025.jpg 1 38 28 25 25
1020_0011_0033_0037_0037.jpg 1 11 33 37 37
1021_0036_0023_0054_0054.jpg 1 36 23 54 54
1022_0027_0053_0038_0038.jpg 1 27 53 38 38
1023_0005_0031_0048_0048.jpg 1 5 31 48 48
1024_0014_0038_0034_0034.jpg 1 14 38 34 34
1025_0043_0007_0031_0031.jpg 1 43 7 31 31
1026_0012_0014_0054_0054.jpg 1 12 14 54 54
1027_0037_0025_0053_0053.jpg 1 37 25 53 53
1028_0022_0021_0065_0065.jpg 1 22 21 65 65
1029_0031_0032_0039_0039.jpg 1 31 32 39 39
1030_0056_0037_0036_0036.jpg 1 56 37 36 36
1031_0007_0025_0032_0032.jpg 1 7 25 32 32
1032_0019_0015_0059_0059.jpg 1 19 15 59 59
1033_0026_0018_0044_0044.jpg 1 26 18 44 44
1034_0024_0024_0054_0054.jpg 1 24 24 54 54
1035_0033_0014_0028_0028.jpg 1 33 14 28 28
1036_0033_0033_0060_0060.jpg 1 33 33 60 60
1037_0041_0012_0053_0053.jpg 1 41 12 53 53
1038_0035_0021_0051_0051.jpg 1 35 21 51 51
1039_0029_0050_0042_0042.jpg 1 29 50 42 42
1040_0021_0017_0037_0037.jpg 1 21 17 37 37
1041_0054_0018_0033_0033.jpg 1 54 18 33 33
1042_0023_0012_0068_0068.jpg 1 23 12 68 68
1043_0008_0047_0034_0034.jpg 1 8 47 34 34
1044_0011_0030_0063_0063.jpg 1 11 30 63 63
1045_0031_0005_0053_0053.jpg 1 31 5 53 53
1046_0019_0010_0057_0057.jpg 1 19 10 57 57
1047_0021_0026_0062_0062.jpg 1 21 26 62 62
1048_0012_0022_0069_0069.jpg 1 12 22 69 69
1049_0029_0006_0061_0061.jpg 1 29 6 61 61
1050_0049_0041_0041_0041.jpg 1 49 41 41 41
1051_0027_0009_0061_0061.jpg 1 27 9 61 61
1052_0019_0036_0033_0033.jpg 1 19 36 33 33
1053_0008_0004_0062_0062.jpg 1 8 4 62 62
1054_0033_0011_0036_0036.jpg 1 33 11 36 36
1055_0015_0030_0050_0050.jpg 1 15 30 50 50
1056_0032_0035_0048_0048.jpg 1 32 35 48 48
1057_0034_0041_0042_0042.jpg 1 34 41 42 42
1058_0054_0047_0027_0027.jpg 1 54 47 27 27
1059_0052_0027_0039_0039.jpg 1 52 27 39 39
1060_0011_0051_0037_0037.jpg 1 11 51 37 37
1061_0012_0012_0064_0064.jpg 1 12 12 64 64
1062_0045_0024_0045_0045.jpg 1 45 24 45 45
1063_0017_0032_0059_0059.jpg 1 17 32 59 59
1064_0004_0025_0065_0065.jpg 1 4 25 65 65
1065_0029_0012_0060_0060.jpg 1 29 12 60 60
1066_0006_0035_0036_0036.jpg 1 6 35 36 36
1067_0008_0011_0067_0067.jpg 1 8 11 67 67
1068_0042_0039_0041_0041.jpg 1 42 39 41 41
1069_0026_0023_0037_0037.jpg 1 26 23 37 37
1070_0047_0025_0041_0041.jpg 1 47 25 41 41
1071_0045_0032_0042_0042.jpg 1 45 32 42 42
1072_0029_0015_0039_0039.jpg 1 29 15 39 39
1073_0027_0024_0045_0045.jpg 1 27 24 45 45
1074_0051_0051_0024_0024.jpg 1 51 51 24 24
1075_0026_0011_0068_0068.jpg 1 26 11 68 68
1076_0005_0013_0053_0053.jpg 1 5 13 53 53
1077_0055_0014_0033_0033.jpg 1 55 14 33 33
1078_0041_0039_0053_0053.jpg 1 41 39 53 53
1079_0039_0010_0048_0048.jpg 1 39 10 48 48
1080_0037_0040_0029_0029.jpg 1 37 40 29 29
1081_0025_0023_0033_0033.jpg 1 25 23 33 33
1082_0031_0016_0046_0046.jpg 1 31 16 46 46
1083_0009_0010_0065_0065.jpg 1 9 10 65 65
1084_0033_0006_0046_0046.jpg 1 33 6 46 46
1085_0009_0042_0038_0038.jpg 1 9 42 38 38
1086_0036_0040_0053_0053.jpg 1 36 40 53 53
1087_0005_0006_0045_0045.jpg 1 5 6 45 45
1088_0047_0030_0029_0029.jpg 1 47 30 29 29
1089_0019_0003_0069_0069.jpg 1 19 3 69 69
1090_0023_0035_0048_0048.jpg 1 23 35 48 48
1091_0023_0061_0024_0024.jpg 1 23 61 24 24
1092_0021_0042_0044_0044.jpg 1 21 42 44 44
1093_0018_0034_0061_0061.jpg 1 18 34 61 61
1094_0029_0010_0051_0051.jpg 1 29 10 51 51
1095_0043_0034_0043_0043.jpg 1 43 34 43 43
1096_0051_0046_0033_0033.jpg 1 51 46 33 33
1097_0025_0051_0041_0041.jpg 1 25 51 41 41
1098_0023_0028_0037_0037.jpg 1 23 28 37 37
1099_0018_0005_0055_0055.jpg 1 18 5 55 55
1100_0028_0026_0066_0066.jpg 1 28 26 66 66
1101_0008_0022_0058_0058.jpg 1 8 22 58 58
1102_0046_0006_0036_0036.jpg 1 46 6 36 36
1103_0010_0012_0064_0064.jpg 1 10 12 64 64
1104_0017_0048_0037_0037.jpg 1 17 48 37 37
1105_0033_0052_0035_0035.jpg 1 33 52 35 35
1106_0028_0019_0042_0042.jpg 1 28 19 42 42
1107_0015_0033_0025_0025.jpg 1 15 33 25 25
1108_0015_0010_0059_0059.jpg 1 15 10 59 59
1109_0021_0034_0032_0032.jpg 1 21 34 32 32
1110_0042_0037_0040_0040.jpg 1 42 37 40 40
1111_0029_0028_0046_0046.jpg 1 29 28 46 46
1112_0020_0036_0054_0054.jpg 1 20 36 54 54
1113_0042_0012_0031_0031.jpg 1 42 12 31 31
1114_0019_0017_0058_0058.jpg 1 19 17 58 58
1115_0038_0026_0035_0035.jpg 1 38 26 35 35
1116_0024_0023_0049_0049.jpg 1 24 23 49 49
1117_0017_0034_0057_0057.jpg 1 17 34 57 57
1118_0034_0032_0060_0060.jpg 1 34 32 60 60
1119_0024_0021_0064_0064.jpg 1 24 21 64 64
1120_0025_0033_0029_0029.jpg 1 25 33 29 29
1121_0024_0004_0066_0066.jpg 1 24 4 66 66
1122_0021_0004_0063_0063.jpg 1 21 4 63 63
1123_0020_0054_0034_0034.jpg 1 20 54 34 34
1124_0014_0012_0028_0028.jpg 1 14 12 28 28
1125_0016_0006_0068_0068.jpg 1 16 6 68 68
1126_0009_0037_0034_0034.jpg 1 9 37 34 34
1127_0019_0024_0068_0068.jpg 1 19 24 68 68
1128_0055_0031_0032_0032.jpg 1 55 31 32 32
1129_0014_0030_0056_0056.jpg 1 14 30 56 56
1130_0011_0054_0034_0034.jpg 1 11 54 34 34
1131_0046_0029_0046_0046.jpg 1 46 29 46 46
1132_0038_0047_0039_0039.jpg 1 38 47 39 39
1133_0021_0062_0030_0030.jpg 1 21 62 30 30
1134_0023_0025_0060_0060.jpg 1 23 25 60 60
1135_0050_0046_0028_0028.jpg 1 50 46 28 28
1136_0028_0039_0026_0026.jpg 1 28 39 26 26
1137_0023_0024_0060_0060.jpg 1 23 24 60 60
1138_0006_0005_0067_0067.jpg 1 6 5 67 67
1139_0027_0036_0046_0046.jpg 1 27 36 46 46
1140_0027_0035_0029_0029.jpg 1 27 35 29 29
1141_0006_0011_0060_0060.jpg 1 6 11 60 60
1142_0040_0038_0044_0044.jpg 1 40 38 44 44
1143_0033_0020_0029_0029.jpg 1 33 20 29 29
1144_0016_0041_0039_0039.jpg 1 16 41 39 39
1145_0013_0028_0061_0061.jpg 1 13 28 61 61
1146_0015_0007_0066_0066.jpg 1 15 7 66 66
1147_0042_0048_0039_0039.jpg 1 42 48 39 39
1148_0036_0025_0029_0029.jpg 1 36 25 29 29
1149_0004_0019_0067_0067.jpg 1 4 19 67 67
1150_0019_0022_0063_0063.jpg 1 19 22 63 63
1151_0026_0006_0064_0064.jpg 1 26 6 64 64
1152_0036_0037_0051_0051.jpg 1 36 37 51 51
1153_0010_0018_0040_0040.jpg 1 10 18 40 40
1154_0038_0017_0028_0028.jpg 1 38 17 28 28
1155_0039_0061_0030_0030.jpg 1 39 61 30 30
1156_0039_0020_0040_0040.jpg 1 39 20 40 40
1157_0025_0026_0059_0059.jpg 1 25 26 59 59
1158_0007_0009_0057_0057.jpg 1 7 9 57 57
1159_0018_0026_0063_0063.jpg 1 18 26 63 63
1160_0025_0028_0064_0064.jpg 1 25 28 64 64
1161_0007_0021_0059_0059.jpg 1 7 21 59 59
1162_0029_0014_0055_0055.jpg 1 29 14 55 55
1163_0020_0011_0025_0025.jpg 1 20 11 25 25
1164_0013_0004_0067_0067.jpg 1 13 4 67 67
1165_0045_0028_0041_0041.jpg 1 45 28 41 41
1166_0034_0028_0059_0059.jpg 1 34 28 59 59
1167_0013_0017_0068_0068.jpg 1 13 17 68 68
1168_0040_0019_0051_0051.jpg 1 40 19 51 51
1169_0057_0008_0034_0034.jpg 1 57 8 34 34
1170_0017_0043_0042_0042.jpg 1 17 43 42 42
1171_0037_0043_0048_0048.jpg 1 37 43 48 48
1172_0004_0018_0064_0064.jpg 1 4 18 64 64
1173_0055_0052_0028_0028.jpg 1 55 52 28 28
1174_0031_0006_0064_0064.jpg 1 31 6 64 64
1175_0012_0046_0045_0045.jpg 1 12 46 45 45
1176_0010_0021_0042_0042.jpg 1 10 21 42 42
1177_0041_0047_0027_0027.jpg 1 41 47 27 27
1178_0034_0010_0056_0056.jpg 1 34 10 56 56
1179_0044_0007_0043_0043.jpg 1 44 7 43 43
1180_0035_0030_0057_0057.jpg 1 35 30 57 57
1181_0018_0042_0035_0035.jpg 1 18 42 35 35
1182_0053_0032_0026_0026.jpg 1 53 32 26 26
1183_0035_0026_0042_0042.jpg 1 35 26 42 42
1184_0038_0038_0049_0049.jpg 1 38 38 49 49
1185_0016_0026_0035_0035.jpg 1 16 26 35 35
1186_0030_0008_0049_0049.jpg 1 30 8 49 49
1187_0021_0033_0054_0054.jpg 1 21 33 54 54
1188_0048_0010_0042_0042.jpg 1 48 10 42 42
1189_0020_0036_0054_0054.jpg 1 20 36 54 54
1190_0028_0007_0059_0059.jpg 1 28 7 59 59
1191_0020_0004_0064_0064.jpg 1 20 4 64 64
1192_0006_0037_0041_0041.jpg 1 6 37 41 41
1193_0032_0015_0061_0061.jpg 1 32 15 61 61
1194_0043_0035_0030_0030.jpg 1 43 35 30 30
1195_0048_0036_0029_0029.jpg 1 48 36 29 29
1196_0024_0040_0040_0040.jpg 1 24 40 40 40
1197_0044_0045_0045_0045.jpg 1 44 45 45 45
1198_0009_0024_0035_0035.jpg 1 9 24 35 35
1199_0050_0026_0032_0032.jpg 1 50 26 32 32
1200_0053_0052_0038_0038.jpg 1 53 52 38 38
1201_0018_0021_0032_0032.jpg 1 18 21 32 32
1202_0031_0008_0050_0050.jpg 1 31 8 50 50
1203_0031_0037_0053_0053.jpg 1 31 37 53 53
1204_0016_0049_0040_0040.jpg 1 16 49 40 40
1205_0024_0035_0058_0058.jpg 1 24 35 58 58
1206_0025_0004_0062_0062.jpg 1 25 4 62 62
1207_0027_0022_0068_0068.jpg 1 27 22 68 68
1208_0021_0017_0064_0064.jpg 1 21 17 64 64
1209_0007_0014_0064_0064.jpg 1 7 14 64 64
1210_0030_0030_0027_0027.jpg 1 30 30 27 27
1211_0051_0052_0041_0041.jpg 1 51 52 41 41
1212_0033_0007_0044_0044.jpg 1 33 7 44 44
1213_0015_0006_0050_0050.jpg 1 15 6 50 50
1214_0017_0010_0036_0036.jpg 1 17 10 36 36
1215_0007_0031_0061_0061.jpg 1 7 31 61 61
1216_0014_0003_0065_0065.jpg 1 14 3 65 65
1217_0017_0010_0054_0054.jpg 1 17 10 54 54
1218_0021_0046_0028_0028.jpg 1 21 46 28 28
1219_0018_0013_0067_0067.jpg 1 18 13 67 67
1220_0009_0051_0030_0030.jpg 1 9 51 30 30
1221_0020_0034_0056_0056.jpg 1 20 34 56 56
1222_0047_0040_0033_0033.jpg 1 47 40 33 33
1223_0012_0028_0050_0050.jpg 1 12 28 50 50
1224_0057_0017_0024_0024.jpg 1 57 17 24 24
1225_0032_0047_0047_0047.jpg 1 32 47 47 47
1226_0004_0026_0061_0061.jpg 1 4 26 61 61
1227_0043_0011_0033_0033.jpg 1 43 11 33 33
1228_0016_0033_0047_0047.jpg 1 16 33 47 47
1229_0032_0041_0044_0044.jpg 1 32 41 44 44
1230_0019_0026_0038_0038.jpg 1 19 26 38 38
1231_0014_0023_0054_0054.jpg 1 14 23 54 54
1232_0027_0032_0060_0060.jpg 1 27 32 60 60
1233_0005_0034_0046_0046.jpg 1 5 34 46 46
1234_0030_0045_0045_0045.jpg 1 30 45 45 45
1235_0012_0046_0024_0024.jpg 1 12 46 24 24
1236_0009_0026_0031_0031.jpg 1 9 26 31 31
1237_0016_0029_0050_0050.jpg 1 16 29 50 50
1238_0023_0036_0043_0043.jpg 1 23 36 43 43
1239_0029_0034_0043_0043.jpg 1 29 34 43 43
1240_0054_0049_0029_0029.jpg 1 54 49 29 29
1241_0026_0020_0066_0066.jpg 1 26 20 66 66
1242_0059_0031_0029_0029.jpg 1 59 31 29 29
1243_0009_0018_0044_0044.jpg 1 9 18 44 44
1244_0047_0031_0031_0031.jpg 1 47 31 31 31
1245_0038_0039_0042_0042.jpg 1 38 39 42 42
1246_0007_0006_0063_0063.jpg 1 7 6 63 63
1247_0024_0011_0060_0060.jpg 1 24 11 60 60
1248_0040_0018_0048_0048.jpg 1 40 18 48 48
1249_0026_0005_0047_0047.jpg 1 26 5 47 47
1250_0016_0013_0068_0068.jpg 1 16 13 68 68
1251_0033_0025_0041_0041.jpg 1 33 25 41 41
1252_0005_0016_0057_0057.jpg 1 5 16 57 57
1253_0052_0011_0039_0039.jpg 1 52 11 39 39
1254_0036_0028_0050_0050.jpg 1 36 28 50 50
1255_0023_0014_0054_0054.jpg 1 23 14 54 54
1256_0044_0024_0043_0043.jpg 1 44 24 43 43
1257_0017_0054_0037_0037.jpg 1 17 54 37 37
1258_0025_0005_0062_0062.jpg 1 25 5 62 62
1259_0051_0023_0032_0032.jpg 1 51 23 32 32
1260_0012_0021_0068_0068.jpg 1 12 21 68 68
1261_0044_0014_0048_0048.jpg 1 44 14 48 48
1262_0032_0015_0049_0049.jpg 1 32 15 49 49
1263_0008_0030_0056_0056.jpg 1 8 30 56 56
1264_0015_0023_0063_0063.jpg 1 15 23 63 63
1265_0023_0020_0068_0068.jpg 1 23 20 68 68
1266_0030_0048_0036_0036.jpg 1 30 48 36 36
1267_0031_0024_0041_0041.jpg 1 31 24 41 41
1268_0049_0018_0032_0032.jpg 1 49 18 32 32
1269_0020_0018_0040_0040.jpg 1 20 18 40 40
1270_0041_0033_0046_0046.jpg 1 41 33 46 46
1271_0035_0027_0045_0045.jpg 1 35 27 45 45
1272_0016_0009_0069_0069.jpg 1 16 9 69 69
1273_0009_0028_0064_0064.jpg 1 9 28 64 64
1274_0039_0040_0042_0042.jpg 1 39 40 42 42
1275_0005_0034_0046_0046.jpg 1 5 34 46 46
1276_0020_0045_0042_0042.jpg 1 20 45 42 42
1277_0026_0034_0058_0058.jpg 1 26 34 58 58
1278_0013_0056_0031_0031.jpg 1 13 56 31 31
1279_0012_0028_0032_0032.jpg 1 12 28 32 32
1280_0058_0051_0034_0034.jpg 1 58 51 34 34
1281_0061_0042_0032_0032.jpg 1 61 42 32 32
1282_0019_0020_0059_0059.jpg 1 19 20 59 59
1283_0005_0028_0066_0066.jpg 1 5 28 66 66
1284_0011_0015_0035_0035.jpg 1 11 15 35 35
1285_0016_0013_0055_0055.jpg 1 16 13 55 55
1286_0010_0019_0057_0057.jpg 1 10 19 57 57
1287_0033_0024_0056_0056.jpg 1 33 24 56 56
1288_0008_0032_0056_0056.jpg 1 8 32 56 56
1289_0024_0008_0038_0038.jpg 1 24 8 38 38
1290_0009_0052_0030_0030.jpg 1 9 52 30 30
1291_0042_0007_0040_0040.jpg 1 42 7 40 40
1292_0032_0027_0055_0055.jpg 1 32 27 55 55
1293_0011_0011_0031_0031.jpg 1 11 11 31 31
1294_0046_0048_0039_0039.jpg 1 46 48 39 39
1295_0019_0011_0049_0049.jpg 1 19 11 49 49
1296_0043_0041_0051_0051.jpg 1 43 41 51 51
1297_0047_0040_0028_0028.jpg 1 47 40 28 28
1298_0039_0032_0031_0031.jpg 1 39 32 31 31
1299_0041_0049_0037_0037.jpg 1 41 49 37 37
1300_0006_0032_0057_0057.jpg 1 6 32 57 57
1301_0027_0009_0057_0057.jpg 1 27 9 57 57
1302_0012_0013_0059_0059.jpg 1 12 13 59 59
1303_0035_0018_0041_0041.jpg 1 35 18 41 41
1304_0028_0020_0039_0039.jpg 1 28 20 39 39
1305_0030_0006_0061_0061.jpg 1 30 6 61 61
1306_0019_0006_0053_0053.jpg 1 19 6 53 53
1307_0034_0008_0044_0044.jpg 1 34 8 44 44
1308_0018_0022_0069_0069.jpg 1 18 22 69 69
1309_0025_0032_0061_0061.jpg 1 25 32 61 61
1310_0027_0028_0026_0026.jpg 1 27 28 26 26
1311_0025_0017_0066_0066.jpg 1 25 17 66 66
1312_0008_0029_0059_0059.jpg 1 8 29 59 59
1313_0051_0019_0042_0042.jpg 1 51 19 42 42
1314_0058_0024_0034_0034.jpg 1 58 24 34 34
1315_0031_0032_0039_0039.jpg 1 31 32 39 39
1316_0026_0052_0030_0030.jpg 1 26 52 30 30
1317_0017_0014_0039_0039.jpg 1 17 14 39 39
1318_0012_0041_0051_0051.jpg 1 12 41 51 51
1319_0023_0032_0042_0042.jpg 1 23 32 42 42
1320_0048_0049_0040_0040.jpg 1 48 49 40 40
1321_0021_0007_0036_0036.jpg 1 21 7 36 36
1322_0036_0033_0037_0037.jpg 1 36 33 37 37
1323_0019_0014_0036_0036.jpg 1 19 14 36 36
1324_0051_0057_0034_0034.jpg 1 51 57 34 34
1325_0051_0016_0032_0032.jpg 1 51 16 32 32
1326_0018_0013_0067_0067.jpg 1 18 13 67 67
1327_0016_0039_0040_0040.jpg 1 16 39 40 40
1328_0017_0026_0068_0068.jpg 1 17 26 68 68
1329_0025_0011_0058_0058.jpg 1 25 11 58 58
1330_0040_0047_0041_0041.jpg 1 40 47 41 41
1331_0021_0021_0047_0047.jpg 1 21 21 47 47
1332_0026_0013_0045_0045.jpg 1 26 13 45 45
1333_0022_0045_0040_0040.jpg 1 22 45 40 40
1334_0033_0020_0054_0054.jpg 1 33 20 54 54
1335_0023_0013_0040_0040.jpg 1 23 13 40 40
1336_0013_0029_0056_0056.jpg 1 13 29 56 56
1337_0029_0012_0047_0047.jpg 1 29 12 47 47
1338_0034_0044_0034_0034.jpg 1 34 44 34 34
1339_0018_0027_0025_0025.jpg 1 18 27 25 25
1340_0051_0064_0025_0025.jpg 1 51 64 25 25
1341_0042_0028_0051_0051.jpg 1 42 28 51 51
1342_0005_0025_0069_0069.jpg 1 5 25 69 69
1343_0041_0050_0035_0035.jpg 1 41 50 35 35
1344_0009_0016_0055_0055.jpg 1 9 16 55 55
1345_0044_0025_0029_0029.jpg 1 44 25 29 29
1346_0018_0011_0054_0054.jpg 1 18 11 54 54
1347_0046_0055_0029_0029.jpg 1 46 55 29 29
1348_0054_0036_0039_0039.jpg 1 54 36 39 39
1349_0040_0036_0025_0025.jpg 1 40 36 25 25
1350_0014_0018_0043_0043.jpg 1 14 18 43 43
1351_0035_0035_0051_0051.jpg 1 35 35 51 51
1352_0007_0024_0045_0045.jpg 1 7 24 45 45
1353_0028_0027_0028_0028.jpg 1 28 27 28 28
1354_0018_0032_0057_0057.jpg 1 18 32 57 57
1355_0013_0009_0054_0054.jpg 1 13 9 54 54
1356_0046_0049_0036_0036.jpg 1 46 49 36 36
1357_0013_0028_0061_0061.jpg 1 13 28 61 61
1358_0009_0011_0057_0057.jpg 1 9 11 57 57
1359_0054_0053_0035_0035.jpg 1 54 53 35 35
1360_0040_0019_0052_0052.jpg 1 40 19 52 52
1361_0015_0021_0067_0067.jpg 1 15 21 67 67
1362_0015_0008_0032_0032.jpg 1 15 8 32 32
1363_0017_0013_0043_0043.jpg 1 17 13 43 43
1364_0026_0006_0062_0062.jpg 1 26 6 62 62
1365_0021_0014_0068_0068.jpg 1 21 14 68 68
1366_0060_0056_0027_0027.jpg 1 60 56 27 27
1367_0040_0032_0044_0044.jpg 1 40 32 44 44
1368_0034_0034_0058_0058.jpg 1 34 34 58 58
1369_0013_0020_0056_0056.jpg 1 13 20 56 56
1370_0013_0006_0064_0064.jpg 1 13 6 64 64
1371_0029_0013_0067_0067.jpg 1 29 13 67 67
1372_0048_0035_0045_0045.jpg 1 48 35 45 45
1373_0016_0016_0054_0054.jpg 1 16 16 54 54
1374_0016_0038_0049_0049.jpg 1 16 38 49 49
1375_0023_0056_0031_0031.jpg 1 23 56 31 31
1376_0019_0040_0049_0049.jpg 1 19 40 49 49
1377_0024_0032_0041_0041.jpg 1 24 32 41 41
1378_0018_0026_0047_0047.jpg 1 18 26 47 47
1379_0039_0022_0051_0051.jpg 1 39 22 51 51
1380_0018_0031_0046_0046.jpg 1 18 31 46 46
1381_0047_0009_0047_0047.jpg 1 47 9 47 47
1382_0037_0020_0057_0057.jpg 1 37 20 57 57
1383_0008_0021_0050_0050.jpg 1 8 21 50 50
1384_0021_0020_0059_0059.jpg 1 21 20 59 59
1385_0018_0056_0034_0034.jpg 1 18 56 34 34
1386_0049_0015_0036_0036.jpg 1 49 15 36 36
1387_0024_0029_0030_0030.jpg 1 24 29 30 30
1388_0035_0017_0038_0038.jpg 1 35 17 38 38
1389_0034_0013_0031_0031.jpg 1 34 13 31 31
1390_0018_0025_0068_0068.jpg 1 18 25 68 68
1391_0032_0045_0026_0026.jpg 1 32 45 26 26
1392_0028_0043_0047_0047.jpg 1 28 43 47 47
1393_0043_0012_0051_0051.jpg 1 43 12 51 51
1394_0017_0021_0030_0030.jpg 1 17 21 30 30
1395_0042_0024_0028_0028.jpg 1 42 24 28 28
1396_0027_0007_0033_0033.jpg 1 27 7 33 33
1397_0047_0052_0029_0029.jpg 1 47 52 29 29
1398_0025_0007_0066_0066.jpg 1 25 7 66 66
1399_0006_0035_0037_0037.jpg 1 6 35 37 37
1400_0020_0025_0063_0063.jpg 1 20 25 63 63
1401_0044_0052_0027_0027.jpg 1 44 52 27 27
1402_0060_0041_0026_0026.jpg 1 60 41 26 26
1403_0047_0010_0042_0042.jpg 1 47 10 42 42
1404_0012_0019_0040_0040.jpg 1 12 19 40 40
1405_0024_0035_0030_0030.jpg 1 24 35 30 30
1406_0019_0021_0039_0039.jpg 1 19 21 39 39
1407_0020_0026_0055_0055.jpg 1 20 26 55 55
1408_0016_0007_0044_0044.jpg 1 16 7 44 44
1409_0020_0005_0047_0047.jpg 1 20 5 47 47
1410_0047_0019_0026_0026.jpg 1 47 19 26 26
1411_0012_0023_0055_0055.jpg 1 12 23 55 55
1412_0037_0033_0042_0042.jpg 1 37 33 42 42
1413_0032_0016_0025_0025.jpg 1 32 16 25 25
1414_0025_0018_0065_0065.jpg 1 25 18 65 65
1415_0043_0026_0027_0027.jpg 1 43 26 27 27
1416_0059_0008_0028_0028.jpg 1 59 8 28 28
1417_0026_0027_0050_0050.jpg 1 26 27 50 50
1418_0016_0030_0052_0052.jpg 1 16 30 52 52
1419_0016_0008_0066_0066.jpg 1 16 8 66 66
1420_0037_0011_0043_0043.jpg 1 37 11 43 43
1421_0004_0018_0068_0068.jpg 1 4 18 68 68
1422_0019_0029_0058_0058.jpg 1 19 29 58 58
1423_0006_0032_0046_0046.jpg 1 6 32 46 46
1424_0013_0039_0050_0050.jpg 1 13 39 50 50
1425_0044_0013_0041_0041.jpg 1 44 13 41 41
1426_0014_0021_0024_0024.jpg 1 14 21 24 24
1427_0016_0023_0059_0059.jpg 1 16 23 59 59
1428_0008_0026_0033_0033.jpg 1 8 26 33 33
1429_0017_0008_0066_0066.jpg 1 17 8 66 66
1430_0042_0035_0043_0043.jpg 1 42 35 43 43
1431_0012_0048_0038_0038.jpg 1 12 48 38 38
1432_0021_0045_0043_0043.jpg 1 21 45 43 43
1433_0013_0008_0067_0067.jpg 1 13 8 67 67
1434_0018_0054_0024_0024.jpg 1 18 54 24 24
1435_0012_0004_0062_0062.jpg 1 12 4 62 62
1436_0026_0041_0032_0032.jpg 1 26 41 32 32
1437_0034_0042_0048_0048.jpg 1 34 42 48 48
1438_0017_0031_0053_0053.jpg 1 17 31 53 53
1439_0033_0005_0059_0059.jpg 1 33 5 59 59
1440_0010_0024_0025_0025.jpg 1 10 24 25 25
1441_0034_0039_0025_0025.jpg 1 34 39 25 25
1442_0014_0007_0063_0063.jpg 1 14 7 63 63
1443_0020_0015_0032_0032.jpg 1 20 15 32 32
1444_0030_0009_0045_0045.jpg 1 30 9 45 45
1445_0034_0050_0028_0028.jpg 1 34 50 28 28
1446_0047_0046_0028_0028.jpg 1 47 46 28 28
1447_0007_0042_0042_0042.jpg 1 7 42 42 42
1448_0047_0007_0030_0030.jpg 1 47 7 30 30
1449_0045_0045_0033_0033.jpg 1 45 45 33 33
1450_0019_0017_0028_0028.jpg 1 19 17 28 28
1451_0062_0054_0029_0029.jpg 1 62 54 29 29
1452_0043_0034_0040_0040.jpg 1 43 34 40 40
1453_0012_0035_0058_0058.jpg 1 12 35 58 58
1454_0012_0024_0052_0052.jpg 1 12 24 52 52
1455_0024_0054_0036_0036.jpg 1 24 54 36 36
1456_0053_0051_0028_0028.jpg 1 53 51 28 28
1457_0010_0016_0052_0052.jpg 1 10 16 52 52
1458_0038_0056_0028_0028.jpg 1 38 56 28 28
1459_0018_0047_0039_0039.jpg 1 18 47 39 39
1460_0026_0027_0054_0054.jpg 1 26 27 54 54
1461_0039_0013_0033_0033.jpg 1 39 13 33 33
1462_0035_0015_0039_0039.jpg 1 35 15 39 39
1463_0006_0009_0068_0068.jpg 1 6 9 68 68
1464_0038_0007_0049_0049.jpg 1 38 7 49 49
1465_0029_0029_0042_0042.jpg 1 29 29 42 42
1466_0023_0012_0050_0050.jpg 1 23 12 50 50
1467_0029_0040_0040_0040.jpg 1 29 40 40 40
1468_0024_0037_0025_0025.jpg 1 24 37 25 25
1469_0007_0034_0043_0043.jpg 1 7 34 43 43
1470_0026_0020_0062_0062.jpg 1 26 20 62 62
1471_0018_0025_0062_0062.jpg 1 18 25 62 62
1472_0008_0038_0041_0041.jpg 1 8 38 41 41
1473_0042_0035_0051_0051.jpg 1 42 35 51 51
1474_0036_0008_0042_0042.jpg 1 36 8 42 42
1475_0021_0006_0057_0057.jpg 1 21 6 57 57
1476_0031_0020_0063_0063.jpg 1 31 20 63 63
1477_0045_0033_0039_0039.jpg 1 45 33 39 39
1478_0009_0029_0036_0036.jpg 1 9 29 36 36
1479_0028_0014_0060_0060.jpg 1 28 14 60 60
1480_0043_0020_0046_0046.jpg 1 43 20 46 46
1481_0015_0012_0066_0066.jpg 1 15 12 66 66
1482_0024_0023_0053_0053.jpg 1 24 23 53 53
1483_0029_0017_0066_0066.jpg 1 29 17 66 66
1484_0029_0056_0037_0037.jpg 1 29 56 37 37
1485_0043_0048_0031_0031.jpg 1 43 48 31 31
1486_0051_0047_0039_0039.jpg 1 51 47 39 39
1487_0030_0026_0062_0062.jpg 1 30 26 62 62
1488_0024_0015_0069_0069.jpg 1 24 15 69 69
1489_0032_0029_0049_0049.jpg 1 32 29 49 49
1490_0027_0021_0059_0059.jpg 1 27 21 59 59
1491_0025_0003_0067_0067.jpg 1 25 3 67 67
1492_0007_0053_0035_0035.jpg 1 7 53 35 35
1493_0028_0018_0038_0038.jpg 1 28 18 38 38
1494_0021_0006_0068_0068.jpg 1 21 6 68 68
1495_0020_0028_0047_0047.jpg 1 20 28 47 47
1496_0031_0029_0057_0057.jpg 1 31 29 57 57
1497_0020_0028_0041_0041.jpg 1 20 28 41 41
1498_0010_0017_0051_0051.jpg 1 10 17 51 51
1499_0015_0006_0054_0054.jpg 1 15 6 54 54
1500_0063_0038_0027_0027.jpg 1 63 38 27 27
1501_0014_0057_0031_0031.jpg 1 14 57 31 31
1502_0030_0039_0047_0047.jpg 1 30 39 47 47
1503_0027_0041_0050_0050.jpg 1 27 41 50 50
1504_0028_0017_0067_0067.jpg 1 28 17 67 67
1505_0046_0041_0037_0037.jpg 1 46 41 37 37
1506_0023_0006_0060_0060.jpg 1 23 6 60 60
1507_0027_0018_0068_0068.jpg 1 27 18 68 68
1508_0039_0028_0036_0036.jpg 1 39 28 36 36
1509_0017_0035_0040_0040.jpg 1 17 35 40 40
1510_0030_0039_0033_0033.jpg 1 30 39 33 33
1511_0012_0031_0043_0043.jpg 1 12 31 43 43
1512_0024_0041_0037_0037.jpg 1 24 41 37 37
1513_0021_0024_0067_0067.jpg 1 21 24 67 67
1514_0033_0013_0059_0059.jpg 1 33 13 59 59
1515_0024_0016_0060_0060.jpg 1 24 16 60 60
1516_0021_0012_0062_0062.jpg 1 21 12 62 62
1517_0033_0033_0053_0053.jpg 1 33 33 53 53
1518_0028_0012_0068_0068.jpg 1 28 12 68 68
1519_0020_0006_0060_0060.jpg 1 20 6 60 60
1520_0015_0048_0044_0044.jpg 1 15 48 44 44
1521_0020_0030_0057_0057.jpg 1 20 30 57 57
1522_0033_0033_0061_0061.jpg 1 33 33 61 61
1523_0043_0007_0040_0040.jpg 1 43 7 40 40
1524_0006_0036_0055_0055.jpg 1 6 36 55 55
1525_0007_0029_0064_0064.jpg 1 7 29 64 64
1526_0028_0016_0059_0059.jpg 1 28 16 59 59
1527_0030_0011_0039_0039.jpg 1 30 11 39 39
1528_0021_0052_0033_0033.jpg 1 21 52 33 33
1529_0032_0024_0058_0058.jpg 1 32 24 58 58
1530_0011_0018_0065_0065.jpg 1 11 18 65 65
1531_0007_0013_0063_0063.jpg 1 7 13 63 63
1532_0025_0018_0068_0068.jpg 1 25 18 68 68
1533_0025_0010_0062_0062.jpg 1 25 10 62 62
1534_0035_0048_0029_0029.jpg 1 35 48 29 29
1535_0026_0053_0025_0025.jpg 1 26 53 25 25
1536_0033_0015_0031_0031.jpg 1 33 15 31 31
1537_0049_0053_0028_0028.jpg 1 49 53 28 28
1538_0007_0012_0067_0067.jpg 1 7 12 67 67
1539_0054_0029_0038_0038.jpg 1 54 29 38 38
1540_0029_0024_0061_0061.jpg 1 29 24 61 61
1541_0012_0028_0067_0067.jpg 1 12 28 67 67
1542_0007_0026_0052_0052.jpg 1 7 26 52 52
1543_0057_0060_0032_0032.jpg 1 57 60 32 32
1544_0021_0057_0034_0034.jpg 1 21 57 34 34
1545_0022_0031_0061_0061.jpg 1 22 31 61 61
1546_0041_0022_0048_0048.jpg 1 41 22 48 48
1547_0007_0015_0030_0030.jpg 1 7 15 30 30
1548_0026_0041_0046_0046.jpg 1 26 41 46 46
1549_0048_0054_0036_0036.jpg 1 48 54 36 36
1550_0018_0031_0032_0032.jpg 1 18 31 32 32
1551_0040_0008_0044_0044.jpg 1 40 8 44 44
1552_0053_0051_0034_0034.jpg 1 53 51 34 34
1553_0027_0047_0042_0042.jpg 1 27 47 42 42
1554_0037_0024_0025_0025.jpg 1 37 24 25 25
1555_0015_0013_0063_0063.jpg 1 15 13 63 63
1556_0042_0055_0024_0024.jpg 1 42 55 24 24
1557_0020_0040_0042_0042.jpg 1 20 40 42 42
1558_0042_0049_0035_0035.jpg 1 42 49 35 35
1559_0016_0024_0065_0065.jpg 1 16 24 65 65
1560_0008_0017_0060_0060.jpg 1 8 17 60 60
1561_0009_0038_0036_0036.jpg 1 9 38 36 36
1562_0023_0028_0037_0037.jpg 1 23 28 37 37
1563_0037_0032_0039_0039.jpg 1 37 32 39 39
1564_0014_0034_0058_0058.jpg 1 14 34 58 58
1565_0054_0044_0032_0032.jpg 1 54 44 32 32
1566_0040_0049_0026_0026.jpg 1 40 49 26 26
1567_0041_0005_0053_0053.jpg 1 41 5 53 53
1568_0018_0012_0039_0039.jpg 1 18 12 39 39
1569_0005_0018_0053_0053.jpg 1 5 18 53 53
1570_0009_0007_0051_0051.jpg 1 9 7 51 51
1571_0003_0024_0067_0067.jpg 1 3 24 67 67
1572_0015_0034_0056_0056.jpg 1 15 34 56 56
1573_0004_0027_0065_0065.jpg 1 4 27 65 65
1574_0012_0016_0039_0039.jpg 1 12 16 39 39
1575_0022_0013_0039_0039.jpg 1 22 13 39 39
1576_0018_0020_0066_0066.jpg 1 18 20 66 66
1577_0030_0011_0065_0065.jpg 1 30 11 65 65
1578_0036_0050_0030_0030.jpg 1 36 50 30 30
1579_0029_0016_0043_0043.jpg 1 29 16 43 43
1580_0015_0021_0062_0062.jpg 1 15 21 62 62
1581_0019_0024_0067_0067.jpg 1 19 24 67 67
1582_0004_0014_0067_0067.jpg 1 4 14 67 67
1583_0008_0026_0029_0029.jpg 1 8 26 29 29
1584_0019_0017_0038_0038.jpg 1 19 17 38 38
1585_0028_0029_0065_0065.jpg 1 28 29 65 65
1586_0011_0028_0051_0051.jpg 1 11 28 51 51
1587_0011_0004_0057_0057.jpg 1 11 4 57 57
1588_0018_0034_0049_0049.jpg 1 18 34 49 49
1589_0030_0024_0065_0065.jpg 1 30 24 65 65
1590_0027_0023_0069_0069.jpg 1 27 23 69 69
1591_0044_0022_0048_0048.jpg 1 44 22 48 48
1592_0042_0038_0042_0042.jpg 1 42 38 42 42
1593_0038_0034_0056_0056.jpg 1 38 34 56 56
1594_0033_0004_0062_0062.jpg 1 33 4 62 62
1595_0016_0012_0029_0029.jpg 1 16 12 29 29
1596_0061_0021_0027_0027.jpg 1 61 21 27 27
1597_0028_0014_0064_0064.jpg 1 28 14 64 64
1598_0028_0008_0064_0064.jpg 1 28 8 64 64
1599_0005_0039_0048_0048.jpg 1 5 39 48 48
1600_0024_0013_0051_0051.jpg 1 24 13 51 51
1601_0032_0015_0032_0032.jpg 1 32 15 32 32
1602_0032_0008_0037_0037.jpg 1 32 8 37 37
1603_0046_0015_0029_0029.jpg 1 46 15 29 29
1604_0023_0020_0047_0047.jpg 1 23 20 47 47
1605_0032_0014_0046_0046.jpg 1 32 14 46 46
1606_0042_0034_0049_0049.jpg 1 42 34 49 49
1607_0014_0020_0065_0065.jpg 1 14 20 65 65
1608_0015_0006_0069_0069.jpg 1 15 6 69 69
1609_0038_0038_0044_0044.jpg 1 38 38 44 44
1610_0014_0054_0024_0024.jpg 1 14 54 24 24
1611_0037_0042_0036_0036.jpg 1 37 42 36 36
1612_0061_0030_0030_0030.jpg 1 61 30 30 30
1613_0040_0021_0046_0046.jpg 1 40 21 46 46
1614_0039_0027_0047_0047.jpg 1 39 27 47 47
1615_0011_0015_0054_0054.jpg 1 11 15 54 54
1616_0028_0015_0053_0053.jpg 1 28 15 53 53
1617_0029_0015_0059_0059.jpg 1 29 15 59 59
1618_0028_0021_0068_0068.jpg 1 28 21 68 68
1619_0032_0024_0058_0058.jpg 1 32 24 58 58
1620_0054_0008_0029_0029.jpg 1 54 8 29 29
1621_0012_0023_0046_0046.jpg 1 12 23 46 46
1622_0007_0052_0038_0038.jpg 1 7 52 38 38
1623_0021_0022_0059_0059.jpg 1 21 22 59 59
1624_0047_0012_0037_0037.jpg 1 47 12 37 37
1625_0021_0044_0047_0047.jpg 1 21 44 47 47
1626_0022_0028_0063_0063.jpg 1 22 28 63 63
1627_0027_0026_0066_0066.jpg 1 27 26 66 66
1628_0029_0006_0036_0036.jpg 1 29 6 36 36
1629_0025_0024_0060_0060.jpg 1 25 24 60 60
1630_0027_0014_0029_0029.jpg 1 27 14 29 29
1631_0015_0009_0047_0047.jpg 1 15 9 47 47
1632_0014_0019_0061_0061.jpg 1 14 19 61 61
1633_0043_0040_0049_0049.jpg 1 43 40 49 49
1634_0011_0028_0063_0063.jpg 1 11 28 63 63
1635_0027_0042_0053_0053.jpg 1 27 42 53 53
1636_0007_0007_0066_0066.jpg 1 7 7 66 66
1637_0032_0028_0040_0040.jpg 1 32 28 40 40
1638_0012_0024_0062_0062.jpg 1 12 24 62 62
1639_0036_0050_0031_0031.jpg 1 36 50 31 31
1640_0024_0027_0062_0062.jpg 1 24 27 62 62
1641_0026_0005_0067_0067.jpg 1 26 5 67 67
1642_0038_0023_0055_0055.jpg 1 38 23 55 55
1643_0033_0030_0061_0061.jpg 1 33 30 61 61
1644_0024_0022_0056_0056.jpg 1 24 22 56 56
1645_0038_0023_0035_0035.jpg 1 38 23 35 35
1646_0021_0011_0062_0062.jpg 1 21 11 62 62
1647_0016_0016_0066_0066.jpg 1 16 16 66 66
1648_0043_0036_0047_0047.jpg 1 43 36 47 47
1649_0037_0016_0026_0026.jpg 1 37 16 26 26
1650_0004_0024_0057_0057.jpg 1 4 24 57 57
1651_0006_0024_0065_0065.jpg 1 6 24 65 65
1652_0020_0040_0054_0054.jpg 1 20 40 54 54
1653_0015_0037_0058_0058.jpg 1 15 37 58 58
1654_0021_0018_0069_0069.jpg 1 21 18 69 69
1655_0045_0032_0044_0044.jpg 1 45 32 44 44
1656_0021_0022_0042_0042.jpg 1 21 22 42 42
1657_0008_0017_0052_0052.jpg 1 8 17 52 52
1658_0025_0030_0038_0038.jpg 1 25 30 38 38
1659_0018_0038_0028_0028.jpg 1 18 38 28 28
1660_0023_0037_0039_0039.jpg 1 23 37 39 39
1661_0022_0032_0040_0040.jpg 1 22 32 40 40
1662_0044_0038_0041_0041.jpg 1 44 38 41 41
1663_0009_0029_0045_0045.jpg 1 9 29 45 45
1664_0045_0026_0048_0048.jpg 1 45 26 48 48
1665_0043_0017_0050_0050.jpg 1 43 17 50 50
1666_0033_0027_0032_0032.jpg 1 33 27 32 32
1667_0008_0020_0026_0026.jpg 1 8 20 26 26
1668_0030_0031_0045_0045.jpg 1 30 31 45 45
1669_0014_0064_0024_0024.jpg 1 14 64 24 24
1670_0013_0036_0043_0043.jpg 1 13 36 43 43
1671_0020_0031_0049_0049.jpg 1 20 31 49 49
1672_0016_0053_0031_0031.jpg 1 16 53 31 31
1673_0006_0033_0048_0048.jpg 1 6 33 48 48
1674_0012_0036_0047_0047.jpg 1 12 36 47 47
1675_0021_0004_0069_0069.jpg 1 21 4 69 69
1676_0027_0022_0058_0058.jpg 1 27 22 58 58
1677_0028_0016_0050_0050.jpg 1 28 16 50 50
1678_0015_0011_0065_0065.jpg 1 15 11 65 65
1679_0042_0038_0042_0042.jpg 1 42 38 42 42
1680_0009_0042_0048_0048.jpg 1 9 42 48 48
1681_0003_0014_0069_0069.jpg 1 3 14 69 69
1682_0028_0016_0057_0057.jpg 1 28 16 57 57
1683_0038_0015_0031_0031.jpg 1 38 15 31 31
1684_0021_0057_0027_0027.jpg 1 21 57 27 27
1685_0036_0009_0041_0041.jpg 1 36 9 41 41
1686_0035_0026_0043_0043.jpg 1 35 26 43 43
1687_0038_0030_0038_0038.jpg 1 38 30 38 38
1688_0009_0028_0059_0059.jpg 1 9 28 59 59
1689_0023_0018_0062_0062.jpg 1 23 18 62 62
1690_0033_0008_0055_0055.jpg 1 33 8 55 55
1691_0022_0042_0036_0036.jpg 1 22 42 36 36
1692_0049_0034_0027_0027.jpg 1 49 34 27 27
1693_0024_0007_0058_0058.jpg 1 24 7 58 58
1694_0028_0039_0044_0044.jpg 1 28 39 44 44
1695_0004_0003_0065_0065.jpg 1 4 3 65 65
1696_0008_0023_0036_0036.jpg 1 8 23 36 36
1697_0037_0041_0046_0046.jpg 1 37 41 46 46
1698_0021_0022_0065_0065.jpg 1 21 22 65 65
1699_0045_0023_0032_0032.jpg 1 45 23 32 32
1700_0020_0042_0047_0047.jpg 1 20 42 47 47
1701_0008_0015_0055_0055.jpg 1 8 15 55 55
1702_0045_0013_0025_0025.jpg 1 45 13 25 25
1703_0015_0058_0032_0032.jpg 1 15 58 32 32
1704_0037_0040_0039_0039.jpg 1 37 40 39 39
1705_0034_0043_0045_0045.jpg 1 34 43 45 45
1706_0036_0021_0051_0051.jpg 1 36 21 51 51
1707_0044_0006_0047_0047.jpg 1 44 6 47 47
1708_0037_0038_0044_0044.jpg 1 37 38 44 44
1709_0019_0028_0063_0063.jpg 1 19 28 63 63
1710_0012_0030_0043_0043.jpg 1 12 30 43 43
1711_0015_0034_0060_0060.jpg 1 15 34 60 60
1712_0015_0026_0067_0067.jpg 1 15 26 67 67
1713_0031_0008_0057_0057.jpg 1 31 8 57 57
1714_0024_0034_0061_0061.jpg 1 24 34 61 61
1715_0018_0009_0052_0052.jpg 1 18 9 52 52
1716_0031_0051_0042_0042.jpg 1 31 51 42 42
1717_0029_0004_0054_0054.jpg 1 29 4 54 54
1718_0013_0014_0052_0052.jpg 1 13 14 52 52
1719_0060_0032_0027_0027.jpg 1 60 32 27 27
1720_0011_0020_0069_0069.jpg 1 11 20 69 69
1721_0015_0049_0030_0030.jpg 1 15 49 30 30
1722_0036_0012_0041_0041.jpg 1 36 12 41 41
1723_0024_0025_0045_0045.jpg 1 24 25 45 45
1724_0016_0011_0064_0064.jpg 1 16 11 64 64
1725_0035_0028_0041_0041.jpg 1 35 28 41 41
1726_0041_0018_0045_0045.jpg 1 41 18 45 45
1727_0009_0015_0053_0053.jpg 1 9 15 53 53
1728_0008_0003_0065_0065.jpg 1 8 3 65 65
1729_0025_0010_0065_0065.jpg 1 25 10 65 65
1730_0010_0009_0067_0067.jpg 1 10 9 67 67
1731_0020_0053_0033_0033.jpg 1 20 53 33 33
1732_0029_0014_0040_0040.jpg 1 29 14 40 40
1733_0025_0003_0069_0069.jpg 1 25 3 69 69
1734_0033_0016_0059_0059.jpg 1 33 16 59 59
1735_0054_0053_0039_0039.jpg 1 54 53 39 39
1736_0013_0024_0069_0069.jpg 1 13 24 69 69
1737_0008_0027_0061_0061.jpg 1 8 27 61 61
1738_0007_0011_0028_0028.jpg 1 7 11 28 28
1739_0033_0023_0059_0059.jpg 1 33 23 59 59
1740_0007_0033_0036_0036.jpg 1 7 33 36 36
1741_0048_0013_0042_0042.jpg 1 48 13 42 42
1742_0022_0028_0068_0068.jpg 1 22 28 68 68
1743_0019_0011_0068_0068.jpg 1 19 11 68 68
1744_0038_0014_0027_0027.jpg 1 38 14 27 27
1745_0011_0028_0042_0042.jpg 1 11 28 42 42
1746_0039_0044_0029_0029.jpg 1 39 44 29 29
1747_0011_0011_0062_0062.jpg 1 11 11 62 62
1748_0039_0015_0043_0043.jpg 1 39 15 43 43
1749_0035_0029_0028_0028.jpg 1 35 29 28 28
1750_0029_0019_0049_0049.jpg 1 29 19 49 49
1751_0008_0024_0029_0029.jpg 1 8 24 29 29
1752_0019_0042_0044_0044.jpg 1 19 42 44 44
1753_0048_0040_0026_0026.jpg 1 48 40 26 26
1754_0041_0040_0030_0030.jpg 1 41 40 30 30
1755_0011_0021_0033_0033.jpg 1 11 21 33 33
1756_0036_0021_0029_0029.jpg 1 36 21 29 29
1757_0015_0042_0050_0050.jpg 1 15 42 50 50
1758_0036_0037_0058_0058.jpg 1 36 37 58 58
1759_0040_0020_0045_0045.jpg 1 40 20 45 45
1760_0044_0008_0048_0048.jpg 1 44 8 48 48
1761_0015_0033_0042_0042.jpg 1 15 33 42 42
1762_0021_0005_0065_0065.jpg 1 21 5 65 65
1763_0035_0017_0047_0047.jpg 1 35 17 47 47
1764_0021_0037_0024_0024.jpg 1 21 37 24 24
1765_0012_0050_0036_0036.jpg 1 12 50 36 36
1766_0006_0020_0059_0059.jpg 1 6 20 59 59
1767_0013_0038_0048_0048.jpg 1 13 38 48 48
1768_0021_0048_0033_0033.jpg 1 21 48 33 33
1769_0011_0036_0048_0048.jpg 1 11 36 48 48
1770_0040_0027_0024_0024.jpg 1 40 27 24 24
1771_0006_0009_0046_0046.jpg 1 6 9 46 46
1772_0004_0017_0066_0066.jpg 1 4 17 66 66
1773_0017_0027_0064_0064.jpg 1 17 27 64 64
1774_0017_0018_0066_0066.jpg 1 17 18 66 66
1775_0043_0032_0040_0040.jpg 1 43 32 40 40
1776_0035_0049_0040_0040.jpg 1 35 49 40 40
1777_0027_0005_0044_0044.jpg 1 27 5 44 44
1778_0036_0035_0056_0056.jpg 1 36 35 56 56
1779_0024_0020_0050_0050.jpg 1 24 20 50 50
1780_0013_0024_0062_0062.jpg 1 13 24 62 62
1781_0040_0013_0038_0038.jpg 1 40 13 38 38
1782_0014_0009_0051_0051.jpg 1 14 9 51 51
1783_0015_0023_0062_0062.jpg 1 15 23 62 62
1784_0019_0040_0027_0027.jpg 1 19 40 27 27
1785_0025_0020_0068_0068.jpg 1 25 20 68 68
1786_0009_0010_0034_0034.jpg 1 9 10 34 34
1787_0037_0037_0035_0035.jpg 1 37 37 35 35
1788_0048_0035_0033_0033.jpg 1 48 35 33 33
1789_0017_0043_0048_0048.jpg 1 17 43 48 48
1790_0031_0018_0046_0046.jpg 1 31 18 46 46
1791_0008_0040_0052_0052.jpg 1 8 40 52 52
1792_0022_0021_0065_0065.jpg 1 22 21 65 65
1793_0018_0050_0042_0042.jpg 1 18 50 42 42
1794_0021_0024_0054_0054.jpg 1 21 24 54 54
1795_0022_0024_0066_0066.jpg 1 22 24 66 66
1796_0027_0055_0030_0030.jpg 1 27 55 30 30
1797_0063_0051_0029_0029.jpg 1 63 51 29 29
1798_0066_0042_0024_0024.jpg 1 66 42 24 24
1799_0041_0017_0031_0031.jpg 1 41 17 31 31
1800_0015_0048_0030_0030.jpg 1 15 48 30 30
1801_0040_0018_0042_0042.jpg 1 40 18 42 42
1802_0025_0011_0053_0053.jpg 1 25 11 53 53
1803_0019_0052_0028_0028.jpg 1 19 52 28 28
1804_0015_0030_0063_0063.jpg 1 15 30 63 63
1805_0016_0018_0069_0069.jpg 1 16 18 69 69
1806_0031_0029_0044_0044.jpg 1 31 29 44 44
1807_0023_0025_0065_0065.jpg 1 23 25 65 65
1808_0019_0041_0036_0036.jpg 1 19 41 36 36
1809_0037_0015_0044_0044.jpg 1 37 15 44 44
1810_0010_0013_0069_0069.jpg 1 10 13 69 69
1811_0031_0029_0062_0062.jpg 1 31 29 62 62
1812_0030_0031_0058_0058.jpg 1 30 31 58 58
1813_0004_0034_0057_0057.jpg 1 4 34 57 57
1814_0040_0042_0036_0036.jpg 1 40 42 36 36
1815_0031_0024_0052_0052.jpg 1 31 24 52 52
1816_0028_0032_0029_0029.jpg 1 28 32 29 29
1817_0006_0041_0049_0049.jpg 1 6 41 49 49
1818_0010_0010_0063_0063.jpg 1 10 10 63 63
1819_0032_0033_0062_0062.jpg 1 32 33 62 62
1820_0059_0029_0031_0031.jpg 1 59 29 31 31
1821_0023_0014_0039_0039.jpg 1 23 14 39 39
1822_0024_0029_0032_0032.jpg 1 24 29 32 32
1823_0022_0044_0025_0025.jpg 1 22 44 25 25
1824_0041_0028_0053_0053.jpg 1 41 28 53 53
1825_0037_0038_0033_0033.jpg 1 37 38 33 33
1826_0036_0012_0047_0047.jpg 1 36 12 47 47
1827_0017_0016_0069_0069.jpg 1 17 16 69 69
1828_0038_0030_0054_0054.jpg 1 38 30 54 54
1829_0041_0024_0051_0051.jpg 1 41 24 51 51
1830_0016_0055_0032_0032.jpg 1 16 55 32 32
1831_0030_0005_0066_0066.jpg 1 30 5 66 66
1832_0022_0021_0024_0024.jpg 1 22 21 24 24
1833_0006_0039_0041_0041.jpg 1 6 39 41 41
1834_0038_0012_0051_0051.jpg 1 38 12 51 51
1835_0040_0043_0051_0051.jpg 1 40 43 51 51
1836_0033_0050_0040_0040.jpg 1 33 50 40 40
1837_0017_0039_0046_0046.jpg 1 17 39 46 46
1838_0036_0006_0050_0050.jpg 1 36 6 50 50
1839_0021_0052_0026_0026.jpg 1 21 52 26 26
1840_0012_0044_0045_0045.jpg 1 12 44 45 45
1841_0041_0030_0027_0027.jpg 1 41 30 27 27
1842_0007_0034_0040_0040.jpg 1 7 34 40 40
1843_0020_0043_0051_0051.jpg 1 20 43 51 51
1844_0046_0055_0034_0034.jpg 1 46 55 34 34
1845_0040_0033_0032_0032.jpg 1 40 33 32 32
1846_0027_0014_0061_0061.jpg 1 27 14 61 61
1847_0037_0039_0042_0042.jpg 1 37 39 42 42
1848_0028_0016_0029_0029.jpg 1 28 16 29 29
1849_0024_0047_0026_0026.jpg 1 24 47 26 26
1850_0022_0046_0037_0037.jpg 1 22 46 37 37
1851_0012_0037_0058_0058.jpg 1 12 37 58 58
1852_0037_0016_0052_0052.jpg 1 37 16 52 52
1853_0019_0016_0066_0066.jpg 1 19 16 66 66
1854_0011_0013_0058_0058.jpg 1 11 13 58 58
1855_0039_0014_0038_0038.jpg 1 39 14 38 38
1856_0015_0046_0036_0036.jpg 1 15 46 36 36
1857_0052_0018_0036_0036.jpg 1 52 18 36 36
1858_0016_0014_0058_0058.jpg 1 16 14 58 58
1859_0010_0017_0026_0026.jpg 1 10 17 26 26
1860_0024_0027_0067_0067.jpg 1 24 27 67 67
1861_0042_0054_0024_0024.jpg 1 42 54 24 24
1862_0041_0026_0035_0035.jpg 1 41 26 35 35
1863_0045_0050_0035_0035.jpg 1 45 50 35 35
1864_0015_0045_0028_0028.jpg 1 15 45 28 28
1865_0011_0038_0025_0025.jpg 1 11 38 25 25
1866_0019_0041_0039_0039.jpg 1 19 41 39 39
1867_0012_0013_0024_0024.jpg 1 12 13 24 24
1868_0049_0036_0043_0043.jpg 1 49 36 43 43
1869_0019_0033_0037_0037.jpg 1 19 33 37 37
1870_0016_0013_0046_0046.jpg 1 16 13 46 46
1871_0014_0007_0033_0033.jpg 1 14 7 33 33
1872_0039_0015_0035_0035.jpg 1 39 15 35 35
1873_0024_0024_0069_0069.jpg 1 24 24 69 69
1874_0018_0006_0049_0049.jpg 1 18 6 49 49
1875_0050_0048_0032_0032.jpg 1 50 48 32 32
1876_0051_0037_0027_0027.jpg 1 51 37 27 27
1877_0025_0032_0051_0051.jpg 1 25 32 51 51
1878_0028_0056_0032_0032.jpg 1 28 56 32 32
1879_0007_0019_0063_0063.jpg 1 7 19 63 63
1880_0008_0008_0025_0025.jpg 1 8 8 25 25
1881_0025_0025_0049_0049.jpg 1 25 25 49 49
1882_0027_0005_0066_0066.jpg 1 27 5 66 66
1883_0044_0020_0040_0040.jpg 1 44 20 40 40
1884_0014_0011_0066_0066.jpg 1 14 11 66 66
1885_0021_0025_0066_0066.jpg 1 21 25 66 66
1886_0019_0020_0046_0046.jpg 1 19 20 46 46
1887_0037_0017_0024_0024.jpg 1 37 17 24 24
1888_0030_0012_0055_0055.jpg 1 30 12 55 55
1889_0046_0039_0030_0030.jpg 1 46 39 30 30
1890_0051_0047_0037_0037.jpg 1 51 47 37 37
1891_0039_0015_0052_0052.jpg 1 39 15 52 52
1892_0006_0039_0040_0040.jpg 1 6 39 40 40
1893_0026_0032_0056_0056.jpg 1 26 32 56 56
1894_0046_0031_0029_0029.jpg 1 46 31 29 29
1895_0006_0019_0046_0046.jpg 1 6 19 46 46
1896_0048_0056_0032_0032.jpg 1 48 56 32 32
1897_0024_0018_0025_0025.jpg 1 24 18 25 25
1898_0036_0034_0024_0024.jpg 1 36 34 24 24
1899_0019_0008_0050_0050.jpg 1 19 8 50 50
1900_0018_0038_0032_0032.jpg 1 18 38 32 32
