0001_0030_0004_0066_0066.jpg 1 30 4 66 66
0002_0039_0024_0056_0056.jpg 1 39 24 56 56
0003_0006_0016_0067_0067.jpg 1 6 16 67 67
0004_0005_0017_0056_0056.jpg 1 5 17 56 56
0005_0038_0007_0044_0044.jpg 1 38 7 44 44
0006_0008_0014_0047_0047.jpg 1 8 14 47 47
0007_0019_0015_0052_0052.jpg 1 19 15 52 52
0008_0050_0017_0038_0038.jpg 1 50 17 38 38
0009_0040_0030_0029_0029.jpg 1 40 30 29 29
0010_0020_0026_0062_0062.jpg 1 20 26 62 62
0011_0051_0022_0043_0043.jpg 1 51 22 43 43
0012_0044_0023_0033_0033.jpg 1 44 23 33 33
0013_0059_0013_0028_0028.jpg 1 59 13 28 28
0014_0034_0009_0031_0031.jpg 1 34 9 31 31
0015_0049_0035_0030_0030.jpg 1 49 35 30 30
0016_0006_0054_0039_0039.jpg 1 6 54 39 39
0017_0008_0011_0066_0066.jpg 1 8 11 66 66
0018_0035_0015_0043_0043.jpg 1 35 15 43 43
0019_0010_0014_0045_0045.jpg 1 10 14 45 45
0020_0008_0051_0036_0036.jpg 1 8 51 36 36
0021_0022_0027_0051_0051.jpg 1 22 27 51 51
0022_0017_0013_0068_0068.jpg 1 17 13 68 68
0023_0018_0025_0050_0050.jpg 1 18 25 50 50
0024_0041_0061_0027_0027.jpg 1 41 61 27 27
0025_0016_0010_0057_0057.jpg 1 16 10 57 57
0026_0066_0056_0024_0024.jpg 1 66 56 24 24
0027_0041_0058_0034_0034.jpg 1 41 58 34 34
0028_0033_0022_0047_0047.jpg 1 33 22 47 47
0029_0012_0040_0043_0043.jpg 1 12 40 43 43
0030_0021_0020_0043_0043.jpg 1 21 20 43 43
0031_0059_0053_0024_0024.jpg 1 59 53 24 24
0032_0017_0017_0063_0063.jpg 1 17 17 63 63
0033_0036_0042_0035_0035.jpg 1 36 42 35 35
0034_0030_0036_0051_0051.jpg 1 30 36 51 51
0035_0042_0052_0029_0029.jpg 1 42 52 29 29
0036_0041_0020_0053_0053.jpg 1 41 20 53 53
0037_0025_0019_0061_0061.jpg 1 25 19 61 61
0038_0019_0025_0057_0057.jpg 1 19 25 57 57
0039_0029_0027_0053_0053.jpg 1 29 27 53 53
0040_0031_0016_0042_0042.jpg 1 31 16 42 42
0041_0026_0008_0044_0044.jpg 1 26 8 44 44
0042_0026_0031_0048_0048.jpg 1 26 31 48 48
0043_0018_0009_0060_0060.jpg 1 18 9 60 60
0044_0014_0036_0044_0044.jpg 1 14 36 44 44
0045_0031_0045_0028_0028.jpg 1 31 45 28 28
0046_0018_0018_0052_0052.jpg 1 18 18 52 52
0047_0020_0012_0066_0066.jpg 1 20 12 66 66
0048_0021_0011_0050_0050.jpg 1 21 11 50 50
0049_0021_0022_0033_0033.jpg 1 21 22 33 33
0050_0032_0025_0037_0037.jpg 1 32 25 37 37
0051_0015_0003_0066_0066.jpg 1 15 3 66 66
0052_0014_0029_0066_0066.jpg 1 14 29 66 66
0053_0009_0050_0035_0035.jpg 1 9 50 35 35
0054_0016_0026_0028_0028.jpg 1 16 26 28 28
0055_0037_0057_0034_0034.jpg 1 37 57 34 34
0056_0005_0025_0066_0066.jpg 1 5 25 66 66
0057_0020_0046_0046_0046.jpg 1 20 46 46 46
0058_0004_0012_0069_0069.jpg 1 4 12 69 69
0059_0028_0009_0060_0060.jpg 1 28 9 60 60
0060_0007_0033_0027_0027.jpg 1 7 33 27 27
0061_0036_0031_0059_0059.jpg 1 36 31 59 59
0062_0009_0026_0053_0053.jpg 1 9 26 53 53
0063_0016_0045_0047_0047.jpg 1 16 45 47 47
0064_0010_0009_0068_0068.jpg 1 10 9 68 68
0065_0041_0028_0030_0030.jpg 1 41 28 30 30
0066_0010_0010_0063_0063.jpg 1 10 10 63 63
0067_0016_0006_0046_0046.jpg 1 16 6 46 46
0068_0025_0035_0058_0058.jpg 1 25 35 58 58
0069_0019_0017_0069_0069.jpg 1 19 17 69 69
0070_0025_0020_0028_0028.jpg 1 25 20 28 28
0071_0031_0023_0052_0052.jpg 1 31 23 52 52
0072_0024_0030_0047_0047.jpg 1 24 30 47 47
0073_0050_0026_0040_0040.jpg 1 50 26 40 40
0074_0031_0034_0030_0030.jpg 1 31 34 30 30
0075_0020_0036_0055_0055.jpg 1 20 36 55 55
0076_0009_0030_0049_0049.jpg 1 9 30 49 49
0077_0030_0030_0032_0032.jpg 1 30 30 32 32
0078_0047_0021_0025_0025.jpg 1 47 21 25 25
0079_0008_0022_0069_0069.jpg 1 8 22 69 69
0080_0009_0028_0052_0052.jpg 1 9 28 52 52
0081_0052_0032_0038_0038.jpg 1 52 32 38 38
0082_0035_0035_0054_0054.jpg 1 35 35 54 54
0083_0027_0007_0064_0064.jpg 1 27 7 64 64
0084_0047_0054_0029_0029.jpg 1 47 54 29 29
0085_0045_0013_0046_0046.jpg 1 45 13 46 46
0086_0019_0055_0037_0037.jpg 1 19 55 37 37
0087_0030_0060_0028_0028.jpg 1 30 60 28 28
0088_0047_0033_0040_0040.jpg 1 47 33 40 40
0089_0048_0051_0032_0032.jpg 1 48 51 32 32
0090_0033_0012_0054_0054.jpg 1 33 12 54 54
0091_0008_0010_0039_0039.jpg 1 8 10 39 39
0092_0005_0006_0057_0057.jpg 1 5 6 57 57
0093_0059_0053_0029_0029.jpg 1 59 53 29 29
0094_0032_0039_0025_0025.jpg 1 32 39 25 25
0095_0023_0029_0062_0062.jpg 1 23 29 62 62
0096_0007_0005_0048_0048.jpg 1 7 5 48 48
0097_0036_0020_0045_0045.jpg 1 36 20 45 45
0098_0013_0012_0052_0052.jpg 1 13 12 52 52
0099_0035_0030_0058_0058.jpg 1 35 30 58 58
0100_0024_0029_0030_0030.jpg 1 24 29 30 30
0101_0020_0021_0067_0067.jpg 1 20 21 67 67
0102_0052_0008_0024_0024.jpg 1 52 8 24 24
0103_0031_0034_0033_0033.jpg 1 31 34 33 33
0104_0026_0012_0068_0068.jpg 1 26 12 68 68
0105_0004_0020_0063_0063.jpg 1 4 20 63 63
0106_0031_0026_0044_0044.jpg 1 31 26 44 44
0107_0055_0020_0029_0029.jpg 1 55 20 29 29
0108_0009_0042_0040_0040.jpg 1 9 42 40 40
0109_0009_0007_0055_0055.jpg 1 9 7 55 55
0110_0032_0037_0050_0050.jpg 1 32 37 50 50
0111_0027_0041_0052_0052.jpg 1 27 41 52 52
0112_0007_0028_0045_0045.jpg 1 7 28 45 45
0113_0036_0011_0059_0059.jpg 1 36 11 59 59
0114_0013_0021_0065_0065.jpg 1 13 21 65 65
0115_0008_0022_0029_0029.jpg 1 8 22 29 29
0116_0020_0032_0045_0045.jpg 1 20 32 45 45
0117_0005_0020_0064_0064.jpg 1 5 20 64 64
0118_0047_0027_0041_0041.jpg 1 47 27 41 41
0119_0060_0043_0027_0027.jpg 1 60 43 27 27
0120_0019_0023_0069_0069.jpg 1 19 23 69 69
0121_0023_0012_0024_0024.jpg 1 23 12 24 24
0122_0063_0057_0029_0029.jpg 1 63 57 29 29
0123_0046_0037_0027_0027.jpg 1 46 37 27 27
0124_0031_0015_0054_0054.jpg 1 31 15 54 54
0125_0032_0036_0037_0037.jpg 1 32 36 37 37
0126_0020_0052_0040_0040.jpg 1 20 52 40 40
0127_0016_0055_0035_0035.jpg 1 16 55 35 35
0128_0018_0007_0041_0041.jpg 1 18 7 41 41
0129_0021_0026_0058_0058.jpg 1 21 26 58 58
0130_0026_0027_0040_0040.jpg 1 26 27 40 40
0131_0068_0034_0024_0024.jpg 1 68 34 24 24
0132_0016_0010_0047_0047.jpg 1 16 10 47 47
0133_0010_0037_0037_0037.jpg 1 10 37 37 37
0134_0028_0010_0025_0025.jpg 1 28 10 25 25
0135_0040_0033_0039_0039.jpg 1 40 33 39 39
0136_0019_0013_0054_0054.jpg 1 19 13 54 54
0137_0052_0033_0031_0031.jpg 1 52 33 31 31
0138_0031_0012_0028_0028.jpg 1 31 12 28 28
0139_0031_0011_0038_0038.jpg 1 31 11 38 38
0140_0027_0049_0036_0036.jpg 1 27 49 36 36
0141_0015_0028_0049_0049.jpg 1 15 28 49 49
0142_0028_0003_0063_0063.jpg 1 28 3 63 63
0143_0042_0009_0046_0046.jpg 1 42 9 46 46
0144_0035_0025_0036_0036.jpg 1 35 25 36 36
0145_0034_0015_0033_0033.jpg 1 34 15 33 33
0146_0007_0033_0057_0057.jpg 1 7 33 57 57
0147_0020_0045_0039_0039.jpg 1 20 45 39 39
0148_0009_0040_0027_0027.jpg 1 9 40 27 27
0149_0019_0004_0064_0064.jpg 1 19 4 64 64
0150_0038_0022_0045_0045.jpg 1 38 22 45 45
0151_0007_0013_0045_0045.jpg 1 7 13 45 45
0152_0011_0030_0040_0040.jpg 1 11 30 40 40
0153_0061_0022_0029_0029.jpg 1 61 22 29 29
0154_0022_0020_0040_0040.jpg 1 22 20 40 40
0155_0048_0044_0032_0032.jpg 1 48 44 32 32
0156_0046_0013_0026_0026.jpg 1 46 13 26 26
0157_0012_0046_0039_0039.jpg 1 12 46 39 39
0158_0008_0030_0061_0061.jpg 1 8 30 61 61
0159_0047_0043_0036_0036.jpg 1 47 43 36 36
0160_0014_0013_0059_0059.jpg 1 14 13 59 59
0161_0018_0010_0048_0048.jpg 1 18 10 48 48
0162_0059_0053_0026_0026.jpg 1 59 53 26 26
0163_0020_0022_0063_0063.jpg 1 20 22 63 63
0164_0010_0006_0038_0038.jpg 1 10 6 38 38
0165_0009_0012_0065_0065.jpg 1 9 12 65 65
0166_0038_0028_0035_0035.jpg 1 38 28 35 35
0167_0053_0037_0028_0028.jpg 1 53 37 28 28
0168_0008_0034_0049_0049.jpg 1 8 34 49 49
0169_0023_0016_0065_0065.jpg 1 23 16 65 65
0170_0059_0042_0024_0024.jpg 1 59 42 24 24
0171_0030_0048_0024_0024.jpg 1 30 48 24 24
0172_0043_0019_0037_0037.jpg 1 43 19 37 37
0173_0033_0042_0046_0046.jpg 1 33 42 46 46
0174_0011_0014_0064_0064.jpg 1 11 14 64 64
0175_0021_0038_0056_0056.jpg 1 21 38 56 56
0176_0018_0026_0056_0056.jpg 1 18 26 56 56
0177_0008_0051_0041_0041.jpg 1 8 51 41 41
0178_0035_0007_0057_0057.jpg 1 35 7 57 57
0179_0043_0020_0046_0046.jpg 1 43 20 46 46
0180_0029_0010_0045_0045.jpg 1 29 10 45 45
0181_0026_0008_0025_0025.jpg 1 26 8 25 25
0182_0044_0018_0027_0027.jpg 1 44 18 27 27
0183_0024_0047_0037_0037.jpg 1 24 47 37 37
0184_0028_0040_0042_0042.jpg 1 28 40 42 42
0185_0025_0011_0066_0066.jpg 1 25 11 66 66
0186_0035_0049_0034_0034.jpg 1 35 49 34 34
0187_0022_0010_0050_0050.jpg 1 22 10 50 50
0188_0005_0035_0058_0058.jpg 1 5 35 58 58
0189_0004_0016_0067_0067.jpg 1 4 16 67 67
0190_0004_0015_0062_0062.jpg 1 4 15 62 62
0191_0006_0024_0055_0055.jpg 1 6 24 55 55
0192_0019_0059_0024_0024.jpg 1 19 59 24 24
0193_0048_0055_0033_0033.jpg 1 48 55 33 33
0194_0027_0009_0060_0060.jpg 1 27 9 60 60
0195_0026_0026_0067_0067.jpg 1 26 26 67 67
0196_0008_0024_0066_0066.jpg 1 8 24 66 66
0197_0031_0009_0032_0032.jpg 1 31 9 32 32
0198_0048_0019_0032_0032.jpg 1 48 19 32 32
0199_0008_0031_0047_0047.jpg 1 8 31 47 47
0200_0046_0057_0032_0032.jpg 1 46 57 32 32
0201_0032_0015_0043_0043.jpg 1 32 15 43 43
0202_0030_0023_0053_0053.jpg 1 30 23 53 53
0203_0032_0020_0039_0039.jpg 1 32 20 39 39
0204_0040_0013_0048_0048.jpg 1 40 13 48 48
0205_0013_0004_0066_0066.jpg 1 13 4 66 66
0206_0040_0035_0037_0037.jpg 1 40 35 37 37
0207_0028_0037_0036_0036.jpg 1 28 37 36 36
0208_0032_0028_0045_0045.jpg 1 32 28 45 45
0209_0013_0041_0039_0039.jpg 1 13 41 39 39
0210_0025_0014_0067_0067.jpg 1 25 14 67 67
0211_0059_0031_0028_0028.jpg 1 59 31 28 28
0212_0022_0049_0029_0029.jpg 1 22 49 29 29
0213_0011_0027_0069_0069.jpg 1 11 27 69 69
0214_0031_0016_0045_0045.jpg 1 31 16 45 45
0215_0034_0054_0038_0038.jpg 1 34 54 38 38
0216_0029_0018_0053_0053.jpg 1 29 18 53 53
0217_0015_0022_0064_0064.jpg 1 15 22 64 64
0218_0014_0057_0035_0035.jpg 1 14 57 35 35
0219_0026_0021_0055_0055.jpg 1 26 21 55 55
0220_0017_0008_0050_0050.jpg 1 17 8 50 50
0221_0009_0019_0029_0029.jpg 1 9 19 29 29
0222_0031_0035_0045_0045.jpg 1 31 35 45 45
0223_0048_0050_0041_0041.jpg 1 48 50 41 41
0224_0010_0009_0062_0062.jpg 1 10 9 62 62
0225_0030_0012_0065_0065.jpg 1 30 12 65 65
0226_0039_0007_0039_0039.jpg 1 39 7 39 39
0227_0049_0037_0036_0036.jpg 1 49 37 36 36
0228_0029_0005_0064_0064.jpg 1 29 5 64 64
0229_0006_0015_0068_0068.jpg 1 6 15 68 68
0230_0044_0010_0047_0047.jpg 1 44 10 47 47
0231_0034_0056_0031_0031.jpg 1 34 56 31 31
0232_0052_0019_0037_0037.jpg 1 52 19 37 37
0233_0014_0052_0032_0032.jpg 1 14 52 32 32
0234_0042_0043_0047_0047.jpg 1 42 43 47 47
0235_0020_0017_0069_0069.jpg 1 20 17 69 69
0236_0054_0014_0035_0035.jpg 1 54 14 35 35
0237_0015_0015_0067_0067.jpg 1 15 15 67 67
0238_0029_0044_0033_0033.jpg 1 29 44 33 33
0239_0020_0034_0024_0024.jpg 1 20 34 24 24
0240_0039_0046_0032_0032.jpg 1 39 46 32 32
0241_0046_0033_0030_0030.jpg 1 46 33 30 30
0242_0013_0024_0055_0055.jpg 1 13 24 55 55
0243_0013_0063_0025_0025.jpg 1 13 63 25 25
0244_0048_0035_0025_0025.jpg 1 48 35 25 25
0245_0023_0014_0045_0045.jpg 1 23 14 45 45
0246_0018_0033_0053_0053.jpg 1 18 33 53 53
0247_0012_0019_0041_0041.jpg 1 12 19 41 41
0248_0035_0041_0035_0035.jpg 1 35 41 35 35
0249_0010_0031_0035_0035.jpg 1 10 31 35 35
0250_0052_0007_0031_0031.jpg 1 52 7 31 31
0251_0041_0013_0052_0052.jpg 1 41 13 52 52
0252_0039_0034_0048_0048.jpg 1 39 34 48 48
0253_0051_0007_0042_0042.jpg 1 51 7 42 42
0254_0007_0048_0043_0043.jpg 1 7 48 43 43
0255_0004_0014_0059_0059.jpg 1 4 14 59 59
0256_0017_0016_0067_0067.jpg 1 17 16 67 67
0257_0036_0007_0049_0049.jpg 1 36 7 49 49
0258_0006_0035_0055_0055.jpg 1 6 35 55 55
0259_0007_0023_0062_0062.jpg 1 7 23 62 62
0260_0041_0034_0051_0051.jpg 1 41 34 51 51
0261_0041_0016_0026_0026.jpg 1 41 16 26 26
0262_0055_0021_0033_0033.jpg 1 55 21 33 33
0263_0016_0034_0048_0048.jpg 1 16 34 48 48
0264_0055_0030_0037_0037.jpg 1 55 30 37 37
0265_0017_0018_0066_0066.jpg 1 17 18 66 66
0266_0018_0045_0045_0045.jpg 1 18 45 45 45
0267_0007_0016_0059_0059.jpg 1 7 16 59 59
0268_0046_0032_0043_0043.jpg 1 46 32 43 43
0269_0015_0016_0069_0069.jpg 1 15 16 69 69
0270_0017_0013_0047_0047.jpg 1 17 13 47 47
0271_0005_0031_0057_0057.jpg 1 5 31 57 57
0272_0016_0007_0059_0059.jpg 1 16 7 59 59
0273_0057_0032_0026_0026.jpg 1 57 32 26 26
0274_0020_0016_0069_0069.jpg 1 20 16 69 69
0275_0035_0029_0059_0059.jpg 1 35 29 59 59
0276_0038_0031_0030_0030.jpg 1 38 31 30 30
0277_0026_0015_0066_0066.jpg 1 26 15 66 66
0278_0029_0019_0065_0065.jpg 1 29 19 65 65
0279_0021_0064_0025_0025.jpg 1 21 64 25 25
0280_0019_0016_0046_0046.jpg 1 19 16 46 46
0281_0033_0019_0052_0052.jpg 1 33 19 52 52
0282_0005_0010_0056_0056.jpg 1 5 10 56 56
0283_0056_0053_0034_0034.jpg 1 56 53 34 34
0284_0014_0034_0045_0045.jpg 1 14 34 45 45
0285_0017_0024_0059_0059.jpg 1 17 24 59 59
0286_0024_0038_0039_0039.jpg 1 24 38 39 39
0287_0009_0050_0038_0038.jpg 1 9 50 38 38
0288_0023_0030_0041_0041.jpg 1 23 30 41 41
0289_0040_0042_0029_0029.jpg 1 40 42 29 29
0290_0014_0007_0050_0050.jpg 1 14 7 50 50
0291_0035_0019_0049_0049.jpg 1 35 19 49 49
0292_0031_0028_0061_0061.jpg 1 31 28 61 61
0293_0027_0009_0045_0045.jpg 1 27 9 45 45
0294_0007_0042_0050_0050.jpg 1 7 42 50 50
0295_0010_0021_0050_0050.jpg 1 10 21 50 50
0296_0022_0018_0063_0063.jpg 1 22 18 63 63
0297_0027_0024_0035_0035.jpg 1 27 24 35 35
0298_0028_0005_0056_0056.jpg 1 28 5 56 56
0299_0007_0027_0054_0054.jpg 1 7 27 54 54
0300_0033_0043_0042_0042.jpg 1 33 43 42 42
0301_0023_0055_0034_0034.jpg 1 23 55 34 34
0302_0032_0028_0037_0037.jpg 1 32 28 37 37
0303_0007_0009_0065_0065.jpg 1 7 9 65 65
0304_0024_0015_0053_0053.jpg 1 24 15 53 53
0305_0039_0034_0042_0042.jpg 1 39 34 42 42
0306_0045_0038_0044_0044.jpg 1 45 38 44 44
0307_0022_0017_0065_0065.jpg 1 22 17 65 65
0308_0017_0047_0041_0041.jpg 1 17 47 41 41
0309_0023_0020_0069_0069.jpg 1 23 20 69 69
0310_0018_0027_0046_0046.jpg 1 18 27 46 46
0311_0020_0007_0067_0067.jpg 1 20 7 67 67
0312_0033_0032_0056_0056.jpg 1 33 32 56 56
0313_0008_0038_0056_0056.jpg 1 8 38 56 56
0314_0013_0011_0051_0051.jpg 1 13 11 51 51
0315_0008_0020_0068_0068.jpg 1 8 20 68 68
0316_0065_0058_0025_0025.jpg 1 65 58 25 25
0317_0045_0016_0046_0046.jpg 1 45 16 46 46
0318_0041_0008_0033_0033.jpg 1 41 8 33 33
0319_0023_0015_0043_0043.jpg 1 23 15 43 43
0320_0033_0054_0029_0029.jpg 1 33 54 29 29
0321_0007_0037_0052_0052.jpg 1 7 37 52 52
0322_0014_0016_0037_0037.jpg 1 14 16 37 37
0323_0033_0021_0052_0052.jpg 1 33 21 52 52
0324_0057_0046_0028_0028.jpg 1 57 46 28 28
0325_0015_0017_0069_0069.jpg 1 15 17 69 69
0326_0041_0013_0053_0053.jpg 1 41 13 53 53
0327_0024_0030_0057_0057.jpg 1 24 30 57 57
0328_0029_0036_0049_0049.jpg 1 29 36 49 49
0329_0022_0025_0047_0047.jpg 1 22 25 47 47
0330_0021_0011_0045_0045.jpg 1 21 11 45 45
0331_0008_0019_0069_0069.jpg 1 8 19 69 69
0332_0028_0007_0064_0064.jpg 1 28 7 64 64
0333_0017_0050_0038_0038.jpg 1 17 50 38 38
0334_0025_0011_0041_0041.jpg 1 25 11 41 41
0335_0033_0039_0049_0049.jpg 1 33 39 49 49
0336_0048_0050_0027_0027.jpg 1 48 50 27 27
0337_0040_0027_0045_0045.jpg 1 40 27 45 45
0338_0030_0063_0024_0024.jpg 1 30 63 24 24
0339_0017_0033_0060_0060.jpg 1 17 33 60 60
0340_0018_0031_0035_0035.jpg 1 18 31 35 35
0341_0021_0015_0066_0066.jpg 1 21 15 66 66
0342_0007_0022_0052_0052.jpg 1 7 22 52 52
0343_0013_0023_0061_0061.jpg 1 13 23 61 61
0344_0016_0031_0057_0057.jpg 1 16 31 57 57
0345_0004_0030_0062_0062.jpg 1 4 30 62 62
0346_0062_0048_0024_0024.jpg 1 62 48 24 24
0347_0041_0008_0039_0039.jpg 1 41 8 39 39
0348_0040_0053_0040_0040.jpg 1 40 53 40 40
0349_0025_0011_0062_0062.jpg 1 25 11 62 62
0350_0049_0015_0040_0040.jpg 1 49 15 40 40
0351_0029_0019_0066_0066.jpg 1 29 19 66 66
0352_0006_0022_0063_0063.jpg 1 6 22 63 63
0353_0021_0032_0030_0030.jpg 1 21 32 30 30
0354_0050_0020_0031_0031.jpg 1 50 20 31 31
0355_0019_0018_0048_0048.jpg 1 19 18 48 48
0356_0007_0025_0034_0034.jpg 1 7 25 34 34
0357_0040_0041_0038_0038.jpg 1 40 41 38 38
0358_0010_0029_0064_0064.jpg 1 10 29 64 64
0359_0045_0042_0043_0043.jpg 1 45 42 43 43
0360_0025_0025_0069_0069.jpg 1 25 25 69 69
0361_0035_0054_0038_0038.jpg 1 35 54 38 38
0362_0016_0020_0024_0024.jpg 1 16 20 24 24
0363_0033_0030_0034_0034.jpg 1 33 30 34 34
0364_0036_0040_0041_0041.jpg 1 36 40 41 41
0365_0042_0018_0032_0032.jpg 1 42 18 32 32
0366_0014_0028_0032_0032.jpg 1 14 28 32 32
0367_0005_0031_0058_0058.jpg 1 5 31 58 58
0368_0064_0050_0027_0027.jpg 1 64 50 27 27
0369_0047_0017_0031_0031.jpg 1 47 17 31 31
0370_0013_0027_0064_0064.jpg 1 13 27 64 64
0371_0006_0017_0046_0046.jpg 1 6 17 46 46
0372_0006_0007_0053_0053.jpg 1 6 7 53 53
0373_0032_0013_0053_0053.jpg 1 32 13 53 53
0374_0019_0009_0061_0061.jpg 1 19 9 61 61
0375_0048_0035_0045_0045.jpg 1 48 35 45 45
0376_0010_0009_0024_0024.jpg 1 10 9 24 24
0377_0020_0012_0050_0050.jpg 1 20 12 50 50
0378_0024_0031_0059_0059.jpg 1 24 31 59 59
0379_0034_0027_0049_0049.jpg 1 34 27 49 49
0380_0040_0062_0025_0025.jpg 1 40 62 25 25
0381_0047_0024_0031_0031.jpg 1 47 24 31 31
0382_0009_0012_0048_0048.jpg 1 9 12 48 48
0383_0034_0030_0048_0048.jpg 1 34 30 48 48
0384_0021_0016_0051_0051.jpg 1 21 16 51 51
0385_0034_0013_0059_0059.jpg 1 34 13 59 59
0386_0030_0032_0038_0038.jpg 1 30 32 38 38
0387_0045_0009_0049_0049.jpg 1 45 9 49 49
0388_0024_0041_0039_0039.jpg 1 24 41 39 39
0389_0014_0018_0025_0025.jpg 1 14 18 25 25
0390_0035_0016_0036_0036.jpg 1 35 16 36 36
0391_0009_0048_0031_0031.jpg 1 9 48 31 31
0392_0016_0025_0042_0042.jpg 1 16 25 42 42
0393_0036_0019_0031_0031.jpg 1 36 19 31 31
0394_0035_0022_0028_0028.jpg 1 35 22 28 28
0395_0039_0025_0032_0032.jpg 1 39 25 32 32
0396_0007_0037_0036_0036.jpg 1 7 37 36 36
0397_0026_0013_0066_0066.jpg 1 26 13 66 66
0398_0019_0011_0059_0059.jpg 1 19 11 59 59
0399_0006_0014_0069_0069.jpg 1 6 14 69 69
0400_0020_0024_0036_0036.jpg 1 20 24 36 36
0401_0029_0033_0035_0035.jpg 1 29 33 35 35
0402_0040_0023_0042_0042.jpg 1 40 23 42 42
0403_0029_0007_0039_0039.jpg 1 29 7 39 39
0404_0015_0015_0052_0052.jpg 1 15 15 52 52
0405_0033_0008_0060_0060.jpg 1 33 8 60 60
0406_0036_0011_0039_0039.jpg 1 36 11 39 39
0407_0032_0033_0038_0038.jpg 1 32 33 38 38
0408_0016_0040_0053_0053.jpg 1 16 40 53 53
0409_0022_0014_0060_0060.jpg 1 22 14 60 60
0410_0027_0049_0036_0036.jpg 1 27 49 36 36
0411_0015_0042_0028_0028.jpg 1 15 42 28 28
0412_0026_0025_0058_0058.jpg 1 26 25 58 58
0413_0012_0023_0042_0042.jpg 1 12 23 42 42
0414_0028_0018_0046_0046.jpg 1 28 18 46 46
0415_0038_0009_0051_0051.jpg 1 38 9 51 51
0416_0044_0027_0048_0048.jpg 1 44 27 48 48
0417_0010_0038_0032_0032.jpg 1 10 38 32 32
0418_0016_0037_0041_0041.jpg 1 16 37 41 41
0419_0029_0029_0056_0056.jpg 1 29 29 56 56
0420_0023_0029_0064_0064.jpg 1 23 29 64 64
0421_0031_0005_0042_0042.jpg 1 31 5 42 42
0422_0019_0014_0066_0066.jpg 1 19 14 66 66
0423_0041_0036_0040_0040.jpg 1 41 36 40 40
0424_0017_0012_0053_0053.jpg 1 17 12 53 53
0425_0024_0046_0045_0045.jpg 1 24 46 45 45
0426_0025_0018_0044_0044.jpg 1 25 18 44 44
0427_0051_0035_0028_0028.jpg 1 51 35 28 28
0428_0008_0034_0048_0048.jpg 1 8 34 48 48
0429_0024_0041_0047_0047.jpg 1 24 41 47 47
0430_0060_0059_0031_0031.jpg 1 60 59 31 31
0431_0029_0013_0030_0030.jpg 1 29 13 30 30
0432_0011_0029_0064_0064.jpg 1 11 29 64 64
0433_0008_0024_0068_0068.jpg 1 8 24 68 68
0434_0010_0020_0063_0063.jpg 1 10 20 63 63
0435_0048_0050_0033_0033.jpg 1 48 50 33 33
0436_0029_0021_0031_0031.jpg 1 29 21 31 31
0437_0026_0043_0043_0043.jpg 1 26 43 43 43
0438_0017_0007_0035_0035.jpg 1 17 7 35 35
0439_0013_0023_0040_0040.jpg 1 13 23 40 40
0440_0011_0020_0025_0025.jpg 1 11 20 25 25
0441_0045_0011_0033_0033.jpg 1 45 11 33 33
0442_0026_0013_0064_0064.jpg 1 26 13 64 64
0443_0015_0052_0032_0032.jpg 1 15 52 32 32
0444_0038_0018_0054_0054.jpg 1 38 18 54 54
0445_0033_0006_0050_0050.jpg 1 33 6 50 50
0446_0033_0016_0056_0056.jpg 1 33 16 56 56
0447_0014_0024_0042_0042.jpg 1 14 24 42 42
0448_0063_0040_0027_0027.jpg 1 63 40 27 27
0449_0026_0007_0042_0042.jpg 1 26 7 42 42
0450_0047_0018_0031_0031.jpg 1 47 18 31 31
0451_0028_0023_0052_0052.jpg 1 28 23 52 52
0452_0008_0007_0053_0053.jpg 1 8 7 53 53
0453_0024_0032_0028_0028.jpg 1 24 32 28 28
0454_0041_0037_0024_0024.jpg 1 41 37 24 24
0455_0018_0014_0053_0053.jpg 1 18 14 53 53
0456_0049_0017_0035_0035.jpg 1 49 17 35 35
0457_0015_0027_0059_0059.jpg 1 15 27 59 59
0458_0021_0033_0030_0030.jpg 1 21 33 30 30
0459_0045_0061_0028_0028.jpg 1 45 61 28 28
0460_0017_0006_0060_0060.jpg 1 17 6 60 60
0461_0055_0036_0031_0031.jpg 1 55 36 31 31
0462_0020_0039_0056_0056.jpg 1 20 39 56 56
0463_0041_0036_0044_0044.jpg 1 41 36 44 44
0464_0023_0018_0060_0060.jpg 1 23 18 60 60
0465_0016_0011_0056_0056.jpg 1 16 11 56 56
0466_0008_0008_0036_0036.jpg 1 8 8 36 36
0467_0045_0039_0031_0031.jpg 1 45 39 31 31
0468_0031_0027_0065_0065.jpg 1 31 27 65 65
0469_0016_0050_0040_0040.jpg 1 16 50 40 40
0470_0032_0010_0032_0032.jpg 1 32 10 32 32
0471_0012_0022_0048_0048.jpg 1 12 22 48 48
0472_0028_0032_0059_0059.jpg 1 28 32 59 59
0473_0018_0014_0064_0064.jpg 1 18 14 64 64
0474_0005_0034_0043_0043.jpg 1 5 34 43 43
0475_0034_0061_0027_0027.jpg 1 34 61 27 27
0476_0004_0009_0060_0060.jpg 1 4 9 60 60
0477_0039_0038_0038_0038.jpg 1 39 38 38 38
0478_0022_0006_0046_0046.jpg 1 22 6 46 46
0479_0013_0019_0043_0043.jpg 1 13 19 43 43
0480_0056_0060_0030_0030.jpg 1 56 60 30 30
0481_0040_0011_0048_0048.jpg 1 40 11 48 48
0482_0055_0038_0037_0037.jpg 1 55 38 37 37
0483_0021_0035_0033_0033.jpg 1 21 35 33 33
0484_0009_0025_0055_0055.jpg 1 9 25 55 55
0485_0037_0043_0039_0039.jpg 1 37 43 39 39
0486_0007_0025_0068_0068.jpg 1 7 25 68 68
0487_0022_0019_0059_0059.jpg 1 22 19 59 59
0488_0033_0014_0024_0024.jpg 1 33 14 24 24
0489_0040_0016_0032_0032.jpg 1 40 16 32 32
0490_0031_0014_0037_0037.jpg 1 31 14 37 37
0491_0022_0047_0042_0042.jpg 1 22 47 42 42
0492_0025_0030_0060_0060.jpg 1 25 30 60 60
0493_0046_0061_0028_0028.jpg 1 46 61 28 28
0494_0016_0055_0026_0026.jpg 1 16 55 26 26
0495_0020_0020_0053_0053.jpg 1 20 20 53 53
0496_0014_0014_0053_0053.jpg 1 14 14 53 53
0497_0016_0011_0035_0035.jpg 1 16 11 35 35
0498_0039_0034_0031_0031.jpg 1 39 34 31 31
0499_0022_0026_0052_0052.jpg 1 22 26 52 52
0500_0058_0043_0035_0035.jpg 1 58 43 35 35
0501_0012_0030_0047_0047.jpg 1 12 30 47 47
0502_0006_0028_0064_0064.jpg 1 6 28 64 64
0503_0025_0036_0058_0058.jpg 1 25 36 58 58
0504_0011_0050_0032_0032.jpg 1 11 50 32 32
0505_0029_0032_0046_0046.jpg 1 29 32 46 46
0506_0026_0008_0049_0049.jpg 1 26 8 49 49
0507_0025_0010_0036_0036.jpg 1 25 10 36 36
0508_0027_0019_0027_0027.jpg 1 27 19 27 27
0509_0039_0046_0039_0039.jpg 1 39 46 39 39
0510_0008_0014_0066_0066.jpg 1 8 14 66 66
0511_0028_0028_0059_0059.jpg 1 28 28 59 59
0512_0036_0046_0045_0045.jpg 1 36 46 45 45
0513_0040_0023_0054_0054.jpg 1 40 23 54 54
0514_0011_0043_0037_0037.jpg 1 11 43 37 37
0515_0025_0015_0069_0069.jpg 1 25 15 69 69
0516_0029_0019_0063_0063.jpg 1 29 19 63 63
0517_0052_0023_0041_0041.jpg 1 52 23 41 41
0518_0040_0022_0052_0052.jpg 1 40 22 52 52
0519_0017_0016_0054_0054.jpg 1 17 16 54 54
0520_0040_0032_0044_0044.jpg 1 40 32 44 44
0521_0028_0009_0034_0034.jpg 1 28 9 34 34
0522_0015_0020_0055_0055.jpg 1 15 20 55 55
0523_0019_0022_0069_0069.jpg 1 19 22 69 69
0524_0055_0063_0025_0025.jpg 1 55 63 25 25
0525_0020_0013_0055_0055.jpg 1 20 13 55 55
0526_0043_0012_0050_0050.jpg 1 43 12 50 50
0527_0007_0021_0039_0039.jpg 1 7 21 39 39
0528_0017_0045_0044_0044.jpg 1 17 45 44 44
0529_0025_0033_0038_0038.jpg 1 25 33 38 38
0530_0007_0026_0066_0066.jpg 1 7 26 66 66
0531_0028_0016_0063_0063.jpg 1 28 16 63 63
0532_0007_0011_0045_0045.jpg 1 7 11 45 45
0533_0061_0064_0028_0028.jpg 1 61 64 28 28
0534_0018_0025_0061_0061.jpg 1 18 25 61 61
0535_0021_0037_0052_0052.jpg 1 21 37 52 52
0536_0024_0046_0048_0048.jpg 1 24 46 48 48
0537_0057_0029_0029_0029.jpg 1 57 29 29 29
0538_0016_0023_0044_0044.jpg 1 16 23 44 44
0539_0041_0025_0048_0048.jpg 1 41 25 48 48
0540_0049_0036_0030_0030.jpg 1 49 36 30 30
0541_0012_0032_0030_0030.jpg 1 12 32 30 30
0542_0032_0034_0045_0045.jpg 1 32 34 45 45
0543_0044_0025_0040_0040.jpg 1 44 25 40 40
0544_0027_0012_0066_0066.jpg 1 27 12 66 66
0545_0037_0016_0039_0039.jpg 1 37 16 39 39
0546_0015_0030_0056_0056.jpg 1 15 30 56 56
0547_0026_0035_0060_0060.jpg 1 26 35 60 60
0548_0021_0027_0044_0044.jpg 1 21 27 44 44
0549_0033_0056_0030_0030.jpg 1 33 56 30 30
0550_0006_0010_0050_0050.jpg 1 6 10 50 50
0551_0006_0027_0065_0065.jpg 1 6 27 65 65
0552_0045_0015_0038_0038.jpg 1 45 15 38 38
0553_0013_0044_0036_0036.jpg 1 13 44 36 36
0554_0050_0052_0029_0029.jpg 1 50 52 29 29
0555_0043_0044_0048_0048.jpg 1 43 44 48 48
0556_0048_0020_0042_0042.jpg 1 48 20 42 42
0557_0026_0008_0037_0037.jpg 1 26 8 37 37
0558_0035_0034_0052_0052.jpg 1 35 34 52 52
0559_0020_0011_0050_0050.jpg 1 20 11 50 50
0560_0022_0015_0060_0060.jpg 1 22 15 60 60
0561_0014_0012_0056_0056.jpg 1 14 12 56 56
0562_0013_0064_0025_0025.jpg 1 13 64 25 25
0563_0022_0012_0054_0054.jpg 1 22 12 54 54
0564_0016_0013_0067_0067.jpg 1 16 13 67 67
0565_0030_0033_0063_0063.jpg 1 30 33 63 63
0566_0013_0021_0024_0024.jpg 1 13 21 24 24
0567_0020_0043_0024_0024.jpg 1 20 43 24 24
0568_0022_0029_0042_0042.jpg 1 22 29 42 42
0569_0013_0034_0046_0046.jpg 1 13 34 46 46
0570_0012_0007_0065_0065.jpg 1 12 7 65 65
0571_0018_0006_0062_0062.jpg 1 18 6 62 62
0572_0008_0006_0063_0063.jpg 1 8 6 63 63
0573_0026_0023_0067_0067.jpg 1 26 23 67 67
0574_0047_0010_0030_0030.jpg 1 47 10 30 30
0575_0033_0025_0056_0056.jpg 1 33 25 56 56
0576_0024_0013_0025_0025.jpg 1 24 13 25 25
0577_0009_0025_0034_0034.jpg 1 9 25 34 34
0578_0008_0019_0028_0028.jpg 1 8 19 28 28
0579_0010_0031_0063_0063.jpg 1 10 31 63 63
0580_0018_0018_0038_0038.jpg 1 18 18 38 38
0581_0031_0024_0045_0045.jpg 1 31 24 45 45
0582_0029_0014_0065_0065.jpg 1 29 14 65 65
0583_0020_0021_0069_0069.jpg 1 20 21 69 69
0584_0031_0019_0038_0038.jpg 1 31 19 38 38
0585_0014_0009_0053_0053.jpg 1 14 9 53 53
0586_0011_0057_0024_0024.jpg 1 11 57 24 24
0587_0038_0031_0057_0057.jpg 1 38 31 57 57
0588_0018_0022_0030_0030.jpg 1 18 22 30 30
0589_0015_0038_0031_0031.jpg 1 15 38 31 31
0590_0035_0047_0025_0025.jpg 1 35 47 25 25
0591_0024_0005_0065_0065.jpg 1 24 5 65 65
0592_0034_0013_0057_0057.jpg 1 34 13 57 57
0593_0014_0024_0063_0063.jpg 1 14 24 63 63
0594_0018_0022_0064_0064.jpg 1 18 22 64 64
0595_0008_0047_0047_0047.jpg 1 8 47 47 47
0596_0043_0008_0040_0040.jpg 1 43 8 40 40
0597_0020_0026_0036_0036.jpg 1 20 26 36 36
0598_0019_0010_0065_0065.jpg 1 19 10 65 65
0599_0042_0029_0027_0027.jpg 1 42 29 27 27
0600_0006_0015_0046_0046.jpg 1 6 15 46 46
0601_0053_0037_0036_0036.jpg 1 53 37 36 36
0602_0042_0051_0033_0033.jpg 1 42 51 33 33
0603_0008_0024_0056_0056.jpg 1 8 24 56 56
0604_0043_0021_0025_0025.jpg 1 43 21 25 25
0605_0020_0011_0057_0057.jpg 1 20 11 57 57
0606_0041_0030_0027_0027.jpg 1 41 30 27 27
0607_0007_0042_0030_0030.jpg 1 7 42 30 30
0608_0005_0019_0068_0068.jpg 1 5 19 68 68
0609_0013_0023_0063_0063.jpg 1 13 23 63 63
0610_0025_0027_0065_0065.jpg 1 25 27 65 65
0611_0013_0025_0035_0035.jpg 1 13 25 35 35
0612_0026_0019_0037_0037.jpg 1 26 19 37 37
0613_0016_0005_0062_0062.jpg 1 16 5 62 62
0614_0016_0021_0060_0060.jpg 1 16 21 60 60
0615_0014_0030_0036_0036.jpg 1 14 30 36 36
0616_0030_0031_0043_0043.jpg 1 30 31 43 43
0617_0026_0019_0052_0052.jpg 1 26 19 52 52
0618_0024_0016_0061_0061.jpg 1 24 16 61 61
0619_0016_0039_0052_0052.jpg 1 16 39 52 52
0620_0030_0014_0058_0058.jpg 1 30 14 58 58
0621_0016_0005_0061_0061.jpg 1 16 5 61 61
0622_0030_0020_0025_0025.jpg 1 30 20 25 25
0623_0006_0023_0044_0044.jpg 1 6 23 44 44
0624_0064_0035_0028_0028.jpg 1 64 35 28 28
0625_0011_0008_0069_0069.jpg 1 11 8 69 69
0626_0026_0018_0028_0028.jpg 1 26 18 28 28
0627_0054_0052_0039_0039.jpg 1 54 52 39 39
0628_0029_0011_0028_0028.jpg 1 29 11 28 28
0629_0047_0036_0034_0034.jpg 1 47 36 34 34
0630_0009_0063_0026_0026.jpg 1 9 63 26 26
0631_0008_0004_0061_0061.jpg 1 8 4 61 61
0632_0012_0008_0060_0060.jpg 1 12 8 60 60
0633_0005_0027_0057_0057.jpg 1 5 27 57 57
0634_0029_0035_0044_0044.jpg 1 29 35 44 44
0635_0046_0012_0047_0047.jpg 1 46 12 47 47
0636_0059_0043_0025_0025.jpg 1 59 43 25 25
0637_0006_0018_0051_0051.jpg 1 6 18 51 51
0638_0034_0032_0061_0061.jpg 1 34 32 61 61
0639_0046_0020_0030_0030.jpg 1 46 20 30 30
0640_0026_0016_0045_0045.jpg 1 26 16 45 45
0641_0012_0052_0037_0037.jpg 1 12 52 37 37
0642_0040_0010_0051_0051.jpg 1 40 10 51 51
0643_0015_0048_0045_0045.jpg 1 15 48 45 45
0644_0012_0052_0037_0037.jpg 1 12 52 37 37
0645_0010_0019_0066_0066.jpg 1 10 19 66 66
0646_0024_0016_0069_0069.jpg 1 24 16 69 69
0647_0011_0010_0065_0065.jpg 1 11 10 65 65
0648_0035_0031_0040_0040.jpg 1 35 31 40 40
0649_0029_0014_0054_0054.jpg 1 29 14 54 54
0650_0007_0019_0063_0063.jpg 1 7 19 63 63
0651_0008_0007_0035_0035.jpg 1 8 7 35 35
0652_0035_0029_0034_0034.jpg 1 35 29 34 34
0653_0060_0030_0029_0029.jpg 1 60 30 29 29
0654_0023_0028_0066_0066.jpg 1 23 28 66 66
0655_0014_0043_0045_0045.jpg 1 14 43 45 45
0656_0027_0035_0024_0024.jpg 1 27 35 24 24
0657_0006_0014_0064_0064.jpg 1 6 14 64 64
0658_0026_0048_0040_0040.jpg 1 26 48 40 40
0659_0031_0024_0029_0029.jpg 1 31 24 29 29
0660_0055_0028_0032_0032.jpg 1 55 28 32 32
0661_0020_0025_0064_0064.jpg 1 20 25 64 64
0662_0022_0010_0048_0048.jpg 1 22 10 48 48
0663_0013_0007_0034_0034.jpg 1 13 7 34 34
0664_0011_0007_0061_0061.jpg 1 11 7 61 61
0665_0041_0028_0038_0038.jpg 1 41 28 38 38
0666_0032_0029_0048_0048.jpg 1 32 29 48 48
0667_0059_0052_0032_0032.jpg 1 59 52 32 32
0668_0029_0034_0031_0031.jpg 1 29 34 31 31
0669_0028_0011_0064_0064.jpg 1 28 11 64 64
0670_0060_0015_0028_0028.jpg 1 60 15 28 28
0671_0008_0034_0062_0062.jpg 1 8 34 62 62
0672_0036_0016_0030_0030.jpg 1 36 16 30 30
0673_0032_0006_0039_0039.jpg 1 32 6 39 39
0674_0031_0012_0057_0057.jpg 1 31 12 57 57
0675_0031_0042_0027_0027.jpg 1 31 42 27 27
0676_0030_0021_0065_0065.jpg 1 30 21 65 65
0677_0058_0039_0029_0029.jpg 1 58 39 29 29
0678_0025_0011_0039_0039.jpg 1 25 11 39 39
0679_0030_0029_0059_0059.jpg 1 30 29 59 59
0680_0017_0034_0050_0050.jpg 1 17 34 50 50
0681_0025_0022_0059_0059.jpg 1 25 22 59 59
0682_0008_0059_0033_0033.jpg 1 8 59 33 33
0683_0058_0027_0026_0026.jpg 1 58 27 26 26
0684_0039_0039_0047_0047.jpg 1 39 39 47 47
0685_0024_0024_0069_0069.jpg 1 24 24 69 69
0686_0039_0009_0024_0024.jpg 1 39 9 24 24
0687_0015_0038_0037_0037.jpg 1 15 38 37 37
0688_0050_0013_0037_0037.jpg 1 50 13 37 37
0689_0015_0004_0067_0067.jpg 1 15 4 67 67
0690_0030_0005_0056_0056.jpg 1 30 5 56 56
0691_0020_0042_0031_0031.jpg 1 20 42 31 31
0692_0006_0016_0046_0046.jpg 1 6 16 46 46
0693_0024_0031_0051_0051.jpg 1 24 31 51 51
0694_0005_0019_0059_0059.jpg 1 5 19 59 59
0695_0052_0040_0032_0032.jpg 1 52 40 32 32
0696_0017_0023_0058_0058.jpg 1 17 23 58 58
0697_0025_0046_0045_0045.jpg 1 25 46 45 45
0698_0040_0010_0035_0035.jpg 1 40 10 35 35
0699_0045_0037_0038_0038.jpg 1 45 37 38 38
0700_0009_0018_0061_0061.jpg 1 9 18 61 61
0701_0010_0008_0045_0045.jpg 1 10 8 45 45
0702_0015_0011_0060_0060.jpg 1 15 11 60 60
0703_0031_0035_0024_0024.jpg 1 31 35 24 24
0704_0034_0006_0036_0036.jpg 1 34 6 36 36
0705_0024_0013_0061_0061.jpg 1 24 13 61 61
0706_0026_0022_0031_0031.jpg 1 26 22 31 31
0707_0010_0037_0053_0053.jpg 1 10 37 53 53
0708_0033_0047_0040_0040.jpg 1 33 47 40 40
0709_0020_0020_0068_0068.jpg 1 20 20 68 68
0710_0006_0032_0051_0051.jpg 1 6 32 51 51
0711_0021_0024_0068_0068.jpg 1 21 24 68 68
0712_0021_0024_0063_0063.jpg 1 21 24 63 63
0713_0058_0058_0033_0033.jpg 1 58 58 33 33
0714_0024_0020_0065_0065.jpg 1 24 20 65 65
0715_0020_0031_0061_0061.jpg 1 20 31 61 61
0716_0052_0025_0027_0027.jpg 1 52 25 27 27
0717_0043_0011_0024_0024.jpg 1 43 11 24 24
0718_0035_0037_0049_0049.jpg 1 35 37 49 49
0719_0012_0016_0067_0067.jpg 1 12 16 67 67
0720_0048_0040_0028_0028.jpg 1 48 40 28 28
0721_0018_0012_0057_0057.jpg 1 18 12 57 57
0722_0036_0037_0027_0027.jpg 1 36 37 27 27
0723_0034_0019_0051_0051.jpg 1 34 19 51 51
0724_0018_0019_0069_0069.jpg 1 18 19 69 69
0725_0049_0022_0035_0035.jpg 1 49 22 35 35
0726_0018_0014_0027_0027.jpg 1 18 14 27 27
0727_0039_0035_0041_0041.jpg 1 39 35 41 41
0728_0010_0007_0052_0052.jpg 1 10 7 52 52
0729_0045_0011_0038_0038.jpg 1 45 11 38 38
0730_0015_0032_0025_0025.jpg 1 15 32 25 25
0731_0012_0051_0033_0033.jpg 1 12 51 33 33
0732_0047_0038_0046_0046.jpg 1 47 38 46 46
0733_0026_0015_0050_0050.jpg 1 26 15 50 50
0734_0004_0020_0065_0065.jpg 1 4 20 65 65
0735_0053_0013_0028_0028.jpg 1 53 13 28 28
0736_0015_0019_0030_0030.jpg 1 15 19 30 30
0737_0026_0026_0066_0066.jpg 1 26 26 66 66
0738_0012_0007_0046_0046.jpg 1 12 7 46 46
0739_0036_0036_0047_0047.jpg 1 36 36 47 47
0740_0046_0047_0044_0044.jpg 1 46 47 44 44
0741_0028_0007_0056_0056.jpg 1 28 7 56 56
0742_0055_0020_0025_0025.jpg 1 55 20 25 25
0743_0041_0045_0047_0047.jpg 1 41 45 47 47
0744_0005_0021_0046_0046.jpg 1 5 21 46 46
0745_0012_0009_0064_0064.jpg 1 12 9 64 64
0746_0036_0026_0038_0038.jpg 1 36 26 38 38
0747_0051_0056_0026_0026.jpg 1 51 56 26 26
0748_0042_0043_0044_0044.jpg 1 42 43 44 44
0749_0033_0037_0033_0033.jpg 1 33 37 33 33
0750_0029_0041_0046_0046.jpg 1 29 41 46 46
0751_0007_0057_0027_0027.jpg 1 7 57 27 27
0752_0028_0039_0040_0040.jpg 1 28 39 40 40
0753_0031_0044_0045_0045.jpg 1 31 44 45 45
0754_0028_0009_0061_0061.jpg 1 28 9 61 61
0755_0015_0009_0034_0034.jpg 1 15 9 34 34
0756_0011_0038_0025_0025.jpg 1 11 38 25 25
0757_0014_0022_0064_0064.jpg 1 14 22 64 64
0758_0007_0003_0065_0065.jpg 1 7 3 65 65
0759_0008_0014_0067_0067.jpg 1 8 14 67 67
0760_0054_0060_0028_0028.jpg 1 54 60 28 28
0761_0019_0027_0067_0067.jpg 1 19 27 67 67
0762_0025_0048_0040_0040.jpg 1 25 48 40 40
0763_0014_0022_0065_0065.jpg 1 14 22 65 65
0764_0024_0016_0068_0068.jpg 1 24 16 68 68
0765_0046_0049_0027_0027.jpg 1 46 49 27 27
0766_0014_0025_0067_0067.jpg 1 14 25 67 67
0767_0026_0037_0052_0052.jpg 1 26 37 52 52
0768_0010_0035_0047_0047.jpg 1 10 35 47 47
0769_0044_0009_0046_0046.jpg 1 44 9 46 46
0770_0024_0019_0035_0035.jpg 1 24 19 35 35
0771_0028_0020_0060_0060.jpg 1 28 20 60 60
0772_0024_0016_0028_0028.jpg 1 24 16 28 28
0773_0037_0042_0032_0032.jpg 1 37 42 32 32
0774_0048_0024_0027_0027.jpg 1 48 24 27 27
0775_0035_0042_0039_0039.jpg 1 35 42 39 39
0776_0038_0007_0045_0045.jpg 1 38 7 45 45
0777_0036_0026_0048_0048.jpg 1 36 26 48 48
0778_0049_0034_0045_0045.jpg 1 49 34 45 45
0779_0008_0021_0025_0025.jpg 1 8 21 25 25
0780_0019_0054_0025_0025.jpg 1 19 54 25 25
0781_0023_0015_0065_0065.jpg 1 23 15 65 65
0782_0049_0031_0041_0041.jpg 1 49 31 41 41
0783_0040_0025_0053_0053.jpg 1 40 25 53 53
0784_0014_0006_0068_0068.jpg 1 14 6 68 68
0785_0020_0021_0041_0041.jpg 1 20 21 41 41
0786_0016_0044_0033_0033.jpg 1 16 44 33 33
0787_0034_0021_0031_0031.jpg 1 34 21 31 31
0788_0040_0033_0046_0046.jpg 1 40 33 46 46
0789_0036_0018_0028_0028.jpg 1 36 18 28 28
0790_0007_0007_0056_0056.jpg 1 7 7 56 56
0791_0052_0042_0027_0027.jpg 1 52 42 27 27
0792_0022_0028_0039_0039.jpg 1 22 28 39 39
0793_0018_0013_0046_0046.jpg 1 18 13 46 46
0794_0025_0006_0054_0054.jpg 1 25 6 54 54
0795_0040_0034_0024_0024.jpg 1 40 34 24 24
0796_0013_0031_0046_0046.jpg 1 13 31 46 46
0797_0034_0017_0058_0058.jpg 1 34 17 58 58
0798_0031_0034_0048_0048.jpg 1 31 34 48 48
0799_0011_0046_0025_0025.jpg 1 11 46 25 25
0800_0032_0024_0038_0038.jpg 1 32 24 38 38
0801_0020_0015_0056_0056.jpg 1 20 15 56 56
0802_0032_0037_0037_0037.jpg 1 32 37 37 37
0803_0035_0062_0030_0030.jpg 1 35 62 30 30
0804_0012_0013_0029_0029.jpg 1 12 13 29 29
0805_0011_0026_0061_0061.jpg 1 11 26 61 61
0806_0040_0019_0050_0050.jpg 1 40 19 50 50
0807_0014_0026_0055_0055.jpg 1 14 26 55 55
0808_0014_0025_0066_0066.jpg 1 14 25 66 66
0809_0005_0030_0055_0055.jpg 1 5 30 55 55
0810_0009_0045_0040_0040.jpg 1 9 45 40 40
0811_0023_0014_0055_0055.jpg 1 23 14 55 55
0812_0053_0042_0035_0035.jpg 1 53 42 35 35
0813_0041_0036_0053_0053.jpg 1 41 36 53 53
0814_0022_0025_0042_0042.jpg 1 22 25 42 42
0815_0008_0029_0062_0062.jpg 1 8 29 62 62
0816_0021_0024_0067_0067.jpg 1 21 24 67 67
0817_0023_0016_0065_0065.jpg 1 23 16 65 65
0818_0015_0012_0046_0046.jpg 1 15 12 46 46
0819_0005_0008_0051_0051.jpg 1 5 8 51 51
0820_0013_0005_0054_0054.jpg 1 13 5 54 54
0821_0041_0030_0039_0039.jpg 1 41 30 39 39
0822_0018_0042_0037_0037.jpg 1 18 42 37 37
0823_0050_0027_0039_0039.jpg 1 50 27 39 39
0824_0054_0044_0028_0028.jpg 1 54 44 28 28
0825_0024_0037_0035_0035.jpg 1 24 37 35 35
0826_0006_0020_0055_0055.jpg 1 6 20 55 55
0827_0037_0026_0032_0032.jpg 1 37 26 32 32
0828_0035_0007_0045_0045.jpg 1 35 7 45 45
0829_0024_0047_0042_0042.jpg 1 24 47 42 42
0830_0008_0008_0039_0039.jpg 1 8 8 39 39
0831_0017_0024_0046_0046.jpg 1 17 24 46 46
0832_0035_0036_0028_0028.jpg 1 35 36 28 28
0833_0021_0007_0066_0066.jpg 1 21 7 66 66
0834_0015_0035_0025_0025.jpg 1 15 35 25 25
0835_0011_0024_0061_0061.jpg 1 11 24 61 61
0836_0024_0039_0045_0045.jpg 1 24 39 45 45
0837_0018_0005_0064_0064.jpg 1 18 5 64 64
0838_0038_0018_0049_0049.jpg 1 38 18 49 49
0839_0018_0041_0031_0031.jpg 1 18 41 31 31
0840_0039_0009_0043_0043.jpg 1 39 9 43 43
0841_0017_0032_0063_0063.jpg 1 17 32 63 63
0842_0022_0019_0045_0045.jpg 1 22 19 45 45
0843_0025_0033_0039_0039.jpg 1 25 33 39 39
0844_0036_0028_0045_0045.jpg 1 36 28 45 45
0845_0044_0056_0035_0035.jpg 1 44 56 35 35
0846_0041_0041_0026_0026.jpg 1 41 41 26 26
0847_0014_0013_0068_0068.jpg 1 14 13 68 68
0848_0037_0006_0048_0048.jpg 1 37 6 48 48
0849_0011_0026_0061_0061.jpg 1 11 26 61 61
0850_0020_0036_0034_0034.jpg 1 20 36 34 34
0851_0032_0042_0037_0037.jpg 1 32 42 37 37
0852_0019_0020_0061_0061.jpg 1 19 20 61 61
0853_0031_0038_0045_0045.jpg 1 31 38 45 45
0854_0023_0014_0024_0024.jpg 1 23 14 24 24
0855_0018_0029_0066_0066.jpg 1 18 29 66 66
0856_0052_0022_0035_0035.jpg 1 52 22 35 35
0857_0023_0035_0051_0051.jpg 1 23 35 51 51
0858_0038_0004_0057_0057.jpg 1 38 4 57 57
0859_0043_0012_0051_0051.jpg 1 43 12 51 51
0860_0010_0019_0057_0057.jpg 1 10 19 57 57
0861_0027_0023_0064_0064.jpg 1 27 23 64 64
0862_0044_0011_0045_0045.jpg 1 44 11 45 45
0863_0026_0017_0062_0062.jpg 1 26 17 62 62
0864_0014_0040_0050_0050.jpg 1 14 40 50 50
0865_0021_0027_0063_0063.jpg 1 21 27 63 63
0866_0004_0024_0069_0069.jpg 1 4 24 69 69
0867_0009_0041_0027_0027.jpg 1 9 41 27 27
0868_0055_0014_0036_0036.jpg 1 55 14 36 36
0869_0013_0012_0050_0050.jpg 1 13 12 50 50
0870_0030_0051_0026_0026.jpg 1 30 51 26 26
0871_0023_0030_0050_0050.jpg 1 23 30 50 50
0872_0007_0024_0066_0066.jpg 1 7 24 66 66
0873_0005_0016_0052_0052.jpg 1 5 16 52 52
0874_0038_0057_0033_0033.jpg 1 38 57 33 33
0875_0024_0015_0065_0065.jpg 1 24 15 65 65
0876_0029_0023_0058_0058.jpg 1 29 23 58 58
0877_0034_0008_0037_0037.jpg 1 34 8 37 37
0878_0045_0027_0043_0043.jpg 1 45 27 43 43
0879_0033_0010_0040_0040.jpg 1 33 10 40 40
0880_0018_0046_0037_0037.jpg 1 18 46 37 37
0881_0064_0055_0026_0026.jpg 1 64 55 26 26
0882_0015_0012_0065_0065.jpg 1 15 12 65 65
0883_0019_0009_0068_0068.jpg 1 19 9 68 68
0884_0042_0008_0032_0032.jpg 1 42 8 32 32
0885_0021_0030_0063_0063.jpg 1 21 30 63 63
0886_0019_0045_0047_0047.jpg 1 19 45 47 47
0887_0009_0033_0053_0053.jpg 1 9 33 53 53
0888_0013_0014_0065_0065.jpg 1 13 14 65 65
0889_0055_0038_0029_0029.jpg 1 55 38 29 29
0890_0014_0013_0053_0053.jpg 1 14 13 53 53
0891_0019_0015_0042_0042.jpg 1 19 15 42 42
0892_0034_0021_0037_0037.jpg 1 34 21 37 37
0893_0026_0007_0029_0029.jpg 1 26 7 29 29
0894_0029_0044_0048_0048.jpg 1 29 44 48 48
0895_0028_0040_0025_0025.jpg 1 28 40 25 25
0896_0025_0025_0037_0037.jpg 1 25 25 37 37
0897_0008_0051_0033_0033.jpg 1 8 51 33 33
0898_0008_0027_0051_0051.jpg 1 8 27 51 51
0899_0021_0019_0035_0035.jpg 1 21 19 35 35
0900_0059_0020_0026_0026.jpg 1 59 20 26 26
0901_0042_0040_0032_0032.jpg 1 42 40 32 32
0902_0040_0043_0044_0044.jpg 1 40 43 44 44
0903_0009_0015_0069_0069.jpg 1 9 15 69 69
0904_0016_0031_0055_0055.jpg 1 16 31 55 55
0905_0046_0023_0044_0044.jpg 1 46 23 44 44
0906_0008_0026_0060_0060.jpg 1 8 26 60 60
0907_0040_0012_0041_0041.jpg 1 40 12 41 41
0908_0019_0013_0069_0069.jpg 1 19 13 69 69
0909_0033_0012_0038_0038.jpg 1 33 12 38 38
0910_0019_0022_0050_0050.jpg 1 19 22 50 50
0911_0019_0036_0039_0039.jpg 1 19 36 39 39
0912_0013_0041_0032_0032.jpg 1 13 41 32 32
0913_0015_0039_0044_0044.jpg 1 15 39 44 44
0914_0046_0018_0041_0041.jpg 1 46 18 41 41
0915_0051_0017_0028_0028.jpg 1 51 17 28 28
0916_0010_0028_0060_0060.jpg 1 10 28 60 60
0917_0013_0006_0059_0059.jpg 1 13 6 59 59
0918_0030_0008_0053_0053.jpg 1 30 8 53 53
0919_0009_0009_0025_0025.jpg 1 9 9 25 25
0920_0034_0033_0061_0061.jpg 1 34 33 61 61
0921_0013_0034_0047_0047.jpg 1 13 34 47 47
0922_0051_0053_0024_0024.jpg 1 51 53 24 24
0923_0020_0011_0057_0057.jpg 1 20 11 57 57
0924_0011_0027_0059_0059.jpg 1 11 27 59 59
0925_0016_0006_0062_0062.jpg 1 16 6 62 62
0926_0019_0014_0046_0046.jpg 1 19 14 46 46
0927_0034_0015_0033_0033.jpg 1 34 15 33 33
0928_0033_0012_0063_0063.jpg 1 33 12 63 63
0929_0016_0036_0050_0050.jpg 1 16 36 50 50
0930_0031_0012_0025_0025.jpg 1 31 12 25 25
0931_0022_0050_0039_0039.jpg 1 22 50 39 39
0932_0026_0018_0041_0041.jpg 1 26 18 41 41
0933_0021_0029_0052_0052.jpg 1 21 29 52 52
0934_0045_0046_0045_0045.jpg 1 45 46 45 45
0935_0029_0009_0067_0067.jpg 1 29 9 67 67
0936_0039_0020_0047_0047.jpg 1 39 20 47 47
0937_0010_0004_0069_0069.jpg 1 10 4 69 69
0938_0018_0012_0045_0045.jpg 1 18 12 45 45
0939_0006_0041_0039_0039.jpg 1 6 41 39 39
0940_0016_0009_0065_0065.jpg 1 16 9 65 65
0941_0009_0038_0057_0057.jpg 1 9 38 57 57
0942_0026_0047_0026_0026.jpg 1 26 47 26 26
0943_0027_0027_0049_0049.jpg 1 27 27 49 49
0944_0031_0009_0047_0047.jpg 1 31 9 47 47
0945_0037_0035_0040_0040.jpg 1 37 35 40 40
0946_0041_0023_0051_0051.jpg 1 41 23 51 51
0947_0008_0032_0033_0033.jpg 1 8 32 33 33
0948_0054_0045_0027_0027.jpg 1 54 45 27 27
0949_0043_0019_0034_0034.jpg 1 43 19 34 34
0950_0016_0021_0066_0066.jpg 1 16 21 66 66
0951_0005_0033_0055_0055.jpg 1 5 33 55 55
0952_0016_0054_0034_0034.jpg 1 16 54 34 34
0953_0018_0006_0061_0061.jpg 1 18 6 61 61
0954_0026_0008_0063_0063.jpg 1 26 8 63 63
0955_0021_0032_0050_0050.jpg 1 21 32 50 50
0956_0016_0023_0031_0031.jpg 1 16 23 31 31
0957_0017_0013_0064_0064.jpg 1 17 13 64 64
0958_0019_0006_0058_0058.jpg 1 19 6 58 58
0959_0017_0039_0037_0037.jpg 1 17 39 37 37
0960_0030_0009_0058_0058.jpg 1 30 9 58 58
0961_0052_0064_0025_0025.jpg 1 52 64 25 25
0962_0066_0023_0026_0026.jpg 1 66 23 26 26
0963_0032_0012_0060_0060.jpg 1 32 12 60 60
0964_0022_0019_0051_0051.jpg 1 22 19 51 51
0965_0056_0031_0026_0026.jpg 1 56 31 26 26
0966_0024_0020_0043_0043.jpg 1 24 20 43 43
0967_0030_0028_0062_0062.jpg 1 30 28 62 62
0968_0011_0036_0059_0059.jpg 1 11 36 59 59
0969_0040_0034_0055_0055.jpg 1 40 34 55 55
0970_0033_0019_0054_0054.jpg 1 33 19 54 54
0971_0042_0031_0049_0049.jpg 1 42 31 49 49
0972_0014_0029_0063_0063.jpg 1 14 29 63 63
0973_0009_0048_0039_0039.jpg 1 9 48 39 39
0974_0038_0035_0053_0053.jpg 1 38 35 53 53
0975_0005_0019_0060_0060.jpg 1 5 19 60 60
0976_0024_0013_0037_0037.jpg 1 24 13 37 37
0977_0053_0008_0029_0029.jpg 1 53 8 29 29
0978_0024_0007_0051_0051.jpg 1 24 7 51 51
0979_0023_0033_0040_0040.jpg 1 23 33 40 40
0980_0027_0043_0048_0048.jpg 1 27 43 48 48
0981_0013_0019_0064_0064.jpg 1 13 19 64 64
0982_0017_0026_0063_0063.jpg 1 17 26 63 63
0983_0037_0053_0037_0037.jpg 1 37 53 37 37
0984_0007_0048_0043_0043.jpg 1 7 48 43 43
0985_0037_0024_0057_0057.jpg 1 37 24 57 57
0986_0026_0035_0032_0032.jpg 1 26 35 32 32
0987_0013_0014_0032_0032.jpg 1 13 14 32 32
0988_0034_0028_0051_0051.jpg 1 34 28 51 51
0989_0044_0040_0028_0028.jpg 1 44 40 28 28
0990_0055_0029_0037_0037.jpg 1 55 29 37 37
0991_0042_0029_0040_0040.jpg 1 42 29 40 40
0992_0043_0016_0028_0028.jpg 1 43 16 28 28
0993_0018_0011_0037_0037.jpg 1 18 11 37 37
0994_0026_0029_0055_0055.jpg 1 26 29 55 55
0995_0020_0011_0065_0065.jpg 1 20 11 65 65
0996_0010_0021_0065_0065.jpg 1 10 21 65 65
0997_0044_0018_0046_0046.jpg 1 44 18 46 46
0998_0040_0022_0051_0051.jpg 1 40 22 51 51
0999_0030_0016_0033_0033.jpg 1 30 16 33 33
1000_0006_0031_0064_0064.jpg 1 6 31 64 64
1001_0021_0009_0047_0047.jpg 1 21 9 47 47
1002_0038_0037_0049_0049.jpg 1 38 37 49 49
1003_0027_0060_0033_0033.jpg 1 27 60 33 33
1004_0027_0020_0028_0028.jpg 1 27 20 28 28
1005_0035_0017_0039_0039.jpg 1 35 17 39 39
1006_0037_0032_0040_0040.jpg 1 37 32 40 40
1007_0024_0007_0058_0058.jpg 1 24 7 58 58
1008_0027_0013_0066_0066.jpg 1 27 13 66 66
1009_0005_0031_0056_0056.jpg 1 5 31 56 56
1010_0021_0016_0057_0057.jpg 1 21 16 57 57
1011_0013_0033_0028_0028.jpg 1 13 33 28 28
1012_0014_0023_0051_0051.jpg 1 14 23 51 51
1013_0021_0023_0035_0035.jpg 1 21 23 35 35
1014_0043_0007_0046_0046.jpg 1 43 7 46 46
1015_0015_0039_0029_0029.jpg 1 15 39 29 29
1016_0004_0029_0059_0059.jpg 1 4 29 59 59
1017_0021_0006_0062_0062.jpg 1 21 6 62 62
1018_0030_0017_0063_0063.jpg 1 30 17 63 63
1019_0027_0011_0041_0041.jpg 1 27 11 41 41
1020_0025_0018_0069_0069.jpg 1 25 18 69 69
1021_0027_0016_0029_0029.jpg 1 27 16 29 29
1022_0059_0010_0026_0026.jpg 1 59 10 26 26
1023_0024_0019_0040_0040.jpg 1 24 19 40 40
1024_0006_0012_0058_0058.jpg 1 6 12 58 58
1025_0020_0019_0054_0054.jpg 1 20 19 54 54
1026_0027_0024_0045_0045.jpg 1 27 24 45 45
1027_0017_0011_0066_0066.jpg 1 17 11 66 66
1028_0034_0020_0032_0032.jpg 1 34 20 32 32
1029_0015_0019_0052_0052.jpg 1 15 19 52 52
1030_0026_0039_0024_0024.jpg 1 26 39 24 24
1031_0012_0030_0054_0054.jpg 1 12 30 54 54
1032_0030_0013_0055_0055.jpg 1 30 13 55 55
1033_0057_0055_0032_0032.jpg 1 57 55 32 32
1034_0010_0011_0049_0049.jpg 1 10 11 49 49
1035_0015_0010_0069_0069.jpg 1 15 10 69 69
1036_0034_0062_0027_0027.jpg 1 34 62 27 27
1037_0005_0024_0060_0060.jpg 1 5 24 60 60
1038_0025_0045_0031_0031.jpg 1 25 45 31 31
1039_0012_0030_0033_0033.jpg 1 12 30 33 33
1040_0034_0037_0041_0041.jpg 1 34 37 41 41
1041_0029_0029_0064_0064.jpg 1 29 29 64 64
1042_0006_0031_0060_0060.jpg 1 6 31 60 60
1043_0040_0026_0032_0032.jpg 1 40 26 32 32
1044_0013_0041_0054_0054.jpg 1 13 41 54 54
1045_0010_0013_0059_0059.jpg 1 10 13 59 59
1046_0015_0007_0027_0027.jpg 1 15 7 27 27
1047_0011_0013_0025_0025.jpg 1 11 13 25 25
1048_0012_0030_0064_0064.jpg 1 12 30 64 64
1049_0051_0007_0032_0032.jpg 1 51 7 32 32
1050_0036_0040_0034_0034.jpg 1 36 40 34 34
1051_0016_0007_0044_0044.jpg 1 16 7 44 44
1052_0031_0048_0026_0026.jpg 1 31 48 26 26
1053_0033_0005_0057_0057.jpg 1 33 5 57 57
1054_0013_0042_0028_0028.jpg 1 13 42 28 28
1055_0049_0007_0034_0034.jpg 1 49 7 34 34
1056_0058_0018_0027_0027.jpg 1 58 18 27 27
1057_0050_0035_0034_0034.jpg 1 50 35 34 34
1058_0017_0017_0048_0048.jpg 1 17 17 48 48
1059_0026_0020_0062_0062.jpg 1 26 20 62 62
1060_0007_0021_0044_0044.jpg 1 7 21 44 44
1061_0026_0034_0054_0054.jpg 1 26 34 54 54
1062_0020_0021_0032_0032.jpg 1 20 21 32 32
1063_0016_0017_0029_0029.jpg 1 16 17 29 29
1064_0011_0047_0047_0047.jpg 1 11 47 47 47
1065_0024_0016_0067_0067.jpg 1 24 16 67 67
1066_0032_0016_0039_0039.jpg 1 32 16 39 39
1067_0030_0020_0024_0024.jpg 1 30 20 24 24
1068_0050_0039_0028_0028.jpg 1 50 39 28 28
1069_0007_0003_0064_0064.jpg 1 7 3 64 64
1070_0012_0030_0045_0045.jpg 1 12 30 45 45
1071_0005_0038_0049_0049.jpg 1 5 38 49 49
1072_0011_0007_0068_0068.jpg 1 11 7 68 68
1073_0016_0018_0069_0069.jpg 1 16 18 69 69
1074_0039_0019_0049_0049.jpg 1 39 19 49 49
1075_0024_0006_0065_0065.jpg 1 24 6 65 65
1076_0006_0041_0049_0049.jpg 1 6 41 49 49
1077_0008_0027_0031_0031.jpg 1 8 27 31 31
1078_0018_0006_0069_0069.jpg 1 18 6 69 69
1079_0031_0005_0064_0064.jpg 1 31 5 64 64
1080_0007_0025_0054_0054.jpg 1 7 25 54 54
1081_0028_0021_0066_0066.jpg 1 28 21 66 66
1082_0012_0007_0054_0054.jpg 1 12 7 54 54
1083_0006_0022_0069_0069.jpg 1 6 22 69 69
1084_0021_0020_0062_0062.jpg 1 21 20 62 62
1085_0021_0022_0059_0059.jpg 1 21 22 59 59
1086_0026_0028_0034_0034.jpg 1 26 28 34 34
1087_0033_0011_0047_0047.jpg 1 33 11 47 47
1088_0013_0026_0039_0039.jpg 1 13 26 39 39
1089_0028_0012_0060_0060.jpg 1 28 12 60 60
1090_0027_0022_0060_0060.jpg 1 27 22 60 60
1091_0045_0010_0044_0044.jpg 1 45 10 44 44
1092_0051_0049_0025_0025.jpg 1 51 49 25 25
1093_0007_0021_0041_0041.jpg 1 7 21 41 41
1094_0013_0019_0066_0066.jpg 1 13 19 66 66
1095_0020_0028_0040_0040.jpg 1 20 28 40 40
1096_0031_0023_0034_0034.jpg 1 31 23 34 34
1097_0019_0036_0057_0057.jpg 1 19 36 57 57
1098_0055_0048_0038_0038.jpg 1 55 48 38 38
1099_0012_0027_0062_0062.jpg 1 12 27 62 62
1100_0028_0024_0067_0067.jpg 1 28 24 67 67
1101_0013_0013_0068_0068.jpg 1 13 13 68 68
1102_0011_0008_0059_0059.jpg 1 11 8 59 59
1103_0006_0037_0056_0056.jpg 1 6 37 56 56
1104_0039_0031_0037_0037.jpg 1 39 31 37 37
1105_0012_0009_0059_0059.jpg 1 12 9 59 59
1106_0022_0048_0035_0035.jpg 1 22 48 35 35
1107_0047_0008_0036_0036.jpg 1 47 8 36 36
1108_0036_0017_0028_0028.jpg 1 36 17 28 28
1109_0021_0015_0066_0066.jpg 1 21 15 66 66
1110_0007_0004_0067_0067.jpg 1 7 4 67 67
1111_0013_0018_0069_0069.jpg 1 13 18 69 69
1112_0015_0023_0055_0055.jpg 1 15 23 55 55
1113_0032_0048_0046_0046.jpg 1 32 48 46 46
1114_0018_0008_0049_0049.jpg 1 18 8 49 49
1115_0032_0044_0039_0039.jpg 1 32 44 39 39
1116_0014_0052_0040_0040.jpg 1 14 52 40 40
1117_0008_0014_0043_0043.jpg 1 8 14 43 43
1118_0006_0011_0058_0058.jpg 1 6 11 58 58
1119_0052_0023_0038_0038.jpg 1 52 23 38 38
1120_0019_0028_0045_0045.jpg 1 19 28 45 45
1121_0042_0060_0032_0032.jpg 1 42 60 32 32
1122_0035_0030_0054_0054.jpg 1 35 30 54 54
1123_0032_0005_0063_0063.jpg 1 32 5 63 63
1124_0009_0013_0066_0066.jpg 1 9 13 66 66
1125_0051_0032_0034_0034.jpg 1 51 32 34 34
1126_0044_0017_0045_0045.jpg 1 44 17 45 45
1127_0061_0061_0028_0028.jpg 1 61 61 28 28
1128_0014_0056_0029_0029.jpg 1 14 56 29 29
1129_0036_0042_0038_0038.jpg 1 36 42 38 38
1130_0005_0016_0065_0065.jpg 1 5 16 65 65
1131_0030_0046_0034_0034.jpg 1 30 46 34 34
1132_0027_0030_0029_0029.jpg 1 27 30 29 29
1133_0039_0008_0053_0053.jpg 1 39 8 53 53
1134_0018_0028_0063_0063.jpg 1 18 28 63 63
1135_0018_0027_0065_0065.jpg 1 18 27 65 65
1136_0026_0018_0060_0060.jpg 1 26 18 60 60
1137_0012_0034_0061_0061.jpg 1 12 34 61 61
1138_0018_0029_0031_0031.jpg 1 18 29 31 31
1139_0025_0030_0055_0055.jpg 1 25 30 55 55
1140_0045_0043_0046_0046.jpg 1 45 43 46 46
1141_0040_0053_0034_0034.jpg 1 40 53 34 34
1142_0042_0015_0046_0046.jpg 1 42 15 46 46
1143_0046_0029_0027_0027.jpg 1 46 29 27 27
1144_0014_0036_0053_0053.jpg 1 14 36 53 53
1145_0018_0024_0047_0047.jpg 1 18 24 47 47
1146_0039_0010_0027_0027.jpg 1 39 10 27 27
1147_0047_0022_0026_0026.jpg 1 47 22 26 26
1148_0018_0041_0026_0026.jpg 1 18 41 26 26
1149_0023_0007_0029_0029.jpg 1 23 7 29 29
1150_0028_0017_0054_0054.jpg 1 28 17 54 54
1151_0030_0057_0032_0032.jpg 1 30 57 32 32
1152_0016_0007_0035_0035.jpg 1 16 7 35 35
1153_0049_0054_0033_0033.jpg 1 49 54 33 33
1154_0012_0048_0031_0031.jpg 1 12 48 31 31
1155_0044_0044_0044_0044.jpg 1 44 44 44 44
1156_0056_0049_0028_0028.jpg 1 56 49 28 28
1157_0030_0025_0057_0057.jpg 1 30 25 57 57
1158_0027_0017_0050_0050.jpg 1 27 17 50 50
1159_0034_0066_0024_0024.jpg 1 34 66 24 24
1160_0011_0025_0052_0052.jpg 1 11 25 52 52
1161_0020_0025_0047_0047.jpg 1 20 25 47 47
1162_0016_0027_0054_0054.jpg 1 16 27 54 54
1163_0024_0062_0028_0028.jpg 1 24 62 28 28
1164_0043_0028_0039_0039.jpg 1 43 28 39 39
1165_0051_0032_0029_0029.jpg 1 51 32 29 29
1166_0038_0006_0041_0041.jpg 1 38 6 41 41
1167_0012_0035_0051_0051.jpg 1 12 35 51 51
1168_0017_0013_0064_0064.jpg 1 17 13 64 64
1169_0014_0036_0025_0025.jpg 1 14 36 25 25
1170_0007_0024_0063_0063.jpg 1 7 24 63 63
1171_0014_0020_0065_0065.jpg 1 14 20 65 65
1172_0005_0036_0048_0048.jpg 1 5 36 48 48
1173_0063_0061_0029_0029.jpg 1 63 61 29 29
1174_0050_0058_0035_0035.jpg 1 50 58 35 35
1175_0043_0022_0024_0024.jpg 1 43 22 24 24
1176_0024_0019_0054_0054.jpg 1 24 19 54 54
1177_0035_0036_0048_0048.jpg 1 35 36 48 48
1178_0029_0031_0046_0046.jpg 1 29 31 46 46
1179_0010_0013_0064_0064.jpg 1 10 13 64 64
1180_0037_0010_0026_0026.jpg 1 37 10 26 26
1181_0021_0019_0064_0064.jpg 1 21 19 64 64
1182_0008_0021_0043_0043.jpg 1 8 21 43 43
1183_0010_0061_0031_0031.jpg 1 10 61 31 31
1184_0032_0045_0040_0040.jpg 1 32 45 40 40
1185_0023_0019_0066_0066.jpg 1 23 19 66 66
1186_0007_0010_0055_0055.jpg 1 7 10 55 55
1187_0044_0048_0035_0035.jpg 1 44 48 35 35
1188_0053_0016_0025_0025.jpg 1 53 16 25 25
1189_0046_0013_0048_0048.jpg 1 46 13 48 48
1190_0028_0006_0061_0061.jpg 1 28 6 61 61
1191_0024_0016_0069_0069.jpg 1 24 16 69 69
1192_0028_0040_0052_0052.jpg 1 28 40 52 52
1193_0026_0011_0061_0061.jpg 1 26 11 61 61
1194_0026_0024_0052_0052.jpg 1 26 24 52 52
1195_0034_0006_0052_0052.jpg 1 34 6 52 52
1196_0008_0011_0041_0041.jpg 1 8 11 41 41
1197_0043_0017_0043_0043.jpg 1 43 17 43 43
1198_0021_0006_0052_0052.jpg 1 21 6 52 52
1199_0042_0048_0045_0045.jpg 1 42 48 45 45
1200_0023_0034_0050_0050.jpg 1 23 34 50 50
1201_0025_0018_0049_0049.jpg 1 25 18 49 49
1202_0030_0038_0033_0033.jpg 1 30 38 33 33
1203_0030_0054_0032_0032.jpg 1 30 54 32 32
1204_0035_0013_0032_0032.jpg 1 35 13 32 32
1205_0020_0060_0028_0028.jpg 1 20 60 28 28
1206_0015_0030_0055_0055.jpg 1 15 30 55 55
1207_0048_0024_0040_0040.jpg 1 48 24 40 40
1208_0017_0008_0069_0069.jpg 1 17 8 69 69
1209_0049_0029_0030_0030.jpg 1 49 29 30 30
1210_0023_0021_0048_0048.jpg 1 23 21 48 48
1211_0019_0009_0050_0050.jpg 1 19 9 50 50
1212_0011_0023_0040_0040.jpg 1 11 23 40 40
1213_0045_0012_0042_0042.jpg 1 45 12 42 42
1214_0038_0038_0046_0046.jpg 1 38 38 46 46
1215_0046_0026_0026_0026.jpg 1 46 26 26 26
1216_0018_0021_0065_0065.jpg 1 18 21 65 65
1217_0050_0048_0028_0028.jpg 1 50 48 28 28
1218_0012_0030_0040_0040.jpg 1 12 30 40 40
1219_0018_0017_0060_0060.jpg 1 18 17 60 60
1220_0029_0014_0050_0050.jpg 1 29 14 50 50
1221_0012_0047_0033_0033.jpg 1 12 47 33 33
1222_0035_0024_0046_0046.jpg 1 35 24 46 46
1223_0050_0042_0035_0035.jpg 1 50 42 35 35
1224_0044_0038_0047_0047.jpg 1 44 38 47 47
1225_0028_0007_0048_0048.jpg 1 28 7 48 48
1226_0008_0013_0069_0069.jpg 1 8 13 69 69
1227_0033_0014_0062_0062.jpg 1 33 14 62 62
1228_0016_0039_0040_0040.jpg 1 16 39 40 40
1229_0021_0020_0037_0037.jpg 1 21 20 37 37
1230_0045_0035_0027_0027.jpg 1 45 35 27 27
1231_0008_0050_0032_0032.jpg 1 8 50 32 32
1232_0011_0028_0039_0039.jpg 1 11 28 39 39
1233_0014_0029_0053_0053.jpg 1 14 29 53 53
1234_0037_0023_0037_0037.jpg 1 37 23 37 37
1235_0009_0037_0050_0050.jpg 1 9 37 50 50
1236_0034_0037_0048_0048.jpg 1 34 37 48 48
1237_0008_0039_0045_0045.jpg 1 8 39 45 45
1238_0013_0023_0037_0037.jpg 1 13 23 37 37
1239_0046_0033_0029_0029.jpg 1 46 33 29 29
1240_0039_0017_0055_0055.jpg 1 39 17 55 55
1241_0024_0018_0059_0059.jpg 1 24 18 59 59
1242_0009_0023_0032_0032.jpg 1 9 23 32 32
1243_0003_0028_0065_0065.jpg 1 3 28 65 65
1244_0014_0017_0067_0067.jpg 1 14 17 67 67
1245_0036_0025_0049_0049.jpg 1 36 25 49 49
1246_0028_0025_0066_0066.jpg 1 28 25 66 66
1247_0011_0005_0053_0053.jpg 1 11 5 53 53
1248_0044_0024_0045_0045.jpg 1 44 24 45 45
1249_0013_0013_0055_0055.jpg 1 13 13 55 55
1250_0024_0040_0052_0052.jpg 1 24 40 52 52
1251_0041_0013_0052_0052.jpg 1 41 13 52 52
1252_0056_0058_0033_0033.jpg 1 56 58 33 33
1253_0022_0024_0066_0066.jpg 1 22 24 66 66
1254_0028_0035_0059_0059.jpg 1 28 35 59 59
1255_0049_0051_0035_0035.jpg 1 49 51 35 35
1256_0027_0019_0047_0047.jpg 1 27 19 47 47
1257_0016_0026_0025_0025.jpg 1 16 26 25 25
1258_0024_0035_0042_0042.jpg 1 24 35 42 42
1259_0039_0007_0031_0031.jpg 1 39 7 31 31
1260_0026_0030_0063_0063.jpg 1 26 30 63 63
1261_0045_0039_0026_0026.jpg 1 45 39 26 26
1262_0032_0034_0036_0036.jpg 1 32 34 36 36
1263_0016_0054_0031_0031.jpg 1 16 54 31 31
1264_0005_0012_0055_0055.jpg 1 5 12 55 55
1265_0037_0018_0057_0057.jpg 1 37 18 57 57
1266_0021_0027_0060_0060.jpg 1 21 27 60 60
1267_0015_0021_0042_0042.jpg 1 15 21 42 42
1268_0021_0008_0059_0059.jpg 1 21 8 59 59
1269_0043_0052_0032_0032.jpg 1 43 52 32 32
1270_0025_0030_0042_0042.jpg 1 25 30 42 42
1271_0022_0018_0067_0067.jpg 1 22 18 67 67
1272_0004_0010_0057_0057.jpg 1 4 10 57 57
1273_0007_0034_0036_0036.jpg 1 7 34 36 36
1274_0018_0053_0033_0033.jpg 1 18 53 33 33
1275_0033_0033_0048_0048.jpg 1 33 33 48 48
1276_0029_0043_0041_0041.jpg 1 29 43 41 41
1277_0017_0024_0069_0069.jpg 1 17 24 69 69
1278_0031_0030_0065_0065.jpg 1 31 30 65 65
1279_0034_0036_0052_0052.jpg 1 34 36 52 52
1280_0008_0036_0054_0054.jpg 1 8 36 54 54
1281_0030_0042_0035_0035.jpg 1 30 42 35 35
1282_0050_0030_0035_0035.jpg 1 50 30 35 35
1283_0037_0026_0048_0048.jpg 1 37 26 48 48
1284_0037_0013_0050_0050.jpg 1 37 13 50 50
1285_0020_0018_0043_0043.jpg 1 20 18 43 43
1286_0010_0023_0069_0069.jpg 1 10 23 69 69
1287_0031_0037_0046_0046.jpg 1 31 37 46 46
1288_0007_0021_0057_0057.jpg 1 7 21 57 57
1289_0007_0007_0046_0046.jpg 1 7 7 46 46
1290_0004_0021_0060_0060.jpg 1 4 21 60 60
1291_0041_0008_0045_0045.jpg 1 41 8 45 45
1292_0020_0044_0032_0032.jpg 1 20 44 32 32
1293_0016_0022_0067_0067.jpg 1 16 22 67 67
1294_0022_0045_0049_0049.jpg 1 22 45 49 49
1295_0029_0028_0041_0041.jpg 1 29 28 41 41
1296_0013_0014_0064_0064.jpg 1 13 14 64 64
1297_0034_0032_0046_0046.jpg 1 34 32 46 46
1298_0019_0038_0033_0033.jpg 1 19 38 33 33
1299_0011_0026_0044_0044.jpg 1 11 26 44 44
1300_0008_0017_0067_0067.jpg 1 8 17 67 67
1301_0024_0010_0066_0066.jpg 1 24 10 66 66
1302_0021_0021_0066_0066.jpg 1 21 21 66 66
1303_0021_0059_0031_0031.jpg 1 21 59 31 31
1304_0013_0025_0065_0065.jpg 1 13 25 65 65
1305_0005_0029_0061_0061.jpg 1 5 29 61 61
1306_0025_0017_0046_0046.jpg 1 25 17 46 46
1307_0049_0030_0039_0039.jpg 1 49 30 39 39
1308_0045_0014_0044_0044.jpg 1 45 14 44 44
1309_0016_0011_0055_0055.jpg 1 16 11 55 55
1310_0046_0033_0038_0038.jpg 1 46 33 38 38
1311_0007_0023_0069_0069.jpg 1 7 23 69 69
1312_0006_0009_0069_0069.jpg 1 6 9 69 69
1313_0039_0020_0054_0054.jpg 1 39 20 54 54
1314_0031_0010_0051_0051.jpg 1 31 10 51 51
1315_0038_0035_0027_0027.jpg 1 38 35 27 27
1316_0019_0039_0024_0024.jpg 1 19 39 24 24
1317_0051_0054_0034_0034.jpg 1 51 54 34 34
1318_0038_0049_0033_0033.jpg 1 38 49 33 33
1319_0009_0026_0056_0056.jpg 1 9 26 56 56
1320_0011_0013_0043_0043.jpg 1 11 13 43 43
1321_0047_0013_0045_0045.jpg 1 47 13 45 45
1322_0035_0028_0054_0054.jpg 1 35 28 54 54
1323_0012_0032_0029_0029.jpg 1 12 32 29 29
1324_0045_0021_0039_0039.jpg 1 45 21 39 39
1325_0024_0040_0051_0051.jpg 1 24 40 51 51
1326_0032_0044_0044_0044.jpg 1 32 44 44 44
1327_0006_0006_0059_0059.jpg 1 6 6 59 59
1328_0030_0017_0061_0061.jpg 1 30 17 61 61
1329_0016_0021_0066_0066.jpg 1 16 21 66 66
1330_0004_0007_0069_0069.jpg 1 4 7 69 69
1331_0010_0046_0033_0033.jpg 1 10 46 33 33
1332_0059_0037_0029_0029.jpg 1 59 37 29 29
1333_0019_0039_0047_0047.jpg 1 19 39 47 47
1334_0034_0017_0038_0038.jpg 1 34 17 38 38
1335_0016_0024_0024_0024.jpg 1 16 24 24 24
1336_0021_0040_0030_0030.jpg 1 21 40 30 30
1337_0040_0017_0054_0054.jpg 1 40 17 54 54
1338_0047_0005_0047_0047.jpg 1 47 5 47 47
1339_0010_0041_0024_0024.jpg 1 10 41 24 24
1340_0030_0043_0041_0041.jpg 1 30 43 41 41
1341_0037_0026_0042_0042.jpg 1 37 26 42 42
1342_0044_0016_0050_0050.jpg 1 44 16 50 50
1343_0009_0005_0049_0049.jpg 1 9 5 49 49
1344_0021_0015_0040_0040.jpg 1 21 15 40 40
1345_0034_0033_0058_0058.jpg 1 34 33 58 58
1346_0037_0037_0027_0027.jpg 1 37 37 27 27
1347_0041_0016_0047_0047.jpg 1 41 16 47 47
1348_0017_0047_0044_0044.jpg 1 17 47 44 44
1349_0006_0016_0045_0045.jpg 1 6 16 45 45
1350_0047_0012_0046_0046.jpg 1 47 12 46 46
1351_0011_0029_0065_0065.jpg 1 11 29 65 65
1352_0064_0052_0024_0024.jpg 1 64 52 24 24
1353_0029_0014_0060_0060.jpg 1 29 14 60 60
1354_0031_0030_0061_0061.jpg 1 31 30 61 61
1355_0041_0035_0031_0031.jpg 1 41 35 31 31
1356_0008_0061_0029_0029.jpg 1 8 61 29 29
1357_0027_0034_0054_0054.jpg 1 27 34 54 54
1358_0007_0017_0056_0056.jpg 1 7 17 56 56
1359_0047_0062_0026_0026.jpg 1 47 62 26 26
1360_0008_0019_0032_0032.jpg 1 8 19 32 32
1361_0009_0026_0038_0038.jpg 1 9 26 38 38
1362_0034_0020_0057_0057.jpg 1 34 20 57 57
1363_0012_0023_0065_0065.jpg 1 12 23 65 65
1364_0027_0037_0058_0058.jpg 1 27 37 58 58
1365_0044_0010_0043_0043.jpg 1 44 10 43 43
1366_0025_0024_0066_0066.jpg 1 25 24 66 66
1367_0030_0027_0049_0049.jpg 1 30 27 49 49
1368_0033_0040_0033_0033.jpg 1 33 40 33 33
1369_0055_0048_0027_0027.jpg 1 55 48 27 27
1370_0021_0026_0037_0037.jpg 1 21 26 37 37
1371_0026_0021_0044_0044.jpg 1 26 21 44 44
1372_0007_0040_0034_0034.jpg 1 7 40 34 34
1373_0025_0021_0027_0027.jpg 1 25 21 27 27
1374_0027_0040_0052_0052.jpg 1 27 40 52 52
1375_0014_0007_0053_0053.jpg 1 14 7 53 53
1376_0031_0033_0041_0041.jpg 1 31 33 41 41
1377_0008_0018_0069_0069.jpg 1 8 18 69 69
1378_0006_0035_0057_0057.jpg 1 6 35 57 57
1379_0030_0057_0031_0031.jpg 1 30 57 31 31
1380_0019_0053_0025_0025.jpg 1 19 53 25 25
1381_0013_0025_0046_0046.jpg 1 13 25 46 46
1382_0007_0027_0063_0063.jpg 1 7 27 63 63
1383_0011_0020_0044_0044.jpg 1 11 20 44 44
1384_0043_0045_0046_0046.jpg 1 43 45 46 46
1385_0008_0023_0059_0059.jpg 1 8 23 59 59
1386_0031_0012_0025_0025.jpg 1 31 12 25 25
1387_0005_0006_0064_0064.jpg 1 5 6 64 64
1388_0011_0004_0064_0064.jpg 1 11 4 64 64
1389_0021_0055_0034_0034.jpg 1 21 55 34 34
1390_0012_0014_0060_0060.jpg 1 12 14 60 60
1391_0005_0038_0045_0045.jpg 1 5 38 45 45
1392_0033_0027_0034_0034.jpg 1 33 27 34 34
1393_0039_0032_0054_0054.jpg 1 39 32 54 54
1394_0043_0012_0038_0038.jpg 1 43 12 38 38
1395_0052_0009_0038_0038.jpg 1 52 9 38 38
1396_0026_0020_0039_0039.jpg 1 26 20 39 39
1397_0007_0018_0059_0059.jpg 1 7 18 59 59
1398_0007_0030_0063_0063.jpg 1 7 30 63 63
1399_0013_0042_0031_0031.jpg 1 13 42 31 31
1400_0023_0023_0060_0060.jpg 1 23 23 60 60
1401_0059_0047_0032_0032.jpg 1 59 47 32 32
1402_0031_0012_0049_0049.jpg 1 31 12 49 49
1403_0008_0013_0060_0060.jpg 1 8 13 60 60
1404_0045_0050_0031_0031.jpg 1 45 50 31 31
1405_0030_0021_0057_0057.jpg 1 30 21 57 57
1406_0044_0017_0036_0036.jpg 1 44 17 36 36
1407_0023_0016_0067_0067.jpg 1 23 16 67 67
1408_0007_0034_0056_0056.jpg 1 7 34 56 56
1409_0005_0005_0052_0052.jpg 1 5 5 52 52
1410_0022_0043_0028_0028.jpg 1 22 43 28 28
1411_0041_0027_0034_0034.jpg 1 41 27 34 34
1412_0047_0013_0038_0038.jpg 1 47 13 38 38
1413_0008_0026_0059_0059.jpg 1 8 26 59 59
1414_0017_0016_0064_0064.jpg 1 17 16 64 64
1415_0016_0033_0032_0032.jpg 1 16 33 32 32
1416_0040_0015_0046_0046.jpg 1 40 15 46 46
1417_0047_0028_0042_0042.jpg 1 47 28 42 42
1418_0021_0016_0034_0034.jpg 1 21 16 34 34
1419_0032_0021_0048_0048.jpg 1 32 21 48 48
1420_0005_0034_0058_0058.jpg 1 5 34 58 58
1421_0026_0032_0034_0034.jpg 1 26 32 34 34
1422_0063_0047_0029_0029.jpg 1 63 47 29 29
1423_0028_0018_0057_0057.jpg 1 28 18 57 57
1424_0006_0022_0046_0046.jpg 1 6 22 46 46
1425_0038_0046_0027_0027.jpg 1 38 46 27 27
1426_0010_0021_0047_0047.jpg 1 10 21 47 47
1427_0021_0020_0032_0032.jpg 1 21 20 32 32
1428_0018_0007_0054_0054.jpg 1 18 7 54 54
1429_0017_0010_0041_0041.jpg 1 17 10 41 41
1430_0028_0029_0056_0056.jpg 1 28 29 56 56
1431_0034_0016_0055_0055.jpg 1 34 16 55 55
1432_0053_0018_0035_0035.jpg 1 53 18 35 35
1433_0008_0041_0048_0048.jpg 1 8 41 48 48
1434_0007_0044_0042_0042.jpg 1 7 44 42 42
1435_0019_0016_0068_0068.jpg 1 19 16 68 68
1436_0005_0010_0058_0058.jpg 1 5 10 58 58
1437_0015_0032_0038_0038.jpg 1 15 32 38 38
1438_0025_0030_0042_0042.jpg 1 25 30 42 42
1439_0006_0007_0066_0066.jpg 1 6 7 66 66
1440_0028_0006_0063_0063.jpg 1 28 6 63 63
1441_0015_0030_0064_0064.jpg 1 15 30 64 64
1442_0033_0004_0061_0061.jpg 1 33 4 61 61
1443_0017_0031_0051_0051.jpg 1 17 31 51 51
1444_0007_0042_0049_0049.jpg 1 7 42 49 49
1445_0019_0022_0036_0036.jpg 1 19 22 36 36
1446_0029_0035_0053_0053.jpg 1 29 35 53 53
1447_0020_0008_0069_0069.jpg 1 20 8 69 69
1448_0039_0045_0027_0027.jpg 1 39 45 27 27
1449_0045_0049_0041_0041.jpg 1 45 49 41 41
1450_0007_0018_0051_0051.jpg 1 7 18 51 51
1451_0018_0029_0055_0055.jpg 1 18 29 55 55
1452_0010_0047_0040_0040.jpg 1 10 47 40 40
1453_0005_0011_0051_0051.jpg 1 5 11 51 51
1454_0027_0018_0062_0062.jpg 1 27 18 62 62
1455_0005_0013_0063_0063.jpg 1 5 13 63 63
1456_0028_0011_0067_0067.jpg 1 28 11 67 67
1457_0021_0023_0065_0065.jpg 1 21 23 65 65
1458_0011_0026_0064_0064.jpg 1 11 26 64 64
1459_0029_0015_0058_0058.jpg 1 29 15 58 58
1460_0041_0055_0029_0029.jpg 1 41 55 29 29
1461_0030_0008_0056_0056.jpg 1 30 8 56 56
1462_0062_0025_0027_0027.jpg 1 62 25 27 27
1463_0010_0022_0044_0044.jpg 1 10 22 44 44
1464_0020_0010_0039_0039.jpg 1 20 10 39 39
1465_0025_0023_0057_0057.jpg 1 25 23 57 57
1466_0035_0004_0057_0057.jpg 1 35 4 57 57
1467_0009_0005_0069_0069.jpg 1 9 5 69 69
1468_0020_0008_0069_0069.jpg 1 20 8 69 69
1469_0021_0004_0064_0064.jpg 1 21 4 64 64
1470_0068_0068_0024_0024.jpg 1 68 68 24 24
1471_0042_0050_0043_0043.jpg 1 42 50 43 43
1472_0018_0029_0050_0050.jpg 1 18 29 50 50
1473_0029_0011_0058_0058.jpg 1 29 11 58 58
1474_0032_0006_0052_0052.jpg 1 32 6 52 52
1475_0023_0014_0045_0045.jpg 1 23 14 45 45
1476_0027_0049_0035_0035.jpg 1 27 49 35 35
1477_0022_0009_0061_0061.jpg 1 22 9 61 61
1478_0036_0019_0045_0045.jpg 1 36 19 45 45
1479_0012_0026_0054_0054.jpg 1 12 26 54 54
1480_0010_0022_0038_0038.jpg 1 10 22 38 38
1481_0026_0040_0028_0028.jpg 1 26 40 28 28
1482_0012_0013_0061_0061.jpg 1 12 13 61 61
1483_0037_0035_0043_0043.jpg 1 37 35 43 43
1484_0014_0021_0047_0047.jpg 1 14 21 47 47
1485_0008_0026_0043_0043.jpg 1 8 26 43 43
1486_0015_0011_0031_0031.jpg 1 15 11 31 31
1487_0027_0028_0059_0059.jpg 1 27 28 59 59
1488_0034_0042_0046_0046.jpg 1 34 42 46 46
1489_0018_0012_0060_0060.jpg 1 18 12 60 60
1490_0044_0044_0050_0050.jpg 1 44 44 50 50
1491_0018_0032_0052_0052.jpg 1 18 32 52 52
1492_0057_0007_0025_0025.jpg 1 57 7 25 25
1493_0022_0017_0054_0054.jpg 1 22 17 54 54
1494_0005_0026_0069_0069.jpg 1 5 26 69 69
1495_0034_0017_0034_0034.jpg 1 34 17 34 34
1496_0013_0019_0051_0051.jpg 1 13 19 51 51
1497_0025_0029_0066_0066.jpg 1 25 29 66 66
1498_0008_0012_0067_0067.jpg 1 8 12 67 67
1499_0031_0045_0029_0029.jpg 1 31 45 29 29
1500_0027_0013_0067_0067.jpg 1 27 13 67 67
1501_0007_0011_0058_0058.jpg 1 7 11 58 58
1502_0044_0051_0032_0032.jpg 1 44 51 32 32
1503_0036_0031_0057_0057.jpg 1 36 31 57 57
1504_0018_0028_0066_0066.jpg 1 18 28 66 66
1505_0030_0044_0029_0029.jpg 1 30 44 29 29
1506_0041_0033_0050_0050.jpg 1 41 33 50 50
1507_0027_0031_0049_0049.jpg 1 27 31 49 49
1508_0042_0024_0028_0028.jpg 1 42 24 28 28
1509_0032_0024_0042_0042.jpg 1 32 24 42 42
1510_0038_0043_0039_0039.jpg 1 38 43 39 39
1511_0038_0013_0024_0024.jpg 1 38 13 24 24
1512_0028_0058_0029_0029.jpg 1 28 58 29 29
1513_0025_0039_0044_0044.jpg 1 25 39 44 44
1514_0025_0011_0054_0054.jpg 1 25 11 54 54
1515_0034_0028_0035_0035.jpg 1 34 28 35 35
1516_0020_0016_0061_0061.jpg 1 20 16 61 61
1517_0027_0037_0051_0051.jpg 1 27 37 51 51
1518_0030_0009_0026_0026.jpg 1 30 9 26 26
1519_0010_0004_0069_0069.jpg 1 10 4 69 69
1520_0023_0024_0069_0069.jpg 1 23 24 69 69
1521_0013_0008_0052_0052.jpg 1 13 8 52 52
1522_0030_0013_0049_0049.jpg 1 30 13 49 49
1523_0013_0035_0054_0054.jpg 1 13 35 54 54
1524_0061_0027_0031_0031.jpg 1 61 27 31 31
1525_0006_0012_0064_0064.jpg 1 6 12 64 64
1526_0009_0005_0053_0053.jpg 1 9 5 53 53
1527_0042_0044_0050_0050.jpg 1 42 44 50 50
1528_0061_0047_0031_0031.jpg 1 61 47 31 31
1529_0011_0015_0051_0051.jpg 1 11 15 51 51
1530_0044_0020_0044_0044.jpg 1 44 20 44 44
1531_0019_0007_0061_0061.jpg 1 19 7 61 61
1532_0022_0010_0059_0059.jpg 1 22 10 59 59
1533_0050_0048_0038_0038.jpg 1 50 48 38 38
1534_0037_0021_0048_0048.jpg 1 37 21 48 48
1535_0011_0014_0060_0060.jpg 1 11 14 60 60
1536_0016_0007_0059_0059.jpg 1 16 7 59 59
1537_0010_0055_0028_0028.jpg 1 10 55 28 28
1538_0054_0008_0025_0025.jpg 1 54 8 25 25
1539_0026_0022_0055_0055.jpg 1 26 22 55 55
1540_0040_0039_0045_0045.jpg 1 40 39 45 45
1541_0033_0033_0056_0056.jpg 1 33 33 56 56
1542_0020_0009_0055_0055.jpg 1 20 9 55 55
1543_0041_0032_0025_0025.jpg 1 41 32 25 25
1544_0048_0043_0025_0025.jpg 1 48 43 25 25
1545_0037_0011_0058_0058.jpg 1 37 11 58 58
1546_0031_0031_0052_0052.jpg 1 31 31 52 52
1547_0023_0034_0045_0045.jpg 1 23 34 45 45
1548_0027_0025_0042_0042.jpg 1 27 25 42 42
1549_0031_0030_0052_0052.jpg 1 31 30 52 52
1550_0024_0022_0045_0045.jpg 1 24 22 45 45
1551_0027_0047_0026_0026.jpg 1 27 47 26 26
1552_0021_0051_0024_0024.jpg 1 21 51 24 24
1553_0035_0011_0059_0059.jpg 1 35 11 59 59
1554_0007_0028_0058_0058.jpg 1 7 28 58 58
1555_0007_0034_0051_0051.jpg 1 7 34 51 51
1556_0014_0052_0031_0031.jpg 1 14 52 31 31
1557_0045_0052_0033_0033.jpg 1 45 52 33 33
1558_0029_0018_0036_0036.jpg 1 29 18 36 36
1559_0012_0019_0027_0027.jpg 1 12 19 27 27
1560_0007_0025_0063_0063.jpg 1 7 25 63 63
1561_0035_0044_0030_0030.jpg 1 35 44 30 30
1562_0027_0033_0036_0036.jpg 1 27 33 36 36
1563_0032_0035_0058_0058.jpg 1 32 35 58 58
1564_0008_0015_0058_0058.jpg 1 8 15 58 58
1565_0006_0013_0044_0044.jpg 1 6 13 44 44
1566_0043_0050_0044_0044.jpg 1 43 50 44 44
1567_0026_0041_0052_0052.jpg 1 26 41 52 52
1568_0050_0040_0026_0026.jpg 1 50 40 26 26
1569_0035_0011_0046_0046.jpg 1 35 11 46 46
1570_0038_0027_0034_0034.jpg 1 38 27 34 34
1571_0041_0021_0041_0041.jpg 1 41 21 41 41
1572_0005_0022_0054_0054.jpg 1 5 22 54 54
1573_0013_0035_0060_0060.jpg 1 13 35 60 60
1574_0022_0024_0057_0057.jpg 1 22 24 57 57
1575_0004_0016_0069_0069.jpg 1 4 16 69 69
1576_0043_0053_0030_0030.jpg 1 43 53 30 30
1577_0036_0012_0040_0040.jpg 1 36 12 40 40
1578_0026_0031_0063_0063.jpg 1 26 31 63 63
1579_0039_0024_0043_0043.jpg 1 39 24 43 43
1580_0061_0010_0024_0024.jpg 1 61 10 24 24
1581_0019_0046_0029_0029.jpg 1 19 46 29 29
1582_0035_0007_0045_0045.jpg 1 35 7 45 45
1583_0052_0035_0033_0033.jpg 1 52 35 33 33
1584_0031_0030_0065_0065.jpg 1 31 30 65 65
1585_0033_0024_0059_0059.jpg 1 33 24 59 59
1586_0033_0008_0053_0053.jpg 1 33 8 53 53
1587_0009_0030_0032_0032.jpg 1 9 30 32 32
1588_0010_0016_0026_0026.jpg 1 10 16 26 26
1589_0019_0008_0049_0049.jpg 1 19 8 49 49
1590_0019_0030_0065_0065.jpg 1 19 30 65 65
1591_0005_0021_0067_0067.jpg 1 5 21 67 67
1592_0030_0019_0055_0055.jpg 1 30 19 55 55
1593_0036_0007_0047_0047.jpg 1 36 7 47 47
1594_0043_0045_0025_0025.jpg 1 43 45 25 25
1595_0051_0021_0041_0041.jpg 1 51 21 41 41
1596_0008_0044_0044_0044.jpg 1 8 44 44 44
1597_0022_0019_0053_0053.jpg 1 22 19 53 53
1598_0025_0003_0069_0069.jpg 1 25 3 69 69
1599_0065_0015_0026_0026.jpg 1 65 15 26 26
1600_0048_0023_0024_0024.jpg 1 48 23 24 24
1601_0013_0009_0065_0065.jpg 1 13 9 65 65
1602_0046_0046_0032_0032.jpg 1 46 46 32 32
1603_0007_0011_0025_0025.jpg 1 7 11 25 25
1604_0014_0024_0038_0038.jpg 1 14 24 38 38
1605_0019_0022_0062_0062.jpg 1 19 22 62 62
1606_0007_0044_0043_0043.jpg 1 7 44 43 43
1607_0044_0028_0031_0031.jpg 1 44 28 31 31
1608_0047_0022_0035_0035.jpg 1 47 22 35 35
1609_0032_0032_0053_0053.jpg 1 32 32 53 53
1610_0011_0017_0064_0064.jpg 1 11 17 64 64
1611_0017_0013_0038_0038.jpg 1 17 13 38 38
1612_0017_0020_0037_0037.jpg 1 17 20 37 37
1613_0040_0018_0027_0027.jpg 1 40 18 27 27
1614_0015_0022_0063_0063.jpg 1 15 22 63 63
1615_0016_0008_0043_0043.jpg 1 16 8 43 43
1616_0028_0033_0029_0029.jpg 1 28 33 29 29
1617_0021_0025_0062_0062.jpg 1 21 25 62 62
1618_0052_0007_0033_0033.jpg 1 52 7 33 33
1619_0024_0027_0062_0062.jpg 1 24 27 62 62
1620_0011_0062_0028_0028.jpg 1 11 62 28 28
1621_0037_0034_0037_0037.jpg 1 37 34 37 37
1622_0013_0031_0044_0044.jpg 1 13 31 44 44
1623_0044_0050_0037_0037.jpg 1 44 50 37 37
1624_0017_0024_0046_0046.jpg 1 17 24 46 46
1625_0016_0014_0064_0064.jpg 1 16 14 64 64
1626_0007_0027_0060_0060.jpg 1 7 27 60 60
1627_0040_0010_0032_0032.jpg 1 40 10 32 32
1628_0007_0015_0049_0049.jpg 1 7 15 49 49
1629_0037_0019_0049_0049.jpg 1 37 19 49 49
1630_0034_0016_0035_0035.jpg 1 34 16 35 35
1631_0008_0048_0024_0024.jpg 1 8 48 24 24
1632_0031_0029_0058_0058.jpg 1 31 29 58 58
1633_0019_0017_0046_0046.jpg 1 19 17 46 46
1634_0015_0019_0053_0053.jpg 1 15 19 53 53
1635_0039_0037_0056_0056.jpg 1 39 37 56 56
1636_0027_0008_0061_0061.jpg 1 27 8 61 61
1637_0008_0019_0062_0062.jpg 1 8 19 62 62
1638_0007_0008_0060_0060.jpg 1 7 8 60 60
1639_0047_0027_0028_0028.jpg 1 47 27 28 28
1640_0041_0038_0051_0051.jpg 1 41 38 51 51
1641_0035_0005_0057_0057.jpg 1 35 5 57 57
1642_0050_0035_0038_0038.jpg 1 50 35 38 38
1643_0035_0048_0038_0038.jpg 1 35 48 38 38
1644_0043_0014_0036_0036.jpg 1 43 14 36 36
1645_0036_0041_0039_0039.jpg 1 36 41 39 39
1646_0017_0008_0047_0047.jpg 1 17 8 47 47
1647_0052_0013_0041_0041.jpg 1 52 13 41 41
1648_0011_0026_0040_0040.jpg 1 11 26 40 40
1649_0008_0025_0056_0056.jpg 1 8 25 56 56
1650_0015_0008_0061_0061.jpg 1 15 8 61 61
1651_0005_0004_0059_0059.jpg 1 5 4 59 59
1652_0026_0036_0048_0048.jpg 1 26 36 48 48
1653_0046_0021_0038_0038.jpg 1 46 21 38 38
1654_0050_0019_0043_0043.jpg 1 50 19 43 43
1655_0040_0016_0034_0034.jpg 1 40 16 34 34
1656_0022_0015_0060_0060.jpg 1 22 15 60 60
1657_0039_0037_0029_0029.jpg 1 39 37 29 29
1658_0030_0032_0058_0058.jpg 1 30 32 58 58
1659_0039_0027_0048_0048.jpg 1 39 27 48 48
1660_0018_0006_0065_0065.jpg 1 18 6 65 65
1661_0004_0030_0059_0059.jpg 1 4 30 59 59
1662_0037_0024_0051_0051.jpg 1 37 24 51 51
1663_0027_0031_0049_0049.jpg 1 27 31 49 49
1664_0004_0015_0053_0053.jpg 1 4 15 53 53
1665_0005_0031_0059_0059.jpg 1 5 31 59 59
1666_0014_0029_0061_0061.jpg 1 14 29 61 61
1667_0015_0008_0038_0038.jpg 1 15 8 38 38
1668_0054_0039_0035_0035.jpg 1 54 39 35 35
1669_0032_0012_0033_0033.jpg 1 32 12 33 33
1670_0037_0040_0037_0037.jpg 1 37 40 37 37
1671_0007_0015_0058_0058.jpg 1 7 15 58 58
1672_0016_0010_0069_0069.jpg 1 16 10 69 69
1673_0038_0012_0024_0024.jpg 1 38 12 24 24
1674_0028_0019_0058_0058.jpg 1 28 19 58 58
1675_0019_0032_0060_0060.jpg 1 19 32 60 60
1676_0016_0066_0025_0025.jpg 1 16 66 25 25
1677_0025_0022_0068_0068.jpg 1 25 22 68 68
1678_0050_0042_0031_0031.jpg 1 50 42 31 31
1679_0021_0029_0031_0031.jpg 1 21 29 31 31
1680_0026_0011_0057_0057.jpg 1 26 11 57 57
1681_0038_0028_0044_0044.jpg 1 38 28 44 44
1682_0011_0028_0061_0061.jpg 1 11 28 61 61
1683_0030_0013_0050_0050.jpg 1 30 13 50 50
1684_0020_0026_0031_0031.jpg 1 20 26 31 31
1685_0057_0060_0025_0025.jpg 1 57 60 25 25
1686_0018_0029_0064_0064.jpg 1 18 29 64 64
1687_0044_0031_0048_0048.jpg 1 44 31 48 48
1688_0026_0014_0050_0050.jpg 1 26 14 50 50
1689_0045_0039_0038_0038.jpg 1 45 39 38 38
1690_0030_0041_0045_0045.jpg 1 30 41 45 45
1691_0016_0008_0055_0055.jpg 1 16 8 55 55
1692_0010_0018_0056_0056.jpg 1 10 18 56 56
1693_0019_0054_0036_0036.jpg 1 19 54 36 36
1694_0062_0049_0028_0028.jpg 1 62 49 28 28
1695_0057_0047_0034_0034.jpg 1 57 47 34 34
1696_0014_0035_0051_0051.jpg 1 14 35 51 51
1697_0010_0036_0050_0050.jpg 1 10 36 50 50
1698_0008_0019_0060_0060.jpg 1 8 19 60 60
1699_0047_0043_0039_0039.jpg 1 47 43 39 39
1700_0022_0008_0062_0062.jpg 1 22 8 62 62
1701_0013_0048_0044_0044.jpg 1 13 48 44 44
1702_0018_0037_0057_0057.jpg 1 18 37 57 57
1703_0009_0035_0034_0034.jpg 1 9 35 34 34
1704_0027_0011_0048_0048.jpg 1 27 11 48 48
1705_0023_0022_0045_0045.jpg 1 23 22 45 45
1706_0028_0013_0054_0054.jpg 1 28 13 54 54
1707_0059_0035_0024_0024.jpg 1 59 35 24 24
1708_0013_0014_0048_0048.jpg 1 13 14 48 48
1709_0059_0046_0027_0027.jpg 1 59 46 27 27
1710_0008_0010_0064_0064.jpg 1 8 10 64 64
1711_0047_0015_0030_0030.jpg 1 47 15 30 30
1712_0022_0020_0063_0063.jpg 1 22 20 63 63
1713_0006_0013_0069_0069.jpg 1 6 13 69 69
1714_0038_0043_0040_0040.jpg 1 38 43 40 40
1715_0045_0018_0034_0034.jpg 1 45 18 34 34
1716_0032_0046_0040_0040.jpg 1 32 46 40 40
1717_0023_0016_0032_0032.jpg 1 23 16 32 32
1718_0049_0016_0039_0039.jpg 1 49 16 39 39
1719_0048_0046_0032_0032.jpg 1 48 46 32 32
1720_0006_0006_0068_0068.jpg 1 6 6 68 68
1721_0019_0019_0065_0065.jpg 1 19 19 65 65
1722_0019_0025_0048_0048.jpg 1 19 25 48 48
1723_0023_0004_0058_0058.jpg 1 23 4 58 58
1724_0013_0013_0066_0066.jpg 1 13 13 66 66
1725_0032_0032_0044_0044.jpg 1 32 32 44 44
1726_0045_0043_0043_0043.jpg 1 45 43 43 43
1727_0050_0046_0041_0041.jpg 1 50 46 41 41
1728_0025_0026_0053_0053.jpg 1 25 26 53 53
1729_0010_0010_0062_0062.jpg 1 10 10 62 62
1730_0011_0044_0048_0048.jpg 1 11 44 48 48
1731_0029_0022_0067_0067.jpg 1 29 22 67 67
1732_0018_0023_0054_0054.jpg 1 18 23 54 54
1733_0047_0030_0024_0024.jpg 1 47 30 24 24
1734_0016_0013_0040_0040.jpg 1 16 13 40 40
1735_0054_0035_0032_0032.jpg 1 54 35 32 32
1736_0050_0019_0044_0044.jpg 1 50 19 44 44
1737_0029_0008_0059_0059.jpg 1 29 8 59 59
1738_0015_0008_0069_0069.jpg 1 15 8 69 69
1739_0018_0019_0062_0062.jpg 1 18 19 62 62
1740_0030_0021_0037_0037.jpg 1 30 21 37 37
1741_0067_0044_0024_0024.jpg 1 67 44 24 24
1742_0017_0007_0069_0069.jpg 1 17 7 69 69
1743_0033_0037_0026_0026.jpg 1 33 37 26 26
1744_0009_0033_0052_0052.jpg 1 9 33 52 52
1745_0050_0028_0036_0036.jpg 1 50 28 36 36
1746_0008_0042_0041_0041.jpg 1 8 42 41 41
1747_0007_0029_0065_0065.jpg 1 7 29 65 65
1748_0031_0006_0052_0052.jpg 1 31 6 52 52
1749_0022_0025_0060_0060.jpg 1 22 25 60 60
1750_0018_0030_0050_0050.jpg 1 18 30 50 50
1751_0018_0007_0055_0055.jpg 1 18 7 55 55
1752_0025_0019_0064_0064.jpg 1 25 19 64 64
1753_0032_0052_0028_0028.jpg 1 32 52 28 28
1754_0046_0035_0028_0028.jpg 1 46 35 28 28
1755_0057_0054_0028_0028.jpg 1 57 54 28 28
1756_0066_0031_0024_0024.jpg 1 66 31 24 24
1757_0048_0026_0046_0046.jpg 1 48 26 46 46
1758_0026_0039_0041_0041.jpg 1 26 39 41 41
1759_0026_0045_0046_0046.jpg 1 26 45 46 46
1760_0008_0014_0054_0054.jpg 1 8 14 54 54
1761_0041_0022_0048_0048.jpg 1 41 22 48 48
1762_0015_0025_0044_0044.jpg 1 15 25 44 44
1763_0012_0011_0061_0061.jpg 1 12 11 61 61
1764_0035_0014_0037_0037.jpg 1 35 14 37 37
1765_0038_0054_0029_0029.jpg 1 38 54 29 29
1766_0008_0013_0032_0032.jpg 1 8 13 32 32
1767_0040_0023_0050_0050.jpg 1 40 23 50 50
1768_0011_0020_0069_0069.jpg 1 11 20 69 69
1769_0006_0024_0051_0051.jpg 1 6 24 51 51
1770_0013_0024_0056_0056.jpg 1 13 24 56 56
1771_0004_0024_0063_0063.jpg 1 4 24 63 63
1772_0015_0006_0053_0053.jpg 1 15 6 53 53
1773_0044_0005_0050_0050.jpg 1 44 5 50 50
1774_0057_0035_0025_0025.jpg 1 57 35 25 25
1775_0027_0009_0056_0056.jpg 1 27 9 56 56
1776_0038_0025_0031_0031.jpg 1 38 25 31 31
1777_0024_0037_0032_0032.jpg 1 24 37 32 32
1778_0021_0006_0043_0043.jpg 1 21 6 43 43
1779_0033_0027_0051_0051.jpg 1 33 27 51 51
1780_0035_0018_0045_0045.jpg 1 35 18 45 45
1781_0018_0035_0036_0036.jpg 1 18 35 36 36
1782_0017_0014_0068_0068.jpg 1 17 14 68 68
1783_0008_0007_0047_0047.jpg 1 8 7 47 47
1784_0035_0038_0035_0035.jpg 1 35 38 35 35
1785_0008_0019_0027_0027.jpg 1 8 19 27 27
1786_0011_0019_0045_0045.jpg 1 11 19 45 45
1787_0010_0024_0066_0066.jpg 1 10 24 66 66
1788_0020_0009_0066_0066.jpg 1 20 9 66 66
1789_0010_0021_0045_0045.jpg 1 10 21 45 45
1790_0014_0006_0059_0059.jpg 1 14 6 59 59
1791_0019_0020_0064_0064.jpg 1 19 20 64 64
1792_0036_0039_0055_0055.jpg 1 36 39 55 55
1793_0025_0017_0065_0065.jpg 1 25 17 65 65
1794_0055_0011_0032_0032.jpg 1 55 11 32 32
1795_0056_0033_0024_0024.jpg 1 56 33 24 24
1796_0060_0035_0026_0026.jpg 1 60 35 26 26
1797_0017_0045_0039_0039.jpg 1 17 45 39 39
1798_0026_0033_0045_0045.jpg 1 26 33 45 45
1799_0042_0021_0045_0045.jpg 1 42 21 45 45
1800_0007_0031_0060_0060.jpg 1 7 31 60 60
1801_0019_0039_0039_0039.jpg 1 19 39 39 39
1802_0035_0018_0034_0034.jpg 1 35 18 34 34
1803_0026_0017_0056_0056.jpg 1 26 17 56 56
1804_0016_0026_0067_0067.jpg 1 16 26 67 67
1805_0055_0028_0029_0029.jpg 1 55 28 29 29
1806_0053_0032_0036_0036.jpg 1 53 32 36 36
1807_0034_0029_0034_0034.jpg 1 34 29 34 34
1808_0021_0047_0024_0024.jpg 1 21 47 24 24
1809_0015_0010_0036_0036.jpg 1 15 10 36 36
1810_0043_0034_0048_0048.jpg 1 43 34 48 48
1811_0012_0027_0063_0063.jpg 1 12 27 63 63
1812_0030_0014_0061_0061.jpg 1 30 14 61 61
1813_0023_0018_0041_0041.jpg 1 23 18 41 41
1814_0026_0012_0068_0068.jpg 1 26 12 68 68
1815_0044_0024_0043_0043.jpg 1 44 24 43 43
1816_0015_0010_0052_0052.jpg 1 15 10 52 52
1817_0028_0031_0058_0058.jpg 1 28 31 58 58
1818_0030_0062_0026_0026.jpg 1 30 62 26 26
1819_0042_0031_0048_0048.jpg 1 42 31 48 48
1820_0025_0027_0069_0069.jpg 1 25 27 69 69
1821_0033_0010_0053_0053.jpg 1 33 10 53 53
1822_0049_0039_0031_0031.jpg 1 49 39 31 31
1823_0007_0004_0060_0060.jpg 1 7 4 60 60
1824_0049_0018_0038_0038.jpg 1 49 18 38 38
1825_0059_0027_0034_0034.jpg 1 59 27 34 34
1826_0009_0030_0064_0064.jpg 1 9 30 64 64
1827_0009_0027_0039_0039.jpg 1 9 27 39 39
1828_0009_0009_0040_0040.jpg 1 9 9 40 40
1829_0007_0054_0038_0038.jpg 1 7 54 38 38
1830_0037_0036_0048_0048.jpg 1 37 36 48 48
1831_0012_0024_0036_0036.jpg 1 12 24 36 36
1832_0036_0059_0026_0026.jpg 1 36 59 26 26
1833_0034_0017_0027_0027.jpg 1 34 17 27 27
1834_0025_0037_0057_0057.jpg 1 25 37 57 57
1835_0026_0030_0062_0062.jpg 1 26 30 62 62
1836_0037_0035_0035_0035.jpg 1 37 35 35 35
1837_0006_0007_0059_0059.jpg 1 6 7 59 59
1838_0013_0021_0061_0061.jpg 1 13 21 61 61
1839_0014_0057_0032_0032.jpg 1 14 57 32 32
1840_0054_0012_0037_0037.jpg 1 54 12 37 37
1841_0028_0054_0034_0034.jpg 1 28 54 34 34
1842_0029_0006_0061_0061.jpg 1 29 6 61 61
1843_0029_0030_0039_0039.jpg 1 29 30 39 39
1844_0047_0008_0042_0042.jpg 1 47 8 42 42
1845_0016_0011_0026_0026.jpg 1 16 11 26 26
1846_0032_0015_0060_0060.jpg 1 32 15 60 60
1847_0008_0037_0051_0051.jpg 1 8 37 51 51
1848_0012_0048_0033_0033.jpg 1 12 48 33 33
1849_0032_0038_0057_0057.jpg 1 32 38 57 57
1850_0005_0019_0063_0063.jpg 1 5 19 63 63
1851_0015_0026_0059_0059.jpg 1 15 26 59 59
1852_0012_0026_0048_0048.jpg 1 12 26 48 48
1853_0033_0036_0045_0045.jpg 1 33 36 45 45
1854_0010_0027_0064_0064.jpg 1 10 27 64 64
1855_0009_0029_0061_0061.jpg 1 9 29 61 61
1856_0024_0031_0028_0028.jpg 1 24 31 28 28
1857_0011_0012_0049_0049.jpg 1 11 12 49 49
1858_0010_0026_0057_0057.jpg 1 10 26 57 57
1859_0019_0040_0039_0039.jpg 1 19 40 39 39
1860_0022_0033_0036_0036.jpg 1 22 33 36 36
1861_0027_0013_0059_0059.jpg 1 27 13 59 59
1862_0035_0007_0057_0057.jpg 1 35 7 57 57
1863_0031_0037_0053_0053.jpg 1 31 37 53 53
1864_0055_0035_0033_0033.jpg 1 55 35 33 33
1865_0008_0027_0063_0063.jpg 1 8 27 63 63
1866_0013_0037_0027_0027.jpg 1 13 37 27 27
1867_0035_0049_0036_0036.jpg 1 35 49 36 36
1868_0030_0010_0052_0052.jpg 1 30 10 52 52
1869_0026_0008_0068_0068.jpg 1 26 8 68 68
1870_0038_0006_0049_0049.jpg 1 38 6 49 49
1871_0008_0046_0037_0037.jpg 1 8 46 37 37
1872_0035_0009_0024_0024.jpg 1 35 9 24 24
1873_0055_0038_0035_0035.jpg 1 55 38 35 35
1874_0025_0020_0052_0052.jpg 1 25 20 52 52
1875_0034_0007_0058_0058.jpg 1 34 7 58 58
1876_0047_0016_0029_0029.jpg 1 47 16 29 29
1877_0036_0027_0028_0028.jpg 1 36 27 28 28
1878_0004_0030_0066_0066.jpg 1 4 30 66 66
1879_0042_0022_0050_0050.jpg 1 42 22 50 50
1880_0014_0024_0026_0026.jpg 1 14 24 26 26
1881_0007_0013_0064_0064.jpg 1 7 13 64 64
1882_0037_0028_0034_0034.jpg 1 37 28 34 34
1883_0010_0021_0057_0057.jpg 1 10 21 57 57
1884_0015_0013_0061_0061.jpg 1 15 13 61 61
1885_0011_0026_0052_0052.jpg 1 11 26 52 52
1886_0009_0031_0049_0049.jpg 1 9 31 49 49
1887_0040_0015_0028_0028.jpg 1 40 15 28 28
1888_0019_0035_0048_0048.jpg 1 19 35 48 48
1889_0013_0013_0060_0060.jpg 1 13 13 60 60
1890_0049_0012_0041_0041.jpg 1 49 12 41 41
1891_0048_0058_0027_0027.jpg 1 48 58 27 27
1892_0037_0031_0058_0058.jpg 1 37 31 58 58
1893_0028_0048_0042_0042.jpg 1 28 48 42 42
1894_0035_0051_0029_0029.jpg 1 35 51 29 29
1895_0048_0053_0036_0036.jpg 1 48 53 36 36
1896_0022_0023_0060_0060.jpg 1 22 23 60 60
1897_0026_0024_0060_0060.jpg 1 26 24 60 60
1898_0020_0006_0069_0069.jpg 1 20 6 69 69
1899_0020_0016_0064_0064.jpg 1 20 16 64 64
1900_0028_0025_0061_0061.jpg 1 28 25 61 61
