#-----------------------------------------------------------
# Vivado v2017.2 (64-bit)
# SW Build 1909853 on Thu Jun 15 18:39:09 MDT 2017
# IP Build 1909766 on Thu Jun 15 19:58:00 MDT 2017
# Start of session at: Tue Apr 17 16:35:49 2018
# Process ID: 7140
# Current directory: C:/dkaputa/blink_rover_axi/project
# Command line: vivado.exe -gui_launcher_event rodinguilauncherevent9532 C:\dkaputa\blink_rover_axi\project\blink.xpr
# Log file: C:/dkaputa/blink_rover_axi/project/vivado.log
# Journal file: C:/dkaputa/blink_rover_axi/project\vivado.jou
#-----------------------------------------------------------
start_gui
open_project C:/dkaputa/blink_rover_axi/project/blink.xpr
Scanning sources...
Finished scanning sources
INFO: [IP_Flow 19-234] Refreshing IP repositories
INFO: [IP_Flow 19-1700] Loaded user IP repository 'c:/dkaputa/blink_rover_axi/ip'.
INFO: [IP_Flow 19-2313] Loaded Vivado IP repository 'C:/Xilinx/Vivado/2017.2/data/ip'.
open_project: Time (s): cpu = 00:00:19 ; elapsed = 00:00:10 . Memory (MB): peak = 809.914 ; gain = 79.418
update_compile_order -fileset sources_1
open_hw
connect_hw_server
INFO: [Labtools 27-2285] Connecting to hw_server url TCP:localhost:3121
INFO: [Labtools 27-2222] Launching hw_server...
INFO: [Labtools 27-2221] Launch Output:

****** Xilinx hw_server v2017.2
  **** Build date : Jun 15 2017-18:53:26
    ** Copyright 1986-2017 Xilinx, Inc. All Rights Reserved.


open_hw_target
INFO: [Labtoolstcl 44-466] Opening hw_target localhost:3121/xilinx_tcf/Digilent/210299A5726C
set_property PROGRAM.FILE {C:/dkaputa/blink_rover_axi/project/blink.runs/impl_1/design_1_wrapper.bit} [get_hw_devices xc7z010_1]
set_property PROBES.FILE {C:/dkaputa/blink_rover_axi/project/blink.runs/impl_1/design_1_wrapper.ltx} [get_hw_devices xc7z010_1]
set_property FULL_PROBES.FILE {C:/dkaputa/blink_rover_axi/project/blink.runs/impl_1/design_1_wrapper.ltx} [get_hw_devices xc7z010_1]
current_hw_device [get_hw_devices xc7z010_1]
refresh_hw_device [lindex [get_hw_devices xc7z010_1] 0]
INFO: [Labtools 27-1434] Device xc7z010 (JTAG device index = 1) is programmed with a design that has no supported debug core(s) in it.
WARNING: [Labtools 27-3361] The debug hub core was not detected.
Resolution: 
1. Make sure the clock connected to the debug hub (dbg_hub) core is a free running clock and is active.
2. Make sure the BSCAN_SWITCH_USER_MASK device property in Vivado Hardware Manager reflects the user scan chain setting in the design and refresh the device.  To determine the user scan chain setting in the design, open the implemented design and use 'get_property C_USER_SCAN_CHAIN [get_debug_cores dbg_hub]'.
For more details on setting the scan chain property, consult the Vivado Debug and Programming User Guide (UG908).
WARNING: [Labtools 27-1974] Mismatch between the design programmed into the device xc7z010_1 and the probes file(s) C:/dkaputa/blink_rover_axi/project/blink.runs/impl_1/design_1_wrapper.ltx.
The device design has 0 ILA core(s) and 0 VIO core(s). The probes file(s) have 1 ILA core(s) and 0 VIO core(s).
Resolution: 
1. Reprogram device with the correct programming file and associated probes file(s) OR
2. Goto device properties and associate the correct probes file(s) with the programming file already programmed in the device.
set_property PROBES.FILE {C:/dkaputa/blink_rover_axi/project/blink.runs/impl_1/design_1_wrapper.ltx} [get_hw_devices xc7z010_1]
set_property FULL_PROBES.FILE {C:/dkaputa/blink_rover_axi/project/blink.runs/impl_1/design_1_wrapper.ltx} [get_hw_devices xc7z010_1]
set_property PROGRAM.FILE {C:/dkaputa/blink_rover_axi/project/blink.runs/impl_1/design_1_wrapper.bit} [get_hw_devices xc7z010_1]
program_hw_devices [get_hw_devices xc7z010_1]
INFO: [Labtools 27-3164] End of startup status: HIGH
refresh_hw_device [lindex [get_hw_devices xc7z010_1] 0]
INFO: [Labtools 27-2302] Device xc7z010 (JTAG device index = 1) is programmed with a design that has 1 ILA core(s).
display_hw_ila_data [ get_hw_ila_data hw_ila_data_1 -of_objects [get_hw_ilas -of_objects [get_hw_devices xc7z010_1] -filter {CELL_NAME=~"design_1_i/ila_0"}]]
INFO: [Labtools 27-3304] ILA Waveform data saved to file C:/dkaputa/blink_rover_axi/project/blink.hw/backup/hw_ila_data_1.ila. Use Tcl command 'import_hw_ila_data' or Vivado File->Import->Import ILA Data menu item to import the previously saved data.
run_hw_ila [get_hw_ilas -of_objects [get_hw_devices xc7z010_1] -filter {CELL_NAME=~"design_1_i/ila_0"}]
INFO: [Labtools 27-1964] The ILA core 'hw_ila_1' trigger was armed at 2018-Apr-17 16:41:22
wait_on_hw_ila [get_hw_ilas -of_objects [get_hw_devices xc7z010_1] -filter {CELL_NAME=~"design_1_i/ila_0"}]
display_hw_ila_data [upload_hw_ila_data [get_hw_ilas -of_objects [get_hw_devices xc7z010_1] -filter {CELL_NAME=~"design_1_i/ila_0"}]]
INFO: [Labtools 27-1966] The ILA core 'hw_ila_1' triggered at 2018-Apr-17 16:41:22
INFO: [Labtools 27-3304] ILA Waveform data saved to file C:/dkaputa/blink_rover_axi/project/blink.hw/backup/hw_ila_data_1.ila. Use Tcl command 'import_hw_ila_data' or Vivado File->Import->Import ILA Data menu item to import the previously saved data.
