0001_0012_0014_0062_0062.jpg 1 12 14 62 62
0002_0057_0008_0035_0035.jpg 1 57 8 35 35
0003_0026_0008_0066_0066.jpg 1 26 8 66 66
0004_0033_0014_0062_0062.jpg 1 33 14 62 62
0005_0010_0031_0035_0035.jpg 1 10 31 35 35
0006_0044_0022_0031_0031.jpg 1 44 22 31 31
0007_0017_0025_0042_0042.jpg 1 17 25 42 42
0008_0010_0032_0039_0039.jpg 1 10 32 39 39
0009_0020_0049_0036_0036.jpg 1 20 49 36 36
0010_0027_0057_0036_0036.jpg 1 27 57 36 36
0011_0064_0051_0028_0028.jpg 1 64 51 28 28
0012_0018_0014_0066_0066.jpg 1 18 14 66 66
0013_0050_0019_0034_0034.jpg 1 50 19 34 34
0014_0035_0044_0040_0040.jpg 1 35 44 40 40
0015_0030_0040_0049_0049.jpg 1 30 40 49 49
0016_0016_0030_0055_0055.jpg 1 16 30 55 55
0017_0061_0042_0029_0029.jpg 1 61 42 29 29
0018_0050_0023_0041_0041.jpg 1 50 23 41 41
0019_0030_0027_0052_0052.jpg 1 30 27 52 52
0020_0022_0003_0069_0069.jpg 1 22 3 69 69
0021_0012_0045_0045_0045.jpg 1 12 45 45 45
0022_0033_0042_0052_0052.jpg 1 33 42 52 52
0023_0025_0017_0060_0060.jpg 1 25 17 60 60
0024_0010_0025_0052_0052.jpg 1 10 25 52 52
0025_0038_0044_0042_0042.jpg 1 38 44 42 42
0026_0039_0008_0050_0050.jpg 1 39 8 50 50
0027_0020_0016_0034_0034.jpg 1 20 16 34 34
0028_0013_0032_0043_0043.jpg 1 13 32 43 43
0029_0041_0027_0026_0026.jpg 1 41 27 26 26
0030_0031_0040_0031_0031.jpg 1 31 40 31 31
0031_0041_0034_0047_0047.jpg 1 41 34 47 47
0032_0007_0052_0031_0031.jpg 1 7 52 31 31
0033_0022_0009_0056_0056.jpg 1 22 9 56 56
0034_0039_0012_0056_0056.jpg 1 39 12 56 56
0035_0045_0032_0049_0049.jpg 1 45 32 49 49
0036_0030_0040_0044_0044.jpg 1 30 40 44 44
0037_0014_0039_0037_0037.jpg 1 14 39 37 37
0038_0005_0029_0058_0058.jpg 1 5 29 58 58
0039_0043_0021_0044_0044.jpg 1 43 21 44 44
0040_0052_0015_0036_0036.jpg 1 52 15 36 36
0041_0029_0035_0053_0053.jpg 1 29 35 53 53
0042_0019_0035_0037_0037.jpg 1 19 35 37 37
0043_0048_0027_0040_0040.jpg 1 48 27 40 40
0044_0044_0011_0032_0032.jpg 1 44 11 32 32
0045_0025_0044_0047_0047.jpg 1 25 44 47 47
0046_0057_0031_0032_0032.jpg 1 57 31 32 32
0047_0052_0036_0039_0039.jpg 1 52 36 39 39
0048_0007_0063_0027_0027.jpg 1 7 63 27 27
0049_0020_0039_0048_0048.jpg 1 20 39 48 48
0050_0024_0028_0067_0067.jpg 1 24 28 67 67
0051_0011_0032_0049_0049.jpg 1 11 32 49 49
0052_0020_0036_0050_0050.jpg 1 20 36 50 50
0053_0043_0014_0033_0033.jpg 1 43 14 33 33
0054_0044_0025_0047_0047.jpg 1 44 25 47 47
0055_0019_0009_0063_0063.jpg 1 19 9 63 63
0056_0011_0026_0045_0045.jpg 1 11 26 45 45
0057_0043_0060_0031_0031.jpg 1 43 60 31 31
0058_0011_0007_0064_0064.jpg 1 11 7 64 64
0059_0017_0015_0067_0067.jpg 1 17 15 67 67
0060_0018_0015_0034_0034.jpg 1 18 15 34 34
0061_0018_0020_0037_0037.jpg 1 18 20 37 37
0062_0021_0013_0067_0067.jpg 1 21 13 67 67
0063_0029_0016_0056_0056.jpg 1 29 16 56 56
0064_0027_0039_0055_0055.jpg 1 27 39 55 55
0065_0015_0016_0069_0069.jpg 1 15 16 69 69
0066_0014_0034_0050_0050.jpg 1 14 34 50 50
0067_0038_0016_0034_0034.jpg 1 38 16 34 34
0068_0007_0021_0060_0060.jpg 1 7 21 60 60
0069_0014_0003_0064_0064.jpg 1 14 3 64 64
0070_0027_0039_0054_0054.jpg 1 27 39 54 54
0071_0028_0056_0035_0035.jpg 1 28 56 35 35
0072_0051_0053_0036_0036.jpg 1 51 53 36 36
0073_0027_0012_0052_0052.jpg 1 27 12 52 52
0074_0063_0061_0027_0027.jpg 1 63 61 27 27
0075_0024_0040_0030_0030.jpg 1 24 40 30 30
0076_0012_0017_0066_0066.jpg 1 12 17 66 66
0077_0035_0011_0025_0025.jpg 1 35 11 25 25
0078_0014_0029_0061_0061.jpg 1 14 29 61 61
0079_0034_0012_0062_0062.jpg 1 34 12 62 62
0080_0012_0025_0060_0060.jpg 1 12 25 60 60
0081_0027_0011_0044_0044.jpg 1 27 11 44 44
0082_0017_0031_0033_0033.jpg 1 17 31 33 33
0083_0028_0044_0040_0040.jpg 1 28 44 40 40
0084_0042_0038_0049_0049.jpg 1 42 38 49 49
0085_0035_0054_0032_0032.jpg 1 35 54 32 32
0086_0031_0020_0051_0051.jpg 1 31 20 51 51
0087_0031_0029_0046_0046.jpg 1 31 29 46 46
0088_0009_0035_0054_0054.jpg 1 9 35 54 54
0089_0026_0013_0027_0027.jpg 1 26 13 27 27
0090_0007_0055_0030_0030.jpg 1 7 55 30 30
0091_0024_0015_0054_0054.jpg 1 24 15 54 54
0092_0031_0031_0052_0052.jpg 1 31 31 52 52
0093_0048_0014_0028_0028.jpg 1 48 14 28 28
0094_0026_0016_0046_0046.jpg 1 26 16 46 46
0095_0062_0024_0025_0025.jpg 1 62 24 25 25
0096_0055_0040_0028_0028.jpg 1 55 40 28 28
0097_0013_0020_0052_0052.jpg 1 13 20 52 52
0098_0038_0050_0039_0039.jpg 1 38 50 39 39
0099_0030_0028_0062_0062.jpg 1 30 28 62 62
0100_0035_0046_0031_0031.jpg 1 35 46 31 31
0101_0025_0007_0052_0052.jpg 1 25 7 52 52
0102_0040_0009_0052_0052.jpg 1 40 9 52 52
0103_0052_0016_0032_0032.jpg 1 52 16 32 32
0104_0053_0035_0038_0038.jpg 1 53 35 38 38
0105_0029_0043_0039_0039.jpg 1 29 43 39 39
0106_0014_0003_0064_0064.jpg 1 14 3 64 64
0107_0027_0016_0066_0066.jpg 1 27 16 66 66
0108_0027_0019_0056_0056.jpg 1 27 19 56 56
0109_0008_0010_0042_0042.jpg 1 8 10 42 42
0110_0027_0038_0053_0053.jpg 1 27 38 53 53
0111_0016_0006_0060_0060.jpg 1 16 6 60 60
0112_0015_0037_0038_0038.jpg 1 15 37 38 38
0113_0039_0009_0048_0048.jpg 1 39 9 48 48
0114_0025_0042_0048_0048.jpg 1 25 42 48 48
0115_0038_0046_0042_0042.jpg 1 38 46 42 42
0116_0028_0011_0042_0042.jpg 1 28 11 42 42
0117_0039_0039_0027_0027.jpg 1 39 39 27 27
0118_0027_0005_0069_0069.jpg 1 27 5 69 69
0119_0011_0010_0065_0065.jpg 1 11 10 65 65
0120_0024_0032_0035_0035.jpg 1 24 32 35 35
0121_0013_0033_0049_0049.jpg 1 13 33 49 49
0122_0016_0024_0043_0043.jpg 1 16 24 43 43
0123_0013_0014_0037_0037.jpg 1 13 14 37 37
0124_0039_0011_0056_0056.jpg 1 39 11 56 56
0125_0045_0021_0033_0033.jpg 1 45 21 33 33
0126_0021_0050_0041_0041.jpg 1 21 50 41 41
0127_0022_0029_0050_0050.jpg 1 22 29 50 50
0128_0027_0049_0028_0028.jpg 1 27 49 28 28
0129_0031_0055_0031_0031.jpg 1 31 55 31 31
0130_0012_0020_0051_0051.jpg 1 12 20 51 51
0131_0043_0031_0026_0026.jpg 1 43 31 26 26
0132_0031_0041_0051_0051.jpg 1 31 41 51 51
0133_0013_0014_0045_0045.jpg 1 13 14 45 45
0134_0033_0028_0054_0054.jpg 1 33 28 54 54
0135_0020_0038_0041_0041.jpg 1 20 38 41 41
0136_0012_0039_0055_0055.jpg 1 12 39 55 55
0137_0043_0033_0043_0043.jpg 1 43 33 43 43
0138_0035_0017_0054_0054.jpg 1 35 17 54 54
0139_0033_0048_0039_0039.jpg 1 33 48 39 39
0140_0038_0038_0034_0034.jpg 1 38 38 34 34
0141_0018_0026_0062_0062.jpg 1 18 26 62 62
0142_0021_0047_0035_0035.jpg 1 21 47 35 35
0143_0027_0025_0036_0036.jpg 1 27 25 36 36
0144_0057_0022_0036_0036.jpg 1 57 22 36 36
0145_0031_0051_0035_0035.jpg 1 31 51 35 35
0146_0033_0015_0025_0025.jpg 1 33 15 25 25
0147_0050_0049_0042_0042.jpg 1 50 49 42 42
0148_0056_0021_0026_0026.jpg 1 56 21 26 26
0149_0046_0047_0046_0046.jpg 1 46 47 46 46
0150_0033_0048_0033_0033.jpg 1 33 48 33 33
0151_0007_0017_0060_0060.jpg 1 7 17 60 60
0152_0016_0033_0053_0053.jpg 1 16 33 53 53
0153_0019_0019_0064_0064.jpg 1 19 19 64 64
0154_0012_0032_0058_0058.jpg 1 12 32 58 58
0155_0014_0059_0032_0032.jpg 1 14 59 32 32
0156_0009_0035_0035_0035.jpg 1 9 35 35 35
0157_0029_0009_0039_0039.jpg 1 29 9 39 39
0158_0039_0008_0031_0031.jpg 1 39 8 31 31
0159_0031_0021_0042_0042.jpg 1 31 21 42 42
0160_0044_0015_0030_0030.jpg 1 44 15 30 30
0161_0034_0050_0042_0042.jpg 1 34 50 42 42
0162_0038_0013_0054_0054.jpg 1 38 13 54 54
0163_0021_0054_0030_0030.jpg 1 21 54 30 30
0164_0016_0043_0038_0038.jpg 1 16 43 38 38
0165_0063_0041_0028_0028.jpg 1 63 41 28 28
0166_0046_0043_0045_0045.jpg 1 46 43 45 45
0167_0013_0037_0044_0044.jpg 1 13 37 44 44
0168_0015_0021_0047_0047.jpg 1 15 21 47 47
0169_0011_0014_0047_0047.jpg 1 11 14 47 47
0170_0020_0022_0024_0024.jpg 1 20 22 24 24
0171_0010_0015_0067_0067.jpg 1 10 15 67 67
0172_0057_0054_0033_0033.jpg 1 57 54 33 33
0173_0011_0013_0051_0051.jpg 1 11 13 51 51
0174_0020_0051_0036_0036.jpg 1 20 51 36 36
0175_0008_0009_0025_0025.jpg 1 8 9 25 25
0176_0012_0044_0028_0028.jpg 1 12 44 28 28
0177_0050_0040_0038_0038.jpg 1 50 40 38 38
0178_0034_0033_0056_0056.jpg 1 34 33 56 56
0179_0064_0032_0026_0026.jpg 1 64 32 26 26
0180_0015_0019_0069_0069.jpg 1 15 19 69 69
0181_0033_0017_0044_0044.jpg 1 33 17 44 44
0182_0022_0023_0064_0064.jpg 1 22 23 64 64
0183_0017_0007_0056_0056.jpg 1 17 7 56 56
0184_0029_0028_0060_0060.jpg 1 29 28 60 60
0185_0024_0016_0055_0055.jpg 1 24 16 55 55
0186_0014_0023_0066_0066.jpg 1 14 23 66 66
0187_0013_0031_0052_0052.jpg 1 13 31 52 52
0188_0025_0008_0065_0065.jpg 1 25 8 65 65
0189_0007_0004_0065_0065.jpg 1 7 4 65 65
0190_0013_0024_0049_0049.jpg 1 13 24 49 49
0191_0058_0043_0029_0029.jpg 1 58 43 29 29
0192_0011_0014_0060_0060.jpg 1 11 14 60 60
0193_0020_0009_0069_0069.jpg 1 20 9 69 69
0194_0027_0047_0039_0039.jpg 1 27 47 39 39
0195_0020_0034_0041_0041.jpg 1 20 34 41 41
0196_0042_0005_0052_0052.jpg 1 42 5 52 52
0197_0010_0020_0064_0064.jpg 1 10 20 64 64
0198_0022_0052_0040_0040.jpg 1 22 52 40 40
0199_0041_0023_0047_0047.jpg 1 41 23 47 47
0200_0030_0033_0026_0026.jpg 1 30 33 26 26
0201_0006_0022_0069_0069.jpg 1 6 22 69 69
0202_0041_0028_0050_0050.jpg 1 41 28 50 50
0203_0026_0024_0035_0035.jpg 1 26 24 35 35
0204_0025_0014_0069_0069.jpg 1 25 14 69 69
0205_0023_0008_0063_0063.jpg 1 23 8 63 63
0206_0007_0025_0060_0060.jpg 1 7 25 60 60
0207_0055_0022_0034_0034.jpg 1 55 22 34 34
0208_0051_0057_0033_0033.jpg 1 51 57 33 33
0209_0036_0019_0031_0031.jpg 1 36 19 31 31
0210_0032_0047_0042_0042.jpg 1 32 47 42 42
0211_0006_0030_0053_0053.jpg 1 6 30 53 53
0212_0014_0007_0064_0064.jpg 1 14 7 64 64
0213_0019_0031_0034_0034.jpg 1 19 31 34 34
0214_0042_0036_0039_0039.jpg 1 42 36 39 39
0215_0024_0005_0067_0067.jpg 1 24 5 67 67
0216_0054_0035_0037_0037.jpg 1 54 35 37 37
0217_0008_0021_0039_0039.jpg 1 8 21 39 39
0218_0017_0008_0037_0037.jpg 1 17 8 37 37
0219_0057_0018_0026_0026.jpg 1 57 18 26 26
0220_0010_0012_0048_0048.jpg 1 10 12 48 48
0221_0027_0006_0065_0065.jpg 1 27 6 65 65
0222_0019_0031_0053_0053.jpg 1 19 31 53 53
0223_0017_0025_0052_0052.jpg 1 17 25 52 52
0224_0047_0051_0032_0032.jpg 1 47 51 32 32
0225_0035_0019_0035_0035.jpg 1 35 19 35 35
0226_0015_0005_0062_0062.jpg 1 15 5 62 62
0227_0018_0039_0050_0050.jpg 1 18 39 50 50
0228_0044_0052_0034_0034.jpg 1 44 52 34 34
0229_0010_0018_0068_0068.jpg 1 10 18 68 68
0230_0015_0010_0056_0056.jpg 1 15 10 56 56
0231_0009_0016_0065_0065.jpg 1 9 16 65 65
0232_0007_0031_0064_0064.jpg 1 7 31 64 64
0233_0022_0042_0045_0045.jpg 1 22 42 45 45
0234_0022_0039_0042_0042.jpg 1 22 39 42 42
0235_0013_0005_0056_0056.jpg 1 13 5 56 56
0236_0036_0036_0051_0051.jpg 1 36 36 51 51
0237_0019_0010_0066_0066.jpg 1 19 10 66 66
0238_0025_0005_0056_0056.jpg 1 25 5 56 56
0239_0015_0059_0029_0029.jpg 1 15 59 29 29
0240_0057_0025_0028_0028.jpg 1 57 25 28 28
0241_0023_0029_0050_0050.jpg 1 23 29 50 50
0242_0019_0009_0058_0058.jpg 1 19 9 58 58
0243_0006_0010_0066_0066.jpg 1 6 10 66 66
0244_0013_0034_0056_0056.jpg 1 13 34 56 56
0245_0023_0031_0037_0037.jpg 1 23 31 37 37
0246_0037_0044_0033_0033.jpg 1 37 44 33 33
0247_0030_0038_0053_0053.jpg 1 30 38 53 53
0248_0035_0008_0050_0050.jpg 1 35 8 50 50
0249_0038_0017_0025_0025.jpg 1 38 17 25 25
0250_0018_0016_0063_0063.jpg 1 18 16 63 63
0251_0022_0031_0038_0038.jpg 1 22 31 38 38
0252_0041_0042_0035_0035.jpg 1 41 42 35 35
0253_0006_0033_0056_0056.jpg 1 6 33 56 56
0254_0043_0038_0033_0033.jpg 1 43 38 33 33
0255_0029_0054_0034_0034.jpg 1 29 54 34 34
0256_0022_0004_0065_0065.jpg 1 22 4 65 65
0257_0030_0018_0058_0058.jpg 1 30 18 58 58
0258_0039_0007_0054_0054.jpg 1 39 7 54 54
0259_0058_0030_0025_0025.jpg 1 58 30 25 25
0260_0005_0010_0050_0050.jpg 1 5 10 50 50
0261_0030_0033_0030_0030.jpg 1 30 33 30 30
0262_0044_0037_0041_0041.jpg 1 44 37 41 41
0263_0045_0034_0029_0029.jpg 1 45 34 29 29
0264_0042_0046_0024_0024.jpg 1 42 46 24 24
0265_0028_0062_0027_0027.jpg 1 28 62 27 27
0266_0047_0039_0034_0034.jpg 1 47 39 34 34
0267_0030_0046_0043_0043.jpg 1 30 46 43 43
0268_0047_0030_0046_0046.jpg 1 47 30 46 46
0269_0008_0044_0029_0029.jpg 1 8 44 29 29
0270_0047_0016_0033_0033.jpg 1 47 16 33 33
0271_0028_0016_0067_0067.jpg 1 28 16 67 67
0272_0045_0019_0037_0037.jpg 1 45 19 37 37
0273_0052_0023_0032_0032.jpg 1 52 23 32 32
0274_0032_0025_0057_0057.jpg 1 32 25 57 57
0275_0022_0041_0032_0032.jpg 1 22 41 32 32
0276_0032_0017_0038_0038.jpg 1 32 17 38 38
0277_0019_0025_0044_0044.jpg 1 19 25 44 44
0278_0021_0012_0056_0056.jpg 1 21 12 56 56
0279_0030_0034_0052_0052.jpg 1 30 34 52 52
0280_0024_0013_0050_0050.jpg 1 24 13 50 50
0281_0012_0051_0037_0037.jpg 1 12 51 37 37
0282_0017_0029_0047_0047.jpg 1 17 29 47 47
0283_0021_0017_0038_0038.jpg 1 21 17 38 38
0284_0034_0018_0061_0061.jpg 1 34 18 61 61
0285_0011_0033_0038_0038.jpg 1 11 33 38 38
0286_0008_0020_0062_0062.jpg 1 8 20 62 62
0287_0039_0044_0033_0033.jpg 1 39 44 33 33
0288_0003_0007_0067_0067.jpg 1 3 7 67 67
0289_0006_0004_0056_0056.jpg 1 6 4 56 56
0290_0028_0018_0045_0045.jpg 1 28 18 45 45
0291_0035_0034_0033_0033.jpg 1 35 34 33 33
0292_0027_0016_0063_0063.jpg 1 27 16 63 63
0293_0024_0009_0061_0061.jpg 1 24 9 61 61
0294_0006_0051_0041_0041.jpg 1 6 51 41 41
0295_0019_0016_0054_0054.jpg 1 19 16 54 54
0296_0037_0045_0035_0035.jpg 1 37 45 35 35
0297_0030_0015_0048_0048.jpg 1 30 15 48 48
0298_0013_0013_0068_0068.jpg 1 13 13 68 68
0299_0034_0044_0048_0048.jpg 1 34 44 48 48
0300_0015_0047_0033_0033.jpg 1 15 47 33 33
0301_0021_0010_0045_0045.jpg 1 21 10 45 45
0302_0020_0016_0059_0059.jpg 1 20 16 59 59
0303_0026_0046_0027_0027.jpg 1 26 46 27 27
0304_0024_0044_0042_0042.jpg 1 24 44 42 42
0305_0022_0004_0067_0067.jpg 1 22 4 67 67
0306_0028_0015_0062_0062.jpg 1 28 15 62 62
0307_0028_0025_0062_0062.jpg 1 28 25 62 62
0308_0035_0034_0039_0039.jpg 1 35 34 39 39
0309_0027_0034_0058_0058.jpg 1 27 34 58 58
0310_0032_0060_0032_0032.jpg 1 32 60 32 32
0311_0032_0026_0029_0029.jpg 1 32 26 29 29
0312_0027_0038_0045_0045.jpg 1 27 38 45 45
0313_0021_0038_0047_0047.jpg 1 21 38 47 47
0314_0022_0034_0051_0051.jpg 1 22 34 51 51
0315_0018_0037_0050_0050.jpg 1 18 37 50 50
0316_0056_0022_0027_0027.jpg 1 56 22 27 27
0317_0043_0018_0036_0036.jpg 1 43 18 36 36
0318_0017_0023_0068_0068.jpg 1 17 23 68 68
0319_0044_0041_0048_0048.jpg 1 44 41 48 48
0320_0044_0014_0042_0042.jpg 1 44 14 42 42
0321_0020_0025_0066_0066.jpg 1 20 25 66 66
0322_0036_0005_0057_0057.jpg 1 36 5 57 57
0323_0017_0021_0056_0056.jpg 1 17 21 56 56
0324_0021_0019_0064_0064.jpg 1 21 19 64 64
0325_0043_0019_0051_0051.jpg 1 43 19 51 51
0326_0046_0018_0030_0030.jpg 1 46 18 30 30
0327_0024_0031_0058_0058.jpg 1 24 31 58 58
0328_0014_0014_0053_0053.jpg 1 14 14 53 53
0329_0017_0032_0045_0045.jpg 1 17 32 45 45
0330_0050_0054_0039_0039.jpg 1 50 54 39 39
0331_0013_0008_0060_0060.jpg 1 13 8 60 60
0332_0033_0012_0032_0032.jpg 1 33 12 32 32
0333_0008_0032_0043_0043.jpg 1 8 32 43 43
0334_0031_0029_0057_0057.jpg 1 31 29 57 57
0335_0008_0034_0053_0053.jpg 1 8 34 53 53
0336_0029_0035_0058_0058.jpg 1 29 35 58 58
0337_0015_0009_0039_0039.jpg 1 15 9 39 39
0338_0014_0006_0065_0065.jpg 1 14 6 65 65
0339_0027_0019_0044_0044.jpg 1 27 19 44 44
0340_0050_0054_0034_0034.jpg 1 50 54 34 34
0341_0006_0034_0051_0051.jpg 1 6 34 51 51
0342_0021_0010_0044_0044.jpg 1 21 10 44 44
0343_0060_0055_0026_0026.jpg 1 60 55 26 26
0344_0006_0034_0048_0048.jpg 1 6 34 48 48
0345_0024_0023_0065_0065.jpg 1 24 23 65 65
0346_0020_0042_0046_0046.jpg 1 20 42 46 46
0347_0011_0037_0041_0041.jpg 1 11 37 41 41
0348_0059_0049_0026_0026.jpg 1 59 49 26 26
0349_0012_0013_0047_0047.jpg 1 12 13 47 47
0350_0014_0034_0025_0025.jpg 1 14 34 25 25
0351_0026_0016_0050_0050.jpg 1 26 16 50 50
0352_0019_0035_0032_0032.jpg 1 19 35 32 32
0353_0065_0062_0026_0026.jpg 1 65 62 26 26
0354_0017_0025_0062_0062.jpg 1 17 25 62 62
0355_0022_0009_0063_0063.jpg 1 22 9 63 63
0356_0022_0004_0060_0060.jpg 1 22 4 60 60
0357_0022_0041_0045_0045.jpg 1 22 41 45 45
0358_0049_0054_0032_0032.jpg 1 49 54 32 32
0359_0032_0027_0041_0041.jpg 1 32 27 41 41
0360_0052_0006_0034_0034.jpg 1 52 6 34 34
0361_0037_0031_0044_0044.jpg 1 37 31 44 44
0362_0035_0027_0050_0050.jpg 1 35 27 50 50
0363_0007_0012_0061_0061.jpg 1 7 12 61 61
0364_0018_0028_0061_0061.jpg 1 18 28 61 61
0365_0014_0009_0064_0064.jpg 1 14 9 64 64
0366_0024_0033_0059_0059.jpg 1 24 33 59 59
0367_0014_0040_0041_0041.jpg 1 14 40 41 41
0368_0024_0036_0052_0052.jpg 1 24 36 52 52
0369_0009_0018_0035_0035.jpg 1 9 18 35 35
0370_0010_0026_0048_0048.jpg 1 10 26 48 48
0371_0028_0040_0042_0042.jpg 1 28 40 42 42
0372_0009_0019_0060_0060.jpg 1 9 19 60 60
0373_0010_0007_0061_0061.jpg 1 10 7 61 61
0374_0024_0017_0066_0066.jpg 1 24 17 66 66
0375_0014_0019_0067_0067.jpg 1 14 19 67 67
0376_0012_0023_0063_0063.jpg 1 12 23 63 63
0377_0008_0030_0059_0059.jpg 1 8 30 59 59
0378_0040_0031_0037_0037.jpg 1 40 31 37 37
0379_0029_0005_0057_0057.jpg 1 29 5 57 57
0380_0011_0025_0044_0044.jpg 1 11 25 44 44
0381_0039_0052_0027_0027.jpg 1 39 52 27 27
0382_0042_0023_0052_0052.jpg 1 42 23 52 52
0383_0017_0018_0061_0061.jpg 1 17 18 61 61
0384_0016_0004_0063_0063.jpg 1 16 4 63 63
0385_0013_0020_0057_0057.jpg 1 13 20 57 57
0386_0061_0058_0031_0031.jpg 1 61 58 31 31
0387_0037_0032_0053_0053.jpg 1 37 32 53 53
0388_0014_0018_0051_0051.jpg 1 14 18 51 51
0389_0023_0022_0040_0040.jpg 1 23 22 40 40
0390_0008_0007_0059_0059.jpg 1 8 7 59 59
0391_0049_0015_0037_0037.jpg 1 49 15 37 37
0392_0018_0031_0030_0030.jpg 1 18 31 30 30
0393_0045_0023_0048_0048.jpg 1 45 23 48 48
0394_0027_0017_0069_0069.jpg 1 27 17 69 69
0395_0028_0031_0034_0034.jpg 1 28 31 34 34
0396_0026_0024_0056_0056.jpg 1 26 24 56 56
0397_0004_0020_0058_0058.jpg 1 4 20 58 58
0398_0019_0006_0045_0045.jpg 1 19 6 45 45
0399_0029_0015_0044_0044.jpg 1 29 15 44 44
0400_0048_0036_0024_0024.jpg 1 48 36 24 24
0401_0030_0045_0039_0039.jpg 1 30 45 39 39
0402_0023_0008_0056_0056.jpg 1 23 8 56 56
0403_0052_0050_0042_0042.jpg 1 52 50 42 42
0404_0033_0035_0061_0061.jpg 1 33 35 61 61
0405_0031_0039_0049_0049.jpg 1 31 39 49 49
0406_0006_0010_0063_0063.jpg 1 6 10 63 63
0407_0030_0034_0033_0033.jpg 1 30 34 33 33
0408_0041_0007_0035_0035.jpg 1 41 7 35 35
0409_0017_0049_0025_0025.jpg 1 17 49 25 25
0410_0051_0035_0038_0038.jpg 1 51 35 38 38
0411_0026_0040_0053_0053.jpg 1 26 40 53 53
0412_0044_0015_0041_0041.jpg 1 44 15 41 41
0413_0037_0021_0053_0053.jpg 1 37 21 53 53
0414_0024_0008_0066_0066.jpg 1 24 8 66 66
0415_0004_0004_0068_0068.jpg 1 4 4 68 68
0416_0033_0027_0058_0058.jpg 1 33 27 58 58
0417_0005_0020_0063_0063.jpg 1 5 20 63 63
0418_0013_0023_0029_0029.jpg 1 13 23 29 29
0419_0046_0045_0040_0040.jpg 1 46 45 40 40
0420_0027_0022_0067_0067.jpg 1 27 22 67 67
0421_0018_0049_0045_0045.jpg 1 18 49 45 45
0422_0029_0024_0049_0049.jpg 1 29 24 49 49
0423_0025_0032_0062_0062.jpg 1 25 32 62 62
0424_0011_0065_0025_0025.jpg 1 11 65 25 25
0425_0011_0032_0059_0059.jpg 1 11 32 59 59
0426_0038_0006_0054_0054.jpg 1 38 6 54 54
0427_0019_0028_0053_0053.jpg 1 19 28 53 53
0428_0008_0011_0067_0067.jpg 1 8 11 67 67
0429_0006_0010_0044_0044.jpg 1 6 10 44 44
0430_0014_0037_0055_0055.jpg 1 14 37 55 55
0431_0009_0031_0062_0062.jpg 1 9 31 62 62
0432_0020_0014_0028_0028.jpg 1 20 14 28 28
0433_0039_0032_0051_0051.jpg 1 39 32 51 51
0434_0029_0028_0026_0026.jpg 1 29 28 26 26
0435_0021_0054_0033_0033.jpg 1 21 54 33 33
0436_0009_0019_0038_0038.jpg 1 9 19 38 38
0437_0026_0008_0054_0054.jpg 1 26 8 54 54
0438_0021_0030_0061_0061.jpg 1 21 30 61 61
0439_0004_0023_0064_0064.jpg 1 4 23 64 64
0440_0034_0037_0054_0054.jpg 1 34 37 54 54
0441_0006_0028_0067_0067.jpg 1 6 28 67 67
0442_0022_0038_0053_0053.jpg 1 22 38 53 53
0443_0047_0022_0025_0025.jpg 1 47 22 25 25
0444_0018_0006_0067_0067.jpg 1 18 6 67 67
0445_0051_0019_0031_0031.jpg 1 51 19 31 31
0446_0057_0034_0024_0024.jpg 1 57 34 24 24
0447_0028_0030_0061_0061.jpg 1 28 30 61 61
0448_0029_0037_0037_0037.jpg 1 29 37 37 37
0449_0009_0013_0039_0039.jpg 1 9 13 39 39
0450_0009_0020_0049_0049.jpg 1 9 20 49 49
0451_0037_0010_0031_0031.jpg 1 37 10 31 31
0452_0056_0053_0031_0031.jpg 1 56 53 31 31
0453_0051_0018_0028_0028.jpg 1 51 18 28 28
0454_0011_0021_0059_0059.jpg 1 11 21 59 59
0455_0036_0012_0049_0049.jpg 1 36 12 49 49
0456_0017_0006_0065_0065.jpg 1 17 6 65 65
0457_0027_0022_0062_0062.jpg 1 27 22 62 62
0458_0028_0046_0034_0034.jpg 1 28 46 34 34
0459_0012_0022_0066_0066.jpg 1 12 22 66 66
0460_0009_0028_0068_0068.jpg 1 9 28 68 68
0461_0028_0054_0029_0029.jpg 1 28 54 29 29
0462_0030_0031_0050_0050.jpg 1 30 31 50 50
0463_0025_0043_0039_0039.jpg 1 25 43 39 39
0464_0040_0010_0027_0027.jpg 1 40 10 27 27
0465_0054_0009_0037_0037.jpg 1 54 9 37 37
0466_0008_0018_0057_0057.jpg 1 8 18 57 57
0467_0061_0064_0027_0027.jpg 1 61 64 27 27
0468_0037_0059_0032_0032.jpg 1 37 59 32 32
0469_0048_0058_0028_0028.jpg 1 48 58 28 28
0470_0023_0031_0035_0035.jpg 1 23 31 35 35
0471_0018_0027_0045_0045.jpg 1 18 27 45 45
0472_0020_0009_0050_0050.jpg 1 20 9 50 50
0473_0016_0029_0042_0042.jpg 1 16 29 42 42
0474_0040_0029_0052_0052.jpg 1 40 29 52 52
0475_0044_0030_0047_0047.jpg 1 44 30 47 47
0476_0006_0005_0069_0069.jpg 1 6 5 69 69
0477_0027_0016_0042_0042.jpg 1 27 16 42 42
0478_0040_0030_0054_0054.jpg 1 40 30 54 54
0479_0008_0016_0061_0061.jpg 1 8 16 61 61
0480_0012_0041_0038_0038.jpg 1 12 41 38 38
0481_0013_0013_0052_0052.jpg 1 13 13 52 52
0482_0047_0024_0042_0042.jpg 1 47 24 42 42
0483_0016_0008_0055_0055.jpg 1 16 8 55 55
0484_0014_0043_0045_0045.jpg 1 14 43 45 45
0485_0028_0020_0063_0063.jpg 1 28 20 63 63
0486_0043_0034_0028_0028.jpg 1 43 34 28 28
0487_0014_0012_0069_0069.jpg 1 14 12 69 69
0488_0048_0054_0026_0026.jpg 1 48 54 26 26
0489_0047_0008_0041_0041.jpg 1 47 8 41 41
0490_0042_0044_0048_0048.jpg 1 42 44 48 48
0491_0021_0024_0055_0055.jpg 1 21 24 55 55
0492_0045_0032_0031_0031.jpg 1 45 32 31 31
0493_0016_0016_0060_0060.jpg 1 16 16 60 60
0494_0007_0044_0027_0027.jpg 1 7 44 27 27
0495_0034_0032_0045_0045.jpg 1 34 32 45 45
0496_0028_0035_0047_0047.jpg 1 28 35 47 47
0497_0032_0059_0029_0029.jpg 1 32 59 29 29
0498_0005_0038_0057_0057.jpg 1 5 38 57 57
0499_0015_0017_0024_0024.jpg 1 15 17 24 24
0500_0031_0010_0042_0042.jpg 1 31 10 42 42
0501_0032_0041_0049_0049.jpg 1 32 41 49 49
0502_0025_0058_0027_0027.jpg 1 25 58 27 27
0503_0008_0029_0037_0037.jpg 1 8 29 37 37
0504_0017_0005_0052_0052.jpg 1 17 5 52 52
0505_0018_0011_0049_0049.jpg 1 18 11 49 49
0506_0005_0036_0045_0045.jpg 1 5 36 45 45
0507_0026_0021_0053_0053.jpg 1 26 21 53 53
0508_0019_0042_0028_0028.jpg 1 19 42 28 28
0509_0011_0039_0047_0047.jpg 1 11 39 47 47
0510_0045_0008_0048_0048.jpg 1 45 8 48 48
0511_0013_0041_0037_0037.jpg 1 13 41 37 37
0512_0038_0049_0037_0037.jpg 1 38 49 37 37
0513_0029_0047_0028_0028.jpg 1 29 47 28 28
0514_0064_0009_0026_0026.jpg 1 64 9 26 26
0515_0030_0034_0043_0043.jpg 1 30 34 43 43
0516_0028_0036_0035_0035.jpg 1 28 36 35 35
0517_0007_0008_0039_0039.jpg 1 7 8 39 39
0518_0047_0035_0033_0033.jpg 1 47 35 33 33
0519_0039_0007_0055_0055.jpg 1 39 7 55 55
0520_0054_0037_0039_0039.jpg 1 54 37 39 39
0521_0019_0054_0031_0031.jpg 1 19 54 31 31
0522_0009_0025_0048_0048.jpg 1 9 25 48 48
0523_0021_0012_0066_0066.jpg 1 21 12 66 66
0524_0013_0017_0051_0051.jpg 1 13 17 51 51
0525_0014_0042_0050_0050.jpg 1 14 42 50 50
0526_0046_0044_0045_0045.jpg 1 46 44 45 45
0527_0036_0011_0045_0045.jpg 1 36 11 45 45
0528_0018_0039_0037_0037.jpg 1 18 39 37 37
0529_0026_0051_0039_0039.jpg 1 26 51 39 39
0530_0027_0012_0058_0058.jpg 1 27 12 58 58
0531_0017_0010_0046_0046.jpg 1 17 10 46 46
0532_0009_0020_0057_0057.jpg 1 9 20 57 57
0533_0008_0013_0049_0049.jpg 1 8 13 49 49
0534_0024_0018_0059_0059.jpg 1 24 18 59 59
0535_0009_0029_0054_0054.jpg 1 9 29 54 54
0536_0023_0009_0066_0066.jpg 1 23 9 66 66
0537_0010_0013_0069_0069.jpg 1 10 13 69 69
0538_0019_0041_0029_0029.jpg 1 19 41 29 29
0539_0059_0026_0025_0025.jpg 1 59 26 25 25
0540_0009_0038_0056_0056.jpg 1 9 38 56 56
0541_0045_0035_0025_0025.jpg 1 45 35 25 25
0542_0036_0024_0045_0045.jpg 1 36 24 45 45
0543_0046_0036_0036_0036.jpg 1 46 36 36 36
0544_0005_0035_0048_0048.jpg 1 5 35 48 48
0545_0007_0025_0048_0048.jpg 1 7 25 48 48
0546_0024_0037_0041_0041.jpg 1 24 37 41 41
0547_0021_0009_0057_0057.jpg 1 21 9 57 57
0548_0032_0035_0058_0058.jpg 1 32 35 58 58
0549_0030_0018_0043_0043.jpg 1 30 18 43 43
0550_0012_0014_0058_0058.jpg 1 12 14 58 58
0551_0021_0027_0067_0067.jpg 1 21 27 67 67
0552_0038_0017_0039_0039.jpg 1 38 17 39 39
0553_0009_0050_0024_0024.jpg 1 9 50 24 24
0554_0015_0032_0041_0041.jpg 1 15 32 41 41
0555_0034_0005_0056_0056.jpg 1 34 5 56 56
0556_0027_0039_0055_0055.jpg 1 27 39 55 55
0557_0007_0023_0060_0060.jpg 1 7 23 60 60
0558_0020_0032_0058_0058.jpg 1 20 32 58 58
0559_0062_0040_0027_0027.jpg 1 62 40 27 27
0560_0039_0055_0037_0037.jpg 1 39 55 37 37
0561_0044_0009_0042_0042.jpg 1 44 9 42 42
0562_0023_0020_0062_0062.jpg 1 23 20 62 62
0563_0021_0038_0042_0042.jpg 1 21 38 42 42
0564_0020_0029_0064_0064.jpg 1 20 29 64 64
0565_0012_0016_0057_0057.jpg 1 12 16 57 57
0566_0016_0025_0063_0063.jpg 1 16 25 63 63
0567_0034_0025_0047_0047.jpg 1 34 25 47 47
0568_0005_0027_0061_0061.jpg 1 5 27 61 61
0569_0036_0004_0057_0057.jpg 1 36 4 57 57
0570_0039_0015_0050_0050.jpg 1 39 15 50 50
0571_0044_0017_0032_0032.jpg 1 44 17 32 32
0572_0042_0035_0046_0046.jpg 1 42 35 46 46
0573_0016_0014_0066_0066.jpg 1 16 14 66 66
0574_0035_0021_0056_0056.jpg 1 35 21 56 56
0575_0036_0031_0056_0056.jpg 1 36 31 56 56
0576_0031_0009_0049_0049.jpg 1 31 9 49 49
0577_0060_0044_0024_0024.jpg 1 60 44 24 24
0578_0040_0027_0053_0053.jpg 1 40 27 53 53
0579_0049_0015_0038_0038.jpg 1 49 15 38 38
0580_0005_0033_0061_0061.jpg 1 5 33 61 61
0581_0017_0022_0024_0024.jpg 1 17 22 24 24
0582_0019_0009_0064_0064.jpg 1 19 9 64 64
0583_0030_0029_0066_0066.jpg 1 30 29 66 66
0584_0019_0031_0057_0057.jpg 1 19 31 57 57
0585_0009_0027_0052_0052.jpg 1 9 27 52 52
0586_0050_0050_0031_0031.jpg 1 50 50 31 31
0587_0011_0019_0066_0066.jpg 1 11 19 66 66
0588_0048_0009_0045_0045.jpg 1 48 9 45 45
0589_0050_0024_0041_0041.jpg 1 50 24 41 41
0590_0026_0008_0058_0058.jpg 1 26 8 58 58
0591_0013_0045_0041_0041.jpg 1 13 45 41 41
0592_0019_0027_0045_0045.jpg 1 19 27 45 45
0593_0028_0006_0068_0068.jpg 1 28 6 68 68
0594_0035_0041_0048_0048.jpg 1 35 41 48 48
0595_0037_0027_0058_0058.jpg 1 37 27 58 58
0596_0009_0024_0050_0050.jpg 1 9 24 50 50
0597_0007_0022_0059_0059.jpg 1 7 22 59 59
0598_0021_0018_0031_0031.jpg 1 21 18 31 31
0599_0033_0014_0029_0029.jpg 1 33 14 29 29
0600_0010_0024_0066_0066.jpg 1 10 24 66 66
0601_0033_0033_0062_0062.jpg 1 33 33 62 62
0602_0026_0034_0042_0042.jpg 1 26 34 42 42
0603_0024_0013_0064_0064.jpg 1 24 13 64 64
0604_0031_0024_0058_0058.jpg 1 31 24 58 58
0605_0016_0025_0065_0065.jpg 1 16 25 65 65
0606_0007_0028_0043_0043.jpg 1 7 28 43 43
0607_0016_0040_0049_0049.jpg 1 16 40 49 49
0608_0010_0013_0068_0068.jpg 1 10 13 68 68
0609_0050_0058_0034_0034.jpg 1 50 58 34 34
0610_0008_0029_0061_0061.jpg 1 8 29 61 61
0611_0034_0010_0045_0045.jpg 1 34 10 45 45
0612_0011_0023_0050_0050.jpg 1 11 23 50 50
0613_0026_0056_0025_0025.jpg 1 26 56 25 25
0614_0035_0034_0037_0037.jpg 1 35 34 37 37
0615_0021_0022_0066_0066.jpg 1 21 22 66 66
0616_0027_0025_0051_0051.jpg 1 27 25 51 51
0617_0020_0016_0046_0046.jpg 1 20 16 46 46
0618_0018_0029_0059_0059.jpg 1 18 29 59 59
0619_0006_0008_0056_0056.jpg 1 6 8 56 56
0620_0028_0013_0066_0066.jpg 1 28 13 66 66
0621_0031_0032_0033_0033.jpg 1 31 32 33 33
0622_0004_0020_0059_0059.jpg 1 4 20 59 59
0623_0008_0043_0030_0030.jpg 1 8 43 30 30
0624_0024_0012_0046_0046.jpg 1 24 12 46 46
0625_0012_0020_0059_0059.jpg 1 12 20 59 59
0626_0031_0038_0053_0053.jpg 1 31 38 53 53
0627_0024_0048_0040_0040.jpg 1 24 48 40 40
0628_0022_0038_0053_0053.jpg 1 22 38 53 53
0629_0021_0024_0067_0067.jpg 1 21 24 67 67
0630_0004_0014_0055_0055.jpg 1 4 14 55 55
0631_0034_0035_0058_0058.jpg 1 34 35 58 58
0632_0005_0012_0057_0057.jpg 1 5 12 57 57
0633_0011_0006_0062_0062.jpg 1 11 6 62 62
0634_0010_0027_0039_0039.jpg 1 10 27 39 39
0635_0021_0048_0036_0036.jpg 1 21 48 36 36
0636_0053_0020_0031_0031.jpg 1 53 20 31 31
0637_0018_0026_0065_0065.jpg 1 18 26 65 65
0638_0012_0029_0067_0067.jpg 1 12 29 67 67
0639_0030_0011_0046_0046.jpg 1 30 11 46 46
0640_0013_0039_0055_0055.jpg 1 13 39 55 55
0641_0009_0030_0056_0056.jpg 1 9 30 56 56
0642_0012_0046_0027_0027.jpg 1 12 46 27 27
0643_0046_0016_0045_0045.jpg 1 46 16 45 45
0644_0013_0030_0045_0045.jpg 1 13 30 45 45
0645_0015_0042_0030_0030.jpg 1 15 42 30 30
0646_0009_0026_0046_0046.jpg 1 9 26 46 46
0647_0017_0023_0069_0069.jpg 1 17 23 69 69
0648_0034_0004_0057_0057.jpg 1 34 4 57 57
0649_0042_0041_0025_0025.jpg 1 42 41 25 25
0650_0035_0046_0042_0042.jpg 1 35 46 42 42
0651_0044_0006_0045_0045.jpg 1 44 6 45 45
0652_0038_0025_0057_0057.jpg 1 38 25 57 57
0653_0027_0008_0067_0067.jpg 1 27 8 67 67
0654_0055_0056_0033_0033.jpg 1 55 56 33 33
0655_0036_0039_0044_0044.jpg 1 36 39 44 44
0656_0008_0021_0055_0055.jpg 1 8 21 55 55
0657_0027_0017_0067_0067.jpg 1 27 17 67 67
0658_0021_0040_0053_0053.jpg 1 21 40 53 53
0659_0016_0017_0048_0048.jpg 1 16 17 48 48
0660_0028_0010_0064_0064.jpg 1 28 10 64 64
0661_0039_0027_0051_0051.jpg 1 39 27 51 51
0662_0032_0023_0035_0035.jpg 1 32 23 35 35
0663_0009_0026_0060_0060.jpg 1 9 26 60 60
0664_0020_0039_0053_0053.jpg 1 20 39 53 53
0665_0018_0033_0063_0063.jpg 1 18 33 63 63
0666_0016_0015_0065_0065.jpg 1 16 15 65 65
0667_0044_0021_0036_0036.jpg 1 44 21 36 36
0668_0030_0029_0065_0065.jpg 1 30 29 65 65
0669_0038_0039_0037_0037.jpg 1 38 39 37 37
0670_0004_0011_0064_0064.jpg 1 4 11 64 64
0671_0010_0008_0067_0067.jpg 1 10 8 67 67
0672_0036_0046_0047_0047.jpg 1 36 46 47 47
0673_0031_0006_0046_0046.jpg 1 31 6 46 46
0674_0020_0024_0056_0056.jpg 1 20 24 56 56
0675_0033_0015_0029_0029.jpg 1 33 15 29 29
0676_0041_0014_0028_0028.jpg 1 41 14 28 28
0677_0039_0023_0031_0031.jpg 1 39 23 31 31
0678_0014_0061_0031_0031.jpg 1 14 61 31 31
0679_0011_0011_0059_0059.jpg 1 11 11 59 59
0680_0021_0033_0057_0057.jpg 1 21 33 57 57
0681_0019_0050_0026_0026.jpg 1 19 50 26 26
0682_0025_0025_0039_0039.jpg 1 25 25 39 39
0683_0020_0052_0033_0033.jpg 1 20 52 33 33
0684_0023_0016_0054_0054.jpg 1 23 16 54 54
0685_0030_0033_0048_0048.jpg 1 30 33 48 48
0686_0055_0059_0032_0032.jpg 1 55 59 32 32
0687_0029_0021_0027_0027.jpg 1 29 21 27 27
0688_0029_0017_0024_0024.jpg 1 29 17 24 24
0689_0032_0022_0043_0043.jpg 1 32 22 43 43
0690_0051_0036_0032_0032.jpg 1 51 36 32 32
0691_0023_0027_0061_0061.jpg 1 23 27 61 61
0692_0004_0012_0058_0058.jpg 1 4 12 58 58
0693_0024_0036_0029_0029.jpg 1 24 36 29 29
0694_0026_0038_0049_0049.jpg 1 26 38 49 49
0695_0035_0013_0049_0049.jpg 1 35 13 49 49
0696_0021_0037_0042_0042.jpg 1 21 37 42 42
0697_0032_0019_0025_0025.jpg 1 32 19 25 25
0698_0016_0060_0025_0025.jpg 1 16 60 25 25
0699_0064_0018_0028_0028.jpg 1 64 18 28 28
0700_0036_0048_0032_0032.jpg 1 36 48 32 32
0701_0006_0007_0042_0042.jpg 1 6 7 42 42
0702_0020_0029_0055_0055.jpg 1 20 29 55 55
0703_0063_0049_0025_0025.jpg 1 63 49 25 25
0704_0011_0015_0054_0054.jpg 1 11 15 54 54
0705_0018_0025_0028_0028.jpg 1 18 25 28 28
0706_0007_0027_0039_0039.jpg 1 7 27 39 39
0707_0021_0032_0062_0062.jpg 1 21 32 62 62
0708_0019_0037_0053_0053.jpg 1 19 37 53 53
0709_0056_0027_0024_0024.jpg 1 56 27 24 24
0710_0004_0028_0059_0059.jpg 1 4 28 59 59
0711_0015_0027_0069_0069.jpg 1 15 27 69 69
0712_0027_0003_0069_0069.jpg 1 27 3 69 69
0713_0017_0028_0050_0050.jpg 1 17 28 50 50
0714_0017_0004_0069_0069.jpg 1 17 4 69 69
0715_0035_0036_0054_0054.jpg 1 35 36 54 54
0716_0022_0023_0062_0062.jpg 1 22 23 62 62
0717_0022_0060_0026_0026.jpg 1 22 60 26 26
0718_0004_0003_0065_0065.jpg 1 4 3 65 65
0719_0012_0007_0061_0061.jpg 1 12 7 61 61
0720_0004_0022_0067_0067.jpg 1 4 22 67 67
0721_0011_0022_0066_0066.jpg 1 11 22 66 66
0722_0031_0019_0025_0025.jpg 1 31 19 25 25
0723_0006_0037_0044_0044.jpg 1 6 37 44 44
0724_0047_0019_0035_0035.jpg 1 47 19 35 35
0725_0040_0028_0052_0052.jpg 1 40 28 52 52
0726_0006_0019_0067_0067.jpg 1 6 19 67 67
0727_0064_0032_0028_0028.jpg 1 64 32 28 28
0728_0017_0031_0058_0058.jpg 1 17 31 58 58
0729_0027_0028_0062_0062.jpg 1 27 28 62 62
0730_0032_0026_0059_0059.jpg 1 32 26 59 59
0731_0026_0014_0030_0030.jpg 1 26 14 30 30
0732_0028_0015_0027_0027.jpg 1 28 15 27 27
0733_0045_0053_0040_0040.jpg 1 45 53 40 40
0734_0026_0025_0059_0059.jpg 1 26 25 59 59
0735_0004_0021_0056_0056.jpg 1 4 21 56 56
0736_0021_0035_0052_0052.jpg 1 21 35 52 52
0737_0023_0026_0053_0053.jpg 1 23 26 53 53
0738_0027_0013_0069_0069.jpg 1 27 13 69 69
0739_0036_0009_0056_0056.jpg 1 36 9 56 56
0740_0036_0009_0043_0043.jpg 1 36 9 43 43
0741_0010_0010_0051_0051.jpg 1 10 10 51 51
0742_0015_0025_0049_0049.jpg 1 15 25 49 49
0743_0052_0041_0030_0030.jpg 1 52 41 30 30
0744_0048_0017_0034_0034.jpg 1 48 17 34 34
0745_0029_0015_0035_0035.jpg 1 29 15 35 35
0746_0034_0010_0042_0042.jpg 1 34 10 42 42
0747_0009_0028_0065_0065.jpg 1 9 28 65 65
0748_0013_0018_0059_0059.jpg 1 13 18 59 59
0749_0012_0009_0049_0049.jpg 1 12 9 49 49
0750_0035_0012_0061_0061.jpg 1 35 12 61 61
0751_0034_0049_0028_0028.jpg 1 34 49 28 28
0752_0004_0012_0061_0061.jpg 1 4 12 61 61
0753_0012_0013_0059_0059.jpg 1 12 13 59 59
0754_0020_0012_0062_0062.jpg 1 20 12 62 62
0755_0037_0005_0049_0049.jpg 1 37 5 49 49
0756_0014_0028_0030_0030.jpg 1 14 28 30 30
0757_0038_0049_0042_0042.jpg 1 38 49 42 42
0758_0030_0004_0060_0060.jpg 1 30 4 60 60
0759_0043_0044_0027_0027.jpg 1 43 44 27 27
0760_0043_0029_0037_0037.jpg 1 43 29 37 37
0761_0036_0052_0035_0035.jpg 1 36 52 35 35
0762_0042_0018_0028_0028.jpg 1 42 18 28 28
0763_0007_0037_0053_0053.jpg 1 7 37 53 53
0764_0025_0007_0069_0069.jpg 1 25 7 69 69
0765_0015_0005_0046_0046.jpg 1 15 5 46 46
0766_0018_0016_0060_0060.jpg 1 18 16 60 60
0767_0021_0025_0036_0036.jpg 1 21 25 36 36
0768_0011_0013_0052_0052.jpg 1 11 13 52 52
0769_0023_0012_0066_0066.jpg 1 23 12 66 66
0770_0025_0031_0050_0050.jpg 1 25 31 50 50
0771_0047_0040_0027_0027.jpg 1 47 40 27 27
0772_0011_0023_0066_0066.jpg 1 11 23 66 66
0773_0032_0025_0061_0061.jpg 1 32 25 61 61
0774_0040_0022_0046_0046.jpg 1 40 22 46 46
0775_0041_0037_0049_0049.jpg 1 41 37 49 49
0776_0050_0045_0027_0027.jpg 1 50 45 27 27
0777_0052_0041_0036_0036.jpg 1 52 41 36 36
0778_0013_0015_0061_0061.jpg 1 13 15 61 61
0779_0020_0012_0045_0045.jpg 1 20 12 45 45
0780_0031_0044_0033_0033.jpg 1 31 44 33 33
0781_0014_0021_0065_0065.jpg 1 14 21 65 65
0782_0017_0007_0069_0069.jpg 1 17 7 69 69
0783_0045_0029_0029_0029.jpg 1 45 29 29 29
0784_0056_0021_0026_0026.jpg 1 56 21 26 26
0785_0024_0010_0031_0031.jpg 1 24 10 31 31
0786_0034_0009_0034_0034.jpg 1 34 9 34 34
0787_0029_0027_0029_0029.jpg 1 29 27 29 29
0788_0051_0041_0041_0041.jpg 1 51 41 41 41
0789_0005_0022_0066_0066.jpg 1 5 22 66 66
0790_0016_0017_0025_0025.jpg 1 16 17 25 25
0791_0022_0023_0063_0063.jpg 1 22 23 63 63
0792_0039_0031_0048_0048.jpg 1 39 31 48 48
0793_0030_0046_0045_0045.jpg 1 30 46 45 45
0794_0024_0008_0063_0063.jpg 1 24 8 63 63
0795_0036_0053_0027_0027.jpg 1 36 53 27 27
0796_0013_0031_0060_0060.jpg 1 13 31 60 60
0797_0030_0028_0058_0058.jpg 1 30 28 58 58
0798_0010_0013_0057_0057.jpg 1 10 13 57 57
0799_0014_0007_0066_0066.jpg 1 14 7 66 66
0800_0014_0014_0069_0069.jpg 1 14 14 69 69
0801_0031_0032_0055_0055.jpg 1 31 32 55 55
0802_0010_0046_0033_0033.jpg 1 10 46 33 33
0803_0046_0047_0037_0037.jpg 1 46 47 37 37
0804_0007_0035_0059_0059.jpg 1 7 35 59 59
0805_0039_0031_0040_0040.jpg 1 39 31 40 40
0806_0027_0010_0059_0059.jpg 1 27 10 59 59
0807_0037_0010_0051_0051.jpg 1 37 10 51 51
0808_0022_0023_0039_0039.jpg 1 22 23 39 39
0809_0025_0018_0067_0067.jpg 1 25 18 67 67
0810_0016_0008_0063_0063.jpg 1 16 8 63 63
0811_0036_0047_0040_0040.jpg 1 36 47 40 40
0812_0044_0016_0030_0030.jpg 1 44 16 30 30
0813_0041_0045_0048_0048.jpg 1 41 45 48 48
0814_0013_0018_0046_0046.jpg 1 13 18 46 46
0815_0011_0007_0066_0066.jpg 1 11 7 66 66
0816_0036_0041_0037_0037.jpg 1 36 41 37 37
0817_0043_0016_0045_0045.jpg 1 43 16 45 45
0818_0011_0007_0056_0056.jpg 1 11 7 56 56
0819_0003_0004_0068_0068.jpg 1 3 4 68 68
0820_0028_0039_0040_0040.jpg 1 28 39 40 40
0821_0030_0057_0024_0024.jpg 1 30 57 24 24
0822_0035_0012_0056_0056.jpg 1 35 12 56 56
0823_0029_0022_0062_0062.jpg 1 29 22 62 62
0824_0012_0020_0044_0044.jpg 1 12 20 44 44
0825_0021_0008_0057_0057.jpg 1 21 8 57 57
0826_0008_0010_0069_0069.jpg 1 8 10 69 69
0827_0055_0030_0024_0024.jpg 1 55 30 24 24
0828_0038_0046_0044_0044.jpg 1 38 46 44 44
0829_0049_0006_0042_0042.jpg 1 49 6 42 42
0830_0023_0017_0068_0068.jpg 1 23 17 68 68
0831_0017_0044_0048_0048.jpg 1 17 44 48 48
0832_0023_0011_0067_0067.jpg 1 23 11 67 67
0833_0035_0013_0044_0044.jpg 1 35 13 44 44
0834_0042_0036_0045_0045.jpg 1 42 36 45 45
0835_0031_0039_0024_0024.jpg 1 31 39 24 24
0836_0060_0010_0031_0031.jpg 1 60 10 31 31
0837_0058_0053_0025_0025.jpg 1 58 53 25 25
0838_0025_0035_0054_0054.jpg 1 25 35 54 54
0839_0026_0040_0028_0028.jpg 1 26 40 28 28
0840_0039_0015_0032_0032.jpg 1 39 15 32 32
0841_0036_0040_0047_0047.jpg 1 36 40 47 47
0842_0004_0016_0069_0069.jpg 1 4 16 69 69
0843_0024_0012_0033_0033.jpg 1 24 12 33 33
0844_0016_0029_0058_0058.jpg 1 16 29 58 58
0845_0026_0062_0025_0025.jpg 1 26 62 25 25
0846_0012_0032_0054_0054.jpg 1 12 32 54 54
0847_0028_0039_0051_0051.jpg 1 28 39 51 51
0848_0016_0027_0065_0065.jpg 1 16 27 65 65
0849_0024_0053_0033_0033.jpg 1 24 53 33 33
0850_0014_0013_0050_0050.jpg 1 14 13 50 50
0851_0014_0015_0030_0030.jpg 1 14 15 30 30
0852_0034_0034_0051_0051.jpg 1 34 34 51 51
0853_0025_0019_0064_0064.jpg 1 25 19 64 64
0854_0031_0046_0027_0027.jpg 1 31 46 27 27
0855_0051_0040_0040_0040.jpg 1 51 40 40 40
0856_0037_0031_0038_0038.jpg 1 37 31 38 38
0857_0041_0030_0046_0046.jpg 1 41 30 46 46
0858_0010_0052_0033_0033.jpg 1 10 52 33 33
0859_0009_0016_0056_0056.jpg 1 9 16 56 56
0860_0017_0011_0052_0052.jpg 1 17 11 52 52
0861_0053_0046_0040_0040.jpg 1 53 46 40 40
0862_0012_0015_0052_0052.jpg 1 12 15 52 52
0863_0046_0019_0026_0026.jpg 1 46 19 26 26
0864_0015_0016_0035_0035.jpg 1 15 16 35 35
0865_0026_0026_0040_0040.jpg 1 26 26 40 40
0866_0006_0038_0044_0044.jpg 1 6 38 44 44
0867_0011_0016_0066_0066.jpg 1 11 16 66 66
0868_0010_0017_0029_0029.jpg 1 10 17 29 29
0869_0024_0036_0039_0039.jpg 1 24 36 39 39
0870_0043_0018_0026_0026.jpg 1 43 18 26 26
0871_0007_0022_0063_0063.jpg 1 7 22 63 63
0872_0016_0015_0068_0068.jpg 1 16 15 68 68
0873_0037_0008_0057_0057.jpg 1 37 8 57 57
0874_0013_0026_0067_0067.jpg 1 13 26 67 67
0875_0014_0015_0052_0052.jpg 1 14 15 52 52
0876_0032_0010_0054_0054.jpg 1 32 10 54 54
0877_0012_0024_0062_0062.jpg 1 12 24 62 62
0878_0034_0029_0034_0034.jpg 1 34 29 34 34
0879_0016_0036_0058_0058.jpg 1 16 36 58 58
0880_0040_0041_0054_0054.jpg 1 40 41 54 54
0881_0036_0051_0032_0032.jpg 1 36 51 32 32
0882_0059_0045_0026_0026.jpg 1 59 45 26 26
0883_0054_0046_0038_0038.jpg 1 54 46 38 38
0884_0021_0043_0051_0051.jpg 1 21 43 51 51
0885_0014_0009_0066_0066.jpg 1 14 9 66 66
0886_0009_0028_0068_0068.jpg 1 9 28 68 68
0887_0027_0032_0055_0055.jpg 1 27 32 55 55
0888_0008_0018_0053_0053.jpg 1 8 18 53 53
0889_0006_0033_0058_0058.jpg 1 6 33 58 58
0890_0011_0060_0025_0025.jpg 1 11 60 25 25
0891_0019_0023_0060_0060.jpg 1 19 23 60 60
0892_0044_0012_0037_0037.jpg 1 44 12 37 37
0893_0017_0021_0060_0060.jpg 1 17 21 60 60
0894_0007_0023_0067_0067.jpg 1 7 23 67 67
0895_0022_0056_0036_0036.jpg 1 22 56 36 36
0896_0063_0024_0027_0027.jpg 1 63 24 27 27
0897_0033_0006_0058_0058.jpg 1 33 6 58 58
0898_0043_0028_0044_0044.jpg 1 43 28 44 44
0899_0039_0043_0035_0035.jpg 1 39 43 35 35
0900_0057_0052_0029_0029.jpg 1 57 52 29 29
0901_0012_0014_0064_0064.jpg 1 12 14 64 64
0902_0029_0016_0045_0045.jpg 1 29 16 45 45
0903_0012_0018_0060_0060.jpg 1 12 18 60 60
0904_0006_0016_0043_0043.jpg 1 6 16 43 43
0905_0045_0058_0033_0033.jpg 1 45 58 33 33
0906_0007_0045_0046_0046.jpg 1 7 45 46 46
0907_0055_0009_0037_0037.jpg 1 55 9 37 37
0908_0024_0041_0040_0040.jpg 1 24 41 40 40
0909_0031_0009_0056_0056.jpg 1 31 9 56 56
0910_0020_0036_0052_0052.jpg 1 20 36 52 52
0911_0050_0046_0030_0030.jpg 1 50 46 30 30
0912_0012_0014_0039_0039.jpg 1 12 14 39 39
0913_0017_0013_0064_0064.jpg 1 17 13 64 64
0914_0007_0006_0051_0051.jpg 1 7 6 51 51
0915_0057_0040_0024_0024.jpg 1 57 40 24 24
0916_0037_0035_0052_0052.jpg 1 37 35 52 52
0917_0058_0056_0029_0029.jpg 1 58 56 29 29
0918_0026_0020_0051_0051.jpg 1 26 20 51 51
0919_0013_0035_0054_0054.jpg 1 13 35 54 54
0920_0027_0017_0047_0047.jpg 1 27 17 47 47
0921_0057_0063_0025_0025.jpg 1 57 63 25 25
0922_0020_0010_0064_0064.jpg 1 20 10 64 64
0923_0017_0033_0054_0054.jpg 1 17 33 54 54
0924_0011_0031_0031_0031.jpg 1 11 31 31 31
0925_0021_0034_0047_0047.jpg 1 21 34 47 47
0926_0005_0015_0057_0057.jpg 1 5 15 57 57
0927_0003_0028_0068_0068.jpg 1 3 28 68 68
0928_0029_0031_0032_0032.jpg 1 29 31 32 32
0929_0040_0045_0034_0034.jpg 1 40 45 34 34
0930_0030_0004_0065_0065.jpg 1 30 4 65 65
0931_0017_0031_0026_0026.jpg 1 17 31 26 26
0932_0018_0006_0032_0032.jpg 1 18 6 32 32
0933_0021_0013_0060_0060.jpg 1 21 13 60 60
0934_0031_0007_0053_0053.jpg 1 31 7 53 53
0935_0028_0007_0068_0068.jpg 1 28 7 68 68
0936_0015_0037_0028_0028.jpg 1 15 37 28 28
0937_0025_0005_0053_0053.jpg 1 25 5 53 53
0938_0007_0031_0032_0032.jpg 1 7 31 32 32
0939_0008_0050_0034_0034.jpg 1 8 50 34 34
0940_0020_0025_0069_0069.jpg 1 20 25 69 69
0941_0009_0010_0066_0066.jpg 1 9 10 66 66
0942_0010_0024_0065_0065.jpg 1 10 24 65 65
0943_0020_0027_0055_0055.jpg 1 20 27 55 55
0944_0053_0018_0034_0034.jpg 1 53 18 34 34
0945_0045_0064_0025_0025.jpg 1 45 64 25 25
0946_0036_0031_0058_0058.jpg 1 36 31 58 58
0947_0012_0032_0037_0037.jpg 1 12 32 37 37
0948_0031_0048_0046_0046.jpg 1 31 48 46 46
0949_0014_0031_0059_0059.jpg 1 14 31 59 59
0950_0048_0019_0038_0038.jpg 1 48 19 38 38
0951_0026_0017_0052_0052.jpg 1 26 17 52 52
0952_0031_0022_0061_0061.jpg 1 31 22 61 61
0953_0013_0026_0065_0065.jpg 1 13 26 65 65
0954_0042_0023_0028_0028.jpg 1 42 23 28 28
0955_0017_0009_0069_0069.jpg 1 17 9 69 69
0956_0017_0019_0043_0043.jpg 1 17 19 43 43
0957_0016_0040_0034_0034.jpg 1 16 40 34 34
0958_0006_0037_0051_0051.jpg 1 6 37 51 51
0959_0026_0033_0062_0062.jpg 1 26 33 62 62
0960_0048_0017_0041_0041.jpg 1 48 17 41 41
0961_0007_0017_0067_0067.jpg 1 7 17 67 67
0962_0012_0012_0053_0053.jpg 1 12 12 53 53
0963_0021_0035_0041_0041.jpg 1 21 35 41 41
0964_0010_0027_0060_0060.jpg 1 10 27 60 60
0965_0010_0010_0056_0056.jpg 1 10 10 56 56
0966_0012_0023_0055_0055.jpg 1 12 23 55 55
0967_0016_0030_0054_0054.jpg 1 16 30 54 54
0968_0046_0016_0030_0030.jpg 1 46 16 30 30
0969_0055_0052_0026_0026.jpg 1 55 52 26 26
0970_0061_0019_0024_0024.jpg 1 61 19 24 24
0971_0015_0019_0043_0043.jpg 1 15 19 43 43
0972_0045_0031_0041_0041.jpg 1 45 31 41 41
0973_0039_0023_0047_0047.jpg 1 39 23 47 47
0974_0047_0057_0035_0035.jpg 1 47 57 35 35
0975_0005_0007_0060_0060.jpg 1 5 7 60 60
0976_0010_0054_0026_0026.jpg 1 10 54 26 26
0977_0020_0022_0046_0046.jpg 1 20 22 46 46
0978_0013_0016_0043_0043.jpg 1 13 16 43 43
0979_0016_0004_0069_0069.jpg 1 16 4 69 69
0980_0034_0005_0061_0061.jpg 1 34 5 61 61
0981_0017_0022_0026_0026.jpg 1 17 22 26 26
0982_0046_0054_0028_0028.jpg 1 46 54 28 28
0983_0022_0027_0047_0047.jpg 1 22 27 47 47
0984_0045_0044_0047_0047.jpg 1 45 44 47 47
0985_0025_0059_0033_0033.jpg 1 25 59 33 33
0986_0017_0014_0064_0064.jpg 1 17 14 64 64
0987_0022_0047_0035_0035.jpg 1 22 47 35 35
0988_0042_0038_0034_0034.jpg 1 42 38 34 34
0989_0042_0007_0051_0051.jpg 1 42 7 51 51
0990_0015_0024_0069_0069.jpg 1 15 24 69 69
0991_0025_0010_0066_0066.jpg 1 25 10 66 66
0992_0029_0044_0032_0032.jpg 1 29 44 32 32
0993_0020_0042_0049_0049.jpg 1 20 42 49 49
0994_0011_0044_0044_0044.jpg 1 11 44 44 44
0995_0025_0027_0068_0068.jpg 1 25 27 68 68
0996_0048_0020_0028_0028.jpg 1 48 20 28 28
0997_0012_0026_0049_0049.jpg 1 12 26 49 49
0998_0008_0010_0066_0066.jpg 1 8 10 66 66
0999_0021_0022_0060_0060.jpg 1 21 22 60 60
1000_0043_0039_0047_0047.jpg 1 43 39 47 47
1001_0030_0009_0057_0057.jpg 1 30 9 57 57
1002_0029_0029_0061_0061.jpg 1 29 29 61 61
1003_0012_0029_0047_0047.jpg 1 12 29 47 47
1004_0025_0020_0065_0065.jpg 1 25 20 65 65
1005_0028_0035_0058_0058.jpg 1 28 35 58 58
1006_0027_0029_0060_0060.jpg 1 27 29 60 60
1007_0017_0018_0065_0065.jpg 1 17 18 65 65
1008_0015_0052_0037_0037.jpg 1 15 52 37 37
1009_0049_0030_0025_0025.jpg 1 49 30 25 25
1010_0016_0012_0063_0063.jpg 1 16 12 63 63
1011_0046_0034_0038_0038.jpg 1 46 34 38 38
1012_0011_0044_0044_0044.jpg 1 11 44 44 44
1013_0032_0052_0036_0036.jpg 1 32 52 36 36
1014_0048_0015_0038_0038.jpg 1 48 15 38 38
1015_0047_0011_0032_0032.jpg 1 47 11 32 32
1016_0043_0028_0025_0025.jpg 1 43 28 25 25
1017_0026_0034_0046_0046.jpg 1 26 34 46 46
1018_0018_0037_0036_0036.jpg 1 18 37 36 36
1019_0021_0013_0059_0059.jpg 1 21 13 59 59
1020_0038_0024_0048_0048.jpg 1 38 24 48 48
1021_0004_0003_0064_0064.jpg 1 4 3 64 64
1022_0028_0020_0055_0055.jpg 1 28 20 55 55
1023_0030_0024_0063_0063.jpg 1 30 24 63 63
1024_0054_0018_0038_0038.jpg 1 54 18 38 38
1025_0033_0012_0062_0062.jpg 1 33 12 62 62
1026_0041_0038_0053_0053.jpg 1 41 38 53 53
1027_0020_0048_0043_0043.jpg 1 20 48 43 43
1028_0047_0009_0029_0029.jpg 1 47 9 29 29
1029_0017_0017_0062_0062.jpg 1 17 17 62 62
1030_0045_0016_0044_0044.jpg 1 45 16 44 44
1031_0009_0019_0029_0029.jpg 1 9 19 29 29
1032_0035_0038_0035_0035.jpg 1 35 38 35 35
1033_0009_0024_0043_0043.jpg 1 9 24 43 43
1034_0022_0013_0033_0033.jpg 1 22 13 33 33
1035_0022_0020_0067_0067.jpg 1 22 20 67 67
1036_0039_0024_0043_0043.jpg 1 39 24 43 43
1037_0013_0038_0034_0034.jpg 1 13 38 34 34
1038_0024_0040_0038_0038.jpg 1 24 40 38 38
1039_0012_0030_0027_0027.jpg 1 12 30 27 27
1040_0027_0025_0045_0045.jpg 1 27 25 45 45
1041_0026_0038_0035_0035.jpg 1 26 38 35 35
1042_0050_0057_0030_0030.jpg 1 50 57 30 30
1043_0006_0028_0056_0056.jpg 1 6 28 56 56
1044_0013_0054_0038_0038.jpg 1 13 54 38 38
1045_0020_0021_0063_0063.jpg 1 20 21 63 63
1046_0024_0034_0048_0048.jpg 1 24 34 48 48
1047_0017_0049_0033_0033.jpg 1 17 49 33 33
1048_0031_0023_0061_0061.jpg 1 31 23 61 61
1049_0010_0014_0065_0065.jpg 1 10 14 65 65
1050_0024_0036_0032_0032.jpg 1 24 36 32 32
1051_0035_0028_0049_0049.jpg 1 35 28 49 49
1052_0025_0007_0047_0047.jpg 1 25 7 47 47
1053_0031_0006_0060_0060.jpg 1 31 6 60 60
1054_0016_0021_0037_0037.jpg 1 16 21 37 37
1055_0013_0025_0066_0066.jpg 1 13 25 66 66
1056_0045_0015_0049_0049.jpg 1 45 15 49 49
1057_0020_0033_0044_0044.jpg 1 20 33 44 44
1058_0047_0027_0046_0046.jpg 1 47 27 46 46
1059_0044_0020_0031_0031.jpg 1 44 20 31 31
1060_0054_0053_0024_0024.jpg 1 54 53 24 24
1061_0024_0026_0068_0068.jpg 1 24 26 68 68
1062_0015_0033_0061_0061.jpg 1 15 33 61 61
1063_0006_0019_0056_0056.jpg 1 6 19 56 56
1064_0008_0009_0061_0061.jpg 1 8 9 61 61
1065_0038_0040_0042_0042.jpg 1 38 40 42 42
1066_0019_0014_0053_0053.jpg 1 19 14 53 53
1067_0039_0028_0029_0029.jpg 1 39 28 29 29
1068_0016_0014_0045_0045.jpg 1 16 14 45 45
1069_0009_0003_0068_0068.jpg 1 9 3 68 68
1070_0007_0018_0068_0068.jpg 1 7 18 68 68
1071_0009_0040_0045_0045.jpg 1 9 40 45 45
1072_0018_0019_0058_0058.jpg 1 18 19 58 58
1073_0018_0020_0036_0036.jpg 1 18 20 36 36
1074_0017_0037_0030_0030.jpg 1 17 37 30 30
1075_0018_0009_0062_0062.jpg 1 18 9 62 62
1076_0007_0019_0038_0038.jpg 1 7 19 38 38
1077_0037_0007_0035_0035.jpg 1 37 7 35 35
1078_0016_0028_0064_0064.jpg 1 16 28 64 64
1079_0041_0019_0024_0024.jpg 1 41 19 24 24
1080_0015_0017_0041_0041.jpg 1 15 17 41 41
1081_0039_0014_0028_0028.jpg 1 39 14 28 28
1082_0015_0042_0038_0038.jpg 1 15 42 38 38
1083_0020_0010_0067_0067.jpg 1 20 10 67 67
1084_0014_0027_0050_0050.jpg 1 14 27 50 50
1085_0052_0009_0038_0038.jpg 1 52 9 38 38
1086_0008_0027_0029_0029.jpg 1 8 27 29 29
1087_0030_0022_0033_0033.jpg 1 30 22 33 33
1088_0006_0022_0061_0061.jpg 1 6 22 61 61
1089_0009_0012_0066_0066.jpg 1 9 12 66 66
1090_0056_0009_0031_0031.jpg 1 56 9 31 31
1091_0010_0017_0062_0062.jpg 1 10 17 62 62
1092_0010_0048_0045_0045.jpg 1 10 48 45 45
1093_0039_0020_0055_0055.jpg 1 39 20 55 55
1094_0034_0012_0060_0060.jpg 1 34 12 60 60
1095_0053_0022_0031_0031.jpg 1 53 22 31 31
1096_0033_0024_0059_0059.jpg 1 33 24 59 59
1097_0025_0005_0061_0061.jpg 1 25 5 61 61
1098_0046_0015_0045_0045.jpg 1 46 15 45 45
1099_0020_0020_0057_0057.jpg 1 20 20 57 57
1100_0022_0028_0048_0048.jpg 1 22 28 48 48
1101_0046_0046_0036_0036.jpg 1 46 46 36 36
1102_0034_0059_0034_0034.jpg 1 34 59 34 34
1103_0034_0008_0054_0054.jpg 1 34 8 54 54
1104_0028_0020_0026_0026.jpg 1 28 20 26 26
1105_0016_0037_0035_0035.jpg 1 16 37 35 35
1106_0014_0026_0036_0036.jpg 1 14 26 36 36
1107_0006_0038_0044_0044.jpg 1 6 38 44 44
1108_0033_0049_0031_0031.jpg 1 33 49 31 31
1109_0018_0009_0028_0028.jpg 1 18 9 28 28
1110_0008_0029_0047_0047.jpg 1 8 29 47 47
1111_0007_0014_0058_0058.jpg 1 7 14 58 58
1112_0005_0004_0055_0055.jpg 1 5 4 55 55
1113_0024_0018_0069_0069.jpg 1 24 18 69 69
1114_0010_0044_0029_0029.jpg 1 10 44 29 29
1115_0025_0005_0064_0064.jpg 1 25 5 64 64
1116_0035_0045_0043_0043.jpg 1 35 45 43 43
1117_0031_0023_0064_0064.jpg 1 31 23 64 64
1118_0021_0021_0054_0054.jpg 1 21 21 54 54
1119_0027_0009_0058_0058.jpg 1 27 9 58 58
1120_0012_0037_0047_0047.jpg 1 12 37 47 47
1121_0030_0008_0056_0056.jpg 1 30 8 56 56
1122_0010_0054_0034_0034.jpg 1 10 54 34 34
1123_0032_0008_0061_0061.jpg 1 32 8 61 61
1124_0022_0016_0051_0051.jpg 1 22 16 51 51
1125_0041_0032_0038_0038.jpg 1 41 32 38 38
1126_0010_0023_0047_0047.jpg 1 10 23 47 47
1127_0046_0031_0032_0032.jpg 1 46 31 32 32
1128_0011_0021_0034_0034.jpg 1 11 21 34 34
1129_0050_0014_0041_0041.jpg 1 50 14 41 41
1130_0015_0013_0062_0062.jpg 1 15 13 62 62
1131_0033_0031_0054_0054.jpg 1 33 31 54 54
1132_0014_0039_0046_0046.jpg 1 14 39 46 46
1133_0033_0015_0060_0060.jpg 1 33 15 60 60
1134_0026_0025_0050_0050.jpg 1 26 25 50 50
1135_0005_0043_0050_0050.jpg 1 5 43 50 50
1136_0017_0018_0041_0041.jpg 1 17 18 41 41
1137_0011_0024_0067_0067.jpg 1 11 24 67 67
1138_0006_0018_0068_0068.jpg 1 6 18 68 68
1139_0023_0015_0061_0061.jpg 1 23 15 61 61
1140_0023_0021_0024_0024.jpg 1 23 21 24 24
1141_0019_0029_0043_0043.jpg 1 19 29 43 43
1142_0048_0031_0044_0044.jpg 1 48 31 44 44
1143_0054_0013_0026_0026.jpg 1 54 13 26 26
1144_0007_0033_0061_0061.jpg 1 7 33 61 61
1145_0035_0007_0058_0058.jpg 1 35 7 58 58
1146_0030_0023_0064_0064.jpg 1 30 23 64 64
1147_0032_0007_0063_0063.jpg 1 32 7 63 63
1148_0006_0019_0064_0064.jpg 1 6 19 64 64
1149_0033_0037_0053_0053.jpg 1 33 37 53 53
1150_0058_0039_0032_0032.jpg 1 58 39 32 32
1151_0019_0038_0043_0043.jpg 1 19 38 43 43
1152_0022_0011_0059_0059.jpg 1 22 11 59 59
1153_0011_0029_0058_0058.jpg 1 11 29 58 58
1154_0021_0042_0048_0048.jpg 1 21 42 48 48
1155_0028_0028_0060_0060.jpg 1 28 28 60 60
1156_0012_0019_0037_0037.jpg 1 12 19 37 37
1157_0034_0027_0035_0035.jpg 1 34 27 35 35
1158_0019_0026_0040_0040.jpg 1 19 26 40 40
1159_0033_0051_0038_0038.jpg 1 33 51 38 38
1160_0037_0023_0036_0036.jpg 1 37 23 36 36
1161_0014_0036_0042_0042.jpg 1 14 36 42 42
1162_0010_0003_0066_0066.jpg 1 10 3 66 66
1163_0021_0009_0028_0028.jpg 1 21 9 28 28
1164_0015_0055_0037_0037.jpg 1 15 55 37 37
1165_0008_0059_0028_0028.jpg 1 8 59 28 28
1166_0013_0039_0028_0028.jpg 1 13 39 28 28
1167_0038_0032_0046_0046.jpg 1 38 32 46 46
1168_0054_0010_0028_0028.jpg 1 54 10 28 28
1169_0013_0021_0065_0065.jpg 1 13 21 65 65
1170_0017_0004_0067_0067.jpg 1 17 4 67 67
1171_0012_0023_0061_0061.jpg 1 12 23 61 61
1172_0021_0027_0044_0044.jpg 1 21 27 44 44
1173_0023_0062_0027_0027.jpg 1 23 62 27 27
1174_0022_0015_0055_0055.jpg 1 22 15 55 55
1175_0040_0009_0054_0054.jpg 1 40 9 54 54
1176_0009_0014_0055_0055.jpg 1 9 14 55 55
1177_0014_0043_0027_0027.jpg 1 14 43 27 27
1178_0024_0053_0038_0038.jpg 1 24 53 38 38
1179_0007_0031_0041_0041.jpg 1 7 31 41 41
1180_0031_0021_0036_0036.jpg 1 31 21 36 36
1181_0021_0004_0067_0067.jpg 1 21 4 67 67
1182_0032_0013_0054_0054.jpg 1 32 13 54 54
1183_0029_0032_0048_0048.jpg 1 29 32 48 48
1184_0017_0010_0069_0069.jpg 1 17 10 69 69
1185_0053_0017_0040_0040.jpg 1 53 17 40 40
1186_0007_0022_0050_0050.jpg 1 7 22 50 50
1187_0018_0025_0051_0051.jpg 1 18 25 51 51
1188_0033_0054_0032_0032.jpg 1 33 54 32 32
1189_0019_0014_0066_0066.jpg 1 19 14 66 66
1190_0010_0025_0068_0068.jpg 1 10 25 68 68
1191_0040_0016_0051_0051.jpg 1 40 16 51 51
1192_0028_0028_0045_0045.jpg 1 28 28 45 45
1193_0017_0024_0053_0053.jpg 1 17 24 53 53
1194_0038_0023_0048_0048.jpg 1 38 23 48 48
1195_0015_0023_0067_0067.jpg 1 15 23 67 67
1196_0061_0032_0024_0024.jpg 1 61 32 24 24
1197_0034_0023_0054_0054.jpg 1 34 23 54 54
1198_0029_0042_0038_0038.jpg 1 29 42 38 38
1199_0045_0023_0047_0047.jpg 1 45 23 47 47
1200_0033_0018_0058_0058.jpg 1 33 18 58 58
1201_0034_0045_0044_0044.jpg 1 34 45 44 44
1202_0010_0034_0050_0050.jpg 1 10 34 50 50
1203_0063_0031_0025_0025.jpg 1 63 31 25 25
1204_0043_0043_0040_0040.jpg 1 43 43 40 40
1205_0025_0015_0056_0056.jpg 1 25 15 56 56
1206_0014_0034_0061_0061.jpg 1 14 34 61 61
1207_0015_0017_0035_0035.jpg 1 15 17 35 35
1208_0007_0045_0039_0039.jpg 1 7 45 39 39
1209_0045_0031_0040_0040.jpg 1 45 31 40 40
1210_0021_0008_0061_0061.jpg 1 21 8 61 61
1211_0046_0046_0032_0032.jpg 1 46 46 32 32
1212_0027_0022_0055_0055.jpg 1 27 22 55 55
1213_0012_0041_0024_0024.jpg 1 12 41 24 24
1214_0014_0007_0049_0049.jpg 1 14 7 49 49
1215_0003_0032_0062_0062.jpg 1 3 32 62 62
1216_0007_0019_0056_0056.jpg 1 7 19 56 56
1217_0022_0012_0066_0066.jpg 1 22 12 66 66
1218_0024_0008_0069_0069.jpg 1 24 8 69 69
1219_0046_0031_0047_0047.jpg 1 46 31 47 47
1220_0028_0013_0064_0064.jpg 1 28 13 64 64
1221_0025_0033_0054_0054.jpg 1 25 33 54 54
1222_0016_0060_0026_0026.jpg 1 16 60 26 26
1223_0045_0029_0049_0049.jpg 1 45 29 49 49
1224_0022_0050_0043_0043.jpg 1 22 50 43 43
1225_0014_0030_0062_0062.jpg 1 14 30 62 62
1226_0047_0007_0046_0046.jpg 1 47 7 46 46
1227_0034_0006_0055_0055.jpg 1 34 6 55 55
1228_0029_0036_0048_0048.jpg 1 29 36 48 48
1229_0005_0037_0044_0044.jpg 1 5 37 44 44
1230_0015_0029_0024_0024.jpg 1 15 29 24 24
1231_0048_0038_0044_0044.jpg 1 48 38 44 44
1232_0023_0049_0029_0029.jpg 1 23 49 29 29
1233_0023_0016_0065_0065.jpg 1 23 16 65 65
1234_0017_0006_0064_0064.jpg 1 17 6 64 64
1235_0028_0006_0055_0055.jpg 1 28 6 55 55
1236_0039_0046_0043_0043.jpg 1 39 46 43 43
1237_0015_0034_0059_0059.jpg 1 15 34 59 59
1238_0018_0012_0051_0051.jpg 1 18 12 51 51
1239_0022_0014_0057_0057.jpg 1 22 14 57 57
1240_0004_0032_0059_0059.jpg 1 4 32 59 59
1241_0020_0018_0057_0057.jpg 1 20 18 57 57
1242_0016_0019_0059_0059.jpg 1 16 19 59 59
1243_0044_0008_0032_0032.jpg 1 44 8 32 32
1244_0019_0014_0059_0059.jpg 1 19 14 59 59
1245_0045_0031_0049_0049.jpg 1 45 31 49 49
1246_0017_0054_0037_0037.jpg 1 17 54 37 37
1247_0030_0053_0040_0040.jpg 1 30 53 40 40
1248_0056_0048_0032_0032.jpg 1 56 48 32 32
1249_0043_0032_0042_0042.jpg 1 43 32 42 42
1250_0048_0035_0034_0034.jpg 1 48 35 34 34
1251_0038_0016_0050_0050.jpg 1 38 16 50 50
1252_0032_0011_0046_0046.jpg 1 32 11 46 46
1253_0026_0019_0045_0045.jpg 1 26 19 45 45
1254_0040_0047_0038_0038.jpg 1 40 47 38 38
1255_0048_0042_0038_0038.jpg 1 48 42 38 38
1256_0038_0051_0039_0039.jpg 1 38 51 39 39
1257_0012_0030_0047_0047.jpg 1 12 30 47 47
1258_0017_0022_0069_0069.jpg 1 17 22 69 69
1259_0028_0029_0059_0059.jpg 1 28 29 59 59
1260_0011_0048_0035_0035.jpg 1 11 48 35 35
1261_0005_0027_0062_0062.jpg 1 5 27 62 62
1262_0022_0014_0048_0048.jpg 1 22 14 48 48
1263_0005_0013_0061_0061.jpg 1 5 13 61 61
1264_0026_0021_0065_0065.jpg 1 26 21 65 65
1265_0025_0006_0066_0066.jpg 1 25 6 66 66
1266_0036_0038_0050_0050.jpg 1 36 38 50 50
1267_0051_0046_0034_0034.jpg 1 51 46 34 34
1268_0006_0023_0068_0068.jpg 1 6 23 68 68
1269_0053_0028_0029_0029.jpg 1 53 28 29 29
1270_0044_0046_0032_0032.jpg 1 44 46 32 32
1271_0031_0030_0060_0060.jpg 1 31 30 60 60
1272_0016_0037_0029_0029.jpg 1 16 37 29 29
1273_0029_0011_0065_0065.jpg 1 29 11 65 65
1274_0015_0035_0046_0046.jpg 1 15 35 46 46
1275_0006_0008_0067_0067.jpg 1 6 8 67 67
1276_0060_0047_0026_0026.jpg 1 60 47 26 26
1277_0018_0045_0024_0024.jpg 1 18 45 24 24
1278_0021_0010_0061_0061.jpg 1 21 10 61 61
1279_0010_0036_0056_0056.jpg 1 10 36 56 56
1280_0020_0042_0029_0029.jpg 1 20 42 29 29
1281_0047_0022_0042_0042.jpg 1 47 22 42 42
1282_0045_0058_0034_0034.jpg 1 45 58 34 34
1283_0017_0047_0047_0047.jpg 1 17 47 47 47
1284_0034_0049_0042_0042.jpg 1 34 49 42 42
1285_0050_0039_0042_0042.jpg 1 50 39 42 42
1286_0011_0040_0043_0043.jpg 1 11 40 43 43
1287_0031_0024_0047_0047.jpg 1 31 24 47 47
1288_0025_0018_0068_0068.jpg 1 25 18 68 68
1289_0032_0028_0024_0024.jpg 1 32 28 24 24
1290_0038_0013_0056_0056.jpg 1 38 13 56 56
1291_0012_0032_0061_0061.jpg 1 12 32 61 61
1292_0020_0023_0031_0031.jpg 1 20 23 31 31
1293_0047_0049_0041_0041.jpg 1 47 49 41 41
1294_0027_0039_0037_0037.jpg 1 27 39 37 37
1295_0026_0041_0027_0027.jpg 1 26 41 27 27
1296_0048_0049_0027_0027.jpg 1 48 49 27 27
1297_0044_0017_0034_0034.jpg 1 44 17 34 34
1298_0047_0018_0043_0043.jpg 1 47 18 43 43
1299_0013_0018_0068_0068.jpg 1 13 18 68 68
1300_0012_0030_0063_0063.jpg 1 12 30 63 63
1301_0031_0032_0038_0038.jpg 1 31 32 38 38
1302_0051_0048_0028_0028.jpg 1 51 48 28 28
1303_0013_0032_0032_0032.jpg 1 13 32 32 32
1304_0020_0026_0069_0069.jpg 1 20 26 69 69
1305_0010_0013_0050_0050.jpg 1 10 13 50 50
1306_0008_0044_0051_0051.jpg 1 8 44 51 51
1307_0015_0008_0046_0046.jpg 1 15 8 46 46
1308_0022_0005_0053_0053.jpg 1 22 5 53 53
1309_0030_0055_0038_0038.jpg 1 30 55 38 38
1310_0014_0038_0039_0039.jpg 1 14 38 39 39
1311_0045_0020_0035_0035.jpg 1 45 20 35 35
1312_0052_0023_0037_0037.jpg 1 52 23 37 37
1313_0019_0018_0069_0069.jpg 1 19 18 69 69
1314_0025_0032_0034_0034.jpg 1 25 32 34 34
1315_0031_0008_0060_0060.jpg 1 31 8 60 60
1316_0014_0036_0047_0047.jpg 1 14 36 47 47
1317_0046_0019_0040_0040.jpg 1 46 19 40 40
1318_0019_0018_0059_0059.jpg 1 19 18 59 59
1319_0027_0004_0061_0061.jpg 1 27 4 61 61
1320_0014_0020_0037_0037.jpg 1 14 20 37 37
1321_0043_0006_0050_0050.jpg 1 43 6 50 50
1322_0006_0022_0037_0037.jpg 1 6 22 37 37
1323_0012_0028_0040_0040.jpg 1 12 28 40 40
1324_0037_0018_0056_0056.jpg 1 37 18 56 56
1325_0009_0029_0041_0041.jpg 1 9 29 41 41
1326_0023_0038_0051_0051.jpg 1 23 38 51 51
1327_0014_0031_0060_0060.jpg 1 14 31 60 60
1328_0012_0027_0039_0039.jpg 1 12 27 39 39
1329_0008_0035_0060_0060.jpg 1 8 35 60 60
1330_0008_0015_0059_0059.jpg 1 8 15 59 59
1331_0022_0055_0033_0033.jpg 1 22 55 33 33
1332_0004_0010_0066_0066.jpg 1 4 10 66 66
1333_0013_0048_0031_0031.jpg 1 13 48 31 31
1334_0055_0031_0031_0031.jpg 1 55 31 31 31
1335_0031_0021_0059_0059.jpg 1 31 21 59 59
1336_0041_0036_0052_0052.jpg 1 41 36 52 52
1337_0012_0024_0069_0069.jpg 1 12 24 69 69
1338_0040_0061_0028_0028.jpg 1 40 61 28 28
1339_0013_0015_0041_0041.jpg 1 13 15 41 41
1340_0042_0035_0044_0044.jpg 1 42 35 44 44
1341_0045_0054_0035_0035.jpg 1 45 54 35 35
1342_0030_0050_0039_0039.jpg 1 30 50 39 39
1343_0040_0059_0029_0029.jpg 1 40 59 29 29
1344_0020_0016_0066_0066.jpg 1 20 16 66 66
1345_0042_0020_0051_0051.jpg 1 42 20 51 51
1346_0017_0037_0046_0046.jpg 1 17 37 46 46
1347_0047_0022_0032_0032.jpg 1 47 22 32 32
1348_0045_0040_0034_0034.jpg 1 45 40 34 34
1349_0017_0034_0058_0058.jpg 1 17 34 58 58
1350_0010_0034_0057_0057.jpg 1 10 34 57 57
1351_0034_0043_0025_0025.jpg 1 34 43 25 25
1352_0030_0043_0040_0040.jpg 1 30 43 40 40
1353_0029_0020_0040_0040.jpg 1 29 20 40 40
1354_0015_0017_0048_0048.jpg 1 15 17 48 48
1355_0015_0030_0059_0059.jpg 1 15 30 59 59
1356_0016_0024_0069_0069.jpg 1 16 24 69 69
1357_0020_0022_0045_0045.jpg 1 20 22 45 45
1358_0023_0008_0066_0066.jpg 1 23 8 66 66
1359_0038_0025_0043_0043.jpg 1 38 25 43 43
1360_0012_0032_0061_0061.jpg 1 12 32 61 61
1361_0019_0020_0046_0046.jpg 1 19 20 46 46
1362_0049_0052_0032_0032.jpg 1 49 52 32 32
1363_0030_0012_0043_0043.jpg 1 30 12 43 43
1364_0024_0030_0031_0031.jpg 1 24 30 31 31
1365_0049_0012_0043_0043.jpg 1 49 12 43 43
1366_0019_0009_0047_0047.jpg 1 19 9 47 47
1367_0039_0018_0036_0036.jpg 1 39 18 36 36
1368_0045_0010_0043_0043.jpg 1 45 10 43 43
1369_0018_0033_0043_0043.jpg 1 18 33 43 43
1370_0019_0022_0052_0052.jpg 1 19 22 52 52
1371_0051_0028_0038_0038.jpg 1 51 28 38 38
1372_0015_0011_0065_0065.jpg 1 15 11 65 65
1373_0025_0011_0036_0036.jpg 1 25 11 36 36
1374_0030_0005_0057_0057.jpg 1 30 5 57 57
1375_0019_0041_0039_0039.jpg 1 19 41 39 39
1376_0006_0029_0063_0063.jpg 1 6 29 63 63
1377_0023_0012_0051_0051.jpg 1 23 12 51 51
1378_0012_0022_0062_0062.jpg 1 12 22 62 62
1379_0037_0036_0045_0045.jpg 1 37 36 45 45
1380_0012_0031_0024_0024.jpg 1 12 31 24 24
1381_0008_0008_0037_0037.jpg 1 8 8 37 37
1382_0041_0037_0038_0038.jpg 1 41 37 38 38
1383_0010_0027_0029_0029.jpg 1 10 27 29 29
1384_0014_0029_0062_0062.jpg 1 14 29 62 62
1385_0010_0021_0062_0062.jpg 1 10 21 62 62
1386_0033_0016_0058_0058.jpg 1 33 16 58 58
1387_0040_0046_0041_0041.jpg 1 40 46 41 41
1388_0024_0012_0045_0045.jpg 1 24 12 45 45
1389_0017_0037_0033_0033.jpg 1 17 37 33 33
1390_0021_0013_0049_0049.jpg 1 21 13 49 49
1391_0018_0028_0048_0048.jpg 1 18 28 48 48
1392_0021_0046_0046_0046.jpg 1 21 46 46 46
1393_0046_0038_0025_0025.jpg 1 46 38 25 25
1394_0015_0008_0061_0061.jpg 1 15 8 61 61
1395_0045_0053_0040_0040.jpg 1 45 53 40 40
1396_0019_0041_0042_0042.jpg 1 19 41 42 42
1397_0020_0011_0047_0047.jpg 1 20 11 47 47
1398_0017_0009_0055_0055.jpg 1 17 9 55 55
1399_0045_0015_0038_0038.jpg 1 45 15 38 38
1400_0007_0010_0066_0066.jpg 1 7 10 66 66
1401_0016_0021_0066_0066.jpg 1 16 21 66 66
1402_0038_0025_0052_0052.jpg 1 38 25 52 52
1403_0032_0011_0053_0053.jpg 1 32 11 53 53
1404_0013_0039_0030_0030.jpg 1 13 39 30 30
1405_0034_0024_0042_0042.jpg 1 34 24 42 42
1406_0027_0028_0064_0064.jpg 1 27 28 64 64
1407_0028_0024_0057_0057.jpg 1 28 24 57 57
1408_0032_0020_0054_0054.jpg 1 32 20 54 54
1409_0031_0012_0049_0049.jpg 1 31 12 49 49
1410_0014_0015_0031_0031.jpg 1 14 15 31 31
1411_0059_0014_0027_0027.jpg 1 59 14 27 27
1412_0024_0028_0034_0034.jpg 1 24 28 34 34
1413_0039_0041_0043_0043.jpg 1 39 41 43 43
1414_0041_0042_0030_0030.jpg 1 41 42 30 30
1415_0011_0064_0027_0027.jpg 1 11 64 27 27
1416_0004_0008_0069_0069.jpg 1 4 8 69 69
1417_0025_0006_0057_0057.jpg 1 25 6 57 57
1418_0016_0006_0069_0069.jpg 1 16 6 69 69
1419_0018_0053_0024_0024.jpg 1 18 53 24 24
1420_0023_0044_0025_0025.jpg 1 23 44 25 25
1421_0022_0026_0067_0067.jpg 1 22 26 67 67
1422_0016_0023_0037_0037.jpg 1 16 23 37 37
1423_0066_0067_0024_0024.jpg 1 66 67 24 24
1424_0033_0008_0033_0033.jpg 1 33 8 33 33
1425_0056_0058_0024_0024.jpg 1 56 58 24 24
1426_0026_0029_0041_0041.jpg 1 26 29 41 41
1427_0032_0037_0058_0058.jpg 1 32 37 58 58
1428_0046_0022_0024_0024.jpg 1 46 22 24 24
1429_0028_0004_0064_0064.jpg 1 28 4 64 64
1430_0018_0039_0045_0045.jpg 1 18 39 45 45
1431_0024_0014_0027_0027.jpg 1 24 14 27 27
1432_0035_0028_0060_0060.jpg 1 35 28 60 60
1433_0025_0031_0047_0047.jpg 1 25 31 47 47
1434_0036_0036_0045_0045.jpg 1 36 36 45 45
1435_0032_0027_0051_0051.jpg 1 32 27 51 51
1436_0042_0025_0024_0024.jpg 1 42 25 24 24
1437_0042_0032_0025_0025.jpg 1 42 32 25 25
1438_0019_0012_0029_0029.jpg 1 19 12 29 29
1439_0042_0047_0039_0039.jpg 1 42 47 39 39
1440_0028_0008_0052_0052.jpg 1 28 8 52 52
1441_0010_0051_0025_0025.jpg 1 10 51 25 25
1442_0046_0027_0026_0026.jpg 1 46 27 26 26
1443_0012_0035_0054_0054.jpg 1 12 35 54 54
1444_0028_0041_0027_0027.jpg 1 28 41 27 27
1445_0047_0034_0039_0039.jpg 1 47 34 39 39
1446_0014_0045_0026_0026.jpg 1 14 45 26 26
1447_0038_0018_0053_0053.jpg 1 38 18 53 53
1448_0030_0026_0028_0028.jpg 1 30 26 28 28
1449_0017_0019_0054_0054.jpg 1 17 19 54 54
1450_0019_0024_0068_0068.jpg 1 19 24 68 68
1451_0019_0006_0069_0069.jpg 1 19 6 69 69
1452_0009_0007_0061_0061.jpg 1 9 7 61 61
1453_0009_0021_0065_0065.jpg 1 9 21 65 65
1454_0013_0036_0048_0048.jpg 1 13 36 48 48
1455_0013_0013_0056_0056.jpg 1 13 13 56 56
1456_0043_0007_0049_0049.jpg 1 43 7 49 49
1457_0015_0014_0062_0062.jpg 1 15 14 62 62
1458_0010_0023_0063_0063.jpg 1 10 23 63 63
1459_0026_0027_0066_0066.jpg 1 26 27 66 66
1460_0034_0029_0060_0060.jpg 1 34 29 60 60
1461_0013_0028_0052_0052.jpg 1 13 28 52 52
1462_0025_0023_0065_0065.jpg 1 25 23 65 65
1463_0013_0013_0063_0063.jpg 1 13 13 63 63
1464_0015_0028_0063_0063.jpg 1 15 28 63 63
1465_0022_0004_0063_0063.jpg 1 22 4 63 63
1466_0030_0018_0041_0041.jpg 1 30 18 41 41
1467_0033_0032_0056_0056.jpg 1 33 32 56 56
1468_0018_0041_0050_0050.jpg 1 18 41 50 50
1469_0019_0008_0060_0060.jpg 1 19 8 60 60
1470_0034_0041_0025_0025.jpg 1 34 41 25 25
1471_0027_0036_0055_0055.jpg 1 27 36 55 55
1472_0013_0031_0064_0064.jpg 1 13 31 64 64
1473_0022_0021_0053_0053.jpg 1 22 21 53 53
1474_0040_0027_0036_0036.jpg 1 40 27 36 36
1475_0013_0017_0057_0057.jpg 1 13 17 57 57
1476_0026_0020_0032_0032.jpg 1 26 20 32 32
1477_0009_0031_0052_0052.jpg 1 9 31 52 52
1478_0020_0026_0062_0062.jpg 1 20 26 62 62
1479_0016_0009_0026_0026.jpg 1 16 9 26 26
1480_0013_0020_0065_0065.jpg 1 13 20 65 65
1481_0054_0045_0030_0030.jpg 1 54 45 30 30
1482_0008_0013_0033_0033.jpg 1 8 13 33 33
1483_0010_0014_0038_0038.jpg 1 10 14 38 38
1484_0026_0044_0028_0028.jpg 1 26 44 28 28
1485_0016_0017_0063_0063.jpg 1 16 17 63 63
1486_0025_0014_0069_0069.jpg 1 25 14 69 69
1487_0035_0036_0038_0038.jpg 1 35 36 38 38
1488_0055_0021_0026_0026.jpg 1 55 21 26 26
1489_0034_0010_0061_0061.jpg 1 34 10 61 61
1490_0010_0054_0038_0038.jpg 1 10 54 38 38
1491_0021_0046_0041_0041.jpg 1 21 46 41 41
1492_0006_0027_0061_0061.jpg 1 6 27 61 61
1493_0021_0014_0051_0051.jpg 1 21 14 51 51
1494_0018_0013_0065_0065.jpg 1 18 13 65 65
1495_0039_0015_0038_0038.jpg 1 39 15 38 38
1496_0041_0035_0045_0045.jpg 1 41 35 45 45
1497_0012_0007_0064_0064.jpg 1 12 7 64 64
1498_0005_0027_0043_0043.jpg 1 5 27 43 43
1499_0024_0029_0066_0066.jpg 1 24 29 66 66
1500_0006_0026_0067_0067.jpg 1 6 26 67 67
1501_0034_0020_0057_0057.jpg 1 34 20 57 57
1502_0017_0016_0045_0045.jpg 1 17 16 45 45
1503_0011_0006_0069_0069.jpg 1 11 6 69 69
1504_0013_0004_0068_0068.jpg 1 13 4 68 68
1505_0011_0034_0028_0028.jpg 1 11 34 28 28
1506_0014_0034_0061_0061.jpg 1 14 34 61 61
1507_0012_0012_0038_0038.jpg 1 12 12 38 38
1508_0016_0006_0052_0052.jpg 1 16 6 52 52
1509_0033_0031_0048_0048.jpg 1 33 31 48 48
1510_0024_0026_0065_0065.jpg 1 24 26 65 65
1511_0012_0038_0051_0051.jpg 1 12 38 51 51
1512_0023_0034_0062_0062.jpg 1 23 34 62 62
1513_0060_0037_0025_0025.jpg 1 60 37 25 25
1514_0020_0032_0063_0063.jpg 1 20 32 63 63
1515_0006_0009_0060_0060.jpg 1 6 9 60 60
1516_0006_0052_0034_0034.jpg 1 6 52 34 34
1517_0014_0050_0029_0029.jpg 1 14 50 29 29
1518_0024_0025_0057_0057.jpg 1 24 25 57 57
1519_0017_0026_0061_0061.jpg 1 17 26 61 61
1520_0029_0058_0031_0031.jpg 1 29 58 31 31
1521_0022_0030_0056_0056.jpg 1 22 30 56 56
1522_0027_0017_0068_0068.jpg 1 27 17 68 68
1523_0032_0017_0040_0040.jpg 1 32 17 40 40
1524_0053_0051_0037_0037.jpg 1 53 51 37 37
1525_0009_0036_0051_0051.jpg 1 9 36 51 51
1526_0007_0030_0064_0064.jpg 1 7 30 64 64
1527_0037_0029_0027_0027.jpg 1 37 29 27 27
1528_0045_0022_0025_0025.jpg 1 45 22 25 25
1529_0029_0047_0046_0046.jpg 1 29 47 46 46
1530_0039_0048_0033_0033.jpg 1 39 48 33 33
1531_0013_0028_0051_0051.jpg 1 13 28 51 51
1532_0009_0021_0056_0056.jpg 1 9 21 56 56
1533_0016_0035_0024_0024.jpg 1 16 35 24 24
1534_0011_0019_0069_0069.jpg 1 11 19 69 69
1535_0027_0023_0062_0062.jpg 1 27 23 62 62
1536_0014_0019_0067_0067.jpg 1 14 19 67 67
1537_0006_0031_0062_0062.jpg 1 6 31 62 62
1538_0034_0017_0060_0060.jpg 1 34 17 60 60
1539_0062_0026_0026_0026.jpg 1 62 26 26 26
1540_0016_0032_0049_0049.jpg 1 16 32 49 49
1541_0026_0010_0051_0051.jpg 1 26 10 51 51
1542_0028_0032_0062_0062.jpg 1 28 32 62 62
1543_0020_0025_0064_0064.jpg 1 20 25 64 64
1544_0011_0064_0027_0027.jpg 1 11 64 27 27
1545_0059_0024_0033_0033.jpg 1 59 24 33 33
1546_0016_0019_0057_0057.jpg 1 16 19 57 57
1547_0010_0016_0064_0064.jpg 1 10 16 64 64
1548_0016_0026_0069_0069.jpg 1 16 26 69 69
1549_0010_0029_0044_0044.jpg 1 10 29 44 44
1550_0034_0023_0038_0038.jpg 1 34 23 38 38
1551_0060_0012_0025_0025.jpg 1 60 12 25 25
1552_0005_0011_0057_0057.jpg 1 5 11 57 57
1553_0036_0018_0026_0026.jpg 1 36 18 26 26
1554_0013_0048_0031_0031.jpg 1 13 48 31 31
1555_0024_0024_0066_0066.jpg 1 24 24 66 66
1556_0021_0022_0024_0024.jpg 1 21 22 24 24
1557_0047_0039_0036_0036.jpg 1 47 39 36 36
1558_0042_0053_0029_0029.jpg 1 42 53 29 29
1559_0009_0056_0025_0025.jpg 1 9 56 25 25
1560_0026_0021_0039_0039.jpg 1 26 21 39 39
1561_0028_0024_0063_0063.jpg 1 28 24 63 63
1562_0028_0007_0045_0045.jpg 1 28 7 45 45
1563_0009_0066_0025_0025.jpg 1 9 66 25 25
1564_0046_0024_0042_0042.jpg 1 46 24 42 42
1565_0025_0040_0029_0029.jpg 1 25 40 29 29
1566_0022_0035_0058_0058.jpg 1 22 35 58 58
1567_0050_0032_0041_0041.jpg 1 50 32 41 41
1568_0014_0040_0044_0044.jpg 1 14 40 44 44
1569_0036_0014_0053_0053.jpg 1 36 14 53 53
1570_0015_0016_0065_0065.jpg 1 15 16 65 65
1571_0043_0032_0039_0039.jpg 1 43 32 39 39
1572_0022_0040_0033_0033.jpg 1 22 40 33 33
1573_0008_0007_0024_0024.jpg 1 8 7 24 24
1574_0017_0018_0062_0062.jpg 1 17 18 62 62
1575_0018_0017_0058_0058.jpg 1 18 17 58 58
1576_0008_0005_0058_0058.jpg 1 8 5 58 58
1577_0032_0032_0029_0029.jpg 1 32 32 29 29
1578_0008_0025_0046_0046.jpg 1 8 25 46 46
1579_0046_0030_0027_0027.jpg 1 46 30 27 27
1580_0028_0010_0055_0055.jpg 1 28 10 55 55
1581_0033_0010_0039_0039.jpg 1 33 10 39 39
1582_0008_0025_0039_0039.jpg 1 8 25 39 39
1583_0015_0037_0047_0047.jpg 1 15 37 47 47
1584_0024_0031_0048_0048.jpg 1 24 31 48 48
1585_0064_0017_0026_0026.jpg 1 64 17 26 26
1586_0025_0008_0065_0065.jpg 1 25 8 65 65
1587_0050_0017_0044_0044.jpg 1 50 17 44 44
1588_0007_0005_0044_0044.jpg 1 7 5 44 44
1589_0014_0009_0047_0047.jpg 1 14 9 47 47
1590_0017_0060_0025_0025.jpg 1 17 60 25 25
1591_0039_0049_0028_0028.jpg 1 39 49 28 28
1592_0015_0016_0030_0030.jpg 1 15 16 30 30
1593_0041_0016_0040_0040.jpg 1 41 16 40 40
1594_0029_0007_0054_0054.jpg 1 29 7 54 54
1595_0031_0029_0061_0061.jpg 1 31 29 61 61
1596_0032_0016_0060_0060.jpg 1 32 16 60 60
1597_0059_0027_0032_0032.jpg 1 59 27 32 32
1598_0008_0033_0054_0054.jpg 1 8 33 54 54
1599_0034_0026_0027_0027.jpg 1 34 26 27 27
1600_0006_0017_0040_0040.jpg 1 6 17 40 40
1601_0018_0033_0033_0033.jpg 1 18 33 33 33
1602_0024_0008_0058_0058.jpg 1 24 8 58 58
1603_0012_0016_0050_0050.jpg 1 12 16 50 50
1604_0041_0030_0039_0039.jpg 1 41 30 39 39
1605_0020_0020_0058_0058.jpg 1 20 20 58 58
1606_0036_0040_0038_0038.jpg 1 36 40 38 38
1607_0013_0003_0068_0068.jpg 1 13 3 68 68
1608_0035_0030_0041_0041.jpg 1 35 30 41 41
1609_0030_0029_0052_0052.jpg 1 30 29 52 52
1610_0030_0018_0065_0065.jpg 1 30 18 65 65
1611_0041_0046_0045_0045.jpg 1 41 46 45 45
1612_0020_0027_0032_0032.jpg 1 20 27 32 32
1613_0041_0032_0024_0024.jpg 1 41 32 24 24
1614_0027_0017_0029_0029.jpg 1 27 17 29 29
1615_0024_0006_0059_0059.jpg 1 24 6 59 59
1616_0050_0057_0029_0029.jpg 1 50 57 29 29
1617_0022_0021_0063_0063.jpg 1 22 21 63 63
1618_0058_0030_0034_0034.jpg 1 58 30 34 34
1619_0012_0030_0065_0065.jpg 1 12 30 65 65
1620_0029_0033_0060_0060.jpg 1 29 33 60 60
1621_0030_0040_0047_0047.jpg 1 30 40 47 47
1622_0053_0029_0037_0037.jpg 1 53 29 37 37
1623_0014_0024_0056_0056.jpg 1 14 24 56 56
1624_0010_0011_0054_0054.jpg 1 10 11 54 54
1625_0017_0007_0069_0069.jpg 1 17 7 69 69
1626_0030_0010_0042_0042.jpg 1 30 10 42 42
1627_0025_0020_0062_0062.jpg 1 25 20 62 62
1628_0036_0022_0046_0046.jpg 1 36 22 46 46
1629_0026_0040_0033_0033.jpg 1 26 40 33 33
1630_0052_0022_0040_0040.jpg 1 52 22 40 40
1631_0007_0004_0066_0066.jpg 1 7 4 66 66
1632_0030_0031_0043_0043.jpg 1 30 31 43 43
1633_0048_0033_0024_0024.jpg 1 48 33 24 24
1634_0021_0055_0037_0037.jpg 1 21 55 37 37
1635_0009_0014_0048_0048.jpg 1 9 14 48 48
1636_0037_0012_0026_0026.jpg 1 37 12 26 26
1637_0022_0021_0039_0039.jpg 1 22 21 39 39
1638_0019_0016_0054_0054.jpg 1 19 16 54 54
1639_0011_0021_0049_0049.jpg 1 11 21 49 49
1640_0036_0007_0044_0044.jpg 1 36 7 44 44
1641_0032_0007_0055_0055.jpg 1 32 7 55 55
1642_0013_0015_0063_0063.jpg 1 13 15 63 63
1643_0053_0015_0039_0039.jpg 1 53 15 39 39
1644_0050_0030_0036_0036.jpg 1 50 30 36 36
1645_0012_0028_0034_0034.jpg 1 12 28 34 34
1646_0049_0044_0039_0039.jpg 1 49 44 39 39
1647_0019_0007_0068_0068.jpg 1 19 7 68 68
1648_0019_0012_0067_0067.jpg 1 19 12 67 67
1649_0024_0024_0062_0062.jpg 1 24 24 62 62
1650_0010_0032_0064_0064.jpg 1 10 32 64 64
1651_0031_0033_0055_0055.jpg 1 31 33 55 55
1652_0035_0027_0056_0056.jpg 1 35 27 56 56
1653_0006_0024_0061_0061.jpg 1 6 24 61 61
1654_0027_0042_0046_0046.jpg 1 27 42 46 46
1655_0006_0015_0064_0064.jpg 1 6 15 64 64
1656_0022_0021_0062_0062.jpg 1 22 21 62 62
1657_0014_0009_0064_0064.jpg 1 14 9 64 64
1658_0023_0008_0066_0066.jpg 1 23 8 66 66
1659_0007_0019_0035_0035.jpg 1 7 19 35 35
1660_0004_0022_0063_0063.jpg 1 4 22 63 63
1661_0049_0017_0040_0040.jpg 1 49 17 40 40
1662_0021_0045_0044_0044.jpg 1 21 45 44 44
1663_0042_0012_0046_0046.jpg 1 42 12 46 46
1664_0051_0021_0029_0029.jpg 1 51 21 29 29
1665_0018_0008_0059_0059.jpg 1 18 8 59 59
1666_0014_0009_0057_0057.jpg 1 14 9 57 57
1667_0008_0016_0062_0062.jpg 1 8 16 62 62
1668_0007_0047_0044_0044.jpg 1 7 47 44 44
1669_0021_0026_0036_0036.jpg 1 21 26 36 36
1670_0012_0005_0064_0064.jpg 1 12 5 64 64
1671_0051_0050_0034_0034.jpg 1 51 50 34 34
1672_0040_0024_0054_0054.jpg 1 40 24 54 54
1673_0045_0037_0037_0037.jpg 1 45 37 37 37
1674_0064_0065_0026_0026.jpg 1 64 65 26 26
1675_0035_0012_0049_0049.jpg 1 35 12 49 49
1676_0029_0006_0065_0065.jpg 1 29 6 65 65
1677_0033_0026_0052_0052.jpg 1 33 26 52 52
1678_0029_0023_0064_0064.jpg 1 29 23 64 64
1679_0039_0026_0038_0038.jpg 1 39 26 38 38
1680_0037_0014_0057_0057.jpg 1 37 14 57 57
1681_0049_0020_0029_0029.jpg 1 49 20 29 29
1682_0006_0022_0068_0068.jpg 1 6 22 68 68
1683_0019_0024_0025_0025.jpg 1 19 24 25 25
1684_0016_0011_0048_0048.jpg 1 16 11 48 48
1685_0037_0010_0035_0035.jpg 1 37 10 35 35
1686_0014_0028_0037_0037.jpg 1 14 28 37 37
1687_0039_0007_0035_0035.jpg 1 39 7 35 35
1688_0030_0032_0052_0052.jpg 1 30 32 52 52
1689_0022_0035_0059_0059.jpg 1 22 35 59 59
1690_0038_0020_0051_0051.jpg 1 38 20 51 51
1691_0019_0021_0035_0035.jpg 1 19 21 35 35
1692_0024_0024_0047_0047.jpg 1 24 24 47 47
1693_0011_0056_0034_0034.jpg 1 11 56 34 34
1694_0014_0059_0031_0031.jpg 1 14 59 31 31
1695_0016_0005_0062_0062.jpg 1 16 5 62 62
1696_0009_0020_0046_0046.jpg 1 9 20 46 46
1697_0032_0028_0044_0044.jpg 1 32 28 44 44
1698_0019_0013_0068_0068.jpg 1 19 13 68 68
1699_0006_0031_0057_0057.jpg 1 6 31 57 57
1700_0049_0024_0036_0036.jpg 1 49 24 36 36
1701_0049_0007_0036_0036.jpg 1 49 7 36 36
1702_0013_0024_0034_0034.jpg 1 13 24 34 34
1703_0011_0041_0043_0043.jpg 1 11 41 43 43
1704_0017_0018_0069_0069.jpg 1 17 18 69 69
1705_0042_0031_0028_0028.jpg 1 42 31 28 28
1706_0011_0034_0044_0044.jpg 1 11 34 44 44
1707_0021_0010_0069_0069.jpg 1 21 10 69 69
1708_0036_0027_0055_0055.jpg 1 36 27 55 55
1709_0044_0054_0029_0029.jpg 1 44 54 29 29
1710_0018_0016_0027_0027.jpg 1 18 16 27 27
1711_0012_0049_0032_0032.jpg 1 12 49 32 32
1712_0036_0015_0042_0042.jpg 1 36 15 42 42
1713_0033_0034_0058_0058.jpg 1 33 34 58 58
1714_0007_0017_0065_0065.jpg 1 7 17 65 65
1715_0022_0014_0066_0066.jpg 1 22 14 66 66
1716_0010_0041_0040_0040.jpg 1 10 41 40 40
1717_0013_0043_0049_0049.jpg 1 13 43 49 49
1718_0017_0013_0062_0062.jpg 1 17 13 62 62
1719_0011_0027_0039_0039.jpg 1 11 27 39 39
1720_0004_0017_0059_0059.jpg 1 4 17 59 59
1721_0044_0037_0029_0029.jpg 1 44 37 29 29
1722_0040_0009_0028_0028.jpg 1 40 9 28 28
1723_0017_0017_0045_0045.jpg 1 17 17 45 45
1724_0018_0035_0060_0060.jpg 1 18 35 60 60
1725_0014_0023_0067_0067.jpg 1 14 23 67 67
1726_0014_0009_0064_0064.jpg 1 14 9 64 64
1727_0009_0020_0068_0068.jpg 1 9 20 68 68
1728_0008_0011_0027_0027.jpg 1 8 11 27 27
1729_0025_0023_0053_0053.jpg 1 25 23 53 53
1730_0008_0055_0034_0034.jpg 1 8 55 34 34
1731_0004_0013_0067_0067.jpg 1 4 13 67 67
1732_0028_0049_0033_0033.jpg 1 28 49 33 33
1733_0009_0035_0024_0024.jpg 1 9 35 24 24
1734_0032_0017_0046_0046.jpg 1 32 17 46 46
1735_0030_0024_0046_0046.jpg 1 30 24 46 46
1736_0049_0013_0044_0044.jpg 1 49 13 44 44
1737_0045_0018_0039_0039.jpg 1 45 18 39 39
1738_0026_0036_0024_0024.jpg 1 26 36 24 24
1739_0061_0009_0031_0031.jpg 1 61 9 31 31
1740_0005_0011_0058_0058.jpg 1 5 11 58 58
1741_0031_0037_0051_0051.jpg 1 31 37 51 51
1742_0024_0006_0052_0052.jpg 1 24 6 52 52
1743_0019_0038_0047_0047.jpg 1 19 38 47 47
1744_0037_0034_0040_0040.jpg 1 37 34 40 40
1745_0009_0030_0047_0047.jpg 1 9 30 47 47
1746_0051_0028_0040_0040.jpg 1 51 28 40 40
1747_0004_0014_0065_0065.jpg 1 4 14 65 65
1748_0016_0025_0052_0052.jpg 1 16 25 52 52
1749_0004_0012_0069_0069.jpg 1 4 12 69 69
1750_0015_0008_0064_0064.jpg 1 15 8 64 64
1751_0022_0005_0058_0058.jpg 1 22 5 58 58
1752_0054_0023_0036_0036.jpg 1 54 23 36 36
1753_0026_0051_0036_0036.jpg 1 26 51 36 36
1754_0007_0045_0046_0046.jpg 1 7 45 46 46
1755_0015_0010_0045_0045.jpg 1 15 10 45 45
1756_0047_0019_0026_0026.jpg 1 47 19 26 26
1757_0045_0060_0029_0029.jpg 1 45 60 29 29
1758_0013_0043_0036_0036.jpg 1 13 43 36 36
1759_0052_0020_0038_0038.jpg 1 52 20 38 38
1760_0025_0025_0056_0056.jpg 1 25 25 56 56
1761_0013_0038_0041_0041.jpg 1 13 38 41 41
1762_0004_0023_0054_0054.jpg 1 4 23 54 54
1763_0059_0048_0029_0029.jpg 1 59 48 29 29
1764_0035_0021_0045_0045.jpg 1 35 21 45 45
1765_0033_0035_0056_0056.jpg 1 33 35 56 56
1766_0023_0004_0057_0057.jpg 1 23 4 57 57
1767_0017_0039_0052_0052.jpg 1 17 39 52 52
1768_0025_0042_0049_0049.jpg 1 25 42 49 49
1769_0020_0010_0065_0065.jpg 1 20 10 65 65
1770_0030_0023_0065_0065.jpg 1 30 23 65 65
1771_0047_0026_0027_0027.jpg 1 47 26 27 27
1772_0034_0039_0053_0053.jpg 1 34 39 53 53
1773_0015_0031_0042_0042.jpg 1 15 31 42 42
1774_0019_0028_0024_0024.jpg 1 19 28 24 24
1775_0019_0039_0053_0053.jpg 1 19 39 53 53
1776_0034_0034_0044_0044.jpg 1 34 34 44 44
1777_0025_0032_0055_0055.jpg 1 25 32 55 55
1778_0012_0009_0055_0055.jpg 1 12 9 55 55
1779_0007_0028_0065_0065.jpg 1 7 28 65 65
1780_0031_0006_0036_0036.jpg 1 31 6 36 36
1781_0011_0009_0069_0069.jpg 1 11 9 69 69
1782_0030_0007_0038_0038.jpg 1 30 7 38 38
1783_0024_0011_0030_0030.jpg 1 24 11 30 30
1784_0008_0009_0063_0063.jpg 1 8 9 63 63
1785_0021_0017_0044_0044.jpg 1 21 17 44 44
1786_0014_0026_0035_0035.jpg 1 14 26 35 35
1787_0013_0020_0057_0057.jpg 1 13 20 57 57
1788_0027_0039_0040_0040.jpg 1 27 39 40 40
1789_0027_0031_0056_0056.jpg 1 27 31 56 56
1790_0020_0031_0054_0054.jpg 1 20 31 54 54
1791_0050_0021_0031_0031.jpg 1 50 21 31 31
1792_0007_0008_0058_0058.jpg 1 7 8 58 58
1793_0010_0033_0055_0055.jpg 1 10 33 55 55
1794_0018_0032_0030_0030.jpg 1 18 32 30 30
1795_0038_0022_0051_0051.jpg 1 38 22 51 51
1796_0023_0024_0049_0049.jpg 1 23 24 49 49
1797_0027_0048_0046_0046.jpg 1 27 48 46 46
1798_0037_0032_0054_0054.jpg 1 37 32 54 54
1799_0052_0025_0030_0030.jpg 1 52 25 30 30
1800_0044_0021_0032_0032.jpg 1 44 21 32 32
1801_0010_0008_0068_0068.jpg 1 10 8 68 68
1802_0029_0023_0030_0030.jpg 1 29 23 30 30
1803_0033_0004_0060_0060.jpg 1 33 4 60 60
1804_0019_0037_0032_0032.jpg 1 19 37 32 32
1805_0032_0039_0048_0048.jpg 1 32 39 48 48
1806_0020_0005_0051_0051.jpg 1 20 5 51 51
1807_0028_0047_0025_0025.jpg 1 28 47 25 25
1808_0028_0014_0028_0028.jpg 1 28 14 28 28
1809_0029_0043_0037_0037.jpg 1 29 43 37 37
1810_0036_0049_0038_0038.jpg 1 36 49 38 38
1811_0027_0023_0064_0064.jpg 1 27 23 64 64
1812_0052_0048_0025_0025.jpg 1 52 48 25 25
1813_0008_0030_0041_0041.jpg 1 8 30 41 41
1814_0058_0011_0029_0029.jpg 1 58 11 29 29
1815_0017_0026_0053_0053.jpg 1 17 26 53 53
1816_0013_0041_0029_0029.jpg 1 13 41 29 29
1817_0016_0031_0040_0040.jpg 1 16 31 40 40
1818_0005_0042_0052_0052.jpg 1 5 42 52 52
1819_0019_0011_0058_0058.jpg 1 19 11 58 58
1820_0016_0017_0060_0060.jpg 1 16 17 60 60
1821_0045_0053_0035_0035.jpg 1 45 53 35 35
1822_0016_0027_0049_0049.jpg 1 16 27 49 49
1823_0036_0066_0025_0025.jpg 1 36 66 25 25
1824_0036_0026_0035_0035.jpg 1 36 26 35 35
1825_0038_0031_0051_0051.jpg 1 38 31 51 51
1826_0016_0018_0041_0041.jpg 1 16 18 41 41
1827_0021_0025_0063_0063.jpg 1 21 25 63 63
1828_0044_0027_0045_0045.jpg 1 44 27 45 45
1829_0042_0030_0052_0052.jpg 1 42 30 52 52
1830_0028_0029_0067_0067.jpg 1 28 29 67 67
1831_0024_0039_0056_0056.jpg 1 24 39 56 56
1832_0008_0044_0034_0034.jpg 1 8 44 34 34
1833_0019_0019_0057_0057.jpg 1 19 19 57 57
1834_0013_0023_0058_0058.jpg 1 13 23 58 58
1835_0039_0017_0026_0026.jpg 1 39 17 26 26
1836_0031_0022_0049_0049.jpg 1 31 22 49 49
1837_0018_0017_0069_0069.jpg 1 18 17 69 69
1838_0037_0033_0030_0030.jpg 1 37 33 30 30
1839_0040_0048_0032_0032.jpg 1 40 48 32 32
1840_0039_0030_0041_0041.jpg 1 39 30 41 41
1841_0007_0004_0064_0064.jpg 1 7 4 64 64
1842_0034_0028_0042_0042.jpg 1 34 28 42 42
1843_0023_0033_0061_0061.jpg 1 23 33 61 61
1844_0057_0012_0029_0029.jpg 1 57 12 29 29
1845_0031_0033_0054_0054.jpg 1 31 33 54 54
1846_0003_0017_0064_0064.jpg 1 3 17 64 64
1847_0046_0044_0048_0048.jpg 1 46 44 48 48
1848_0007_0031_0057_0057.jpg 1 7 31 57 57
1849_0014_0015_0047_0047.jpg 1 14 15 47 47
1850_0020_0050_0037_0037.jpg 1 20 50 37 37
1851_0032_0019_0055_0055.jpg 1 32 19 55 55
1852_0043_0022_0046_0046.jpg 1 43 22 46 46
1853_0029_0023_0063_0063.jpg 1 29 23 63 63
1854_0051_0047_0042_0042.jpg 1 51 47 42 42
1855_0045_0019_0041_0041.jpg 1 45 19 41 41
1856_0019_0030_0027_0027.jpg 1 19 30 27 27
1857_0050_0030_0027_0027.jpg 1 50 30 27 27
1858_0035_0035_0050_0050.jpg 1 35 35 50 50
1859_0035_0024_0053_0053.jpg 1 35 24 53 53
1860_0016_0026_0062_0062.jpg 1 16 26 62 62
1861_0050_0044_0041_0041.jpg 1 50 44 41 41
1862_0027_0009_0042_0042.jpg 1 27 9 42 42
1863_0017_0031_0030_0030.jpg 1 17 31 30 30
1864_0010_0019_0066_0066.jpg 1 10 19 66 66
1865_0030_0031_0051_0051.jpg 1 30 31 51 51
1866_0020_0032_0049_0049.jpg 1 20 32 49 49
1867_0021_0033_0056_0056.jpg 1 21 33 56 56
1868_0024_0035_0035_0035.jpg 1 24 35 35 35
1869_0024_0010_0060_0060.jpg 1 24 10 60 60
1870_0023_0028_0025_0025.jpg 1 23 28 25 25
1871_0012_0049_0033_0033.jpg 1 12 49 33 33
1872_0031_0028_0064_0064.jpg 1 31 28 64 64
1873_0043_0028_0051_0051.jpg 1 43 28 51 51
1874_0030_0009_0040_0040.jpg 1 30 9 40 40
1875_0023_0022_0069_0069.jpg 1 23 22 69 69
1876_0050_0024_0026_0026.jpg 1 50 24 26 26
1877_0026_0009_0044_0044.jpg 1 26 9 44 44
1878_0024_0050_0039_0039.jpg 1 24 50 39 39
1879_0011_0024_0055_0055.jpg 1 11 24 55 55
1880_0033_0012_0034_0034.jpg 1 33 12 34 34
1881_0033_0030_0045_0045.jpg 1 33 30 45 45
1882_0033_0027_0045_0045.jpg 1 33 27 45 45
1883_0038_0022_0051_0051.jpg 1 38 22 51 51
1884_0047_0021_0043_0043.jpg 1 47 21 43 43
1885_0022_0035_0050_0050.jpg 1 22 35 50 50
1886_0015_0013_0036_0036.jpg 1 15 13 36 36
1887_0042_0019_0039_0039.jpg 1 42 19 39 39
1888_0038_0025_0050_0050.jpg 1 38 25 50 50
1889_0026_0016_0062_0062.jpg 1 26 16 62 62
1890_0015_0008_0051_0051.jpg 1 15 8 51 51
1891_0027_0028_0042_0042.jpg 1 27 28 42 42
1892_0009_0036_0058_0058.jpg 1 9 36 58 58
1893_0007_0005_0063_0063.jpg 1 7 5 63 63
1894_0055_0044_0026_0026.jpg 1 55 44 26 26
1895_0016_0021_0066_0066.jpg 1 16 21 66 66
1896_0048_0033_0028_0028.jpg 1 48 33 28 28
1897_0019_0037_0032_0032.jpg 1 19 37 32 32
1898_0014_0010_0065_0065.jpg 1 14 10 65 65
1899_0017_0063_0028_0028.jpg 1 17 63 28 28
1900_0011_0025_0029_0029.jpg 1 11 25 29 29
