#-----------------------------------------------------------
# Vivado v2017.2 (64-bit)
# SW Build 1909853 on Thu Jun 15 18:39:09 MDT 2017
# IP Build 1909766 on Thu Jun 15 19:58:00 MDT 2017
# Start of session at: Thu Apr 12 16:36:45 2018
# Process ID: 14444
# Current directory: S:/echo/echo/project
# Command line: vivado.exe -gui_launcher_event rodinguilauncherevent4652 S:\echo\echo\project\echo.xpr
# Log file: S:/echo/echo/project/vivado.log
# Journal file: S:/echo/echo/project\vivado.jou
#-----------------------------------------------------------
start_gui
open_project S:/echo/echo/project/echo.xpr
Scanning sources...
Finished scanning sources
INFO: [IP_Flow 19-234] Refreshing IP repositories
WARNING: [IP_Flow 19-3685] Ignored loading user repository 's:/echo/echo/ip/motor_axi_1.0'. The path is contained within another repository.
INFO: [IP_Flow 19-1700] Loaded user IP repository 's:/echo/echo/ip'.
INFO: [IP_Flow 19-2313] Loaded Vivado IP repository 'C:/Xilinx/Vivado/2017.2/data/ip'.
open_project: Time (s): cpu = 00:00:12 ; elapsed = 00:00:07 . Memory (MB): peak = 848.852 ; gain = 91.582
update_compile_order -fileset sources_1
open_bd_design {S:/echo/echo/src/design_1.bd}
Adding cell -- xilinx.com:ip:processing_system7:5.5 - processing_system7_0
Adding cell -- craftdrones:user:blink:1.0 - blink_0
Adding cell -- rit.edu:user:ultrasonic_sensor_axi:1.1 - ultrasonic_sensor_axi_0
Adding cell -- xilinx.com:ip:proc_sys_reset:5.0 - rst_ps7_0_50M
Adding cell -- rit.edu:user:echo_pulse_measurer:1.1 - echo_pulse_measurer_0
Adding cell -- rit.edu:user:echo_pulse_measurer:1.1 - echo_pulse_measurer_1
Adding cell -- rit.edu:user:echo_pulse_measurer:1.1 - echo_pulse_measurer_2
Adding cell -- xilinx.com:ip:axi_protocol_converter:2.1 - auto_pc
Successfully read diagram <design_1> from BD file <S:/echo/echo/src/design_1.bd>
startgroup
create_bd_cell -type ip -vlnv rit.edu:user:motor_axi:1.1 motor_axi_0
endgroup
apply_bd_automation -rule xilinx.com:bd_rule:axi4 -config {Master "/processing_system7_0/M_AXI_GP0" intc_ip "/ps7_0_axi_periph" Clk_xbar "Auto" Clk_master "Auto" Clk_slave "Auto" }  [get_bd_intf_pins motor_axi_0/S00_AXI]
</motor_axi_0/S00_AXI/S00_AXI_reg> is being mapped into </processing_system7_0/Data> at <0x43C10000 [ 64K ]>
save_bd_design
Wrote  : <S:/echo/echo/src/design_1.bd> 
Wrote  : <S:/echo/echo/src/ui/bd_1f5defd0.ui> 
ipx::edit_ip_in_project -upgrade true -name motor_axi_v1_1_project -directory S:/echo/echo/project/echo.tmp/motor_axi_v1_1_project s:/echo/echo/ip/motor_axi_1.0/component.xml
INFO: [IP_Flow 19-234] Refreshing IP repositories
INFO: [IP_Flow 19-1704] No user IP repositories specified
INFO: [IP_Flow 19-2313] Loaded Vivado IP repository 'C:/Xilinx/Vivado/2017.2/data/ip'.
INFO: [IP_Flow 19-234] Refreshing IP repositories
WARNING: [IP_Flow 19-3685] Ignored loading user repository 's:/echo/echo/ip/motor_axi_1.0'. The path is contained within another repository.
INFO: [IP_Flow 19-1700] Loaded user IP repository 's:/echo/echo/ip'.
INFO: [IP_Flow 19-795] Syncing license key meta-data
INFO: [IP_Flow 19-793] Syncing display name meta-data
INFO: [IP_Flow 19-798] Syncing taxonomy meta-data
INFO: [IP_Flow 19-799] Syncing upgrade version meta-data
update_compile_order -fileset sources_1
set_property version 1.2 [ipx::current_core]
set_property display_name motor_axi_v1.2 [ipx::current_core]
launch_runs synth_1 -jobs 4
[Thu Apr 12 17:17:57 2018] Launched synth_1...
Run output will be captured here: s:/echo/echo/project/echo.tmp/motor_axi_v1_1_project/motor_axi_v1_1_project.runs/synth_1/runme.log
launch_runs impl_1 -jobs 4
[Thu Apr 12 17:18:26 2018] Launched impl_1...
Run output will be captured here: s:/echo/echo/project/echo.tmp/motor_axi_v1_1_project/motor_axi_v1_1_project.runs/impl_1/runme.log
reset_run synth_1
launch_runs synth_1 -jobs 4
[Thu Apr 12 17:22:35 2018] Launched synth_1...
Run output will be captured here: s:/echo/echo/project/echo.tmp/motor_axi_v1_1_project/motor_axi_v1_1_project.runs/synth_1/runme.log
launch_runs impl_1 -jobs 4
[Thu Apr 12 17:23:00 2018] Launched impl_1...
Run output will be captured here: s:/echo/echo/project/echo.tmp/motor_axi_v1_1_project/motor_axi_v1_1_project.runs/impl_1/runme.log
ipx::merge_project_changes files [ipx::current_core]
ipx::update_checksums [ipx::current_core]
ipx::save_core [ipx::current_core]
set_property previous_version_for_upgrade {rit.edu:user:motor_axi:1.0 rit.edu:user:motor_axi:1.1} [ipx::current_core]
set_property core_revision 1 [ipx::current_core]
ipx::create_xgui_files [ipx::current_core]
ipx::update_checksums [ipx::current_core]
ipx::save_core [ipx::current_core]
close_project -delete
update_ip_catalog -rebuild -repo_path s:/echo/echo/ip/motor_axi_1.0
CRITICAL WARNING: [IP_Flow 19-1681] Failed to reload user IP repository 's:/echo/echo/ip/motor_axi_1.0'. ''s:/echo/echo/ip/motor_axi_1.0' is not valid: Path is contained within another repository.'
0
report_ip_status -name ip_status 
exit
INFO: [Common 17-206] Exiting Vivado at Thu Apr 12 17:24:29 2018...
