0001_0040_0007_0053_0053.jpg 1 40 7 53 53
0002_0014_0007_0065_0065.jpg 1 14 7 65 65
0003_0014_0015_0061_0061.jpg 1 14 15 61 61
0004_0017_0025_0055_0055.jpg 1 17 25 55 55
0005_0033_0031_0032_0032.jpg 1 33 31 32 32
0006_0018_0056_0034_0034.jpg 1 18 56 34 34
0007_0012_0007_0046_0046.jpg 1 12 7 46 46
0008_0022_0032_0048_0048.jpg 1 22 32 48 48
0009_0006_0017_0066_0066.jpg 1 6 17 66 66
0010_0015_0032_0058_0058.jpg 1 15 32 58 58
0011_0009_0011_0042_0042.jpg 1 9 11 42 42
0012_0024_0019_0054_0054.jpg 1 24 19 54 54
0013_0012_0022_0056_0056.jpg 1 12 22 56 56
0014_0026_0029_0040_0040.jpg 1 26 29 40 40
0015_0041_0037_0050_0050.jpg 1 41 37 50 50
0016_0027_0026_0044_0044.jpg 1 27 26 44 44
0017_0032_0041_0032_0032.jpg 1 32 41 32 32
0018_0035_0005_0047_0047.jpg 1 35 5 47 47
0019_0008_0030_0052_0052.jpg 1 8 30 52 52
0020_0048_0041_0037_0037.jpg 1 48 41 37 37
0021_0042_0013_0028_0028.jpg 1 42 13 28 28
0022_0014_0025_0056_0056.jpg 1 14 25 56 56
0023_0024_0022_0066_0066.jpg 1 24 22 66 66
0024_0016_0037_0045_0045.jpg 1 16 37 45 45
0025_0056_0062_0025_0025.jpg 1 56 62 25 25
0026_0024_0039_0049_0049.jpg 1 24 39 49 49
0027_0023_0021_0059_0059.jpg 1 23 21 59 59
0028_0007_0008_0063_0063.jpg 1 7 8 63 63
0029_0050_0051_0035_0035.jpg 1 50 51 35 35
0030_0031_0012_0024_0024.jpg 1 31 12 24 24
0031_0036_0007_0045_0045.jpg 1 36 7 45 45
0032_0032_0007_0059_0059.jpg 1 32 7 59 59
0033_0041_0023_0028_0028.jpg 1 41 23 28 28
0034_0031_0005_0042_0042.jpg 1 31 5 42 42
0035_0035_0028_0055_0055.jpg 1 35 28 55 55
0036_0018_0043_0032_0032.jpg 1 18 43 32 32
0037_0010_0017_0063_0063.jpg 1 10 17 63 63
0038_0027_0029_0049_0049.jpg 1 27 29 49 49
0039_0067_0057_0024_0024.jpg 1 67 57 24 24
0040_0053_0042_0035_0035.jpg 1 53 42 35 35
0041_0019_0024_0051_0051.jpg 1 19 24 51 51
0042_0029_0019_0061_0061.jpg 1 29 19 61 61
0043_0021_0017_0063_0063.jpg 1 21 17 63 63
0044_0036_0031_0034_0034.jpg 1 36 31 34 34
0045_0008_0046_0040_0040.jpg 1 8 46 40 40
0046_0041_0017_0031_0031.jpg 1 41 17 31 31
0047_0020_0046_0038_0038.jpg 1 20 46 38 38
0048_0026_0011_0029_0029.jpg 1 26 11 29 29
0049_0038_0020_0037_0037.jpg 1 38 20 37 37
0050_0027_0046_0035_0035.jpg 1 27 46 35 35
0051_0036_0017_0042_0042.jpg 1 36 17 42 42
0052_0021_0022_0055_0055.jpg 1 21 22 55 55
0053_0026_0062_0026_0026.jpg 1 26 62 26 26
0054_0006_0029_0043_0043.jpg 1 6 29 43 43
0055_0027_0030_0050_0050.jpg 1 27 30 50 50
0056_0029_0023_0057_0057.jpg 1 29 23 57 57
0057_0025_0022_0065_0065.jpg 1 25 22 65 65
0058_0026_0042_0036_0036.jpg 1 26 42 36 36
0059_0046_0019_0048_0048.jpg 1 46 19 48 48
0060_0029_0009_0064_0064.jpg 1 29 9 64 64
0061_0020_0057_0026_0026.jpg 1 20 57 26 26
0062_0009_0038_0026_0026.jpg 1 9 38 26 26
0063_0048_0023_0037_0037.jpg 1 48 23 37 37
0064_0036_0014_0026_0026.jpg 1 36 14 26 26
0065_0021_0029_0054_0054.jpg 1 21 29 54 54
0066_0032_0006_0059_0059.jpg 1 32 6 59 59
0067_0036_0039_0024_0024.jpg 1 36 39 24 24
0068_0023_0005_0048_0048.jpg 1 23 5 48 48
0069_0058_0030_0028_0028.jpg 1 58 30 28 28
0070_0034_0019_0059_0059.jpg 1 34 19 59 59
0071_0041_0052_0024_0024.jpg 1 41 52 24 24
0072_0018_0015_0067_0067.jpg 1 18 15 67 67
0073_0030_0045_0048_0048.jpg 1 30 45 48 48
0074_0035_0034_0040_0040.jpg 1 35 34 40 40
0075_0010_0008_0041_0041.jpg 1 10 8 41 41
0076_0004_0024_0066_0066.jpg 1 4 24 66 66
0077_0036_0009_0024_0024.jpg 1 36 9 24 24
0078_0008_0006_0063_0063.jpg 1 8 6 63 63
0079_0004_0005_0059_0059.jpg 1 4 5 59 59
0080_0006_0033_0050_0050.jpg 1 6 33 50 50
0081_0036_0034_0058_0058.jpg 1 36 34 58 58
0082_0038_0049_0026_0026.jpg 1 38 49 26 26
0083_0039_0013_0045_0045.jpg 1 39 13 45 45
0084_0005_0010_0044_0044.jpg 1 5 10 44 44
0085_0010_0023_0049_0049.jpg 1 10 23 49 49
0086_0045_0050_0040_0040.jpg 1 45 50 40 40
0087_0029_0005_0055_0055.jpg 1 29 5 55 55
0088_0015_0059_0033_0033.jpg 1 15 59 33 33
0089_0035_0032_0051_0051.jpg 1 35 32 51 51
0090_0020_0055_0034_0034.jpg 1 20 55 34 34
0091_0013_0006_0065_0065.jpg 1 13 6 65 65
0092_0034_0035_0045_0045.jpg 1 34 35 45 45
0093_0025_0027_0060_0060.jpg 1 25 27 60 60
0094_0009_0020_0036_0036.jpg 1 9 20 36 36
0095_0032_0032_0052_0052.jpg 1 32 32 52 52
0096_0006_0016_0067_0067.jpg 1 6 16 67 67
0097_0044_0035_0025_0025.jpg 1 44 35 25 25
0098_0034_0037_0035_0035.jpg 1 34 37 35 35
0099_0010_0032_0025_0025.jpg 1 10 32 25 25
0100_0014_0048_0035_0035.jpg 1 14 48 35 35
0101_0020_0011_0052_0052.jpg 1 20 11 52 52
0102_0047_0023_0034_0034.jpg 1 47 23 34 34
0103_0027_0054_0037_0037.jpg 1 27 54 37 37
0104_0009_0025_0047_0047.jpg 1 9 25 47 47
0105_0022_0046_0043_0043.jpg 1 22 46 43 43
0106_0013_0023_0056_0056.jpg 1 13 23 56 56
0107_0027_0024_0064_0064.jpg 1 27 24 64 64
0108_0036_0009_0024_0024.jpg 1 36 9 24 24
0109_0014_0016_0063_0063.jpg 1 14 16 63 63
0110_0046_0050_0030_0030.jpg 1 46 50 30 30
0111_0034_0038_0030_0030.jpg 1 34 38 30 30
0112_0016_0010_0063_0063.jpg 1 16 10 63 63
0113_0037_0057_0025_0025.jpg 1 37 57 25 25
0114_0013_0007_0064_0064.jpg 1 13 7 64 64
0115_0056_0043_0034_0034.jpg 1 56 43 34 34
0116_0021_0019_0025_0025.jpg 1 21 19 25 25
0117_0011_0017_0061_0061.jpg 1 11 17 61 61
0118_0048_0053_0039_0039.jpg 1 48 53 39 39
0119_0038_0031_0048_0048.jpg 1 38 31 48 48
0120_0023_0017_0045_0045.jpg 1 23 17 45 45
0121_0061_0045_0026_0026.jpg 1 61 45 26 26
0122_0034_0017_0046_0046.jpg 1 34 17 46 46
0123_0036_0027_0040_0040.jpg 1 36 27 40 40
0124_0044_0044_0050_0050.jpg 1 44 44 50 50
0125_0029_0027_0064_0064.jpg 1 29 27 64 64
0126_0039_0056_0037_0037.jpg 1 39 56 37 37
0127_0031_0028_0058_0058.jpg 1 31 28 58 58
0128_0020_0026_0040_0040.jpg 1 20 26 40 40
0129_0007_0035_0050_0050.jpg 1 7 35 50 50
0130_0037_0010_0040_0040.jpg 1 37 10 40 40
0131_0060_0059_0029_0029.jpg 1 60 59 29 29
0132_0031_0029_0061_0061.jpg 1 31 29 61 61
0133_0025_0017_0026_0026.jpg 1 25 17 26 26
0134_0019_0006_0054_0054.jpg 1 19 6 54 54
0135_0034_0030_0045_0045.jpg 1 34 30 45 45
0136_0047_0014_0038_0038.jpg 1 47 14 38 38
0137_0032_0014_0048_0048.jpg 1 32 14 48 48
0138_0016_0011_0048_0048.jpg 1 16 11 48 48
0139_0033_0026_0061_0061.jpg 1 33 26 61 61
0140_0030_0010_0065_0065.jpg 1 30 10 65 65
0141_0011_0039_0032_0032.jpg 1 11 39 32 32
0142_0049_0050_0031_0031.jpg 1 49 50 31 31
0143_0060_0057_0025_0025.jpg 1 60 57 25 25
0144_0007_0018_0062_0062.jpg 1 7 18 62 62
0145_0016_0049_0027_0027.jpg 1 16 49 27 27
0146_0007_0037_0028_0028.jpg 1 7 37 28 28
0147_0036_0039_0027_0027.jpg 1 36 39 27 27
0148_0009_0018_0064_0064.jpg 1 9 18 64 64
0149_0036_0008_0047_0047.jpg 1 36 8 47 47
0150_0049_0040_0045_0045.jpg 1 49 40 45 45
0151_0044_0057_0035_0035.jpg 1 44 57 35 35
0152_0038_0012_0029_0029.jpg 1 38 12 29 29
0153_0027_0026_0060_0060.jpg 1 27 26 60 60
0154_0006_0027_0040_0040.jpg 1 6 27 40 40
0155_0026_0022_0035_0035.jpg 1 26 22 35 35
0156_0027_0012_0063_0063.jpg 1 27 12 63 63
0157_0040_0008_0054_0054.jpg 1 40 8 54 54
0158_0031_0032_0044_0044.jpg 1 31 32 44 44
0159_0009_0035_0060_0060.jpg 1 9 35 60 60
0160_0032_0042_0030_0030.jpg 1 32 42 30 30
0161_0011_0007_0061_0061.jpg 1 11 7 61 61
0162_0022_0024_0065_0065.jpg 1 22 24 65 65
0163_0009_0022_0045_0045.jpg 1 9 22 45 45
0164_0029_0021_0050_0050.jpg 1 29 21 50 50
0165_0050_0044_0027_0027.jpg 1 50 44 27 27
0166_0009_0022_0059_0059.jpg 1 9 22 59 59
0167_0031_0007_0063_0063.jpg 1 31 7 63 63
0168_0009_0024_0024_0024.jpg 1 9 24 24 24
0169_0060_0020_0031_0031.jpg 1 60 20 31 31
0170_0024_0023_0049_0049.jpg 1 24 23 49 49
0171_0011_0018_0066_0066.jpg 1 11 18 66 66
0172_0021_0027_0048_0048.jpg 1 21 27 48 48
0173_0032_0062_0029_0029.jpg 1 32 62 29 29
0174_0014_0008_0062_0062.jpg 1 14 8 62 62
0175_0036_0039_0031_0031.jpg 1 36 39 31 31
0176_0006_0024_0051_0051.jpg 1 6 24 51 51
0177_0019_0040_0050_0050.jpg 1 19 40 50 50
0178_0014_0020_0067_0067.jpg 1 14 20 67 67
0179_0025_0052_0037_0037.jpg 1 25 52 37 37
0180_0016_0014_0068_0068.jpg 1 16 14 68 68
0181_0036_0037_0046_0046.jpg 1 36 37 46 46
0182_0011_0033_0063_0063.jpg 1 11 33 63 63
0183_0048_0011_0043_0043.jpg 1 48 11 43 43
0184_0054_0019_0037_0037.jpg 1 54 19 37 37
0185_0008_0023_0042_0042.jpg 1 8 23 42 42
0186_0006_0014_0047_0047.jpg 1 6 14 47 47
0187_0015_0016_0045_0045.jpg 1 15 16 45 45
0188_0023_0047_0044_0044.jpg 1 23 47 44 44
0189_0038_0013_0038_0038.jpg 1 38 13 38 38
0190_0022_0023_0038_0038.jpg 1 22 23 38 38
0191_0004_0009_0066_0066.jpg 1 4 9 66 66
0192_0026_0024_0067_0067.jpg 1 26 24 67 67
0193_0021_0027_0024_0024.jpg 1 21 27 24 24
0194_0021_0031_0048_0048.jpg 1 21 31 48 48
0195_0039_0041_0048_0048.jpg 1 39 41 48 48
0196_0034_0045_0047_0047.jpg 1 34 45 47 47
0197_0029_0009_0040_0040.jpg 1 29 9 40 40
0198_0021_0016_0066_0066.jpg 1 21 16 66 66
0199_0026_0037_0039_0039.jpg 1 26 37 39 39
0200_0034_0018_0046_0046.jpg 1 34 18 46 46
0201_0005_0011_0066_0066.jpg 1 5 11 66 66
0202_0024_0043_0042_0042.jpg 1 24 43 42 42
0203_0025_0024_0042_0042.jpg 1 25 24 42 42
0204_0011_0027_0030_0030.jpg 1 11 27 30 30
0205_0015_0035_0036_0036.jpg 1 15 35 36 36
0206_0026_0048_0037_0037.jpg 1 26 48 37 37
0207_0034_0007_0032_0032.jpg 1 34 7 32 32
0208_0024_0006_0069_0069.jpg 1 24 6 69 69
0209_0034_0033_0051_0051.jpg 1 34 33 51 51
0210_0024_0027_0068_0068.jpg 1 24 27 68 68
0211_0021_0021_0028_0028.jpg 1 21 21 28 28
0212_0010_0007_0068_0068.jpg 1 10 7 68 68
0213_0010_0041_0042_0042.jpg 1 10 41 42 42
0214_0007_0008_0040_0040.jpg 1 7 8 40 40
0215_0064_0022_0028_0028.jpg 1 64 22 28 28
0216_0007_0027_0063_0063.jpg 1 7 27 63 63
0217_0040_0028_0054_0054.jpg 1 40 28 54 54
0218_0009_0015_0063_0063.jpg 1 9 15 63 63
0219_0023_0038_0052_0052.jpg 1 23 38 52 52
0220_0032_0012_0052_0052.jpg 1 32 12 52 52
0221_0041_0037_0031_0031.jpg 1 41 37 31 31
0222_0022_0033_0047_0047.jpg 1 22 33 47 47
0223_0023_0036_0058_0058.jpg 1 23 36 58 58
0224_0007_0064_0026_0026.jpg 1 7 64 26 26
0225_0043_0025_0034_0034.jpg 1 43 25 34 34
0226_0005_0031_0061_0061.jpg 1 5 31 61 61
0227_0026_0029_0066_0066.jpg 1 26 29 66 66
0228_0032_0009_0053_0053.jpg 1 32 9 53 53
0229_0021_0024_0034_0034.jpg 1 21 24 34 34
0230_0011_0024_0043_0043.jpg 1 11 24 43 43
0231_0056_0037_0033_0033.jpg 1 56 37 33 33
0232_0028_0006_0055_0055.jpg 1 28 6 55 55
0233_0033_0038_0029_0029.jpg 1 33 38 29 29
0234_0036_0039_0025_0025.jpg 1 36 39 25 25
0235_0019_0025_0057_0057.jpg 1 19 25 57 57
0236_0020_0026_0063_0063.jpg 1 20 26 63 63
0237_0006_0015_0063_0063.jpg 1 6 15 63 63
0238_0035_0016_0030_0030.jpg 1 35 16 30 30
0239_0010_0027_0059_0059.jpg 1 10 27 59 59
0240_0020_0004_0068_0068.jpg 1 20 4 68 68
0241_0041_0018_0032_0032.jpg 1 41 18 32 32
0242_0013_0008_0039_0039.jpg 1 13 8 39 39
0243_0036_0021_0053_0053.jpg 1 36 21 53 53
0244_0056_0026_0033_0033.jpg 1 56 26 33 33
0245_0013_0029_0045_0045.jpg 1 13 29 45 45
0246_0014_0027_0064_0064.jpg 1 14 27 64 64
0247_0006_0010_0061_0061.jpg 1 6 10 61 61
0248_0029_0037_0052_0052.jpg 1 29 37 52 52
0249_0034_0040_0042_0042.jpg 1 34 40 42 42
0250_0011_0021_0063_0063.jpg 1 11 21 63 63
0251_0038_0022_0041_0041.jpg 1 38 22 41 41
0252_0022_0008_0029_0029.jpg 1 22 8 29 29
0253_0007_0033_0052_0052.jpg 1 7 33 52 52
0254_0008_0014_0054_0054.jpg 1 8 14 54 54
0255_0039_0008_0040_0040.jpg 1 39 8 40 40
0256_0013_0025_0050_0050.jpg 1 13 25 50 50
0257_0029_0032_0063_0063.jpg 1 29 32 63 63
0258_0020_0035_0052_0052.jpg 1 20 35 52 52
0259_0019_0006_0051_0051.jpg 1 19 6 51 51
0260_0025_0006_0062_0062.jpg 1 25 6 62 62
0261_0029_0047_0046_0046.jpg 1 29 47 46 46
0262_0045_0024_0040_0040.jpg 1 45 24 40 40
0263_0048_0030_0033_0033.jpg 1 48 30 33 33
0264_0037_0012_0058_0058.jpg 1 37 12 58 58
0265_0044_0041_0038_0038.jpg 1 44 41 38 38
0266_0030_0026_0059_0059.jpg 1 30 26 59 59
0267_0021_0017_0068_0068.jpg 1 21 17 68 68
0268_0026_0035_0055_0055.jpg 1 26 35 55 55
0269_0016_0022_0068_0068.jpg 1 16 22 68 68
0270_0014_0029_0067_0067.jpg 1 14 29 67 67
0271_0015_0016_0060_0060.jpg 1 15 16 60 60
0272_0010_0049_0043_0043.jpg 1 10 49 43 43
0273_0027_0027_0068_0068.jpg 1 27 27 68 68
0274_0033_0040_0047_0047.jpg 1 33 40 47 47
0275_0019_0014_0036_0036.jpg 1 19 14 36 36
0276_0008_0051_0024_0024.jpg 1 8 51 24 24
0277_0018_0051_0030_0030.jpg 1 18 51 30 30
0278_0026_0029_0027_0027.jpg 1 26 29 27 27
0279_0051_0054_0039_0039.jpg 1 51 54 39 39
0280_0026_0010_0049_0049.jpg 1 26 10 49 49
0281_0024_0017_0041_0041.jpg 1 24 17 41 41
0282_0021_0048_0044_0044.jpg 1 21 48 44 44
0283_0015_0035_0027_0027.jpg 1 15 35 27 27
0284_0038_0036_0037_0037.jpg 1 38 36 37 37
0285_0031_0030_0040_0040.jpg 1 31 30 40 40
0286_0014_0008_0053_0053.jpg 1 14 8 53 53
0287_0004_0017_0064_0064.jpg 1 4 17 64 64
0288_0026_0015_0057_0057.jpg 1 26 15 57 57
0289_0031_0015_0047_0047.jpg 1 31 15 47 47
0290_0005_0025_0057_0057.jpg 1 5 25 57 57
0291_0014_0024_0067_0067.jpg 1 14 24 67 67
0292_0010_0046_0048_0048.jpg 1 10 46 48 48
0293_0066_0023_0026_0026.jpg 1 66 23 26 26
0294_0007_0028_0052_0052.jpg 1 7 28 52 52
0295_0027_0013_0065_0065.jpg 1 27 13 65 65
0296_0046_0013_0026_0026.jpg 1 46 13 26 26
0297_0023_0023_0047_0047.jpg 1 23 23 47 47
0298_0012_0013_0061_0061.jpg 1 12 13 61 61
0299_0016_0009_0067_0067.jpg 1 16 9 67 67
0300_0026_0013_0039_0039.jpg 1 26 13 39 39
0301_0033_0007_0033_0033.jpg 1 33 7 33 33
0302_0012_0024_0053_0053.jpg 1 12 24 53 53
0303_0005_0006_0046_0046.jpg 1 5 6 46 46
0304_0021_0048_0033_0033.jpg 1 21 48 33 33
0305_0021_0020_0066_0066.jpg 1 21 20 66 66
0306_0053_0029_0026_0026.jpg 1 53 29 26 26
0307_0019_0018_0069_0069.jpg 1 19 18 69 69
0308_0045_0007_0049_0049.jpg 1 45 7 49 49
0309_0041_0046_0033_0033.jpg 1 41 46 33 33
0310_0009_0006_0046_0046.jpg 1 9 6 46 46
0311_0037_0013_0053_0053.jpg 1 37 13 53 53
0312_0018_0018_0055_0055.jpg 1 18 18 55 55
0313_0041_0050_0027_0027.jpg 1 41 50 27 27
0314_0041_0030_0026_0026.jpg 1 41 30 26 26
0315_0033_0023_0031_0031.jpg 1 33 23 31 31
0316_0020_0017_0068_0068.jpg 1 20 17 68 68
0317_0005_0016_0054_0054.jpg 1 5 16 54 54
0318_0021_0030_0047_0047.jpg 1 21 30 47 47
0319_0017_0042_0043_0043.jpg 1 17 42 43 43
0320_0005_0018_0059_0059.jpg 1 5 18 59 59
0321_0015_0013_0050_0050.jpg 1 15 13 50 50
0322_0044_0036_0049_0049.jpg 1 44 36 49 49
0323_0018_0021_0057_0057.jpg 1 18 21 57 57
0324_0023_0013_0029_0029.jpg 1 23 13 29 29
0325_0017_0017_0037_0037.jpg 1 17 17 37 37
0326_0025_0024_0031_0031.jpg 1 25 24 31 31
0327_0009_0010_0037_0037.jpg 1 9 10 37 37
0328_0065_0054_0025_0025.jpg 1 65 54 25 25
0329_0018_0008_0069_0069.jpg 1 18 8 69 69
0330_0017_0022_0049_0049.jpg 1 17 22 49 49
0331_0021_0023_0042_0042.jpg 1 21 23 42 42
0332_0040_0017_0055_0055.jpg 1 40 17 55 55
0333_0030_0030_0064_0064.jpg 1 30 30 64 64
0334_0038_0022_0049_0049.jpg 1 38 22 49 49
0335_0030_0018_0064_0064.jpg 1 30 18 64 64
0336_0035_0016_0038_0038.jpg 1 35 16 38 38
0337_0036_0054_0032_0032.jpg 1 36 54 32 32
0338_0008_0016_0052_0052.jpg 1 8 16 52 52
0339_0007_0005_0066_0066.jpg 1 7 5 66 66
0340_0015_0020_0064_0064.jpg 1 15 20 64 64
0341_0011_0031_0057_0057.jpg 1 11 31 57 57
0342_0005_0012_0051_0051.jpg 1 5 12 51 51
0343_0010_0007_0064_0064.jpg 1 10 7 64 64
0344_0020_0012_0064_0064.jpg 1 20 12 64 64
0345_0018_0024_0024_0024.jpg 1 18 24 24 24
0346_0034_0008_0055_0055.jpg 1 34 8 55 55
0347_0026_0038_0049_0049.jpg 1 26 38 49 49
0348_0021_0051_0026_0026.jpg 1 21 51 26 26
0349_0029_0022_0053_0053.jpg 1 29 22 53 53
0350_0009_0029_0065_0065.jpg 1 9 29 65 65
0351_0007_0011_0032_0032.jpg 1 7 11 32 32
0352_0047_0054_0039_0039.jpg 1 47 54 39 39
0353_0033_0027_0029_0029.jpg 1 33 27 29 29
0354_0025_0028_0057_0057.jpg 1 25 28 57 57
0355_0023_0042_0051_0051.jpg 1 23 42 51 51
0356_0013_0019_0039_0039.jpg 1 13 19 39 39
0357_0014_0028_0061_0061.jpg 1 14 28 61 61
0358_0018_0039_0054_0054.jpg 1 18 39 54 54
0359_0018_0031_0041_0041.jpg 1 18 31 41 41
0360_0028_0037_0048_0048.jpg 1 28 37 48 48
0361_0061_0027_0030_0030.jpg 1 61 27 30 30
0362_0015_0017_0067_0067.jpg 1 15 17 67 67
0363_0042_0027_0036_0036.jpg 1 42 27 36 36
0364_0014_0019_0033_0033.jpg 1 14 19 33 33
0365_0024_0034_0061_0061.jpg 1 24 34 61 61
0366_0040_0045_0049_0049.jpg 1 40 45 49 49
0367_0031_0017_0063_0063.jpg 1 31 17 63 63
0368_0038_0018_0035_0035.jpg 1 38 18 35 35
0369_0032_0025_0061_0061.jpg 1 32 25 61 61
0370_0035_0025_0045_0045.jpg 1 35 25 45 45
0371_0036_0006_0039_0039.jpg 1 36 6 39 39
0372_0022_0030_0052_0052.jpg 1 22 30 52 52
0373_0022_0013_0061_0061.jpg 1 22 13 61 61
0374_0034_0007_0061_0061.jpg 1 34 7 61 61
0375_0042_0033_0039_0039.jpg 1 42 33 39 39
0376_0028_0053_0028_0028.jpg 1 28 53 28 28
0377_0031_0009_0057_0057.jpg 1 31 9 57 57
0378_0057_0061_0026_0026.jpg 1 57 61 26 26
0379_0008_0040_0041_0041.jpg 1 8 40 41 41
0380_0012_0040_0029_0029.jpg 1 12 40 29 29
0381_0011_0009_0038_0038.jpg 1 11 9 38 38
0382_0013_0025_0054_0054.jpg 1 13 25 54 54
0383_0008_0030_0039_0039.jpg 1 8 30 39 39
0384_0037_0010_0051_0051.jpg 1 37 10 51 51
0385_0013_0026_0054_0054.jpg 1 13 26 54 54
0386_0051_0038_0032_0032.jpg 1 51 38 32 32
0387_0025_0023_0053_0053.jpg 1 25 23 53 53
0388_0004_0024_0062_0062.jpg 1 4 24 62 62
0389_0060_0030_0025_0025.jpg 1 60 30 25 25
0390_0022_0019_0035_0035.jpg 1 22 19 35 35
0391_0014_0030_0064_0064.jpg 1 14 30 64 64
0392_0062_0041_0028_0028.jpg 1 62 41 28 28
0393_0020_0011_0047_0047.jpg 1 20 11 47 47
0394_0015_0013_0065_0065.jpg 1 15 13 65 65
0395_0034_0009_0044_0044.jpg 1 34 9 44 44
0396_0022_0011_0058_0058.jpg 1 22 11 58 58
0397_0010_0013_0069_0069.jpg 1 10 13 69 69
0398_0028_0024_0045_0045.jpg 1 28 24 45 45
0399_0005_0021_0067_0067.jpg 1 5 21 67 67
0400_0022_0037_0043_0043.jpg 1 22 37 43 43
0401_0040_0020_0049_0049.jpg 1 40 20 49 49
0402_0028_0027_0035_0035.jpg 1 28 27 35 35
0403_0027_0031_0061_0061.jpg 1 27 31 61 61
0404_0048_0030_0033_0033.jpg 1 48 30 33 33
0405_0016_0030_0051_0051.jpg 1 16 30 51 51
0406_0023_0022_0063_0063.jpg 1 23 22 63 63
0407_0013_0011_0045_0045.jpg 1 13 11 45 45
0408_0021_0009_0034_0034.jpg 1 21 9 34 34
0409_0009_0005_0055_0055.jpg 1 9 5 55 55
0410_0019_0031_0062_0062.jpg 1 19 31 62 62
0411_0028_0038_0035_0035.jpg 1 28 38 35 35
0412_0009_0058_0032_0032.jpg 1 9 58 32 32
0413_0024_0008_0064_0064.jpg 1 24 8 64 64
0414_0024_0008_0069_0069.jpg 1 24 8 69 69
0415_0014_0013_0059_0059.jpg 1 14 13 59 59
0416_0015_0017_0054_0054.jpg 1 15 17 54 54
0417_0028_0050_0026_0026.jpg 1 28 50 26 26
0418_0026_0024_0050_0050.jpg 1 26 24 50 50
0419_0012_0034_0060_0060.jpg 1 12 34 60 60
0420_0039_0007_0028_0028.jpg 1 39 7 28 28
0421_0041_0025_0050_0050.jpg 1 41 25 50 50
0422_0010_0013_0065_0065.jpg 1 10 13 65 65
0423_0010_0031_0061_0061.jpg 1 10 31 61 61
0424_0046_0007_0039_0039.jpg 1 46 7 39 39
0425_0021_0026_0058_0058.jpg 1 21 26 58 58
0426_0052_0025_0035_0035.jpg 1 52 25 35 35
0427_0044_0012_0035_0035.jpg 1 44 12 35 35
0428_0008_0032_0042_0042.jpg 1 8 32 42 42
0429_0023_0026_0066_0066.jpg 1 23 26 66 66
0430_0051_0046_0038_0038.jpg 1 51 46 38 38
0431_0022_0036_0031_0031.jpg 1 22 36 31 31
0432_0004_0033_0057_0057.jpg 1 4 33 57 57
0433_0008_0030_0024_0024.jpg 1 8 30 24 24
0434_0023_0017_0026_0026.jpg 1 23 17 26 26
0435_0007_0055_0034_0034.jpg 1 7 55 34 34
0436_0032_0056_0025_0025.jpg 1 32 56 25 25
0437_0008_0009_0063_0063.jpg 1 8 9 63 63
0438_0033_0035_0050_0050.jpg 1 33 35 50 50
0439_0035_0037_0049_0049.jpg 1 35 37 49 49
0440_0041_0018_0027_0027.jpg 1 41 18 27 27
0441_0054_0049_0030_0030.jpg 1 54 49 30 30
0442_0013_0020_0064_0064.jpg 1 13 20 64 64
0443_0010_0032_0045_0045.jpg 1 10 32 45 45
0444_0046_0039_0044_0044.jpg 1 46 39 44 44
0445_0005_0011_0054_0054.jpg 1 5 11 54 54
0446_0064_0051_0026_0026.jpg 1 64 51 26 26
0447_0016_0051_0032_0032.jpg 1 16 51 32 32
0448_0020_0008_0028_0028.jpg 1 20 8 28 28
0449_0007_0031_0053_0053.jpg 1 7 31 53 53
0450_0007_0015_0064_0064.jpg 1 7 15 64 64
0451_0032_0007_0053_0053.jpg 1 32 7 53 53
0452_0006_0029_0065_0065.jpg 1 6 29 65 65
0453_0019_0011_0033_0033.jpg 1 19 11 33 33
0454_0026_0020_0054_0054.jpg 1 26 20 54 54
0455_0006_0026_0068_0068.jpg 1 6 26 68 68
0456_0019_0056_0037_0037.jpg 1 19 56 37 37
0457_0028_0017_0031_0031.jpg 1 28 17 31 31
0458_0008_0019_0043_0043.jpg 1 8 19 43 43
0459_0031_0033_0025_0025.jpg 1 31 33 25 25
0460_0056_0058_0031_0031.jpg 1 56 58 31 31
0461_0016_0014_0045_0045.jpg 1 16 14 45 45
0462_0019_0031_0039_0039.jpg 1 19 31 39 39
0463_0043_0014_0039_0039.jpg 1 43 14 39 39
0464_0040_0012_0026_0026.jpg 1 40 12 26 26
0465_0057_0008_0033_0033.jpg 1 57 8 33 33
0466_0048_0007_0042_0042.jpg 1 48 7 42 42
0467_0039_0040_0035_0035.jpg 1 39 40 35 35
0468_0037_0027_0053_0053.jpg 1 37 27 53 53
0469_0026_0038_0043_0043.jpg 1 26 38 43 43
0470_0009_0024_0062_0062.jpg 1 9 24 62 62
0471_0023_0017_0069_0069.jpg 1 23 17 69 69
0472_0009_0026_0069_0069.jpg 1 9 26 69 69
0473_0026_0011_0046_0046.jpg 1 26 11 46 46
0474_0033_0055_0030_0030.jpg 1 33 55 30 30
0475_0005_0020_0067_0067.jpg 1 5 20 67 67
0476_0008_0037_0037_0037.jpg 1 8 37 37 37
0477_0031_0009_0032_0032.jpg 1 31 9 32 32
0478_0037_0015_0036_0036.jpg 1 37 15 36 36
0479_0010_0016_0048_0048.jpg 1 10 16 48 48
0480_0021_0037_0024_0024.jpg 1 21 37 24 24
0481_0014_0020_0068_0068.jpg 1 14 20 68 68
0482_0010_0028_0067_0067.jpg 1 10 28 67 67
0483_0026_0030_0053_0053.jpg 1 26 30 53 53
0484_0006_0012_0041_0041.jpg 1 6 12 41 41
0485_0030_0013_0038_0038.jpg 1 30 13 38 38
0486_0032_0039_0054_0054.jpg 1 32 39 54 54
0487_0022_0004_0058_0058.jpg 1 22 4 58 58
0488_0028_0044_0038_0038.jpg 1 28 44 38 38
0489_0029_0009_0063_0063.jpg 1 29 9 63 63
0490_0005_0004_0069_0069.jpg 1 5 4 69 69
0491_0009_0037_0039_0039.jpg 1 9 37 39 39
0492_0028_0019_0025_0025.jpg 1 28 19 25 25
0493_0029_0044_0045_0045.jpg 1 29 44 45 45
0494_0062_0028_0025_0025.jpg 1 62 28 25 25
0495_0010_0018_0055_0055.jpg 1 10 18 55 55
0496_0044_0014_0045_0045.jpg 1 44 14 45 45
0497_0035_0043_0046_0046.jpg 1 35 43 46 46
0498_0030_0024_0062_0062.jpg 1 30 24 62 62
0499_0035_0030_0026_0026.jpg 1 35 30 26 26
0500_0016_0005_0068_0068.jpg 1 16 5 68 68
0501_0049_0050_0041_0041.jpg 1 49 50 41 41
0502_0032_0011_0049_0049.jpg 1 32 11 49 49
0503_0046_0015_0030_0030.jpg 1 46 15 30 30
0504_0023_0022_0064_0064.jpg 1 23 22 64 64
0505_0008_0019_0069_0069.jpg 1 8 19 69 69
0506_0006_0009_0068_0068.jpg 1 6 9 68 68
0507_0045_0022_0027_0027.jpg 1 45 22 27 27
0508_0023_0042_0024_0024.jpg 1 23 42 24 24
0509_0028_0017_0064_0064.jpg 1 28 17 64 64
0510_0024_0028_0063_0063.jpg 1 24 28 63 63
0511_0010_0020_0026_0026.jpg 1 10 20 26 26
0512_0032_0042_0046_0046.jpg 1 32 42 46 46
0513_0043_0007_0037_0037.jpg 1 43 7 37 37
0514_0013_0011_0063_0063.jpg 1 13 11 63 63
0515_0061_0029_0025_0025.jpg 1 61 29 25 25
0516_0018_0042_0049_0049.jpg 1 18 42 49 49
0517_0022_0049_0042_0042.jpg 1 22 49 42 42
0518_0022_0060_0029_0029.jpg 1 22 60 29 29
0519_0023_0037_0054_0054.jpg 1 23 37 54 54
0520_0017_0028_0055_0055.jpg 1 17 28 55 55
0521_0019_0025_0039_0039.jpg 1 19 25 39 39
0522_0051_0047_0041_0041.jpg 1 51 47 41 41
0523_0013_0012_0060_0060.jpg 1 13 12 60 60
0524_0030_0041_0032_0032.jpg 1 30 41 32 32
0525_0017_0026_0039_0039.jpg 1 17 26 39 39
0526_0020_0019_0038_0038.jpg 1 20 19 38 38
0527_0037_0059_0033_0033.jpg 1 37 59 33 33
0528_0015_0014_0052_0052.jpg 1 15 14 52 52
0529_0034_0033_0054_0054.jpg 1 34 33 54 54
0530_0018_0024_0042_0042.jpg 1 18 24 42 42
0531_0055_0037_0034_0034.jpg 1 55 37 34 34
0532_0057_0045_0025_0025.jpg 1 57 45 25 25
0533_0006_0005_0062_0062.jpg 1 6 5 62 62
0534_0013_0024_0051_0051.jpg 1 13 24 51 51
0535_0035_0025_0059_0059.jpg 1 35 25 59 59
0536_0035_0033_0046_0046.jpg 1 35 33 46 46
0537_0023_0015_0042_0042.jpg 1 23 15 42 42
0538_0038_0033_0052_0052.jpg 1 38 33 52 52
0539_0024_0017_0034_0034.jpg 1 24 17 34 34
0540_0023_0043_0047_0047.jpg 1 23 43 47 47
0541_0017_0056_0034_0034.jpg 1 17 56 34 34
0542_0018_0037_0048_0048.jpg 1 18 37 48 48
0543_0049_0036_0030_0030.jpg 1 49 36 30 30
0544_0041_0032_0053_0053.jpg 1 41 32 53 53
0545_0018_0011_0054_0054.jpg 1 18 11 54 54
0546_0010_0047_0044_0044.jpg 1 10 47 44 44
0547_0006_0020_0069_0069.jpg 1 6 20 69 69
0548_0035_0034_0033_0033.jpg 1 35 34 33 33
0549_0033_0058_0033_0033.jpg 1 33 58 33 33
0550_0031_0016_0059_0059.jpg 1 31 16 59 59
0551_0025_0008_0033_0033.jpg 1 25 8 33 33
0552_0018_0040_0051_0051.jpg 1 18 40 51 51
0553_0030_0043_0045_0045.jpg 1 30 43 45 45
0554_0027_0026_0050_0050.jpg 1 27 26 50 50
0555_0047_0036_0027_0027.jpg 1 47 36 27 27
0556_0011_0034_0030_0030.jpg 1 11 34 30 30
0557_0043_0032_0043_0043.jpg 1 43 32 43 43
0558_0009_0036_0048_0048.jpg 1 9 36 48 48
0559_0017_0010_0052_0052.jpg 1 17 10 52 52
0560_0018_0029_0061_0061.jpg 1 18 29 61 61
0561_0034_0013_0061_0061.jpg 1 34 13 61 61
0562_0017_0018_0067_0067.jpg 1 17 18 67 67
0563_0021_0027_0037_0037.jpg 1 21 27 37 37
0564_0009_0015_0053_0053.jpg 1 9 15 53 53
0565_0038_0037_0027_0027.jpg 1 38 37 27 27
0566_0019_0020_0069_0069.jpg 1 19 20 69 69
0567_0030_0024_0064_0064.jpg 1 30 24 64 64
0568_0013_0036_0033_0033.jpg 1 13 36 33 33
0569_0062_0041_0029_0029.jpg 1 62 41 29 29
0570_0041_0033_0033_0033.jpg 1 41 33 33 33
0571_0038_0027_0024_0024.jpg 1 38 27 24 24
0572_0035_0023_0059_0059.jpg 1 35 23 59 59
0573_0019_0034_0060_0060.jpg 1 19 34 60 60
0574_0052_0033_0026_0026.jpg 1 52 33 26 26
0575_0015_0055_0036_0036.jpg 1 15 55 36 36
0576_0059_0024_0034_0034.jpg 1 59 24 34 34
0577_0009_0006_0043_0043.jpg 1 9 6 43 43
0578_0008_0020_0068_0068.jpg 1 8 20 68 68
0579_0055_0042_0036_0036.jpg 1 55 42 36 36
0580_0007_0019_0059_0059.jpg 1 7 19 59 59
0581_0061_0020_0026_0026.jpg 1 61 20 26 26
0582_0009_0026_0068_0068.jpg 1 9 26 68 68
0583_0023_0007_0067_0067.jpg 1 23 7 67 67
0584_0027_0017_0032_0032.jpg 1 27 17 32 32
0585_0049_0039_0038_0038.jpg 1 49 39 38 38
0586_0017_0011_0044_0044.jpg 1 17 11 44 44
0587_0015_0035_0028_0028.jpg 1 15 35 28 28
0588_0025_0010_0069_0069.jpg 1 25 10 69 69
0589_0012_0011_0069_0069.jpg 1 12 11 69 69
0590_0028_0016_0060_0060.jpg 1 28 16 60 60
0591_0015_0019_0055_0055.jpg 1 15 19 55 55
0592_0012_0045_0026_0026.jpg 1 12 45 26 26
0593_0033_0065_0027_0027.jpg 1 33 65 27 27
0594_0013_0011_0062_0062.jpg 1 13 11 62 62
0595_0029_0031_0057_0057.jpg 1 29 31 57 57
0596_0045_0059_0032_0032.jpg 1 45 59 32 32
0597_0014_0039_0030_0030.jpg 1 14 39 30 30
0598_0054_0033_0025_0025.jpg 1 54 33 25 25
0599_0025_0030_0057_0057.jpg 1 25 30 57 57
0600_0010_0028_0064_0064.jpg 1 10 28 64 64
0601_0032_0033_0057_0057.jpg 1 32 33 57 57
0602_0017_0033_0061_0061.jpg 1 17 33 61 61
0603_0023_0020_0067_0067.jpg 1 23 20 67 67
0604_0026_0041_0033_0033.jpg 1 26 41 33 33
0605_0010_0029_0034_0034.jpg 1 10 29 34 34
0606_0040_0014_0027_0027.jpg 1 40 14 27 27
0607_0008_0047_0027_0027.jpg 1 8 47 27 27
0608_0039_0033_0054_0054.jpg 1 39 33 54 54
0609_0018_0032_0058_0058.jpg 1 18 32 58 58
0610_0010_0019_0037_0037.jpg 1 10 19 37 37
0611_0047_0030_0025_0025.jpg 1 47 30 25 25
0612_0011_0030_0063_0063.jpg 1 11 30 63 63
0613_0034_0026_0062_0062.jpg 1 34 26 62 62
0614_0007_0018_0044_0044.jpg 1 7 18 44 44
0615_0006_0045_0046_0046.jpg 1 6 45 46 46
0616_0009_0019_0046_0046.jpg 1 9 19 46 46
0617_0023_0020_0048_0048.jpg 1 23 20 48 48
0618_0011_0016_0033_0033.jpg 1 11 16 33 33
0619_0048_0028_0038_0038.jpg 1 48 28 38 38
0620_0026_0004_0067_0067.jpg 1 26 4 67 67
0621_0027_0030_0044_0044.jpg 1 27 30 44 44
0622_0006_0028_0059_0059.jpg 1 6 28 59 59
0623_0039_0030_0032_0032.jpg 1 39 30 32 32
0624_0006_0017_0056_0056.jpg 1 6 17 56 56
0625_0063_0062_0025_0025.jpg 1 63 62 25 25
0626_0026_0022_0069_0069.jpg 1 26 22 69 69
0627_0025_0026_0063_0063.jpg 1 25 26 63 63
0628_0021_0043_0048_0048.jpg 1 21 43 48 48
0629_0023_0041_0047_0047.jpg 1 23 41 47 47
0630_0049_0016_0031_0031.jpg 1 49 16 31 31
0631_0033_0011_0057_0057.jpg 1 33 11 57 57
0632_0022_0012_0027_0027.jpg 1 22 12 27 27
0633_0005_0017_0047_0047.jpg 1 5 17 47 47
0634_0023_0024_0058_0058.jpg 1 23 24 58 58
0635_0057_0015_0033_0033.jpg 1 57 15 33 33
0636_0014_0005_0067_0067.jpg 1 14 5 67 67
0637_0012_0035_0033_0033.jpg 1 12 35 33 33
0638_0041_0029_0052_0052.jpg 1 41 29 52 52
0639_0010_0030_0065_0065.jpg 1 10 30 65 65
0640_0023_0026_0064_0064.jpg 1 23 26 64 64
0641_0011_0027_0050_0050.jpg 1 11 27 50 50
0642_0033_0029_0049_0049.jpg 1 33 29 49 49
0643_0045_0055_0031_0031.jpg 1 45 55 31 31
0644_0027_0019_0031_0031.jpg 1 27 19 31 31
0645_0008_0010_0065_0065.jpg 1 8 10 65 65
0646_0049_0021_0044_0044.jpg 1 49 21 44 44
0647_0021_0046_0042_0042.jpg 1 21 46 42 42
0648_0046_0026_0043_0043.jpg 1 46 26 43 43
0649_0054_0008_0034_0034.jpg 1 54 8 34 34
0650_0031_0013_0030_0030.jpg 1 31 13 30 30
0651_0009_0007_0029_0029.jpg 1 9 7 29 29
0652_0012_0004_0066_0066.jpg 1 12 4 66 66
0653_0026_0016_0055_0055.jpg 1 26 16 55 55
0654_0006_0011_0046_0046.jpg 1 6 11 46 46
0655_0036_0030_0054_0054.jpg 1 36 30 54 54
0656_0038_0032_0052_0052.jpg 1 38 32 52 52
0657_0007_0041_0053_0053.jpg 1 7 41 53 53
0658_0005_0007_0057_0057.jpg 1 5 7 57 57
0659_0014_0013_0042_0042.jpg 1 14 13 42 42
0660_0052_0063_0028_0028.jpg 1 52 63 28 28
0661_0022_0033_0061_0061.jpg 1 22 33 61 61
0662_0027_0029_0063_0063.jpg 1 27 29 63 63
0663_0049_0031_0035_0035.jpg 1 49 31 35 35
0664_0030_0054_0025_0025.jpg 1 30 54 25 25
0665_0024_0003_0067_0067.jpg 1 24 3 67 67
0666_0037_0011_0050_0050.jpg 1 37 11 50 50
0667_0034_0008_0056_0056.jpg 1 34 8 56 56
0668_0032_0024_0035_0035.jpg 1 32 24 35 35
0669_0014_0048_0028_0028.jpg 1 14 48 28 28
0670_0017_0030_0045_0045.jpg 1 17 30 45 45
0671_0032_0011_0033_0033.jpg 1 32 11 33 33
0672_0028_0014_0034_0034.jpg 1 28 14 34 34
0673_0024_0031_0053_0053.jpg 1 24 31 53 53
0674_0025_0030_0057_0057.jpg 1 25 30 57 57
0675_0014_0023_0039_0039.jpg 1 14 23 39 39
0676_0010_0009_0068_0068.jpg 1 10 9 68 68
0677_0042_0011_0025_0025.jpg 1 42 11 25 25
0678_0019_0018_0063_0063.jpg 1 19 18 63 63
0679_0023_0023_0029_0029.jpg 1 23 23 29 29
0680_0027_0023_0025_0025.jpg 1 27 23 25 25
0681_0013_0037_0028_0028.jpg 1 13 37 28 28
0682_0055_0037_0029_0029.jpg 1 55 37 29 29
0683_0042_0007_0030_0030.jpg 1 42 7 30 30
0684_0015_0041_0041_0041.jpg 1 15 41 41 41
0685_0059_0013_0030_0030.jpg 1 59 13 30 30
0686_0020_0022_0034_0034.jpg 1 20 22 34 34
0687_0025_0022_0069_0069.jpg 1 25 22 69 69
0688_0026_0048_0044_0044.jpg 1 26 48 44 44
0689_0029_0036_0054_0054.jpg 1 29 36 54 54
0690_0035_0006_0037_0037.jpg 1 35 6 37 37
0691_0015_0031_0062_0062.jpg 1 15 31 62 62
0692_0011_0023_0054_0054.jpg 1 11 23 54 54
0693_0027_0018_0068_0068.jpg 1 27 18 68 68
0694_0004_0010_0057_0057.jpg 1 4 10 57 57
0695_0009_0013_0062_0062.jpg 1 9 13 62 62
0696_0012_0043_0049_0049.jpg 1 12 43 49 49
0697_0026_0047_0025_0025.jpg 1 26 47 25 25
0698_0020_0042_0026_0026.jpg 1 20 42 26 26
0699_0026_0034_0028_0028.jpg 1 26 34 28 28
0700_0005_0030_0063_0063.jpg 1 5 30 63 63
0701_0033_0021_0048_0048.jpg 1 33 21 48 48
0702_0020_0008_0064_0064.jpg 1 20 8 64 64
0703_0006_0019_0064_0064.jpg 1 6 19 64 64
0704_0035_0030_0052_0052.jpg 1 35 30 52 52
0705_0032_0053_0028_0028.jpg 1 32 53 28 28
0706_0031_0026_0062_0062.jpg 1 31 26 62 62
0707_0021_0051_0026_0026.jpg 1 21 51 26 26
0708_0016_0051_0037_0037.jpg 1 16 51 37 37
0709_0009_0022_0054_0054.jpg 1 9 22 54 54
0710_0021_0010_0028_0028.jpg 1 21 10 28 28
0711_0031_0027_0032_0032.jpg 1 31 27 32 32
0712_0008_0009_0039_0039.jpg 1 8 9 39 39
0713_0049_0020_0036_0036.jpg 1 49 20 36 36
0714_0030_0026_0048_0048.jpg 1 30 26 48 48
0715_0013_0005_0066_0066.jpg 1 13 5 66 66
0716_0041_0029_0043_0043.jpg 1 41 29 43 43
0717_0035_0038_0025_0025.jpg 1 35 38 25 25
0718_0017_0064_0028_0028.jpg 1 17 64 28 28
0719_0030_0035_0053_0053.jpg 1 30 35 53 53
0720_0004_0025_0059_0059.jpg 1 4 25 59 59
0721_0021_0005_0054_0054.jpg 1 21 5 54 54
0722_0031_0022_0060_0060.jpg 1 31 22 60 60
0723_0032_0008_0055_0055.jpg 1 32 8 55 55
0724_0012_0044_0044_0044.jpg 1 12 44 44 44
0725_0035_0039_0054_0054.jpg 1 35 39 54 54
0726_0034_0057_0031_0031.jpg 1 34 57 31 31
0727_0012_0025_0052_0052.jpg 1 12 25 52 52
0728_0038_0031_0055_0055.jpg 1 38 31 55 55
0729_0039_0033_0049_0049.jpg 1 39 33 49 49
0730_0045_0006_0040_0040.jpg 1 45 6 40 40
0731_0025_0030_0066_0066.jpg 1 25 30 66 66
0732_0047_0034_0042_0042.jpg 1 47 34 42 42
0733_0009_0023_0066_0066.jpg 1 9 23 66 66
0734_0003_0016_0067_0067.jpg 1 3 16 67 67
0735_0007_0028_0064_0064.jpg 1 7 28 64 64
0736_0061_0043_0026_0026.jpg 1 61 43 26 26
0737_0022_0030_0064_0064.jpg 1 22 30 64 64
0738_0010_0013_0032_0032.jpg 1 10 13 32 32
0739_0026_0050_0031_0031.jpg 1 26 50 31 31
0740_0016_0019_0068_0068.jpg 1 16 19 68 68
0741_0021_0015_0066_0066.jpg 1 21 15 66 66
0742_0026_0005_0065_0065.jpg 1 26 5 65 65
0743_0025_0022_0061_0061.jpg 1 25 22 61 61
0744_0012_0010_0034_0034.jpg 1 12 10 34 34
0745_0055_0055_0030_0030.jpg 1 55 55 30 30
0746_0034_0032_0047_0047.jpg 1 34 32 47 47
0747_0038_0017_0049_0049.jpg 1 38 17 49 49
0748_0034_0014_0054_0054.jpg 1 34 14 54 54
0749_0010_0014_0062_0062.jpg 1 10 14 62 62
0750_0025_0003_0063_0063.jpg 1 25 3 63 63
0751_0017_0027_0069_0069.jpg 1 17 27 69 69
0752_0006_0039_0046_0046.jpg 1 6 39 46 46
0753_0040_0021_0024_0024.jpg 1 40 21 24 24
0754_0014_0040_0050_0050.jpg 1 14 40 50 50
0755_0031_0012_0056_0056.jpg 1 31 12 56 56
0756_0011_0038_0056_0056.jpg 1 11 38 56 56
0757_0026_0011_0054_0054.jpg 1 26 11 54 54
0758_0023_0036_0025_0025.jpg 1 23 36 25 25
0759_0031_0025_0046_0046.jpg 1 31 25 46 46
0760_0026_0024_0058_0058.jpg 1 26 24 58 58
0761_0042_0040_0035_0035.jpg 1 42 40 35 35
0762_0014_0009_0057_0057.jpg 1 14 9 57 57
0763_0005_0017_0055_0055.jpg 1 5 17 55 55
0764_0019_0027_0068_0068.jpg 1 19 27 68 68
0765_0021_0013_0043_0043.jpg 1 21 13 43 43
0766_0026_0014_0034_0034.jpg 1 26 14 34 34
0767_0028_0053_0037_0037.jpg 1 28 53 37 37
0768_0023_0012_0056_0056.jpg 1 23 12 56 56
0769_0051_0042_0035_0035.jpg 1 51 42 35 35
0770_0005_0027_0058_0058.jpg 1 5 27 58 58
0771_0017_0011_0029_0029.jpg 1 17 11 29 29
0772_0005_0032_0053_0053.jpg 1 5 32 53 53
0773_0029_0005_0051_0051.jpg 1 29 5 51 51
0774_0051_0024_0024_0024.jpg 1 51 24 24 24
0775_0063_0036_0024_0024.jpg 1 63 36 24 24
0776_0018_0038_0027_0027.jpg 1 18 38 27 27
0777_0037_0048_0037_0037.jpg 1 37 48 37 37
0778_0017_0012_0068_0068.jpg 1 17 12 68 68
0779_0011_0013_0054_0054.jpg 1 11 13 54 54
0780_0028_0034_0045_0045.jpg 1 28 34 45 45
0781_0014_0037_0049_0049.jpg 1 14 37 49 49
0782_0021_0020_0065_0065.jpg 1 21 20 65 65
0783_0027_0007_0051_0051.jpg 1 27 7 51 51
0784_0045_0053_0039_0039.jpg 1 45 53 39 39
0785_0045_0025_0036_0036.jpg 1 45 25 36 36
0786_0048_0033_0040_0040.jpg 1 48 33 40 40
0787_0031_0018_0065_0065.jpg 1 31 18 65 65
0788_0018_0007_0064_0064.jpg 1 18 7 64 64
0789_0028_0013_0063_0063.jpg 1 28 13 63 63
0790_0025_0046_0033_0033.jpg 1 25 46 33 33
0791_0037_0024_0051_0051.jpg 1 37 24 51 51
0792_0018_0050_0025_0025.jpg 1 18 50 25 25
0793_0048_0058_0031_0031.jpg 1 48 58 31 31
0794_0022_0016_0067_0067.jpg 1 22 16 67 67
0795_0011_0022_0056_0056.jpg 1 11 22 56 56
0796_0019_0029_0048_0048.jpg 1 19 29 48 48
0797_0014_0042_0026_0026.jpg 1 14 42 26 26
0798_0045_0027_0031_0031.jpg 1 45 27 31 31
0799_0045_0039_0047_0047.jpg 1 45 39 47 47
0800_0043_0027_0044_0044.jpg 1 43 27 44 44
0801_0003_0023_0068_0068.jpg 1 3 23 68 68
0802_0039_0025_0042_0042.jpg 1 39 25 42 42
0803_0013_0023_0060_0060.jpg 1 13 23 60 60
0804_0014_0012_0060_0060.jpg 1 14 12 60 60
0805_0026_0010_0064_0064.jpg 1 26 10 64 64
0806_0056_0012_0036_0036.jpg 1 56 12 36 36
0807_0008_0016_0026_0026.jpg 1 8 16 26 26
0808_0032_0028_0028_0028.jpg 1 32 28 28 28
0809_0033_0047_0030_0030.jpg 1 33 47 30 30
0810_0023_0010_0065_0065.jpg 1 23 10 65 65
0811_0042_0030_0032_0032.jpg 1 42 30 32 32
0812_0028_0015_0033_0033.jpg 1 28 15 33 33
0813_0027_0047_0045_0045.jpg 1 27 47 45 45
0814_0015_0011_0069_0069.jpg 1 15 11 69 69
0815_0019_0006_0068_0068.jpg 1 19 6 68 68
0816_0012_0019_0066_0066.jpg 1 12 19 66 66
0817_0004_0024_0068_0068.jpg 1 4 24 68 68
0818_0031_0052_0025_0025.jpg 1 31 52 25 25
0819_0026_0027_0061_0061.jpg 1 26 27 61 61
0820_0034_0024_0055_0055.jpg 1 34 24 55 55
0821_0057_0042_0034_0034.jpg 1 57 42 34 34
0822_0047_0009_0034_0034.jpg 1 47 9 34 34
0823_0031_0021_0054_0054.jpg 1 31 21 54 54
0824_0043_0055_0032_0032.jpg 1 43 55 32 32
0825_0016_0012_0054_0054.jpg 1 16 12 54 54
0826_0035_0009_0047_0047.jpg 1 35 9 47 47
0827_0015_0015_0069_0069.jpg 1 15 15 69 69
0828_0026_0025_0049_0049.jpg 1 26 25 49 49
0829_0024_0058_0025_0025.jpg 1 24 58 25 25
0830_0021_0008_0066_0066.jpg 1 21 8 66 66
0831_0005_0027_0069_0069.jpg 1 5 27 69 69
0832_0013_0008_0064_0064.jpg 1 13 8 64 64
0833_0043_0029_0036_0036.jpg 1 43 29 36 36
0834_0032_0015_0047_0047.jpg 1 32 15 47 47
0835_0013_0007_0063_0063.jpg 1 13 7 63 63
0836_0019_0024_0025_0025.jpg 1 19 24 25 25
0837_0019_0021_0066_0066.jpg 1 19 21 66 66
0838_0026_0008_0068_0068.jpg 1 26 8 68 68
0839_0044_0009_0028_0028.jpg 1 44 9 28 28
0840_0005_0008_0052_0052.jpg 1 5 8 52 52
0841_0044_0043_0039_0039.jpg 1 44 43 39 39
0842_0016_0022_0039_0039.jpg 1 16 22 39 39
0843_0021_0026_0068_0068.jpg 1 21 26 68 68
0844_0009_0031_0058_0058.jpg 1 9 31 58 58
0845_0030_0010_0054_0054.jpg 1 30 10 54 54
0846_0023_0035_0061_0061.jpg 1 23 35 61 61
0847_0051_0025_0026_0026.jpg 1 51 25 26 26
0848_0008_0014_0052_0052.jpg 1 8 14 52 52
0849_0007_0011_0039_0039.jpg 1 7 11 39 39
0850_0018_0037_0041_0041.jpg 1 18 37 41 41
0851_0012_0037_0057_0057.jpg 1 12 37 57 57
0852_0018_0019_0056_0056.jpg 1 18 19 56 56
0853_0032_0012_0063_0063.jpg 1 32 12 63 63
0854_0039_0048_0044_0044.jpg 1 39 48 44 44
0855_0016_0020_0061_0061.jpg 1 16 20 61 61
0856_0013_0016_0057_0057.jpg 1 13 16 57 57
0857_0014_0020_0044_0044.jpg 1 14 20 44 44
0858_0006_0027_0068_0068.jpg 1 6 27 68 68
0859_0020_0020_0067_0067.jpg 1 20 20 67 67
0860_0029_0021_0067_0067.jpg 1 29 21 67 67
0861_0018_0038_0049_0049.jpg 1 18 38 49 49
0862_0029_0042_0047_0047.jpg 1 29 42 47 47
0863_0014_0017_0068_0068.jpg 1 14 17 68 68
0864_0057_0007_0035_0035.jpg 1 57 7 35 35
0865_0029_0039_0027_0027.jpg 1 29 39 27 27
0866_0020_0017_0057_0057.jpg 1 20 17 57 57
0867_0043_0036_0044_0044.jpg 1 43 36 44 44
0868_0022_0008_0069_0069.jpg 1 22 8 69 69
0869_0026_0007_0060_0060.jpg 1 26 7 60 60
0870_0030_0016_0050_0050.jpg 1 30 16 50 50
0871_0030_0039_0055_0055.jpg 1 30 39 55 55
0872_0034_0037_0041_0041.jpg 1 34 37 41 41
0873_0033_0025_0042_0042.jpg 1 33 25 42 42
0874_0015_0016_0065_0065.jpg 1 15 16 65 65
0875_0010_0014_0061_0061.jpg 1 10 14 61 61
0876_0034_0027_0058_0058.jpg 1 34 27 58 58
0877_0008_0010_0066_0066.jpg 1 8 10 66 66
0878_0010_0039_0045_0045.jpg 1 10 39 45 45
0879_0009_0059_0025_0025.jpg 1 9 59 25 25
0880_0029_0041_0038_0038.jpg 1 29 41 38 38
0881_0061_0045_0026_0026.jpg 1 61 45 26 26
0882_0042_0031_0040_0040.jpg 1 42 31 40 40
0883_0014_0029_0050_0050.jpg 1 14 29 50 50
0884_0029_0010_0051_0051.jpg 1 29 10 51 51
0885_0051_0030_0027_0027.jpg 1 51 30 27 27
0886_0042_0016_0045_0045.jpg 1 42 16 45 45
0887_0020_0014_0032_0032.jpg 1 20 14 32 32
0888_0024_0006_0064_0064.jpg 1 24 6 64 64
0889_0037_0037_0026_0026.jpg 1 37 37 26 26
0890_0006_0017_0042_0042.jpg 1 6 17 42 42
0891_0015_0044_0031_0031.jpg 1 15 44 31 31
0892_0010_0029_0053_0053.jpg 1 10 29 53 53
0893_0028_0035_0039_0039.jpg 1 28 35 39 39
0894_0030_0004_0056_0056.jpg 1 30 4 56 56
0895_0045_0031_0041_0041.jpg 1 45 31 41 41
0896_0060_0013_0027_0027.jpg 1 60 13 27 27
0897_0055_0050_0024_0024.jpg 1 55 50 24 24
0898_0030_0024_0065_0065.jpg 1 30 24 65 65
0899_0029_0055_0025_0025.jpg 1 29 55 25 25
0900_0011_0030_0063_0063.jpg 1 11 30 63 63
0901_0017_0030_0065_0065.jpg 1 17 30 65 65
0902_0044_0025_0045_0045.jpg 1 44 25 45 45
0903_0013_0016_0032_0032.jpg 1 13 16 32 32
0904_0007_0020_0053_0053.jpg 1 7 20 53 53
0905_0024_0026_0061_0061.jpg 1 24 26 61 61
0906_0027_0025_0049_0049.jpg 1 27 25 49 49
0907_0011_0010_0051_0051.jpg 1 11 10 51 51
0908_0023_0009_0061_0061.jpg 1 23 9 61 61
0909_0012_0016_0053_0053.jpg 1 12 16 53 53
0910_0026_0006_0068_0068.jpg 1 26 6 68 68
0911_0021_0017_0048_0048.jpg 1 21 17 48 48
0912_0035_0041_0054_0054.jpg 1 35 41 54 54
0913_0025_0048_0041_0041.jpg 1 25 48 41 41
0914_0037_0006_0048_0048.jpg 1 37 6 48 48
0915_0022_0011_0027_0027.jpg 1 22 11 27 27
0916_0010_0029_0051_0051.jpg 1 10 29 51 51
0917_0011_0017_0044_0044.jpg 1 11 17 44 44
0918_0017_0009_0066_0066.jpg 1 17 9 66 66
0919_0046_0008_0029_0029.jpg 1 46 8 29 29
0920_0008_0025_0065_0065.jpg 1 8 25 65 65
0921_0048_0041_0024_0024.jpg 1 48 41 24 24
0922_0017_0046_0037_0037.jpg 1 17 46 37 37
0923_0035_0046_0048_0048.jpg 1 35 46 48 48
0924_0021_0028_0028_0028.jpg 1 21 28 28 28
0925_0008_0010_0030_0030.jpg 1 8 10 30 30
0926_0017_0036_0059_0059.jpg 1 17 36 59 59
0927_0006_0018_0069_0069.jpg 1 6 18 69 69
0928_0016_0039_0024_0024.jpg 1 16 39 24 24
0929_0032_0041_0037_0037.jpg 1 32 41 37 37
0930_0020_0028_0055_0055.jpg 1 20 28 55 55
0931_0039_0028_0033_0033.jpg 1 39 28 33 33
0932_0048_0037_0041_0041.jpg 1 48 37 41 41
0933_0005_0014_0052_0052.jpg 1 5 14 52 52
0934_0038_0027_0032_0032.jpg 1 38 27 32 32
0935_0019_0009_0053_0053.jpg 1 19 9 53 53
0936_0040_0029_0035_0035.jpg 1 40 29 35 35
0937_0012_0007_0063_0063.jpg 1 12 7 63 63
0938_0010_0010_0062_0062.jpg 1 10 10 62 62
0939_0044_0010_0047_0047.jpg 1 44 10 47 47
0940_0006_0040_0051_0051.jpg 1 6 40 51 51
0941_0010_0007_0060_0060.jpg 1 10 7 60 60
0942_0034_0035_0053_0053.jpg 1 34 35 53 53
0943_0025_0021_0069_0069.jpg 1 25 21 69 69
0944_0033_0030_0043_0043.jpg 1 33 30 43 43
0945_0021_0052_0042_0042.jpg 1 21 52 42 42
0946_0008_0029_0062_0062.jpg 1 8 29 62 62
0947_0034_0038_0048_0048.jpg 1 34 38 48 48
0948_0050_0030_0031_0031.jpg 1 50 30 31 31
0949_0030_0018_0049_0049.jpg 1 30 18 49 49
0950_0019_0039_0028_0028.jpg 1 19 39 28 28
0951_0038_0052_0030_0030.jpg 1 38 52 30 30
0952_0033_0010_0036_0036.jpg 1 33 10 36 36
0953_0062_0025_0027_0027.jpg 1 62 25 27 27
0954_0049_0045_0032_0032.jpg 1 49 45 32 32
0955_0014_0014_0048_0048.jpg 1 14 14 48 48
0956_0013_0029_0059_0059.jpg 1 13 29 59 59
0957_0051_0008_0037_0037.jpg 1 51 8 37 37
0958_0021_0013_0030_0030.jpg 1 21 13 30 30
0959_0013_0018_0027_0027.jpg 1 13 18 27 27
0960_0003_0023_0069_0069.jpg 1 3 23 69 69
0961_0025_0044_0037_0037.jpg 1 25 44 37 37
0962_0004_0039_0054_0054.jpg 1 4 39 54 54
0963_0006_0007_0049_0049.jpg 1 6 7 49 49
0964_0004_0009_0062_0062.jpg 1 4 9 62 62
0965_0014_0061_0024_0024.jpg 1 14 61 24 24
0966_0022_0028_0031_0031.jpg 1 22 28 31 31
0967_0021_0013_0057_0057.jpg 1 21 13 57 57
0968_0015_0011_0048_0048.jpg 1 15 11 48 48
0969_0006_0031_0059_0059.jpg 1 6 31 59 59
0970_0041_0023_0044_0044.jpg 1 41 23 44 44
0971_0014_0019_0045_0045.jpg 1 14 19 45 45
0972_0035_0039_0033_0033.jpg 1 35 39 33 33
0973_0013_0048_0029_0029.jpg 1 13 48 29 29
0974_0032_0052_0033_0033.jpg 1 32 52 33 33
0975_0016_0033_0062_0062.jpg 1 16 33 62 62
0976_0029_0022_0039_0039.jpg 1 29 22 39 39
0977_0024_0032_0056_0056.jpg 1 24 32 56 56
0978_0023_0012_0035_0035.jpg 1 23 12 35 35
0979_0006_0022_0036_0036.jpg 1 6 22 36 36
0980_0004_0004_0060_0060.jpg 1 4 4 60 60
0981_0036_0031_0039_0039.jpg 1 36 31 39 39
0982_0023_0023_0050_0050.jpg 1 23 23 50 50
0983_0027_0062_0030_0030.jpg 1 27 62 30 30
0984_0026_0012_0056_0056.jpg 1 26 12 56 56
0985_0008_0004_0059_0059.jpg 1 8 4 59 59
0986_0007_0017_0031_0031.jpg 1 7 17 31 31
0987_0024_0044_0034_0034.jpg 1 24 44 34 34
0988_0044_0033_0047_0047.jpg 1 44 33 47 47
0989_0038_0026_0054_0054.jpg 1 38 26 54 54
0990_0022_0053_0030_0030.jpg 1 22 53 30 30
0991_0037_0007_0037_0037.jpg 1 37 7 37 37
0992_0006_0016_0045_0045.jpg 1 6 16 45 45
0993_0020_0006_0065_0065.jpg 1 20 6 65 65
0994_0044_0010_0024_0024.jpg 1 44 10 24 24
0995_0043_0024_0051_0051.jpg 1 43 24 51 51
0996_0024_0025_0057_0057.jpg 1 24 25 57 57
0997_0039_0055_0031_0031.jpg 1 39 55 31 31
0998_0032_0004_0064_0064.jpg 1 32 4 64 64
0999_0038_0023_0037_0037.jpg 1 38 23 37 37
1000_0031_0050_0033_0033.jpg 1 31 50 33 33
1001_0012_0006_0061_0061.jpg 1 12 6 61 61
1002_0057_0046_0028_0028.jpg 1 57 46 28 28
1003_0039_0044_0034_0034.jpg 1 39 44 34 34
1004_0022_0038_0053_0053.jpg 1 22 38 53 53
1005_0012_0020_0057_0057.jpg 1 12 20 57 57
1006_0023_0035_0057_0057.jpg 1 23 35 57 57
1007_0022_0034_0029_0029.jpg 1 22 34 29 29
1008_0024_0013_0049_0049.jpg 1 24 13 49 49
1009_0016_0025_0067_0067.jpg 1 16 25 67 67
1010_0024_0009_0068_0068.jpg 1 24 9 68 68
1011_0034_0049_0041_0041.jpg 1 34 49 41 41
1012_0027_0017_0055_0055.jpg 1 27 17 55 55
1013_0037_0013_0052_0052.jpg 1 37 13 52 52
1014_0027_0047_0043_0043.jpg 1 27 47 43 43
1015_0006_0005_0047_0047.jpg 1 6 5 47 47
1016_0009_0018_0035_0035.jpg 1 9 18 35 35
1017_0030_0017_0063_0063.jpg 1 30 17 63 63
1018_0005_0048_0043_0043.jpg 1 5 48 43 43
1019_0018_0008_0061_0061.jpg 1 18 8 61 61
1020_0019_0009_0037_0037.jpg 1 19 9 37 37
1021_0011_0023_0054_0054.jpg 1 11 23 54 54
1022_0042_0015_0034_0034.jpg 1 42 15 34 34
1023_0004_0014_0059_0059.jpg 1 4 14 59 59
1024_0009_0008_0061_0061.jpg 1 9 8 61 61
1025_0013_0045_0025_0025.jpg 1 13 45 25 25
1026_0056_0044_0029_0029.jpg 1 56 44 29 29
1027_0038_0043_0048_0048.jpg 1 38 43 48 48
1028_0011_0019_0068_0068.jpg 1 11 19 68 68
1029_0054_0024_0037_0037.jpg 1 54 24 37 37
1030_0026_0062_0027_0027.jpg 1 26 62 27 27
1031_0007_0005_0064_0064.jpg 1 7 5 64 64
1032_0046_0057_0027_0027.jpg 1 46 57 27 27
1033_0007_0015_0069_0069.jpg 1 7 15 69 69
1034_0014_0028_0049_0049.jpg 1 14 28 49 49
1035_0013_0035_0046_0046.jpg 1 13 35 46 46
1036_0043_0029_0051_0051.jpg 1 43 29 51 51
1037_0012_0047_0043_0043.jpg 1 12 47 43 43
1038_0012_0019_0058_0058.jpg 1 12 19 58 58
1039_0019_0036_0038_0038.jpg 1 19 36 38 38
1040_0027_0040_0052_0052.jpg 1 27 40 52 52
1041_0018_0032_0057_0057.jpg 1 18 32 57 57
1042_0006_0020_0064_0064.jpg 1 6 20 64 64
1043_0019_0015_0065_0065.jpg 1 19 15 65 65
1044_0023_0028_0068_0068.jpg 1 23 28 68 68
1045_0025_0015_0063_0063.jpg 1 25 15 63 63
1046_0054_0047_0027_0027.jpg 1 54 47 27 27
1047_0020_0006_0054_0054.jpg 1 20 6 54 54
1048_0038_0038_0050_0050.jpg 1 38 38 50 50
1049_0034_0046_0040_0040.jpg 1 34 46 40 40
1050_0010_0004_0069_0069.jpg 1 10 4 69 69
1051_0026_0020_0064_0064.jpg 1 26 20 64 64
1052_0027_0022_0068_0068.jpg 1 27 22 68 68
1053_0012_0037_0056_0056.jpg 1 12 37 56 56
1054_0032_0008_0062_0062.jpg 1 32 8 62 62
1055_0021_0030_0029_0029.jpg 1 21 30 29 29
1056_0022_0025_0040_0040.jpg 1 22 25 40 40
1057_0017_0008_0056_0056.jpg 1 17 8 56 56
1058_0062_0060_0030_0030.jpg 1 62 60 30 30
1059_0021_0020_0063_0063.jpg 1 21 20 63 63
1060_0020_0032_0045_0045.jpg 1 20 32 45 45
1061_0027_0047_0031_0031.jpg 1 27 47 31 31
1062_0026_0029_0065_0065.jpg 1 26 29 65 65
1063_0038_0060_0027_0027.jpg 1 38 60 27 27
1064_0031_0021_0051_0051.jpg 1 31 21 51 51
1065_0038_0026_0033_0033.jpg 1 38 26 33 33
1066_0006_0039_0040_0040.jpg 1 6 39 40 40
1067_0006_0027_0059_0059.jpg 1 6 27 59 59
1068_0039_0016_0029_0029.jpg 1 39 16 29 29
1069_0011_0032_0036_0036.jpg 1 11 32 36 36
1070_0011_0024_0047_0047.jpg 1 11 24 47 47
1071_0020_0018_0061_0061.jpg 1 20 18 61 61
1072_0024_0037_0033_0033.jpg 1 24 37 33 33
1073_0009_0034_0058_0058.jpg 1 9 34 58 58
1074_0013_0008_0063_0063.jpg 1 13 8 63 63
1075_0056_0051_0029_0029.jpg 1 56 51 29 29
1076_0032_0018_0039_0039.jpg 1 32 18 39 39
1077_0050_0033_0042_0042.jpg 1 50 33 42 42
1078_0030_0020_0063_0063.jpg 1 30 20 63 63
1079_0019_0017_0061_0061.jpg 1 19 17 61 61
1080_0060_0024_0025_0025.jpg 1 60 24 25 25
1081_0010_0018_0068_0068.jpg 1 10 18 68 68
1082_0042_0023_0049_0049.jpg 1 42 23 49 49
1083_0010_0017_0029_0029.jpg 1 10 17 29 29
1084_0051_0024_0041_0041.jpg 1 51 24 41 41
1085_0043_0015_0034_0034.jpg 1 43 15 34 34
1086_0038_0035_0043_0043.jpg 1 38 35 43 43
1087_0026_0018_0056_0056.jpg 1 26 18 56 56
1088_0043_0060_0029_0029.jpg 1 43 60 29 29
1089_0003_0005_0068_0068.jpg 1 3 5 68 68
1090_0049_0049_0044_0044.jpg 1 49 49 44 44
1091_0023_0030_0058_0058.jpg 1 23 30 58 58
1092_0027_0013_0049_0049.jpg 1 27 13 49 49
1093_0033_0032_0031_0031.jpg 1 33 32 31 31
1094_0019_0011_0059_0059.jpg 1 19 11 59 59
1095_0038_0034_0047_0047.jpg 1 38 34 47 47
1096_0047_0010_0044_0044.jpg 1 47 10 44 44
1097_0015_0029_0054_0054.jpg 1 15 29 54 54
1098_0060_0065_0026_0026.jpg 1 60 65 26 26
1099_0029_0009_0048_0048.jpg 1 29 9 48 48
1100_0016_0019_0034_0034.jpg 1 16 19 34 34
1101_0043_0020_0039_0039.jpg 1 43 20 39 39
1102_0056_0029_0034_0034.jpg 1 56 29 34 34
1103_0044_0040_0042_0042.jpg 1 44 40 42 42
1104_0035_0032_0029_0029.jpg 1 35 32 29 29
1105_0017_0026_0069_0069.jpg 1 17 26 69 69
1106_0017_0035_0060_0060.jpg 1 17 35 60 60
1107_0030_0018_0025_0025.jpg 1 30 18 25 25
1108_0046_0027_0046_0046.jpg 1 46 27 46 46
1109_0016_0026_0059_0059.jpg 1 16 26 59 59
1110_0035_0009_0046_0046.jpg 1 35 9 46 46
1111_0007_0029_0051_0051.jpg 1 7 29 51 51
1112_0038_0031_0027_0027.jpg 1 38 31 27 27
1113_0024_0039_0048_0048.jpg 1 24 39 48 48
1114_0007_0052_0032_0032.jpg 1 7 52 32 32
1115_0018_0017_0061_0061.jpg 1 18 17 61 61
1116_0040_0040_0047_0047.jpg 1 40 40 47 47
1117_0009_0019_0069_0069.jpg 1 9 19 69 69
1118_0018_0008_0038_0038.jpg 1 18 8 38 38
1119_0015_0031_0045_0045.jpg 1 15 31 45 45
1120_0028_0039_0048_0048.jpg 1 28 39 48 48
1121_0007_0038_0048_0048.jpg 1 7 38 48 48
1122_0008_0038_0046_0046.jpg 1 8 38 46 46
1123_0018_0003_0068_0068.jpg 1 18 3 68 68
1124_0035_0033_0036_0036.jpg 1 35 33 36 36
1125_0012_0014_0053_0053.jpg 1 12 14 53 53
1126_0013_0033_0045_0045.jpg 1 13 33 45 45
1127_0045_0015_0027_0027.jpg 1 45 15 27 27
1128_0039_0031_0036_0036.jpg 1 39 31 36 36
1129_0029_0041_0050_0050.jpg 1 29 41 50 50
1130_0034_0012_0037_0037.jpg 1 34 12 37 37
1131_0010_0024_0063_0063.jpg 1 10 24 63 63
1132_0013_0034_0055_0055.jpg 1 13 34 55 55
1133_0043_0025_0044_0044.jpg 1 43 25 44 44
1134_0023_0042_0024_0024.jpg 1 23 42 24 24
1135_0009_0053_0031_0031.jpg 1 9 53 31 31
1136_0037_0042_0028_0028.jpg 1 37 42 28 28
1137_0043_0048_0035_0035.jpg 1 43 48 35 35
1138_0063_0049_0028_0028.jpg 1 63 49 28 28
1139_0005_0027_0061_0061.jpg 1 5 27 61 61
1140_0013_0063_0029_0029.jpg 1 13 63 29 29
1141_0017_0010_0047_0047.jpg 1 17 10 47 47
1142_0026_0014_0049_0049.jpg 1 26 14 49 49
1143_0039_0026_0053_0053.jpg 1 39 26 53 53
1144_0043_0041_0046_0046.jpg 1 43 41 46 46
1145_0015_0014_0045_0045.jpg 1 15 14 45 45
1146_0033_0032_0058_0058.jpg 1 33 32 58 58
1147_0015_0016_0054_0054.jpg 1 15 16 54 54
1148_0009_0036_0050_0050.jpg 1 9 36 50 50
1149_0021_0022_0067_0067.jpg 1 21 22 67 67
1150_0016_0027_0064_0064.jpg 1 16 27 64 64
1151_0022_0028_0042_0042.jpg 1 22 28 42 42
1152_0005_0028_0045_0045.jpg 1 5 28 45 45
1153_0036_0034_0032_0032.jpg 1 36 34 32 32
1154_0022_0045_0040_0040.jpg 1 22 45 40 40
1155_0029_0014_0058_0058.jpg 1 29 14 58 58
1156_0017_0018_0026_0026.jpg 1 17 18 26 26
1157_0027_0018_0030_0030.jpg 1 27 18 30 30
1158_0004_0031_0056_0056.jpg 1 4 31 56 56
1159_0056_0032_0032_0032.jpg 1 56 32 32 32
1160_0024_0011_0060_0060.jpg 1 24 11 60 60
1161_0034_0024_0026_0026.jpg 1 34 24 26 26
1162_0021_0006_0069_0069.jpg 1 21 6 69 69
1163_0054_0017_0039_0039.jpg 1 54 17 39 39
1164_0027_0041_0045_0045.jpg 1 27 41 45 45
1165_0027_0014_0055_0055.jpg 1 27 14 55 55
1166_0030_0028_0065_0065.jpg 1 30 28 65 65
1167_0015_0036_0057_0057.jpg 1 15 36 57 57
1168_0011_0011_0038_0038.jpg 1 11 11 38 38
1169_0046_0022_0048_0048.jpg 1 46 22 48 48
1170_0030_0026_0059_0059.jpg 1 30 26 59 59
1171_0014_0042_0028_0028.jpg 1 14 42 28 28
1172_0021_0041_0036_0036.jpg 1 21 41 36 36
1173_0035_0038_0031_0031.jpg 1 35 38 31 31
1174_0036_0034_0056_0056.jpg 1 36 34 56 56
1175_0046_0043_0038_0038.jpg 1 46 43 38 38
1176_0019_0013_0065_0065.jpg 1 19 13 65 65
1177_0046_0022_0029_0029.jpg 1 46 22 29 29
1178_0016_0026_0066_0066.jpg 1 16 26 66 66
1179_0030_0021_0039_0039.jpg 1 30 21 39 39
1180_0017_0038_0047_0047.jpg 1 17 38 47 47
1181_0028_0052_0030_0030.jpg 1 28 52 30 30
1182_0017_0041_0046_0046.jpg 1 17 41 46 46
1183_0040_0036_0036_0036.jpg 1 40 36 36 36
1184_0034_0006_0057_0057.jpg 1 34 6 57 57
1185_0021_0013_0041_0041.jpg 1 21 13 41 41
1186_0017_0027_0061_0061.jpg 1 17 27 61 61
1187_0023_0019_0066_0066.jpg 1 23 19 66 66
1188_0012_0007_0056_0056.jpg 1 12 7 56 56
1189_0029_0048_0044_0044.jpg 1 29 48 44 44
1190_0013_0019_0060_0060.jpg 1 13 19 60 60
1191_0027_0037_0027_0027.jpg 1 27 37 27 27
1192_0009_0013_0046_0046.jpg 1 9 13 46 46
1193_0008_0015_0044_0044.jpg 1 8 15 44 44
1194_0015_0049_0034_0034.jpg 1 15 49 34 34
1195_0034_0036_0045_0045.jpg 1 34 36 45 45
1196_0022_0027_0039_0039.jpg 1 22 27 39 39
1197_0012_0056_0034_0034.jpg 1 12 56 34 34
1198_0030_0017_0052_0052.jpg 1 30 17 52 52
1199_0007_0005_0060_0060.jpg 1 7 5 60 60
1200_0021_0053_0036_0036.jpg 1 21 53 36 36
1201_0021_0010_0050_0050.jpg 1 21 10 50 50
1202_0028_0014_0067_0067.jpg 1 28 14 67 67
1203_0005_0028_0068_0068.jpg 1 5 28 68 68
1204_0016_0020_0062_0062.jpg 1 16 20 62 62
1205_0046_0036_0026_0026.jpg 1 46 36 26 26
1206_0026_0026_0063_0063.jpg 1 26 26 63 63
1207_0044_0047_0034_0034.jpg 1 44 47 34 34
1208_0045_0028_0041_0041.jpg 1 45 28 41 41
1209_0010_0019_0030_0030.jpg 1 10 19 30 30
1210_0036_0020_0044_0044.jpg 1 36 20 44 44
1211_0029_0017_0030_0030.jpg 1 29 17 30 30
1212_0041_0048_0042_0042.jpg 1 41 48 42 42
1213_0039_0009_0041_0041.jpg 1 39 9 41 41
1214_0018_0030_0061_0061.jpg 1 18 30 61 61
1215_0052_0026_0039_0039.jpg 1 52 26 39 39
1216_0033_0021_0035_0035.jpg 1 33 21 35 35
1217_0038_0028_0052_0052.jpg 1 38 28 52 52
1218_0022_0028_0068_0068.jpg 1 22 28 68 68
1219_0033_0045_0040_0040.jpg 1 33 45 40 40
1220_0028_0016_0050_0050.jpg 1 28 16 50 50
1221_0009_0049_0035_0035.jpg 1 9 49 35 35
1222_0038_0017_0028_0028.jpg 1 38 17 28 28
1223_0034_0035_0040_0040.jpg 1 34 35 40 40
1224_0022_0042_0031_0031.jpg 1 22 42 31 31
1225_0034_0030_0043_0043.jpg 1 34 30 43 43
1226_0012_0035_0029_0029.jpg 1 12 35 29 29
1227_0032_0025_0064_0064.jpg 1 32 25 64 64
1228_0021_0017_0062_0062.jpg 1 21 17 62 62
1229_0007_0018_0040_0040.jpg 1 7 18 40 40
1230_0048_0055_0032_0032.jpg 1 48 55 32 32
1231_0021_0021_0044_0044.jpg 1 21 21 44 44
1232_0037_0027_0055_0055.jpg 1 37 27 55 55
1233_0016_0012_0031_0031.jpg 1 16 12 31 31
1234_0030_0021_0047_0047.jpg 1 30 21 47 47
1235_0011_0049_0044_0044.jpg 1 11 49 44 44
1236_0044_0006_0050_0050.jpg 1 44 6 50 50
1237_0036_0046_0025_0025.jpg 1 36 46 25 25
1238_0011_0041_0028_0028.jpg 1 11 41 28 28
1239_0020_0018_0068_0068.jpg 1 20 18 68 68
1240_0044_0016_0033_0033.jpg 1 44 16 33 33
1241_0015_0024_0067_0067.jpg 1 15 24 67 67
1242_0017_0046_0040_0040.jpg 1 17 46 40 40
1243_0027_0035_0050_0050.jpg 1 27 35 50 50
1244_0006_0040_0054_0054.jpg 1 6 40 54 54
1245_0009_0025_0064_0064.jpg 1 9 25 64 64
1246_0035_0028_0059_0059.jpg 1 35 28 59 59
1247_0012_0009_0033_0033.jpg 1 12 9 33 33
1248_0035_0031_0037_0037.jpg 1 35 31 37 37
1249_0031_0026_0050_0050.jpg 1 31 26 50 50
1250_0012_0004_0064_0064.jpg 1 12 4 64 64
1251_0021_0030_0055_0055.jpg 1 21 30 55 55
1252_0034_0052_0027_0027.jpg 1 34 52 27 27
1253_0004_0026_0053_0053.jpg 1 4 26 53 53
1254_0012_0010_0069_0069.jpg 1 12 10 69 69
1255_0043_0021_0043_0043.jpg 1 43 21 43 43
1256_0030_0038_0042_0042.jpg 1 30 38 42 42
1257_0019_0026_0061_0061.jpg 1 19 26 61 61
1258_0026_0038_0052_0052.jpg 1 26 38 52 52
1259_0014_0029_0050_0050.jpg 1 14 29 50 50
1260_0044_0051_0034_0034.jpg 1 44 51 34 34
1261_0025_0009_0062_0062.jpg 1 25 9 62 62
1262_0059_0036_0025_0025.jpg 1 59 36 25 25
1263_0008_0009_0065_0065.jpg 1 8 9 65 65
1264_0054_0021_0030_0030.jpg 1 54 21 30 30
1265_0037_0033_0029_0029.jpg 1 37 33 29 29
1266_0020_0026_0044_0044.jpg 1 20 26 44 44
1267_0006_0041_0042_0042.jpg 1 6 41 42 42
1268_0034_0040_0036_0036.jpg 1 34 40 36 36
1269_0039_0060_0033_0033.jpg 1 39 60 33 33
1270_0039_0015_0036_0036.jpg 1 39 15 36 36
1271_0040_0039_0041_0041.jpg 1 40 39 41 41
1272_0014_0006_0069_0069.jpg 1 14 6 69 69
1273_0014_0061_0025_0025.jpg 1 14 61 25 25
1274_0019_0003_0067_0067.jpg 1 19 3 67 67
1275_0010_0042_0052_0052.jpg 1 10 42 52 52
1276_0050_0034_0024_0024.jpg 1 50 34 24 24
1277_0058_0055_0024_0024.jpg 1 58 55 24 24
1278_0039_0015_0053_0053.jpg 1 39 15 53 53
1279_0036_0030_0026_0026.jpg 1 36 30 26 26
1280_0054_0025_0027_0027.jpg 1 54 25 27 27
1281_0028_0028_0035_0035.jpg 1 28 28 35 35
1282_0015_0022_0025_0025.jpg 1 15 22 25 25
1283_0025_0049_0042_0042.jpg 1 25 49 42 42
1284_0047_0012_0047_0047.jpg 1 47 12 47 47
1285_0021_0015_0049_0049.jpg 1 21 15 49 49
1286_0015_0020_0068_0068.jpg 1 15 20 68 68
1287_0033_0031_0040_0040.jpg 1 33 31 40 40
1288_0022_0039_0033_0033.jpg 1 22 39 33 33
1289_0027_0047_0040_0040.jpg 1 27 47 40 40
1290_0028_0011_0065_0065.jpg 1 28 11 65 65
1291_0007_0027_0050_0050.jpg 1 7 27 50 50
1292_0004_0027_0066_0066.jpg 1 4 27 66 66
1293_0054_0027_0038_0038.jpg 1 54 27 38 38
1294_0031_0021_0060_0060.jpg 1 31 21 60 60
1295_0025_0019_0067_0067.jpg 1 25 19 67 67
1296_0017_0010_0025_0025.jpg 1 17 10 25 25
1297_0016_0024_0068_0068.jpg 1 16 24 68 68
1298_0033_0048_0034_0034.jpg 1 33 48 34 34
1299_0029_0028_0038_0038.jpg 1 29 28 38 38
1300_0016_0028_0056_0056.jpg 1 16 28 56 56
1301_0005_0027_0064_0064.jpg 1 5 27 64 64
1302_0029_0023_0058_0058.jpg 1 29 23 58 58
1303_0059_0019_0031_0031.jpg 1 59 19 31 31
1304_0028_0043_0051_0051.jpg 1 28 43 51 51
1305_0061_0025_0024_0024.jpg 1 61 25 24 24
1306_0004_0022_0069_0069.jpg 1 4 22 69 69
1307_0031_0028_0053_0053.jpg 1 31 28 53 53
1308_0026_0013_0056_0056.jpg 1 26 13 56 56
1309_0015_0028_0067_0067.jpg 1 15 28 67 67
1310_0022_0017_0057_0057.jpg 1 22 17 57 57
1311_0010_0027_0066_0066.jpg 1 10 27 66 66
1312_0040_0008_0047_0047.jpg 1 40 8 47 47
1313_0015_0026_0068_0068.jpg 1 15 26 68 68
1314_0019_0003_0069_0069.jpg 1 19 3 69 69
1315_0006_0025_0047_0047.jpg 1 6 25 47 47
1316_0009_0017_0058_0058.jpg 1 9 17 58 58
1317_0030_0026_0059_0059.jpg 1 30 26 59 59
1318_0011_0036_0040_0040.jpg 1 11 36 40 40
1319_0031_0029_0046_0046.jpg 1 31 29 46 46
1320_0015_0035_0040_0040.jpg 1 15 35 40 40
1321_0007_0026_0069_0069.jpg 1 7 26 69 69
1322_0011_0008_0069_0069.jpg 1 11 8 69 69
1323_0037_0054_0026_0026.jpg 1 37 54 26 26
1324_0059_0018_0028_0028.jpg 1 59 18 28 28
1325_0041_0021_0031_0031.jpg 1 41 21 31 31
1326_0016_0022_0065_0065.jpg 1 16 22 65 65
1327_0029_0048_0026_0026.jpg 1 29 48 26 26
1328_0029_0019_0052_0052.jpg 1 29 19 52 52
1329_0058_0052_0031_0031.jpg 1 58 52 31 31
1330_0011_0051_0039_0039.jpg 1 11 51 39 39
1331_0043_0035_0032_0032.jpg 1 43 35 32 32
1332_0016_0009_0052_0052.jpg 1 16 9 52 52
1333_0030_0029_0035_0035.jpg 1 30 29 35 35
1334_0013_0054_0028_0028.jpg 1 13 54 28 28
1335_0037_0009_0040_0040.jpg 1 37 9 40 40
1336_0038_0029_0030_0030.jpg 1 38 29 30 30
1337_0025_0037_0048_0048.jpg 1 25 37 48 48
1338_0030_0050_0035_0035.jpg 1 30 50 35 35
1339_0015_0026_0063_0063.jpg 1 15 26 63 63
1340_0030_0006_0040_0040.jpg 1 30 6 40 40
1341_0016_0030_0052_0052.jpg 1 16 30 52 52
1342_0024_0021_0046_0046.jpg 1 24 21 46 46
1343_0042_0040_0052_0052.jpg 1 42 40 52 52
1344_0028_0021_0045_0045.jpg 1 28 21 45 45
1345_0013_0014_0068_0068.jpg 1 13 14 68 68
1346_0014_0024_0056_0056.jpg 1 14 24 56 56
1347_0005_0035_0051_0051.jpg 1 5 35 51 51
1348_0020_0032_0062_0062.jpg 1 20 32 62 62
1349_0051_0036_0033_0033.jpg 1 51 36 33 33
1350_0040_0011_0051_0051.jpg 1 40 11 51 51
1351_0006_0006_0063_0063.jpg 1 6 6 63 63
1352_0037_0029_0051_0051.jpg 1 37 29 51 51
1353_0009_0023_0069_0069.jpg 1 9 23 69 69
1354_0015_0010_0068_0068.jpg 1 15 10 68 68
1355_0038_0026_0033_0033.jpg 1 38 26 33 33
1356_0039_0019_0053_0053.jpg 1 39 19 53 53
1357_0030_0025_0046_0046.jpg 1 30 25 46 46
1358_0043_0029_0033_0033.jpg 1 43 29 33 33
1359_0015_0006_0063_0063.jpg 1 15 6 63 63
1360_0011_0033_0050_0050.jpg 1 11 33 50 50
1361_0052_0023_0038_0038.jpg 1 52 23 38 38
1362_0012_0020_0066_0066.jpg 1 12 20 66 66
1363_0007_0037_0036_0036.jpg 1 7 37 36 36
1364_0034_0032_0061_0061.jpg 1 34 32 61 61
1365_0004_0004_0068_0068.jpg 1 4 4 68 68
1366_0061_0048_0029_0029.jpg 1 61 48 29 29
1367_0045_0043_0039_0039.jpg 1 45 43 39 39
1368_0030_0018_0057_0057.jpg 1 30 18 57 57
1369_0030_0012_0044_0044.jpg 1 30 12 44 44
1370_0034_0027_0054_0054.jpg 1 34 27 54 54
1371_0008_0035_0060_0060.jpg 1 8 35 60 60
1372_0014_0044_0043_0043.jpg 1 14 44 43 43
1373_0032_0046_0047_0047.jpg 1 32 46 47 47
1374_0022_0026_0041_0041.jpg 1 22 26 41 41
1375_0052_0019_0028_0028.jpg 1 52 19 28 28
1376_0035_0058_0024_0024.jpg 1 35 58 24 24
1377_0034_0016_0048_0048.jpg 1 34 16 48 48
1378_0057_0040_0024_0024.jpg 1 57 40 24 24
1379_0019_0010_0038_0038.jpg 1 19 10 38 38
1380_0023_0014_0045_0045.jpg 1 23 14 45 45
1381_0041_0028_0040_0040.jpg 1 41 28 40 40
1382_0022_0011_0055_0055.jpg 1 22 11 55 55
1383_0028_0022_0064_0064.jpg 1 28 22 64 64
1384_0044_0017_0039_0039.jpg 1 44 17 39 39
1385_0017_0045_0034_0034.jpg 1 17 45 34 34
1386_0005_0025_0067_0067.jpg 1 5 25 67 67
1387_0009_0011_0052_0052.jpg 1 9 11 52 52
1388_0040_0005_0045_0045.jpg 1 40 5 45 45
1389_0024_0038_0054_0054.jpg 1 24 38 54 54
1390_0009_0026_0065_0065.jpg 1 9 26 65 65
1391_0007_0036_0050_0050.jpg 1 7 36 50 50
1392_0053_0013_0031_0031.jpg 1 53 13 31 31
1393_0022_0009_0064_0064.jpg 1 22 9 64 64
1394_0024_0022_0048_0048.jpg 1 24 22 48 48
1395_0004_0004_0068_0068.jpg 1 4 4 68 68
1396_0008_0009_0048_0048.jpg 1 8 9 48 48
1397_0010_0058_0034_0034.jpg 1 10 58 34 34
1398_0043_0041_0041_0041.jpg 1 43 41 41 41
1399_0006_0035_0049_0049.jpg 1 6 35 49 49
1400_0013_0011_0026_0026.jpg 1 13 11 26 26
1401_0048_0051_0033_0033.jpg 1 48 51 33 33
1402_0025_0018_0069_0069.jpg 1 25 18 69 69
1403_0021_0006_0042_0042.jpg 1 21 6 42 42
1404_0023_0046_0034_0034.jpg 1 23 46 34 34
1405_0016_0014_0061_0061.jpg 1 16 14 61 61
1406_0034_0046_0024_0024.jpg 1 34 46 24 24
1407_0011_0031_0049_0049.jpg 1 11 31 49 49
1408_0044_0048_0039_0039.jpg 1 44 48 39 39
1409_0035_0030_0050_0050.jpg 1 35 30 50 50
1410_0040_0017_0047_0047.jpg 1 40 17 47 47
1411_0016_0019_0064_0064.jpg 1 16 19 64 64
1412_0032_0059_0025_0025.jpg 1 32 59 25 25
1413_0013_0053_0024_0024.jpg 1 13 53 24 24
1414_0051_0049_0029_0029.jpg 1 51 49 29 29
1415_0030_0007_0057_0057.jpg 1 30 7 57 57
1416_0059_0055_0033_0033.jpg 1 59 55 33 33
1417_0042_0045_0043_0043.jpg 1 42 45 43 43
1418_0025_0020_0035_0035.jpg 1 25 20 35 35
1419_0059_0058_0025_0025.jpg 1 59 58 25 25
1420_0017_0015_0048_0048.jpg 1 17 15 48 48
1421_0010_0034_0060_0060.jpg 1 10 34 60 60
1422_0051_0047_0034_0034.jpg 1 51 47 34 34
1423_0043_0012_0048_0048.jpg 1 43 12 48 48
1424_0034_0043_0046_0046.jpg 1 34 43 46 46
1425_0027_0023_0033_0033.jpg 1 27 23 33 33
1426_0034_0008_0027_0027.jpg 1 34 8 27 27
1427_0057_0009_0032_0032.jpg 1 57 9 32 32
1428_0029_0052_0031_0031.jpg 1 29 52 31 31
1429_0017_0015_0036_0036.jpg 1 17 15 36 36
1430_0046_0039_0044_0044.jpg 1 46 39 44 44
1431_0015_0021_0049_0049.jpg 1 15 21 49 49
1432_0042_0027_0048_0048.jpg 1 42 27 48 48
1433_0013_0015_0048_0048.jpg 1 13 15 48 48
1434_0037_0030_0042_0042.jpg 1 37 30 42 42
1435_0023_0039_0049_0049.jpg 1 23 39 49 49
1436_0018_0030_0024_0024.jpg 1 18 30 24 24
1437_0021_0016_0054_0054.jpg 1 21 16 54 54
1438_0015_0020_0045_0045.jpg 1 15 20 45 45
1439_0022_0005_0044_0044.jpg 1 22 5 44 44
1440_0028_0021_0036_0036.jpg 1 28 21 36 36
1441_0016_0032_0063_0063.jpg 1 16 32 63 63
1442_0030_0006_0061_0061.jpg 1 30 6 61 61
1443_0044_0012_0041_0041.jpg 1 44 12 41 41
1444_0033_0023_0054_0054.jpg 1 33 23 54 54
1445_0020_0014_0055_0055.jpg 1 20 14 55 55
1446_0064_0052_0027_0027.jpg 1 64 52 27 27
1447_0041_0061_0028_0028.jpg 1 41 61 28 28
1448_0055_0033_0025_0025.jpg 1 55 33 25 25
1449_0008_0011_0043_0043.jpg 1 8 11 43 43
1450_0035_0036_0037_0037.jpg 1 35 36 37 37
1451_0033_0040_0051_0051.jpg 1 33 40 51 51
1452_0020_0031_0060_0060.jpg 1 20 31 60 60
1453_0048_0011_0032_0032.jpg 1 48 11 32 32
1454_0044_0023_0030_0030.jpg 1 44 23 30 30
1455_0036_0023_0030_0030.jpg 1 36 23 30 30
1456_0044_0044_0037_0037.jpg 1 44 44 37 37
1457_0031_0045_0026_0026.jpg 1 31 45 26 26
1458_0004_0005_0066_0066.jpg 1 4 5 66 66
1459_0013_0028_0065_0065.jpg 1 13 28 65 65
1460_0022_0026_0055_0055.jpg 1 22 26 55 55
1461_0045_0045_0044_0044.jpg 1 45 45 44 44
1462_0007_0030_0046_0046.jpg 1 7 30 46 46
1463_0005_0023_0055_0055.jpg 1 5 23 55 55
1464_0016_0011_0068_0068.jpg 1 16 11 68 68
1465_0029_0019_0035_0035.jpg 1 29 19 35 35
1466_0006_0014_0058_0058.jpg 1 6 14 58 58
1467_0029_0015_0024_0024.jpg 1 29 15 24 24
1468_0011_0029_0065_0065.jpg 1 11 29 65 65
1469_0015_0015_0066_0066.jpg 1 15 15 66 66
1470_0021_0022_0035_0035.jpg 1 21 22 35 35
1471_0014_0039_0055_0055.jpg 1 14 39 55 55
1472_0014_0030_0039_0039.jpg 1 14 30 39 39
1473_0030_0035_0055_0055.jpg 1 30 35 55 55
1474_0003_0023_0066_0066.jpg 1 3 23 66 66
1475_0025_0018_0067_0067.jpg 1 25 18 67 67
1476_0034_0013_0054_0054.jpg 1 34 13 54 54
1477_0016_0022_0063_0063.jpg 1 16 22 63 63
1478_0029_0049_0036_0036.jpg 1 29 49 36 36
1479_0020_0018_0064_0064.jpg 1 20 18 64 64
1480_0012_0037_0038_0038.jpg 1 12 37 38 38
1481_0014_0033_0050_0050.jpg 1 14 33 50 50
1482_0022_0012_0058_0058.jpg 1 22 12 58 58
1483_0003_0026_0067_0067.jpg 1 3 26 67 67
1484_0012_0034_0052_0052.jpg 1 12 34 52 52
1485_0005_0009_0060_0060.jpg 1 5 9 60 60
1486_0050_0015_0030_0030.jpg 1 50 15 30 30
1487_0013_0028_0032_0032.jpg 1 13 28 32 32
1488_0025_0060_0026_0026.jpg 1 25 60 26 26
1489_0039_0030_0042_0042.jpg 1 39 30 42 42
1490_0016_0016_0036_0036.jpg 1 16 16 36 36
1491_0029_0006_0066_0066.jpg 1 29 6 66 66
1492_0054_0032_0034_0034.jpg 1 54 32 34 34
1493_0032_0009_0036_0036.jpg 1 32 9 36 36
1494_0042_0009_0051_0051.jpg 1 42 9 51 51
1495_0008_0025_0035_0035.jpg 1 8 25 35 35
1496_0030_0042_0046_0046.jpg 1 30 42 46 46
1497_0031_0045_0045_0045.jpg 1 31 45 45 45
1498_0026_0006_0047_0047.jpg 1 26 6 47 47
1499_0034_0027_0052_0052.jpg 1 34 27 52 52
1500_0012_0036_0039_0039.jpg 1 12 36 39 39
1501_0008_0012_0049_0049.jpg 1 8 12 49 49
1502_0029_0039_0049_0049.jpg 1 29 39 49 49
1503_0046_0034_0046_0046.jpg 1 46 34 46 46
1504_0023_0012_0048_0048.jpg 1 23 12 48 48
1505_0017_0020_0059_0059.jpg 1 17 20 59 59
1506_0018_0009_0069_0069.jpg 1 18 9 69 69
1507_0032_0031_0064_0064.jpg 1 32 31 64 64
1508_0057_0007_0028_0028.jpg 1 57 7 28 28
1509_0034_0040_0036_0036.jpg 1 34 40 36 36
1510_0009_0006_0066_0066.jpg 1 9 6 66 66
1511_0012_0027_0030_0030.jpg 1 12 27 30 30
1512_0033_0022_0045_0045.jpg 1 33 22 45 45
1513_0039_0052_0036_0036.jpg 1 39 52 36 36
1514_0032_0028_0055_0055.jpg 1 32 28 55 55
1515_0051_0028_0033_0033.jpg 1 51 28 33 33
1516_0029_0043_0047_0047.jpg 1 29 43 47 47
1517_0053_0064_0028_0028.jpg 1 53 64 28 28
1518_0026_0013_0068_0068.jpg 1 26 13 68 68
1519_0040_0010_0052_0052.jpg 1 40 10 52 52
1520_0017_0008_0027_0027.jpg 1 17 8 27 27
1521_0026_0006_0067_0067.jpg 1 26 6 67 67
1522_0029_0039_0038_0038.jpg 1 29 39 38 38
1523_0016_0032_0029_0029.jpg 1 16 32 29 29
1524_0030_0040_0028_0028.jpg 1 30 40 28 28
1525_0031_0023_0045_0045.jpg 1 31 23 45 45
1526_0015_0029_0040_0040.jpg 1 15 29 40 40
1527_0045_0040_0029_0029.jpg 1 45 40 29 29
1528_0065_0039_0025_0025.jpg 1 65 39 25 25
1529_0011_0004_0068_0068.jpg 1 11 4 68 68
1530_0037_0035_0053_0053.jpg 1 37 35 53 53
1531_0036_0041_0037_0037.jpg 1 36 41 37 37
1532_0010_0028_0056_0056.jpg 1 10 28 56 56
1533_0006_0040_0043_0043.jpg 1 6 40 43 43
1534_0011_0017_0065_0065.jpg 1 11 17 65 65
1535_0027_0014_0055_0055.jpg 1 27 14 55 55
1536_0017_0004_0062_0062.jpg 1 17 4 62 62
1537_0038_0012_0036_0036.jpg 1 38 12 36 36
1538_0033_0015_0052_0052.jpg 1 33 15 52 52
1539_0013_0048_0046_0046.jpg 1 13 48 46 46
1540_0041_0046_0027_0027.jpg 1 41 46 27 27
1541_0051_0015_0030_0030.jpg 1 51 15 30 30
1542_0020_0028_0050_0050.jpg 1 20 28 50 50
1543_0062_0034_0030_0030.jpg 1 62 34 30 30
1544_0030_0019_0066_0066.jpg 1 30 19 66 66
1545_0024_0013_0055_0055.jpg 1 24 13 55 55
1546_0034_0048_0024_0024.jpg 1 34 48 24 24
1547_0041_0017_0042_0042.jpg 1 41 17 42 42
1548_0040_0010_0053_0053.jpg 1 40 10 53 53
1549_0015_0027_0067_0067.jpg 1 15 27 67 67
1550_0027_0007_0067_0067.jpg 1 27 7 67 67
1551_0025_0027_0052_0052.jpg 1 25 27 52 52
1552_0021_0027_0057_0057.jpg 1 21 27 57 57
1553_0036_0023_0035_0035.jpg 1 36 23 35 35
1554_0026_0033_0034_0034.jpg 1 26 33 34 34
1555_0061_0014_0026_0026.jpg 1 61 14 26 26
1556_0028_0031_0063_0063.jpg 1 28 31 63 63
1557_0028_0026_0050_0050.jpg 1 28 26 50 50
1558_0009_0019_0042_0042.jpg 1 9 19 42 42
1559_0018_0014_0055_0055.jpg 1 18 14 55 55
1560_0048_0038_0038_0038.jpg 1 48 38 38 38
1561_0023_0034_0057_0057.jpg 1 23 34 57 57
1562_0048_0017_0039_0039.jpg 1 48 17 39 39
1563_0011_0017_0063_0063.jpg 1 11 17 63 63
1564_0008_0013_0045_0045.jpg 1 8 13 45 45
1565_0027_0041_0051_0051.jpg 1 27 41 51 51
1566_0030_0032_0055_0055.jpg 1 30 32 55 55
1567_0006_0032_0057_0057.jpg 1 6 32 57 57
1568_0035_0008_0056_0056.jpg 1 35 8 56 56
1569_0047_0037_0041_0041.jpg 1 47 37 41 41
1570_0009_0037_0026_0026.jpg 1 9 37 26 26
1571_0037_0032_0058_0058.jpg 1 37 32 58 58
1572_0035_0029_0059_0059.jpg 1 35 29 59 59
1573_0004_0023_0062_0062.jpg 1 4 23 62 62
1574_0034_0007_0058_0058.jpg 1 34 7 58 58
1575_0027_0029_0027_0027.jpg 1 27 29 27 27
1576_0019_0039_0039_0039.jpg 1 19 39 39 39
1577_0008_0024_0031_0031.jpg 1 8 24 31 31
1578_0039_0027_0056_0056.jpg 1 39 27 56 56
1579_0031_0031_0056_0056.jpg 1 31 31 56 56
1580_0028_0015_0034_0034.jpg 1 28 15 34 34
1581_0057_0032_0028_0028.jpg 1 57 32 28 28
1582_0018_0046_0026_0026.jpg 1 18 46 26 26
1583_0016_0006_0053_0053.jpg 1 16 6 53 53
1584_0031_0032_0062_0062.jpg 1 31 32 62 62
1585_0009_0042_0047_0047.jpg 1 9 42 47 47
1586_0036_0023_0057_0057.jpg 1 36 23 57 57
1587_0016_0055_0036_0036.jpg 1 16 55 36 36
1588_0022_0022_0027_0027.jpg 1 22 22 27 27
1589_0025_0021_0067_0067.jpg 1 25 21 67 67
1590_0045_0018_0045_0045.jpg 1 45 18 45 45
1591_0022_0017_0050_0050.jpg 1 22 17 50 50
1592_0018_0012_0068_0068.jpg 1 18 12 68 68
1593_0007_0032_0062_0062.jpg 1 7 32 62 62
1594_0008_0032_0053_0053.jpg 1 8 32 53 53
1595_0017_0047_0047_0047.jpg 1 17 47 47 47
1596_0052_0045_0024_0024.jpg 1 52 45 24 24
1597_0028_0038_0042_0042.jpg 1 28 38 42 42
1598_0026_0021_0051_0051.jpg 1 26 21 51 51
1599_0037_0021_0044_0044.jpg 1 37 21 44 44
1600_0010_0033_0031_0031.jpg 1 10 33 31 31
1601_0029_0018_0030_0030.jpg 1 29 18 30 30
1602_0021_0029_0051_0051.jpg 1 21 29 51 51
1603_0036_0007_0026_0026.jpg 1 36 7 26 26
1604_0006_0036_0047_0047.jpg 1 6 36 47 47
1605_0027_0034_0038_0038.jpg 1 27 34 38 38
1606_0016_0041_0040_0040.jpg 1 16 41 40 40
1607_0030_0016_0064_0064.jpg 1 30 16 64 64
1608_0011_0011_0067_0067.jpg 1 11 11 67 67
1609_0015_0011_0060_0060.jpg 1 15 11 60 60
1610_0005_0009_0048_0048.jpg 1 5 9 48 48
1611_0043_0009_0050_0050.jpg 1 43 9 50 50
1612_0042_0025_0039_0039.jpg 1 42 25 39 39
1613_0022_0006_0061_0061.jpg 1 22 6 61 61
1614_0058_0052_0034_0034.jpg 1 58 52 34 34
1615_0030_0031_0048_0048.jpg 1 30 31 48 48
1616_0024_0008_0058_0058.jpg 1 24 8 58 58
1617_0027_0009_0069_0069.jpg 1 27 9 69 69
1618_0039_0022_0049_0049.jpg 1 39 22 49 49
1619_0061_0033_0030_0030.jpg 1 61 33 30 30
1620_0013_0005_0050_0050.jpg 1 13 5 50 50
1621_0031_0023_0060_0060.jpg 1 31 23 60 60
1622_0030_0013_0026_0026.jpg 1 30 13 26 26
1623_0018_0021_0044_0044.jpg 1 18 21 44 44
1624_0026_0018_0062_0062.jpg 1 26 18 62 62
1625_0028_0011_0061_0061.jpg 1 28 11 61 61
1626_0027_0029_0046_0046.jpg 1 27 29 46 46
1627_0043_0005_0048_0048.jpg 1 43 5 48 48
1628_0030_0018_0060_0060.jpg 1 30 18 60 60
1629_0014_0004_0066_0066.jpg 1 14 4 66 66
1630_0041_0032_0052_0052.jpg 1 41 32 52 52
1631_0012_0022_0049_0049.jpg 1 12 22 49 49
1632_0027_0050_0032_0032.jpg 1 27 50 32 32
1633_0045_0035_0029_0029.jpg 1 45 35 29 29
1634_0033_0031_0059_0059.jpg 1 33 31 59 59
1635_0018_0025_0060_0060.jpg 1 18 25 60 60
1636_0024_0026_0045_0045.jpg 1 24 26 45 45
1637_0039_0020_0055_0055.jpg 1 39 20 55 55
1638_0008_0028_0066_0066.jpg 1 8 28 66 66
1639_0011_0012_0036_0036.jpg 1 11 12 36 36
1640_0005_0009_0068_0068.jpg 1 5 9 68 68
1641_0006_0018_0037_0037.jpg 1 6 18 37 37
1642_0026_0023_0040_0040.jpg 1 26 23 40 40
1643_0037_0032_0034_0034.jpg 1 37 32 34 34
1644_0042_0014_0046_0046.jpg 1 42 14 46 46
1645_0022_0032_0035_0035.jpg 1 22 32 35 35
1646_0031_0053_0025_0025.jpg 1 31 53 25 25
1647_0059_0048_0031_0031.jpg 1 59 48 31 31
1648_0022_0013_0035_0035.jpg 1 22 13 35 35
1649_0018_0036_0058_0058.jpg 1 18 36 58 58
1650_0052_0048_0029_0029.jpg 1 52 48 29 29
1651_0026_0026_0044_0044.jpg 1 26 26 44 44
1652_0016_0035_0053_0053.jpg 1 16 35 53 53
1653_0004_0023_0065_0065.jpg 1 4 23 65 65
1654_0037_0018_0031_0031.jpg 1 37 18 31 31
1655_0008_0043_0045_0045.jpg 1 8 43 45 45
1656_0035_0030_0058_0058.jpg 1 35 30 58 58
1657_0027_0026_0024_0024.jpg 1 27 26 24 24
1658_0026_0024_0059_0059.jpg 1 26 24 59 59
1659_0029_0022_0032_0032.jpg 1 29 22 32 32
1660_0029_0009_0060_0060.jpg 1 29 9 60 60
1661_0062_0024_0030_0030.jpg 1 62 24 30 30
1662_0057_0028_0029_0029.jpg 1 57 28 29 29
1663_0010_0007_0053_0053.jpg 1 10 7 53 53
1664_0015_0043_0026_0026.jpg 1 15 43 26 26
1665_0029_0021_0046_0046.jpg 1 29 21 46 46
1666_0014_0017_0036_0036.jpg 1 14 17 36 36
1667_0030_0007_0056_0056.jpg 1 30 7 56 56
1668_0064_0014_0024_0024.jpg 1 64 14 24 24
1669_0011_0027_0036_0036.jpg 1 11 27 36 36
1670_0003_0017_0069_0069.jpg 1 3 17 69 69
1671_0023_0027_0060_0060.jpg 1 23 27 60 60
1672_0024_0017_0056_0056.jpg 1 24 17 56 56
1673_0020_0009_0059_0059.jpg 1 20 9 59 59
1674_0006_0018_0069_0069.jpg 1 6 18 69 69
1675_0043_0014_0025_0025.jpg 1 43 14 25 25
1676_0022_0019_0062_0062.jpg 1 22 19 62 62
1677_0030_0025_0063_0063.jpg 1 30 25 63 63
1678_0018_0038_0044_0044.jpg 1 18 38 44 44
1679_0017_0015_0063_0063.jpg 1 17 15 63 63
1680_0043_0054_0038_0038.jpg 1 43 54 38 38
1681_0030_0042_0028_0028.jpg 1 30 42 28 28
1682_0007_0043_0025_0025.jpg 1 7 43 25 25
1683_0020_0022_0044_0044.jpg 1 20 22 44 44
1684_0040_0036_0044_0044.jpg 1 40 36 44 44
1685_0016_0022_0041_0041.jpg 1 16 22 41 41
1686_0027_0005_0053_0053.jpg 1 27 5 53 53
1687_0040_0023_0052_0052.jpg 1 40 23 52 52
1688_0016_0023_0029_0029.jpg 1 16 23 29 29
1689_0025_0011_0055_0055.jpg 1 25 11 55 55
1690_0023_0012_0029_0029.jpg 1 23 12 29 29
1691_0030_0033_0031_0031.jpg 1 30 33 31 31
1692_0035_0045_0044_0044.jpg 1 35 45 44 44
1693_0042_0033_0052_0052.jpg 1 42 33 52 52
1694_0047_0041_0032_0032.jpg 1 47 41 32 32
1695_0021_0026_0063_0063.jpg 1 21 26 63 63
1696_0029_0013_0024_0024.jpg 1 29 13 24 24
1697_0008_0022_0059_0059.jpg 1 8 22 59 59
1698_0038_0028_0032_0032.jpg 1 38 28 32 32
1699_0020_0039_0040_0040.jpg 1 20 39 40 40
1700_0021_0018_0068_0068.jpg 1 21 18 68 68
1701_0026_0060_0029_0029.jpg 1 26 60 29 29
1702_0050_0027_0042_0042.jpg 1 50 27 42 42
1703_0006_0016_0067_0067.jpg 1 6 16 67 67
1704_0028_0038_0028_0028.jpg 1 28 38 28 28
1705_0033_0025_0029_0029.jpg 1 33 25 29 29
1706_0007_0027_0037_0037.jpg 1 7 27 37 37
1707_0034_0017_0037_0037.jpg 1 34 17 37 37
1708_0045_0060_0030_0030.jpg 1 45 60 30 30
1709_0030_0008_0064_0064.jpg 1 30 8 64 64
1710_0025_0012_0065_0065.jpg 1 25 12 65 65
1711_0032_0029_0036_0036.jpg 1 32 29 36 36
1712_0008_0018_0069_0069.jpg 1 8 18 69 69
1713_0026_0017_0068_0068.jpg 1 26 17 68 68
1714_0039_0026_0043_0043.jpg 1 39 26 43 43
1715_0041_0020_0050_0050.jpg 1 41 20 50 50
1716_0010_0033_0046_0046.jpg 1 10 33 46 46
1717_0033_0036_0059_0059.jpg 1 33 36 59 59
1718_0024_0048_0042_0042.jpg 1 24 48 42 42
1719_0049_0024_0027_0027.jpg 1 49 24 27 27
1720_0026_0013_0048_0048.jpg 1 26 13 48 48
1721_0043_0031_0031_0031.jpg 1 43 31 31 31
1722_0047_0024_0039_0039.jpg 1 47 24 39 39
1723_0014_0051_0031_0031.jpg 1 14 51 31 31
1724_0013_0047_0039_0039.jpg 1 13 47 39 39
1725_0016_0004_0065_0065.jpg 1 16 4 65 65
1726_0024_0022_0046_0046.jpg 1 24 22 46 46
1727_0009_0025_0036_0036.jpg 1 9 25 36 36
1728_0032_0012_0041_0041.jpg 1 32 12 41 41
1729_0025_0009_0061_0061.jpg 1 25 9 61 61
1730_0028_0065_0027_0027.jpg 1 28 65 27 27
1731_0044_0032_0047_0047.jpg 1 44 32 47 47
1732_0026_0012_0064_0064.jpg 1 26 12 64 64
1733_0025_0016_0037_0037.jpg 1 25 16 37 37
1734_0031_0033_0052_0052.jpg 1 31 33 52 52
1735_0029_0009_0030_0030.jpg 1 29 9 30 30
1736_0021_0013_0054_0054.jpg 1 21 13 54 54
1737_0009_0024_0061_0061.jpg 1 9 24 61 61
1738_0018_0017_0068_0068.jpg 1 18 17 68 68
1739_0026_0064_0025_0025.jpg 1 26 64 25 25
1740_0043_0030_0050_0050.jpg 1 43 30 50 50
1741_0016_0026_0062_0062.jpg 1 16 26 62 62
1742_0014_0015_0034_0034.jpg 1 14 15 34 34
1743_0010_0025_0044_0044.jpg 1 10 25 44 44
1744_0026_0045_0040_0040.jpg 1 26 45 40 40
1745_0031_0015_0038_0038.jpg 1 31 15 38 38
1746_0051_0033_0033_0033.jpg 1 51 33 33 33
1747_0042_0046_0030_0030.jpg 1 42 46 30 30
1748_0020_0021_0067_0067.jpg 1 20 21 67 67
1749_0034_0011_0058_0058.jpg 1 34 11 58 58
1750_0043_0046_0038_0038.jpg 1 43 46 38 38
1751_0018_0025_0053_0053.jpg 1 18 25 53 53
1752_0036_0017_0036_0036.jpg 1 36 17 36 36
1753_0030_0033_0059_0059.jpg 1 30 33 59 59
1754_0008_0029_0055_0055.jpg 1 8 29 55 55
1755_0009_0014_0063_0063.jpg 1 9 14 63 63
1756_0008_0021_0047_0047.jpg 1 8 21 47 47
1757_0052_0014_0041_0041.jpg 1 52 14 41 41
1758_0017_0040_0053_0053.jpg 1 17 40 53 53
1759_0012_0040_0051_0051.jpg 1 12 40 51 51
1760_0040_0009_0047_0047.jpg 1 40 9 47 47
1761_0061_0057_0024_0024.jpg 1 61 57 24 24
1762_0016_0014_0059_0059.jpg 1 16 14 59 59
1763_0007_0050_0039_0039.jpg 1 7 50 39 39
1764_0009_0011_0026_0026.jpg 1 9 11 26 26
1765_0017_0011_0025_0025.jpg 1 17 11 25 25
1766_0030_0005_0055_0055.jpg 1 30 5 55 55
1767_0018_0024_0063_0063.jpg 1 18 24 63 63
1768_0030_0030_0057_0057.jpg 1 30 30 57 57
1769_0039_0030_0033_0033.jpg 1 39 30 33 33
1770_0012_0038_0036_0036.jpg 1 12 38 36 36
1771_0012_0015_0065_0065.jpg 1 12 15 65 65
1772_0024_0038_0050_0050.jpg 1 24 38 50 50
1773_0017_0031_0051_0051.jpg 1 17 31 51 51
1774_0017_0015_0057_0057.jpg 1 17 15 57 57
1775_0038_0035_0026_0026.jpg 1 38 35 26 26
1776_0015_0006_0050_0050.jpg 1 15 6 50 50
1777_0047_0040_0036_0036.jpg 1 47 40 36 36
1778_0007_0037_0025_0025.jpg 1 7 37 25 25
1779_0041_0019_0039_0039.jpg 1 41 19 39 39
1780_0045_0010_0028_0028.jpg 1 45 10 28 28
1781_0022_0030_0062_0062.jpg 1 22 30 62 62
1782_0007_0012_0066_0066.jpg 1 7 12 66 66
1783_0026_0021_0062_0062.jpg 1 26 21 62 62
1784_0036_0040_0052_0052.jpg 1 36 40 52 52
1785_0053_0013_0040_0040.jpg 1 53 13 40 40
1786_0016_0040_0045_0045.jpg 1 16 40 45 45
1787_0035_0058_0028_0028.jpg 1 35 58 28 28
1788_0022_0020_0051_0051.jpg 1 22 20 51 51
1789_0035_0030_0047_0047.jpg 1 35 30 47 47
1790_0030_0018_0039_0039.jpg 1 30 18 39 39
1791_0017_0031_0063_0063.jpg 1 17 31 63 63
1792_0061_0009_0029_0029.jpg 1 61 9 29 29
1793_0033_0019_0034_0034.jpg 1 33 19 34 34
1794_0016_0022_0062_0062.jpg 1 16 22 62 62
1795_0040_0040_0040_0040.jpg 1 40 40 40 40
1796_0019_0053_0039_0039.jpg 1 19 53 39 39
1797_0028_0009_0047_0047.jpg 1 28 9 47 47
1798_0040_0012_0052_0052.jpg 1 40 12 52 52
1799_0033_0019_0059_0059.jpg 1 33 19 59 59
1800_0021_0008_0064_0064.jpg 1 21 8 64 64
1801_0019_0020_0058_0058.jpg 1 19 20 58 58
1802_0030_0017_0046_0046.jpg 1 30 17 46 46
1803_0021_0004_0052_0052.jpg 1 21 4 52 52
1804_0006_0006_0041_0041.jpg 1 6 6 41 41
1805_0008_0026_0064_0064.jpg 1 8 26 64 64
1806_0027_0007_0069_0069.jpg 1 27 7 69 69
1807_0028_0021_0068_0068.jpg 1 28 21 68 68
1808_0021_0038_0025_0025.jpg 1 21 38 25 25
1809_0018_0032_0057_0057.jpg 1 18 32 57 57
1810_0013_0005_0068_0068.jpg 1 13 5 68 68
1811_0026_0007_0035_0035.jpg 1 26 7 35 35
1812_0010_0026_0037_0037.jpg 1 10 26 37 37
1813_0021_0011_0049_0049.jpg 1 21 11 49 49
1814_0033_0010_0053_0053.jpg 1 33 10 53 53
1815_0032_0021_0052_0052.jpg 1 32 21 52 52
1816_0018_0017_0068_0068.jpg 1 18 17 68 68
1817_0031_0009_0060_0060.jpg 1 31 9 60 60
1818_0032_0037_0058_0058.jpg 1 32 37 58 58
1819_0008_0009_0029_0029.jpg 1 8 9 29 29
1820_0021_0053_0034_0034.jpg 1 21 53 34 34
1821_0027_0011_0063_0063.jpg 1 27 11 63 63
1822_0008_0014_0067_0067.jpg 1 8 14 67 67
1823_0032_0034_0057_0057.jpg 1 32 34 57 57
1824_0030_0010_0063_0063.jpg 1 30 10 63 63
1825_0028_0053_0031_0031.jpg 1 28 53 31 31
1826_0023_0009_0059_0059.jpg 1 23 9 59 59
1827_0039_0031_0056_0056.jpg 1 39 31 56 56
1828_0045_0036_0040_0040.jpg 1 45 36 40 40
1829_0020_0040_0031_0031.jpg 1 20 40 31 31
1830_0039_0027_0034_0034.jpg 1 39 27 34 34
1831_0021_0018_0046_0046.jpg 1 21 18 46 46
1832_0051_0047_0035_0035.jpg 1 51 47 35 35
1833_0033_0020_0052_0052.jpg 1 33 20 52 52
1834_0021_0008_0067_0067.jpg 1 21 8 67 67
1835_0017_0017_0065_0065.jpg 1 17 17 65 65
1836_0025_0006_0055_0055.jpg 1 25 6 55 55
1837_0020_0006_0057_0057.jpg 1 20 6 57 57
1838_0020_0041_0024_0024.jpg 1 20 41 24 24
1839_0015_0039_0045_0045.jpg 1 15 39 45 45
1840_0021_0050_0037_0037.jpg 1 21 50 37 37
1841_0030_0029_0051_0051.jpg 1 30 29 51 51
1842_0018_0012_0057_0057.jpg 1 18 12 57 57
1843_0010_0037_0032_0032.jpg 1 10 37 32 32
1844_0025_0010_0068_0068.jpg 1 25 10 68 68
1845_0009_0007_0055_0055.jpg 1 9 7 55 55
1846_0052_0021_0041_0041.jpg 1 52 21 41 41
1847_0008_0031_0047_0047.jpg 1 8 31 47 47
1848_0030_0033_0048_0048.jpg 1 30 33 48 48
1849_0035_0050_0040_0040.jpg 1 35 50 40 40
1850_0012_0020_0045_0045.jpg 1 12 20 45 45
1851_0007_0014_0067_0067.jpg 1 7 14 67 67
1852_0029_0009_0059_0059.jpg 1 29 9 59 59
1853_0051_0008_0040_0040.jpg 1 51 8 40 40
1854_0024_0039_0054_0054.jpg 1 24 39 54 54
1855_0014_0023_0045_0045.jpg 1 14 23 45 45
1856_0012_0006_0069_0069.jpg 1 12 6 69 69
1857_0022_0028_0059_0059.jpg 1 22 28 59 59
1858_0013_0041_0047_0047.jpg 1 13 41 47 47
1859_0016_0022_0027_0027.jpg 1 16 22 27 27
1860_0030_0038_0053_0053.jpg 1 30 38 53 53
1861_0011_0028_0062_0062.jpg 1 11 28 62 62
1862_0010_0034_0060_0060.jpg 1 10 34 60 60
1863_0024_0018_0052_0052.jpg 1 24 18 52 52
1864_0038_0043_0039_0039.jpg 1 38 43 39 39
1865_0028_0058_0025_0025.jpg 1 28 58 25 25
1866_0048_0041_0032_0032.jpg 1 48 41 32 32
1867_0031_0037_0057_0057.jpg 1 31 37 57 57
1868_0031_0018_0059_0059.jpg 1 31 18 59 59
1869_0051_0049_0036_0036.jpg 1 51 49 36 36
1870_0009_0043_0042_0042.jpg 1 9 43 42 42
1871_0029_0023_0046_0046.jpg 1 29 23 46 46
1872_0051_0027_0036_0036.jpg 1 51 27 36 36
1873_0042_0058_0032_0032.jpg 1 42 58 32 32
1874_0026_0017_0051_0051.jpg 1 26 17 51 51
1875_0013_0049_0045_0045.jpg 1 13 49 45 45
1876_0033_0014_0048_0048.jpg 1 33 14 48 48
1877_0025_0006_0063_0063.jpg 1 25 6 63 63
1878_0047_0035_0044_0044.jpg 1 47 35 44 44
1879_0017_0050_0037_0037.jpg 1 17 50 37 37
1880_0048_0031_0029_0029.jpg 1 48 31 29 29
1881_0020_0011_0067_0067.jpg 1 20 11 67 67
1882_0057_0061_0024_0024.jpg 1 57 61 24 24
1883_0023_0015_0044_0044.jpg 1 23 15 44 44
1884_0027_0017_0062_0062.jpg 1 27 17 62 62
1885_0056_0049_0031_0031.jpg 1 56 49 31 31
1886_0018_0027_0054_0054.jpg 1 18 27 54 54
1887_0035_0022_0051_0051.jpg 1 35 22 51 51
1888_0018_0027_0061_0061.jpg 1 18 27 61 61
1889_0050_0058_0024_0024.jpg 1 50 58 24 24
1890_0013_0027_0050_0050.jpg 1 13 27 50 50
1891_0038_0006_0056_0056.jpg 1 38 6 56 56
1892_0030_0003_0065_0065.jpg 1 30 3 65 65
1893_0026_0010_0058_0058.jpg 1 26 10 58 58
1894_0023_0016_0032_0032.jpg 1 23 16 32 32
1895_0037_0051_0024_0024.jpg 1 37 51 24 24
1896_0013_0035_0042_0042.jpg 1 13 35 42 42
1897_0011_0034_0044_0044.jpg 1 11 34 44 44
1898_0029_0014_0026_0026.jpg 1 29 14 26 26
1899_0053_0008_0025_0025.jpg 1 53 8 25 25
1900_0005_0013_0054_0054.jpg 1 5 13 54 54
