0001_0012_0005_0057_0057.jpg 1 12 5 57 57
0002_0013_0004_0067_0067.jpg 1 13 4 67 67
0003_0039_0021_0032_0032.jpg 1 39 21 32 32
0004_0062_0017_0028_0028.jpg 1 62 17 28 28
0005_0014_0026_0062_0062.jpg 1 14 26 62 62
0006_0017_0010_0062_0062.jpg 1 17 10 62 62
0007_0014_0034_0056_0056.jpg 1 14 34 56 56
0008_0031_0008_0030_0030.jpg 1 31 8 30 30
0009_0033_0050_0043_0043.jpg 1 33 50 43 43
0010_0031_0034_0031_0031.jpg 1 31 34 31 31
0011_0055_0041_0026_0026.jpg 1 55 41 26 26
0012_0010_0028_0041_0041.jpg 1 10 28 41 41
0013_0014_0009_0065_0065.jpg 1 14 9 65 65
0014_0023_0026_0058_0058.jpg 1 23 26 58 58
0015_0016_0036_0059_0059.jpg 1 16 36 59 59
0016_0056_0011_0032_0032.jpg 1 56 11 32 32
0017_0019_0010_0062_0062.jpg 1 19 10 62 62
0018_0034_0056_0037_0037.jpg 1 34 56 37 37
0019_0015_0029_0067_0067.jpg 1 15 29 67 67
0020_0021_0018_0058_0058.jpg 1 21 18 58 58
0021_0025_0028_0051_0051.jpg 1 25 28 51 51
0022_0021_0014_0027_0027.jpg 1 21 14 27 27
0023_0050_0041_0044_0044.jpg 1 50 41 44 44
0024_0009_0048_0030_0030.jpg 1 9 48 30 30
0025_0014_0021_0030_0030.jpg 1 14 21 30 30
0026_0004_0031_0064_0064.jpg 1 4 31 64 64
0027_0026_0019_0061_0061.jpg 1 26 19 61 61
0028_0010_0027_0058_0058.jpg 1 10 27 58 58
0029_0031_0010_0058_0058.jpg 1 31 10 58 58
0030_0046_0023_0040_0040.jpg 1 46 23 40 40
0031_0014_0009_0051_0051.jpg 1 14 9 51 51
0032_0012_0008_0030_0030.jpg 1 12 8 30 30
0033_0015_0004_0068_0068.jpg 1 15 4 68 68
0034_0011_0037_0047_0047.jpg 1 11 37 47 47
0035_0040_0009_0050_0050.jpg 1 40 9 50 50
0036_0029_0011_0065_0065.jpg 1 29 11 65 65
0037_0026_0022_0026_0026.jpg 1 26 22 26 26
0038_0027_0006_0053_0053.jpg 1 27 6 53 53
0039_0019_0018_0062_0062.jpg 1 19 18 62 62
0040_0042_0028_0043_0043.jpg 1 42 28 43 43
0041_0014_0040_0036_0036.jpg 1 14 40 36 36
0042_0022_0018_0048_0048.jpg 1 22 18 48 48
0043_0050_0038_0025_0025.jpg 1 50 38 25 25
0044_0042_0029_0037_0037.jpg 1 42 29 37 37
0045_0040_0033_0044_0044.jpg 1 40 33 44 44
0046_0045_0005_0046_0046.jpg 1 45 5 46 46
0047_0025_0035_0041_0041.jpg 1 25 35 41 41
0048_0029_0033_0061_0061.jpg 1 29 33 61 61
0049_0004_0020_0069_0069.jpg 1 4 20 69 69
0050_0026_0021_0055_0055.jpg 1 26 21 55 55
0051_0015_0024_0051_0051.jpg 1 15 24 51 51
0052_0048_0045_0030_0030.jpg 1 48 45 30 30
0053_0041_0016_0043_0043.jpg 1 41 16 43 43
0054_0056_0052_0031_0031.jpg 1 56 52 31 31
0055_0037_0034_0037_0037.jpg 1 37 34 37 37
0056_0021_0020_0051_0051.jpg 1 21 20 51 51
0057_0017_0043_0047_0047.jpg 1 17 43 47 47
0058_0013_0036_0043_0043.jpg 1 13 36 43 43
0059_0013_0014_0047_0047.jpg 1 13 14 47 47
0060_0011_0018_0053_0053.jpg 1 11 18 53 53
0061_0033_0032_0034_0034.jpg 1 33 32 34 34
0062_0004_0013_0062_0062.jpg 1 4 13 62 62
0063_0034_0019_0050_0050.jpg 1 34 19 50 50
0064_0019_0053_0036_0036.jpg 1 19 53 36 36
0065_0010_0032_0032_0032.jpg 1 10 32 32 32
0066_0004_0012_0053_0053.jpg 1 4 12 53 53
0067_0005_0030_0063_0063.jpg 1 5 30 63 63
0068_0032_0038_0027_0027.jpg 1 32 38 27 27
0069_0046_0043_0045_0045.jpg 1 46 43 45 45
0070_0006_0005_0057_0057.jpg 1 6 5 57 57
0071_0021_0048_0033_0033.jpg 1 21 48 33 33
0072_0040_0015_0046_0046.jpg 1 40 15 46 46
0073_0011_0008_0057_0057.jpg 1 11 8 57 57
0074_0042_0023_0031_0031.jpg 1 42 23 31 31
0075_0009_0060_0032_0032.jpg 1 9 60 32 32
0076_0029_0022_0032_0032.jpg 1 29 22 32 32
0077_0007_0048_0036_0036.jpg 1 7 48 36 36
0078_0016_0020_0068_0068.jpg 1 16 20 68 68
0079_0008_0029_0060_0060.jpg 1 8 29 60 60
0080_0039_0040_0045_0045.jpg 1 39 40 45 45
0081_0014_0014_0049_0049.jpg 1 14 14 49 49
0082_0041_0027_0045_0045.jpg 1 41 27 45 45
0083_0040_0024_0045_0045.jpg 1 40 24 45 45
0084_0033_0005_0060_0060.jpg 1 33 5 60 60
0085_0034_0009_0041_0041.jpg 1 34 9 41 41
0086_0037_0052_0024_0024.jpg 1 37 52 24 24
0087_0036_0035_0034_0034.jpg 1 36 35 34 34
0088_0052_0023_0026_0026.jpg 1 52 23 26 26
0089_0036_0019_0057_0057.jpg 1 36 19 57 57
0090_0014_0045_0027_0027.jpg 1 14 45 27 27
0091_0017_0029_0062_0062.jpg 1 17 29 62 62
0092_0018_0055_0024_0024.jpg 1 18 55 24 24
0093_0039_0010_0045_0045.jpg 1 39 10 45 45
0094_0046_0028_0044_0044.jpg 1 46 28 44 44
0095_0008_0005_0063_0063.jpg 1 8 5 63 63
0096_0007_0011_0060_0060.jpg 1 7 11 60 60
0097_0016_0051_0037_0037.jpg 1 16 51 37 37
0098_0023_0055_0038_0038.jpg 1 23 55 38 38
0099_0058_0026_0027_0027.jpg 1 58 26 27 27
0100_0007_0019_0057_0057.jpg 1 7 19 57 57
0101_0028_0016_0054_0054.jpg 1 28 16 54 54
0102_0018_0049_0037_0037.jpg 1 18 49 37 37
0103_0033_0031_0059_0059.jpg 1 33 31 59 59
0104_0009_0025_0067_0067.jpg 1 9 25 67 67
0105_0019_0039_0041_0041.jpg 1 19 39 41 41
0106_0005_0011_0067_0067.jpg 1 5 11 67 67
0107_0021_0021_0058_0058.jpg 1 21 21 58 58
0108_0022_0021_0024_0024.jpg 1 22 21 24 24
0109_0008_0021_0032_0032.jpg 1 8 21 32 32
0110_0030_0015_0043_0043.jpg 1 30 15 43 43
0111_0008_0012_0058_0058.jpg 1 8 12 58 58
0112_0007_0007_0028_0028.jpg 1 7 7 28 28
0113_0041_0029_0049_0049.jpg 1 41 29 49 49
0114_0005_0019_0059_0059.jpg 1 5 19 59 59
0115_0015_0007_0042_0042.jpg 1 15 7 42 42
0116_0033_0013_0046_0046.jpg 1 33 13 46 46
0117_0029_0028_0062_0062.jpg 1 29 28 62 62
0118_0014_0031_0064_0064.jpg 1 14 31 64 64
0119_0026_0012_0068_0068.jpg 1 26 12 68 68
0120_0032_0010_0046_0046.jpg 1 32 10 46 46
0121_0036_0013_0027_0027.jpg 1 36 13 27 27
0122_0020_0019_0054_0054.jpg 1 20 19 54 54
0123_0008_0009_0053_0053.jpg 1 8 9 53 53
0124_0034_0031_0059_0059.jpg 1 34 31 59 59
0125_0039_0041_0031_0031.jpg 1 39 41 31 31
0126_0031_0010_0041_0041.jpg 1 31 10 41 41
0127_0050_0018_0028_0028.jpg 1 50 18 28 28
0128_0056_0022_0026_0026.jpg 1 56 22 26 26
0129_0037_0012_0024_0024.jpg 1 37 12 24 24
0130_0047_0007_0044_0044.jpg 1 47 7 44 44
0131_0006_0044_0048_0048.jpg 1 6 44 48 48
0132_0019_0044_0032_0032.jpg 1 19 44 32 32
0133_0017_0024_0047_0047.jpg 1 17 24 47 47
0134_0040_0037_0036_0036.jpg 1 40 37 36 36
0135_0040_0048_0025_0025.jpg 1 40 48 25 25
0136_0057_0061_0028_0028.jpg 1 57 61 28 28
0137_0028_0012_0053_0053.jpg 1 28 12 53 53
0138_0032_0029_0048_0048.jpg 1 32 29 48 48
0139_0020_0011_0056_0056.jpg 1 20 11 56 56
0140_0040_0038_0030_0030.jpg 1 40 38 30 30
0141_0025_0007_0068_0068.jpg 1 25 7 68 68
0142_0028_0020_0033_0033.jpg 1 28 20 33 33
0143_0011_0019_0061_0061.jpg 1 11 19 61 61
0144_0016_0027_0069_0069.jpg 1 16 27 69 69
0145_0029_0029_0062_0062.jpg 1 29 29 62 62
0146_0033_0040_0042_0042.jpg 1 33 40 42 42
0147_0026_0009_0061_0061.jpg 1 26 9 61 61
0148_0043_0032_0039_0039.jpg 1 43 32 39 39
0149_0006_0043_0045_0045.jpg 1 6 43 45 45
0150_0009_0036_0050_0050.jpg 1 9 36 50 50
0151_0015_0012_0057_0057.jpg 1 15 12 57 57
0152_0052_0027_0026_0026.jpg 1 52 27 26 26
0153_0007_0011_0035_0035.jpg 1 7 11 35 35
0154_0009_0022_0045_0045.jpg 1 9 22 45 45
0155_0044_0042_0042_0042.jpg 1 44 42 42 42
0156_0018_0015_0064_0064.jpg 1 18 15 64 64
0157_0033_0037_0054_0054.jpg 1 33 37 54 54
0158_0014_0027_0066_0066.jpg 1 14 27 66 66
0159_0061_0011_0030_0030.jpg 1 61 11 30 30
0160_0027_0007_0059_0059.jpg 1 27 7 59 59
0161_0006_0011_0057_0057.jpg 1 6 11 57 57
0162_0036_0011_0037_0037.jpg 1 36 11 37 37
0163_0023_0033_0032_0032.jpg 1 23 33 32 32
0164_0019_0019_0030_0030.jpg 1 19 19 30 30
0165_0045_0017_0032_0032.jpg 1 45 17 32 32
0166_0054_0034_0038_0038.jpg 1 54 34 38 38
0167_0032_0008_0048_0048.jpg 1 32 8 48 48
0168_0022_0007_0066_0066.jpg 1 22 7 66 66
0169_0016_0053_0038_0038.jpg 1 16 53 38 38
0170_0014_0012_0046_0046.jpg 1 14 12 46 46
0171_0027_0010_0043_0043.jpg 1 27 10 43 43
0172_0007_0015_0060_0060.jpg 1 7 15 60 60
0173_0022_0011_0069_0069.jpg 1 22 11 69 69
0174_0029_0040_0047_0047.jpg 1 29 40 47 47
0175_0019_0022_0049_0049.jpg 1 19 22 49 49
0176_0026_0030_0057_0057.jpg 1 26 30 57 57
0177_0039_0014_0048_0048.jpg 1 39 14 48 48
0178_0020_0033_0051_0051.jpg 1 20 33 51 51
0179_0012_0030_0051_0051.jpg 1 12 30 51 51
0180_0020_0040_0041_0041.jpg 1 20 40 41 41
0181_0042_0023_0048_0048.jpg 1 42 23 48 48
0182_0031_0033_0046_0046.jpg 1 31 33 46 46
0183_0014_0053_0026_0026.jpg 1 14 53 26 26
0184_0016_0037_0027_0027.jpg 1 16 37 27 27
0185_0014_0005_0063_0063.jpg 1 14 5 63 63
0186_0009_0036_0032_0032.jpg 1 9 36 32 32
0187_0012_0047_0034_0034.jpg 1 12 47 34 34
0188_0043_0034_0040_0040.jpg 1 43 34 40 40
0189_0016_0052_0036_0036.jpg 1 16 52 36 36
0190_0042_0018_0025_0025.jpg 1 42 18 25 25
0191_0035_0048_0036_0036.jpg 1 35 48 36 36
0192_0032_0047_0036_0036.jpg 1 32 47 36 36
0193_0016_0049_0026_0026.jpg 1 16 49 26 26
0194_0007_0013_0035_0035.jpg 1 7 13 35 35
0195_0030_0038_0047_0047.jpg 1 30 38 47 47
0196_0057_0011_0031_0031.jpg 1 57 11 31 31
0197_0010_0010_0067_0067.jpg 1 10 10 67 67
0198_0028_0049_0029_0029.jpg 1 28 49 29 29
0199_0043_0045_0026_0026.jpg 1 43 45 26 26
0200_0023_0012_0058_0058.jpg 1 23 12 58 58
0201_0034_0013_0061_0061.jpg 1 34 13 61 61
0202_0026_0010_0044_0044.jpg 1 26 10 44 44
0203_0010_0044_0036_0036.jpg 1 10 44 36 36
0204_0042_0043_0041_0041.jpg 1 42 43 41 41
0205_0048_0019_0033_0033.jpg 1 48 19 33 33
0206_0023_0044_0031_0031.jpg 1 23 44 31 31
0207_0006_0036_0052_0052.jpg 1 6 36 52 52
0208_0045_0013_0039_0039.jpg 1 45 13 39 39
0209_0011_0049_0025_0025.jpg 1 11 49 25 25
0210_0041_0014_0053_0053.jpg 1 41 14 53 53
0211_0019_0039_0040_0040.jpg 1 19 39 40 40
0212_0034_0042_0052_0052.jpg 1 34 42 52 52
0213_0036_0021_0028_0028.jpg 1 36 21 28 28
0214_0008_0047_0047_0047.jpg 1 8 47 47 47
0215_0014_0042_0051_0051.jpg 1 14 42 51 51
0216_0012_0030_0054_0054.jpg 1 12 30 54 54
0217_0008_0015_0035_0035.jpg 1 8 15 35 35
0218_0035_0007_0055_0055.jpg 1 35 7 55 55
0219_0014_0032_0048_0048.jpg 1 14 32 48 48
0220_0064_0043_0027_0027.jpg 1 64 43 27 27
0221_0051_0023_0029_0029.jpg 1 51 23 29 29
0222_0019_0030_0035_0035.jpg 1 19 30 35 35
0223_0018_0016_0050_0050.jpg 1 18 16 50 50
0224_0003_0017_0069_0069.jpg 1 3 17 69 69
0225_0025_0052_0030_0030.jpg 1 25 52 30 30
0226_0011_0006_0058_0058.jpg 1 11 6 58 58
0227_0053_0050_0037_0037.jpg 1 53 50 37 37
0228_0048_0029_0046_0046.jpg 1 48 29 46 46
0229_0038_0019_0038_0038.jpg 1 38 19 38 38
0230_0038_0024_0055_0055.jpg 1 38 24 55 55
0231_0060_0033_0033_0033.jpg 1 60 33 33 33
0232_0010_0018_0036_0036.jpg 1 10 18 36 36
0233_0023_0010_0062_0062.jpg 1 23 10 62 62
0234_0040_0043_0049_0049.jpg 1 40 43 49 49
0235_0067_0056_0024_0024.jpg 1 67 56 24 24
0236_0003_0026_0068_0068.jpg 1 3 26 68 68
0237_0011_0037_0025_0025.jpg 1 11 37 25 25
0238_0056_0050_0029_0029.jpg 1 56 50 29 29
0239_0004_0035_0055_0055.jpg 1 4 35 55 55
0240_0018_0024_0040_0040.jpg 1 18 24 40 40
0241_0032_0010_0045_0045.jpg 1 32 10 45 45
0242_0022_0021_0025_0025.jpg 1 22 21 25 25
0243_0042_0011_0042_0042.jpg 1 42 11 42 42
0244_0008_0014_0068_0068.jpg 1 8 14 68 68
0245_0039_0024_0052_0052.jpg 1 39 24 52 52
0246_0037_0010_0055_0055.jpg 1 37 10 55 55
0247_0023_0020_0067_0067.jpg 1 23 20 67 67
0248_0007_0010_0032_0032.jpg 1 7 10 32 32
0249_0009_0025_0069_0069.jpg 1 9 25 69 69
0250_0009_0031_0063_0063.jpg 1 9 31 63 63
0251_0004_0007_0056_0056.jpg 1 4 7 56 56
0252_0026_0030_0035_0035.jpg 1 26 30 35 35
0253_0017_0014_0060_0060.jpg 1 17 14 60 60
0254_0011_0012_0048_0048.jpg 1 11 12 48 48
0255_0048_0012_0026_0026.jpg 1 48 12 26 26
0256_0027_0009_0064_0064.jpg 1 27 9 64 64
0257_0015_0017_0063_0063.jpg 1 15 17 63 63
0258_0020_0041_0052_0052.jpg 1 20 41 52 52
0259_0022_0035_0039_0039.jpg 1 22 35 39 39
0260_0053_0056_0033_0033.jpg 1 53 56 33 33
0261_0031_0036_0046_0046.jpg 1 31 36 46 46
0262_0019_0023_0056_0056.jpg 1 19 23 56 56
0263_0018_0029_0034_0034.jpg 1 18 29 34 34
0264_0025_0058_0034_0034.jpg 1 25 58 34 34
0265_0027_0028_0047_0047.jpg 1 27 28 47 47
0266_0023_0019_0044_0044.jpg 1 23 19 44 44
0267_0022_0021_0060_0060.jpg 1 22 21 60 60
0268_0022_0020_0049_0049.jpg 1 22 20 49 49
0269_0026_0026_0042_0042.jpg 1 26 26 42 42
0270_0043_0026_0050_0050.jpg 1 43 26 50 50
0271_0016_0065_0024_0024.jpg 1 16 65 24 24
0272_0023_0039_0028_0028.jpg 1 23 39 28 28
0273_0014_0042_0039_0039.jpg 1 14 42 39 39
0274_0017_0024_0060_0060.jpg 1 17 24 60 60
0275_0036_0009_0032_0032.jpg 1 36 9 32 32
0276_0029_0014_0037_0037.jpg 1 29 14 37 37
0277_0008_0030_0050_0050.jpg 1 8 30 50 50
0278_0018_0017_0065_0065.jpg 1 18 17 65 65
0279_0010_0026_0052_0052.jpg 1 10 26 52 52
0280_0026_0054_0039_0039.jpg 1 26 54 39 39
0281_0041_0036_0051_0051.jpg 1 41 36 51 51
0282_0004_0033_0059_0059.jpg 1 4 33 59 59
0283_0011_0037_0050_0050.jpg 1 11 37 50 50
0284_0051_0016_0030_0030.jpg 1 51 16 30 30
0285_0014_0030_0048_0048.jpg 1 14 30 48 48
0286_0034_0036_0028_0028.jpg 1 34 36 28 28
0287_0032_0046_0048_0048.jpg 1 32 46 48 48
0288_0037_0022_0051_0051.jpg 1 37 22 51 51
0289_0003_0004_0067_0067.jpg 1 3 4 67 67
0290_0030_0033_0037_0037.jpg 1 30 33 37 37
0291_0038_0032_0056_0056.jpg 1 38 32 56 56
0292_0024_0022_0066_0066.jpg 1 24 22 66 66
0293_0015_0020_0039_0039.jpg 1 15 20 39 39
0294_0017_0023_0066_0066.jpg 1 17 23 66 66
0295_0018_0009_0067_0067.jpg 1 18 9 67 67
0296_0029_0038_0052_0052.jpg 1 29 38 52 52
0297_0024_0050_0033_0033.jpg 1 24 50 33 33
0298_0011_0006_0057_0057.jpg 1 11 6 57 57
0299_0009_0019_0059_0059.jpg 1 9 19 59 59
0300_0060_0007_0028_0028.jpg 1 60 7 28 28
0301_0039_0047_0025_0025.jpg 1 39 47 25 25
0302_0046_0007_0043_0043.jpg 1 46 7 43 43
0303_0016_0019_0046_0046.jpg 1 16 19 46 46
0304_0039_0012_0056_0056.jpg 1 39 12 56 56
0305_0031_0008_0026_0026.jpg 1 31 8 26 26
0306_0023_0034_0047_0047.jpg 1 23 34 47 47
0307_0015_0007_0035_0035.jpg 1 15 7 35 35
0308_0049_0006_0037_0037.jpg 1 49 6 37 37
0309_0019_0009_0049_0049.jpg 1 19 9 49 49
0310_0015_0011_0069_0069.jpg 1 15 11 69 69
0311_0044_0031_0040_0040.jpg 1 44 31 40 40
0312_0031_0004_0060_0060.jpg 1 31 4 60 60
0313_0027_0044_0041_0041.jpg 1 27 44 41 41
0314_0056_0017_0027_0027.jpg 1 56 17 27 27
0315_0033_0006_0056_0056.jpg 1 33 6 56 56
0316_0026_0015_0069_0069.jpg 1 26 15 69 69
0317_0020_0054_0024_0024.jpg 1 20 54 24 24
0318_0022_0027_0056_0056.jpg 1 22 27 56 56
0319_0017_0025_0063_0063.jpg 1 17 25 63 63
0320_0042_0055_0037_0037.jpg 1 42 55 37 37
0321_0016_0028_0029_0029.jpg 1 16 28 29 29
0322_0037_0032_0054_0054.jpg 1 37 32 54 54
0323_0034_0046_0036_0036.jpg 1 34 46 36 36
0324_0016_0008_0067_0067.jpg 1 16 8 67 67
0325_0010_0030_0063_0063.jpg 1 10 30 63 63
0326_0025_0026_0047_0047.jpg 1 25 26 47 47
0327_0039_0019_0044_0044.jpg 1 39 19 44 44
0328_0047_0061_0031_0031.jpg 1 47 61 31 31
0329_0049_0029_0039_0039.jpg 1 49 29 39 39
0330_0050_0052_0036_0036.jpg 1 50 52 36 36
0331_0030_0043_0024_0024.jpg 1 30 43 24 24
0332_0038_0023_0050_0050.jpg 1 38 23 50 50
0333_0031_0046_0024_0024.jpg 1 31 46 24 24
0334_0046_0055_0034_0034.jpg 1 46 55 34 34
0335_0019_0010_0053_0053.jpg 1 19 10 53 53
0336_0050_0018_0033_0033.jpg 1 50 18 33 33
0337_0064_0043_0028_0028.jpg 1 64 43 28 28
0338_0031_0009_0055_0055.jpg 1 31 9 55 55
0339_0006_0016_0063_0063.jpg 1 6 16 63 63
0340_0043_0034_0035_0035.jpg 1 43 34 35 35
0341_0030_0005_0053_0053.jpg 1 30 5 53 53
0342_0050_0050_0031_0031.jpg 1 50 50 31 31
0343_0009_0010_0054_0054.jpg 1 9 10 54 54
0344_0026_0024_0064_0064.jpg 1 26 24 64 64
0345_0006_0006_0062_0062.jpg 1 6 6 62 62
0346_0057_0045_0033_0033.jpg 1 57 45 33 33
0347_0047_0052_0030_0030.jpg 1 47 52 30 30
0348_0035_0040_0044_0044.jpg 1 35 40 44 44
0349_0032_0032_0048_0048.jpg 1 32 32 48 48
0350_0017_0053_0039_0039.jpg 1 17 53 39 39
0351_0040_0037_0051_0051.jpg 1 40 37 51 51
0352_0024_0022_0064_0064.jpg 1 24 22 64 64
0353_0007_0029_0046_0046.jpg 1 7 29 46 46
0354_0023_0015_0061_0061.jpg 1 23 15 61 61
0355_0019_0022_0066_0066.jpg 1 19 22 66 66
0356_0027_0010_0068_0068.jpg 1 27 10 68 68
0357_0047_0053_0033_0033.jpg 1 47 53 33 33
0358_0051_0021_0037_0037.jpg 1 51 21 37 37
0359_0027_0025_0066_0066.jpg 1 27 25 66 66
0360_0019_0052_0032_0032.jpg 1 19 52 32 32
0361_0030_0027_0055_0055.jpg 1 30 27 55 55
0362_0033_0022_0041_0041.jpg 1 33 22 41 41
0363_0010_0007_0033_0033.jpg 1 10 7 33 33
0364_0029_0033_0061_0061.jpg 1 29 33 61 61
0365_0021_0027_0056_0056.jpg 1 21 27 56 56
0366_0040_0029_0048_0048.jpg 1 40 29 48 48
0367_0028_0019_0066_0066.jpg 1 28 19 66 66
0368_0041_0019_0032_0032.jpg 1 41 19 32 32
0369_0055_0036_0029_0029.jpg 1 55 36 29 29
0370_0020_0020_0042_0042.jpg 1 20 20 42 42
0371_0033_0034_0054_0054.jpg 1 33 34 54 54
0372_0025_0050_0042_0042.jpg 1 25 50 42 42
0373_0017_0040_0046_0046.jpg 1 17 40 46 46
0374_0018_0008_0050_0050.jpg 1 18 8 50 50
0375_0006_0034_0055_0055.jpg 1 6 34 55 55
0376_0014_0019_0036_0036.jpg 1 14 19 36 36
0377_0017_0014_0054_0054.jpg 1 17 14 54 54
0378_0017_0010_0063_0063.jpg 1 17 10 63 63
0379_0026_0005_0055_0055.jpg 1 26 5 55 55
0380_0010_0039_0034_0034.jpg 1 10 39 34 34
0381_0049_0007_0044_0044.jpg 1 49 7 44 44
0382_0034_0049_0039_0039.jpg 1 34 49 39 39
0383_0010_0038_0048_0048.jpg 1 10 38 48 48
0384_0010_0051_0038_0038.jpg 1 10 51 38 38
0385_0035_0011_0060_0060.jpg 1 35 11 60 60
0386_0017_0030_0036_0036.jpg 1 17 30 36 36
0387_0047_0049_0031_0031.jpg 1 47 49 31 31
0388_0034_0007_0060_0060.jpg 1 34 7 60 60
0389_0022_0017_0066_0066.jpg 1 22 17 66 66
0390_0024_0004_0066_0066.jpg 1 24 4 66 66
0391_0023_0016_0062_0062.jpg 1 23 16 62 62
0392_0017_0008_0062_0062.jpg 1 17 8 62 62
0393_0029_0019_0060_0060.jpg 1 29 19 60 60
0394_0034_0027_0034_0034.jpg 1 34 27 34 34
0395_0015_0029_0050_0050.jpg 1 15 29 50 50
0396_0019_0027_0035_0035.jpg 1 19 27 35 35
0397_0013_0033_0024_0024.jpg 1 13 33 24 24
0398_0033_0046_0042_0042.jpg 1 33 46 42 42
0399_0034_0030_0045_0045.jpg 1 34 30 45 45
0400_0011_0029_0025_0025.jpg 1 11 29 25 25
0401_0018_0061_0029_0029.jpg 1 18 61 29 29
0402_0024_0005_0053_0053.jpg 1 24 5 53 53
0403_0039_0050_0038_0038.jpg 1 39 50 38 38
0404_0012_0009_0045_0045.jpg 1 12 9 45 45
0405_0012_0026_0049_0049.jpg 1 12 26 49 49
0406_0017_0041_0046_0046.jpg 1 17 41 46 46
0407_0025_0009_0061_0061.jpg 1 25 9 61 61
0408_0008_0041_0052_0052.jpg 1 8 41 52 52
0409_0023_0066_0026_0026.jpg 1 23 66 26 26
0410_0032_0029_0059_0059.jpg 1 32 29 59 59
0411_0035_0008_0031_0031.jpg 1 35 8 31 31
0412_0008_0039_0033_0033.jpg 1 8 39 33 33
0413_0009_0025_0039_0039.jpg 1 9 25 39 39
0414_0043_0020_0040_0040.jpg 1 43 20 40 40
0415_0018_0029_0060_0060.jpg 1 18 29 60 60
0416_0012_0037_0042_0042.jpg 1 12 37 42 42
0417_0027_0030_0064_0064.jpg 1 27 30 64 64
0418_0013_0034_0060_0060.jpg 1 13 34 60 60
0419_0028_0029_0043_0043.jpg 1 28 29 43 43
0420_0033_0011_0057_0057.jpg 1 33 11 57 57
0421_0019_0029_0059_0059.jpg 1 19 29 59 59
0422_0018_0037_0042_0042.jpg 1 18 37 42 42
0423_0014_0008_0041_0041.jpg 1 14 8 41 41
0424_0016_0027_0068_0068.jpg 1 16 27 68 68
0425_0027_0023_0041_0041.jpg 1 27 23 41 41
0426_0017_0010_0047_0047.jpg 1 17 10 47 47
0427_0015_0017_0066_0066.jpg 1 15 17 66 66
0428_0017_0005_0069_0069.jpg 1 17 5 69 69
0429_0008_0013_0036_0036.jpg 1 8 13 36 36
0430_0025_0032_0041_0041.jpg 1 25 32 41 41
0431_0059_0039_0028_0028.jpg 1 59 39 28 28
0432_0012_0010_0026_0026.jpg 1 12 10 26 26
0433_0047_0052_0029_0029.jpg 1 47 52 29 29
0434_0017_0014_0057_0057.jpg 1 17 14 57 57
0435_0024_0033_0057_0057.jpg 1 24 33 57 57
0436_0041_0063_0027_0027.jpg 1 41 63 27 27
0437_0015_0033_0062_0062.jpg 1 15 33 62 62
0438_0026_0006_0068_0068.jpg 1 26 6 68 68
0439_0007_0021_0045_0045.jpg 1 7 21 45 45
0440_0016_0021_0039_0039.jpg 1 16 21 39 39
0441_0013_0043_0024_0024.jpg 1 13 43 24 24
0442_0019_0015_0034_0034.jpg 1 19 15 34 34
0443_0010_0023_0024_0024.jpg 1 10 23 24 24
0444_0021_0020_0039_0039.jpg 1 21 20 39 39
0445_0055_0061_0024_0024.jpg 1 55 61 24 24
0446_0055_0038_0027_0027.jpg 1 55 38 27 27
0447_0051_0030_0035_0035.jpg 1 51 30 35 35
0448_0050_0039_0036_0036.jpg 1 50 39 36 36
0449_0029_0019_0064_0064.jpg 1 29 19 64 64
0450_0027_0022_0049_0049.jpg 1 27 22 49 49
0451_0034_0012_0042_0042.jpg 1 34 12 42 42
0452_0047_0024_0039_0039.jpg 1 47 24 39 39
0453_0022_0013_0066_0066.jpg 1 22 13 66 66
0454_0014_0063_0025_0025.jpg 1 14 63 25 25
0455_0063_0010_0028_0028.jpg 1 63 10 28 28
0456_0018_0065_0024_0024.jpg 1 18 65 24 24
0457_0029_0015_0050_0050.jpg 1 29 15 50 50
0458_0020_0048_0039_0039.jpg 1 20 48 39 39
0459_0004_0015_0066_0066.jpg 1 4 15 66 66
0460_0035_0016_0031_0031.jpg 1 35 16 31 31
0461_0029_0051_0038_0038.jpg 1 29 51 38 38
0462_0005_0031_0051_0051.jpg 1 5 31 51 51
0463_0027_0009_0036_0036.jpg 1 27 9 36 36
0464_0008_0007_0039_0039.jpg 1 8 7 39 39
0465_0057_0026_0032_0032.jpg 1 57 26 32 32
0466_0026_0006_0053_0053.jpg 1 26 6 53 53
0467_0049_0020_0034_0034.jpg 1 49 20 34 34
0468_0018_0013_0027_0027.jpg 1 18 13 27 27
0469_0024_0010_0044_0044.jpg 1 24 10 44 44
0470_0039_0009_0055_0055.jpg 1 39 9 55 55
0471_0016_0035_0060_0060.jpg 1 16 35 60 60
0472_0034_0050_0026_0026.jpg 1 34 50 26 26
0473_0008_0027_0024_0024.jpg 1 8 27 24 24
0474_0011_0011_0052_0052.jpg 1 11 11 52 52
0475_0051_0050_0042_0042.jpg 1 51 50 42 42
0476_0015_0031_0044_0044.jpg 1 15 31 44 44
0477_0023_0043_0041_0041.jpg 1 23 43 41 41
0478_0022_0023_0069_0069.jpg 1 22 23 69 69
0479_0035_0019_0052_0052.jpg 1 35 19 52 52
0480_0055_0036_0038_0038.jpg 1 55 36 38 38
0481_0035_0008_0024_0024.jpg 1 35 8 24 24
0482_0011_0021_0025_0025.jpg 1 11 21 25 25
0483_0014_0040_0038_0038.jpg 1 14 40 38 38
0484_0017_0054_0028_0028.jpg 1 17 54 28 28
0485_0008_0020_0064_0064.jpg 1 8 20 64 64
0486_0013_0004_0069_0069.jpg 1 13 4 69 69
0487_0018_0012_0065_0065.jpg 1 18 12 65 65
0488_0047_0012_0037_0037.jpg 1 47 12 37 37
0489_0047_0029_0046_0046.jpg 1 47 29 46 46
0490_0044_0008_0044_0044.jpg 1 44 8 44 44
0491_0051_0026_0035_0035.jpg 1 51 26 35 35
0492_0023_0021_0061_0061.jpg 1 23 21 61 61
0493_0018_0041_0027_0027.jpg 1 18 41 27 27
0494_0035_0034_0040_0040.jpg 1 35 34 40 40
0495_0014_0010_0067_0067.jpg 1 14 10 67 67
0496_0026_0021_0066_0066.jpg 1 26 21 66 66
0497_0058_0020_0034_0034.jpg 1 58 20 34 34
0498_0032_0050_0040_0040.jpg 1 32 50 40 40
0499_0032_0034_0053_0053.jpg 1 32 34 53 53
0500_0037_0044_0047_0047.jpg 1 37 44 47 47
0501_0037_0005_0056_0056.jpg 1 37 5 56 56
0502_0050_0054_0036_0036.jpg 1 50 54 36 36
0503_0009_0023_0061_0061.jpg 1 9 23 61 61
0504_0049_0015_0042_0042.jpg 1 49 15 42 42
0505_0008_0011_0030_0030.jpg 1 8 11 30 30
0506_0008_0028_0056_0056.jpg 1 8 28 56 56
0507_0017_0010_0036_0036.jpg 1 17 10 36 36
0508_0030_0007_0061_0061.jpg 1 30 7 61 61
0509_0011_0006_0065_0065.jpg 1 11 6 65 65
0510_0027_0010_0062_0062.jpg 1 27 10 62 62
0511_0055_0064_0026_0026.jpg 1 55 64 26 26
0512_0011_0005_0068_0068.jpg 1 11 5 68 68
0513_0023_0030_0065_0065.jpg 1 23 30 65 65
0514_0032_0042_0049_0049.jpg 1 32 42 49 49
0515_0032_0010_0059_0059.jpg 1 32 10 59 59
0516_0011_0012_0041_0041.jpg 1 11 12 41 41
0517_0021_0023_0068_0068.jpg 1 21 23 68 68
0518_0025_0019_0066_0066.jpg 1 25 19 66 66
0519_0027_0019_0041_0041.jpg 1 27 19 41 41
0520_0014_0025_0062_0062.jpg 1 14 25 62 62
0521_0006_0020_0042_0042.jpg 1 6 20 42 42
0522_0025_0047_0024_0024.jpg 1 25 47 24 24
0523_0020_0004_0059_0059.jpg 1 20 4 59 59
0524_0012_0038_0052_0052.jpg 1 12 38 52 52
0525_0020_0031_0061_0061.jpg 1 20 31 61 61
0526_0051_0021_0036_0036.jpg 1 51 21 36 36
0527_0004_0006_0068_0068.jpg 1 4 6 68 68
0528_0008_0003_0068_0068.jpg 1 8 3 68 68
0529_0025_0052_0040_0040.jpg 1 25 52 40 40
0530_0014_0009_0028_0028.jpg 1 14 9 28 28
0531_0018_0021_0062_0062.jpg 1 18 21 62 62
0532_0034_0019_0044_0044.jpg 1 34 19 44 44
0533_0038_0010_0038_0038.jpg 1 38 10 38 38
0534_0021_0052_0039_0039.jpg 1 21 52 39 39
0535_0012_0044_0037_0037.jpg 1 12 44 37 37
0536_0018_0021_0049_0049.jpg 1 18 21 49 49
0537_0051_0027_0032_0032.jpg 1 51 27 32 32
0538_0030_0031_0051_0051.jpg 1 30 31 51 51
0539_0024_0043_0027_0027.jpg 1 24 43 27 27
0540_0006_0037_0055_0055.jpg 1 6 37 55 55
0541_0042_0012_0038_0038.jpg 1 42 12 38 38
0542_0018_0032_0061_0061.jpg 1 18 32 61 61
0543_0011_0023_0069_0069.jpg 1 11 23 69 69
0544_0027_0047_0042_0042.jpg 1 27 47 42 42
0545_0005_0015_0066_0066.jpg 1 5 15 66 66
0546_0009_0014_0040_0040.jpg 1 9 14 40 40
0547_0007_0027_0066_0066.jpg 1 7 27 66 66
0548_0010_0016_0063_0063.jpg 1 10 16 63 63
0549_0046_0040_0040_0040.jpg 1 46 40 40 40
0550_0027_0044_0035_0035.jpg 1 27 44 35 35
0551_0033_0037_0050_0050.jpg 1 33 37 50 50
0552_0042_0031_0052_0052.jpg 1 42 31 52 52
0553_0035_0018_0054_0054.jpg 1 35 18 54 54
0554_0016_0019_0045_0045.jpg 1 16 19 45 45
0555_0018_0006_0061_0061.jpg 1 18 6 61 61
0556_0028_0045_0043_0043.jpg 1 28 45 43 43
0557_0008_0033_0042_0042.jpg 1 8 33 42 42
0558_0019_0054_0031_0031.jpg 1 19 54 31 31
0559_0038_0039_0042_0042.jpg 1 38 39 42 42
0560_0010_0039_0026_0026.jpg 1 10 39 26 26
0561_0019_0044_0051_0051.jpg 1 19 44 51 51
0562_0014_0012_0068_0068.jpg 1 14 12 68 68
0563_0022_0010_0026_0026.jpg 1 22 10 26 26
0564_0019_0034_0049_0049.jpg 1 19 34 49 49
0565_0024_0019_0044_0044.jpg 1 24 19 44 44
0566_0010_0029_0061_0061.jpg 1 10 29 61 61
0567_0032_0033_0025_0025.jpg 1 32 33 25 25
0568_0013_0023_0041_0041.jpg 1 13 23 41 41
0569_0049_0018_0029_0029.jpg 1 49 18 29 29
0570_0042_0040_0051_0051.jpg 1 42 40 51 51
0571_0014_0031_0055_0055.jpg 1 14 31 55 55
0572_0027_0057_0031_0031.jpg 1 27 57 31 31
0573_0026_0016_0060_0060.jpg 1 26 16 60 60
0574_0010_0011_0051_0051.jpg 1 10 11 51 51
0575_0009_0017_0065_0065.jpg 1 9 17 65 65
0576_0050_0047_0034_0034.jpg 1 50 47 34 34
0577_0011_0009_0047_0047.jpg 1 11 9 47 47
0578_0049_0039_0040_0040.jpg 1 49 39 40 40
0579_0007_0012_0052_0052.jpg 1 7 12 52 52
0580_0045_0022_0029_0029.jpg 1 45 22 29 29
0581_0035_0006_0035_0035.jpg 1 35 6 35 35
0582_0031_0022_0032_0032.jpg 1 31 22 32 32
0583_0007_0008_0057_0057.jpg 1 7 8 57 57
0584_0005_0020_0066_0066.jpg 1 5 20 66 66
0585_0011_0026_0056_0056.jpg 1 11 26 56 56
0586_0028_0044_0032_0032.jpg 1 28 44 32 32
0587_0016_0007_0057_0057.jpg 1 16 7 57 57
0588_0028_0026_0056_0056.jpg 1 28 26 56 56
0589_0049_0020_0025_0025.jpg 1 49 20 25 25
0590_0034_0008_0053_0053.jpg 1 34 8 53 53
0591_0006_0045_0041_0041.jpg 1 6 45 41 41
0592_0049_0035_0033_0033.jpg 1 49 35 33 33
0593_0021_0006_0066_0066.jpg 1 21 6 66 66
0594_0031_0025_0055_0055.jpg 1 31 25 55 55
0595_0023_0020_0026_0026.jpg 1 23 20 26 26
0596_0046_0021_0045_0045.jpg 1 46 21 45 45
0597_0015_0023_0059_0059.jpg 1 15 23 59 59
0598_0022_0015_0058_0058.jpg 1 22 15 58 58
0599_0025_0037_0041_0041.jpg 1 25 37 41 41
0600_0048_0046_0042_0042.jpg 1 48 46 42 42
0601_0011_0029_0066_0066.jpg 1 11 29 66 66
0602_0021_0027_0069_0069.jpg 1 21 27 69 69
0603_0051_0022_0025_0025.jpg 1 51 22 25 25
0604_0026_0009_0034_0034.jpg 1 26 9 34 34
0605_0026_0010_0061_0061.jpg 1 26 10 61 61
0606_0033_0014_0050_0050.jpg 1 33 14 50 50
0607_0009_0004_0063_0063.jpg 1 9 4 63 63
0608_0041_0036_0045_0045.jpg 1 41 36 45 45
0609_0021_0010_0040_0040.jpg 1 21 10 40 40
0610_0030_0007_0034_0034.jpg 1 30 7 34 34
0611_0006_0027_0050_0050.jpg 1 6 27 50 50
0612_0054_0025_0036_0036.jpg 1 54 25 36 36
0613_0008_0034_0057_0057.jpg 1 8 34 57 57
0614_0028_0014_0061_0061.jpg 1 28 14 61 61
0615_0043_0039_0047_0047.jpg 1 43 39 47 47
0616_0044_0008_0038_0038.jpg 1 44 8 38 38
0617_0041_0054_0034_0034.jpg 1 41 54 34 34
0618_0040_0028_0028_0028.jpg 1 40 28 28 28
0619_0020_0011_0065_0065.jpg 1 20 11 65 65
0620_0022_0016_0044_0044.jpg 1 22 16 44 44
0621_0007_0032_0040_0040.jpg 1 7 32 40 40
0622_0014_0004_0058_0058.jpg 1 14 4 58 58
0623_0011_0013_0067_0067.jpg 1 11 13 67 67
0624_0028_0024_0064_0064.jpg 1 28 24 64 64
0625_0028_0008_0051_0051.jpg 1 28 8 51 51
0626_0013_0008_0057_0057.jpg 1 13 8 57 57
0627_0042_0029_0044_0044.jpg 1 42 29 44 44
0628_0014_0014_0039_0039.jpg 1 14 14 39 39
0629_0059_0034_0025_0025.jpg 1 59 34 25 25
0630_0004_0021_0068_0068.jpg 1 4 21 68 68
0631_0004_0005_0061_0061.jpg 1 4 5 61 61
0632_0013_0054_0032_0032.jpg 1 13 54 32 32
0633_0010_0017_0038_0038.jpg 1 10 17 38 38
0634_0033_0014_0037_0037.jpg 1 33 14 37 37
0635_0049_0048_0034_0034.jpg 1 49 48 34 34
0636_0030_0033_0053_0053.jpg 1 30 33 53 53
0637_0015_0025_0065_0065.jpg 1 15 25 65 65
0638_0052_0038_0041_0041.jpg 1 52 38 41 41
0639_0028_0033_0044_0044.jpg 1 28 33 44 44
0640_0017_0012_0064_0064.jpg 1 17 12 64 64
0641_0037_0010_0053_0053.jpg 1 37 10 53 53
0642_0014_0006_0041_0041.jpg 1 14 6 41 41
0643_0047_0008_0046_0046.jpg 1 47 8 46 46
0644_0014_0028_0056_0056.jpg 1 14 28 56 56
0645_0029_0016_0046_0046.jpg 1 29 16 46 46
0646_0028_0030_0041_0041.jpg 1 28 30 41 41
0647_0015_0006_0051_0051.jpg 1 15 6 51 51
0648_0040_0009_0040_0040.jpg 1 40 9 40 40
0649_0012_0022_0056_0056.jpg 1 12 22 56 56
0650_0031_0020_0028_0028.jpg 1 31 20 28 28
0651_0022_0009_0061_0061.jpg 1 22 9 61 61
0652_0012_0032_0031_0031.jpg 1 12 32 31 31
0653_0046_0020_0026_0026.jpg 1 46 20 26 26
0654_0022_0018_0059_0059.jpg 1 22 18 59 59
0655_0037_0013_0048_0048.jpg 1 37 13 48 48
0656_0020_0023_0046_0046.jpg 1 20 23 46 46
0657_0024_0056_0034_0034.jpg 1 24 56 34 34
0658_0025_0026_0069_0069.jpg 1 25 26 69 69
0659_0018_0011_0046_0046.jpg 1 18 11 46 46
0660_0020_0012_0068_0068.jpg 1 20 12 68 68
0661_0030_0036_0027_0027.jpg 1 30 36 27 27
0662_0012_0012_0042_0042.jpg 1 12 12 42 42
0663_0021_0040_0046_0046.jpg 1 21 40 46 46
0664_0013_0042_0044_0044.jpg 1 13 42 44 44
0665_0010_0006_0044_0044.jpg 1 10 6 44 44
0666_0041_0006_0053_0053.jpg 1 41 6 53 53
0667_0029_0027_0055_0055.jpg 1 29 27 55 55
0668_0026_0045_0034_0034.jpg 1 26 45 34 34
0669_0015_0025_0054_0054.jpg 1 15 25 54 54
0670_0040_0010_0048_0048.jpg 1 40 10 48 48
0671_0030_0034_0040_0040.jpg 1 30 34 40 40
0672_0013_0034_0048_0048.jpg 1 13 34 48 48
0673_0023_0050_0028_0028.jpg 1 23 50 28 28
0674_0014_0013_0034_0034.jpg 1 14 13 34 34
0675_0043_0027_0026_0026.jpg 1 43 27 26 26
0676_0021_0023_0063_0063.jpg 1 21 23 63 63
0677_0042_0042_0038_0038.jpg 1 42 42 38 38
0678_0016_0038_0038_0038.jpg 1 16 38 38 38
0679_0035_0045_0043_0043.jpg 1 35 45 43 43
0680_0035_0028_0030_0030.jpg 1 35 28 30 30
0681_0035_0061_0030_0030.jpg 1 35 61 30 30
0682_0016_0041_0027_0027.jpg 1 16 41 27 27
0683_0036_0018_0049_0049.jpg 1 36 18 49 49
0684_0019_0026_0065_0065.jpg 1 19 26 65 65
0685_0019_0011_0064_0064.jpg 1 19 11 64 64
0686_0008_0019_0050_0050.jpg 1 8 19 50 50
0687_0025_0016_0031_0031.jpg 1 25 16 31 31
0688_0025_0028_0060_0060.jpg 1 25 28 60 60
0689_0019_0024_0059_0059.jpg 1 19 24 59 59
0690_0015_0051_0040_0040.jpg 1 15 51 40 40
0691_0021_0004_0061_0061.jpg 1 21 4 61 61
0692_0035_0015_0059_0059.jpg 1 35 15 59 59
0693_0019_0022_0057_0057.jpg 1 19 22 57 57
0694_0012_0042_0025_0025.jpg 1 12 42 25 25
0695_0010_0031_0046_0046.jpg 1 10 31 46 46
0696_0007_0024_0056_0056.jpg 1 7 24 56 56
0697_0021_0049_0044_0044.jpg 1 21 49 44 44
0698_0012_0018_0064_0064.jpg 1 12 18 64 64
0699_0049_0009_0037_0037.jpg 1 49 9 37 37
0700_0023_0028_0025_0025.jpg 1 23 28 25 25
0701_0037_0045_0033_0033.jpg 1 37 45 33 33
0702_0045_0031_0042_0042.jpg 1 45 31 42 42
0703_0014_0033_0055_0055.jpg 1 14 33 55 55
0704_0025_0029_0056_0056.jpg 1 25 29 56 56
0705_0012_0025_0045_0045.jpg 1 12 25 45 45
0706_0041_0048_0042_0042.jpg 1 41 48 42 42
0707_0055_0034_0034_0034.jpg 1 55 34 34 34
0708_0044_0028_0050_0050.jpg 1 44 28 50 50
0709_0030_0004_0066_0066.jpg 1 30 4 66 66
0710_0009_0028_0047_0047.jpg 1 9 28 47 47
0711_0013_0044_0048_0048.jpg 1 13 44 48 48
0712_0026_0025_0066_0066.jpg 1 26 25 66 66
0713_0016_0012_0059_0059.jpg 1 16 12 59 59
0714_0027_0028_0065_0065.jpg 1 27 28 65 65
0715_0038_0008_0040_0040.jpg 1 38 8 40 40
0716_0011_0006_0064_0064.jpg 1 11 6 64 64
0717_0013_0033_0049_0049.jpg 1 13 33 49 49
0718_0033_0021_0046_0046.jpg 1 33 21 46 46
0719_0040_0031_0036_0036.jpg 1 40 31 36 36
0720_0035_0019_0059_0059.jpg 1 35 19 59 59
0721_0005_0030_0058_0058.jpg 1 5 30 58 58
0722_0028_0049_0042_0042.jpg 1 28 49 42 42
0723_0031_0017_0036_0036.jpg 1 31 17 36 36
0724_0025_0012_0045_0045.jpg 1 25 12 45 45
0725_0052_0012_0029_0029.jpg 1 52 12 29 29
0726_0039_0033_0038_0038.jpg 1 39 33 38 38
0727_0025_0008_0064_0064.jpg 1 25 8 64 64
0728_0014_0034_0036_0036.jpg 1 14 34 36 36
0729_0055_0038_0038_0038.jpg 1 55 38 38 38
0730_0027_0028_0061_0061.jpg 1 27 28 61 61
0731_0027_0025_0025_0025.jpg 1 27 25 25 25
0732_0015_0014_0062_0062.jpg 1 15 14 62 62
0733_0017_0025_0048_0048.jpg 1 17 25 48 48
0734_0030_0018_0061_0061.jpg 1 30 18 61 61
0735_0045_0037_0049_0049.jpg 1 45 37 49 49
0736_0034_0035_0053_0053.jpg 1 34 35 53 53
0737_0055_0016_0036_0036.jpg 1 55 16 36 36
0738_0003_0007_0065_0065.jpg 1 3 7 65 65
0739_0038_0037_0050_0050.jpg 1 38 37 50 50
0740_0025_0021_0063_0063.jpg 1 25 21 63 63
0741_0044_0053_0029_0029.jpg 1 44 53 29 29
0742_0031_0006_0046_0046.jpg 1 31 6 46 46
0743_0021_0013_0027_0027.jpg 1 21 13 27 27
0744_0009_0056_0028_0028.jpg 1 9 56 28 28
0745_0028_0025_0067_0067.jpg 1 28 25 67 67
0746_0017_0016_0056_0056.jpg 1 17 16 56 56
0747_0027_0022_0027_0027.jpg 1 27 22 27 27
0748_0033_0040_0046_0046.jpg 1 33 40 46 46
0749_0026_0011_0048_0048.jpg 1 26 11 48 48
0750_0042_0018_0052_0052.jpg 1 42 18 52 52
0751_0008_0024_0060_0060.jpg 1 8 24 60 60
0752_0021_0027_0052_0052.jpg 1 21 27 52 52
0753_0016_0024_0041_0041.jpg 1 16 24 41 41
0754_0044_0032_0043_0043.jpg 1 44 32 43 43
0755_0036_0007_0050_0050.jpg 1 36 7 50 50
0756_0021_0023_0042_0042.jpg 1 21 23 42 42
0757_0010_0022_0055_0055.jpg 1 10 22 55 55
0758_0025_0016_0067_0067.jpg 1 25 16 67 67
0759_0035_0014_0058_0058.jpg 1 35 14 58 58
0760_0009_0056_0026_0026.jpg 1 9 56 26 26
0761_0012_0027_0031_0031.jpg 1 12 27 31 31
0762_0013_0032_0047_0047.jpg 1 13 32 47 47
0763_0047_0031_0030_0030.jpg 1 47 31 30 30
0764_0020_0021_0043_0043.jpg 1 20 21 43 43
0765_0036_0014_0039_0039.jpg 1 36 14 39 39
0766_0026_0048_0034_0034.jpg 1 26 48 34 34
0767_0009_0003_0065_0065.jpg 1 9 3 65 65
0768_0026_0040_0047_0047.jpg 1 26 40 47 47
0769_0019_0046_0046_0046.jpg 1 19 46 46 46
0770_0018_0053_0040_0040.jpg 1 18 53 40 40
0771_0052_0028_0033_0033.jpg 1 52 28 33 33
0772_0063_0028_0024_0024.jpg 1 63 28 24 24
0773_0022_0020_0031_0031.jpg 1 22 20 31 31
0774_0056_0009_0025_0025.jpg 1 56 9 25 25
0775_0037_0016_0057_0057.jpg 1 37 16 57 57
0776_0031_0004_0060_0060.jpg 1 31 4 60 60
0777_0008_0033_0053_0053.jpg 1 8 33 53 53
0778_0021_0039_0038_0038.jpg 1 21 39 38 38
0779_0017_0026_0063_0063.jpg 1 17 26 63 63
0780_0012_0012_0069_0069.jpg 1 12 12 69 69
0781_0008_0030_0056_0056.jpg 1 8 30 56 56
0782_0042_0016_0051_0051.jpg 1 42 16 51 51
0783_0020_0042_0044_0044.jpg 1 20 42 44 44
0784_0009_0047_0036_0036.jpg 1 9 47 36 36
0785_0013_0040_0030_0030.jpg 1 13 40 30 30
0786_0010_0027_0030_0030.jpg 1 10 27 30 30
0787_0039_0041_0026_0026.jpg 1 39 41 26 26
0788_0011_0015_0065_0065.jpg 1 11 15 65 65
0789_0021_0019_0069_0069.jpg 1 21 19 69 69
0790_0042_0048_0031_0031.jpg 1 42 48 31 31
0791_0026_0022_0059_0059.jpg 1 26 22 59 59
0792_0023_0004_0068_0068.jpg 1 23 4 68 68
0793_0017_0017_0066_0066.jpg 1 17 17 66 66
0794_0013_0040_0054_0054.jpg 1 13 40 54 54
0795_0043_0025_0039_0039.jpg 1 43 25 39 39
0796_0033_0019_0033_0033.jpg 1 33 19 33 33
0797_0025_0033_0057_0057.jpg 1 25 33 57 57
0798_0045_0027_0035_0035.jpg 1 45 27 35 35
0799_0013_0054_0036_0036.jpg 1 13 54 36 36
0800_0009_0012_0056_0056.jpg 1 9 12 56 56
0801_0017_0044_0050_0050.jpg 1 17 44 50 50
0802_0022_0010_0065_0065.jpg 1 22 10 65 65
0803_0034_0056_0035_0035.jpg 1 34 56 35 35
0804_0027_0040_0051_0051.jpg 1 27 40 51 51
0805_0016_0013_0058_0058.jpg 1 16 13 58 58
0806_0019_0034_0054_0054.jpg 1 19 34 54 54
0807_0021_0027_0056_0056.jpg 1 21 27 56 56
0808_0013_0020_0050_0050.jpg 1 13 20 50 50
0809_0006_0006_0054_0054.jpg 1 6 6 54 54
0810_0018_0021_0047_0047.jpg 1 18 21 47 47
0811_0057_0015_0026_0026.jpg 1 57 15 26 26
0812_0032_0018_0052_0052.jpg 1 32 18 52 52
0813_0006_0010_0060_0060.jpg 1 6 10 60 60
0814_0059_0013_0024_0024.jpg 1 59 13 24 24
0815_0022_0012_0046_0046.jpg 1 22 12 46 46
0816_0014_0032_0050_0050.jpg 1 14 32 50 50
0817_0018_0009_0037_0037.jpg 1 18 9 37 37
0818_0035_0022_0044_0044.jpg 1 35 22 44 44
0819_0062_0058_0025_0025.jpg 1 62 58 25 25
0820_0004_0032_0063_0063.jpg 1 4 32 63 63
0821_0016_0007_0067_0067.jpg 1 16 7 67 67
0822_0032_0004_0063_0063.jpg 1 32 4 63 63
0823_0011_0031_0034_0034.jpg 1 11 31 34 34
0824_0005_0043_0050_0050.jpg 1 5 43 50 50
0825_0010_0020_0048_0048.jpg 1 10 20 48 48
0826_0018_0023_0063_0063.jpg 1 18 23 63 63
0827_0010_0012_0041_0041.jpg 1 10 12 41 41
0828_0016_0009_0043_0043.jpg 1 16 9 43 43
0829_0020_0010_0041_0041.jpg 1 20 10 41 41
0830_0007_0003_0068_0068.jpg 1 7 3 68 68
0831_0028_0017_0035_0035.jpg 1 28 17 35 35
0832_0023_0033_0048_0048.jpg 1 23 33 48 48
0833_0012_0025_0030_0030.jpg 1 12 25 30 30
0834_0038_0043_0026_0026.jpg 1 38 43 26 26
0835_0024_0019_0056_0056.jpg 1 24 19 56 56
0836_0022_0030_0060_0060.jpg 1 22 30 60 60
0837_0059_0050_0032_0032.jpg 1 59 50 32 32
0838_0052_0042_0034_0034.jpg 1 52 42 34 34
0839_0008_0048_0027_0027.jpg 1 8 48 27 27
0840_0053_0039_0031_0031.jpg 1 53 39 31 31
0841_0019_0004_0068_0068.jpg 1 19 4 68 68
0842_0037_0042_0046_0046.jpg 1 37 42 46 46
0843_0006_0008_0068_0068.jpg 1 6 8 68 68
0844_0020_0017_0068_0068.jpg 1 20 17 68 68
0845_0042_0045_0027_0027.jpg 1 42 45 27 27
0846_0026_0039_0053_0053.jpg 1 26 39 53 53
0847_0036_0028_0052_0052.jpg 1 36 28 52 52
0848_0038_0045_0027_0027.jpg 1 38 45 27 27
0849_0007_0009_0066_0066.jpg 1 7 9 66 66
0850_0044_0045_0033_0033.jpg 1 44 45 33 33
0851_0035_0033_0035_0035.jpg 1 35 33 35 35
0852_0053_0056_0030_0030.jpg 1 53 56 30 30
0853_0030_0008_0050_0050.jpg 1 30 8 50 50
0854_0016_0029_0042_0042.jpg 1 16 29 42 42
0855_0046_0010_0031_0031.jpg 1 46 10 31 31
0856_0019_0039_0043_0043.jpg 1 19 39 43 43
0857_0014_0019_0059_0059.jpg 1 14 19 59 59
0858_0023_0020_0063_0063.jpg 1 23 20 63 63
0859_0013_0023_0054_0054.jpg 1 13 23 54 54
0860_0008_0016_0053_0053.jpg 1 8 16 53 53
0861_0019_0025_0061_0061.jpg 1 19 25 61 61
0862_0050_0016_0039_0039.jpg 1 50 16 39 39
0863_0015_0022_0034_0034.jpg 1 15 22 34 34
0864_0018_0020_0066_0066.jpg 1 18 20 66 66
0865_0066_0010_0026_0026.jpg 1 66 10 26 26
0866_0027_0024_0034_0034.jpg 1 27 24 34 34
0867_0023_0022_0060_0060.jpg 1 23 22 60 60
0868_0013_0027_0046_0046.jpg 1 13 27 46 46
0869_0009_0015_0067_0067.jpg 1 9 15 67 67
0870_0026_0035_0034_0034.jpg 1 26 35 34 34
0871_0014_0016_0064_0064.jpg 1 14 16 64 64
0872_0032_0012_0062_0062.jpg 1 32 12 62 62
0873_0010_0012_0056_0056.jpg 1 10 12 56 56
0874_0023_0022_0067_0067.jpg 1 23 22 67 67
0875_0022_0008_0064_0064.jpg 1 22 8 64 64
0876_0046_0027_0025_0025.jpg 1 46 27 25 25
0877_0025_0032_0049_0049.jpg 1 25 32 49 49
0878_0008_0054_0029_0029.jpg 1 8 54 29 29
0879_0048_0055_0036_0036.jpg 1 48 55 36 36
0880_0020_0006_0063_0063.jpg 1 20 6 63 63
0881_0018_0011_0063_0063.jpg 1 18 11 63 63
0882_0044_0055_0032_0032.jpg 1 44 55 32 32
0883_0009_0030_0057_0057.jpg 1 9 30 57 57
0884_0034_0006_0059_0059.jpg 1 34 6 59 59
0885_0027_0019_0069_0069.jpg 1 27 19 69 69
0886_0055_0007_0038_0038.jpg 1 55 7 38 38
0887_0045_0022_0047_0047.jpg 1 45 22 47 47
0888_0012_0022_0041_0041.jpg 1 12 22 41 41
0889_0043_0022_0047_0047.jpg 1 43 22 47 47
0890_0016_0043_0041_0041.jpg 1 16 43 41 41
0891_0041_0054_0028_0028.jpg 1 41 54 28 28
0892_0042_0028_0035_0035.jpg 1 42 28 35 35
0893_0065_0016_0026_0026.jpg 1 65 16 26 26
0894_0024_0010_0055_0055.jpg 1 24 10 55 55
0895_0013_0034_0050_0050.jpg 1 13 34 50 50
0896_0003_0020_0066_0066.jpg 1 3 20 66 66
0897_0026_0011_0050_0050.jpg 1 26 11 50 50
0898_0032_0036_0042_0042.jpg 1 32 36 42 42
0899_0010_0025_0046_0046.jpg 1 10 25 46 46
0900_0042_0040_0034_0034.jpg 1 42 40 34 34
0901_0043_0019_0041_0041.jpg 1 43 19 41 41
0902_0013_0023_0069_0069.jpg 1 13 23 69 69
0903_0053_0036_0033_0033.jpg 1 53 36 33 33
0904_0006_0015_0066_0066.jpg 1 6 15 66 66
0905_0010_0024_0035_0035.jpg 1 10 24 35 35
0906_0024_0005_0062_0062.jpg 1 24 5 62 62
0907_0037_0037_0036_0036.jpg 1 37 37 36 36
0908_0029_0029_0064_0064.jpg 1 29 29 64 64
0909_0049_0032_0033_0033.jpg 1 49 32 33 33
0910_0054_0052_0032_0032.jpg 1 54 52 32 32
0911_0031_0018_0027_0027.jpg 1 31 18 27 27
0912_0023_0009_0051_0051.jpg 1 23 9 51 51
0913_0016_0008_0024_0024.jpg 1 16 8 24 24
0914_0012_0008_0040_0040.jpg 1 12 8 40 40
0915_0030_0024_0062_0062.jpg 1 30 24 62 62
0916_0036_0012_0039_0039.jpg 1 36 12 39 39
0917_0006_0015_0056_0056.jpg 1 6 15 56 56
0918_0013_0025_0068_0068.jpg 1 13 25 68 68
0919_0022_0055_0035_0035.jpg 1 22 55 35 35
0920_0015_0030_0058_0058.jpg 1 15 30 58 58
0921_0013_0023_0063_0063.jpg 1 13 23 63 63
0922_0038_0012_0047_0047.jpg 1 38 12 47 47
0923_0019_0024_0033_0033.jpg 1 19 24 33 33
0924_0018_0006_0067_0067.jpg 1 18 6 67 67
0925_0020_0014_0054_0054.jpg 1 20 14 54 54
0926_0008_0006_0069_0069.jpg 1 8 6 69 69
0927_0022_0027_0069_0069.jpg 1 22 27 69 69
0928_0007_0038_0044_0044.jpg 1 7 38 44 44
0929_0040_0035_0046_0046.jpg 1 40 35 46 46
0930_0027_0017_0050_0050.jpg 1 27 17 50 50
0931_0059_0012_0030_0030.jpg 1 59 12 30 30
0932_0026_0012_0043_0043.jpg 1 26 12 43 43
0933_0049_0022_0038_0038.jpg 1 49 22 38 38
0934_0019_0040_0029_0029.jpg 1 19 40 29 29
0935_0025_0013_0068_0068.jpg 1 25 13 68 68
0936_0032_0043_0031_0031.jpg 1 32 43 31 31
0937_0051_0011_0024_0024.jpg 1 51 11 24 24
0938_0028_0011_0041_0041.jpg 1 28 11 41 41
0939_0024_0030_0063_0063.jpg 1 24 30 63 63
0940_0007_0006_0061_0061.jpg 1 7 6 61 61
0941_0014_0017_0034_0034.jpg 1 14 17 34 34
0942_0014_0004_0060_0060.jpg 1 14 4 60 60
0943_0034_0030_0051_0051.jpg 1 34 30 51 51
0944_0015_0024_0047_0047.jpg 1 15 24 47 47
0945_0035_0007_0039_0039.jpg 1 35 7 39 39
0946_0007_0021_0064_0064.jpg 1 7 21 64 64
0947_0027_0028_0046_0046.jpg 1 27 28 46 46
0948_0008_0051_0042_0042.jpg 1 8 51 42 42
0949_0027_0037_0040_0040.jpg 1 27 37 40 40
0950_0034_0011_0060_0060.jpg 1 34 11 60 60
0951_0009_0008_0049_0049.jpg 1 9 8 49 49
0952_0029_0029_0061_0061.jpg 1 29 29 61 61
0953_0019_0034_0055_0055.jpg 1 19 34 55 55
0954_0016_0006_0058_0058.jpg 1 16 6 58 58
0955_0030_0021_0062_0062.jpg 1 30 21 62 62
0956_0050_0034_0029_0029.jpg 1 50 34 29 29
0957_0026_0018_0037_0037.jpg 1 26 18 37 37
0958_0023_0023_0050_0050.jpg 1 23 23 50 50
0959_0036_0014_0041_0041.jpg 1 36 14 41 41
0960_0046_0016_0046_0046.jpg 1 46 16 46 46
0961_0010_0012_0069_0069.jpg 1 10 12 69 69
0962_0018_0007_0063_0063.jpg 1 18 7 63 63
0963_0044_0020_0047_0047.jpg 1 44 20 47 47
0964_0045_0016_0034_0034.jpg 1 45 16 34 34
0965_0050_0054_0032_0032.jpg 1 50 54 32 32
0966_0028_0039_0025_0025.jpg 1 28 39 25 25
0967_0011_0025_0062_0062.jpg 1 11 25 62 62
0968_0028_0004_0068_0068.jpg 1 28 4 68 68
0969_0008_0048_0044_0044.jpg 1 8 48 44 44
0970_0027_0006_0041_0041.jpg 1 27 6 41 41
0971_0034_0034_0060_0060.jpg 1 34 34 60 60
0972_0026_0008_0026_0026.jpg 1 26 8 26 26
0973_0012_0040_0050_0050.jpg 1 12 40 50 50
0974_0032_0064_0024_0024.jpg 1 32 64 24 24
0975_0020_0012_0065_0065.jpg 1 20 12 65 65
0976_0004_0033_0059_0059.jpg 1 4 33 59 59
0977_0058_0063_0025_0025.jpg 1 58 63 25 25
0978_0028_0028_0061_0061.jpg 1 28 28 61 61
0979_0014_0026_0035_0035.jpg 1 14 26 35 35
0980_0032_0032_0035_0035.jpg 1 32 32 35 35
0981_0039_0049_0038_0038.jpg 1 39 49 38 38
0982_0029_0038_0025_0025.jpg 1 29 38 25 25
0983_0013_0050_0039_0039.jpg 1 13 50 39 39
0984_0023_0013_0029_0029.jpg 1 23 13 29 29
0985_0039_0022_0027_0027.jpg 1 39 22 27 27
0986_0020_0007_0067_0067.jpg 1 20 7 67 67
0987_0032_0015_0047_0047.jpg 1 32 15 47 47
0988_0025_0010_0034_0034.jpg 1 25 10 34 34
0989_0024_0058_0034_0034.jpg 1 24 58 34 34
0990_0009_0008_0063_0063.jpg 1 9 8 63 63
0991_0032_0014_0059_0059.jpg 1 32 14 59 59
0992_0026_0024_0069_0069.jpg 1 26 24 69 69
0993_0012_0014_0066_0066.jpg 1 12 14 66 66
0994_0012_0014_0040_0040.jpg 1 12 14 40 40
0995_0007_0024_0038_0038.jpg 1 7 24 38 38
0996_0008_0053_0033_0033.jpg 1 8 53 33 33
0997_0030_0011_0059_0059.jpg 1 30 11 59 59
0998_0015_0035_0054_0054.jpg 1 15 35 54 54
0999_0013_0029_0062_0062.jpg 1 13 29 62 62
1000_0022_0019_0053_0053.jpg 1 22 19 53 53
1001_0018_0031_0065_0065.jpg 1 18 31 65 65
1002_0035_0007_0040_0040.jpg 1 35 7 40 40
1003_0038_0015_0038_0038.jpg 1 38 15 38 38
1004_0035_0039_0041_0041.jpg 1 35 39 41 41
1005_0011_0041_0036_0036.jpg 1 11 41 36 36
1006_0056_0053_0036_0036.jpg 1 56 53 36 36
1007_0013_0046_0027_0027.jpg 1 13 46 27 27
1008_0033_0046_0035_0035.jpg 1 33 46 35 35
1009_0014_0025_0062_0062.jpg 1 14 25 62 62
1010_0033_0011_0038_0038.jpg 1 33 11 38 38
1011_0019_0031_0063_0063.jpg 1 19 31 63 63
1012_0011_0020_0047_0047.jpg 1 11 20 47 47
1013_0014_0027_0044_0044.jpg 1 14 27 44 44
1014_0028_0061_0028_0028.jpg 1 28 61 28 28
1015_0027_0021_0066_0066.jpg 1 27 21 66 66
1016_0007_0037_0052_0052.jpg 1 7 37 52 52
1017_0043_0052_0037_0037.jpg 1 43 52 37 37
1018_0027_0037_0058_0058.jpg 1 27 37 58 58
1019_0045_0037_0038_0038.jpg 1 45 37 38 38
1020_0033_0009_0062_0062.jpg 1 33 9 62 62
1021_0021_0021_0029_0029.jpg 1 21 21 29 29
1022_0035_0022_0030_0030.jpg 1 35 22 30 30
1023_0011_0016_0061_0061.jpg 1 11 16 61 61
1024_0054_0022_0030_0030.jpg 1 54 22 30 30
1025_0026_0058_0032_0032.jpg 1 26 58 32 32
1026_0007_0027_0037_0037.jpg 1 7 27 37 37
1027_0009_0021_0045_0045.jpg 1 9 21 45 45
1028_0041_0027_0039_0039.jpg 1 41 27 39 39
1029_0011_0031_0054_0054.jpg 1 11 31 54 54
1030_0021_0022_0066_0066.jpg 1 21 22 66 66
1031_0007_0034_0054_0054.jpg 1 7 34 54 54
1032_0014_0063_0028_0028.jpg 1 14 63 28 28
1033_0028_0021_0049_0049.jpg 1 28 21 49 49
1034_0007_0022_0041_0041.jpg 1 7 22 41 41
1035_0025_0021_0069_0069.jpg 1 25 21 69 69
1036_0014_0049_0041_0041.jpg 1 14 49 41 41
1037_0026_0006_0044_0044.jpg 1 26 6 44 44
1038_0028_0005_0058_0058.jpg 1 28 5 58 58
1039_0029_0027_0058_0058.jpg 1 29 27 58 58
1040_0012_0024_0048_0048.jpg 1 12 24 48 48
1041_0016_0010_0050_0050.jpg 1 16 10 50 50
1042_0036_0012_0042_0042.jpg 1 36 12 42 42
1043_0026_0009_0036_0036.jpg 1 26 9 36 36
1044_0029_0008_0059_0059.jpg 1 29 8 59 59
1045_0026_0016_0062_0062.jpg 1 26 16 62 62
1046_0028_0030_0064_0064.jpg 1 28 30 64 64
1047_0008_0010_0068_0068.jpg 1 8 10 68 68
1048_0035_0037_0043_0043.jpg 1 35 37 43 43
1049_0046_0045_0031_0031.jpg 1 46 45 31 31
1050_0048_0060_0032_0032.jpg 1 48 60 32 32
1051_0029_0025_0037_0037.jpg 1 29 25 37 37
1052_0032_0023_0060_0060.jpg 1 32 23 60 60
1053_0024_0014_0067_0067.jpg 1 24 14 67 67
1054_0005_0012_0061_0061.jpg 1 5 12 61 61
1055_0031_0026_0057_0057.jpg 1 31 26 57 57
1056_0047_0017_0027_0027.jpg 1 47 17 27 27
1057_0010_0011_0043_0043.jpg 1 10 11 43 43
1058_0025_0010_0067_0067.jpg 1 25 10 67 67
1059_0041_0007_0033_0033.jpg 1 41 7 33 33
1060_0022_0044_0024_0024.jpg 1 22 44 24 24
1061_0008_0022_0061_0061.jpg 1 8 22 61 61
1062_0039_0016_0050_0050.jpg 1 39 16 50 50
1063_0028_0004_0059_0059.jpg 1 28 4 59 59
1064_0030_0027_0044_0044.jpg 1 30 27 44 44
1065_0048_0018_0041_0041.jpg 1 48 18 41 41
1066_0047_0036_0037_0037.jpg 1 47 36 37 37
1067_0031_0007_0058_0058.jpg 1 31 7 58 58
1068_0037_0014_0038_0038.jpg 1 37 14 38 38
1069_0024_0031_0060_0060.jpg 1 24 31 60 60
1070_0035_0009_0055_0055.jpg 1 35 9 55 55
1071_0011_0013_0065_0065.jpg 1 11 13 65 65
1072_0014_0023_0058_0058.jpg 1 14 23 58 58
1073_0042_0049_0043_0043.jpg 1 42 49 43 43
1074_0019_0030_0060_0060.jpg 1 19 30 60 60
1075_0036_0011_0025_0025.jpg 1 36 11 25 25
1076_0054_0008_0027_0027.jpg 1 54 8 27 27
1077_0008_0043_0030_0030.jpg 1 8 43 30 30
1078_0022_0011_0060_0060.jpg 1 22 11 60 60
1079_0013_0015_0067_0067.jpg 1 13 15 67 67
1080_0034_0061_0024_0024.jpg 1 34 61 24 24
1081_0009_0027_0064_0064.jpg 1 9 27 64 64
1082_0046_0027_0029_0029.jpg 1 46 27 29 29
1083_0018_0026_0038_0038.jpg 1 18 26 38 38
1084_0010_0056_0029_0029.jpg 1 10 56 29 29
1085_0003_0006_0068_0068.jpg 1 3 6 68 68
1086_0061_0036_0025_0025.jpg 1 61 36 25 25
1087_0034_0009_0054_0054.jpg 1 34 9 54 54
1088_0022_0023_0068_0068.jpg 1 22 23 68 68
1089_0027_0033_0040_0040.jpg 1 27 33 40 40
1090_0034_0036_0042_0042.jpg 1 34 36 42 42
1091_0032_0016_0033_0033.jpg 1 32 16 33 33
1092_0016_0036_0049_0049.jpg 1 16 36 49 49
1093_0030_0046_0044_0044.jpg 1 30 46 44 44
1094_0027_0028_0064_0064.jpg 1 27 28 64 64
1095_0013_0014_0056_0056.jpg 1 13 14 56 56
1096_0036_0020_0051_0051.jpg 1 36 20 51 51
1097_0027_0006_0066_0066.jpg 1 27 6 66 66
1098_0030_0043_0049_0049.jpg 1 30 43 49 49
1099_0027_0040_0047_0047.jpg 1 27 40 47 47
1100_0006_0023_0059_0059.jpg 1 6 23 59 59
1101_0052_0030_0039_0039.jpg 1 52 30 39 39
1102_0025_0040_0049_0049.jpg 1 25 40 49 49
1103_0014_0046_0032_0032.jpg 1 14 46 32 32
1104_0007_0033_0036_0036.jpg 1 7 33 36 36
1105_0048_0042_0043_0043.jpg 1 48 42 43 43
1106_0035_0045_0026_0026.jpg 1 35 45 26 26
1107_0048_0049_0042_0042.jpg 1 48 49 42 42
1108_0026_0022_0051_0051.jpg 1 26 22 51 51
1109_0050_0064_0024_0024.jpg 1 50 64 24 24
1110_0017_0038_0051_0051.jpg 1 17 38 51 51
1111_0006_0049_0042_0042.jpg 1 6 49 42 42
1112_0013_0017_0043_0043.jpg 1 13 17 43 43
1113_0015_0032_0051_0051.jpg 1 15 32 51 51
1114_0045_0051_0029_0029.jpg 1 45 51 29 29
1115_0015_0004_0068_0068.jpg 1 15 4 68 68
1116_0018_0035_0053_0053.jpg 1 18 35 53 53
1117_0024_0028_0050_0050.jpg 1 24 28 50 50
1118_0026_0018_0059_0059.jpg 1 26 18 59 59
1119_0023_0018_0061_0061.jpg 1 23 18 61 61
1120_0023_0061_0025_0025.jpg 1 23 61 25 25
1121_0009_0030_0048_0048.jpg 1 9 30 48 48
1122_0018_0017_0024_0024.jpg 1 18 17 24 24
1123_0043_0061_0025_0025.jpg 1 43 61 25 25
1124_0011_0006_0056_0056.jpg 1 11 6 56 56
1125_0015_0042_0052_0052.jpg 1 15 42 52 52
1126_0057_0039_0034_0034.jpg 1 57 39 34 34
1127_0027_0006_0045_0045.jpg 1 27 6 45 45
1128_0009_0021_0062_0062.jpg 1 9 21 62 62
1129_0015_0019_0032_0032.jpg 1 15 19 32 32
1130_0060_0065_0027_0027.jpg 1 60 65 27 27
1131_0028_0029_0032_0032.jpg 1 28 29 32 32
1132_0035_0053_0027_0027.jpg 1 35 53 27 27
1133_0062_0030_0026_0026.jpg 1 62 30 26 26
1134_0023_0047_0034_0034.jpg 1 23 47 34 34
1135_0034_0013_0030_0030.jpg 1 34 13 30 30
1136_0009_0007_0067_0067.jpg 1 9 7 67 67
1137_0034_0033_0056_0056.jpg 1 34 33 56 56
1138_0017_0015_0052_0052.jpg 1 17 15 52 52
1139_0017_0021_0067_0067.jpg 1 17 21 67 67
1140_0019_0021_0062_0062.jpg 1 19 21 62 62
1141_0017_0026_0065_0065.jpg 1 17 26 65 65
1142_0051_0020_0030_0030.jpg 1 51 20 30 30
1143_0022_0035_0031_0031.jpg 1 22 35 31 31
1144_0046_0005_0046_0046.jpg 1 46 5 46 46
1145_0054_0048_0038_0038.jpg 1 54 48 38 38
1146_0007_0047_0043_0043.jpg 1 7 47 43 43
1147_0033_0040_0051_0051.jpg 1 33 40 51 51
1148_0013_0034_0059_0059.jpg 1 13 34 59 59
1149_0004_0019_0057_0057.jpg 1 4 19 57 57
1150_0051_0047_0037_0037.jpg 1 51 47 37 37
1151_0011_0027_0042_0042.jpg 1 11 27 42 42
1152_0018_0006_0063_0063.jpg 1 18 6 63 63
1153_0010_0018_0056_0056.jpg 1 10 18 56 56
1154_0026_0011_0031_0031.jpg 1 26 11 31 31
1155_0036_0038_0028_0028.jpg 1 36 38 28 28
1156_0007_0015_0049_0049.jpg 1 7 15 49 49
1157_0036_0016_0054_0054.jpg 1 36 16 54 54
1158_0019_0031_0046_0046.jpg 1 19 31 46 46
1159_0022_0011_0044_0044.jpg 1 22 11 44 44
1160_0046_0012_0044_0044.jpg 1 46 12 44 44
1161_0006_0008_0054_0054.jpg 1 6 8 54 54
1162_0051_0040_0041_0041.jpg 1 51 40 41 41
1163_0027_0060_0029_0029.jpg 1 27 60 29 29
1164_0043_0034_0047_0047.jpg 1 43 34 47 47
1165_0025_0028_0062_0062.jpg 1 25 28 62 62
1166_0021_0028_0056_0056.jpg 1 21 28 56 56
1167_0037_0021_0057_0057.jpg 1 37 21 57 57
1168_0035_0028_0047_0047.jpg 1 35 28 47 47
1169_0018_0017_0060_0060.jpg 1 18 17 60 60
1170_0041_0012_0035_0035.jpg 1 41 12 35 35
1171_0028_0036_0051_0051.jpg 1 28 36 51 51
1172_0016_0021_0043_0043.jpg 1 16 21 43 43
1173_0026_0009_0067_0067.jpg 1 26 9 67 67
1174_0012_0028_0063_0063.jpg 1 12 28 63 63
1175_0052_0028_0032_0032.jpg 1 52 28 32 32
1176_0052_0047_0025_0025.jpg 1 52 47 25 25
1177_0027_0015_0055_0055.jpg 1 27 15 55 55
1178_0051_0016_0035_0035.jpg 1 51 16 35 35
1179_0041_0007_0035_0035.jpg 1 41 7 35 35
1180_0034_0016_0049_0049.jpg 1 34 16 49 49
1181_0004_0008_0069_0069.jpg 1 4 8 69 69
1182_0030_0025_0039_0039.jpg 1 30 25 39 39
1183_0016_0008_0042_0042.jpg 1 16 8 42 42
1184_0028_0034_0045_0045.jpg 1 28 34 45 45
1185_0010_0010_0057_0057.jpg 1 10 10 57 57
1186_0047_0044_0033_0033.jpg 1 47 44 33 33
1187_0054_0049_0025_0025.jpg 1 54 49 25 25
1188_0034_0025_0030_0030.jpg 1 34 25 30 30
1189_0053_0053_0024_0024.jpg 1 53 53 24 24
1190_0013_0029_0025_0025.jpg 1 13 29 25 25
1191_0021_0022_0047_0047.jpg 1 21 22 47 47
1192_0032_0031_0024_0024.jpg 1 32 31 24 24
1193_0021_0010_0036_0036.jpg 1 21 10 36 36
1194_0013_0029_0055_0055.jpg 1 13 29 55 55
1195_0043_0017_0047_0047.jpg 1 43 17 47 47
1196_0059_0019_0029_0029.jpg 1 59 19 29 29
1197_0009_0020_0053_0053.jpg 1 9 20 53 53
1198_0041_0040_0052_0052.jpg 1 41 40 52 52
1199_0006_0042_0043_0043.jpg 1 6 42 43 43
1200_0046_0064_0028_0028.jpg 1 46 64 28 28
1201_0020_0025_0028_0028.jpg 1 20 25 28 28
1202_0041_0030_0052_0052.jpg 1 41 30 52 52
1203_0013_0043_0049_0049.jpg 1 13 43 49 49
1204_0033_0009_0049_0049.jpg 1 33 9 49 49
1205_0030_0010_0038_0038.jpg 1 30 10 38 38
1206_0016_0034_0056_0056.jpg 1 16 34 56 56
1207_0032_0008_0046_0046.jpg 1 32 8 46 46
1208_0026_0029_0027_0027.jpg 1 26 29 27 27
1209_0018_0013_0038_0038.jpg 1 18 13 38 38
1210_0015_0004_0060_0060.jpg 1 15 4 60 60
1211_0051_0047_0042_0042.jpg 1 51 47 42 42
1212_0035_0011_0037_0037.jpg 1 35 11 37 37
1213_0058_0038_0029_0029.jpg 1 58 38 29 29
1214_0033_0044_0030_0030.jpg 1 33 44 30 30
1215_0037_0039_0052_0052.jpg 1 37 39 52 52
1216_0007_0008_0069_0069.jpg 1 7 8 69 69
1217_0027_0031_0051_0051.jpg 1 27 31 51 51
1218_0056_0007_0031_0031.jpg 1 56 7 31 31
1219_0030_0022_0040_0040.jpg 1 30 22 40 40
1220_0034_0011_0054_0054.jpg 1 34 11 54 54
1221_0020_0028_0067_0067.jpg 1 20 28 67 67
1222_0021_0025_0054_0054.jpg 1 21 25 54 54
1223_0025_0027_0059_0059.jpg 1 25 27 59 59
1224_0029_0021_0061_0061.jpg 1 29 21 61 61
1225_0006_0041_0034_0034.jpg 1 6 41 34 34
1226_0025_0044_0025_0025.jpg 1 25 44 25 25
1227_0017_0013_0064_0064.jpg 1 17 13 64 64
1228_0025_0014_0036_0036.jpg 1 25 14 36 36
1229_0039_0011_0040_0040.jpg 1 39 11 40 40
1230_0014_0019_0069_0069.jpg 1 14 19 69 69
1231_0015_0034_0062_0062.jpg 1 15 34 62 62
1232_0006_0013_0069_0069.jpg 1 6 13 69 69
1233_0026_0035_0038_0038.jpg 1 26 35 38 38
1234_0021_0007_0069_0069.jpg 1 21 7 69 69
1235_0018_0023_0032_0032.jpg 1 18 23 32 32
1236_0019_0022_0047_0047.jpg 1 19 22 47 47
1237_0028_0013_0044_0044.jpg 1 28 13 44 44
1238_0034_0026_0058_0058.jpg 1 34 26 58 58
1239_0039_0048_0036_0036.jpg 1 39 48 36 36
1240_0016_0032_0027_0027.jpg 1 16 32 27 27
1241_0003_0008_0069_0069.jpg 1 3 8 69 69
1242_0005_0016_0059_0059.jpg 1 5 16 59 59
1243_0039_0025_0037_0037.jpg 1 39 25 37 37
1244_0014_0045_0033_0033.jpg 1 14 45 33 33
1245_0059_0057_0027_0027.jpg 1 59 57 27 27
1246_0034_0050_0043_0043.jpg 1 34 50 43 43
1247_0009_0009_0045_0045.jpg 1 9 9 45 45
1248_0025_0049_0027_0027.jpg 1 25 49 27 27
1249_0005_0042_0045_0045.jpg 1 5 42 45 45
1250_0011_0008_0068_0068.jpg 1 11 8 68 68
1251_0046_0032_0036_0036.jpg 1 46 32 36 36
1252_0007_0032_0058_0058.jpg 1 7 32 58 58
1253_0005_0028_0064_0064.jpg 1 5 28 64 64
1254_0020_0027_0068_0068.jpg 1 20 27 68 68
1255_0007_0020_0043_0043.jpg 1 7 20 43 43
1256_0017_0019_0055_0055.jpg 1 17 19 55 55
1257_0016_0020_0069_0069.jpg 1 16 20 69 69
1258_0047_0015_0038_0038.jpg 1 47 15 38 38
1259_0029_0059_0030_0030.jpg 1 29 59 30 30
1260_0015_0027_0041_0041.jpg 1 15 27 41 41
1261_0005_0044_0047_0047.jpg 1 5 44 47 47
1262_0006_0006_0067_0067.jpg 1 6 6 67 67
1263_0034_0048_0024_0024.jpg 1 34 48 24 24
1264_0011_0021_0056_0056.jpg 1 11 21 56 56
1265_0033_0039_0041_0041.jpg 1 33 39 41 41
1266_0026_0020_0060_0060.jpg 1 26 20 60 60
1267_0029_0030_0066_0066.jpg 1 29 30 66 66
1268_0019_0010_0065_0065.jpg 1 19 10 65 65
1269_0053_0056_0024_0024.jpg 1 53 56 24 24
1270_0033_0039_0055_0055.jpg 1 33 39 55 55
1271_0017_0016_0069_0069.jpg 1 17 16 69 69
1272_0045_0020_0047_0047.jpg 1 45 20 47 47
1273_0029_0010_0048_0048.jpg 1 29 10 48 48
1274_0036_0009_0057_0057.jpg 1 36 9 57 57
1275_0028_0029_0054_0054.jpg 1 28 29 54 54
1276_0033_0036_0035_0035.jpg 1 33 36 35 35
1277_0038_0006_0045_0045.jpg 1 38 6 45 45
1278_0035_0026_0034_0034.jpg 1 35 26 34 34
1279_0019_0057_0033_0033.jpg 1 19 57 33 33
1280_0040_0031_0047_0047.jpg 1 40 31 47 47
1281_0059_0026_0029_0029.jpg 1 59 26 29 29
1282_0023_0018_0054_0054.jpg 1 23 18 54 54
1283_0021_0039_0032_0032.jpg 1 21 39 32 32
1284_0016_0015_0064_0064.jpg 1 16 15 64 64
1285_0023_0008_0060_0060.jpg 1 23 8 60 60
1286_0008_0036_0043_0043.jpg 1 8 36 43 43
1287_0026_0026_0037_0037.jpg 1 26 26 37 37
1288_0031_0027_0056_0056.jpg 1 31 27 56 56
1289_0004_0031_0056_0056.jpg 1 4 31 56 56
1290_0005_0014_0069_0069.jpg 1 5 14 69 69
1291_0047_0021_0027_0027.jpg 1 47 21 27 27
1292_0020_0030_0029_0029.jpg 1 20 30 29 29
1293_0058_0034_0027_0027.jpg 1 58 34 27 27
1294_0033_0019_0057_0057.jpg 1 33 19 57 57
1295_0008_0007_0064_0064.jpg 1 8 7 64 64
1296_0033_0010_0025_0025.jpg 1 33 10 25 25
1297_0009_0023_0068_0068.jpg 1 9 23 68 68
1298_0029_0005_0049_0049.jpg 1 29 5 49 49
1299_0021_0018_0027_0027.jpg 1 21 18 27 27
1300_0030_0019_0059_0059.jpg 1 30 19 59 59
1301_0011_0031_0037_0037.jpg 1 11 31 37 37
1302_0038_0012_0045_0045.jpg 1 38 12 45 45
1303_0016_0026_0058_0058.jpg 1 16 26 58 58
1304_0007_0005_0067_0067.jpg 1 7 5 67 67
1305_0035_0050_0043_0043.jpg 1 35 50 43 43
1306_0010_0054_0030_0030.jpg 1 10 54 30 30
1307_0037_0037_0052_0052.jpg 1 37 37 52 52
1308_0015_0029_0066_0066.jpg 1 15 29 66 66
1309_0010_0021_0067_0067.jpg 1 10 21 67 67
1310_0025_0023_0056_0056.jpg 1 25 23 56 56
1311_0014_0013_0056_0056.jpg 1 14 13 56 56
1312_0026_0022_0042_0042.jpg 1 26 22 42 42
1313_0024_0022_0045_0045.jpg 1 24 22 45 45
1314_0028_0036_0043_0043.jpg 1 28 36 43 43
1315_0040_0006_0054_0054.jpg 1 40 6 54 54
1316_0045_0043_0032_0032.jpg 1 45 43 32 32
1317_0020_0024_0034_0034.jpg 1 20 24 34 34
1318_0021_0012_0057_0057.jpg 1 21 12 57 57
1319_0040_0038_0054_0054.jpg 1 40 38 54 54
1320_0029_0024_0048_0048.jpg 1 29 24 48 48
1321_0044_0012_0044_0044.jpg 1 44 12 44 44
1322_0022_0012_0066_0066.jpg 1 22 12 66 66
1323_0030_0053_0034_0034.jpg 1 30 53 34 34
1324_0024_0013_0029_0029.jpg 1 24 13 29 29
1325_0051_0032_0031_0031.jpg 1 51 32 31 31
1326_0031_0023_0034_0034.jpg 1 31 23 34 34
1327_0007_0008_0068_0068.jpg 1 7 8 68 68
1328_0015_0004_0067_0067.jpg 1 15 4 67 67
1329_0024_0047_0036_0036.jpg 1 24 47 36 36
1330_0040_0039_0037_0037.jpg 1 40 39 37 37
1331_0006_0027_0064_0064.jpg 1 6 27 64 64
1332_0040_0042_0043_0043.jpg 1 40 42 43 43
1333_0016_0014_0037_0037.jpg 1 16 14 37 37
1334_0024_0040_0036_0036.jpg 1 24 40 36 36
1335_0039_0063_0027_0027.jpg 1 39 63 27 27
1336_0034_0034_0032_0032.jpg 1 34 34 32 32
1337_0010_0034_0060_0060.jpg 1 10 34 60 60
1338_0003_0016_0068_0068.jpg 1 3 16 68 68
1339_0042_0008_0049_0049.jpg 1 42 8 49 49
1340_0024_0005_0059_0059.jpg 1 24 5 59 59
1341_0056_0034_0033_0033.jpg 1 56 34 33 33
1342_0004_0019_0063_0063.jpg 1 4 19 63 63
1343_0010_0027_0047_0047.jpg 1 10 27 47 47
1344_0015_0005_0054_0054.jpg 1 15 5 54 54
1345_0014_0031_0059_0059.jpg 1 14 31 59 59
1346_0052_0057_0030_0030.jpg 1 52 57 30 30
1347_0028_0012_0028_0028.jpg 1 28 12 28 28
1348_0030_0012_0052_0052.jpg 1 30 12 52 52
1349_0014_0010_0038_0038.jpg 1 14 10 38 38
1350_0019_0005_0064_0064.jpg 1 19 5 64 64
1351_0034_0015_0052_0052.jpg 1 34 15 52 52
1352_0034_0016_0047_0047.jpg 1 34 16 47 47
1353_0004_0028_0064_0064.jpg 1 4 28 64 64
1354_0024_0023_0028_0028.jpg 1 24 23 28 28
1355_0033_0040_0043_0043.jpg 1 33 40 43 43
1356_0018_0013_0058_0058.jpg 1 18 13 58 58
1357_0016_0038_0049_0049.jpg 1 16 38 49 49
1358_0038_0048_0031_0031.jpg 1 38 48 31 31
1359_0018_0020_0067_0067.jpg 1 18 20 67 67
1360_0052_0010_0040_0040.jpg 1 52 10 40 40
1361_0016_0026_0033_0033.jpg 1 16 26 33 33
1362_0030_0030_0061_0061.jpg 1 30 30 61 61
1363_0017_0020_0052_0052.jpg 1 17 20 52 52
1364_0051_0020_0042_0042.jpg 1 51 20 42 42
1365_0009_0025_0027_0027.jpg 1 9 25 27 27
1366_0024_0007_0055_0055.jpg 1 24 7 55 55
1367_0024_0023_0067_0067.jpg 1 24 23 67 67
1368_0024_0010_0040_0040.jpg 1 24 10 40 40
1369_0045_0036_0028_0028.jpg 1 45 36 28 28
1370_0032_0047_0040_0040.jpg 1 32 47 40 40
1371_0028_0016_0047_0047.jpg 1 28 16 47 47
1372_0058_0034_0033_0033.jpg 1 58 34 33 33
1373_0049_0049_0039_0039.jpg 1 49 49 39 39
1374_0048_0056_0032_0032.jpg 1 48 56 32 32
1375_0028_0030_0059_0059.jpg 1 28 30 59 59
1376_0010_0044_0044_0044.jpg 1 10 44 44 44
1377_0048_0064_0027_0027.jpg 1 48 64 27 27
1378_0028_0047_0024_0024.jpg 1 28 47 24 24
1379_0049_0059_0024_0024.jpg 1 49 59 24 24
1380_0014_0043_0043_0043.jpg 1 14 43 43 43
1381_0016_0009_0061_0061.jpg 1 16 9 61 61
1382_0039_0024_0025_0025.jpg 1 39 24 25 25
1383_0039_0004_0054_0054.jpg 1 39 4 54 54
1384_0019_0021_0063_0063.jpg 1 19 21 63 63
1385_0031_0021_0053_0053.jpg 1 31 21 53 53
1386_0014_0029_0058_0058.jpg 1 14 29 58 58
1387_0031_0023_0056_0056.jpg 1 31 23 56 56
1388_0023_0010_0054_0054.jpg 1 23 10 54 54
1389_0021_0036_0051_0051.jpg 1 21 36 51 51
1390_0010_0009_0069_0069.jpg 1 10 9 69 69
1391_0036_0038_0047_0047.jpg 1 36 38 47 47
1392_0031_0032_0047_0047.jpg 1 31 32 47 47
1393_0023_0029_0045_0045.jpg 1 23 29 45 45
1394_0023_0009_0055_0055.jpg 1 23 9 55 55
1395_0059_0023_0024_0024.jpg 1 59 23 24 24
1396_0049_0052_0032_0032.jpg 1 49 52 32 32
1397_0044_0021_0046_0046.jpg 1 44 21 46 46
1398_0008_0038_0054_0054.jpg 1 8 38 54 54
1399_0039_0020_0032_0032.jpg 1 39 20 32 32
1400_0025_0038_0050_0050.jpg 1 25 38 50 50
1401_0013_0024_0046_0046.jpg 1 13 24 46 46
1402_0014_0030_0059_0059.jpg 1 14 30 59 59
1403_0033_0038_0052_0052.jpg 1 33 38 52 52
1404_0005_0029_0059_0059.jpg 1 5 29 59 59
1405_0004_0012_0064_0064.jpg 1 4 12 64 64
1406_0033_0031_0031_0031.jpg 1 33 31 31 31
1407_0059_0057_0032_0032.jpg 1 59 57 32 32
1408_0043_0013_0029_0029.jpg 1 43 13 29 29
1409_0037_0012_0041_0041.jpg 1 37 12 41 41
1410_0008_0006_0062_0062.jpg 1 8 6 62 62
1411_0047_0011_0032_0032.jpg 1 47 11 32 32
1412_0034_0044_0044_0044.jpg 1 34 44 44 44
1413_0016_0054_0027_0027.jpg 1 16 54 27 27
1414_0054_0035_0039_0039.jpg 1 54 35 39 39
1415_0008_0030_0049_0049.jpg 1 8 30 49 49
1416_0036_0028_0051_0051.jpg 1 36 28 51 51
1417_0052_0010_0026_0026.jpg 1 52 10 26 26
1418_0022_0028_0034_0034.jpg 1 22 28 34 34
1419_0027_0005_0059_0059.jpg 1 27 5 59 59
1420_0017_0029_0052_0052.jpg 1 17 29 52 52
1421_0035_0045_0034_0034.jpg 1 35 45 34 34
1422_0004_0022_0068_0068.jpg 1 4 22 68 68
1423_0030_0023_0036_0036.jpg 1 30 23 36 36
1424_0024_0045_0040_0040.jpg 1 24 45 40 40
1425_0031_0007_0032_0032.jpg 1 31 7 32 32
1426_0047_0032_0025_0025.jpg 1 47 32 25 25
1427_0041_0028_0027_0027.jpg 1 41 28 27 27
1428_0024_0009_0064_0064.jpg 1 24 9 64 64
1429_0062_0052_0028_0028.jpg 1 62 52 28 28
1430_0011_0055_0035_0035.jpg 1 11 55 35 35
1431_0028_0040_0043_0043.jpg 1 28 40 43 43
1432_0023_0033_0061_0061.jpg 1 23 33 61 61
1433_0019_0011_0040_0040.jpg 1 19 11 40 40
1434_0004_0011_0065_0065.jpg 1 4 11 65 65
1435_0006_0014_0053_0053.jpg 1 6 14 53 53
1436_0034_0029_0056_0056.jpg 1 34 29 56 56
1437_0057_0056_0036_0036.jpg 1 57 56 36 36
1438_0021_0029_0032_0032.jpg 1 21 29 32 32
1439_0023_0015_0047_0047.jpg 1 23 15 47 47
1440_0049_0021_0027_0027.jpg 1 49 21 27 27
1441_0033_0035_0024_0024.jpg 1 33 35 24 24
1442_0004_0019_0065_0065.jpg 1 4 19 65 65
1443_0036_0054_0039_0039.jpg 1 36 54 39 39
1444_0015_0018_0062_0062.jpg 1 15 18 62 62
1445_0040_0032_0050_0050.jpg 1 40 32 50 50
1446_0017_0023_0035_0035.jpg 1 17 23 35 35
1447_0046_0018_0030_0030.jpg 1 46 18 30 30
1448_0028_0015_0065_0065.jpg 1 28 15 65 65
1449_0015_0007_0056_0056.jpg 1 15 7 56 56
1450_0059_0019_0033_0033.jpg 1 59 19 33 33
1451_0041_0039_0048_0048.jpg 1 41 39 48 48
1452_0011_0030_0032_0032.jpg 1 11 30 32 32
1453_0009_0038_0049_0049.jpg 1 9 38 49 49
1454_0034_0013_0053_0053.jpg 1 34 13 53 53
1455_0032_0032_0062_0062.jpg 1 32 32 62 62
1456_0029_0024_0027_0027.jpg 1 29 24 27 27
1457_0031_0028_0057_0057.jpg 1 31 28 57 57
1458_0018_0020_0053_0053.jpg 1 18 20 53 53
1459_0019_0009_0046_0046.jpg 1 19 9 46 46
1460_0031_0010_0057_0057.jpg 1 31 10 57 57
1461_0037_0026_0049_0049.jpg 1 37 26 49 49
1462_0027_0059_0028_0028.jpg 1 27 59 28 28
1463_0041_0044_0033_0033.jpg 1 41 44 33 33
1464_0038_0040_0055_0055.jpg 1 38 40 55 55
1465_0039_0052_0030_0030.jpg 1 39 52 30 30
1466_0027_0031_0063_0063.jpg 1 27 31 63 63
1467_0039_0015_0054_0054.jpg 1 39 15 54 54
1468_0024_0022_0067_0067.jpg 1 24 22 67 67
1469_0036_0039_0048_0048.jpg 1 36 39 48 48
1470_0045_0018_0049_0049.jpg 1 45 18 49 49
1471_0019_0021_0056_0056.jpg 1 19 21 56 56
1472_0053_0044_0038_0038.jpg 1 53 44 38 38
1473_0031_0008_0059_0059.jpg 1 31 8 59 59
1474_0009_0013_0059_0059.jpg 1 9 13 59 59
1475_0041_0011_0053_0053.jpg 1 41 11 53 53
1476_0028_0015_0057_0057.jpg 1 28 15 57 57
1477_0031_0019_0057_0057.jpg 1 31 19 57 57
1478_0022_0023_0067_0067.jpg 1 22 23 67 67
1479_0017_0031_0065_0065.jpg 1 17 31 65 65
1480_0005_0015_0058_0058.jpg 1 5 15 58 58
1481_0013_0016_0052_0052.jpg 1 13 16 52 52
1482_0048_0045_0040_0040.jpg 1 48 45 40 40
1483_0011_0038_0043_0043.jpg 1 11 38 43 43
1484_0011_0024_0062_0062.jpg 1 11 24 62 62
1485_0014_0035_0043_0043.jpg 1 14 35 43 43
1486_0010_0019_0034_0034.jpg 1 10 19 34 34
1487_0021_0019_0026_0026.jpg 1 21 19 26 26
1488_0020_0006_0068_0068.jpg 1 20 6 68 68
1489_0007_0026_0060_0060.jpg 1 7 26 60 60
1490_0035_0039_0048_0048.jpg 1 35 39 48 48
1491_0017_0013_0055_0055.jpg 1 17 13 55 55
1492_0059_0048_0032_0032.jpg 1 59 48 32 32
1493_0043_0024_0052_0052.jpg 1 43 24 52 52
1494_0047_0049_0037_0037.jpg 1 47 49 37 37
1495_0055_0042_0037_0037.jpg 1 55 42 37 37
1496_0040_0046_0041_0041.jpg 1 40 46 41 41
1497_0019_0022_0047_0047.jpg 1 19 22 47 47
1498_0028_0045_0048_0048.jpg 1 28 45 48 48
1499_0035_0038_0055_0055.jpg 1 35 38 55 55
1500_0025_0024_0061_0061.jpg 1 25 24 61 61
1501_0015_0047_0041_0041.jpg 1 15 47 41 41
1502_0022_0017_0055_0055.jpg 1 22 17 55 55
1503_0035_0019_0056_0056.jpg 1 35 19 56 56
1504_0039_0026_0046_0046.jpg 1 39 26 46 46
1505_0026_0022_0054_0054.jpg 1 26 22 54 54
1506_0045_0020_0045_0045.jpg 1 45 20 45 45
1507_0046_0011_0039_0039.jpg 1 46 11 39 39
1508_0035_0038_0053_0053.jpg 1 35 38 53 53
1509_0032_0026_0050_0050.jpg 1 32 26 50 50
1510_0042_0037_0050_0050.jpg 1 42 37 50 50
1511_0058_0047_0024_0024.jpg 1 58 47 24 24
1512_0018_0005_0066_0066.jpg 1 18 5 66 66
1513_0055_0017_0028_0028.jpg 1 55 17 28 28
1514_0019_0035_0055_0055.jpg 1 19 35 55 55
1515_0060_0010_0027_0027.jpg 1 60 10 27 27
1516_0035_0011_0061_0061.jpg 1 35 11 61 61
1517_0021_0020_0053_0053.jpg 1 21 20 53 53
1518_0028_0053_0024_0024.jpg 1 28 53 24 24
1519_0012_0035_0048_0048.jpg 1 12 35 48 48
1520_0026_0018_0060_0060.jpg 1 26 18 60 60
1521_0037_0030_0054_0054.jpg 1 37 30 54 54
1522_0056_0030_0026_0026.jpg 1 56 30 26 26
1523_0012_0019_0054_0054.jpg 1 12 19 54 54
1524_0006_0011_0058_0058.jpg 1 6 11 58 58
1525_0026_0007_0062_0062.jpg 1 26 7 62 62
1526_0035_0014_0052_0052.jpg 1 35 14 52 52
1527_0040_0055_0027_0027.jpg 1 40 55 27 27
1528_0005_0027_0048_0048.jpg 1 5 27 48 48
1529_0033_0040_0032_0032.jpg 1 33 40 32 32
1530_0047_0054_0030_0030.jpg 1 47 54 30 30
1531_0008_0036_0026_0026.jpg 1 8 36 26 26
1532_0025_0034_0047_0047.jpg 1 25 34 47 47
1533_0041_0036_0027_0027.jpg 1 41 36 27 27
1534_0026_0032_0054_0054.jpg 1 26 32 54 54
1535_0017_0018_0045_0045.jpg 1 17 18 45 45
1536_0015_0022_0066_0066.jpg 1 15 22 66 66
1537_0016_0027_0065_0065.jpg 1 16 27 65 65
1538_0066_0024_0026_0026.jpg 1 66 24 26 26
1539_0035_0042_0030_0030.jpg 1 35 42 30 30
1540_0027_0046_0045_0045.jpg 1 27 46 45 45
1541_0016_0010_0063_0063.jpg 1 16 10 63 63
1542_0032_0026_0039_0039.jpg 1 32 26 39 39
1543_0005_0038_0051_0051.jpg 1 5 38 51 51
1544_0009_0018_0057_0057.jpg 1 9 18 57 57
1545_0046_0050_0034_0034.jpg 1 46 50 34 34
1546_0012_0014_0025_0025.jpg 1 12 14 25 25
1547_0019_0020_0059_0059.jpg 1 19 20 59 59
1548_0021_0006_0068_0068.jpg 1 21 6 68 68
1549_0039_0013_0043_0043.jpg 1 39 13 43 43
1550_0033_0038_0050_0050.jpg 1 33 38 50 50
1551_0024_0016_0068_0068.jpg 1 24 16 68 68
1552_0015_0030_0045_0045.jpg 1 15 30 45 45
1553_0051_0014_0035_0035.jpg 1 51 14 35 35
1554_0013_0018_0050_0050.jpg 1 13 18 50 50
1555_0067_0053_0024_0024.jpg 1 67 53 24 24
1556_0038_0033_0043_0043.jpg 1 38 33 43 43
1557_0018_0023_0059_0059.jpg 1 18 23 59 59
1558_0035_0021_0040_0040.jpg 1 35 21 40 40
1559_0034_0014_0033_0033.jpg 1 34 14 33 33
1560_0015_0015_0047_0047.jpg 1 15 15 47 47
1561_0018_0042_0049_0049.jpg 1 18 42 49 49
1562_0022_0016_0047_0047.jpg 1 22 16 47 47
1563_0013_0011_0066_0066.jpg 1 13 11 66 66
1564_0032_0007_0057_0057.jpg 1 32 7 57 57
1565_0011_0038_0035_0035.jpg 1 11 38 35 35
1566_0037_0046_0040_0040.jpg 1 37 46 40 40
1567_0057_0056_0036_0036.jpg 1 57 56 36 36
1568_0021_0005_0063_0063.jpg 1 21 5 63 63
1569_0054_0027_0038_0038.jpg 1 54 27 38 38
1570_0026_0023_0068_0068.jpg 1 26 23 68 68
1571_0022_0024_0066_0066.jpg 1 22 24 66 66
1572_0043_0010_0033_0033.jpg 1 43 10 33 33
1573_0009_0036_0033_0033.jpg 1 9 36 33 33
1574_0037_0022_0027_0027.jpg 1 37 22 27 27
1575_0024_0006_0065_0065.jpg 1 24 6 65 65
1576_0026_0035_0047_0047.jpg 1 26 35 47 47
1577_0023_0055_0032_0032.jpg 1 23 55 32 32
1578_0019_0013_0058_0058.jpg 1 19 13 58 58
1579_0030_0017_0064_0064.jpg 1 30 17 64 64
1580_0008_0024_0035_0035.jpg 1 8 24 35 35
1581_0019_0020_0044_0044.jpg 1 19 20 44 44
1582_0040_0048_0044_0044.jpg 1 40 48 44 44
1583_0017_0061_0026_0026.jpg 1 17 61 26 26
1584_0041_0022_0046_0046.jpg 1 41 22 46 46
1585_0026_0026_0066_0066.jpg 1 26 26 66 66
1586_0032_0027_0043_0043.jpg 1 32 27 43 43
1587_0029_0033_0062_0062.jpg 1 29 33 62 62
1588_0058_0040_0027_0027.jpg 1 58 40 27 27
1589_0011_0018_0025_0025.jpg 1 11 18 25 25
1590_0030_0016_0037_0037.jpg 1 30 16 37 37
1591_0058_0019_0029_0029.jpg 1 58 19 29 29
1592_0027_0027_0058_0058.jpg 1 27 27 58 58
1593_0048_0028_0044_0044.jpg 1 48 28 44 44
1594_0012_0007_0062_0062.jpg 1 12 7 62 62
1595_0053_0008_0029_0029.jpg 1 53 8 29 29
1596_0043_0031_0049_0049.jpg 1 43 31 49 49
1597_0038_0015_0054_0054.jpg 1 38 15 54 54
1598_0013_0022_0069_0069.jpg 1 13 22 69 69
1599_0036_0048_0028_0028.jpg 1 36 48 28 28
1600_0028_0015_0053_0053.jpg 1 28 15 53 53
1601_0021_0007_0055_0055.jpg 1 21 7 55 55
1602_0044_0037_0034_0034.jpg 1 44 37 34 34
1603_0019_0024_0062_0062.jpg 1 19 24 62 62
1604_0042_0044_0042_0042.jpg 1 42 44 42 42
1605_0026_0018_0068_0068.jpg 1 26 18 68 68
1606_0008_0035_0060_0060.jpg 1 8 35 60 60
1607_0017_0004_0067_0067.jpg 1 17 4 67 67
1608_0043_0029_0050_0050.jpg 1 43 29 50 50
1609_0006_0007_0047_0047.jpg 1 6 7 47 47
1610_0030_0053_0038_0038.jpg 1 30 53 38 38
1611_0028_0032_0059_0059.jpg 1 28 32 59 59
1612_0044_0039_0046_0046.jpg 1 44 39 46 46
1613_0034_0030_0031_0031.jpg 1 34 30 31 31
1614_0032_0058_0035_0035.jpg 1 32 58 35 35
1615_0021_0027_0065_0065.jpg 1 21 27 65 65
1616_0049_0038_0034_0034.jpg 1 49 38 34 34
1617_0013_0024_0064_0064.jpg 1 13 24 64 64
1618_0020_0037_0031_0031.jpg 1 20 37 31 31
1619_0025_0027_0046_0046.jpg 1 25 27 46 46
1620_0028_0010_0054_0054.jpg 1 28 10 54 54
1621_0051_0048_0038_0038.jpg 1 51 48 38 38
1622_0038_0024_0037_0037.jpg 1 38 24 37 37
1623_0030_0036_0025_0025.jpg 1 30 36 25 25
1624_0034_0008_0055_0055.jpg 1 34 8 55 55
1625_0013_0022_0053_0053.jpg 1 13 22 53 53
1626_0045_0032_0042_0042.jpg 1 45 32 42 42
1627_0018_0046_0040_0040.jpg 1 18 46 40 40
1628_0019_0009_0067_0067.jpg 1 19 9 67 67
1629_0042_0020_0050_0050.jpg 1 42 20 50 50
1630_0023_0036_0044_0044.jpg 1 23 36 44 44
1631_0051_0023_0038_0038.jpg 1 51 23 38 38
1632_0009_0034_0060_0060.jpg 1 9 34 60 60
1633_0006_0014_0048_0048.jpg 1 6 14 48 48
1634_0037_0057_0028_0028.jpg 1 37 57 28 28
1635_0017_0013_0068_0068.jpg 1 17 13 68 68
1636_0020_0023_0058_0058.jpg 1 20 23 58 58
1637_0010_0052_0037_0037.jpg 1 10 52 37 37
1638_0006_0018_0054_0054.jpg 1 6 18 54 54
1639_0015_0035_0050_0050.jpg 1 15 35 50 50
1640_0032_0027_0029_0029.jpg 1 32 27 29 29
1641_0006_0024_0048_0048.jpg 1 6 24 48 48
1642_0020_0031_0049_0049.jpg 1 20 31 49 49
1643_0021_0060_0033_0033.jpg 1 21 60 33 33
1644_0021_0015_0068_0068.jpg 1 21 15 68 68
1645_0024_0040_0055_0055.jpg 1 24 40 55 55
1646_0004_0013_0069_0069.jpg 1 4 13 69 69
1647_0017_0037_0045_0045.jpg 1 17 37 45 45
1648_0019_0049_0042_0042.jpg 1 19 49 42 42
1649_0029_0051_0040_0040.jpg 1 29 51 40 40
1650_0029_0011_0030_0030.jpg 1 29 11 30 30
1651_0036_0029_0059_0059.jpg 1 36 29 59 59
1652_0004_0016_0060_0060.jpg 1 4 16 60 60
1653_0030_0025_0050_0050.jpg 1 30 25 50 50
1654_0033_0037_0051_0051.jpg 1 33 37 51 51
1655_0029_0021_0066_0066.jpg 1 29 21 66 66
1656_0037_0027_0045_0045.jpg 1 37 27 45 45
1657_0053_0044_0034_0034.jpg 1 53 44 34 34
1658_0025_0038_0056_0056.jpg 1 25 38 56 56
1659_0037_0036_0049_0049.jpg 1 37 36 49 49
1660_0055_0056_0032_0032.jpg 1 55 56 32 32
1661_0009_0017_0061_0061.jpg 1 9 17 61 61
1662_0027_0009_0068_0068.jpg 1 27 9 68 68
1663_0026_0021_0039_0039.jpg 1 26 21 39 39
1664_0009_0012_0025_0025.jpg 1 9 12 25 25
1665_0011_0033_0062_0062.jpg 1 11 33 62 62
1666_0006_0018_0041_0041.jpg 1 6 18 41 41
1667_0035_0018_0052_0052.jpg 1 35 18 52 52
1668_0019_0051_0038_0038.jpg 1 19 51 38 38
1669_0027_0008_0047_0047.jpg 1 27 8 47 47
1670_0019_0030_0027_0027.jpg 1 19 30 27 27
1671_0063_0040_0028_0028.jpg 1 63 40 28 28
1672_0012_0023_0039_0039.jpg 1 12 23 39 39
1673_0004_0015_0060_0060.jpg 1 4 15 60 60
1674_0018_0019_0068_0068.jpg 1 18 19 68 68
1675_0008_0015_0067_0067.jpg 1 8 15 67 67
1676_0010_0060_0028_0028.jpg 1 10 60 28 28
1677_0025_0009_0042_0042.jpg 1 25 9 42 42
1678_0014_0012_0052_0052.jpg 1 14 12 52 52
1679_0008_0045_0038_0038.jpg 1 8 45 38 38
1680_0023_0006_0048_0048.jpg 1 23 6 48 48
1681_0026_0034_0046_0046.jpg 1 26 34 46 46
1682_0006_0007_0054_0054.jpg 1 6 7 54 54
1683_0007_0033_0039_0039.jpg 1 7 33 39 39
1684_0015_0055_0030_0030.jpg 1 15 55 30 30
1685_0023_0040_0038_0038.jpg 1 23 40 38 38
1686_0040_0042_0052_0052.jpg 1 40 42 52 52
1687_0010_0016_0060_0060.jpg 1 10 16 60 60
1688_0021_0027_0068_0068.jpg 1 21 27 68 68
1689_0011_0032_0026_0026.jpg 1 11 32 26 26
1690_0019_0032_0036_0036.jpg 1 19 32 36 36
1691_0037_0016_0047_0047.jpg 1 37 16 47 47
1692_0005_0006_0053_0053.jpg 1 5 6 53 53
1693_0013_0017_0040_0040.jpg 1 13 17 40 40
1694_0004_0023_0069_0069.jpg 1 4 23 69 69
1695_0053_0054_0036_0036.jpg 1 53 54 36 36
1696_0012_0006_0038_0038.jpg 1 12 6 38 38
1697_0030_0006_0061_0061.jpg 1 30 6 61 61
1698_0040_0055_0028_0028.jpg 1 40 55 28 28
1699_0024_0020_0041_0041.jpg 1 24 20 41 41
1700_0027_0026_0066_0066.jpg 1 27 26 66 66
1701_0005_0021_0060_0060.jpg 1 5 21 60 60
1702_0032_0024_0059_0059.jpg 1 32 24 59 59
1703_0040_0011_0055_0055.jpg 1 40 11 55 55
1704_0031_0035_0035_0035.jpg 1 31 35 35 35
1705_0047_0052_0028_0028.jpg 1 47 52 28 28
1706_0014_0033_0042_0042.jpg 1 14 33 42 42
1707_0014_0034_0057_0057.jpg 1 14 34 57 57
1708_0010_0006_0061_0061.jpg 1 10 6 61 61
1709_0044_0007_0044_0044.jpg 1 44 7 44 44
1710_0022_0023_0060_0060.jpg 1 22 23 60 60
1711_0047_0053_0037_0037.jpg 1 47 53 37 37
1712_0049_0030_0044_0044.jpg 1 49 30 44 44
1713_0043_0049_0043_0043.jpg 1 43 49 43 43
1714_0046_0029_0047_0047.jpg 1 46 29 47 47
1715_0012_0015_0065_0065.jpg 1 12 15 65 65
1716_0068_0068_0024_0024.jpg 1 68 68 24 24
1717_0017_0022_0049_0049.jpg 1 17 22 49 49
1718_0019_0006_0068_0068.jpg 1 19 6 68 68
1719_0021_0043_0029_0029.jpg 1 21 43 29 29
1720_0007_0040_0040_0040.jpg 1 7 40 40 40
1721_0004_0012_0062_0062.jpg 1 4 12 62 62
1722_0013_0040_0047_0047.jpg 1 13 40 47 47
1723_0012_0023_0069_0069.jpg 1 12 23 69 69
1724_0031_0013_0054_0054.jpg 1 31 13 54 54
1725_0018_0006_0064_0064.jpg 1 18 6 64 64
1726_0039_0030_0041_0041.jpg 1 39 30 41 41
1727_0013_0006_0056_0056.jpg 1 13 6 56 56
1728_0043_0029_0046_0046.jpg 1 43 29 46 46
1729_0029_0009_0065_0065.jpg 1 29 9 65 65
1730_0056_0015_0032_0032.jpg 1 56 15 32 32
1731_0021_0020_0068_0068.jpg 1 21 20 68 68
1732_0026_0021_0054_0054.jpg 1 26 21 54 54
1733_0028_0033_0030_0030.jpg 1 28 33 30 30
1734_0025_0014_0031_0031.jpg 1 25 14 31 31
1735_0023_0017_0051_0051.jpg 1 23 17 51 51
1736_0039_0043_0031_0031.jpg 1 39 43 31 31
1737_0022_0021_0051_0051.jpg 1 22 21 51 51
1738_0025_0026_0059_0059.jpg 1 25 26 59 59
1739_0005_0018_0045_0045.jpg 1 5 18 45 45
1740_0032_0007_0060_0060.jpg 1 32 7 60 60
1741_0037_0018_0044_0044.jpg 1 37 18 44 44
1742_0051_0025_0032_0032.jpg 1 51 25 32 32
1743_0048_0039_0045_0045.jpg 1 48 39 45 45
1744_0032_0031_0040_0040.jpg 1 32 31 40 40
1745_0043_0056_0024_0024.jpg 1 43 56 24 24
1746_0041_0052_0027_0027.jpg 1 41 52 27 27
1747_0039_0024_0034_0034.jpg 1 39 24 34 34
1748_0022_0020_0057_0057.jpg 1 22 20 57 57
1749_0018_0049_0024_0024.jpg 1 18 49 24 24
1750_0012_0051_0032_0032.jpg 1 12 51 32 32
1751_0039_0029_0046_0046.jpg 1 39 29 46 46
1752_0015_0013_0057_0057.jpg 1 15 13 57 57
1753_0014_0017_0062_0062.jpg 1 14 17 62 62
1754_0008_0033_0050_0050.jpg 1 8 33 50 50
1755_0023_0034_0052_0052.jpg 1 23 34 52 52
1756_0035_0038_0033_0033.jpg 1 35 38 33 33
1757_0056_0050_0027_0027.jpg 1 56 50 27 27
1758_0041_0040_0046_0046.jpg 1 41 40 46 46
1759_0037_0042_0025_0025.jpg 1 37 42 25 25
1760_0038_0037_0026_0026.jpg 1 38 37 26 26
1761_0042_0007_0041_0041.jpg 1 42 7 41 41
1762_0023_0028_0061_0061.jpg 1 23 28 61 61
1763_0019_0016_0062_0062.jpg 1 19 16 62 62
1764_0018_0008_0059_0059.jpg 1 18 8 59 59
1765_0039_0047_0043_0043.jpg 1 39 47 43 43
1766_0038_0018_0028_0028.jpg 1 38 18 28 28
1767_0014_0013_0031_0031.jpg 1 14 13 31 31
1768_0031_0036_0058_0058.jpg 1 31 36 58 58
1769_0047_0028_0040_0040.jpg 1 47 28 40 40
1770_0039_0049_0033_0033.jpg 1 39 49 33 33
1771_0009_0038_0054_0054.jpg 1 9 38 54 54
1772_0054_0045_0032_0032.jpg 1 54 45 32 32
1773_0049_0024_0037_0037.jpg 1 49 24 37 37
1774_0020_0029_0033_0033.jpg 1 20 29 33 33
1775_0025_0022_0063_0063.jpg 1 25 22 63 63
1776_0035_0013_0057_0057.jpg 1 35 13 57 57
1777_0055_0026_0027_0027.jpg 1 55 26 27 27
1778_0028_0039_0054_0054.jpg 1 28 39 54 54
1779_0032_0009_0041_0041.jpg 1 32 9 41 41
1780_0046_0010_0042_0042.jpg 1 46 10 42 42
1781_0022_0053_0026_0026.jpg 1 22 53 26 26
1782_0027_0030_0042_0042.jpg 1 27 30 42 42
1783_0015_0015_0030_0030.jpg 1 15 15 30 30
1784_0005_0020_0063_0063.jpg 1 5 20 63 63
1785_0034_0012_0060_0060.jpg 1 34 12 60 60
1786_0018_0022_0056_0056.jpg 1 18 22 56 56
1787_0022_0012_0060_0060.jpg 1 22 12 60 60
1788_0021_0018_0056_0056.jpg 1 21 18 56 56
1789_0042_0038_0043_0043.jpg 1 42 38 43 43
1790_0018_0036_0054_0054.jpg 1 18 36 54 54
1791_0056_0032_0027_0027.jpg 1 56 32 27 27
1792_0017_0034_0035_0035.jpg 1 17 34 35 35
1793_0020_0009_0050_0050.jpg 1 20 9 50 50
1794_0011_0006_0064_0064.jpg 1 11 6 64 64
1795_0041_0018_0026_0026.jpg 1 41 18 26 26
1796_0046_0044_0045_0045.jpg 1 46 44 45 45
1797_0031_0040_0052_0052.jpg 1 31 40 52 52
1798_0035_0025_0053_0053.jpg 1 35 25 53 53
1799_0012_0009_0065_0065.jpg 1 12 9 65 65
1800_0017_0018_0065_0065.jpg 1 17 18 65 65
1801_0052_0010_0038_0038.jpg 1 52 10 38 38
1802_0032_0031_0030_0030.jpg 1 32 31 30 30
1803_0014_0025_0050_0050.jpg 1 14 25 50 50
1804_0024_0009_0049_0049.jpg 1 24 9 49 49
1805_0046_0015_0043_0043.jpg 1 46 15 43 43
1806_0032_0040_0054_0054.jpg 1 32 40 54 54
1807_0052_0045_0037_0037.jpg 1 52 45 37 37
1808_0028_0017_0042_0042.jpg 1 28 17 42 42
1809_0039_0023_0028_0028.jpg 1 39 23 28 28
1810_0012_0024_0042_0042.jpg 1 12 24 42 42
1811_0028_0039_0052_0052.jpg 1 28 39 52 52
1812_0047_0053_0024_0024.jpg 1 47 53 24 24
1813_0013_0014_0064_0064.jpg 1 13 14 64 64
1814_0043_0059_0029_0029.jpg 1 43 59 29 29
1815_0062_0048_0027_0027.jpg 1 62 48 27 27
1816_0042_0036_0052_0052.jpg 1 42 36 52 52
1817_0023_0030_0052_0052.jpg 1 23 30 52 52
1818_0013_0032_0040_0040.jpg 1 13 32 40 40
1819_0005_0013_0055_0055.jpg 1 5 13 55 55
1820_0054_0036_0024_0024.jpg 1 54 36 24 24
1821_0021_0044_0037_0037.jpg 1 21 44 37 37
1822_0007_0033_0053_0053.jpg 1 7 33 53 53
1823_0011_0039_0050_0050.jpg 1 11 39 50 50
1824_0016_0025_0049_0049.jpg 1 16 25 49 49
1825_0017_0009_0065_0065.jpg 1 17 9 65 65
1826_0029_0016_0057_0057.jpg 1 29 16 57 57
1827_0014_0041_0052_0052.jpg 1 14 41 52 52
1828_0037_0022_0024_0024.jpg 1 37 22 24 24
1829_0035_0035_0042_0042.jpg 1 35 35 42 42
1830_0011_0051_0034_0034.jpg 1 11 51 34 34
1831_0057_0010_0035_0035.jpg 1 57 10 35 35
1832_0005_0042_0047_0047.jpg 1 5 42 47 47
1833_0033_0020_0039_0039.jpg 1 33 20 39 39
1834_0034_0038_0056_0056.jpg 1 34 38 56 56
1835_0037_0042_0034_0034.jpg 1 37 42 34 34
1836_0047_0009_0027_0027.jpg 1 47 9 27 27
1837_0018_0043_0051_0051.jpg 1 18 43 51 51
1838_0019_0018_0046_0046.jpg 1 19 18 46 46
1839_0035_0025_0050_0050.jpg 1 35 25 50 50
1840_0032_0048_0036_0036.jpg 1 32 48 36 36
1841_0035_0004_0060_0060.jpg 1 35 4 60 60
1842_0009_0026_0063_0063.jpg 1 9 26 63 63
1843_0037_0033_0043_0043.jpg 1 37 33 43 43
1844_0011_0038_0041_0041.jpg 1 11 38 41 41
1845_0020_0015_0068_0068.jpg 1 20 15 68 68
1846_0009_0035_0048_0048.jpg 1 9 35 48 48
1847_0053_0028_0032_0032.jpg 1 53 28 32 32
1848_0006_0042_0046_0046.jpg 1 6 42 46 46
1849_0048_0030_0038_0038.jpg 1 48 30 38 38
1850_0031_0021_0038_0038.jpg 1 31 21 38 38
1851_0029_0034_0059_0059.jpg 1 29 34 59 59
1852_0023_0014_0032_0032.jpg 1 23 14 32 32
1853_0044_0034_0032_0032.jpg 1 44 34 32 32
1854_0024_0032_0032_0032.jpg 1 24 32 32 32
1855_0007_0016_0050_0050.jpg 1 7 16 50 50
1856_0020_0016_0052_0052.jpg 1 20 16 52 52
1857_0019_0004_0062_0062.jpg 1 19 4 62 62
1858_0027_0017_0057_0057.jpg 1 27 17 57 57
1859_0018_0035_0051_0051.jpg 1 18 35 51 51
1860_0013_0014_0065_0065.jpg 1 13 14 65 65
1861_0010_0031_0051_0051.jpg 1 10 31 51 51
1862_0014_0027_0066_0066.jpg 1 14 27 66 66
1863_0012_0022_0069_0069.jpg 1 12 22 69 69
1864_0011_0027_0040_0040.jpg 1 11 27 40 40
1865_0032_0010_0058_0058.jpg 1 32 10 58 58
1866_0016_0020_0032_0032.jpg 1 16 20 32 32
1867_0032_0049_0025_0025.jpg 1 32 49 25 25
1868_0019_0020_0046_0046.jpg 1 19 20 46 46
1869_0058_0038_0024_0024.jpg 1 58 38 24 24
1870_0024_0037_0027_0027.jpg 1 24 37 27 27
1871_0005_0030_0062_0062.jpg 1 5 30 62 62
1872_0036_0011_0026_0026.jpg 1 36 11 26 26
1873_0017_0008_0034_0034.jpg 1 17 8 34 34
1874_0027_0052_0027_0027.jpg 1 27 52 27 27
1875_0014_0033_0032_0032.jpg 1 14 33 32 32
1876_0027_0032_0037_0037.jpg 1 27 32 37 37
1877_0008_0019_0059_0059.jpg 1 8 19 59 59
1878_0005_0019_0057_0057.jpg 1 5 19 57 57
1879_0006_0018_0042_0042.jpg 1 6 18 42 42
1880_0009_0053_0028_0028.jpg 1 9 53 28 28
1881_0025_0013_0069_0069.jpg 1 25 13 69 69
1882_0035_0040_0047_0047.jpg 1 35 40 47 47
1883_0009_0035_0057_0057.jpg 1 9 35 57 57
1884_0006_0026_0037_0037.jpg 1 6 26 37 37
1885_0043_0026_0045_0045.jpg 1 43 26 45 45
1886_0020_0029_0063_0063.jpg 1 20 29 63 63
1887_0022_0026_0044_0044.jpg 1 22 26 44 44
1888_0031_0032_0025_0025.jpg 1 31 32 25 25
1889_0010_0017_0040_0040.jpg 1 10 17 40 40
1890_0008_0038_0047_0047.jpg 1 8 38 47 47
1891_0028_0039_0038_0038.jpg 1 28 39 38 38
1892_0017_0019_0060_0060.jpg 1 17 19 60 60
1893_0018_0039_0041_0041.jpg 1 18 39 41 41
1894_0034_0037_0044_0044.jpg 1 34 37 44 44
1895_0023_0037_0047_0047.jpg 1 23 37 47 47
1896_0019_0028_0029_0029.jpg 1 19 28 29 29
1897_0008_0010_0046_0046.jpg 1 8 10 46 46
1898_0008_0056_0025_0025.jpg 1 8 56 25 25
1899_0022_0036_0044_0044.jpg 1 22 36 44 44
1900_0047_0041_0045_0045.jpg 1 47 41 45 45
