0001_0034_0049_0044_0044.jpg 1 34 49 44 44
0002_0038_0020_0050_0050.jpg 1 38 20 50 50
0003_0018_0025_0028_0028.jpg 1 18 25 28 28
0004_0018_0048_0044_0044.jpg 1 18 48 44 44
0005_0019_0043_0049_0049.jpg 1 19 43 49 49
0006_0016_0007_0069_0069.jpg 1 16 7 69 69
0007_0044_0023_0045_0045.jpg 1 44 23 45 45
0008_0053_0018_0029_0029.jpg 1 53 18 29 29
0009_0032_0008_0044_0044.jpg 1 32 8 44 44
0010_0013_0032_0052_0052.jpg 1 13 32 52 52
0011_0020_0048_0039_0039.jpg 1 20 48 39 39
0012_0041_0041_0046_0046.jpg 1 41 41 46 46
0013_0026_0004_0062_0062.jpg 1 26 4 62 62
0014_0023_0024_0054_0054.jpg 1 23 24 54 54
0015_0027_0013_0057_0057.jpg 1 27 13 57 57
0016_0018_0021_0063_0063.jpg 1 18 21 63 63
0017_0010_0016_0069_0069.jpg 1 10 16 69 69
0018_0043_0020_0041_0041.jpg 1 43 20 41 41
0019_0027_0009_0055_0055.jpg 1 27 9 55 55
0020_0015_0054_0038_0038.jpg 1 15 54 38 38
0021_0017_0009_0038_0038.jpg 1 17 9 38 38
0022_0015_0041_0029_0029.jpg 1 15 41 29 29
0023_0032_0010_0035_0035.jpg 1 32 10 35 35
0024_0022_0004_0063_0063.jpg 1 22 4 63 63
0025_0051_0024_0037_0037.jpg 1 51 24 37 37
0026_0033_0060_0032_0032.jpg 1 33 60 32 32
0027_0016_0028_0058_0058.jpg 1 16 28 58 58
0028_0026_0009_0035_0035.jpg 1 26 9 35 35
0029_0006_0005_0067_0067.jpg 1 6 5 67 67
0030_0018_0038_0039_0039.jpg 1 18 38 39 39
0031_0036_0034_0030_0030.jpg 1 36 34 30 30
0032_0029_0032_0048_0048.jpg 1 29 32 48 48
0033_0012_0027_0030_0030.jpg 1 12 27 30 30
0034_0028_0021_0055_0055.jpg 1 28 21 55 55
0035_0062_0016_0030_0030.jpg 1 62 16 30 30
0036_0017_0022_0050_0050.jpg 1 17 22 50 50
0037_0025_0017_0064_0064.jpg 1 25 17 64 64
0038_0033_0014_0055_0055.jpg 1 33 14 55 55
0039_0004_0027_0060_0060.jpg 1 4 27 60 60
0040_0014_0039_0024_0024.jpg 1 14 39 24 24
0041_0014_0024_0048_0048.jpg 1 14 24 48 48
0042_0034_0016_0050_0050.jpg 1 34 16 50 50
0043_0038_0027_0055_0055.jpg 1 38 27 55 55
0044_0019_0007_0062_0062.jpg 1 19 7 62 62
0045_0017_0033_0033_0033.jpg 1 17 33 33 33
0046_0055_0036_0032_0032.jpg 1 55 36 32 32
0047_0039_0018_0049_0049.jpg 1 39 18 49 49
0048_0013_0010_0038_0038.jpg 1 13 10 38 38
0049_0063_0022_0027_0027.jpg 1 63 22 27 27
0050_0045_0038_0046_0046.jpg 1 45 38 46 46
0051_0035_0020_0057_0057.jpg 1 35 20 57 57
0052_0014_0007_0069_0069.jpg 1 14 7 69 69
0053_0027_0033_0051_0051.jpg 1 27 33 51 51
0054_0025_0022_0062_0062.jpg 1 25 22 62 62
0055_0006_0024_0046_0046.jpg 1 6 24 46 46
0056_0038_0009_0055_0055.jpg 1 38 9 55 55
0057_0006_0017_0068_0068.jpg 1 6 17 68 68
0058_0065_0025_0026_0026.jpg 1 65 25 26 26
0059_0007_0040_0045_0045.jpg 1 7 40 45 45
0060_0028_0060_0031_0031.jpg 1 28 60 31 31
0061_0040_0032_0033_0033.jpg 1 40 32 33 33
0062_0025_0061_0026_0026.jpg 1 25 61 26 26
0063_0025_0029_0040_0040.jpg 1 25 29 40 40
0064_0052_0020_0041_0041.jpg 1 52 20 41 41
0065_0015_0023_0035_0035.jpg 1 15 23 35 35
0066_0030_0019_0052_0052.jpg 1 30 19 52 52
0067_0034_0036_0059_0059.jpg 1 34 36 59 59
0068_0036_0047_0040_0040.jpg 1 36 47 40 40
0069_0028_0023_0045_0045.jpg 1 28 23 45 45
0070_0011_0022_0033_0033.jpg 1 11 22 33 33
0071_0023_0058_0030_0030.jpg 1 23 58 30 30
0072_0018_0024_0068_0068.jpg 1 18 24 68 68
0073_0043_0012_0024_0024.jpg 1 43 12 24 24
0074_0039_0013_0054_0054.jpg 1 39 13 54 54
0075_0005_0025_0063_0063.jpg 1 5 25 63 63
0076_0033_0015_0027_0027.jpg 1 33 15 27 27
0077_0046_0045_0047_0047.jpg 1 46 45 47 47
0078_0031_0006_0064_0064.jpg 1 31 6 64 64
0079_0028_0006_0064_0064.jpg 1 28 6 64 64
0080_0005_0026_0053_0053.jpg 1 5 26 53 53
0081_0009_0007_0057_0057.jpg 1 9 7 57 57
0082_0033_0041_0049_0049.jpg 1 33 41 49 49
0083_0034_0021_0036_0036.jpg 1 34 21 36 36
0084_0022_0039_0056_0056.jpg 1 22 39 56 56
0085_0021_0013_0064_0064.jpg 1 21 13 64 64
0086_0031_0018_0034_0034.jpg 1 31 18 34 34
0087_0029_0022_0046_0046.jpg 1 29 22 46 46
0088_0037_0048_0039_0039.jpg 1 37 48 39 39
0089_0016_0029_0052_0052.jpg 1 16 29 52 52
0090_0024_0040_0039_0039.jpg 1 24 40 39 39
0091_0042_0027_0049_0049.jpg 1 42 27 49 49
0092_0034_0006_0044_0044.jpg 1 34 6 44 44
0093_0019_0016_0069_0069.jpg 1 19 16 69 69
0094_0033_0018_0027_0027.jpg 1 33 18 27 27
0095_0037_0021_0043_0043.jpg 1 37 21 43 43
0096_0029_0025_0061_0061.jpg 1 29 25 61 61
0097_0020_0050_0037_0037.jpg 1 20 50 37 37
0098_0025_0016_0065_0065.jpg 1 25 16 65 65
0099_0033_0018_0053_0053.jpg 1 33 18 53 53
0100_0016_0050_0038_0038.jpg 1 16 50 38 38
0101_0009_0044_0033_0033.jpg 1 9 44 33 33
0102_0039_0011_0039_0039.jpg 1 39 11 39 39
0103_0021_0029_0037_0037.jpg 1 21 29 37 37
0104_0059_0017_0031_0031.jpg 1 59 17 31 31
0105_0042_0017_0044_0044.jpg 1 42 17 44 44
0106_0009_0022_0055_0055.jpg 1 9 22 55 55
0107_0013_0020_0066_0066.jpg 1 13 20 66 66
0108_0011_0037_0036_0036.jpg 1 11 37 36 36
0109_0018_0021_0049_0049.jpg 1 18 21 49 49
0110_0017_0042_0024_0024.jpg 1 17 42 24 24
0111_0010_0038_0046_0046.jpg 1 10 38 46 46
0112_0011_0022_0058_0058.jpg 1 11 22 58 58
0113_0031_0016_0058_0058.jpg 1 31 16 58 58
0114_0044_0014_0048_0048.jpg 1 44 14 48 48
0115_0010_0033_0056_0056.jpg 1 10 33 56 56
0116_0017_0031_0046_0046.jpg 1 17 31 46 46
0117_0004_0022_0051_0051.jpg 1 4 22 51 51
0118_0022_0021_0068_0068.jpg 1 22 21 68 68
0119_0045_0043_0035_0035.jpg 1 45 43 35 35
0120_0006_0018_0048_0048.jpg 1 6 18 48 48
0121_0024_0010_0033_0033.jpg 1 24 10 33 33
0122_0009_0021_0056_0056.jpg 1 9 21 56 56
0123_0010_0020_0057_0057.jpg 1 10 20 57 57
0124_0013_0039_0048_0048.jpg 1 13 39 48 48
0125_0007_0026_0067_0067.jpg 1 7 26 67 67
0126_0013_0030_0037_0037.jpg 1 13 30 37 37
0127_0032_0024_0049_0049.jpg 1 32 24 49 49
0128_0008_0012_0062_0062.jpg 1 8 12 62 62
0129_0008_0017_0069_0069.jpg 1 8 17 69 69
0130_0008_0016_0061_0061.jpg 1 8 16 61 61
0131_0032_0034_0053_0053.jpg 1 32 34 53 53
0132_0023_0030_0050_0050.jpg 1 23 30 50 50
0133_0006_0005_0056_0056.jpg 1 6 5 56 56
0134_0004_0025_0069_0069.jpg 1 4 25 69 69
0135_0030_0007_0060_0060.jpg 1 30 7 60 60
0136_0011_0028_0046_0046.jpg 1 11 28 46 46
0137_0036_0021_0052_0052.jpg 1 36 21 52 52
0138_0061_0041_0024_0024.jpg 1 61 41 24 24
0139_0067_0053_0024_0024.jpg 1 67 53 24 24
0140_0006_0037_0037_0037.jpg 1 6 37 37 37
0141_0048_0018_0044_0044.jpg 1 48 18 44 44
0142_0005_0022_0060_0060.jpg 1 5 22 60 60
0143_0009_0037_0028_0028.jpg 1 9 37 28 28
0144_0018_0012_0064_0064.jpg 1 18 12 64 64
0145_0009_0024_0062_0062.jpg 1 9 24 62 62
0146_0028_0031_0049_0049.jpg 1 28 31 49 49
0147_0023_0034_0059_0059.jpg 1 23 34 59 59
0148_0033_0035_0033_0033.jpg 1 33 35 33 33
0149_0011_0019_0062_0062.jpg 1 11 19 62 62
0150_0021_0008_0069_0069.jpg 1 21 8 69 69
0151_0024_0019_0038_0038.jpg 1 24 19 38 38
0152_0040_0038_0047_0047.jpg 1 40 38 47 47
0153_0054_0028_0032_0032.jpg 1 54 28 32 32
0154_0021_0005_0067_0067.jpg 1 21 5 67 67
0155_0033_0044_0032_0032.jpg 1 33 44 32 32
0156_0046_0033_0035_0035.jpg 1 46 33 35 35
0157_0055_0016_0029_0029.jpg 1 55 16 29 29
0158_0017_0025_0037_0037.jpg 1 17 25 37 37
0159_0056_0019_0032_0032.jpg 1 56 19 32 32
0160_0008_0026_0029_0029.jpg 1 8 26 29 29
0161_0020_0013_0059_0059.jpg 1 20 13 59 59
0162_0028_0030_0059_0059.jpg 1 28 30 59 59
0163_0010_0038_0028_0028.jpg 1 10 38 28 28
0164_0041_0037_0028_0028.jpg 1 41 37 28 28
0165_0007_0042_0046_0046.jpg 1 7 42 46 46
0166_0024_0005_0065_0065.jpg 1 24 5 65 65
0167_0048_0015_0029_0029.jpg 1 48 15 29 29
0168_0020_0024_0038_0038.jpg 1 20 24 38 38
0169_0039_0013_0048_0048.jpg 1 39 13 48 48
0170_0043_0045_0048_0048.jpg 1 43 45 48 48
0171_0010_0013_0041_0041.jpg 1 10 13 41 41
0172_0044_0054_0035_0035.jpg 1 44 54 35 35
0173_0026_0032_0047_0047.jpg 1 26 32 47 47
0174_0022_0058_0034_0034.jpg 1 22 58 34 34
0175_0007_0011_0053_0053.jpg 1 7 11 53 53
0176_0023_0028_0030_0030.jpg 1 23 28 30 30
0177_0047_0011_0027_0027.jpg 1 47 11 27 27
0178_0036_0018_0027_0027.jpg 1 36 18 27 27
0179_0052_0022_0036_0036.jpg 1 52 22 36 36
0180_0011_0020_0056_0056.jpg 1 11 20 56 56
0181_0010_0051_0034_0034.jpg 1 10 51 34 34
0182_0055_0022_0038_0038.jpg 1 55 22 38 38
0183_0006_0032_0064_0064.jpg 1 6 32 64 64
0184_0036_0020_0056_0056.jpg 1 36 20 56 56
0185_0005_0008_0050_0050.jpg 1 5 8 50 50
0186_0015_0066_0026_0026.jpg 1 15 66 26 26
0187_0008_0018_0062_0062.jpg 1 8 18 62 62
0188_0015_0041_0041_0041.jpg 1 15 41 41 41
0189_0013_0036_0039_0039.jpg 1 13 36 39 39
0190_0024_0020_0062_0062.jpg 1 24 20 62 62
0191_0013_0028_0047_0047.jpg 1 13 28 47 47
0192_0015_0021_0065_0065.jpg 1 15 21 65 65
0193_0042_0047_0043_0043.jpg 1 42 47 43 43
0194_0003_0011_0069_0069.jpg 1 3 11 69 69
0195_0010_0012_0050_0050.jpg 1 10 12 50 50
0196_0007_0023_0025_0025.jpg 1 7 23 25 25
0197_0044_0053_0038_0038.jpg 1 44 53 38 38
0198_0022_0013_0052_0052.jpg 1 22 13 52 52
0199_0011_0021_0069_0069.jpg 1 11 21 69 69
0200_0051_0021_0041_0041.jpg 1 51 21 41 41
0201_0039_0020_0036_0036.jpg 1 39 20 36 36
0202_0014_0009_0045_0045.jpg 1 14 9 45 45
0203_0032_0013_0049_0049.jpg 1 32 13 49 49
0204_0023_0019_0042_0042.jpg 1 23 19 42 42
0205_0022_0007_0032_0032.jpg 1 22 7 32 32
0206_0035_0043_0031_0031.jpg 1 35 43 31 31
0207_0023_0007_0037_0037.jpg 1 23 7 37 37
0208_0036_0009_0057_0057.jpg 1 36 9 57 57
0209_0007_0010_0068_0068.jpg 1 7 10 68 68
0210_0021_0014_0054_0054.jpg 1 21 14 54 54
0211_0028_0035_0044_0044.jpg 1 28 35 44 44
0212_0056_0020_0029_0029.jpg 1 56 20 29 29
0213_0040_0010_0048_0048.jpg 1 40 10 48 48
0214_0021_0037_0035_0035.jpg 1 21 37 35 35
0215_0010_0049_0034_0034.jpg 1 10 49 34 34
0216_0025_0040_0042_0042.jpg 1 25 40 42 42
0217_0037_0007_0055_0055.jpg 1 37 7 55 55
0218_0028_0019_0066_0066.jpg 1 28 19 66 66
0219_0018_0038_0047_0047.jpg 1 18 38 47 47
0220_0026_0045_0035_0035.jpg 1 26 45 35 35
0221_0013_0033_0056_0056.jpg 1 13 33 56 56
0222_0010_0023_0061_0061.jpg 1 10 23 61 61
0223_0007_0050_0035_0035.jpg 1 7 50 35 35
0224_0016_0009_0064_0064.jpg 1 16 9 64 64
0225_0026_0035_0043_0043.jpg 1 26 35 43 43
0226_0023_0018_0065_0065.jpg 1 23 18 65 65
0227_0019_0019_0066_0066.jpg 1 19 19 66 66
0228_0018_0031_0058_0058.jpg 1 18 31 58 58
0229_0044_0045_0042_0042.jpg 1 44 45 42 42
0230_0011_0039_0052_0052.jpg 1 11 39 52 52
0231_0008_0015_0065_0065.jpg 1 8 15 65 65
0232_0019_0020_0058_0058.jpg 1 19 20 58 58
0233_0057_0043_0031_0031.jpg 1 57 43 31 31
0234_0022_0018_0069_0069.jpg 1 22 18 69 69
0235_0039_0041_0047_0047.jpg 1 39 41 47 47
0236_0028_0016_0045_0045.jpg 1 28 16 45 45
0237_0006_0015_0049_0049.jpg 1 6 15 49 49
0238_0026_0031_0044_0044.jpg 1 26 31 44 44
0239_0035_0016_0037_0037.jpg 1 35 16 37 37
0240_0041_0032_0038_0038.jpg 1 41 32 38 38
0241_0023_0043_0046_0046.jpg 1 23 43 46 46
0242_0014_0026_0049_0049.jpg 1 14 26 49 49
0243_0025_0024_0054_0054.jpg 1 25 24 54 54
0244_0015_0015_0062_0062.jpg 1 15 15 62 62
0245_0050_0020_0041_0041.jpg 1 50 20 41 41
0246_0013_0025_0066_0066.jpg 1 13 25 66 66
0247_0005_0011_0059_0059.jpg 1 5 11 59 59
0248_0037_0031_0044_0044.jpg 1 37 31 44 44
0249_0054_0042_0029_0029.jpg 1 54 42 29 29
0250_0012_0034_0053_0053.jpg 1 12 34 53 53
0251_0009_0035_0027_0027.jpg 1 9 35 27 27
0252_0037_0015_0052_0052.jpg 1 37 15 52 52
0253_0017_0006_0044_0044.jpg 1 17 6 44 44
0254_0051_0053_0030_0030.jpg 1 51 53 30 30
0255_0028_0018_0056_0056.jpg 1 28 18 56 56
0256_0028_0010_0068_0068.jpg 1 28 10 68 68
0257_0005_0016_0045_0045.jpg 1 5 16 45 45
0258_0018_0008_0026_0026.jpg 1 18 8 26 26
0259_0011_0017_0054_0054.jpg 1 11 17 54 54
0260_0067_0030_0025_0025.jpg 1 67 30 25 25
0261_0036_0005_0048_0048.jpg 1 36 5 48 48
0262_0017_0039_0055_0055.jpg 1 17 39 55 55
0263_0061_0027_0027_0027.jpg 1 61 27 27 27
0264_0018_0052_0029_0029.jpg 1 18 52 29 29
0265_0015_0034_0039_0039.jpg 1 15 34 39 39
0266_0036_0039_0037_0037.jpg 1 36 39 37 37
0267_0006_0022_0059_0059.jpg 1 6 22 59 59
0268_0011_0008_0064_0064.jpg 1 11 8 64 64
0269_0022_0027_0059_0059.jpg 1 22 27 59 59
0270_0054_0020_0029_0029.jpg 1 54 20 29 29
0271_0016_0023_0053_0053.jpg 1 16 23 53 53
0272_0026_0035_0052_0052.jpg 1 26 35 52 52
0273_0055_0047_0029_0029.jpg 1 55 47 29 29
0274_0032_0009_0028_0028.jpg 1 32 9 28 28
0275_0028_0012_0067_0067.jpg 1 28 12 67 67
0276_0038_0023_0047_0047.jpg 1 38 23 47 47
0277_0044_0022_0032_0032.jpg 1 44 22 32 32
0278_0004_0009_0061_0061.jpg 1 4 9 61 61
0279_0013_0028_0047_0047.jpg 1 13 28 47 47
0280_0020_0056_0035_0035.jpg 1 20 56 35 35
0281_0054_0046_0030_0030.jpg 1 54 46 30 30
0282_0010_0006_0041_0041.jpg 1 10 6 41 41
0283_0029_0018_0066_0066.jpg 1 29 18 66 66
0284_0048_0036_0038_0038.jpg 1 48 36 38 38
0285_0015_0006_0058_0058.jpg 1 15 6 58 58
0286_0013_0041_0035_0035.jpg 1 13 41 35 35
0287_0021_0008_0065_0065.jpg 1 21 8 65 65
0288_0032_0006_0049_0049.jpg 1 32 6 49 49
0289_0014_0024_0027_0027.jpg 1 14 24 27 27
0290_0027_0007_0049_0049.jpg 1 27 7 49 49
0291_0050_0046_0027_0027.jpg 1 50 46 27 27
0292_0022_0011_0038_0038.jpg 1 22 11 38 38
0293_0020_0046_0025_0025.jpg 1 20 46 25 25
0294_0010_0035_0033_0033.jpg 1 10 35 33 33
0295_0034_0026_0025_0025.jpg 1 34 26 25 25
0296_0025_0009_0064_0064.jpg 1 25 9 64 64
0297_0015_0028_0064_0064.jpg 1 15 28 64 64
0298_0031_0034_0035_0035.jpg 1 31 34 35 35
0299_0057_0048_0028_0028.jpg 1 57 48 28 28
0300_0014_0044_0025_0025.jpg 1 14 44 25 25
0301_0012_0009_0049_0049.jpg 1 12 9 49 49
0302_0012_0029_0048_0048.jpg 1 12 29 48 48
0303_0005_0011_0051_0051.jpg 1 5 11 51 51
0304_0005_0027_0050_0050.jpg 1 5 27 50 50
0305_0015_0027_0057_0057.jpg 1 15 27 57 57
0306_0005_0020_0065_0065.jpg 1 5 20 65 65
0307_0013_0010_0066_0066.jpg 1 13 10 66 66
0308_0014_0038_0038_0038.jpg 1 14 38 38 38
0309_0016_0012_0053_0053.jpg 1 16 12 53 53
0310_0022_0016_0053_0053.jpg 1 22 16 53 53
0311_0013_0024_0066_0066.jpg 1 13 24 66 66
0312_0027_0021_0037_0037.jpg 1 27 21 37 37
0313_0027_0008_0058_0058.jpg 1 27 8 58 58
0314_0038_0027_0046_0046.jpg 1 38 27 46 46
0315_0019_0017_0060_0060.jpg 1 19 17 60 60
0316_0023_0013_0069_0069.jpg 1 23 13 69 69
0317_0036_0030_0030_0030.jpg 1 36 30 30 30
0318_0022_0009_0064_0064.jpg 1 22 9 64 64
0319_0052_0028_0032_0032.jpg 1 52 28 32 32
0320_0005_0031_0058_0058.jpg 1 5 31 58 58
0321_0015_0009_0031_0031.jpg 1 15 9 31 31
0322_0012_0013_0066_0066.jpg 1 12 13 66 66
0323_0034_0026_0058_0058.jpg 1 34 26 58 58
0324_0029_0006_0054_0054.jpg 1 29 6 54 54
0325_0053_0054_0025_0025.jpg 1 53 54 25 25
0326_0012_0031_0055_0055.jpg 1 12 31 55 55
0327_0021_0021_0068_0068.jpg 1 21 21 68 68
0328_0030_0031_0062_0062.jpg 1 30 31 62 62
0329_0019_0008_0063_0063.jpg 1 19 8 63 63
0330_0064_0035_0028_0028.jpg 1 64 35 28 28
0331_0017_0005_0067_0067.jpg 1 17 5 67 67
0332_0019_0023_0061_0061.jpg 1 19 23 61 61
0333_0053_0017_0039_0039.jpg 1 53 17 39 39
0334_0020_0039_0055_0055.jpg 1 20 39 55 55
0335_0014_0015_0029_0029.jpg 1 14 15 29 29
0336_0020_0010_0057_0057.jpg 1 20 10 57 57
0337_0013_0031_0036_0036.jpg 1 13 31 36 36
0338_0021_0037_0049_0049.jpg 1 21 37 49 49
0339_0030_0039_0050_0050.jpg 1 30 39 50 50
0340_0033_0045_0045_0045.jpg 1 33 45 45 45
0341_0023_0025_0053_0053.jpg 1 23 25 53 53
0342_0018_0025_0065_0065.jpg 1 18 25 65 65
0343_0012_0060_0029_0029.jpg 1 12 60 29 29
0344_0033_0010_0046_0046.jpg 1 33 10 46 46
0345_0013_0025_0057_0057.jpg 1 13 25 57 57
0346_0022_0021_0030_0030.jpg 1 22 21 30 30
0347_0031_0032_0045_0045.jpg 1 31 32 45 45
0348_0022_0028_0040_0040.jpg 1 22 28 40 40
0349_0029_0017_0061_0061.jpg 1 29 17 61 61
0350_0024_0010_0068_0068.jpg 1 24 10 68 68
0351_0035_0029_0053_0053.jpg 1 35 29 53 53
0352_0014_0012_0048_0048.jpg 1 14 12 48 48
0353_0006_0008_0065_0065.jpg 1 6 8 65 65
0354_0024_0022_0059_0059.jpg 1 24 22 59 59
0355_0026_0031_0062_0062.jpg 1 26 31 62 62
0356_0053_0035_0037_0037.jpg 1 53 35 37 37
0357_0048_0045_0034_0034.jpg 1 48 45 34 34
0358_0011_0014_0024_0024.jpg 1 11 14 24 24
0359_0039_0010_0051_0051.jpg 1 39 10 51 51
0360_0032_0019_0036_0036.jpg 1 32 19 36 36
0361_0026_0006_0062_0062.jpg 1 26 6 62 62
0362_0008_0008_0052_0052.jpg 1 8 8 52 52
0363_0016_0021_0069_0069.jpg 1 16 21 69 69
0364_0010_0017_0068_0068.jpg 1 10 17 68 68
0365_0009_0022_0065_0065.jpg 1 9 22 65 65
0366_0012_0022_0065_0065.jpg 1 12 22 65 65
0367_0006_0035_0057_0057.jpg 1 6 35 57 57
0368_0010_0044_0028_0028.jpg 1 10 44 28 28
0369_0039_0009_0055_0055.jpg 1 39 9 55 55
0370_0028_0033_0024_0024.jpg 1 28 33 24 24
0371_0025_0041_0045_0045.jpg 1 25 41 45 45
0372_0005_0006_0057_0057.jpg 1 5 6 57 57
0373_0013_0041_0051_0051.jpg 1 13 41 51 51
0374_0012_0007_0058_0058.jpg 1 12 7 58 58
0375_0040_0016_0054_0054.jpg 1 40 16 54 54
0376_0034_0061_0026_0026.jpg 1 34 61 26 26
0377_0046_0016_0048_0048.jpg 1 46 16 48 48
0378_0021_0011_0045_0045.jpg 1 21 11 45 45
0379_0023_0005_0057_0057.jpg 1 23 5 57 57
0380_0029_0005_0055_0055.jpg 1 29 5 55 55
0381_0021_0030_0033_0033.jpg 1 21 30 33 33
0382_0016_0038_0056_0056.jpg 1 16 38 56 56
0383_0019_0016_0059_0059.jpg 1 19 16 59 59
0384_0029_0053_0039_0039.jpg 1 29 53 39 39
0385_0004_0009_0056_0056.jpg 1 4 9 56 56
0386_0006_0017_0068_0068.jpg 1 6 17 68 68
0387_0015_0014_0053_0053.jpg 1 15 14 53 53
0388_0045_0027_0049_0049.jpg 1 45 27 49 49
0389_0007_0025_0064_0064.jpg 1 7 25 64 64
0390_0016_0009_0052_0052.jpg 1 16 9 52 52
0391_0031_0032_0049_0049.jpg 1 31 32 49 49
0392_0017_0040_0045_0045.jpg 1 17 40 45 45
0393_0059_0051_0030_0030.jpg 1 59 51 30 30
0394_0055_0038_0036_0036.jpg 1 55 38 36 36
0395_0031_0026_0035_0035.jpg 1 31 26 35 35
0396_0029_0025_0055_0055.jpg 1 29 25 55 55
0397_0028_0022_0064_0064.jpg 1 28 22 64 64
0398_0037_0054_0030_0030.jpg 1 37 54 30 30
0399_0013_0008_0034_0034.jpg 1 13 8 34 34
0400_0016_0023_0055_0055.jpg 1 16 23 55 55
0401_0010_0036_0040_0040.jpg 1 10 36 40 40
0402_0029_0018_0029_0029.jpg 1 29 18 29 29
0403_0021_0020_0068_0068.jpg 1 21 20 68 68
0404_0049_0039_0043_0043.jpg 1 49 39 43 43
0405_0014_0005_0050_0050.jpg 1 14 5 50 50
0406_0022_0026_0062_0062.jpg 1 22 26 62 62
0407_0013_0020_0025_0025.jpg 1 13 20 25 25
0408_0046_0014_0044_0044.jpg 1 46 14 44 44
0409_0027_0021_0031_0031.jpg 1 27 21 31 31
0410_0016_0030_0053_0053.jpg 1 16 30 53 53
0411_0021_0013_0061_0061.jpg 1 21 13 61 61
0412_0006_0010_0049_0049.jpg 1 6 10 49 49
0413_0056_0027_0032_0032.jpg 1 56 27 32 32
0414_0007_0031_0033_0033.jpg 1 7 31 33 33
0415_0018_0027_0055_0055.jpg 1 18 27 55 55
0416_0052_0017_0038_0038.jpg 1 52 17 38 38
0417_0027_0022_0042_0042.jpg 1 27 22 42 42
0418_0007_0017_0028_0028.jpg 1 7 17 28 28
0419_0031_0026_0065_0065.jpg 1 31 26 65 65
0420_0054_0020_0029_0029.jpg 1 54 20 29 29
0421_0035_0033_0030_0030.jpg 1 35 33 30 30
0422_0060_0020_0024_0024.jpg 1 60 20 24 24
0423_0017_0018_0067_0067.jpg 1 17 18 67 67
0424_0028_0030_0030_0030.jpg 1 28 30 30 30
0425_0024_0020_0052_0052.jpg 1 24 20 52 52
0426_0007_0005_0045_0045.jpg 1 7 5 45 45
0427_0013_0019_0069_0069.jpg 1 13 19 69 69
0428_0023_0043_0041_0041.jpg 1 23 43 41 41
0429_0018_0050_0031_0031.jpg 1 18 50 31 31
0430_0036_0020_0057_0057.jpg 1 36 20 57 57
0431_0051_0048_0036_0036.jpg 1 51 48 36 36
0432_0009_0014_0066_0066.jpg 1 9 14 66 66
0433_0010_0010_0065_0065.jpg 1 10 10 65 65
0434_0004_0008_0066_0066.jpg 1 4 8 66 66
0435_0006_0019_0065_0065.jpg 1 6 19 65 65
0436_0018_0054_0027_0027.jpg 1 18 54 27 27
0437_0009_0016_0063_0063.jpg 1 9 16 63 63
0438_0035_0024_0052_0052.jpg 1 35 24 52 52
0439_0039_0048_0038_0038.jpg 1 39 48 38 38
0440_0060_0032_0030_0030.jpg 1 60 32 30 30
0441_0035_0013_0038_0038.jpg 1 35 13 38 38
0442_0018_0021_0069_0069.jpg 1 18 21 69 69
0443_0011_0030_0062_0062.jpg 1 11 30 62 62
0444_0035_0045_0035_0035.jpg 1 35 45 35 35
0445_0045_0018_0036_0036.jpg 1 45 18 36 36
0446_0008_0039_0045_0045.jpg 1 8 39 45 45
0447_0036_0040_0048_0048.jpg 1 36 40 48 48
0448_0015_0047_0029_0029.jpg 1 15 47 29 29
0449_0035_0035_0038_0038.jpg 1 35 35 38 38
0450_0014_0026_0060_0060.jpg 1 14 26 60 60
0451_0023_0014_0032_0032.jpg 1 23 14 32 32
0452_0011_0005_0058_0058.jpg 1 11 5 58 58
0453_0012_0035_0027_0027.jpg 1 12 35 27 27
0454_0029_0030_0063_0063.jpg 1 29 30 63 63
0455_0010_0036_0040_0040.jpg 1 10 36 40 40
0456_0032_0012_0062_0062.jpg 1 32 12 62 62
0457_0032_0045_0041_0041.jpg 1 32 45 41 41
0458_0047_0049_0039_0039.jpg 1 47 49 39 39
0459_0025_0019_0040_0040.jpg 1 25 19 40 40
0460_0029_0023_0039_0039.jpg 1 29 23 39 39
0461_0035_0025_0038_0038.jpg 1 35 25 38 38
0462_0021_0058_0033_0033.jpg 1 21 58 33 33
0463_0017_0009_0062_0062.jpg 1 17 9 62 62
0464_0031_0021_0060_0060.jpg 1 31 21 60 60
0465_0013_0023_0043_0043.jpg 1 13 23 43 43
0466_0039_0014_0053_0053.jpg 1 39 14 53 53
0467_0017_0031_0063_0063.jpg 1 17 31 63 63
0468_0042_0020_0048_0048.jpg 1 42 20 48 48
0469_0044_0012_0033_0033.jpg 1 44 12 33 33
0470_0041_0043_0052_0052.jpg 1 41 43 52 52
0471_0013_0012_0064_0064.jpg 1 13 12 64 64
0472_0033_0026_0037_0037.jpg 1 33 26 37 37
0473_0013_0051_0034_0034.jpg 1 13 51 34 34
0474_0009_0020_0039_0039.jpg 1 9 20 39 39
0475_0031_0043_0030_0030.jpg 1 31 43 30 30
0476_0021_0023_0040_0040.jpg 1 21 23 40 40
0477_0054_0038_0026_0026.jpg 1 54 38 26 26
0478_0046_0032_0041_0041.jpg 1 46 32 41 41
0479_0042_0006_0049_0049.jpg 1 42 6 49 49
0480_0008_0029_0064_0064.jpg 1 8 29 64 64
0481_0033_0008_0037_0037.jpg 1 33 8 37 37
0482_0046_0007_0029_0029.jpg 1 46 7 29 29
0483_0035_0034_0057_0057.jpg 1 35 34 57 57
0484_0011_0026_0038_0038.jpg 1 11 26 38 38
0485_0058_0034_0034_0034.jpg 1 58 34 34 34
0486_0054_0037_0039_0039.jpg 1 54 37 39 39
0487_0031_0024_0031_0031.jpg 1 31 24 31 31
0488_0026_0029_0041_0041.jpg 1 26 29 41 41
0489_0005_0033_0058_0058.jpg 1 5 33 58 58
0490_0039_0025_0045_0045.jpg 1 39 25 45 45
0491_0018_0031_0032_0032.jpg 1 18 31 32 32
0492_0009_0025_0062_0062.jpg 1 9 25 62 62
0493_0041_0043_0040_0040.jpg 1 41 43 40 40
0494_0038_0010_0029_0029.jpg 1 38 10 29 29
0495_0039_0033_0037_0037.jpg 1 39 33 37 37
0496_0014_0028_0065_0065.jpg 1 14 28 65 65
0497_0023_0044_0047_0047.jpg 1 23 44 47 47
0498_0044_0008_0024_0024.jpg 1 44 8 24 24
0499_0025_0046_0035_0035.jpg 1 25 46 35 35
0500_0018_0032_0059_0059.jpg 1 18 32 59 59
0501_0023_0019_0044_0044.jpg 1 23 19 44 44
0502_0007_0008_0067_0067.jpg 1 7 8 67 67
0503_0019_0023_0046_0046.jpg 1 19 23 46 46
0504_0028_0013_0056_0056.jpg 1 28 13 56 56
0505_0021_0027_0066_0066.jpg 1 21 27 66 66
0506_0012_0029_0062_0062.jpg 1 12 29 62 62
0507_0009_0032_0053_0053.jpg 1 9 32 53 53
0508_0010_0020_0038_0038.jpg 1 10 20 38 38
0509_0030_0020_0034_0034.jpg 1 30 20 34 34
0510_0030_0017_0064_0064.jpg 1 30 17 64 64
0511_0043_0021_0033_0033.jpg 1 43 21 33 33
0512_0031_0038_0036_0036.jpg 1 31 38 36 36
0513_0033_0042_0047_0047.jpg 1 33 42 47 47
0514_0038_0009_0028_0028.jpg 1 38 9 28 28
0515_0037_0038_0046_0046.jpg 1 37 38 46 46
0516_0031_0005_0061_0061.jpg 1 31 5 61 61
0517_0020_0007_0046_0046.jpg 1 20 7 46 46
0518_0031_0033_0052_0052.jpg 1 31 33 52 52
0519_0013_0024_0048_0048.jpg 1 13 24 48 48
0520_0026_0024_0036_0036.jpg 1 26 24 36 36
0521_0048_0037_0032_0032.jpg 1 48 37 32 32
0522_0031_0016_0044_0044.jpg 1 31 16 44 44
0523_0023_0013_0050_0050.jpg 1 23 13 50 50
0524_0033_0034_0054_0054.jpg 1 33 34 54 54
0525_0040_0017_0026_0026.jpg 1 40 17 26 26
0526_0039_0010_0038_0038.jpg 1 39 10 38 38
0527_0021_0027_0039_0039.jpg 1 21 27 39 39
0528_0033_0006_0057_0057.jpg 1 33 6 57 57
0529_0011_0009_0065_0065.jpg 1 11 9 65 65
0530_0006_0015_0067_0067.jpg 1 6 15 67 67
0531_0017_0016_0069_0069.jpg 1 17 16 69 69
0532_0030_0022_0054_0054.jpg 1 30 22 54 54
0533_0057_0023_0035_0035.jpg 1 57 23 35 35
0534_0007_0037_0034_0034.jpg 1 7 37 34 34
0535_0031_0031_0057_0057.jpg 1 31 31 57 57
0536_0004_0031_0056_0056.jpg 1 4 31 56 56
0537_0030_0013_0062_0062.jpg 1 30 13 62 62
0538_0037_0016_0024_0024.jpg 1 37 16 24 24
0539_0024_0006_0065_0065.jpg 1 24 6 65 65
0540_0018_0017_0037_0037.jpg 1 18 17 37 37
0541_0043_0036_0051_0051.jpg 1 43 36 51 51
0542_0008_0026_0027_0027.jpg 1 8 26 27 27
0543_0019_0008_0068_0068.jpg 1 19 8 68 68
0544_0014_0013_0055_0055.jpg 1 14 13 55 55
0545_0031_0027_0052_0052.jpg 1 31 27 52 52
0546_0038_0036_0055_0055.jpg 1 38 36 55 55
0547_0047_0012_0033_0033.jpg 1 47 12 33 33
0548_0035_0026_0053_0053.jpg 1 35 26 53 53
0549_0048_0030_0040_0040.jpg 1 48 30 40 40
0550_0021_0051_0037_0037.jpg 1 21 51 37 37
0551_0011_0026_0026_0026.jpg 1 11 26 26 26
0552_0009_0029_0051_0051.jpg 1 9 29 51 51
0553_0032_0024_0043_0043.jpg 1 32 24 43 43
0554_0037_0063_0029_0029.jpg 1 37 63 29 29
0555_0053_0046_0030_0030.jpg 1 53 46 30 30
0556_0033_0011_0042_0042.jpg 1 33 11 42 42
0557_0011_0031_0053_0053.jpg 1 11 31 53 53
0558_0023_0005_0059_0059.jpg 1 23 5 59 59
0559_0007_0029_0059_0059.jpg 1 7 29 59 59
0560_0026_0009_0064_0064.jpg 1 26 9 64 64
0561_0024_0024_0052_0052.jpg 1 24 24 52 52
0562_0032_0033_0054_0054.jpg 1 32 33 54 54
0563_0036_0036_0052_0052.jpg 1 36 36 52 52
0564_0027_0031_0051_0051.jpg 1 27 31 51 51
0565_0006_0019_0050_0050.jpg 1 6 19 50 50
0566_0012_0043_0049_0049.jpg 1 12 43 49 49
0567_0036_0029_0057_0057.jpg 1 36 29 57 57
0568_0045_0019_0027_0027.jpg 1 45 19 27 27
0569_0042_0017_0045_0045.jpg 1 42 17 45 45
0570_0033_0003_0061_0061.jpg 1 33 3 61 61
0571_0023_0006_0033_0033.jpg 1 23 6 33 33
0572_0025_0015_0069_0069.jpg 1 25 15 69 69
0573_0032_0012_0051_0051.jpg 1 32 12 51 51
0574_0050_0012_0037_0037.jpg 1 50 12 37 37
0575_0027_0019_0067_0067.jpg 1 27 19 67 67
0576_0048_0029_0034_0034.jpg 1 48 29 34 34
0577_0037_0049_0038_0038.jpg 1 37 49 38 38
0578_0014_0011_0055_0055.jpg 1 14 11 55 55
0579_0008_0009_0057_0057.jpg 1 8 9 57 57
0580_0009_0037_0045_0045.jpg 1 9 37 45 45
0581_0017_0026_0036_0036.jpg 1 17 26 36 36
0582_0010_0011_0066_0066.jpg 1 10 11 66 66
0583_0009_0032_0050_0050.jpg 1 9 32 50 50
0584_0027_0017_0065_0065.jpg 1 27 17 65 65
0585_0059_0048_0032_0032.jpg 1 59 48 32 32
0586_0023_0014_0068_0068.jpg 1 23 14 68 68
0587_0010_0010_0064_0064.jpg 1 10 10 64 64
0588_0037_0048_0036_0036.jpg 1 37 48 36 36
0589_0017_0020_0051_0051.jpg 1 17 20 51 51
0590_0022_0041_0045_0045.jpg 1 22 41 45 45
0591_0020_0017_0043_0043.jpg 1 20 17 43 43
0592_0021_0003_0068_0068.jpg 1 21 3 68 68
0593_0050_0035_0034_0034.jpg 1 50 35 34 34
0594_0030_0027_0029_0029.jpg 1 30 27 29 29
0595_0019_0046_0043_0043.jpg 1 19 46 43 43
0596_0023_0009_0043_0043.jpg 1 23 9 43 43
0597_0018_0011_0038_0038.jpg 1 18 11 38 38
0598_0026_0025_0068_0068.jpg 1 26 25 68 68
0599_0015_0063_0025_0025.jpg 1 15 63 25 25
0600_0026_0017_0068_0068.jpg 1 26 17 68 68
0601_0044_0053_0027_0027.jpg 1 44 53 27 27
0602_0022_0007_0031_0031.jpg 1 22 7 31 31
0603_0020_0040_0030_0030.jpg 1 20 40 30 30
0604_0008_0020_0048_0048.jpg 1 8 20 48 48
0605_0050_0041_0042_0042.jpg 1 50 41 42 42
0606_0030_0015_0054_0054.jpg 1 30 15 54 54
0607_0010_0059_0025_0025.jpg 1 10 59 25 25
0608_0064_0011_0027_0027.jpg 1 64 11 27 27
0609_0045_0028_0039_0039.jpg 1 45 28 39 39
0610_0015_0029_0050_0050.jpg 1 15 29 50 50
0611_0018_0007_0069_0069.jpg 1 18 7 69 69
0612_0038_0020_0043_0043.jpg 1 38 20 43 43
0613_0052_0010_0040_0040.jpg 1 52 10 40 40
0614_0041_0027_0036_0036.jpg 1 41 27 36 36
0615_0039_0026_0055_0055.jpg 1 39 26 55 55
0616_0023_0011_0035_0035.jpg 1 23 11 35 35
0617_0039_0016_0047_0047.jpg 1 39 16 47 47
0618_0025_0042_0041_0041.jpg 1 25 42 41 41
0619_0030_0004_0057_0057.jpg 1 30 4 57 57
0620_0045_0026_0038_0038.jpg 1 45 26 38 38
0621_0057_0056_0025_0025.jpg 1 57 56 25 25
0622_0032_0020_0028_0028.jpg 1 32 20 28 28
0623_0036_0036_0050_0050.jpg 1 36 36 50 50
0624_0016_0040_0053_0053.jpg 1 16 40 53 53
0625_0010_0026_0024_0024.jpg 1 10 26 24 24
0626_0017_0019_0060_0060.jpg 1 17 19 60 60
0627_0037_0052_0038_0038.jpg 1 37 52 38 38
0628_0023_0008_0067_0067.jpg 1 23 8 67 67
0629_0046_0028_0027_0027.jpg 1 46 28 27 27
0630_0004_0032_0059_0059.jpg 1 4 32 59 59
0631_0035_0040_0033_0033.jpg 1 35 40 33 33
0632_0040_0022_0027_0027.jpg 1 40 22 27 27
0633_0020_0026_0064_0064.jpg 1 20 26 64 64
0634_0054_0057_0033_0033.jpg 1 54 57 33 33
0635_0018_0017_0054_0054.jpg 1 18 17 54 54
0636_0027_0032_0062_0062.jpg 1 27 32 62 62
0637_0008_0022_0056_0056.jpg 1 8 22 56 56
0638_0035_0019_0047_0047.jpg 1 35 19 47 47
0639_0032_0054_0032_0032.jpg 1 32 54 32 32
0640_0008_0036_0041_0041.jpg 1 8 36 41 41
0641_0057_0037_0024_0024.jpg 1 57 37 24 24
0642_0059_0048_0025_0025.jpg 1 59 48 25 25
0643_0066_0066_0024_0024.jpg 1 66 66 24 24
0644_0005_0034_0059_0059.jpg 1 5 34 59 59
0645_0030_0018_0061_0061.jpg 1 30 18 61 61
0646_0019_0018_0067_0067.jpg 1 19 18 67 67
0647_0039_0041_0040_0040.jpg 1 39 41 40 40
0648_0005_0035_0059_0059.jpg 1 5 35 59 59
0649_0051_0015_0038_0038.jpg 1 51 15 38 38
0650_0024_0034_0025_0025.jpg 1 24 34 25 25
0651_0053_0022_0034_0034.jpg 1 53 22 34 34
0652_0015_0026_0041_0041.jpg 1 15 26 41 41
0653_0035_0028_0054_0054.jpg 1 35 28 54 54
0654_0047_0010_0029_0029.jpg 1 47 10 29 29
0655_0009_0027_0056_0056.jpg 1 9 27 56 56
0656_0032_0030_0063_0063.jpg 1 32 30 63 63
0657_0010_0007_0065_0065.jpg 1 10 7 65 65
0658_0022_0028_0063_0063.jpg 1 22 28 63 63
0659_0044_0016_0050_0050.jpg 1 44 16 50 50
0660_0021_0045_0042_0042.jpg 1 21 45 42 42
0661_0033_0037_0025_0025.jpg 1 33 37 25 25
0662_0016_0015_0063_0063.jpg 1 16 15 63 63
0663_0050_0024_0043_0043.jpg 1 50 24 43 43
0664_0017_0020_0025_0025.jpg 1 17 20 25 25
0665_0005_0008_0062_0062.jpg 1 5 8 62 62
0666_0054_0008_0034_0034.jpg 1 54 8 34 34
0667_0007_0009_0061_0061.jpg 1 7 9 61 61
0668_0018_0018_0068_0068.jpg 1 18 18 68 68
0669_0010_0008_0068_0068.jpg 1 10 8 68 68
0670_0009_0029_0041_0041.jpg 1 9 29 41 41
0671_0055_0043_0024_0024.jpg 1 55 43 24 24
0672_0035_0021_0055_0055.jpg 1 35 21 55 55
0673_0025_0026_0069_0069.jpg 1 25 26 69 69
0674_0008_0034_0059_0059.jpg 1 8 34 59 59
0675_0024_0016_0031_0031.jpg 1 24 16 31 31
0676_0034_0036_0050_0050.jpg 1 34 36 50 50
0677_0023_0037_0039_0039.jpg 1 23 37 39 39
0678_0042_0059_0029_0029.jpg 1 42 59 29 29
0679_0054_0044_0026_0026.jpg 1 54 44 26 26
0680_0016_0013_0057_0057.jpg 1 16 13 57 57
0681_0011_0029_0064_0064.jpg 1 11 29 64 64
0682_0026_0038_0056_0056.jpg 1 26 38 56 56
0683_0015_0026_0054_0054.jpg 1 15 26 54 54
0684_0040_0045_0047_0047.jpg 1 40 45 47 47
0685_0035_0037_0034_0034.jpg 1 35 37 34 34
0686_0042_0039_0035_0035.jpg 1 42 39 35 35
0687_0039_0006_0037_0037.jpg 1 39 6 37 37
0688_0018_0039_0032_0032.jpg 1 18 39 32 32
0689_0010_0013_0049_0049.jpg 1 10 13 49 49
0690_0022_0024_0058_0058.jpg 1 22 24 58 58
0691_0031_0016_0063_0063.jpg 1 31 16 63 63
0692_0046_0007_0039_0039.jpg 1 46 7 39 39
0693_0009_0027_0038_0038.jpg 1 9 27 38 38
0694_0010_0020_0064_0064.jpg 1 10 20 64 64
0695_0020_0010_0032_0032.jpg 1 20 10 32 32
0696_0008_0030_0064_0064.jpg 1 8 30 64 64
0697_0028_0040_0029_0029.jpg 1 28 40 29 29
0698_0009_0022_0056_0056.jpg 1 9 22 56 56
0699_0015_0030_0047_0047.jpg 1 15 30 47 47
0700_0033_0058_0024_0024.jpg 1 33 58 24 24
0701_0059_0050_0032_0032.jpg 1 59 50 32 32
0702_0027_0024_0058_0058.jpg 1 27 24 58 58
0703_0035_0011_0050_0050.jpg 1 35 11 50 50
0704_0011_0051_0026_0026.jpg 1 11 51 26 26
0705_0009_0031_0051_0051.jpg 1 9 31 51 51
0706_0022_0019_0068_0068.jpg 1 22 19 68 68
0707_0013_0037_0026_0026.jpg 1 13 37 26 26
0708_0027_0046_0028_0028.jpg 1 27 46 28 28
0709_0005_0005_0054_0054.jpg 1 5 5 54 54
0710_0018_0008_0068_0068.jpg 1 18 8 68 68
0711_0033_0050_0041_0041.jpg 1 33 50 41 41
0712_0036_0018_0053_0053.jpg 1 36 18 53 53
0713_0039_0042_0051_0051.jpg 1 39 42 51 51
0714_0021_0015_0028_0028.jpg 1 21 15 28 28
0715_0009_0030_0055_0055.jpg 1 9 30 55 55
0716_0009_0003_0065_0065.jpg 1 9 3 65 65
0717_0036_0015_0037_0037.jpg 1 36 15 37 37
0718_0037_0034_0040_0040.jpg 1 37 34 40 40
0719_0016_0016_0053_0053.jpg 1 16 16 53 53
0720_0011_0017_0030_0030.jpg 1 11 17 30 30
0721_0058_0007_0026_0026.jpg 1 58 7 26 26
0722_0029_0017_0040_0040.jpg 1 29 17 40 40
0723_0024_0016_0062_0062.jpg 1 24 16 62 62
0724_0027_0031_0024_0024.jpg 1 27 31 24 24
0725_0008_0012_0065_0065.jpg 1 8 12 65 65
0726_0024_0049_0037_0037.jpg 1 24 49 37 37
0727_0011_0021_0044_0044.jpg 1 11 21 44 44
0728_0026_0029_0028_0028.jpg 1 26 29 28 28
0729_0026_0033_0061_0061.jpg 1 26 33 61 61
0730_0031_0012_0064_0064.jpg 1 31 12 64 64
0731_0044_0014_0048_0048.jpg 1 44 14 48 48
0732_0034_0035_0059_0059.jpg 1 34 35 59 59
0733_0010_0033_0059_0059.jpg 1 10 33 59 59
0734_0015_0016_0050_0050.jpg 1 15 16 50 50
0735_0035_0026_0061_0061.jpg 1 35 26 61 61
0736_0048_0020_0027_0027.jpg 1 48 20 27 27
0737_0023_0008_0055_0055.jpg 1 23 8 55 55
0738_0023_0045_0033_0033.jpg 1 23 45 33 33
0739_0055_0043_0030_0030.jpg 1 55 43 30 30
0740_0034_0033_0057_0057.jpg 1 34 33 57 57
0741_0020_0026_0027_0027.jpg 1 20 26 27 27
0742_0027_0019_0057_0057.jpg 1 27 19 57 57
0743_0024_0020_0067_0067.jpg 1 24 20 67 67
0744_0033_0025_0061_0061.jpg 1 33 25 61 61
0745_0005_0006_0045_0045.jpg 1 5 6 45 45
0746_0042_0036_0043_0043.jpg 1 42 36 43 43
0747_0029_0028_0062_0062.jpg 1 29 28 62 62
0748_0023_0030_0056_0056.jpg 1 23 30 56 56
0749_0032_0012_0047_0047.jpg 1 32 12 47 47
0750_0036_0032_0039_0039.jpg 1 36 32 39 39
0751_0063_0056_0028_0028.jpg 1 63 56 28 28
0752_0021_0009_0058_0058.jpg 1 21 9 58 58
0753_0007_0021_0030_0030.jpg 1 7 21 30 30
0754_0015_0017_0065_0065.jpg 1 15 17 65 65
0755_0038_0037_0025_0025.jpg 1 38 37 25 25
0756_0024_0025_0058_0058.jpg 1 24 25 58 58
0757_0028_0024_0063_0063.jpg 1 28 24 63 63
0758_0014_0041_0054_0054.jpg 1 14 41 54 54
0759_0049_0011_0039_0039.jpg 1 49 11 39 39
0760_0008_0037_0047_0047.jpg 1 8 37 47 47
0761_0046_0038_0048_0048.jpg 1 46 38 48 48
0762_0049_0033_0043_0043.jpg 1 49 33 43 43
0763_0007_0041_0033_0033.jpg 1 7 41 33 33
0764_0020_0008_0057_0057.jpg 1 20 8 57 57
0765_0047_0033_0024_0024.jpg 1 47 33 24 24
0766_0015_0008_0037_0037.jpg 1 15 8 37 37
0767_0008_0030_0061_0061.jpg 1 8 30 61 61
0768_0009_0012_0062_0062.jpg 1 9 12 62 62
0769_0019_0008_0025_0025.jpg 1 19 8 25 25
0770_0031_0030_0048_0048.jpg 1 31 30 48 48
0771_0055_0051_0034_0034.jpg 1 55 51 34 34
0772_0046_0056_0032_0032.jpg 1 46 56 32 32
0773_0014_0016_0028_0028.jpg 1 14 16 28 28
0774_0039_0031_0052_0052.jpg 1 39 31 52 52
0775_0011_0008_0056_0056.jpg 1 11 8 56 56
0776_0025_0026_0053_0053.jpg 1 25 26 53 53
0777_0035_0014_0054_0054.jpg 1 35 14 54 54
0778_0039_0005_0046_0046.jpg 1 39 5 46 46
0779_0020_0020_0054_0054.jpg 1 20 20 54 54
0780_0024_0030_0049_0049.jpg 1 24 30 49 49
0781_0024_0033_0056_0056.jpg 1 24 33 56 56
0782_0030_0016_0063_0063.jpg 1 30 16 63 63
0783_0040_0021_0045_0045.jpg 1 40 21 45 45
0784_0031_0033_0062_0062.jpg 1 31 33 62 62
0785_0043_0007_0049_0049.jpg 1 43 7 49 49
0786_0038_0007_0045_0045.jpg 1 38 7 45 45
0787_0013_0036_0049_0049.jpg 1 13 36 49 49
0788_0004_0035_0052_0052.jpg 1 4 35 52 52
0789_0013_0050_0037_0037.jpg 1 13 50 37 37
0790_0020_0025_0059_0059.jpg 1 20 25 59 59
0791_0033_0021_0057_0057.jpg 1 33 21 57 57
0792_0021_0031_0057_0057.jpg 1 21 31 57 57
0793_0047_0019_0031_0031.jpg 1 47 19 31 31
0794_0054_0045_0033_0033.jpg 1 54 45 33 33
0795_0054_0065_0026_0026.jpg 1 54 65 26 26
0796_0017_0008_0067_0067.jpg 1 17 8 67 67
0797_0012_0037_0026_0026.jpg 1 12 37 26 26
0798_0006_0029_0053_0053.jpg 1 6 29 53 53
0799_0050_0023_0030_0030.jpg 1 50 23 30 30
0800_0014_0004_0066_0066.jpg 1 14 4 66 66
0801_0010_0005_0055_0055.jpg 1 10 5 55 55
0802_0007_0020_0066_0066.jpg 1 7 20 66 66
0803_0028_0027_0061_0061.jpg 1 28 27 61 61
0804_0013_0007_0064_0064.jpg 1 13 7 64 64
0805_0016_0018_0034_0034.jpg 1 16 18 34 34
0806_0050_0028_0029_0029.jpg 1 50 28 29 29
0807_0035_0018_0042_0042.jpg 1 35 18 42 42
0808_0018_0049_0043_0043.jpg 1 18 49 43 43
0809_0024_0048_0045_0045.jpg 1 24 48 45 45
0810_0008_0039_0026_0026.jpg 1 8 39 26 26
0811_0026_0048_0035_0035.jpg 1 26 48 35 35
0812_0014_0023_0069_0069.jpg 1 14 23 69 69
0813_0034_0062_0029_0029.jpg 1 34 62 29 29
0814_0049_0013_0035_0035.jpg 1 49 13 35 35
0815_0023_0028_0065_0065.jpg 1 23 28 65 65
0816_0011_0029_0049_0049.jpg 1 11 29 49 49
0817_0026_0024_0065_0065.jpg 1 26 24 65 65
0818_0014_0009_0028_0028.jpg 1 14 9 28 28
0819_0027_0017_0058_0058.jpg 1 27 17 58 58
0820_0024_0047_0029_0029.jpg 1 24 47 29 29
0821_0023_0014_0061_0061.jpg 1 23 14 61 61
0822_0032_0026_0061_0061.jpg 1 32 26 61 61
0823_0011_0011_0068_0068.jpg 1 11 11 68 68
0824_0039_0027_0037_0037.jpg 1 39 27 37 37
0825_0050_0048_0040_0040.jpg 1 50 48 40 40
0826_0022_0027_0046_0046.jpg 1 22 27 46 46
0827_0004_0015_0066_0066.jpg 1 4 15 66 66
0828_0012_0027_0049_0049.jpg 1 12 27 49 49
0829_0030_0024_0053_0053.jpg 1 30 24 53 53
0830_0015_0028_0040_0040.jpg 1 15 28 40 40
0831_0038_0010_0053_0053.jpg 1 38 10 53 53
0832_0006_0007_0053_0053.jpg 1 6 7 53 53
0833_0023_0005_0061_0061.jpg 1 23 5 61 61
0834_0022_0034_0061_0061.jpg 1 22 34 61 61
0835_0007_0058_0032_0032.jpg 1 7 58 32 32
0836_0033_0035_0055_0055.jpg 1 33 35 55 55
0837_0030_0028_0049_0049.jpg 1 30 28 49 49
0838_0035_0038_0049_0049.jpg 1 35 38 49 49
0839_0044_0026_0039_0039.jpg 1 44 26 39 39
0840_0007_0040_0052_0052.jpg 1 7 40 52 52
0841_0009_0008_0026_0026.jpg 1 9 8 26 26
0842_0030_0040_0048_0048.jpg 1 30 40 48 48
0843_0020_0018_0031_0031.jpg 1 20 18 31 31
0844_0062_0008_0028_0028.jpg 1 62 8 28 28
0845_0014_0012_0031_0031.jpg 1 14 12 31 31
0846_0040_0031_0043_0043.jpg 1 40 31 43 43
0847_0026_0017_0064_0064.jpg 1 26 17 64 64
0848_0008_0007_0032_0032.jpg 1 8 7 32 32
0849_0016_0018_0067_0067.jpg 1 16 18 67 67
0850_0013_0028_0053_0053.jpg 1 13 28 53 53
0851_0026_0012_0057_0057.jpg 1 26 12 57 57
0852_0060_0030_0030_0030.jpg 1 60 30 30 30
0853_0013_0012_0064_0064.jpg 1 13 12 64 64
0854_0019_0022_0057_0057.jpg 1 19 22 57 57
0855_0052_0030_0033_0033.jpg 1 52 30 33 33
0856_0023_0044_0046_0046.jpg 1 23 44 46 46
0857_0033_0010_0054_0054.jpg 1 33 10 54 54
0858_0031_0050_0041_0041.jpg 1 31 50 41 41
0859_0029_0029_0059_0059.jpg 1 29 29 59 59
0860_0013_0035_0034_0034.jpg 1 13 35 34 34
0861_0014_0025_0058_0058.jpg 1 14 25 58 58
0862_0014_0024_0059_0059.jpg 1 14 24 59 59
0863_0011_0033_0056_0056.jpg 1 11 33 56 56
0864_0036_0016_0059_0059.jpg 1 36 16 59 59
0865_0058_0028_0034_0034.jpg 1 58 28 34 34
0866_0031_0015_0042_0042.jpg 1 31 15 42 42
0867_0039_0022_0055_0055.jpg 1 39 22 55 55
0868_0039_0010_0054_0054.jpg 1 39 10 54 54
0869_0019_0022_0041_0041.jpg 1 19 22 41 41
0870_0037_0053_0040_0040.jpg 1 37 53 40 40
0871_0031_0004_0063_0063.jpg 1 31 4 63 63
0872_0029_0034_0027_0027.jpg 1 29 34 27 27
0873_0015_0025_0055_0055.jpg 1 15 25 55 55
0874_0009_0011_0054_0054.jpg 1 9 11 54 54
0875_0015_0024_0041_0041.jpg 1 15 24 41 41
0876_0027_0047_0028_0028.jpg 1 27 47 28 28
0877_0021_0032_0048_0048.jpg 1 21 32 48 48
0878_0020_0011_0033_0033.jpg 1 20 11 33 33
0879_0025_0017_0056_0056.jpg 1 25 17 56 56
0880_0039_0008_0024_0024.jpg 1 39 8 24 24
0881_0013_0016_0063_0063.jpg 1 13 16 63 63
0882_0062_0055_0027_0027.jpg 1 62 55 27 27
0883_0026_0035_0056_0056.jpg 1 26 35 56 56
0884_0011_0010_0065_0065.jpg 1 11 10 65 65
0885_0032_0051_0027_0027.jpg 1 32 51 27 27
0886_0032_0053_0025_0025.jpg 1 32 53 25 25
0887_0033_0027_0043_0043.jpg 1 33 27 43 43
0888_0010_0022_0053_0053.jpg 1 10 22 53 53
0889_0065_0031_0026_0026.jpg 1 65 31 26 26
0890_0012_0023_0051_0051.jpg 1 12 23 51 51
0891_0021_0020_0069_0069.jpg 1 21 20 69 69
0892_0049_0048_0041_0041.jpg 1 49 48 41 41
0893_0020_0037_0049_0049.jpg 1 20 37 49 49
0894_0033_0017_0041_0041.jpg 1 33 17 41 41
0895_0029_0011_0049_0049.jpg 1 29 11 49 49
0896_0040_0040_0045_0045.jpg 1 40 40 45 45
0897_0033_0017_0031_0031.jpg 1 33 17 31 31
0898_0025_0018_0046_0046.jpg 1 25 18 46 46
0899_0010_0041_0035_0035.jpg 1 10 41 35 35
0900_0036_0034_0030_0030.jpg 1 36 34 30 30
0901_0012_0021_0058_0058.jpg 1 12 21 58 58
0902_0003_0027_0068_0068.jpg 1 3 27 68 68
0903_0038_0047_0044_0044.jpg 1 38 47 44 44
0904_0034_0046_0027_0027.jpg 1 34 46 27 27
0905_0039_0025_0055_0055.jpg 1 39 25 55 55
0906_0012_0028_0053_0053.jpg 1 12 28 53 53
0907_0032_0023_0052_0052.jpg 1 32 23 52 52
0908_0021_0026_0067_0067.jpg 1 21 26 67 67
0909_0030_0015_0043_0043.jpg 1 30 15 43 43
0910_0008_0030_0064_0064.jpg 1 8 30 64 64
0911_0007_0031_0051_0051.jpg 1 7 31 51 51
0912_0044_0030_0040_0040.jpg 1 44 30 40 40
0913_0031_0058_0035_0035.jpg 1 31 58 35 35
0914_0049_0021_0041_0041.jpg 1 49 21 41 41
0915_0025_0014_0066_0066.jpg 1 25 14 66 66
0916_0027_0047_0035_0035.jpg 1 27 47 35 35
0917_0035_0042_0040_0040.jpg 1 35 42 40 40
0918_0008_0012_0058_0058.jpg 1 8 12 58 58
0919_0029_0026_0063_0063.jpg 1 29 26 63 63
0920_0022_0045_0030_0030.jpg 1 22 45 30 30
0921_0043_0008_0041_0041.jpg 1 43 8 41 41
0922_0020_0036_0027_0027.jpg 1 20 36 27 27
0923_0007_0031_0053_0053.jpg 1 7 31 53 53
0924_0010_0012_0035_0035.jpg 1 10 12 35 35
0925_0018_0018_0068_0068.jpg 1 18 18 68 68
0926_0034_0019_0053_0053.jpg 1 34 19 53 53
0927_0032_0033_0050_0050.jpg 1 32 33 50 50
0928_0007_0041_0044_0044.jpg 1 7 41 44 44
0929_0053_0038_0026_0026.jpg 1 53 38 26 26
0930_0020_0016_0062_0062.jpg 1 20 16 62 62
0931_0032_0039_0047_0047.jpg 1 32 39 47 47
0932_0019_0036_0047_0047.jpg 1 19 36 47 47
0933_0024_0016_0062_0062.jpg 1 24 16 62 62
0934_0005_0022_0053_0053.jpg 1 5 22 53 53
0935_0023_0031_0044_0044.jpg 1 23 31 44 44
0936_0018_0039_0041_0041.jpg 1 18 39 41 41
0937_0008_0011_0068_0068.jpg 1 8 11 68 68
0938_0035_0039_0043_0043.jpg 1 35 39 43 43
0939_0042_0029_0026_0026.jpg 1 42 29 26 26
0940_0023_0012_0063_0063.jpg 1 23 12 63 63
0941_0023_0043_0028_0028.jpg 1 23 43 28 28
0942_0036_0012_0030_0030.jpg 1 36 12 30 30
0943_0018_0019_0026_0026.jpg 1 18 19 26 26
0944_0014_0026_0042_0042.jpg 1 14 26 42 42
0945_0007_0006_0067_0067.jpg 1 7 6 67 67
0946_0039_0013_0039_0039.jpg 1 39 13 39 39
0947_0020_0011_0052_0052.jpg 1 20 11 52 52
0948_0018_0050_0032_0032.jpg 1 18 50 32 32
0949_0035_0043_0050_0050.jpg 1 35 43 50 50
0950_0019_0023_0065_0065.jpg 1 19 23 65 65
0951_0037_0031_0047_0047.jpg 1 37 31 47 47
0952_0016_0016_0065_0065.jpg 1 16 16 65 65
0953_0017_0027_0048_0048.jpg 1 17 27 48 48
0954_0004_0035_0059_0059.jpg 1 4 35 59 59
0955_0023_0050_0031_0031.jpg 1 23 50 31 31
0956_0006_0004_0067_0067.jpg 1 6 4 67 67
0957_0025_0033_0027_0027.jpg 1 25 33 27 27
0958_0044_0036_0048_0048.jpg 1 44 36 48 48
0959_0010_0025_0026_0026.jpg 1 10 25 26 26
0960_0013_0026_0061_0061.jpg 1 13 26 61 61
0961_0035_0009_0043_0043.jpg 1 35 9 43 43
0962_0016_0021_0069_0069.jpg 1 16 21 69 69
0963_0009_0038_0040_0040.jpg 1 9 38 40 40
0964_0040_0056_0030_0030.jpg 1 40 56 30 30
0965_0033_0033_0031_0031.jpg 1 33 33 31 31
0966_0028_0017_0067_0067.jpg 1 28 17 67 67
0967_0017_0027_0060_0060.jpg 1 17 27 60 60
0968_0036_0007_0036_0036.jpg 1 36 7 36 36
0969_0021_0037_0030_0030.jpg 1 21 37 30 30
0970_0011_0030_0060_0060.jpg 1 11 30 60 60
0971_0039_0048_0038_0038.jpg 1 39 48 38 38
0972_0014_0041_0034_0034.jpg 1 14 41 34 34
0973_0023_0023_0069_0069.jpg 1 23 23 69 69
0974_0021_0017_0053_0053.jpg 1 21 17 53 53
0975_0021_0021_0065_0065.jpg 1 21 21 65 65
0976_0007_0008_0048_0048.jpg 1 7 8 48 48
0977_0021_0028_0065_0065.jpg 1 21 28 65 65
0978_0012_0008_0068_0068.jpg 1 12 8 68 68
0979_0013_0031_0047_0047.jpg 1 13 31 47 47
0980_0049_0055_0024_0024.jpg 1 49 55 24 24
0981_0009_0020_0035_0035.jpg 1 9 20 35 35
0982_0041_0012_0039_0039.jpg 1 41 12 39 39
0983_0013_0047_0034_0034.jpg 1 13 47 34 34
0984_0024_0010_0066_0066.jpg 1 24 10 66 66
0985_0026_0033_0050_0050.jpg 1 26 33 50 50
0986_0022_0036_0035_0035.jpg 1 22 36 35 35
0987_0039_0016_0025_0025.jpg 1 39 16 25 25
0988_0016_0016_0034_0034.jpg 1 16 16 34 34
0989_0017_0020_0065_0065.jpg 1 17 20 65 65
0990_0035_0039_0049_0049.jpg 1 35 39 49 49
0991_0025_0040_0035_0035.jpg 1 25 40 35 35
0992_0041_0039_0036_0036.jpg 1 41 39 36 36
0993_0010_0027_0055_0055.jpg 1 10 27 55 55
0994_0061_0061_0028_0028.jpg 1 61 61 28 28
0995_0027_0024_0033_0033.jpg 1 27 24 33 33
0996_0029_0046_0039_0039.jpg 1 29 46 39 39
0997_0026_0027_0066_0066.jpg 1 26 27 66 66
0998_0046_0059_0029_0029.jpg 1 46 59 29 29
0999_0016_0009_0040_0040.jpg 1 16 9 40 40
1000_0013_0022_0055_0055.jpg 1 13 22 55 55
1001_0015_0019_0054_0054.jpg 1 15 19 54 54
1002_0059_0020_0030_0030.jpg 1 59 20 30 30
1003_0022_0024_0058_0058.jpg 1 22 24 58 58
1004_0048_0025_0033_0033.jpg 1 48 25 33 33
1005_0044_0016_0024_0024.jpg 1 44 16 24 24
1006_0041_0044_0049_0049.jpg 1 41 44 49 49
1007_0026_0009_0053_0053.jpg 1 26 9 53 53
1008_0015_0026_0067_0067.jpg 1 15 26 67 67
1009_0007_0036_0053_0053.jpg 1 7 36 53 53
1010_0017_0038_0032_0032.jpg 1 17 38 32 32
1011_0010_0028_0059_0059.jpg 1 10 28 59 59
1012_0035_0044_0048_0048.jpg 1 35 44 48 48
1013_0017_0014_0054_0054.jpg 1 17 14 54 54
1014_0044_0025_0027_0027.jpg 1 44 25 27 27
1015_0024_0029_0043_0043.jpg 1 24 29 43 43
1016_0008_0055_0037_0037.jpg 1 8 55 37 37
1017_0038_0034_0056_0056.jpg 1 38 34 56 56
1018_0040_0055_0034_0034.jpg 1 40 55 34 34
1019_0025_0023_0069_0069.jpg 1 25 23 69 69
1020_0006_0034_0044_0044.jpg 1 6 34 44 44
1021_0018_0010_0066_0066.jpg 1 18 10 66 66
1022_0007_0018_0052_0052.jpg 1 7 18 52 52
1023_0058_0009_0035_0035.jpg 1 58 9 35 35
1024_0029_0048_0027_0027.jpg 1 29 48 27 27
1025_0031_0007_0054_0054.jpg 1 31 7 54 54
1026_0026_0003_0068_0068.jpg 1 26 3 68 68
1027_0010_0014_0067_0067.jpg 1 10 14 67 67
1028_0007_0017_0053_0053.jpg 1 7 17 53 53
1029_0052_0029_0040_0040.jpg 1 52 29 40 40
1030_0026_0013_0053_0053.jpg 1 26 13 53 53
1031_0067_0033_0025_0025.jpg 1 67 33 25 25
1032_0005_0004_0062_0062.jpg 1 5 4 62 62
1033_0060_0052_0030_0030.jpg 1 60 52 30 30
1034_0032_0028_0058_0058.jpg 1 32 28 58 58
1035_0005_0006_0056_0056.jpg 1 5 6 56 56
1036_0054_0055_0032_0032.jpg 1 54 55 32 32
1037_0049_0053_0034_0034.jpg 1 49 53 34 34
1038_0026_0038_0054_0054.jpg 1 26 38 54 54
1039_0024_0020_0046_0046.jpg 1 24 20 46 46
1040_0007_0010_0049_0049.jpg 1 7 10 49 49
1041_0028_0019_0055_0055.jpg 1 28 19 55 55
1042_0007_0009_0059_0059.jpg 1 7 9 59 59
1043_0006_0039_0055_0055.jpg 1 6 39 55 55
1044_0040_0027_0054_0054.jpg 1 40 27 54 54
1045_0004_0019_0056_0056.jpg 1 4 19 56 56
1046_0021_0026_0043_0043.jpg 1 21 26 43 43
1047_0058_0054_0029_0029.jpg 1 58 54 29 29
1048_0035_0044_0034_0034.jpg 1 35 44 34 34
1049_0015_0010_0063_0063.jpg 1 15 10 63 63
1050_0017_0005_0059_0059.jpg 1 17 5 59 59
1051_0006_0006_0061_0061.jpg 1 6 6 61 61
1052_0020_0029_0065_0065.jpg 1 20 29 65 65
1053_0047_0022_0027_0027.jpg 1 47 22 27 27
1054_0014_0028_0027_0027.jpg 1 14 28 27 27
1055_0028_0012_0054_0054.jpg 1 28 12 54 54
1056_0055_0064_0028_0028.jpg 1 55 64 28 28
1057_0013_0015_0068_0068.jpg 1 13 15 68 68
1058_0009_0008_0068_0068.jpg 1 9 8 68 68
1059_0018_0015_0037_0037.jpg 1 18 15 37 37
1060_0025_0019_0030_0030.jpg 1 25 19 30 30
1061_0044_0019_0036_0036.jpg 1 44 19 36 36
1062_0016_0032_0038_0038.jpg 1 16 32 38 38
1063_0025_0028_0062_0062.jpg 1 25 28 62 62
1064_0046_0047_0042_0042.jpg 1 46 47 42 42
1065_0034_0016_0055_0055.jpg 1 34 16 55 55
1066_0038_0017_0049_0049.jpg 1 38 17 49 49
1067_0011_0006_0053_0053.jpg 1 11 6 53 53
1068_0032_0018_0044_0044.jpg 1 32 18 44 44
1069_0010_0040_0043_0043.jpg 1 10 40 43 43
1070_0038_0012_0043_0043.jpg 1 38 12 43 43
1071_0018_0037_0045_0045.jpg 1 18 37 45 45
1072_0017_0019_0069_0069.jpg 1 17 19 69 69
1073_0003_0008_0068_0068.jpg 1 3 8 68 68
1074_0023_0040_0049_0049.jpg 1 23 40 49 49
1075_0022_0025_0063_0063.jpg 1 22 25 63 63
1076_0011_0010_0061_0061.jpg 1 11 10 61 61
1077_0017_0027_0055_0055.jpg 1 17 27 55 55
1078_0019_0033_0040_0040.jpg 1 19 33 40 40
1079_0026_0033_0049_0049.jpg 1 26 33 49 49
1080_0016_0030_0050_0050.jpg 1 16 30 50 50
1081_0017_0030_0045_0045.jpg 1 17 30 45 45
1082_0005_0017_0066_0066.jpg 1 5 17 66 66
1083_0034_0041_0039_0039.jpg 1 34 41 39 39
1084_0030_0027_0056_0056.jpg 1 30 27 56 56
1085_0011_0019_0065_0065.jpg 1 11 19 65 65
1086_0008_0024_0061_0061.jpg 1 8 24 61 61
1087_0024_0021_0053_0053.jpg 1 24 21 53 53
1088_0017_0020_0066_0066.jpg 1 17 20 66 66
1089_0021_0040_0024_0024.jpg 1 21 40 24 24
1090_0016_0012_0068_0068.jpg 1 16 12 68 68
1091_0022_0041_0038_0038.jpg 1 22 41 38 38
1092_0026_0038_0029_0029.jpg 1 26 38 29 29
1093_0003_0006_0063_0063.jpg 1 3 6 63 63
1094_0019_0011_0053_0053.jpg 1 19 11 53 53
1095_0051_0037_0035_0035.jpg 1 51 37 35 35
1096_0050_0037_0040_0040.jpg 1 50 37 40 40
1097_0032_0023_0063_0063.jpg 1 32 23 63 63
1098_0021_0013_0060_0060.jpg 1 21 13 60 60
1099_0018_0006_0047_0047.jpg 1 18 6 47 47
1100_0017_0010_0050_0050.jpg 1 17 10 50 50
1101_0039_0013_0047_0047.jpg 1 39 13 47 47
1102_0030_0006_0053_0053.jpg 1 30 6 53 53
1103_0013_0017_0053_0053.jpg 1 13 17 53 53
1104_0011_0019_0058_0058.jpg 1 11 19 58 58
1105_0010_0006_0061_0061.jpg 1 10 6 61 61
1106_0012_0008_0036_0036.jpg 1 12 8 36 36
1107_0020_0013_0030_0030.jpg 1 20 13 30 30
1108_0039_0006_0053_0053.jpg 1 39 6 53 53
1109_0010_0010_0027_0027.jpg 1 10 10 27 27
1110_0028_0036_0027_0027.jpg 1 28 36 27 27
1111_0049_0010_0034_0034.jpg 1 49 10 34 34
1112_0049_0043_0045_0045.jpg 1 49 43 45 45
1113_0046_0021_0041_0041.jpg 1 46 21 41 41
1114_0023_0062_0030_0030.jpg 1 23 62 30 30
1115_0019_0008_0044_0044.jpg 1 19 8 44 44
1116_0055_0023_0025_0025.jpg 1 55 23 25 25
1117_0033_0027_0057_0057.jpg 1 33 27 57 57
1118_0020_0027_0053_0053.jpg 1 20 27 53 53
1119_0027_0018_0064_0064.jpg 1 27 18 64 64
1120_0007_0030_0051_0051.jpg 1 7 30 51 51
1121_0036_0053_0031_0031.jpg 1 36 53 31 31
1122_0043_0021_0037_0037.jpg 1 43 21 37 37
1123_0019_0016_0060_0060.jpg 1 19 16 60 60
1124_0032_0028_0053_0053.jpg 1 32 28 53 53
1125_0021_0039_0047_0047.jpg 1 21 39 47 47
1126_0055_0053_0024_0024.jpg 1 55 53 24 24
1127_0018_0037_0058_0058.jpg 1 18 37 58 58
1128_0023_0028_0049_0049.jpg 1 23 28 49 49
1129_0005_0023_0063_0063.jpg 1 5 23 63 63
1130_0013_0030_0029_0029.jpg 1 13 30 29 29
1131_0054_0031_0028_0028.jpg 1 54 31 28 28
1132_0046_0039_0037_0037.jpg 1 46 39 37 37
1133_0026_0029_0025_0025.jpg 1 26 29 25 25
1134_0023_0018_0068_0068.jpg 1 23 18 68 68
1135_0026_0039_0024_0024.jpg 1 26 39 24 24
1136_0040_0035_0051_0051.jpg 1 40 35 51 51
1137_0016_0005_0069_0069.jpg 1 16 5 69 69
1138_0021_0029_0025_0025.jpg 1 21 29 25 25
1139_0031_0047_0041_0041.jpg 1 31 47 41 41
1140_0034_0042_0053_0053.jpg 1 34 42 53 53
1141_0040_0055_0032_0032.jpg 1 40 55 32 32
1142_0046_0047_0043_0043.jpg 1 46 47 43 43
1143_0039_0031_0045_0045.jpg 1 39 31 45 45
1144_0010_0033_0028_0028.jpg 1 10 33 28 28
1145_0030_0011_0053_0053.jpg 1 30 11 53 53
1146_0027_0031_0060_0060.jpg 1 27 31 60 60
1147_0006_0005_0067_0067.jpg 1 6 5 67 67
1148_0013_0007_0054_0054.jpg 1 13 7 54 54
1149_0030_0018_0052_0052.jpg 1 30 18 52 52
1150_0022_0031_0058_0058.jpg 1 22 31 58 58
1151_0029_0006_0066_0066.jpg 1 29 6 66 66
1152_0030_0006_0048_0048.jpg 1 30 6 48 48
1153_0006_0018_0053_0053.jpg 1 6 18 53 53
1154_0056_0021_0025_0025.jpg 1 56 21 25 25
1155_0053_0025_0024_0024.jpg 1 53 25 24 24
1156_0018_0003_0062_0062.jpg 1 18 3 62 62
1157_0023_0022_0067_0067.jpg 1 23 22 67 67
1158_0006_0009_0067_0067.jpg 1 6 9 67 67
1159_0009_0005_0064_0064.jpg 1 9 5 64 64
1160_0034_0049_0027_0027.jpg 1 34 49 27 27
1161_0037_0036_0039_0039.jpg 1 37 36 39 39
1162_0015_0030_0030_0030.jpg 1 15 30 30 30
1163_0012_0037_0038_0038.jpg 1 12 37 38 38
1164_0016_0015_0061_0061.jpg 1 16 15 61 61
1165_0013_0041_0032_0032.jpg 1 13 41 32 32
1166_0014_0047_0043_0043.jpg 1 14 47 43 43
1167_0028_0034_0044_0044.jpg 1 28 34 44 44
1168_0024_0033_0029_0029.jpg 1 24 33 29 29
1169_0029_0010_0060_0060.jpg 1 29 10 60 60
1170_0031_0031_0063_0063.jpg 1 31 31 63 63
1171_0049_0044_0028_0028.jpg 1 49 44 28 28
1172_0020_0020_0063_0063.jpg 1 20 20 63 63
1173_0009_0012_0068_0068.jpg 1 9 12 68 68
1174_0016_0014_0056_0056.jpg 1 16 14 56 56
1175_0062_0043_0030_0030.jpg 1 62 43 30 30
1176_0030_0041_0026_0026.jpg 1 30 41 26 26
1177_0007_0053_0032_0032.jpg 1 7 53 32 32
1178_0014_0011_0059_0059.jpg 1 14 11 59 59
1179_0013_0005_0053_0053.jpg 1 13 5 53 53
1180_0031_0011_0038_0038.jpg 1 31 11 38 38
1181_0055_0014_0024_0024.jpg 1 55 14 24 24
1182_0017_0052_0034_0034.jpg 1 17 52 34 34
1183_0018_0008_0063_0063.jpg 1 18 8 63 63
1184_0037_0040_0048_0048.jpg 1 37 40 48 48
1185_0044_0052_0036_0036.jpg 1 44 52 36 36
1186_0042_0041_0039_0039.jpg 1 42 41 39 39
1187_0051_0008_0033_0033.jpg 1 51 8 33 33
1188_0008_0017_0054_0054.jpg 1 8 17 54 54
1189_0025_0018_0031_0031.jpg 1 25 18 31 31
1190_0050_0042_0037_0037.jpg 1 50 42 37 37
1191_0013_0044_0039_0039.jpg 1 13 44 39 39
1192_0008_0018_0060_0060.jpg 1 8 18 60 60
1193_0037_0012_0048_0048.jpg 1 37 12 48 48
1194_0024_0019_0031_0031.jpg 1 24 19 31 31
1195_0017_0029_0064_0064.jpg 1 17 29 64 64
1196_0059_0010_0027_0027.jpg 1 59 10 27 27
1197_0037_0025_0026_0026.jpg 1 37 25 26 26
1198_0030_0015_0034_0034.jpg 1 30 15 34 34
1199_0030_0008_0065_0065.jpg 1 30 8 65 65
1200_0058_0052_0030_0030.jpg 1 58 52 30 30
1201_0034_0024_0044_0044.jpg 1 34 24 44 44
1202_0036_0048_0045_0045.jpg 1 36 48 45 45
1203_0024_0018_0054_0054.jpg 1 24 18 54 54
1204_0007_0008_0068_0068.jpg 1 7 8 68 68
1205_0011_0056_0026_0026.jpg 1 11 56 26 26
1206_0051_0046_0027_0027.jpg 1 51 46 27 27
1207_0015_0019_0066_0066.jpg 1 15 19 66 66
1208_0028_0010_0044_0044.jpg 1 28 10 44 44
1209_0020_0020_0033_0033.jpg 1 20 20 33 33
1210_0041_0045_0046_0046.jpg 1 41 45 46 46
1211_0036_0038_0047_0047.jpg 1 36 38 47 47
1212_0024_0031_0064_0064.jpg 1 24 31 64 64
1213_0008_0032_0038_0038.jpg 1 8 32 38 38
1214_0011_0011_0031_0031.jpg 1 11 11 31 31
1215_0004_0026_0069_0069.jpg 1 4 26 69 69
1216_0034_0033_0048_0048.jpg 1 34 33 48 48
1217_0036_0008_0051_0051.jpg 1 36 8 51 51
1218_0015_0013_0066_0066.jpg 1 15 13 66 66
1219_0047_0010_0028_0028.jpg 1 47 10 28 28
1220_0004_0022_0060_0060.jpg 1 4 22 60 60
1221_0013_0038_0048_0048.jpg 1 13 38 48 48
1222_0032_0012_0063_0063.jpg 1 32 12 63 63
1223_0037_0050_0044_0044.jpg 1 37 50 44 44
1224_0010_0020_0068_0068.jpg 1 10 20 68 68
1225_0023_0007_0028_0028.jpg 1 23 7 28 28
1226_0024_0018_0059_0059.jpg 1 24 18 59 59
1227_0038_0060_0026_0026.jpg 1 38 60 26 26
1228_0039_0016_0044_0044.jpg 1 39 16 44 44
1229_0014_0025_0068_0068.jpg 1 14 25 68 68
1230_0029_0041_0050_0050.jpg 1 29 41 50 50
1231_0042_0041_0037_0037.jpg 1 42 41 37 37
1232_0008_0063_0027_0027.jpg 1 8 63 27 27
1233_0050_0055_0029_0029.jpg 1 50 55 29 29
1234_0021_0031_0048_0048.jpg 1 21 31 48 48
1235_0040_0016_0030_0030.jpg 1 40 16 30 30
1236_0030_0044_0042_0042.jpg 1 30 44 42 42
1237_0018_0023_0034_0034.jpg 1 18 23 34 34
1238_0015_0007_0058_0058.jpg 1 15 7 58 58
1239_0020_0006_0041_0041.jpg 1 20 6 41 41
1240_0020_0031_0049_0049.jpg 1 20 31 49 49
1241_0040_0013_0048_0048.jpg 1 40 13 48 48
1242_0008_0033_0062_0062.jpg 1 8 33 62 62
1243_0006_0033_0062_0062.jpg 1 6 33 62 62
1244_0029_0046_0038_0038.jpg 1 29 46 38 38
1245_0018_0016_0062_0062.jpg 1 18 16 62 62
1246_0004_0009_0062_0062.jpg 1 4 9 62 62
1247_0013_0011_0040_0040.jpg 1 13 11 40 40
1248_0025_0021_0052_0052.jpg 1 25 21 52 52
1249_0019_0057_0024_0024.jpg 1 19 57 24 24
1250_0024_0006_0065_0065.jpg 1 24 6 65 65
1251_0012_0039_0027_0027.jpg 1 12 39 27 27
1252_0008_0033_0045_0045.jpg 1 8 33 45 45
1253_0013_0027_0033_0033.jpg 1 13 27 33 33
1254_0040_0026_0050_0050.jpg 1 40 26 50 50
1255_0017_0020_0059_0059.jpg 1 17 20 59 59
1256_0013_0045_0037_0037.jpg 1 13 45 37 37
1257_0017_0066_0025_0025.jpg 1 17 66 25 25
1258_0009_0050_0041_0041.jpg 1 9 50 41 41
1259_0024_0041_0044_0044.jpg 1 24 41 44 44
1260_0047_0043_0029_0029.jpg 1 47 43 29 29
1261_0025_0036_0053_0053.jpg 1 25 36 53 53
1262_0019_0032_0064_0064.jpg 1 19 32 64 64
1263_0030_0023_0042_0042.jpg 1 30 23 42 42
1264_0042_0013_0042_0042.jpg 1 42 13 42 42
1265_0015_0007_0068_0068.jpg 1 15 7 68 68
1266_0020_0041_0053_0053.jpg 1 20 41 53 53
1267_0022_0042_0048_0048.jpg 1 22 42 48 48
1268_0044_0021_0048_0048.jpg 1 44 21 48 48
1269_0031_0028_0060_0060.jpg 1 31 28 60 60
1270_0033_0031_0058_0058.jpg 1 33 31 58 58
1271_0015_0050_0039_0039.jpg 1 15 50 39 39
1272_0020_0019_0067_0067.jpg 1 20 19 67 67
1273_0008_0026_0064_0064.jpg 1 8 26 64 64
1274_0027_0016_0069_0069.jpg 1 27 16 69 69
1275_0033_0013_0027_0027.jpg 1 33 13 27 27
1276_0041_0037_0044_0044.jpg 1 41 37 44 44
1277_0034_0033_0031_0031.jpg 1 34 33 31 31
1278_0021_0004_0060_0060.jpg 1 21 4 60 60
1279_0036_0034_0049_0049.jpg 1 36 34 49 49
1280_0009_0045_0044_0044.jpg 1 9 45 44 44
1281_0013_0050_0041_0041.jpg 1 13 50 41 41
1282_0006_0004_0054_0054.jpg 1 6 4 54 54
1283_0007_0020_0059_0059.jpg 1 7 20 59 59
1284_0044_0045_0025_0025.jpg 1 44 45 25 25
1285_0026_0024_0048_0048.jpg 1 26 24 48 48
1286_0024_0028_0047_0047.jpg 1 24 28 47 47
1287_0042_0034_0048_0048.jpg 1 42 34 48 48
1288_0015_0021_0068_0068.jpg 1 15 21 68 68
1289_0038_0033_0037_0037.jpg 1 38 33 37 37
1290_0034_0022_0031_0031.jpg 1 34 22 31 31
1291_0035_0029_0044_0044.jpg 1 35 29 44 44
1292_0043_0024_0041_0041.jpg 1 43 24 41 41
1293_0025_0027_0045_0045.jpg 1 25 27 45 45
1294_0022_0044_0033_0033.jpg 1 22 44 33 33
1295_0027_0007_0057_0057.jpg 1 27 7 57 57
1296_0021_0020_0057_0057.jpg 1 21 20 57 57
1297_0033_0012_0025_0025.jpg 1 33 12 25 25
1298_0018_0010_0048_0048.jpg 1 18 10 48 48
1299_0037_0022_0038_0038.jpg 1 37 22 38 38
1300_0005_0011_0057_0057.jpg 1 5 11 57 57
1301_0018_0036_0024_0024.jpg 1 18 36 24 24
1302_0026_0036_0056_0056.jpg 1 26 36 56 56
1303_0025_0015_0058_0058.jpg 1 25 15 58 58
1304_0029_0027_0035_0035.jpg 1 29 27 35 35
1305_0020_0068_0024_0024.jpg 1 20 68 24 24
1306_0047_0006_0042_0042.jpg 1 47 6 42 42
1307_0042_0024_0050_0050.jpg 1 42 24 50 50
1308_0025_0026_0061_0061.jpg 1 25 26 61 61
1309_0033_0041_0029_0029.jpg 1 33 41 29 29
1310_0014_0046_0041_0041.jpg 1 14 46 41 41
1311_0012_0021_0053_0053.jpg 1 12 21 53 53
1312_0023_0007_0044_0044.jpg 1 23 7 44 44
1313_0012_0050_0042_0042.jpg 1 12 50 42 42
1314_0050_0049_0038_0038.jpg 1 50 49 38 38
1315_0039_0012_0046_0046.jpg 1 39 12 46 46
1316_0006_0016_0038_0038.jpg 1 6 16 38 38
1317_0009_0030_0026_0026.jpg 1 9 30 26 26
1318_0027_0010_0064_0064.jpg 1 27 10 64 64
1319_0015_0037_0050_0050.jpg 1 15 37 50 50
1320_0043_0012_0027_0027.jpg 1 43 12 27 27
1321_0038_0045_0031_0031.jpg 1 38 45 31 31
1322_0014_0029_0063_0063.jpg 1 14 29 63 63
1323_0013_0014_0066_0066.jpg 1 13 14 66 66
1324_0038_0049_0039_0039.jpg 1 38 49 39 39
1325_0026_0023_0033_0033.jpg 1 26 23 33 33
1326_0040_0018_0055_0055.jpg 1 40 18 55 55
1327_0048_0019_0042_0042.jpg 1 48 19 42 42
1328_0042_0060_0031_0031.jpg 1 42 60 31 31
1329_0037_0035_0044_0044.jpg 1 37 35 44 44
1330_0026_0006_0040_0040.jpg 1 26 6 40 40
1331_0008_0024_0059_0059.jpg 1 8 24 59 59
1332_0044_0009_0025_0025.jpg 1 44 9 25 25
1333_0045_0036_0046_0046.jpg 1 45 36 46 46
1334_0040_0023_0036_0036.jpg 1 40 23 36 36
1335_0033_0012_0061_0061.jpg 1 33 12 61 61
1336_0025_0019_0066_0066.jpg 1 25 19 66 66
1337_0041_0049_0044_0044.jpg 1 41 49 44 44
1338_0032_0025_0056_0056.jpg 1 32 25 56 56
1339_0017_0007_0048_0048.jpg 1 17 7 48 48
1340_0009_0018_0068_0068.jpg 1 9 18 68 68
1341_0016_0013_0058_0058.jpg 1 16 13 58 58
1342_0054_0015_0036_0036.jpg 1 54 15 36 36
1343_0013_0023_0055_0055.jpg 1 13 23 55 55
1344_0011_0037_0051_0051.jpg 1 11 37 51 51
1345_0020_0026_0066_0066.jpg 1 20 26 66 66
1346_0054_0021_0032_0032.jpg 1 54 21 32 32
1347_0011_0008_0068_0068.jpg 1 11 8 68 68
1348_0013_0022_0048_0048.jpg 1 13 22 48 48
1349_0039_0028_0043_0043.jpg 1 39 28 43 43
1350_0041_0029_0030_0030.jpg 1 41 29 30 30
1351_0005_0014_0055_0055.jpg 1 5 14 55 55
1352_0018_0020_0061_0061.jpg 1 18 20 61 61
1353_0044_0018_0043_0043.jpg 1 44 18 43 43
1354_0030_0044_0048_0048.jpg 1 30 44 48 48
1355_0028_0017_0055_0055.jpg 1 28 17 55 55
1356_0040_0027_0054_0054.jpg 1 40 27 54 54
1357_0022_0038_0044_0044.jpg 1 22 38 44 44
1358_0046_0057_0027_0027.jpg 1 46 57 27 27
1359_0050_0047_0031_0031.jpg 1 50 47 31 31
1360_0035_0009_0026_0026.jpg 1 35 9 26 26
1361_0025_0023_0061_0061.jpg 1 25 23 61 61
1362_0041_0013_0053_0053.jpg 1 41 13 53 53
1363_0036_0036_0051_0051.jpg 1 36 36 51 51
1364_0006_0008_0055_0055.jpg 1 6 8 55 55
1365_0029_0025_0063_0063.jpg 1 29 25 63 63
1366_0008_0027_0040_0040.jpg 1 8 27 40 40
1367_0022_0020_0066_0066.jpg 1 22 20 66 66
1368_0032_0014_0062_0062.jpg 1 32 14 62 62
1369_0039_0018_0035_0035.jpg 1 39 18 35 35
1370_0065_0021_0024_0024.jpg 1 65 21 24 24
1371_0026_0011_0036_0036.jpg 1 26 11 36 36
1372_0027_0033_0050_0050.jpg 1 27 33 50 50
1373_0043_0025_0035_0035.jpg 1 43 25 35 35
1374_0026_0008_0065_0065.jpg 1 26 8 65 65
1375_0021_0009_0034_0034.jpg 1 21 9 34 34
1376_0045_0009_0049_0049.jpg 1 45 9 49 49
1377_0050_0039_0028_0028.jpg 1 50 39 28 28
1378_0063_0031_0029_0029.jpg 1 63 31 29 29
1379_0022_0020_0056_0056.jpg 1 22 20 56 56
1380_0048_0032_0040_0040.jpg 1 48 32 40 40
1381_0026_0014_0065_0065.jpg 1 26 14 65 65
1382_0022_0013_0068_0068.jpg 1 22 13 68 68
1383_0015_0036_0044_0044.jpg 1 15 36 44 44
1384_0046_0048_0029_0029.jpg 1 46 48 29 29
1385_0020_0016_0039_0039.jpg 1 20 16 39 39
1386_0051_0047_0042_0042.jpg 1 51 47 42 42
1387_0009_0022_0035_0035.jpg 1 9 22 35 35
1388_0007_0005_0048_0048.jpg 1 7 5 48 48
1389_0012_0016_0029_0029.jpg 1 12 16 29 29
1390_0041_0050_0027_0027.jpg 1 41 50 27 27
1391_0039_0041_0046_0046.jpg 1 39 41 46 46
1392_0036_0039_0055_0055.jpg 1 36 39 55 55
1393_0020_0022_0025_0025.jpg 1 20 22 25 25
1394_0013_0045_0030_0030.jpg 1 13 45 30 30
1395_0037_0044_0049_0049.jpg 1 37 44 49 49
1396_0019_0010_0049_0049.jpg 1 19 10 49 49
1397_0037_0007_0055_0055.jpg 1 37 7 55 55
1398_0055_0029_0024_0024.jpg 1 55 29 24 24
1399_0051_0011_0028_0028.jpg 1 51 11 28 28
1400_0033_0021_0026_0026.jpg 1 33 21 26 26
1401_0057_0012_0027_0027.jpg 1 57 12 27 27
1402_0061_0050_0028_0028.jpg 1 61 50 28 28
1403_0019_0013_0043_0043.jpg 1 19 13 43 43
1404_0029_0008_0065_0065.jpg 1 29 8 65 65
1405_0051_0046_0040_0040.jpg 1 51 46 40 40
1406_0029_0018_0040_0040.jpg 1 29 18 40 40
1407_0007_0014_0052_0052.jpg 1 7 14 52 52
1408_0037_0030_0057_0057.jpg 1 37 30 57 57
1409_0048_0019_0038_0038.jpg 1 48 19 38 38
1410_0049_0038_0031_0031.jpg 1 49 38 31 31
1411_0014_0025_0042_0042.jpg 1 14 25 42 42
1412_0029_0036_0047_0047.jpg 1 29 36 47 47
1413_0027_0013_0064_0064.jpg 1 27 13 64 64
1414_0030_0045_0042_0042.jpg 1 30 45 42 42
1415_0012_0012_0060_0060.jpg 1 12 12 60 60
1416_0022_0017_0059_0059.jpg 1 22 17 59 59
1417_0017_0030_0048_0048.jpg 1 17 30 48 48
1418_0018_0048_0039_0039.jpg 1 18 48 39 39
1419_0030_0051_0042_0042.jpg 1 30 51 42 42
1420_0025_0012_0047_0047.jpg 1 25 12 47 47
1421_0028_0033_0031_0031.jpg 1 28 33 31 31
1422_0009_0019_0068_0068.jpg 1 9 19 68 68
1423_0036_0019_0036_0036.jpg 1 36 19 36 36
1424_0009_0011_0032_0032.jpg 1 9 11 32 32
1425_0026_0031_0062_0062.jpg 1 26 31 62 62
1426_0010_0024_0063_0063.jpg 1 10 24 63 63
1427_0022_0022_0025_0025.jpg 1 22 22 25 25
1428_0012_0014_0059_0059.jpg 1 12 14 59 59
1429_0030_0027_0064_0064.jpg 1 30 27 64 64
1430_0007_0027_0064_0064.jpg 1 7 27 64 64
1431_0054_0013_0033_0033.jpg 1 54 13 33 33
1432_0048_0053_0026_0026.jpg 1 48 53 26 26
1433_0040_0039_0049_0049.jpg 1 40 39 49 49
1434_0049_0034_0031_0031.jpg 1 49 34 31 31
1435_0049_0045_0033_0033.jpg 1 49 45 33 33
1436_0028_0052_0031_0031.jpg 1 28 52 31 31
1437_0011_0030_0054_0054.jpg 1 11 30 54 54
1438_0017_0027_0059_0059.jpg 1 17 27 59 59
1439_0045_0021_0045_0045.jpg 1 45 21 45 45
1440_0045_0018_0042_0042.jpg 1 45 18 42 42
1441_0013_0018_0029_0029.jpg 1 13 18 29 29
1442_0011_0031_0044_0044.jpg 1 11 31 44 44
1443_0006_0015_0067_0067.jpg 1 6 15 67 67
1444_0053_0017_0028_0028.jpg 1 53 17 28 28
1445_0048_0027_0032_0032.jpg 1 48 27 32 32
1446_0057_0030_0029_0029.jpg 1 57 30 29 29
1447_0033_0049_0028_0028.jpg 1 33 49 28 28
1448_0004_0022_0068_0068.jpg 1 4 22 68 68
1449_0035_0025_0059_0059.jpg 1 35 25 59 59
1450_0017_0011_0063_0063.jpg 1 17 11 63 63
1451_0030_0033_0043_0043.jpg 1 30 33 43 43
1452_0052_0024_0025_0025.jpg 1 52 24 25 25
1453_0007_0051_0037_0037.jpg 1 7 51 37 37
1454_0056_0051_0028_0028.jpg 1 56 51 28 28
1455_0012_0009_0059_0059.jpg 1 12 9 59 59
1456_0034_0013_0031_0031.jpg 1 34 13 31 31
1457_0035_0034_0036_0036.jpg 1 35 34 36 36
1458_0013_0014_0053_0053.jpg 1 13 14 53 53
1459_0022_0052_0038_0038.jpg 1 22 52 38 38
1460_0012_0022_0040_0040.jpg 1 12 22 40 40
1461_0029_0006_0065_0065.jpg 1 29 6 65 65
1462_0022_0012_0060_0060.jpg 1 22 12 60 60
1463_0006_0003_0068_0068.jpg 1 6 3 68 68
1464_0033_0018_0034_0034.jpg 1 33 18 34 34
1465_0029_0053_0034_0034.jpg 1 29 53 34 34
1466_0019_0010_0046_0046.jpg 1 19 10 46 46
1467_0010_0040_0055_0055.jpg 1 10 40 55 55
1468_0018_0020_0047_0047.jpg 1 18 20 47 47
1469_0012_0035_0054_0054.jpg 1 12 35 54 54
1470_0029_0005_0052_0052.jpg 1 29 5 52 52
1471_0024_0014_0043_0043.jpg 1 24 14 43 43
1472_0009_0042_0031_0031.jpg 1 9 42 31 31
1473_0034_0022_0027_0027.jpg 1 34 22 27 27
1474_0013_0047_0043_0043.jpg 1 13 47 43 43
1475_0035_0034_0057_0057.jpg 1 35 34 57 57
1476_0048_0010_0031_0031.jpg 1 48 10 31 31
1477_0038_0034_0049_0049.jpg 1 38 34 49 49
1478_0045_0024_0049_0049.jpg 1 45 24 49 49
1479_0049_0045_0027_0027.jpg 1 49 45 27 27
1480_0060_0042_0026_0026.jpg 1 60 42 26 26
1481_0055_0037_0034_0034.jpg 1 55 37 34 34
1482_0013_0038_0042_0042.jpg 1 13 38 42 42
1483_0006_0007_0059_0059.jpg 1 6 7 59 59
1484_0012_0027_0067_0067.jpg 1 12 27 67 67
1485_0014_0032_0058_0058.jpg 1 14 32 58 58
1486_0029_0011_0041_0041.jpg 1 29 11 41 41
1487_0043_0010_0050_0050.jpg 1 43 10 50 50
1488_0008_0009_0068_0068.jpg 1 8 9 68 68
1489_0039_0017_0038_0038.jpg 1 39 17 38 38
1490_0022_0008_0063_0063.jpg 1 22 8 63 63
1491_0011_0035_0043_0043.jpg 1 11 35 43 43
1492_0029_0009_0053_0053.jpg 1 29 9 53 53
1493_0051_0030_0033_0033.jpg 1 51 30 33 33
1494_0050_0011_0028_0028.jpg 1 50 11 28 28
1495_0034_0068_0024_0024.jpg 1 34 68 24 24
1496_0030_0022_0059_0059.jpg 1 30 22 59 59
1497_0047_0040_0045_0045.jpg 1 47 40 45 45
1498_0054_0049_0037_0037.jpg 1 54 49 37 37
1499_0020_0011_0031_0031.jpg 1 20 11 31 31
1500_0009_0024_0042_0042.jpg 1 9 24 42 42
1501_0013_0012_0047_0047.jpg 1 13 12 47 47
1502_0035_0037_0039_0039.jpg 1 35 37 39 39
1503_0030_0005_0057_0057.jpg 1 30 5 57 57
1504_0035_0036_0031_0031.jpg 1 35 36 31 31
1505_0034_0009_0047_0047.jpg 1 34 9 47 47
1506_0021_0055_0035_0035.jpg 1 21 55 35 35
1507_0065_0061_0025_0025.jpg 1 65 61 25 25
1508_0056_0030_0034_0034.jpg 1 56 30 34 34
1509_0022_0025_0051_0051.jpg 1 22 25 51 51
1510_0026_0005_0069_0069.jpg 1 26 5 69 69
1511_0061_0041_0031_0031.jpg 1 61 41 31 31
1512_0008_0009_0034_0034.jpg 1 8 9 34 34
1513_0009_0005_0050_0050.jpg 1 9 5 50 50
1514_0006_0007_0041_0041.jpg 1 6 7 41 41
1515_0031_0043_0031_0031.jpg 1 31 43 31 31
1516_0016_0027_0055_0055.jpg 1 16 27 55 55
1517_0045_0009_0039_0039.jpg 1 45 9 39 39
1518_0021_0020_0057_0057.jpg 1 21 20 57 57
1519_0020_0024_0058_0058.jpg 1 20 24 58 58
1520_0019_0058_0033_0033.jpg 1 19 58 33 33
1521_0007_0027_0068_0068.jpg 1 7 27 68 68
1522_0059_0024_0025_0025.jpg 1 59 24 25 25
1523_0038_0005_0050_0050.jpg 1 38 5 50 50
1524_0060_0028_0033_0033.jpg 1 60 28 33 33
1525_0015_0026_0057_0057.jpg 1 15 26 57 57
1526_0010_0022_0069_0069.jpg 1 10 22 69 69
1527_0010_0058_0032_0032.jpg 1 10 58 32 32
1528_0054_0016_0035_0035.jpg 1 54 16 35 35
1529_0031_0012_0065_0065.jpg 1 31 12 65 65
1530_0014_0016_0067_0067.jpg 1 14 16 67 67
1531_0024_0048_0024_0024.jpg 1 24 48 24 24
1532_0013_0034_0034_0034.jpg 1 13 34 34 34
1533_0021_0041_0040_0040.jpg 1 21 41 40 40
1534_0056_0047_0024_0024.jpg 1 56 47 24 24
1535_0027_0011_0037_0037.jpg 1 27 11 37 37
1536_0005_0040_0048_0048.jpg 1 5 40 48 48
1537_0049_0012_0037_0037.jpg 1 49 12 37 37
1538_0013_0006_0048_0048.jpg 1 13 6 48 48
1539_0005_0034_0061_0061.jpg 1 5 34 61 61
1540_0010_0031_0049_0049.jpg 1 10 31 49 49
1541_0036_0037_0026_0026.jpg 1 36 37 26 26
1542_0031_0023_0036_0036.jpg 1 31 23 36 36
1543_0009_0025_0057_0057.jpg 1 9 25 57 57
1544_0021_0020_0061_0061.jpg 1 21 20 61 61
1545_0027_0006_0050_0050.jpg 1 27 6 50 50
1546_0043_0023_0029_0029.jpg 1 43 23 29 29
1547_0027_0004_0069_0069.jpg 1 27 4 69 69
1548_0035_0031_0048_0048.jpg 1 35 31 48 48
1549_0030_0031_0054_0054.jpg 1 30 31 54 54
1550_0008_0047_0034_0034.jpg 1 8 47 34 34
1551_0021_0035_0058_0058.jpg 1 21 35 58 58
1552_0039_0040_0054_0054.jpg 1 39 40 54 54
1553_0022_0020_0065_0065.jpg 1 22 20 65 65
1554_0038_0040_0035_0035.jpg 1 38 40 35 35
1555_0011_0037_0033_0033.jpg 1 11 37 33 33
1556_0021_0041_0043_0043.jpg 1 21 41 43 43
1557_0058_0030_0028_0028.jpg 1 58 30 28 28
1558_0004_0032_0053_0053.jpg 1 4 32 53 53
1559_0030_0007_0041_0041.jpg 1 30 7 41 41
1560_0012_0060_0024_0024.jpg 1 12 60 24 24
1561_0045_0005_0048_0048.jpg 1 45 5 48 48
1562_0016_0010_0056_0056.jpg 1 16 10 56 56
1563_0052_0036_0041_0041.jpg 1 52 36 41 41
1564_0050_0046_0028_0028.jpg 1 50 46 28 28
1565_0033_0019_0058_0058.jpg 1 33 19 58 58
1566_0013_0034_0060_0060.jpg 1 13 34 60 60
1567_0037_0031_0044_0044.jpg 1 37 31 44 44
1568_0038_0016_0052_0052.jpg 1 38 16 52 52
1569_0029_0042_0050_0050.jpg 1 29 42 50 50
1570_0030_0030_0041_0041.jpg 1 30 30 41 41
1571_0010_0052_0038_0038.jpg 1 10 52 38 38
1572_0010_0037_0034_0034.jpg 1 10 37 34 34
1573_0043_0028_0039_0039.jpg 1 43 28 39 39
1574_0014_0006_0055_0055.jpg 1 14 6 55 55
1575_0048_0025_0040_0040.jpg 1 48 25 40 40
1576_0019_0005_0055_0055.jpg 1 19 5 55 55
1577_0063_0035_0025_0025.jpg 1 63 35 25 25
1578_0042_0033_0048_0048.jpg 1 42 33 48 48
1579_0013_0015_0065_0065.jpg 1 13 15 65 65
1580_0008_0026_0052_0052.jpg 1 8 26 52 52
1581_0017_0011_0045_0045.jpg 1 17 11 45 45
1582_0025_0064_0025_0025.jpg 1 25 64 25 25
1583_0014_0012_0064_0064.jpg 1 14 12 64 64
1584_0013_0010_0063_0063.jpg 1 13 10 63 63
1585_0018_0003_0069_0069.jpg 1 18 3 69 69
1586_0043_0040_0038_0038.jpg 1 43 40 38 38
1587_0020_0008_0037_0037.jpg 1 20 8 37 37
1588_0020_0028_0062_0062.jpg 1 20 28 62 62
1589_0015_0023_0058_0058.jpg 1 15 23 58 58
1590_0013_0012_0046_0046.jpg 1 13 12 46 46
1591_0011_0018_0063_0063.jpg 1 11 18 63 63
1592_0036_0010_0055_0055.jpg 1 36 10 55 55
1593_0007_0033_0036_0036.jpg 1 7 33 36 36
1594_0016_0055_0036_0036.jpg 1 16 55 36 36
1595_0009_0009_0044_0044.jpg 1 9 9 44 44
1596_0057_0045_0032_0032.jpg 1 57 45 32 32
1597_0023_0008_0064_0064.jpg 1 23 8 64 64
1598_0019_0040_0042_0042.jpg 1 19 40 42 42
1599_0020_0019_0035_0035.jpg 1 20 19 35 35
1600_0010_0029_0033_0033.jpg 1 10 29 33 33
1601_0040_0044_0047_0047.jpg 1 40 44 47 47
1602_0014_0054_0036_0036.jpg 1 14 54 36 36
1603_0017_0005_0062_0062.jpg 1 17 5 62 62
1604_0030_0024_0051_0051.jpg 1 30 24 51 51
1605_0051_0008_0040_0040.jpg 1 51 8 40 40
1606_0014_0014_0064_0064.jpg 1 14 14 64 64
1607_0013_0035_0027_0027.jpg 1 13 35 27 27
1608_0031_0032_0051_0051.jpg 1 31 32 51 51
1609_0019_0011_0059_0059.jpg 1 19 11 59 59
1610_0026_0028_0044_0044.jpg 1 26 28 44 44
1611_0023_0021_0068_0068.jpg 1 23 21 68 68
1612_0008_0047_0041_0041.jpg 1 8 47 41 41
1613_0008_0007_0065_0065.jpg 1 8 7 65 65
1614_0042_0044_0049_0049.jpg 1 42 44 49 49
1615_0052_0062_0026_0026.jpg 1 52 62 26 26
1616_0012_0034_0052_0052.jpg 1 12 34 52 52
1617_0025_0022_0065_0065.jpg 1 25 22 65 65
1618_0005_0019_0047_0047.jpg 1 5 19 47 47
1619_0063_0012_0025_0025.jpg 1 63 12 25 25
1620_0006_0029_0039_0039.jpg 1 6 29 39 39
1621_0045_0007_0036_0036.jpg 1 45 7 36 36
1622_0039_0054_0029_0029.jpg 1 39 54 29 29
1623_0054_0037_0025_0025.jpg 1 54 37 25 25
1624_0027_0015_0037_0037.jpg 1 27 15 37 37
1625_0019_0064_0028_0028.jpg 1 19 64 28 28
1626_0056_0034_0028_0028.jpg 1 56 34 28 28
1627_0016_0005_0056_0056.jpg 1 16 5 56 56
1628_0012_0037_0030_0030.jpg 1 12 37 30 30
1629_0030_0035_0054_0054.jpg 1 30 35 54 54
1630_0011_0028_0059_0059.jpg 1 11 28 59 59
1631_0023_0043_0029_0029.jpg 1 23 43 29 29
1632_0050_0013_0036_0036.jpg 1 50 13 36 36
1633_0016_0065_0024_0024.jpg 1 16 65 24 24
1634_0018_0033_0045_0045.jpg 1 18 33 45 45
1635_0016_0006_0053_0053.jpg 1 16 6 53 53
1636_0025_0030_0047_0047.jpg 1 25 30 47 47
1637_0031_0037_0042_0042.jpg 1 31 37 42 42
1638_0048_0021_0039_0039.jpg 1 48 21 39 39
1639_0009_0006_0047_0047.jpg 1 9 6 47 47
1640_0030_0005_0066_0066.jpg 1 30 5 66 66
1641_0007_0007_0062_0062.jpg 1 7 7 62 62
1642_0009_0044_0028_0028.jpg 1 9 44 28 28
1643_0028_0026_0066_0066.jpg 1 28 26 66 66
1644_0011_0027_0069_0069.jpg 1 11 27 69 69
1645_0019_0030_0043_0043.jpg 1 19 30 43 43
1646_0004_0019_0059_0059.jpg 1 4 19 59 59
1647_0007_0020_0050_0050.jpg 1 7 20 50 50
1648_0014_0035_0050_0050.jpg 1 14 35 50 50
1649_0017_0012_0052_0052.jpg 1 17 12 52 52
1650_0018_0007_0058_0058.jpg 1 18 7 58 58
1651_0043_0024_0045_0045.jpg 1 43 24 45 45
1652_0035_0042_0052_0052.jpg 1 35 42 52 52
1653_0021_0033_0050_0050.jpg 1 21 33 50 50
1654_0050_0029_0042_0042.jpg 1 50 29 42 42
1655_0051_0008_0040_0040.jpg 1 51 8 40 40
1656_0047_0045_0034_0034.jpg 1 47 45 34 34
1657_0026_0028_0056_0056.jpg 1 26 28 56 56
1658_0028_0012_0064_0064.jpg 1 28 12 64 64
1659_0012_0038_0028_0028.jpg 1 12 38 28 28
1660_0018_0025_0057_0057.jpg 1 18 25 57 57
1661_0016_0028_0040_0040.jpg 1 16 28 40 40
1662_0032_0010_0061_0061.jpg 1 32 10 61 61
1663_0061_0018_0025_0025.jpg 1 61 18 25 25
1664_0007_0014_0065_0065.jpg 1 7 14 65 65
1665_0037_0028_0052_0052.jpg 1 37 28 52 52
1666_0021_0007_0047_0047.jpg 1 21 7 47 47
1667_0023_0056_0032_0032.jpg 1 23 56 32 32
1668_0021_0024_0029_0029.jpg 1 21 24 29 29
1669_0058_0016_0030_0030.jpg 1 58 16 30 30
1670_0019_0039_0029_0029.jpg 1 19 39 29 29
1671_0031_0012_0053_0053.jpg 1 31 12 53 53
1672_0021_0035_0048_0048.jpg 1 21 35 48 48
1673_0054_0052_0029_0029.jpg 1 54 52 29 29
1674_0013_0013_0043_0043.jpg 1 13 13 43 43
1675_0020_0031_0058_0058.jpg 1 20 31 58 58
1676_0012_0039_0028_0028.jpg 1 12 39 28 28
1677_0012_0007_0056_0056.jpg 1 12 7 56 56
1678_0051_0050_0024_0024.jpg 1 51 50 24 24
1679_0055_0061_0029_0029.jpg 1 55 61 29 29
1680_0013_0052_0040_0040.jpg 1 13 52 40 40
1681_0041_0029_0050_0050.jpg 1 41 29 50 50
1682_0018_0007_0067_0067.jpg 1 18 7 67 67
1683_0014_0014_0042_0042.jpg 1 14 14 42 42
1684_0031_0039_0054_0054.jpg 1 31 39 54 54
1685_0017_0028_0067_0067.jpg 1 17 28 67 67
1686_0011_0038_0047_0047.jpg 1 11 38 47 47
1687_0016_0014_0045_0045.jpg 1 16 14 45 45
1688_0026_0036_0031_0031.jpg 1 26 36 31 31
1689_0055_0043_0036_0036.jpg 1 55 43 36 36
1690_0005_0012_0063_0063.jpg 1 5 12 63 63
1691_0020_0028_0057_0057.jpg 1 20 28 57 57
1692_0020_0004_0068_0068.jpg 1 20 4 68 68
1693_0006_0027_0046_0046.jpg 1 6 27 46 46
1694_0054_0055_0032_0032.jpg 1 54 55 32 32
1695_0042_0043_0030_0030.jpg 1 42 43 30 30
1696_0031_0047_0030_0030.jpg 1 31 47 30 30
1697_0009_0012_0042_0042.jpg 1 9 12 42 42
1698_0049_0027_0038_0038.jpg 1 49 27 38 38
1699_0013_0025_0063_0063.jpg 1 13 25 63 63
1700_0026_0025_0036_0036.jpg 1 26 25 36 36
1701_0017_0017_0058_0058.jpg 1 17 17 58 58
1702_0027_0018_0064_0064.jpg 1 27 18 64 64
1703_0024_0029_0064_0064.jpg 1 24 29 64 64
1704_0036_0031_0057_0057.jpg 1 36 31 57 57
1705_0013_0023_0058_0058.jpg 1 13 23 58 58
1706_0052_0029_0041_0041.jpg 1 52 29 41 41
1707_0006_0012_0036_0036.jpg 1 6 12 36 36
1708_0038_0022_0051_0051.jpg 1 38 22 51 51
1709_0010_0008_0056_0056.jpg 1 10 8 56 56
1710_0005_0021_0049_0049.jpg 1 5 21 49 49
1711_0031_0014_0056_0056.jpg 1 31 14 56 56
1712_0024_0036_0046_0046.jpg 1 24 36 46 46
1713_0026_0043_0032_0032.jpg 1 26 43 32 32
1714_0008_0022_0069_0069.jpg 1 8 22 69 69
1715_0017_0035_0060_0060.jpg 1 17 35 60 60
1716_0040_0007_0048_0048.jpg 1 40 7 48 48
1717_0031_0025_0040_0040.jpg 1 31 25 40 40
1718_0020_0024_0067_0067.jpg 1 20 24 67 67
1719_0004_0029_0059_0059.jpg 1 4 29 59 59
1720_0008_0024_0062_0062.jpg 1 8 24 62 62
1721_0023_0030_0060_0060.jpg 1 23 30 60 60
1722_0027_0039_0046_0046.jpg 1 27 39 46 46
1723_0048_0057_0033_0033.jpg 1 48 57 33 33
1724_0046_0025_0045_0045.jpg 1 46 25 45 45
1725_0052_0032_0031_0031.jpg 1 52 32 31 31
1726_0052_0026_0031_0031.jpg 1 52 26 31 31
1727_0027_0009_0024_0024.jpg 1 27 9 24 24
1728_0028_0026_0064_0064.jpg 1 28 26 64 64
1729_0031_0005_0062_0062.jpg 1 31 5 62 62
1730_0008_0018_0025_0025.jpg 1 8 18 25 25
1731_0023_0027_0056_0056.jpg 1 23 27 56 56
1732_0004_0009_0066_0066.jpg 1 4 9 66 66
1733_0035_0024_0060_0060.jpg 1 35 24 60 60
1734_0016_0017_0066_0066.jpg 1 16 17 66 66
1735_0006_0047_0038_0038.jpg 1 6 47 38 38
1736_0039_0008_0049_0049.jpg 1 39 8 49 49
1737_0031_0019_0063_0063.jpg 1 31 19 63 63
1738_0029_0008_0057_0057.jpg 1 29 8 57 57
1739_0049_0027_0032_0032.jpg 1 49 27 32 32
1740_0020_0012_0061_0061.jpg 1 20 12 61 61
1741_0050_0058_0031_0031.jpg 1 50 58 31 31
1742_0008_0055_0024_0024.jpg 1 8 55 24 24
1743_0008_0016_0059_0059.jpg 1 8 16 59 59
1744_0010_0005_0056_0056.jpg 1 10 5 56 56
1745_0029_0013_0030_0030.jpg 1 29 13 30 30
1746_0021_0038_0047_0047.jpg 1 21 38 47 47
1747_0031_0061_0028_0028.jpg 1 31 61 28 28
1748_0027_0016_0036_0036.jpg 1 27 16 36 36
1749_0037_0010_0058_0058.jpg 1 37 10 58 58
1750_0027_0022_0065_0065.jpg 1 27 22 65 65
1751_0022_0028_0056_0056.jpg 1 22 28 56 56
1752_0035_0006_0054_0054.jpg 1 35 6 54 54
1753_0040_0026_0046_0046.jpg 1 40 26 46 46
1754_0021_0032_0043_0043.jpg 1 21 32 43 43
1755_0016_0019_0068_0068.jpg 1 16 19 68 68
1756_0032_0036_0052_0052.jpg 1 32 36 52 52
1757_0033_0017_0041_0041.jpg 1 33 17 41 41
1758_0018_0007_0030_0030.jpg 1 18 7 30 30
1759_0028_0033_0062_0062.jpg 1 28 33 62 62
1760_0031_0042_0052_0052.jpg 1 31 42 52 52
1761_0050_0022_0029_0029.jpg 1 50 22 29 29
1762_0061_0027_0028_0028.jpg 1 61 27 28 28
1763_0004_0018_0060_0060.jpg 1 4 18 60 60
1764_0015_0039_0050_0050.jpg 1 15 39 50 50
1765_0045_0012_0028_0028.jpg 1 45 12 28 28
1766_0025_0032_0063_0063.jpg 1 25 32 63 63
1767_0029_0009_0063_0063.jpg 1 29 9 63 63
1768_0037_0007_0055_0055.jpg 1 37 7 55 55
1769_0047_0033_0038_0038.jpg 1 47 33 38 38
1770_0017_0013_0067_0067.jpg 1 17 13 67 67
1771_0039_0039_0050_0050.jpg 1 39 39 50 50
1772_0022_0018_0048_0048.jpg 1 22 18 48 48
1773_0006_0027_0042_0042.jpg 1 6 27 42 42
1774_0039_0031_0033_0033.jpg 1 39 31 33 33
1775_0044_0047_0039_0039.jpg 1 44 47 39 39
1776_0014_0053_0027_0027.jpg 1 14 53 27 27
1777_0060_0065_0027_0027.jpg 1 60 65 27 27
1778_0045_0009_0047_0047.jpg 1 45 9 47 47
1779_0011_0043_0037_0037.jpg 1 11 43 37 37
1780_0037_0039_0040_0040.jpg 1 37 39 40 40
1781_0034_0007_0030_0030.jpg 1 34 7 30 30
1782_0015_0023_0055_0055.jpg 1 15 23 55 55
1783_0012_0018_0048_0048.jpg 1 12 18 48 48
1784_0016_0021_0055_0055.jpg 1 16 21 55 55
1785_0049_0021_0043_0043.jpg 1 49 21 43 43
1786_0010_0021_0051_0051.jpg 1 10 21 51 51
1787_0056_0035_0031_0031.jpg 1 56 35 31 31
1788_0038_0006_0033_0033.jpg 1 38 6 33 33
1789_0009_0046_0045_0045.jpg 1 9 46 45 45
1790_0016_0037_0040_0040.jpg 1 16 37 40 40
1791_0036_0036_0058_0058.jpg 1 36 36 58 58
1792_0050_0047_0025_0025.jpg 1 50 47 25 25
1793_0006_0038_0047_0047.jpg 1 6 38 47 47
1794_0026_0056_0030_0030.jpg 1 26 56 30 30
1795_0020_0009_0069_0069.jpg 1 20 9 69 69
1796_0017_0028_0027_0027.jpg 1 17 28 27 27
1797_0025_0031_0043_0043.jpg 1 25 31 43 43
1798_0009_0029_0048_0048.jpg 1 9 29 48 48
1799_0024_0045_0029_0029.jpg 1 24 45 29 29
1800_0037_0036_0030_0030.jpg 1 37 36 30 30
1801_0013_0011_0028_0028.jpg 1 13 11 28 28
1802_0019_0019_0058_0058.jpg 1 19 19 58 58
1803_0022_0027_0066_0066.jpg 1 22 27 66 66
1804_0052_0011_0038_0038.jpg 1 52 11 38 38
1805_0059_0058_0025_0025.jpg 1 59 58 25 25
1806_0029_0006_0047_0047.jpg 1 29 6 47 47
1807_0039_0037_0037_0037.jpg 1 39 37 37 37
1808_0057_0025_0025_0025.jpg 1 57 25 25 25
1809_0023_0026_0066_0066.jpg 1 23 26 66 66
1810_0040_0015_0047_0047.jpg 1 40 15 47 47
1811_0014_0018_0059_0059.jpg 1 14 18 59 59
1812_0019_0008_0068_0068.jpg 1 19 8 68 68
1813_0034_0010_0034_0034.jpg 1 34 10 34 34
1814_0040_0044_0050_0050.jpg 1 40 44 50 50
1815_0039_0041_0053_0053.jpg 1 39 41 53 53
1816_0043_0056_0032_0032.jpg 1 43 56 32 32
1817_0019_0035_0037_0037.jpg 1 19 35 37 37
1818_0021_0025_0051_0051.jpg 1 21 25 51 51
1819_0034_0050_0037_0037.jpg 1 34 50 37 37
1820_0030_0010_0048_0048.jpg 1 30 10 48 48
1821_0042_0027_0051_0051.jpg 1 42 27 51 51
1822_0042_0024_0031_0031.jpg 1 42 24 31 31
1823_0015_0039_0052_0052.jpg 1 15 39 52 52
1824_0061_0055_0029_0029.jpg 1 61 55 29 29
1825_0007_0011_0046_0046.jpg 1 7 11 46 46
1826_0006_0052_0040_0040.jpg 1 6 52 40 40
1827_0043_0056_0033_0033.jpg 1 43 56 33 33
1828_0027_0023_0038_0038.jpg 1 27 23 38 38
1829_0022_0024_0029_0029.jpg 1 22 24 29 29
1830_0030_0065_0026_0026.jpg 1 30 65 26 26
1831_0004_0015_0069_0069.jpg 1 4 15 69 69
1832_0053_0022_0031_0031.jpg 1 53 22 31 31
1833_0046_0015_0047_0047.jpg 1 46 15 47 47
1834_0032_0048_0041_0041.jpg 1 32 48 41 41
1835_0016_0023_0065_0065.jpg 1 16 23 65 65
1836_0013_0011_0059_0059.jpg 1 13 11 59 59
1837_0032_0056_0031_0031.jpg 1 32 56 31 31
1838_0023_0009_0029_0029.jpg 1 23 9 29 29
1839_0042_0035_0032_0032.jpg 1 42 35 32 32
1840_0028_0029_0054_0054.jpg 1 28 29 54 54
1841_0036_0034_0052_0052.jpg 1 36 34 52 52
1842_0007_0019_0050_0050.jpg 1 7 19 50 50
1843_0035_0015_0042_0042.jpg 1 35 15 42 42
1844_0021_0030_0066_0066.jpg 1 21 30 66 66
1845_0023_0044_0042_0042.jpg 1 23 44 42 42
1846_0018_0009_0064_0064.jpg 1 18 9 64 64
1847_0022_0015_0060_0060.jpg 1 22 15 60 60
1848_0058_0010_0027_0027.jpg 1 58 10 27 27
1849_0022_0025_0028_0028.jpg 1 22 25 28 28
1850_0041_0033_0028_0028.jpg 1 41 33 28 28
1851_0014_0027_0060_0060.jpg 1 14 27 60 60
1852_0048_0030_0033_0033.jpg 1 48 30 33 33
1853_0012_0017_0062_0062.jpg 1 12 17 62 62
1854_0031_0007_0059_0059.jpg 1 31 7 59 59
1855_0035_0032_0037_0037.jpg 1 35 32 37 37
1856_0042_0020_0047_0047.jpg 1 42 20 47 47
1857_0007_0010_0065_0065.jpg 1 7 10 65 65
1858_0042_0045_0039_0039.jpg 1 42 45 39 39
1859_0004_0019_0063_0063.jpg 1 4 19 63 63
1860_0026_0065_0027_0027.jpg 1 26 65 27 27
1861_0016_0018_0068_0068.jpg 1 16 18 68 68
1862_0026_0014_0041_0041.jpg 1 26 14 41 41
1863_0030_0035_0050_0050.jpg 1 30 35 50 50
1864_0018_0020_0047_0047.jpg 1 18 20 47 47
1865_0032_0014_0042_0042.jpg 1 32 14 42 42
1866_0047_0044_0034_0034.jpg 1 47 44 34 34
1867_0045_0017_0043_0043.jpg 1 45 17 43 43
1868_0023_0009_0055_0055.jpg 1 23 9 55 55
1869_0027_0032_0048_0048.jpg 1 27 32 48 48
1870_0022_0029_0039_0039.jpg 1 22 29 39 39
1871_0041_0033_0033_0033.jpg 1 41 33 33 33
1872_0022_0017_0068_0068.jpg 1 22 17 68 68
1873_0010_0040_0055_0055.jpg 1 10 40 55 55
1874_0033_0009_0057_0057.jpg 1 33 9 57 57
1875_0052_0020_0037_0037.jpg 1 52 20 37 37
1876_0032_0020_0030_0030.jpg 1 32 20 30 30
1877_0011_0016_0036_0036.jpg 1 11 16 36 36
1878_0027_0043_0042_0042.jpg 1 27 43 42 42
1879_0056_0025_0031_0031.jpg 1 56 25 31 31
1880_0058_0012_0033_0033.jpg 1 58 12 33 33
1881_0028_0015_0044_0044.jpg 1 28 15 44 44
1882_0007_0032_0058_0058.jpg 1 7 32 58 58
1883_0066_0017_0026_0026.jpg 1 66 17 26 26
1884_0042_0007_0039_0039.jpg 1 42 7 39 39
1885_0039_0018_0033_0033.jpg 1 39 18 33 33
1886_0041_0037_0035_0035.jpg 1 41 37 35 35
1887_0043_0054_0033_0033.jpg 1 43 54 33 33
1888_0031_0009_0059_0059.jpg 1 31 9 59 59
1889_0019_0006_0053_0053.jpg 1 19 6 53 53
1890_0028_0025_0061_0061.jpg 1 28 25 61 61
1891_0026_0011_0060_0060.jpg 1 26 11 60 60
1892_0010_0012_0069_0069.jpg 1 10 12 69 69
1893_0019_0014_0066_0066.jpg 1 19 14 66 66
1894_0035_0025_0058_0058.jpg 1 35 25 58 58
1895_0029_0015_0061_0061.jpg 1 29 15 61 61
1896_0020_0007_0063_0063.jpg 1 20 7 63 63
1897_0012_0010_0058_0058.jpg 1 12 10 58 58
1898_0023_0043_0049_0049.jpg 1 23 43 49 49
1899_0053_0044_0030_0030.jpg 1 53 44 30 30
1900_0031_0011_0056_0056.jpg 1 31 11 56 56
